#
# A fatal error has been detected by the Java Runtime Environment:
#
#  SIGSEGV (0xb) at pc=0x000000012350e3bf, pid=96703, tid=0x000000000000dc07
#
# JRE version: Java(TM) SE Runtime Environment (8.0_131-b11) (build 1.8.0_131-b11)
# Java VM: Java HotSpot(TM) 64-Bit Server VM (25.131-b11 mixed mode bsd-amd64 compressed oops)
# Problematic frame:
# C  [libawt_lwawt.dylib+0x1c3bf]  OGLSD_SetScratchSurface+0x49
#
# Failed to write core dump. Core dumps have been disabled. To enable core dumping, try "ulimit -c unlimited" before starting Java again
#
# If you would like to submit a bug report, please visit:
#   http://bugreport.java.com/bugreport/crash.jsp
# The crash happened outside the Java Virtual Machine in native code.
# See problematic frame for where to report the bug.
#

---------------  T H R E A D  ---------------

Current thread (0x00007fedb9c80800):  JavaThread "Java2D Queue Flusher" daemon [_thread_in_native, id=56327, stack(0x000070000fe62000,0x0000700010062000)]

siginfo: si_signo: 11 (SIGSEGV), si_code: 1 (SEGV_MAPERR), si_addr: 0x0000000000000002

Registers:
RAX=0x00000000ffffffff, RBX=0x0000000000000002, RCX=0x0000000000000047, RDX=0x000000012352f258
RSP=0x0000700010061810, RBP=0x0000700010061830, RSI=0x00007fedc5e0dc30, RDI=0x00007fedb9c809f8
R8 =0x00000000e825e71a, R9 =0x0000000000000000, R10=0x000000011157b4b8, R11=0x0000000000000020
R12=0x0000000000000000, R13=0x00000007412f3940, R14=0x00007fedb9c809f8, R15=0x00007fedb9c80800
RIP=0x000000012350e3bf, EFLAGS=0x0000000000010202, ERR=0x0000000000000004
  TRAPNO=0x000000000000000e

Top of Stack: (sp=0x0000700010061810)
0x0000700010061810:   00007fedc5e0dc30 0000000000000000
0x0000700010061820:   00007fedba2a3010 00007fedb9c80800
0x0000700010061830:   00007000100618b0 000000012352ed36
0x0000700010061840:   0000000000000064 00007fedb94cb498
0x0000700010061850:   00007000100618b0 0000000107b50094
0x0000700010061860:   0000000000000005 00007fedb9c80800
0x0000700010061870:   00000007412f3901 00007fedba2a3020
0x0000700010061880:   0000700000061800 00007fedb9c809f8
0x0000700010061890:   0000000000000000 0000000000000000
0x00007000100618a0:   00000007b9d0e810 00007fedb9c80800
0x00007000100618b0:   0000700010061900 000000011157b52a
0x00007000100618c0:   00000007412f38b8 000000074140bc70
0x00007000100618d0:   00000001278c6028 0000000000000000
0x00007000100618e0:   0000000000000079 0000000000000000
0x00007000100618f0:   0000700010061910 00000007412f3940
0x0000700010061900:   00000000e825e717 0000000112dfc000
0x0000700010061910:   00000007412f38b8 0000000100000000
0x0000700010061920:   00000007412f3940 0000000000000000
0x0000700010061930:   00000007412f3940 00007000100619d0
0x0000700010061940:   0000000000000001 0000000000000000
0x0000700010061950:   00007000100619d0 0000000110d8c7a7
0x0000700010061960:   00000007412f3940 00000007412f3940
0x0000700010061970:   0000700000001fa0 000000000000000a
0x0000700010061980:   00007fedb9c80800 0000000000000001
0x0000700010061990:   0000000110d8c71f 000000010dd813e8
0x00007000100619a0:   0000700010061a68 0000700010061d00
0x00007000100619b0:   000000010000000a 000000010dd813e8
0x00007000100619c0:   0000000110d9f120 0000700010061c70
0x00007000100619d0:   0000700010061b80 0000000107aee5b6
0x00007000100619e0:   0000700000000001 00007fedb9c80800
0x00007000100619f0:   00007fedb9c80800 0000700010061d00
0x0000700010061a00:   00007fedb94cb490 0000000110d9f120 

Instructions: (pc=0x000000012350e3bf)
0x000000012350e39f:   c0 e9 82 00 00 00 48 8b 5e 10 48 85 db 75 0e bf
0x000000012350e3af:   01 00 00 00 48 8d 15 07 7c 03 00 eb d6 49 89 fe
0x000000012350e3bf:   4c 8b 3b 30 c0 e8 c1 a6 02 00 49 8b 3f 49 89 c4
0x000000012350e3cf:   48 8b 35 4a 03 06 00 30 c0 e8 0f a8 02 00 48 85 

Register to memory mapping:

RAX=0x00000000ffffffff is an unknown value
RBX=0x0000000000000002 is an unknown value
RCX=0x0000000000000047 is an unknown value
RDX=0x000000012352f258: Java_sun_java2d_opengl_OGLRenderQueue_flushBuffer+0xb5c in /Library/Java/JavaVirtualMachines/jdk1.8.0_131.jdk/Contents/Home/jre/lib/libawt_lwawt.dylib at 0x00000001234f2000
RSP=0x0000700010061810 is pointing into the stack for thread: 0x00007fedb9c80800
RBP=0x0000700010061830 is pointing into the stack for thread: 0x00007fedb9c80800
RSI=0x00007fedc5e0dc30 is an unknown value
RDI=0x00007fedb9c809f8 is an unknown value
R8 =0x00000000e825e71a is an unknown value
R9 =0x0000000000000000 is an unknown value
R10=0x000000011157b4b8 is at entry_point+56 in (nmethod*)0x000000011157b310
R11=0x0000000000000020 is an unknown value
R12=0x0000000000000000 is an unknown value
R13=0x00000007412f3940 is an oop
sun.java2d.opengl.OGLRenderQueue$QueueFlusher 
 - klass: 'sun/java2d/opengl/OGLRenderQueue$QueueFlusher'
R14=0x00007fedb9c809f8 is an unknown value
R15=0x00007fedb9c80800 is a thread


Stack: [0x000070000fe62000,0x0000700010062000],  sp=0x0000700010061810,  free space=2046k
Native frames: (J=compiled Java code, j=interpreted, Vv=VM code, C=native code)
C  [libawt_lwawt.dylib+0x1c3bf]  OGLSD_SetScratchSurface+0x49
C  [libawt_lwawt.dylib+0x3cd36]  Java_sun_java2d_opengl_OGLRenderQueue_flushBuffer+0x63a
J 7994  sun.java2d.opengl.OGLRenderQueue.flushBuffer(JI)V (0 bytes) @ 0x000000011157b52a [0x000000011157b480+0xaa]
J 33846% C2 sun.java2d.opengl.OGLRenderQueue$QueueFlusher.run()V (234 bytes) @ 0x0000000112dfc000 [0x0000000112dfbe80+0x180]
v  ~StubRoutines::call_stub
V  [libjvm.dylib+0x2ee5b6]  JavaCalls::call_helper(JavaValue*, methodHandle*, JavaCallArguments*, Thread*)+0x6ae
V  [libjvm.dylib+0x2eed5a]  JavaCalls::call_virtual(JavaValue*, KlassHandle, Symbol*, Symbol*, JavaCallArguments*, Thread*)+0x164
V  [libjvm.dylib+0x2eef06]  JavaCalls::call_virtual(JavaValue*, Handle, KlassHandle, Symbol*, Symbol*, Thread*)+0x4a
V  [libjvm.dylib+0x34965d]  thread_entry(JavaThread*, Thread*)+0x7c
V  [libjvm.dylib+0x56b87f]  JavaThread::thread_main_inner()+0x9b
V  [libjvm.dylib+0x56cf6c]  JavaThread::run()+0x1c2
V  [libjvm.dylib+0x48b376]  java_start(Thread*)+0xf6
C  [libsystem_pthread.dylib+0x393b]  _pthread_body+0xb4
C  [libsystem_pthread.dylib+0x3887]  _pthread_body+0x0
C  [libsystem_pthread.dylib+0x308d]  thread_start+0xd
C  0x0000000000000000

Java frames: (J=compiled Java code, j=interpreted, Vv=VM code)
J 7994  sun.java2d.opengl.OGLRenderQueue.flushBuffer(JI)V (0 bytes) @ 0x000000011157b4b8 [0x000000011157b480+0x38]
J 33846% C2 sun.java2d.opengl.OGLRenderQueue$QueueFlusher.run()V (234 bytes) @ 0x0000000112dfc000 [0x0000000112dfbe80+0x180]
v  ~StubRoutines::call_stub

---------------  P R O C E S S  ---------------

Java Threads: ( => current thread )
  0x00007fedbae71000 JavaThread "Inactive RequestProcessor thread [Was:org.netbeans.modules.parsing.spi.Scheduler/org.netbeans.modules.parsing.spi.Scheduler$1]" daemon [_thread_blocked, id=97479, stack(0x00007000108f4000,0x0000700010af4000)]
  0x00007fedc1732800 JavaThread "Inactive RequestProcessor thread [Was:ViewHierarchy-Region-Rebuilding/org.netbeans.modules.editor.lib2.view.ViewUpdates$RebuildViews]" daemon [_thread_blocked, id=91823, stack(0x000070000fa5c000,0x000070000fc5c000)]
  0x00007fedba205800 JavaThread "Inactive RequestProcessor thread [Was:Savable Registry/org.openide.util.lookup.AbstractLookup$NotifyListeners]" daemon [_thread_blocked, id=4243, stack(0x000070000f859000,0x000070000fa59000)]
  0x00007fedc1679000 JavaThread "Inactive RequestProcessor thread [Was:org.netbeans.modules.lsp.client.bindings.TextDocumentSyncServerCapabilityHandler/org.netbeans.modules.lsp.client.bindings.TextDocumentSyncServerCapabilityHandler$1$$Lambda$240/795714797]" daemon [_thread_blocked, id=104151, stack(0x0000700010cfa000,0x0000700010efa000)]
  0x00007fedb9ad9000 JavaThread "DestroyJavaVM" [_thread_blocked, id=7171, stack(0x000070000dd9d000,0x000070000df9d000)]
  0x00007fedc00bc000 JavaThread "TimerQueue" daemon [_thread_blocked, id=80899, stack(0x0000700012118000,0x0000700012318000)]
  0x00007fedb9dbd000 JavaThread "Worker-JM" [_thread_blocked, id=80131, stack(0x0000700011f15000,0x0000700012115000)]
  0x00007fedc186f800 JavaThread "Framework Event Dispatcher" daemon [_thread_blocked, id=79619, stack(0x0000700011d12000,0x0000700011f12000)]
  0x00007fedbfb00000 JavaThread "Deadlock Detector" [_thread_blocked, id=79107, stack(0x0000700011b0f000,0x0000700011d0f000)]
  0x00007fedc1de3000 JavaThread "Thread-3" daemon [_thread_blocked, id=78867, stack(0x000070001190c000,0x0000700011b0c000)]
  0x00007fedba7f7800 JavaThread "File Watcher" daemon [_thread_blocked, id=75311, stack(0x0000700011709000,0x0000700011909000)]
  0x00007fedba558800 JavaThread "Thread-1" daemon [_thread_in_native, id=73251, stack(0x0000700011506000,0x0000700011706000)]
  0x00007fedc03a0800 JavaThread "Editor Parsing Loop (netbeans-release-428-on-20190716)" daemon [_thread_blocked, id=70659, stack(0x0000700010af7000,0x0000700010cf7000)]
  0x00007fedbb747000 JavaThread "State Data Manager" daemon [_thread_blocked, id=69723, stack(0x00007000106f1000,0x00007000108f1000)]
  0x00007fedbb27f800 JavaThread "Framework Active Thread" [_thread_blocked, id=69367, stack(0x00007000104ee000,0x00007000106ee000)]
  0x00007fedba303000 JavaThread "AWT-EventQueue-0" [_thread_blocked, id=64003, stack(0x0000700010268000,0x0000700010468000)]
  0x00007fedb9c28000 JavaThread "Java2D Disposer" daemon [_thread_blocked, id=63499, stack(0x0000700010065000,0x0000700010265000)]
=>0x00007fedb9c80800 JavaThread "Java2D Queue Flusher" daemon [_thread_in_native, id=56327, stack(0x000070000fe62000,0x0000700010062000)]
  0x00007fedba26d800 JavaThread "RequestProcessor queue manager" daemon [_thread_blocked, id=55811, stack(0x000070000fc5f000,0x000070000fe5f000)]
  0x00007fedbb08b800 JavaThread "AWT-Shutdown" [_thread_blocked, id=30751, stack(0x000070000f550000,0x000070000f750000)]
  0x00007fedba863800 JavaThread "AppKit Thread" daemon [_thread_in_native, id=775, stack(0x00007fff5852d000,0x00007fff58d2d000)]
  0x00007fedba14a000 JavaThread "CLI Requests Server" daemon [_thread_in_native, id=20227, stack(0x000070000f2ca000,0x000070000f4ca000)]
  0x00007fedb99f1000 JavaThread "Active Reference Queue Daemon" daemon [_thread_blocked, id=19715, stack(0x000070000f0c7000,0x000070000f2c7000)]
  0x00007fedb986e000 JavaThread "Service Thread" daemon [_thread_blocked, id=18691, stack(0x000070000edc1000,0x000070000efc1000)]
  0x00007fedb985a800 JavaThread "C1 CompilerThread2" daemon [_thread_blocked, id=18179, stack(0x000070000ecbe000,0x000070000edbe000)]
  0x00007fedb9856000 JavaThread "C2 CompilerThread1" daemon [_thread_blocked, id=17667, stack(0x000070000ebbb000,0x000070000ecbb000)]
  0x00007fedb9859000 JavaThread "C2 CompilerThread0" daemon [_thread_blocked, id=17155, stack(0x000070000eab8000,0x000070000ebb8000)]
  0x00007fedb9855800 JavaThread "Signal Dispatcher" daemon [_thread_blocked, id=16643, stack(0x000070000e8b5000,0x000070000eab5000)]
  0x00007fedb982a000 JavaThread "Finalizer" daemon [_thread_blocked, id=12547, stack(0x000070000e6b2000,0x000070000e8b2000)]
  0x00007fedb980b800 JavaThread "Reference Handler" daemon [_thread_blocked, id=12035, stack(0x000070000e4af000,0x000070000e6af000)]

Other Threads:
  0x00007fedba047800 VMThread [stack: 0x000070000e3ac000,0x000070000e4ac000] [id=11523]
  0x00007fedb9886800 WatcherThread [stack: 0x000070000efc4000,0x000070000f0c4000] [id=19203]

VM state:not at safepoint (normal execution)

VM Mutex/Monitor currently owned by a thread: None

Heap:
 PSYoungGen      total 654336K, used 38880K [0x0000000795580000, 0x00000007c0000000, 0x00000007c0000000)
  eden space 609792K, 1% used [0x0000000795580000,0x0000000795e67b38,0x00000007ba900000)
  from space 44544K, 66% used [0x00000007bd480000,0x00000007bf1907d8,0x00000007c0000000)
  to   space 44544K, 0% used [0x00000007ba900000,0x00000007ba900000,0x00000007bd480000)
 ParOldGen       total 531456K, used 490553K [0x0000000740000000, 0x0000000760700000, 0x0000000795580000)
  object space 531456K, 92% used [0x0000000740000000,0x000000075df0e528,0x0000000760700000)
 Metaspace       used 157246K, capacity 179708K, committed 179952K, reserved 1204224K
  class space    used 18462K, capacity 24338K, committed 24368K, reserved 1048576K

Card table byte_map: [0x0000000108b63000,0x0000000108f64000] byte_map_base: 0x0000000105163000

Marking Bits: (ParMarkBitMap*) 0x00000001080f1ea0
 Begin Bits: [0x000000010920f000, 0x000000010b20f000)
 End Bits:   [0x000000010b20f000, 0x000000010d20f000)

Polling page: 0x0000000106f93000

CodeCache: size=245760Kb used=164472Kb max_used=166979Kb free=81287Kb
 bounds [0x0000000110d8c000, 0x000000011b2dc000, 0x000000011fd8c000]
 total_blobs=34822 nmethods=33813 adapters=914
 compilation: enabled

Compilation events (10 events):
Event: 61986.422 Thread 0x00007fedb9856000 61422       4       javax.swing.text.JTextComponent$AccessibleJTextComponent::insertUpdate (46 bytes)
Event: 61986.426 Thread 0x00007fedb9856000 nmethod 61422 0x0000000110fef690 code [0x0000000110fef800, 0x0000000110fef9d8]
Event: 61987.963 Thread 0x00007fedb985a800 61423       3       sun.lwawt.macosx.CPlatformComponent$$Lambda$16/1316002632::<init> (38 bytes)
Event: 61987.965 Thread 0x00007fedb985a800 nmethod 61423 0x0000000111171310 code [0x0000000111171480, 0x0000000111171670]
Event: 61987.985 Thread 0x00007fedb985a800 61424       3       sun.lwawt.macosx.CPlatformComponent$$Lambda$16/1316002632::run (29 bytes)
Event: 61987.986 Thread 0x00007fedb985a800 nmethod 61424 0x000000011122ae50 code [0x000000011122afc0, 0x000000011122b1e8]
Event: 61987.995 Thread 0x00007fedb985a800 61425       3       sun.lwawt.macosx.CPlatformComponent::lambda$setBounds$0 (23 bytes)
Event: 61987.995 Thread 0x00007fedb985a800 nmethod 61425 0x0000000111501090 code [0x0000000111501200, 0x00000001115013a8]
Event: 61990.021 Thread 0x00007fedb985a800 61426       3       javax.swing.PopupFactory::setPopupType (6 bytes)
Event: 61990.021 Thread 0x00007fedb985a800 nmethod 61426 0x0000000111aeb590 code [0x0000000111aeb6e0, 0x0000000111aeb830]

GC Heap History (10 events):
Event: 60623.925 GC heap before
{Heap before GC invocations=908 (full 6):
 PSYoungGen      total 650240K, used 641368K [0x0000000795580000, 0x00000007bfe80000, 0x00000007c0000000)
  eden space 603648K, 100% used [0x0000000795580000,0x00000007ba300000,0x00000007ba300000)
  from space 46592K, 80% used [0x00000007ba300000,0x00000007bc7d62f8,0x00000007bd080000)
  to   space 45568K, 0% used [0x00000007bd200000,0x00000007bd200000,0x00000007bfe80000)
 ParOldGen       total 531456K, used 484944K [0x0000000740000000, 0x0000000760700000, 0x0000000795580000)
  object space 531456K, 91% used [0x0000000740000000,0x000000075d994040,0x0000000760700000)
 Metaspace       used 157222K, capacity 179708K, committed 179952K, reserved 1204224K
  class space    used 18462K, capacity 24338K, committed 24368K, reserved 1048576K
Event: 60623.967 GC heap after
Heap after GC invocations=908 (full 6):
 PSYoungGen      total 651776K, used 34128K [0x0000000795580000, 0x00000007bff00000, 0x00000007c0000000)
  eden space 606208K, 0% used [0x0000000795580000,0x0000000795580000,0x00000007ba580000)
  from space 45568K, 74% used [0x00000007bd200000,0x00000007bf354128,0x00000007bfe80000)
  to   space 45568K, 0% used [0x00000007ba580000,0x00000007ba580000,0x00000007bd200000)
 ParOldGen       total 531456K, used 486568K [0x0000000740000000, 0x0000000760700000, 0x0000000795580000)
  object space 531456K, 91% used [0x0000000740000000,0x000000075db2a200,0x0000000760700000)
 Metaspace       used 157222K, capacity 179708K, committed 179952K, reserved 1204224K
  class space    used 18462K, capacity 24338K, committed 24368K, reserved 1048576K
}
Event: 60637.794 GC heap before
{Heap before GC invocations=909 (full 6):
 PSYoungGen      total 651776K, used 640336K [0x0000000795580000, 0x00000007bff00000, 0x00000007c0000000)
  eden space 606208K, 100% used [0x0000000795580000,0x00000007ba580000,0x00000007ba580000)
  from space 45568K, 74% used [0x00000007bd200000,0x00000007bf354128,0x00000007bfe80000)
  to   space 45568K, 0% used [0x00000007ba580000,0x00000007ba580000,0x00000007bd200000)
 ParOldGen       total 531456K, used 486568K [0x0000000740000000, 0x0000000760700000, 0x0000000795580000)
  object space 531456K, 91% used [0x0000000740000000,0x000000075db2a200,0x0000000760700000)
 Metaspace       used 157231K, capacity 179708K, committed 179952K, reserved 1204224K
  class space    used 18462K, capacity 24338K, committed 24368K, reserved 1048576K
Event: 60637.838 GC heap after
Heap after GC invocations=909 (full 6):
 PSYoungGen      total 651776K, used 36383K [0x0000000795580000, 0x00000007bfe00000, 0x00000007c0000000)
  eden space 606208K, 0% used [0x0000000795580000,0x0000000795580000,0x00000007ba580000)
  from space 45568K, 79% used [0x00000007ba580000,0x00000007bc907ed0,0x00000007bd200000)
  to   space 44544K, 0% used [0x00000007bd280000,0x00000007bd280000,0x00000007bfe00000)
 ParOldGen       total 531456K, used 487988K [0x0000000740000000, 0x0000000760700000, 0x0000000795580000)
  object space 531456K, 91% used [0x0000000740000000,0x000000075dc8d0b0,0x0000000760700000)
 Metaspace       used 157231K, capacity 179708K, committed 179952K, reserved 1204224K
  class space    used 18462K, capacity 24338K, committed 24368K, reserved 1048576K
}
Event: 61118.805 GC heap before
{Heap before GC invocations=910 (full 6):
 PSYoungGen      total 651776K, used 642591K [0x0000000795580000, 0x00000007bfe00000, 0x00000007c0000000)
  eden space 606208K, 100% used [0x0000000795580000,0x00000007ba580000,0x00000007ba580000)
  from space 45568K, 79% used [0x00000007ba580000,0x00000007bc907ed0,0x00000007bd200000)
  to   space 44544K, 0% used [0x00000007bd280000,0x00000007bd280000,0x00000007bfe00000)
 ParOldGen       total 531456K, used 487988K [0x0000000740000000, 0x0000000760700000, 0x0000000795580000)
  object space 531456K, 91% used [0x0000000740000000,0x000000075dc8d0b0,0x0000000760700000)
 Metaspace       used 157234K, capacity 179708K, committed 179952K, reserved 1204224K
  class space    used 18462K, capacity 24338K, committed 24368K, reserved 1048576K
Event: 61118.863 GC heap after
Heap after GC invocations=910 (full 6):
 PSYoungGen      total 652288K, used 32701K [0x0000000795580000, 0x00000007bff00000, 0x00000007c0000000)
  eden space 607744K, 0% used [0x0000000795580000,0x0000000795580000,0x00000007ba700000)
  from space 44544K, 73% used [0x00000007bd280000,0x00000007bf26f460,0x00000007bfe00000)
  to   space 44544K, 0% used [0x00000007ba700000,0x00000007ba700000,0x00000007bd280000)
 ParOldGen       total 531456K, used 489018K [0x0000000740000000, 0x0000000760700000, 0x0000000795580000)
  object space 531456K, 92% used [0x0000000740000000,0x000000075dd8eb58,0x0000000760700000)
 Metaspace       used 157234K, capacity 179708K, committed 179952K, reserved 1204224K
  class space    used 18462K, capacity 24338K, committed 24368K, reserved 1048576K
}
Event: 61432.235 GC heap before
{Heap before GC invocations=911 (full 6):
 PSYoungGen      total 652288K, used 640445K [0x0000000795580000, 0x00000007bff00000, 0x00000007c0000000)
  eden space 607744K, 100% used [0x0000000795580000,0x00000007ba700000,0x00000007ba700000)
  from space 44544K, 73% used [0x00000007bd280000,0x00000007bf26f460,0x00000007bfe00000)
  to   space 44544K, 0% used [0x00000007ba700000,0x00000007ba700000,0x00000007bd280000)
 ParOldGen       total 531456K, used 489018K [0x0000000740000000, 0x0000000760700000, 0x0000000795580000)
  object space 531456K, 92% used [0x0000000740000000,0x000000075dd8eb58,0x0000000760700000)
 Metaspace       used 157238K, capacity 179708K, committed 179952K, reserved 1204224K
  class space    used 18462K, capacity 24338K, committed 24368K, reserved 1048576K
Event: 61432.298 GC heap after
Heap after GC invocations=911 (full 6):
 PSYoungGen      total 652288K, used 34353K [0x0000000795580000, 0x00000007c0000000, 0x00000007c0000000)
  eden space 607744K, 0% used [0x0000000795580000,0x0000000795580000,0x00000007ba700000)
  from space 44544K, 77% used [0x00000007ba700000,0x00000007bc88c538,0x00000007bd280000)
  to   space 44544K, 0% used [0x00000007bd480000,0x00000007bd480000,0x00000007c0000000)
 ParOldGen       total 531456K, used 489961K [0x0000000740000000, 0x0000000760700000, 0x0000000795580000)
  object space 531456K, 92% used [0x0000000740000000,0x000000075de7a528,0x0000000760700000)
 Metaspace       used 157238K, capacity 179708K, committed 179952K, reserved 1204224K
  class space    used 18462K, capacity 24338K, committed 24368K, reserved 1048576K
}
Event: 62012.027 GC heap before
{Heap before GC invocations=912 (full 6):
 PSYoungGen      total 652288K, used 642097K [0x0000000795580000, 0x00000007c0000000, 0x00000007c0000000)
  eden space 607744K, 100% used [0x0000000795580000,0x00000007ba700000,0x00000007ba700000)
  from space 44544K, 77% used [0x00000007ba700000,0x00000007bc88c538,0x00000007bd280000)
  to   space 44544K, 0% used [0x00000007bd480000,0x00000007bd480000,0x00000007c0000000)
 ParOldGen       total 531456K, used 489961K [0x0000000740000000, 0x0000000760700000, 0x0000000795580000)
  object space 531456K, 92% used [0x0000000740000000,0x000000075de7a528,0x0000000760700000)
 Metaspace       used 157246K, capacity 179708K, committed 179952K, reserved 1204224K
  class space    used 18462K, capacity 24338K, committed 24368K, reserved 1048576K
Event: 62012.274 GC heap after
Heap after GC invocations=912 (full 6):
 PSYoungGen      total 654336K, used 29761K [0x0000000795580000, 0x00000007c0000000, 0x00000007c0000000)
  eden space 609792K, 0% used [0x0000000795580000,0x0000000795580000,0x00000007ba900000)
  from space 44544K, 66% used [0x00000007bd480000,0x00000007bf1907d8,0x00000007c0000000)
  to   space 44544K, 0% used [0x00000007ba900000,0x00000007ba900000,0x00000007bd480000)
 ParOldGen       total 531456K, used 490553K [0x0000000740000000, 0x0000000760700000, 0x0000000795580000)
  object space 531456K, 92% used [0x0000000740000000,0x000000075df0e528,0x0000000760700000)
 Metaspace       used 157246K, capacity 179708K, committed 179952K, reserved 1204224K
  class space    used 18462K, capacity 24338K, committed 24368K, reserved 1048576K
}

Deoptimization events (10 events):
Event: 60589.814 Thread 0x00007fedc5619800 Uncommon trap: reason=bimorphic action=maybe_recompile pc=0x0000000113709320 method=org.netbeans.modules.openide.loaders.DataNodeUtils.reqProcessor(Lorg/openide/filesystems/FileObject;)Lorg/openide/util/RequestProcessor; @ 9
Event: 60590.270 Thread 0x00007fedba303000 Uncommon trap: reason=bimorphic action=maybe_recompile pc=0x000000011ae5a74c method=org.netbeans.modules.editor.errorstripe.AnnotationViewDataImpl.propertyChange(Ljava/beans/PropertyChangeEvent;)V @ 126
Event: 60590.646 Thread 0x00007fedba8bd800 Uncommon trap: reason=bimorphic action=maybe_recompile pc=0x00000001147469e0 method=java.lang.ThreadLocal.setInitialValue()Ljava/lang/Object; @ 31
Event: 60590.649 Thread 0x00007fedba8bd800 Uncommon trap: reason=unstable_if action=reinterpret pc=0x0000000114409238 method=org.netbeans.libs.git.GitStatus.isRenamed()Z @ 4
Event: 60621.963 Thread 0x00007fedc1679000 Uncommon trap: reason=bimorphic action=maybe_recompile pc=0x00000001147469e0 method=java.lang.ThreadLocal.setInitialValue()Ljava/lang/Object; @ 31
Event: 61455.429 Thread 0x00007fedba303000 Uncommon trap: reason=unstable_if action=reinterpret pc=0x0000000113ba343c method=java.util.concurrent.locks.AbstractQueuedSynchronizer.findNodeFromTail(Ljava/util/concurrent/locks/AbstractQueuedSynchronizer$Node;)Z @ 7
Event: 61464.475 Thread 0x00007fedba303000 Uncommon trap: reason=unstable_if action=reinterpret pc=0x000000011afb6af0 method=org.netbeans.swing.tabcontrol.plaf.BasicScrollingTabDisplayerUI$ScrollingTabState.getState(I)I @ 196
Event: 61464.475 Thread 0x00007fedba303000 Uncommon trap: reason=unstable_if action=reinterpret pc=0x000000011af94d80 method=org.netbeans.swing.tabcontrol.plaf.AbstractTabCellRenderer.isClipRight()Z @ 6
Event: 61464.476 Thread 0x00007fedba303000 Uncommon trap: reason=unstable_if action=reinterpret pc=0x00000001181ebb04 method=org.netbeans.swing.tabcontrol.plaf.AbstractTabCellRenderer.isClipRight()Z @ 6
Event: 61464.476 Thread 0x00007fedba303000 Uncommon trap: reason=unstable_if action=reinterpret pc=0x000000011619ab78 method=org.netbeans.swing.tabcontrol.plaf.AquaEditorTabDisplayerUI.paintAfterTabs(Ljava/awt/Graphics;)V @ 44

Internal exceptions (10 events):
Event: 61647.419 Thread 0x00007fedc1699800 Exception <a 'java/io/FileNotFoundException'> (0x00000007a6005028) thrown at [/Users/java_re/workspace/8-2-build-macosx-x86_64/jdk8u131/8869/hotspot/src/share/vm/prims/jni.cpp, line 709]
Event: 61647.419 Thread 0x00007fedc1699800 Exception <a 'java/io/FileNotFoundException'> (0x00000007a6005c88) thrown at [/Users/java_re/workspace/8-2-build-macosx-x86_64/jdk8u131/8869/hotspot/src/share/vm/prims/jni.cpp, line 709]
Event: 61958.618 Thread 0x00007fedc1679000 Exception <a 'sun/nio/fs/UnixException'> (0x00000007b6215890) thrown at [/Users/java_re/workspace/8-2-build-macosx-x86_64/jdk8u131/8869/hotspot/src/share/vm/prims/jni.cpp, line 709]
Event: 61958.619 Thread 0x00007fedc1679000 Exception <a 'sun/nio/fs/UnixException'> (0x00000007b6216550) thrown at [/Users/java_re/workspace/8-2-build-macosx-x86_64/jdk8u131/8869/hotspot/src/share/vm/prims/jni.cpp, line 709]
Event: 61958.622 Thread 0x00007fedc1679000 Exception <a 'java/io/FileNotFoundException'> (0x00000007b621abe0) thrown at [/Users/java_re/workspace/8-2-build-macosx-x86_64/jdk8u131/8869/hotspot/src/share/vm/prims/jni.cpp, line 709]
Event: 61958.701 Thread 0x00007fedc1679000 Exception <a 'sun/nio/fs/UnixException'> (0x00000007b6290d90) thrown at [/Users/java_re/workspace/8-2-build-macosx-x86_64/jdk8u131/8869/hotspot/src/share/vm/prims/jni.cpp, line 709]
Event: 61958.701 Thread 0x00007fedc1679000 Exception <a 'sun/nio/fs/UnixException'> (0x00000007b6291a30) thrown at [/Users/java_re/workspace/8-2-build-macosx-x86_64/jdk8u131/8869/hotspot/src/share/vm/prims/jni.cpp, line 709]
Event: 62010.686 Thread 0x00007fedc1679000 Exception <a 'sun/nio/fs/UnixException'> (0x00000007ba060660) thrown at [/Users/java_re/workspace/8-2-build-macosx-x86_64/jdk8u131/8869/hotspot/src/share/vm/prims/jni.cpp, line 709]
Event: 62010.686 Thread 0x00007fedc1679000 Exception <a 'sun/nio/fs/UnixException'> (0x00000007ba061300) thrown at [/Users/java_re/workspace/8-2-build-macosx-x86_64/jdk8u131/8869/hotspot/src/share/vm/prims/jni.cpp, line 709]
Event: 62010.688 Thread 0x00007fedc1679000 Exception <a 'java/io/FileNotFoundException'> (0x00000007ba065900) thrown at [/Users/java_re/workspace/8-2-build-macosx-x86_64/jdk8u131/8869/hotspot/src/share/vm/prims/jni.cpp, line 709]

Events (10 events):
Event: 62010.711 Executing VM operation: RevokeBias done
Event: 62011.878 Executing VM operation: FindDeadlocks
Event: 62011.878 Executing VM operation: FindDeadlocks done
Event: 62012.017 loading class org/netbeans/modules/spellchecker/ComponentPeer
Event: 62012.017 loading class org/netbeans/modules/spellchecker/ComponentPeer done
Event: 62012.027 Executing VM operation: ParallelGCFailedAllocation
Event: 62012.274 Executing VM operation: ParallelGCFailedAllocation done
Event: 62012.276 Thread 0x00007fedbae71000 Thread added: 0x00007fedbae71000
Event: 62012.280 Executing VM operation: RevokeBias
Event: 62012.281 Executing VM operation: RevokeBias done


Dynamic libraries:
0x0000000031564000 	/System/Library/Frameworks/Cocoa.framework/Versions/A/Cocoa
0x0000000031564000 	/System/Library/Frameworks/Security.framework/Versions/A/Security
0x0000000031564000 	/System/Library/Frameworks/ApplicationServices.framework/Versions/A/ApplicationServices
0x0000000031564000 	/usr/lib/libz.1.dylib
0x0000000031564000 	/usr/lib/libSystem.B.dylib
0x0000000031564000 	/usr/lib/libobjc.A.dylib
0x0000000031564000 	/System/Library/Frameworks/CoreFoundation.framework/Versions/A/CoreFoundation
0x0000000031564000 	/System/Library/Frameworks/Foundation.framework/Versions/C/Foundation
0x0000000031564000 	/System/Library/Frameworks/AppKit.framework/Versions/C/AppKit
0x0000000031564000 	/System/Library/Frameworks/CoreData.framework/Versions/A/CoreData
0x0000000031564000 	/System/Library/PrivateFrameworks/RemoteViewServices.framework/Versions/A/RemoteViewServices
0x0000000031564000 	/System/Library/PrivateFrameworks/UIFoundation.framework/Versions/A/UIFoundation
0x0000000031564000 	/System/Library/PrivateFrameworks/DFRFoundation.framework/Versions/A/DFRFoundation
0x0000000031564000 	/usr/lib/libenergytrace.dylib
0x0000000031564000 	/System/Library/PrivateFrameworks/SkyLight.framework/Versions/A/SkyLight
0x0000000031564000 	/System/Library/Frameworks/CoreGraphics.framework/Versions/A/CoreGraphics
0x0000000031564000 	/usr/lib/libScreenReader.dylib
0x0000000031564000 	/System/Library/Frameworks/Accelerate.framework/Versions/A/Accelerate
0x0000000031564000 	/System/Library/Frameworks/IOSurface.framework/Versions/A/IOSurface
0x0000000031564000 	/System/Library/Frameworks/AudioToolbox.framework/Versions/A/AudioToolbox
0x0000000031564000 	/System/Library/Frameworks/AudioUnit.framework/Versions/A/AudioUnit
0x0000000031564000 	/System/Library/PrivateFrameworks/DataDetectorsCore.framework/Versions/A/DataDetectorsCore
0x0000000031564000 	/System/Library/PrivateFrameworks/DesktopServicesPriv.framework/Versions/A/DesktopServicesPriv
0x0000000031564000 	/System/Library/Frameworks/Carbon.framework/Versions/A/Frameworks/HIToolbox.framework/Versions/A/HIToolbox
0x0000000031564000 	/usr/lib/libicucore.A.dylib
0x0000000031564000 	/System/Library/Frameworks/QuartzCore.framework/Versions/A/QuartzCore
0x0000000031564000 	/System/Library/Frameworks/Carbon.framework/Versions/A/Frameworks/SpeechRecognition.framework/Versions/A/SpeechRecognition
0x0000000031564000 	/usr/lib/libauto.dylib
0x0000000031564000 	/usr/lib/libxml2.2.dylib
0x0000000031564000 	/System/Library/PrivateFrameworks/CoreUI.framework/Versions/A/CoreUI
0x0000000031564000 	/System/Library/Frameworks/CoreAudio.framework/Versions/A/CoreAudio
0x0000000031564000 	/System/Library/Frameworks/DiskArbitration.framework/Versions/A/DiskArbitration
0x0000000031564000 	/usr/lib/liblangid.dylib
0x0000000031564000 	/System/Library/PrivateFrameworks/MultitouchSupport.framework/Versions/A/MultitouchSupport
0x0000000031564000 	/System/Library/Frameworks/IOKit.framework/Versions/A/IOKit
0x0000000031564000 	/usr/lib/libDiagnosticMessagesClient.dylib
0x0000000031564000 	/System/Library/Frameworks/CoreServices.framework/Versions/A/CoreServices
0x0000000031564000 	/System/Library/PrivateFrameworks/PerformanceAnalysis.framework/Versions/A/PerformanceAnalysis
0x0000000031564000 	/System/Library/PrivateFrameworks/GenerationalStorage.framework/Versions/A/GenerationalStorage
0x0000000031564000 	/System/Library/Frameworks/OpenGL.framework/Versions/A/OpenGL
0x0000000031564000 	/System/Library/Frameworks/CoreImage.framework/Versions/A/CoreImage
0x0000000031564000 	/System/Library/Frameworks/CoreText.framework/Versions/A/CoreText
0x0000000031564000 	/System/Library/Frameworks/ImageIO.framework/Versions/A/ImageIO
0x0000000031564000 	/System/Library/PrivateFrameworks/Backup.framework/Versions/A/Backup
0x0000000031564000 	/usr/lib/libarchive.2.dylib
0x0000000031564000 	/System/Library/Frameworks/CFNetwork.framework/Versions/A/CFNetwork
0x0000000031564000 	/System/Library/Frameworks/SystemConfiguration.framework/Versions/A/SystemConfiguration
0x0000000031564000 	/usr/lib/libCRFSuite.dylib
0x0000000031564000 	/usr/lib/libc++.1.dylib
0x0000000031564000 	/usr/lib/libc++abi.dylib
0x0000000031564000 	/usr/lib/system/libcache.dylib
0x0000000031564000 	/usr/lib/system/libcommonCrypto.dylib
0x0000000031564000 	/usr/lib/system/libcompiler_rt.dylib
0x0000000031564000 	/usr/lib/system/libcopyfile.dylib
0x0000000031564000 	/usr/lib/system/libcorecrypto.dylib
0x0000000031564000 	/usr/lib/system/libdispatch.dylib
0x0000000031564000 	/usr/lib/system/libdyld.dylib
0x0000000031564000 	/usr/lib/system/libkeymgr.dylib
0x0000000031564000 	/usr/lib/system/liblaunch.dylib
0x0000000031564000 	/usr/lib/system/libmacho.dylib
0x0000000031564000 	/usr/lib/system/libquarantine.dylib
0x0000000031564000 	/usr/lib/system/libremovefile.dylib
0x0000000031564000 	/usr/lib/system/libsystem_asl.dylib
0x0000000031564000 	/usr/lib/system/libsystem_blocks.dylib
0x0000000031564000 	/usr/lib/system/libsystem_c.dylib
0x0000000031564000 	/usr/lib/system/libsystem_configuration.dylib
0x0000000031564000 	/usr/lib/system/libsystem_coreservices.dylib
0x0000000031564000 	/usr/lib/system/libsystem_coretls.dylib
0x0000000031564000 	/usr/lib/system/libsystem_dnssd.dylib
0x0000000031564000 	/usr/lib/system/libsystem_info.dylib
0x0000000031564000 	/usr/lib/system/libsystem_kernel.dylib
0x0000000031564000 	/usr/lib/system/libsystem_m.dylib
0x0000000031564000 	/usr/lib/system/libsystem_malloc.dylib
0x0000000031564000 	/usr/lib/system/libsystem_network.dylib
0x0000000031564000 	/usr/lib/system/libsystem_networkextension.dylib
0x0000000031564000 	/usr/lib/system/libsystem_notify.dylib
0x0000000031564000 	/usr/lib/system/libsystem_platform.dylib
0x0000000031564000 	/usr/lib/system/libsystem_pthread.dylib
0x0000000031564000 	/usr/lib/system/libsystem_sandbox.dylib
0x0000000031564000 	/usr/lib/system/libsystem_secinit.dylib
0x0000000031564000 	/usr/lib/system/libsystem_symptoms.dylib
0x0000000031564000 	/usr/lib/system/libsystem_trace.dylib
0x0000000031564000 	/usr/lib/system/libunwind.dylib
0x0000000031564000 	/usr/lib/system/libxpc.dylib
0x0000000031564000 	/usr/lib/libbsm.0.dylib
0x0000000031564000 	/usr/lib/system/libkxld.dylib
0x0000000031564000 	/usr/lib/libcoretls.dylib
0x0000000031564000 	/usr/lib/libcoretls_cfhelpers.dylib
0x0000000031564000 	/usr/lib/libOpenScriptingUtil.dylib
0x0000000031564000 	/usr/lib/libpam.2.dylib
0x0000000031564000 	/usr/lib/libsqlite3.dylib
0x0000000031564000 	/usr/lib/libxar.1.dylib
0x0000000031564000 	/usr/lib/libbz2.1.0.dylib
0x0000000031564000 	/usr/lib/liblzma.5.dylib
0x0000000031564000 	/usr/lib/libnetwork.dylib
0x0000000031564000 	/usr/lib/libpcap.A.dylib
0x0000000031564000 	/System/Library/Frameworks/CoreServices.framework/Versions/A/Frameworks/FSEvents.framework/Versions/A/FSEvents
0x0000000031564000 	/System/Library/Frameworks/CoreServices.framework/Versions/A/Frameworks/CarbonCore.framework/Versions/A/CarbonCore
0x0000000031564000 	/System/Library/Frameworks/CoreServices.framework/Versions/A/Frameworks/Metadata.framework/Versions/A/Metadata
0x0000000031564000 	/System/Library/Frameworks/CoreServices.framework/Versions/A/Frameworks/OSServices.framework/Versions/A/OSServices
0x0000000031564000 	/System/Library/Frameworks/CoreServices.framework/Versions/A/Frameworks/SearchKit.framework/Versions/A/SearchKit
0x0000000031564000 	/System/Library/Frameworks/CoreServices.framework/Versions/A/Frameworks/AE.framework/Versions/A/AE
0x0000000031564000 	/System/Library/Frameworks/CoreServices.framework/Versions/A/Frameworks/LaunchServices.framework/Versions/A/LaunchServices
0x0000000031564000 	/System/Library/Frameworks/CoreServices.framework/Versions/A/Frameworks/DictionaryServices.framework/Versions/A/DictionaryServices
0x0000000031564000 	/System/Library/Frameworks/CoreServices.framework/Versions/A/Frameworks/SharedFileList.framework/Versions/A/SharedFileList
0x0000000031564000 	/System/Library/Frameworks/NetFS.framework/Versions/A/NetFS
0x0000000031564000 	/System/Library/PrivateFrameworks/NetAuth.framework/Versions/A/NetAuth
0x0000000031564000 	/System/Library/PrivateFrameworks/login.framework/Versions/A/Frameworks/loginsupport.framework/Versions/A/loginsupport
0x0000000031564000 	/System/Library/PrivateFrameworks/TCC.framework/Versions/A/TCC
0x0000000031564000 	/usr/lib/libmecabra.dylib
0x0000000031564000 	/System/Library/Frameworks/ApplicationServices.framework/Versions/A/Frameworks/ATS.framework/Versions/A/ATS
0x0000000031564000 	/System/Library/Frameworks/ApplicationServices.framework/Versions/A/Frameworks/ColorSync.framework/Versions/A/ColorSync
0x0000000031564000 	/System/Library/Frameworks/ApplicationServices.framework/Versions/A/Frameworks/HIServices.framework/Versions/A/HIServices
0x0000000031564000 	/System/Library/Frameworks/ApplicationServices.framework/Versions/A/Frameworks/LangAnalysis.framework/Versions/A/LangAnalysis
0x0000000031564000 	/System/Library/Frameworks/ApplicationServices.framework/Versions/A/Frameworks/PrintCore.framework/Versions/A/PrintCore
0x0000000031564000 	/System/Library/Frameworks/ApplicationServices.framework/Versions/A/Frameworks/QD.framework/Versions/A/QD
0x0000000031564000 	/System/Library/Frameworks/ApplicationServices.framework/Versions/A/Frameworks/SpeechSynthesis.framework/Versions/A/SpeechSynthesis
0x0000000031564000 	/System/Library/Frameworks/Accelerate.framework/Versions/A/Frameworks/vImage.framework/Versions/A/vImage
0x0000000031564000 	/System/Library/Frameworks/Accelerate.framework/Versions/A/Frameworks/vecLib.framework/Versions/A/vecLib
0x0000000031564000 	/System/Library/Frameworks/Accelerate.framework/Versions/A/Frameworks/vecLib.framework/Versions/A/libvDSP.dylib
0x0000000031564000 	/System/Library/Frameworks/Accelerate.framework/Versions/A/Frameworks/vecLib.framework/Versions/A/libBNNS.dylib
0x0000000031564000 	/System/Library/Frameworks/Accelerate.framework/Versions/A/Frameworks/vecLib.framework/Versions/A/libQuadrature.dylib
0x0000000031564000 	/System/Library/Frameworks/Accelerate.framework/Versions/A/Frameworks/vecLib.framework/Versions/A/libvMisc.dylib
0x0000000031564000 	/System/Library/Frameworks/Accelerate.framework/Versions/A/Frameworks/vecLib.framework/Versions/A/libLAPACK.dylib
0x0000000031564000 	/System/Library/Frameworks/Accelerate.framework/Versions/A/Frameworks/vecLib.framework/Versions/A/libBLAS.dylib
0x0000000031564000 	/System/Library/Frameworks/Accelerate.framework/Versions/A/Frameworks/vecLib.framework/Versions/A/libLinearAlgebra.dylib
0x0000000031564000 	/System/Library/Frameworks/Accelerate.framework/Versions/A/Frameworks/vecLib.framework/Versions/A/libSparseBLAS.dylib
0x0000000031564000 	/System/Library/Frameworks/ApplicationServices.framework/Versions/A/Frameworks/ATS.framework/Versions/A/Resources/libFontParser.dylib
0x0000000031564000 	/System/Library/Frameworks/ApplicationServices.framework/Versions/A/Frameworks/ATS.framework/Versions/A/Resources/libFontRegistry.dylib
0x0000000031564000 	/System/Library/Frameworks/ImageIO.framework/Versions/A/Resources/libJPEG.dylib
0x0000000031564000 	/System/Library/Frameworks/ImageIO.framework/Versions/A/Resources/libTIFF.dylib
0x0000000031564000 	/System/Library/Frameworks/ImageIO.framework/Versions/A/Resources/libPng.dylib
0x0000000031564000 	/System/Library/Frameworks/ImageIO.framework/Versions/A/Resources/libGIF.dylib
0x0000000031564000 	/System/Library/Frameworks/ImageIO.framework/Versions/A/Resources/libJP2.dylib
0x0000000031564000 	/System/Library/Frameworks/ImageIO.framework/Versions/A/Resources/libRadiance.dylib
0x0000000031564000 	/usr/lib/libcompression.dylib
0x0000000031564000 	/System/Library/PrivateFrameworks/AppleJPEG.framework/Versions/A/AppleJPEG
0x0000000031564000 	/usr/lib/libcups.2.dylib
0x0000000031564000 	/System/Library/Frameworks/Kerberos.framework/Versions/A/Kerberos
0x0000000031564000 	/System/Library/Frameworks/GSS.framework/Versions/A/GSS
0x0000000031564000 	/usr/lib/libresolv.9.dylib
0x0000000031564000 	/usr/lib/libiconv.2.dylib
0x0000000031564000 	/System/Library/PrivateFrameworks/Heimdal.framework/Versions/A/Heimdal
0x0000000031564000 	/usr/lib/libheimdal-asn1.dylib
0x0000000031564000 	/System/Library/Frameworks/OpenDirectory.framework/Versions/A/OpenDirectory
0x0000000031564000 	/System/Library/PrivateFrameworks/CommonAuth.framework/Versions/A/CommonAuth
0x0000000031564000 	/System/Library/Frameworks/OpenDirectory.framework/Versions/A/Frameworks/CFOpenDirectory.framework/Versions/A/CFOpenDirectory
0x0000000031564000 	/System/Library/Frameworks/SecurityFoundation.framework/Versions/A/SecurityFoundation
0x0000000031564000 	/System/Library/PrivateFrameworks/LanguageModeling.framework/Versions/A/LanguageModeling
0x0000000031564000 	/usr/lib/libmarisa.dylib
0x0000000031564000 	/usr/lib/libChineseTokenizer.dylib
0x0000000031564000 	/usr/lib/libcmph.dylib
0x0000000031564000 	/System/Library/PrivateFrameworks/CoreEmoji.framework/Versions/A/CoreEmoji
0x0000000031564000 	/System/Library/Frameworks/ServiceManagement.framework/Versions/A/ServiceManagement
0x0000000031564000 	/usr/lib/libxslt.1.dylib
0x0000000031564000 	/System/Library/Frameworks/Carbon.framework/Versions/A/Frameworks/Ink.framework/Versions/A/Ink
0x0000000031564000 	/System/Library/PrivateFrameworks/TextureIO.framework/Versions/A/TextureIO
0x0000000031564000 	/System/Library/Frameworks/Metal.framework/Versions/A/Metal
0x0000000031564000 	/usr/lib/libate.dylib
0x0000000031564000 	/System/Library/PrivateFrameworks/GPUCompiler.framework/libmetal_timestamp.dylib
0x0000000031564000 	/System/Library/Frameworks/OpenGL.framework/Versions/A/Libraries/libCoreFSCache.dylib
0x0000000031564000 	/System/Library/PrivateFrameworks/IOAccelerator.framework/Versions/A/IOAccelerator
0x0000000031564000 	/System/Library/Frameworks/CoreVideo.framework/Versions/A/CoreVideo
0x0000000031564000 	/usr/lib/libFosl_dynamic.dylib
0x0000000031564000 	/System/Library/PrivateFrameworks/MetalPerformanceShaders.framework/Versions/A/MetalPerformanceShaders
0x0000000031564000 	/System/Library/PrivateFrameworks/FaceCore.framework/Versions/A/FaceCore
0x0000000031564000 	/System/Library/Frameworks/OpenCL.framework/Versions/A/OpenCL
0x0000000031564000 	/System/Library/Frameworks/OpenGL.framework/Versions/A/Libraries/libGLU.dylib
0x0000000031564000 	/System/Library/Frameworks/OpenGL.framework/Versions/A/Libraries/libGFXShared.dylib
0x0000000031564000 	/System/Library/Frameworks/OpenGL.framework/Versions/A/Libraries/libGL.dylib
0x0000000031564000 	/System/Library/Frameworks/OpenGL.framework/Versions/A/Libraries/libGLImage.dylib
0x0000000031564000 	/System/Library/Frameworks/OpenGL.framework/Versions/A/Libraries/libCVMSPluginSupport.dylib
0x0000000031564000 	/System/Library/Frameworks/OpenGL.framework/Versions/A/Libraries/libCoreVMClient.dylib
0x0000000031564000 	/System/Library/PrivateFrameworks/CrashReporterSupport.framework/Versions/A/CrashReporterSupport
0x0000000031564000 	/System/Library/PrivateFrameworks/Sharing.framework/Versions/A/Sharing
0x0000000031564000 	/System/Library/PrivateFrameworks/IconServices.framework/Versions/A/IconServices
0x0000000031564000 	/System/Library/PrivateFrameworks/ProtocolBuffer.framework/Versions/A/ProtocolBuffer
0x0000000031564000 	/System/Library/PrivateFrameworks/Apple80211.framework/Versions/A/Apple80211
0x0000000031564000 	/System/Library/Frameworks/CoreWLAN.framework/Versions/A/CoreWLAN
0x0000000031564000 	/System/Library/PrivateFrameworks/CoreUtils.framework/Versions/A/CoreUtils
0x0000000031564000 	/System/Library/Frameworks/IOBluetooth.framework/Versions/A/IOBluetooth
0x0000000031564000 	/System/Library/PrivateFrameworks/CoreWiFi.framework/Versions/A/CoreWiFi
0x0000000031564000 	/System/Library/Frameworks/CoreBluetooth.framework/Versions/A/CoreBluetooth
0x0000000031564000 	/System/Library/Frameworks/CoreDisplay.framework/Versions/A/CoreDisplay
0x0000000031564000 	/System/Library/PrivateFrameworks/IOPresentment.framework/Versions/A/IOPresentment
0x0000000031564000 	/System/Library/PrivateFrameworks/DSExternalDisplay.framework/Versions/A/DSExternalDisplay
0x0000000031564000 	/System/Library/PrivateFrameworks/DebugSymbols.framework/Versions/A/DebugSymbols
0x0000000031564000 	/System/Library/PrivateFrameworks/CoreSymbolication.framework/Versions/A/CoreSymbolication
0x0000000031564000 	/System/Library/PrivateFrameworks/Symbolication.framework/Versions/A/Symbolication
0x0000000031564000 	/System/Library/PrivateFrameworks/AppleFSCompression.framework/Versions/A/AppleFSCompression
0x0000000031564000 	/System/Library/PrivateFrameworks/SpeechRecognitionCore.framework/Versions/A/SpeechRecognitionCore
0x0000000031564000 	/System/Library/PrivateFrameworks/ChunkingLibrary.framework/Versions/A/ChunkingLibrary
0x0000000107800000 	/Library/Java/JavaVirtualMachines/jdk1.8.0_131.jdk/Contents/Home/jre/lib/server/libjvm.dylib
0x0000000031564000 	/usr/lib/libstdc++.6.dylib
0x0000000106f50000 	/Library/Java/JavaVirtualMachines/jdk1.8.0_131.jdk/Contents/Home/jre/lib/libverify.dylib
0x0000000106f5e000 	/Library/Java/JavaVirtualMachines/jdk1.8.0_131.jdk/Contents/Home/jre/lib/libjava.dylib
0x0000000106f9d000 	/Library/Java/JavaVirtualMachines/jdk1.8.0_131.jdk/Contents/Home/jre/lib/libzip.dylib
0x000000010f0b6000 	/System/Library/Frameworks/JavaVM.framework/Frameworks/JavaRuntimeSupport.framework/JavaRuntimeSupport
0x000000010f0d0000 	/System/Library/Frameworks/JavaVM.framework/Versions/A/Frameworks/JavaNativeFoundation.framework/Versions/A/JavaNativeFoundation
0x000000010f0e5000 	/System/Library/Frameworks/JavaVM.framework/Versions/A/JavaVM
0x0000000031564000 	/System/Library/Frameworks/Carbon.framework/Versions/A/Carbon
0x000000010f0f2000 	/System/Library/PrivateFrameworks/JavaLaunching.framework/Versions/A/JavaLaunching
0x0000000031564000 	/System/Library/Frameworks/Carbon.framework/Versions/A/Frameworks/CommonPanels.framework/Versions/A/CommonPanels
0x0000000031564000 	/System/Library/Frameworks/Carbon.framework/Versions/A/Frameworks/Help.framework/Versions/A/Help
0x0000000031564000 	/System/Library/Frameworks/Carbon.framework/Versions/A/Frameworks/ImageCapture.framework/Versions/A/ImageCapture
0x0000000031564000 	/System/Library/Frameworks/Carbon.framework/Versions/A/Frameworks/OpenScripting.framework/Versions/A/OpenScripting
0x0000000031564000 	/System/Library/Frameworks/Carbon.framework/Versions/A/Frameworks/Print.framework/Versions/A/Print
0x0000000031564000 	/System/Library/Frameworks/Carbon.framework/Versions/A/Frameworks/SecurityHI.framework/Versions/A/SecurityHI
0x00000001109ff000 	/Library/Java/JavaVirtualMachines/jdk1.8.0_131.jdk/Contents/Home/jre/lib/libnio.dylib
0x0000000110a0f000 	/Library/Java/JavaVirtualMachines/jdk1.8.0_131.jdk/Contents/Home/jre/lib/./libnet.dylib
0x0000000110b0b000 	/Library/Java/JavaVirtualMachines/jdk1.8.0_131.jdk/Contents/Home/jre/lib/libawt.dylib
0x0000000110bb3000 	/Library/Java/JavaVirtualMachines/jdk1.8.0_131.jdk/Contents/Home/jre/lib/./libmlib_image.dylib
0x00000001234f2000 	/Library/Java/JavaVirtualMachines/jdk1.8.0_131.jdk/Contents/Home/jre/lib/libawt_lwawt.dylib
0x0000000110c7f000 	/Library/Java/JavaVirtualMachines/jdk1.8.0_131.jdk/Contents/Home/jre/lib/./libosxapp.dylib
0x0000000031564000 	/System/Library/Frameworks/ExceptionHandling.framework/Versions/A/ExceptionHandling
0x0000000031564000 	/System/Library/PrivateFrameworks/CoreServicesInternal.framework/Versions/A/CoreServicesInternal
0x0000000031564000 	/System/Library/CoreServices/RawCamera.bundle/Contents/MacOS/RawCamera
0x0000000123ad4000 	/System/Library/Frameworks/Accelerate.framework/Frameworks/vImage.framework/Versions/A/Libraries/libCGInterfaces.dylib
0x0000000031564000 	/System/Library/Frameworks/ApplicationServices.framework/Versions/A/Frameworks/ATS.framework/Versions/A/Resources/libTrueTypeScaler.dylib
0x000000012504f000 	/System/Library/Frameworks/OpenGL.framework/Resources/GLEngine.bundle/GLEngine
0x0000000031564000 	/System/Library/Frameworks/OpenGL.framework/Versions/A/Libraries/libGLProgrammability.dylib
0x0000000125234000 	/System/Library/Extensions/AppleIntelBDWGraphicsGLDriver.bundle/Contents/MacOS/AppleIntelBDWGraphicsGLDriver
0x0000000031564000 	/System/Library/PrivateFrameworks/GPUSupport.framework/Versions/A/Libraries/libGPUSupportMercury.dylib
0x00000001259a1000 	/System/Library/Frameworks/OpenGL.framework/Resources//GLRendererFloat.bundle/GLRendererFloat
0x0000000031564000 	/System/Library/Frameworks/OpenCL.framework/Versions/A/Libraries/libcldcpuengine.dylib
0x0000000031564000 	/usr/lib/libcrypto.0.9.8.dylib
0x0000000031564000 	/System/Library/PrivateFrameworks/TrustEvaluationAgent.framework/Versions/A/TrustEvaluationAgent
0x00000001259d5000 	/System/Library/Extensions/AppleIntelBDWGraphicsMTLDriver.bundle/Contents/MacOS/AppleIntelBDWGraphicsMTLDriver
0x0000000031564000 	/System/Library/PrivateFrameworks/FamilyControls.framework/Versions/A/FamilyControls
0x0000000031564000 	/System/Library/PrivateFrameworks/CommerceKit.framework/Versions/A/Frameworks/CommerceCore.framework/Versions/A/CommerceCore
0x0000000031564000 	/System/Library/PrivateFrameworks/SystemAdministration.framework/Versions/A/SystemAdministration
0x0000000031564000 	/System/Library/PrivateFrameworks/AppContainer.framework/Versions/A/AppContainer
0x0000000031564000 	/System/Library/PrivateFrameworks/SecCodeWrapper.framework/Versions/A/SecCodeWrapper
0x0000000031564000 	/System/Library/Frameworks/DirectoryService.framework/Versions/A/DirectoryService
0x0000000031564000 	/System/Library/PrivateFrameworks/DiskImages.framework/Versions/A/DiskImages
0x0000000031564000 	/System/Library/PrivateFrameworks/LoginUIKit.framework/Versions/A/Frameworks/LoginUICore.framework/Versions/A/LoginUICore
0x0000000031564000 	/usr/lib/libCoreStorage.dylib
0x0000000031564000 	/usr/lib/libcsfde.dylib
0x0000000031564000 	/usr/lib/libodfde.dylib
0x0000000031564000 	/System/Library/Frameworks/DiscRecording.framework/Versions/A/DiscRecording
0x0000000031564000 	/usr/lib/libcurl.4.dylib
0x0000000031564000 	/System/Library/PrivateFrameworks/MediaKit.framework/Versions/A/MediaKit
0x0000000031564000 	/System/Library/PrivateFrameworks/ProtectedCloudStorage.framework/Versions/A/ProtectedCloudStorage
0x0000000031564000 	/System/Library/PrivateFrameworks/EFILogin.framework/Versions/A/EFILogin
0x0000000031564000 	/usr/lib/libutil.dylib
0x0000000031564000 	/System/Library/Frameworks/LDAP.framework/Versions/A/LDAP
0x0000000031564000 	/usr/lib/libsasl2.2.dylib
0x0000000031564000 	/System/Library/PrivateFrameworks/CoreDaemon.framework/Versions/B/CoreDaemon
0x0000000031564000 	/System/Library/PrivateFrameworks/AppleSRP.framework/Versions/A/AppleSRP
0x0000000031564000 	/System/Library/PrivateFrameworks/APFS.framework/Versions/A/APFS
0x0000000031564000 	/System/Library/PrivateFrameworks/ViewBridge.framework/Versions/A/ViewBridge
0x0000000031564000 	/System/Library/PrivateFrameworks/XPCService.framework/Versions/A/XPCService
0x0000000031564000 	/System/Library/PrivateFrameworks/AppSandbox.framework/Versions/A/AppSandbox
0x0000000031564000 	/usr/lib/libsandbox.1.dylib
0x0000000031564000 	/usr/lib/libMatch.1.dylib
0x0000000127af6000 	/Library/Java/JavaVirtualMachines/jdk1.8.0_131.jdk/Contents/Home/jre/lib/libsplashscreen.dylib
0x0000000127b4f000 	/Library/Java/JavaVirtualMachines/jdk1.8.0_131.jdk/Contents/Home/jre/lib/libfontmanager.dylib
0x0000000125ba1000 	/Library/Java/JavaVirtualMachines/jdk1.8.0_131.jdk/Contents/Home/jre/lib/libosxui.dylib
0x0000000110a6e000 	/Applications/NetBeans/Apache NetBeans 11.1.app/Contents/Resources/NetBeans/platform/modules/lib/libjnidispatch-440.jnilib
0x0000000124ee8000 	/Library/Java/JavaVirtualMachines/jdk1.8.0_131.jdk/Contents/Home/jre/lib/libmanagement.dylib
0x00000001425f9000 	/Library/Java/JavaVirtualMachines/jdk1.8.0_131.jdk/Contents/Home/jre/lib/libdcpr.dylib
0x0000000129641000 	/Library/Java/JavaVirtualMachines/jdk1.8.0_131.jdk/Contents/Home/jre/lib/libjpeg.dylib
0x0000000031564000 	/System/Library/PrivateFrameworks/CloudDocs.framework/Versions/A/CloudDocs
0x0000000031564000 	/System/Library/Frameworks/CloudKit.framework/Versions/A/CloudKit
0x0000000031564000 	/System/Library/PrivateFrameworks/MMCS.framework/Versions/A/MMCS
0x0000000031564000 	/System/Library/Frameworks/CoreLocation.framework/Versions/A/CoreLocation
0x0000000031564000 	/System/Library/PrivateFrameworks/AssetCacheServices.framework/Versions/A/AssetCacheServices
0x0000000031564000 	/System/Library/PrivateFrameworks/GeoServices.framework/Versions/A/GeoServices
0x00000001201ab000 	/Library/Java/JavaVirtualMachines/jdk1.8.0_131.jdk/Contents/Home/jre/lib/libsunec.dylib

VM Arguments:
jvm_args: -Djdk.home=/Library/Java/JavaVirtualMachines/jdk1.8.0_131.jdk/Contents/Home -Dnetbeans.default_userdir_root=/Users/dthurston/Library/Application Support/NetBeans -Dnetbeans.dirs=/Applications/NetBeans/Apache NetBeans 11.1.app/Contents/Resources/NetBeans/nb:/Applications/NetBeans/Apache NetBeans 11.1.app/Contents/Resources/NetBeans/ergonomics:/Applications/NetBeans/Apache NetBeans 11.1.app/Contents/Resources/NetBeans/ide:/Applications/NetBeans/Apache NetBeans 11.1.app/Contents/Resources/NetBeans/extide:/Applications/NetBeans/Apache NetBeans 11.1.app/Contents/Resources/NetBeans/java:/Applications/NetBeans/Apache NetBeans 11.1.app/Contents/Resources/NetBeans/apisupport:/Applications/NetBeans/Apache NetBeans 11.1.app/Contents/Resources/NetBeans/webcommon:/Applications/NetBeans/Apache NetBeans 11.1.app/Contents/Resources/NetBeans/websvccommon:/Applications/NetBeans/Apache NetBeans 11.1.app/Contents/Resources/NetBeans/enterprise:/Applications/NetBeans/Apache NetBeans 11.1.app/Contents/Resources/NetBeans/mobility:/Applications/NetBeans/Apache NetBeans 11.1.app/Contents/Resources/NetBeans/profiler:/Applications/NetBeans/Apache NetBeans 11.1.app/Contents/Resources/NetBeans/python:/Applications/NetBeans/Apache NetBeans 11.1.app/Contents/Resources/NetBeans/php:/Applications/NetBeans/Apache NetBeans 11.1.app/Contents/Resources/NetBeans/identity:/Applications/NetBeans/Apache NetBeans 11.1.app/Contents/Resources/NetBeans/harness:/Applications/NetBeans/Apache NetBeans 11.1.app/Contents/Resources/NetBeans/cnd:/Applications/NetBeans/Apache NetBeans 11.1.app/Contents/Resources/NetBeans/cndext:/Applications/NetBeans/Apache NetBeans 11.1.app/Contents/Resources/NetBeans/dlight:/Applications/NetBeans/Apache NetBeans 11.1.app/Contents/Resources/NetBeans/groovy:/Applications/NetBeans/Apache NetBeans 11.1.app/Contents/Resources/NetBeans/extra:/Applications/NetBeans/Apache NetBeans 11.1.app/Contents/Resources/NetBeans/javacard:/Applications/NetBeans/Apache NetBeans 11.1.app/Contents/Resources/NetBeans/javafx: -Dnetbeans.home=/Applications/NetBeans/Apache NetBeans 11.1.app/Contents/Resources/NetBeans/platform -Dnetbeans.importclass=org.netbeans.upgrade.AutoUpgrade -XX:+UseStringDeduplication -Xss2m -Djdk.gtk.version=2.2 -Dapple.laf.useScreenMenuBar=true -Dapple.awt.graphics.UseQuartz=true -Dsun.java2d.noddraw=true -Dsun.java2d.dpiaware=true -Dsun.zip.disableMemoryMapping=true -Dplugin.manager.check.updates=false -Dnetbeans.extbrowser.manual_chrome_plugin_install=yes --add-opens=java.base/java.net=ALL-UNNAMED --add-opens=java.base/java.lang.ref=ALL-UNNAMED --add-opens=java.base/java.lang=ALL-UNNAMED --add-opens=java.base/java.security=ALL-UNNAMED --add-opens=java.base/java.util=ALL-UNNAMED --add-opens=java.desktop/javax.swing.plaf.basic=ALL-UNNAMED --add-opens=java.desktop/javax.swing.text=ALL-UNNAMED --add-opens=java.desktop/javax.swing=ALL-UNNAMED --add-opens=java.desktop/java.awt=ALL-UNNAMED --add-opens=java.desktop/java.awt.event=ALL-UNNAMED --add-opens=java.prefs/java.util.prefs=ALL-UNNAMED --add-opens=jdk.jshell/jdk.jshell=ALL-UNNAMED --add-modules=jdk.jshell --add-exports=java.desktop/sun.awt=ALL-UNNAMED --add-exports=java.desktop/java.awt.peer=ALL-UNNAMED --add-exports=java.desktop/com.sun.beans.editors=ALL-UNNAMED --add-exports=java.desktop/sun.swing=ALL-UNNAMED --add-exports=java.desktop/sun.awt.im=ALL-UNNAMED --add-exports=jdk.internal.jvmstat/sun.jvmstat.monitor=ALL-UNNAMED --add-exports=java.management/sun.management=ALL-UNNAMED --add-exports=java.base/sun.reflect.annotation=ALL-UNNAMED --add-exports=jdk.javadoc/com.sun.tools.javadoc.main=ALL-UNNAMED -XX:+IgnoreUnrecognizedVMOptions -XX:+HeapDumpOnOutOfMemoryError -XX:HeapDumpPath=/Users/dthurston/Library/Application Support/NetBeans/11.1/var/log/heapdump.hprof 
java_command: org.netbeans.Main --cachedir /Users/dthurston/Library/Caches/NetBeans/11.1 --userdir /Users/dthurston/Library/Application Support/NetBeans/11.1 --branding nb
java_class_path (initial): /Applications/NetBeans/Apache NetBeans 11.1.app/Contents/Resources/NetBeans/platform/lib/boot.jar:/Applications/NetBeans/Apache NetBeans 11.1.app/Contents/Resources/NetBeans/platform/lib/org-openide-modules.jar:/Applications/NetBeans/Apache NetBeans 11.1.app/Contents/Resources/NetBeans/platform/lib/org-openide-util-lookup.jar:/Applications/NetBeans/Apache NetBeans 11.1.app/Contents/Resources/NetBeans/platform/lib/org-openide-util-ui.jar:/Applications/NetBeans/Apache NetBeans 11.1.app/Contents/Resources/NetBeans/platform/lib/org-openide-util.jar:/Library/Java/JavaVirtualMachines/jdk1.8.0_131.jdk/Contents/Home/lib/dt.jar:/Library/Java/JavaVirtualMachines/jdk1.8.0_131.jdk/Contents/Home/lib/tools.jar
Launcher Type: SUN_STANDARD

Environment Variables:
PATH=/Library/Frameworks/Python.framework/Versions/3.6/bin:/Users/dthurston/.rbenv/shims:/Library/Frameworks/Python.framework/Versions/2.7/bin:/usr/local/bin:/usr/bin:/bin:/usr/sbin:/sbin:/Library/Frameworks/Mono.framework/Versions/Current/Commands:/Applications/Wireshark.app/Contents/MacOS:/Users/dthurston/Projects
SHELL=/bin/bash

Signal Handlers:
SIGSEGV: [libjvm.dylib+0x5b1eb1], sa_mask[0]=11111111011111110111111111111111, sa_flags=SA_ONSTACK|SA_RESTART|SA_SIGINFO
SIGBUS: [libjvm.dylib+0x5b1eb1], sa_mask[0]=11111111011111110111111111111111, sa_flags=SA_RESTART|SA_SIGINFO
SIGFPE: [libjvm.dylib+0x488988], sa_mask[0]=11111111011111110111111111111111, sa_flags=SA_RESTART|SA_SIGINFO
SIGPIPE: [libjvm.dylib+0x488988], sa_mask[0]=11111111011111110111111111111111, sa_flags=SA_RESTART|SA_SIGINFO
SIGXFSZ: [libjvm.dylib+0x488988], sa_mask[0]=11111111011111110111111111111111, sa_flags=SA_RESTART|SA_SIGINFO
SIGILL: [libjvm.dylib+0x488988], sa_mask[0]=11111111011111110111111111111111, sa_flags=SA_RESTART|SA_SIGINFO
SIGUSR1: SIG_DFL, sa_mask[0]=11011111011111100000000111000110, sa_flags=none
SIGUSR2: [libjvm.dylib+0x4884a6], sa_mask[0]=00000000000000000000000000000000, sa_flags=SA_RESTART|SA_SIGINFO
SIGHUP: [libjvm.dylib+0x486a7d], sa_mask[0]=11111111011111110111111111111111, sa_flags=SA_RESTART|SA_SIGINFO
SIGINT: SIG_IGN, sa_mask[0]=00000000000000000000000000000000, sa_flags=none
SIGTERM: [libjvm.dylib+0x486a7d], sa_mask[0]=11111111011111110111111111111111, sa_flags=SA_RESTART|SA_SIGINFO
SIGQUIT: [libjvm.dylib+0x486a7d], sa_mask[0]=11111111011111110111111111111111, sa_flags=SA_RESTART|SA_SIGINFO


---------------  S Y S T E M  ---------------

OS:Bsduname:Darwin 16.7.0 Darwin Kernel Version 16.7.0: Sun Jun  2 20:26:31 PDT 2019; root:xnu-3789.73.50~1/RELEASE_X86_64 x86_64
rlimit: STACK 8192k, CORE 0k, NPROC 709, NOFILE 10240, AS infinity
load average:1.79 1.82 1.96

CPU:total 4 (initial active 4) (2 cores per cpu, 2 threads per core) family 6 model 61 stepping 4, cmov, cx8, fxsr, mmx, sse, sse2, sse3, ssse3, sse4.1, sse4.2, popcnt, avx, avx2, aes, clmul, erms, rtm, 3dnowpref, lzcnt, ht, tsc, tscinvbit, bmi1, bmi2, adx

Memory: 4k page, physical 8388608k(65504k free)

/proc/meminfo:


vm_info: Java HotSpot(TM) 64-Bit Server VM (25.131-b11) for bsd-amd64 JRE (1.8.0_131-b11), built on Mar 15 2017 01:32:22 by "java_re" with gcc 4.2.1 (Based on Apple Inc. build 5658) (LLVM build 2336.11.00)

time: Sat Jan 18 13:56:04 2020
elapsed time: 62012 seconds (0d 17h 13m 32s)

