#
# A fatal error has been detected by the Java Runtime Environment:
#
#  SIGSEGV (0xb) at pc=0x00000001146403c9, pid=4611, tid=0x000000000000e00f
#
# JRE version: Java(TM) SE Runtime Environment (8.0_131-b11) (build 1.8.0_131-b11)
# Java VM: Java HotSpot(TM) 64-Bit Server VM (25.131-b11 mixed mode bsd-amd64 compressed oops)
# Problematic frame:
# C  [libawt_lwawt.dylib+0x1c3c9]  OGLSD_SetScratchSurface+0x53
#
# Failed to write core dump. Core dumps have been disabled. To enable core dumping, try "ulimit -c unlimited" before starting Java again
#
# If you would like to submit a bug report, please visit:
#   http://bugreport.java.com/bugreport/crash.jsp
# The crash happened outside the Java Virtual Machine in native code.
# See problematic frame for where to report the bug.
#

---------------  T H R E A D  ---------------

Current thread (0x00007f96b534e800):  JavaThread "Java2D Queue Flusher" daemon [_thread_in_native, id=57359, stack(0x000070000a17d000,0x000070000a37d000)]

siginfo: si_signo: 11 (SIGSEGV), si_code: 0 (unknown), si_addr: 0x0000000000000000

Registers:
RAX=0x00007f96b4a63038, RBX=0x00007f96a6050002, RCX=0x00007f96b4a63040, RDX=0x0000000000000000
RSP=0x000070000a37c810, RBP=0x000070000a37c830, RSI=0x00007f96a51c2c90, RDI=0x00007f96b4a63038
R8 =0x0000000000000000, R9 =0x000000017851e300, R10=0x00007f96b82bc600, R11=0x0000000100000000
R12=0x0000000000000000, R13=0x0000000741199230, R14=0x00007f96b534e9f8, R15=0x0001000000011d57
RIP=0x00000001146403c9, EFLAGS=0x0000000000010202, ERR=0x0000000000000000
  TRAPNO=0x000000000000000d

Top of Stack: (sp=0x000070000a37c810)
0x000070000a37c810:   00007f96a51c2c90 0000000000000000
0x000070000a37c820:   00007f96b532a2a0 0000000000000050
0x000070000a37c830:   000070000a37c8b0 0000000114660d36
0x000070000a37c840:   0000000000000000 00007f960000008c
0x000070000a37c850:   00007f96b532a240 00007f96b532a268
0x000070000a37c860:   0000000000000005 00007f96b534e800
0x000070000a37c870:   0000000741199201 00007f96b532a2b0
0x000070000a37c880:   000070000037c800 00007f96b534e9f8
0x000070000a37c890:   0000000000000000 0000000000000000
0x000070000a37c8a0:   000070000a37c908 00007f96b534e800
0x000070000a37c8b0:   000070000a37c900 0000000117c96f6a
0x000070000a37c8c0:   00000007411991a8 0000000700000000
0x000070000a37c8d0:   00007f96a66180d0 0000000000000001
0x000070000a37c8e0:   000000011180ef48 0000000000000000
0x000070000a37c8f0:   000070000a37c910 0000000000000000
0x000070000a37c900:   00000000e8233235 0000000119ac53ec
0x000070000a37c910:   00000007411991a8 0000000000000000
0x000070000a37c920:   0000000741199230 0000000700000000
0x000070000a37c930:   0000000741199230 000070000a37c9d0
0x000070000a37c940:   0000000000000001 0000000000000000
0x000070000a37c950:   000070000a37c9d0 0000000116ac17a7
0x000070000a37c960:   0000000741199230 0000000741446428
0x000070000a37c970:   0000700000001fa0 000000000000000a
0x000070000a37c980:   00007f96b534e800 0000000000000001
0x000070000a37c990:   0000000116ac171f 000000011177ce50
0x000070000a37c9a0:   000070000a37ca68 000070000a37cd00
0x000070000a37c9b0:   000000010000000a 000000011177ce50
0x000070000a37c9c0:   0000000116ad4120 000070000a37cc70
0x000070000a37c9d0:   000070000a37cb80 000000010b4ee5b6
0x000070000a37c9e0:   0000700000000001 00007f96b534e800
0x000070000a37c9f0:   00007f96b534e800 000070000a37cd00
0x000070000a37ca00:   00007f96b45c80a0 0000000116ad4120 

Instructions: (pc=0x00000001146403c9)
0x00000001146403a9:   48 85 db 75 0e bf 01 00 00 00 48 8d 15 07 7c 03
0x00000001146403b9:   00 eb d6 49 89 fe 4c 8b 3b 30 c0 e8 c1 a6 02 00
0x00000001146403c9:   49 8b 3f 49 89 c4 48 8b 35 4a 03 06 00 30 c0 e8
0x00000001146403d9:   0f a8 02 00 48 85 c0 75 4e 30 c0 e8 3f 10 02 00 

Register to memory mapping:

RAX=0x00007f96b4a63038 is an unknown value
RBX=0x00007f96a6050002 is an unknown value
RCX=0x00007f96b4a63040 is an unknown value
RDX=0x0000000000000000 is an unknown value
RSP=0x000070000a37c810 is pointing into the stack for thread: 0x00007f96b534e800
RBP=0x000070000a37c830 is pointing into the stack for thread: 0x00007f96b534e800
RSI=0x00007f96a51c2c90 is an unknown value
RDI=0x00007f96b4a63038 is an unknown value
R8 =0x0000000000000000 is an unknown value
R9 =0x000000017851e300 is an unknown value
R10=0x00007f96b82bc600 is an unknown value
R11=0x0000000100000000 is an unknown value
R12=0x0000000000000000 is an unknown value
R13=0x0000000741199230 is an oop
sun.java2d.opengl.OGLRenderQueue$QueueFlusher 
 - klass: 'sun/java2d/opengl/OGLRenderQueue$QueueFlusher'
R14=0x00007f96b534e9f8 is an unknown value
R15=0x0001000000011d57 is an unknown value


Stack: [0x000070000a17d000,0x000070000a37d000],  sp=0x000070000a37c810,  free space=2046k
Native frames: (J=compiled Java code, j=interpreted, Vv=VM code, C=native code)
C  [libawt_lwawt.dylib+0x1c3c9]  OGLSD_SetScratchSurface+0x53
C  [libawt_lwawt.dylib+0x3cd36]  Java_sun_java2d_opengl_OGLRenderQueue_flushBuffer+0x63a
J 8153  sun.java2d.opengl.OGLRenderQueue.flushBuffer(JI)V (0 bytes) @ 0x0000000117c96f6a [0x0000000117c96ec0+0xaa]
J 30299% C2 sun.java2d.opengl.OGLRenderQueue$QueueFlusher.run()V (234 bytes) @ 0x0000000119ac53ec [0x0000000119ac5280+0x16c]
v  ~StubRoutines::call_stub
V  [libjvm.dylib+0x2ee5b6]
V  [libjvm.dylib+0x2eed5a]
V  [libjvm.dylib+0x2eef06]
V  [libjvm.dylib+0x34965d]
V  [libjvm.dylib+0x56b87f]
V  [libjvm.dylib+0x56cf6c]
V  [libjvm.dylib+0x48b376]
C  [libsystem_pthread.dylib+0x393b]  _pthread_body+0xb4
C  [libsystem_pthread.dylib+0x3887]  _pthread_body+0x0
C  [libsystem_pthread.dylib+0x308d]  thread_start+0xd
C  0x0000000000000000

Java frames: (J=compiled Java code, j=interpreted, Vv=VM code)
J 8153  sun.java2d.opengl.OGLRenderQueue.flushBuffer(JI)V (0 bytes) @ 0x0000000117c96ef8 [0x0000000117c96ec0+0x38]
J 30299% C2 sun.java2d.opengl.OGLRenderQueue$QueueFlusher.run()V (234 bytes) @ 0x0000000119ac53ec [0x0000000119ac5280+0x16c]
v  ~StubRoutines::call_stub

---------------  P R O C E S S  ---------------

Java Threads: ( => current thread )
  0x00007f96bf783800 JavaThread "org.netbeans.modules.lsp.client.bindings.TextDocumentSyncServerCapabilityHandler" daemon [_thread_in_Java, id=85823, stack(0x000070000b29b000,0x000070000b49b000)]
  0x00007f96c2550000 JavaThread "Inactive RequestProcessor thread [Was:ViewHierarchy-Region-Rebuilding/org.netbeans.modules.editor.lib2.view.ViewUpdates$RebuildViews]" daemon [_thread_blocked, id=94767, stack(0x000070000ae12000,0x000070000b012000)]
  0x00007f96bf047000 JavaThread "Inactive RequestProcessor thread [Was:org.netbeans.modules.editor.errorstripe.AnnotationView/org.netbeans.modules.editor.errorstripe.AnnotationView$RepaintTask]" daemon [_thread_blocked, id=66127, stack(0x000070000ac0f000,0x000070000ae0f000)]
  0x00007f96bf140000 JavaThread "Inactive RequestProcessor thread [Was:ViewHierarchy-Region-Rebuilding/org.netbeans.modules.editor.lib2.view.ViewUpdates$RebuildViews]" daemon [_thread_blocked, id=88231, stack(0x0000700009b74000,0x0000700009d74000)]
  0x00007f96bf6f0000 JavaThread "Inactive RequestProcessor thread [Was:Diffsidebar long tasks/org.netbeans.modules.versioning.ui.diff.DiffSidebar$RefreshDiffTask]" daemon [_thread_blocked, id=91071, stack(0x0000700009d77000,0x0000700009f77000)]
  0x00007f96bb67d800 JavaThread "Keep-Alive-SocketCleaner" daemon [_thread_blocked, id=43535, stack(0x000070000b098000,0x000070000b298000)]
  0x00007f96b480a800 JavaThread "DestroyJavaVM" [_thread_blocked, id=6915, stack(0x0000700008035000,0x0000700008235000)]
  0x00007f96bbcac800 JavaThread "TimerQueue" daemon [_thread_blocked, id=81411, stack(0x000070000c636000,0x000070000c836000)]
  0x00007f96b4ceb800 JavaThread "Worker-JM" [_thread_blocked, id=80643, stack(0x000070000c433000,0x000070000c633000)]
  0x00007f96ba6b0800 JavaThread "Framework Event Dispatcher" daemon [_thread_blocked, id=80131, stack(0x000070000c230000,0x000070000c430000)]
  0x00007f96ba5fe000 JavaThread "Deadlock Detector" [_thread_blocked, id=79619, stack(0x000070000c02d000,0x000070000c22d000)]
  0x00007f96b4ce9000 JavaThread "Thread-3" daemon [_thread_blocked, id=79383, stack(0x000070000be2a000,0x000070000c02a000)]
  0x00007f96b5de8000 JavaThread "File Watcher" daemon [_thread_blocked, id=75827, stack(0x000070000bc27000,0x000070000be27000)]
  0x00007f96bafc3800 JavaThread "Thread-1" daemon [_thread_in_native, id=73963, stack(0x000070000ba24000,0x000070000bc24000)]
  0x00007f96b5c81000 JavaThread "Editor Parsing Loop (netbeans-release-428-on-20190716)" daemon [_thread_blocked, id=73223, stack(0x000070000b821000,0x000070000ba21000)]
  0x00007f96b6570000 JavaThread "State Data Manager" daemon [_thread_blocked, id=69835, stack(0x000070000aa0c000,0x000070000ac0c000)]
  0x00007f96b5dc3000 JavaThread "Framework Active Thread" [_thread_blocked, id=69303, stack(0x000070000a809000,0x000070000aa09000)]
  0x00007f96b5384800 JavaThread "AWT-EventQueue-0" [_thread_blocked, id=63519, stack(0x000070000a583000,0x000070000a783000)]
  0x00007f96b4a67000 JavaThread "Java2D Disposer" daemon [_thread_blocked, id=63751, stack(0x000070000a380000,0x000070000a580000)]
=>0x00007f96b534e800 JavaThread "Java2D Queue Flusher" daemon [_thread_in_native, id=57359, stack(0x000070000a17d000,0x000070000a37d000)]
  0x00007f96b5a31000 JavaThread "RequestProcessor queue manager" daemon [_thread_blocked, id=55843, stack(0x0000700009f7a000,0x000070000a17a000)]
  0x00007f96b52af800 JavaThread "AWT-Shutdown" [_thread_blocked, id=30751, stack(0x000070000986b000,0x0000700009a6b000)]
  0x00007f96b6072000 JavaThread "AppKit Thread" daemon [_thread_in_native, id=775, stack(0x00007fff54b85000,0x00007fff55385000)]
  0x00007f96b5189800 JavaThread "CLI Requests Server" daemon [_thread_in_native, id=19971, stack(0x00007000095e5000,0x00007000097e5000)]
  0x00007f96b50ed000 JavaThread "Active Reference Queue Daemon" daemon [_thread_blocked, id=19459, stack(0x00007000093e2000,0x00007000095e2000)]
  0x00007f96b4862000 JavaThread "Service Thread" daemon [_thread_blocked, id=18435, stack(0x00007000090dc000,0x00007000092dc000)]
  0x00007f96b600b000 JavaThread "C1 CompilerThread2" daemon [_thread_blocked, id=17923, stack(0x0000700008fd9000,0x00007000090d9000)]
  0x00007f96b483a800 JavaThread "C2 CompilerThread1" daemon [_thread_blocked, id=17411, stack(0x0000700008ed6000,0x0000700008fd6000)]
  0x00007f96b5024800 JavaThread "C2 CompilerThread0" daemon [_thread_in_native, id=16899, stack(0x0000700008dd3000,0x0000700008ed3000)]
  0x00007f96b5045800 JavaThread "Signal Dispatcher" daemon [_thread_blocked, id=16387, stack(0x0000700008bd0000,0x0000700008dd0000)]
  0x00007f96b5041800 JavaThread "Finalizer" daemon [_thread_blocked, id=12291, stack(0x000070000894a000,0x0000700008b4a000)]
  0x00007f96b5000000 JavaThread "Reference Handler" daemon [_thread_blocked, id=11779, stack(0x0000700008747000,0x0000700008947000)]

Other Threads:
  0x00007f96b4821000 VMThread [stack: 0x0000700008644000,0x0000700008744000] [id=11267]
  0x00007f96b5048800 WatcherThread [stack: 0x00007000092df000,0x00007000093df000] [id=18947]

VM state:not at safepoint (normal execution)

VM Mutex/Monitor currently owned by a thread: None

Heap:
 PSYoungGen      total 242176K, used 28718K [0x0000000795580000, 0x00000007a5a00000, 0x00000007c0000000)
  eden space 223744K, 4% used [0x0000000795580000,0x0000000795fbef18,0x00000007a3000000)
  from space 18432K, 98% used [0x00000007a4080000,0x00000007a524c9a0,0x00000007a5280000)
  to   space 7680K, 0% used [0x00000007a5280000,0x00000007a5280000,0x00000007a5a00000)
 ParOldGen       total 536576K, used 487691K [0x0000000740000000, 0x0000000760c00000, 0x0000000795580000)
  object space 536576K, 90% used [0x0000000740000000,0x000000075dc42c20,0x0000000760c00000)
 Metaspace       used 150854K, capacity 171833K, committed 171968K, reserved 1198080K
  class space    used 17952K, capacity 23457K, committed 23552K, reserved 1048576K

Card table byte_map: [0x000000010c563000,0x000000010c964000] byte_map_base: 0x0000000108b63000

Marking Bits: (ParMarkBitMap*) 0x000000010baf1ea0
 Begin Bits: [0x000000010cc0f000, 0x000000010ec0f000)
 End Bits:   [0x000000010ec0f000, 0x0000000110c0f000)

Polling page: 0x000000010a93b000

CodeCache: size=245760Kb used=113984Kb max_used=114357Kb free=131775Kb
 bounds [0x0000000116ac1000, 0x000000011db51000, 0x0000000125ac1000]
 total_blobs=29887 nmethods=28883 adapters=910
 compilation: enabled

Compilation events (10 events):
Event: 374422.727 Thread 0x00007f96b483a800 nmethod 43829 0x000000011d9f8010 code [0x000000011d9f8160, 0x000000011d9f8218]
Event: 374422.799 Thread 0x00007f96b600b000 43831       3       org.netbeans.core.windows.Switches::isSlidingEnabled (21 bytes)
Event: 374422.800 Thread 0x00007f96b600b000 nmethod 43831 0x000000011cac2a50 code [0x000000011cac2be0, 0x000000011cac3248]
Event: 374422.828 Thread 0x00007f96b600b000 43832       3       org.netbeans.swing.tabcontrol.plaf.DefaultTabbedContainerUI::tabForCoordinate (22 bytes)
Event: 374422.829 Thread 0x00007f96b600b000 nmethod 43832 0x000000011883f490 code [0x000000011883f620, 0x000000011883fb38]
Event: 374422.829 Thread 0x00007f96b600b000 43833       3       org.netbeans.swing.tabcontrol.TabDisplayer::tabForCoordinate (9 bytes)
Event: 374422.829 Thread 0x00007f96b600b000 nmethod 43833 0x0000000116f274d0 code [0x0000000116f27660, 0x0000000116f27a48]
Event: 374426.939 Thread 0x00007f96b483a800 43834   !   4       java.net.URL::<init> (543 bytes)
Event: 374427.051 Thread 0x00007f96b483a800 nmethod 43834 0x000000011c948290 code [0x000000011c9485c0, 0x000000011c94a6e0]
Event: 374431.558 Thread 0x00007f96b5024800 43835   !   4       org.netbeans.modules.spellchecker.ComponentPeer::process (1023 bytes)

GC Heap History (10 events):
Event: 369947.673 GC heap before
{Heap before GC invocations=417 (full 6):
 PSYoungGen      total 267264K, used 266860K [0x0000000795580000, 0x00000007a8100000, 0x00000007c0000000)
  eden space 252416K, 100% used [0x0000000795580000,0x00000007a4c00000,0x00000007a4c00000)
  from space 14848K, 97% used [0x00000007a7280000,0x00000007a809b2d0,0x00000007a8100000)
  to   space 19968K, 0% used [0x00000007a5a00000,0x00000007a5a00000,0x00000007a6d80000)
 ParOldGen       total 536576K, used 474660K [0x0000000740000000, 0x0000000760c00000, 0x0000000795580000)
  object space 536576K, 88% used [0x0000000740000000,0x000000075cf893b8,0x0000000760c00000)
 Metaspace       used 147829K, capacity 168217K, committed 168384K, reserved 1193984K
  class space    used 17630K, capacity 23012K, committed 23040K, reserved 1048576K
Event: 369947.834 GC heap after
Heap after GC invocations=417 (full 6):
 PSYoungGen      total 261632K, used 15020K [0x0000000795580000, 0x00000007a7300000, 0x00000007c0000000)
  eden space 246272K, 0% used [0x0000000795580000,0x0000000795580000,0x00000007a4600000)
  from space 15360K, 97% used [0x00000007a5a00000,0x00000007a68ab048,0x00000007a6900000)
  to   space 10240K, 0% used [0x00000007a6900000,0x00000007a6900000,0x00000007a7300000)
 ParOldGen       total 536576K, used 474692K [0x0000000740000000, 0x0000000760c00000, 0x0000000795580000)
  object space 536576K, 88% used [0x0000000740000000,0x000000075cf913b8,0x0000000760c00000)
 Metaspace       used 147829K, capacity 168217K, committed 168384K, reserved 1193984K
  class space    used 17630K, capacity 23012K, committed 23040K, reserved 1048576K
}
Event: 369978.392 GC heap before
{Heap before GC invocations=418 (full 6):
 PSYoungGen      total 261632K, used 261292K [0x0000000795580000, 0x00000007a7300000, 0x00000007c0000000)
  eden space 246272K, 100% used [0x0000000795580000,0x00000007a4600000,0x00000007a4600000)
  from space 15360K, 97% used [0x00000007a5a00000,0x00000007a68ab048,0x00000007a6900000)
  to   space 10240K, 0% used [0x00000007a6900000,0x00000007a6900000,0x00000007a7300000)
 ParOldGen       total 536576K, used 474692K [0x0000000740000000, 0x0000000760c00000, 0x0000000795580000)
  object space 536576K, 88% used [0x0000000740000000,0x000000075cf913b8,0x0000000760c00000)
 Metaspace       used 150024K, capacity 171033K, committed 171072K, reserved 1198080K
  class space    used 17880K, capacity 23387K, committed 23424K, reserved 1048576K
Event: 369978.429 GC heap after
Heap after GC invocations=418 (full 6):
 PSYoungGen      total 250368K, used 10235K [0x0000000795580000, 0x00000007a7300000, 0x00000007c0000000)
  eden space 240128K, 0% used [0x0000000795580000,0x0000000795580000,0x00000007a4000000)
  from space 10240K, 99% used [0x00000007a6900000,0x00000007a72fee30,0x00000007a7300000)
  to   space 20992K, 0% used [0x00000007a4a00000,0x00000007a4a00000,0x00000007a5e80000)
 ParOldGen       total 536576K, used 483618K [0x0000000740000000, 0x0000000760c00000, 0x0000000795580000)
  object space 536576K, 90% used [0x0000000740000000,0x000000075d848ba8,0x0000000760c00000)
 Metaspace       used 150024K, capacity 171033K, committed 171072K, reserved 1198080K
  class space    used 17880K, capacity 23387K, committed 23424K, reserved 1048576K
}
Event: 370007.029 GC heap before
{Heap before GC invocations=419 (full 6):
 PSYoungGen      total 250368K, used 250363K [0x0000000795580000, 0x00000007a7300000, 0x00000007c0000000)
  eden space 240128K, 100% used [0x0000000795580000,0x00000007a4000000,0x00000007a4000000)
  from space 10240K, 99% used [0x00000007a6900000,0x00000007a72fee30,0x00000007a7300000)
  to   space 20992K, 0% used [0x00000007a4a00000,0x00000007a4a00000,0x00000007a5e80000)
 ParOldGen       total 536576K, used 483618K [0x0000000740000000, 0x0000000760c00000, 0x0000000795580000)
  object space 536576K, 90% used [0x0000000740000000,0x000000075d848ba8,0x0000000760c00000)
 Metaspace       used 150718K, capacity 171697K, committed 171968K, reserved 1198080K
  class space    used 17951K, capacity 23457K, committed 23552K, reserved 1048576K
Event: 370007.073 GC heap after
Heap after GC invocations=419 (full 6):
 PSYoungGen      total 248320K, used 13816K [0x0000000795580000, 0x00000007a6980000, 0x00000007c0000000)
  eden space 234496K, 0% used [0x0000000795580000,0x0000000795580000,0x00000007a3a80000)
  from space 13824K, 99% used [0x00000007a4a00000,0x00000007a577e1e8,0x00000007a5780000)
  to   space 18432K, 0% used [0x00000007a5780000,0x00000007a5780000,0x00000007a6980000)
 ParOldGen       total 536576K, used 483650K [0x0000000740000000, 0x0000000760c00000, 0x0000000795580000)
  object space 536576K, 90% used [0x0000000740000000,0x000000075d850ba8,0x0000000760c00000)
 Metaspace       used 150718K, capacity 171697K, committed 171968K, reserved 1198080K
  class space    used 17951K, capacity 23457K, committed 23552K, reserved 1048576K
}
Event: 371664.479 GC heap before
{Heap before GC invocations=420 (full 6):
 PSYoungGen      total 248320K, used 248312K [0x0000000795580000, 0x00000007a6980000, 0x00000007c0000000)
  eden space 234496K, 100% used [0x0000000795580000,0x00000007a3a80000,0x00000007a3a80000)
  from space 13824K, 99% used [0x00000007a4a00000,0x00000007a577e1e8,0x00000007a5780000)
  to   space 18432K, 0% used [0x00000007a5780000,0x00000007a5780000,0x00000007a6980000)
 ParOldGen       total 536576K, used 483650K [0x0000000740000000, 0x0000000760c00000, 0x0000000795580000)
  object space 536576K, 90% used [0x0000000740000000,0x000000075d850ba8,0x0000000760c00000)
 Metaspace       used 150832K, capacity 171825K, committed 171968K, reserved 1198080K
  class space    used 17952K, capacity 23457K, committed 23552K, reserved 1048576K
Event: 371664.851 GC heap after
Heap after GC invocations=420 (full 6):
 PSYoungGen      total 247296K, used 18273K [0x0000000795580000, 0x00000007a6980000, 0x00000007c0000000)
  eden space 228864K, 0% used [0x0000000795580000,0x0000000795580000,0x00000007a3500000)
  from space 18432K, 99% used [0x00000007a5780000,0x00000007a69587b8,0x00000007a6980000)
  to   space 20992K, 0% used [0x00000007a4080000,0x00000007a4080000,0x00000007a5500000)
 ParOldGen       total 536576K, used 483658K [0x0000000740000000, 0x0000000760c00000, 0x0000000795580000)
  object space 536576K, 90% used [0x0000000740000000,0x000000075d852ba8,0x0000000760c00000)
 Metaspace       used 150832K, capacity 171825K, committed 171968K, reserved 1198080K
  class space    used 17952K, capacity 23457K, committed 23552K, reserved 1048576K
}
Event: 374431.706 GC heap before
{Heap before GC invocations=421 (full 6):
 PSYoungGen      total 247296K, used 247137K [0x0000000795580000, 0x00000007a6980000, 0x00000007c0000000)
  eden space 228864K, 100% used [0x0000000795580000,0x00000007a3500000,0x00000007a3500000)
  from space 18432K, 99% used [0x00000007a5780000,0x00000007a69587b8,0x00000007a6980000)
  to   space 20992K, 0% used [0x00000007a4080000,0x00000007a4080000,0x00000007a5500000)
 ParOldGen       total 536576K, used 483658K [0x0000000740000000, 0x0000000760c00000, 0x0000000795580000)
  object space 536576K, 90% used [0x0000000740000000,0x000000075d852ba8,0x0000000760c00000)
 Metaspace       used 150854K, capacity 171833K, committed 171968K, reserved 1198080K
  class space    used 17952K, capacity 23457K, committed 23552K, reserved 1048576K
Event: 374431.849 GC heap after
Heap after GC invocations=421 (full 6):
 PSYoungGen      total 242176K, used 18226K [0x0000000795580000, 0x00000007a5a00000, 0x00000007c0000000)
  eden space 223744K, 0% used [0x0000000795580000,0x0000000795580000,0x00000007a3000000)
  from space 18432K, 98% used [0x00000007a4080000,0x00000007a524c9a0,0x00000007a5280000)
  to   space 7680K, 0% used [0x00000007a5280000,0x00000007a5280000,0x00000007a5a00000)
 ParOldGen       total 536576K, used 487691K [0x0000000740000000, 0x0000000760c00000, 0x0000000795580000)
  object space 536576K, 90% used [0x0000000740000000,0x000000075dc42c20,0x0000000760c00000)
 Metaspace       used 150854K, capacity 171833K, committed 171968K, reserved 1198080K
  class space    used 17952K, capacity 23457K, committed 23552K, reserved 1048576K
}

Deoptimization events (10 events):
Event: 370043.139 Thread 0x00007f96c0359000 Uncommon trap: reason=unstable_if action=reinterpret pc=0x000000011723dd40 method=org.netbeans.modules.project.ui.ProjectsRootNode$BadgingNode.run()V @ 40
Event: 374422.115 Thread 0x00007f96b5384800 Uncommon trap: reason=speculate_class_check action=maybe_recompile pc=0x000000011b84f7cc method=sun.awt.image.BufImgSurfaceData.createData(Ljava/awt/image/BufferedImage;)Lsun/java2d/SurfaceData; @ 423
Event: 374422.202 Thread 0x00007f96b5384800 Uncommon trap: reason=unstable_if action=reinterpret pc=0x000000011d98a53c method=sun.java2d.SunGraphics2D.setTransform(Ljava/awt/geom/AffineTransform;)V @ 9
Event: 374422.203 Thread 0x00007f96b5384800 Uncommon trap: reason=unstable_if action=reinterpret pc=0x000000011b315108 method=sun.java2d.SunGraphics2D.setTransform(Ljava/awt/geom/AffineTransform;)V @ 9
Event: 374422.211 Thread 0x00007f96b5384800 Uncommon trap: reason=range_check action=make_not_entrant pc=0x000000011ca56a10 method=java.awt.geom.AffineTransform.<init>([D)V @ 7
Event: 374422.243 Thread 0x00007f96b5384800 Uncommon trap: reason=unstable_if action=reinterpret pc=0x000000011cd87078 method=java.awt.font.FontRenderContext.hashCode()I @ 4
Event: 374422.245 Thread 0x00007f96b5384800 Uncommon trap: reason=unstable_if action=reinterpret pc=0x00000001172f82a0 method=java.awt.font.FontRenderContext.hashCode()I @ 4
Event: 374422.339 Thread 0x00007f96b5384800 Uncommon trap: reason=bimorphic action=maybe_recompile pc=0x00000001192a3fc0 method=javax.swing.JRootPane$RootLayout.layoutContainer(Ljava/awt/Container;)V @ 109
Event: 374423.254 Thread 0x00007f96b5384800 Uncommon trap: reason=bimorphic action=maybe_recompile pc=0x000000011ba7c078 method=sun.awt.datatransfer.TransferableProxy.isDataFlavorSupported(Ljava/awt/datatransfer/DataFlavor;)Z @ 5
Event: 374423.258 Thread 0x00007f96b5384800 Uncommon trap: reason=class_check action=maybe_recompile pc=0x000000011cfbd098 method=java.awt.Component.requestFocusHelper(ZZLsun/awt/CausedFocusEvent$Cause;)Z @ 23

Internal exceptions (10 events):
Event: 370043.677 Thread 0x00007f96bc9c9800 Exception <a 'sun/nio/fs/UnixException'> (0x000000079c85e600) thrown at [/Users/java_re/workspace/8-2-build-macosx-x86_64/jdk8u131/8869/hotspot/src/share/vm/prims/jni.cpp, line 709]
Event: 370043.677 Thread 0x00007f96bba7f000 Exception <a 'java/io/FileNotFoundException'> (0x000000079c7c9e70) thrown at [/Users/java_re/workspace/8-2-build-macosx-x86_64/jdk8u131/8869/hotspot/src/share/vm/prims/jni.cpp, line 709]
Event: 370051.758 Thread 0x00007f96bcfc4000 Exception <a 'sun/nio/fs/UnixException'> (0x00000007a00905c8) thrown at [/Users/java_re/workspace/8-2-build-macosx-x86_64/jdk8u131/8869/hotspot/src/share/vm/prims/jni.cpp, line 709]
Event: 370051.760 Thread 0x00007f96bcfc4000 Exception <a 'sun/nio/fs/UnixException'> (0x00000007a0096918) thrown at [/Users/java_re/workspace/8-2-build-macosx-x86_64/jdk8u131/8869/hotspot/src/share/vm/prims/jni.cpp, line 709]
Event: 370051.761 Thread 0x00007f96bcfc4000 Exception <a 'sun/nio/fs/UnixException'> (0x00000007a009f4f0) thrown at [/Users/java_re/workspace/8-2-build-macosx-x86_64/jdk8u131/8869/hotspot/src/share/vm/prims/jni.cpp, line 709]
Event: 370051.761 Thread 0x00007f96bcfc4000 Exception <a 'java/io/FileNotFoundException'> (0x00000007a00a0178) thrown at [/Users/java_re/workspace/8-2-build-macosx-x86_64/jdk8u131/8869/hotspot/src/share/vm/prims/jni.cpp, line 709]
Event: 370051.761 Thread 0x00007f96bcfc4000 Exception <a 'java/io/FileNotFoundException'> (0x00000007a00a0d00) thrown at [/Users/java_re/workspace/8-2-build-macosx-x86_64/jdk8u131/8869/hotspot/src/share/vm/prims/jni.cpp, line 709]
Event: 370051.761 Thread 0x00007f96bcfc4000 Exception <a 'java/io/FileNotFoundException'> (0x00000007a00a18d0) thrown at [/Users/java_re/workspace/8-2-build-macosx-x86_64/jdk8u131/8869/hotspot/src/share/vm/prims/jni.cpp, line 709]
Event: 370051.761 Thread 0x00007f96bcfc4000 Exception <a 'java/io/FileNotFoundException'> (0x00000007a00a24f8) thrown at [/Users/java_re/workspace/8-2-build-macosx-x86_64/jdk8u131/8869/hotspot/src/share/vm/prims/jni.cpp, line 709]
Event: 370051.761 Thread 0x00007f96bcfc4000 Exception <a 'java/io/FileNotFoundException'> (0x00000007a00a3148) thrown at [/Users/java_re/workspace/8-2-build-macosx-x86_64/jdk8u131/8869/hotspot/src/share/vm/prims/jni.cpp, line 709]

Events (10 events):
Event: 374430.468 loading class org/netbeans/modules/spellchecker/ComponentPeer
Event: 374430.468 loading class org/netbeans/modules/spellchecker/ComponentPeer done
Event: 374431.248 loading class org/netbeans/modules/spellchecker/ComponentPeer
Event: 374431.248 loading class org/netbeans/modules/spellchecker/ComponentPeer done
Event: 374431.562 loading class org/netbeans/modules/spellchecker/ComponentPeer
Event: 374431.562 loading class org/netbeans/modules/spellchecker/ComponentPeer done
Event: 374431.691 Executing VM operation: FindDeadlocks
Event: 374431.692 Executing VM operation: FindDeadlocks done
Event: 374431.705 Executing VM operation: ParallelGCFailedAllocation
Event: 374431.849 Executing VM operation: ParallelGCFailedAllocation done


Dynamic libraries:
0x00000000061a1000 	/System/Library/Frameworks/Cocoa.framework/Versions/A/Cocoa
0x00000000061a1000 	/System/Library/Frameworks/Security.framework/Versions/A/Security
0x00000000061a1000 	/System/Library/Frameworks/ApplicationServices.framework/Versions/A/ApplicationServices
0x00000000061a1000 	/usr/lib/libz.1.dylib
0x00000000061a1000 	/usr/lib/libSystem.B.dylib
0x00000000061a1000 	/usr/lib/libobjc.A.dylib
0x00000000061a1000 	/System/Library/Frameworks/CoreFoundation.framework/Versions/A/CoreFoundation
0x00000000061a1000 	/System/Library/Frameworks/Foundation.framework/Versions/C/Foundation
0x00000000061a1000 	/System/Library/Frameworks/AppKit.framework/Versions/C/AppKit
0x00000000061a1000 	/System/Library/Frameworks/CoreData.framework/Versions/A/CoreData
0x00000000061a1000 	/System/Library/PrivateFrameworks/RemoteViewServices.framework/Versions/A/RemoteViewServices
0x00000000061a1000 	/System/Library/PrivateFrameworks/UIFoundation.framework/Versions/A/UIFoundation
0x00000000061a1000 	/System/Library/PrivateFrameworks/DFRFoundation.framework/Versions/A/DFRFoundation
0x00000000061a1000 	/usr/lib/libenergytrace.dylib
0x00000000061a1000 	/System/Library/PrivateFrameworks/SkyLight.framework/Versions/A/SkyLight
0x00000000061a1000 	/System/Library/Frameworks/CoreGraphics.framework/Versions/A/CoreGraphics
0x00000000061a1000 	/usr/lib/libScreenReader.dylib
0x00000000061a1000 	/System/Library/Frameworks/Accelerate.framework/Versions/A/Accelerate
0x00000000061a1000 	/System/Library/Frameworks/IOSurface.framework/Versions/A/IOSurface
0x00000000061a1000 	/System/Library/Frameworks/AudioToolbox.framework/Versions/A/AudioToolbox
0x00000000061a1000 	/System/Library/Frameworks/AudioUnit.framework/Versions/A/AudioUnit
0x00000000061a1000 	/System/Library/PrivateFrameworks/DataDetectorsCore.framework/Versions/A/DataDetectorsCore
0x00000000061a1000 	/System/Library/PrivateFrameworks/DesktopServicesPriv.framework/Versions/A/DesktopServicesPriv
0x00000000061a1000 	/System/Library/Frameworks/Carbon.framework/Versions/A/Frameworks/HIToolbox.framework/Versions/A/HIToolbox
0x00000000061a1000 	/usr/lib/libicucore.A.dylib
0x00000000061a1000 	/System/Library/Frameworks/QuartzCore.framework/Versions/A/QuartzCore
0x00000000061a1000 	/System/Library/Frameworks/Carbon.framework/Versions/A/Frameworks/SpeechRecognition.framework/Versions/A/SpeechRecognition
0x00000000061a1000 	/usr/lib/libauto.dylib
0x00000000061a1000 	/usr/lib/libxml2.2.dylib
0x00000000061a1000 	/System/Library/PrivateFrameworks/CoreUI.framework/Versions/A/CoreUI
0x00000000061a1000 	/System/Library/Frameworks/CoreAudio.framework/Versions/A/CoreAudio
0x00000000061a1000 	/System/Library/Frameworks/DiskArbitration.framework/Versions/A/DiskArbitration
0x00000000061a1000 	/usr/lib/liblangid.dylib
0x00000000061a1000 	/System/Library/PrivateFrameworks/MultitouchSupport.framework/Versions/A/MultitouchSupport
0x00000000061a1000 	/System/Library/Frameworks/IOKit.framework/Versions/A/IOKit
0x00000000061a1000 	/usr/lib/libDiagnosticMessagesClient.dylib
0x00000000061a1000 	/System/Library/Frameworks/CoreServices.framework/Versions/A/CoreServices
0x00000000061a1000 	/System/Library/PrivateFrameworks/PerformanceAnalysis.framework/Versions/A/PerformanceAnalysis
0x00000000061a1000 	/System/Library/PrivateFrameworks/GenerationalStorage.framework/Versions/A/GenerationalStorage
0x00000000061a1000 	/System/Library/Frameworks/OpenGL.framework/Versions/A/OpenGL
0x00000000061a1000 	/System/Library/Frameworks/CoreImage.framework/Versions/A/CoreImage
0x00000000061a1000 	/System/Library/Frameworks/CoreText.framework/Versions/A/CoreText
0x00000000061a1000 	/System/Library/Frameworks/ImageIO.framework/Versions/A/ImageIO
0x00000000061a1000 	/System/Library/PrivateFrameworks/Backup.framework/Versions/A/Backup
0x00000000061a1000 	/usr/lib/libarchive.2.dylib
0x00000000061a1000 	/System/Library/Frameworks/CFNetwork.framework/Versions/A/CFNetwork
0x00000000061a1000 	/System/Library/Frameworks/SystemConfiguration.framework/Versions/A/SystemConfiguration
0x00000000061a1000 	/usr/lib/libCRFSuite.dylib
0x00000000061a1000 	/usr/lib/libc++.1.dylib
0x00000000061a1000 	/usr/lib/libc++abi.dylib
0x00000000061a1000 	/usr/lib/system/libcache.dylib
0x00000000061a1000 	/usr/lib/system/libcommonCrypto.dylib
0x00000000061a1000 	/usr/lib/system/libcompiler_rt.dylib
0x00000000061a1000 	/usr/lib/system/libcopyfile.dylib
0x00000000061a1000 	/usr/lib/system/libcorecrypto.dylib
0x00000000061a1000 	/usr/lib/system/libdispatch.dylib
0x00000000061a1000 	/usr/lib/system/libdyld.dylib
0x00000000061a1000 	/usr/lib/system/libkeymgr.dylib
0x00000000061a1000 	/usr/lib/system/liblaunch.dylib
0x00000000061a1000 	/usr/lib/system/libmacho.dylib
0x00000000061a1000 	/usr/lib/system/libquarantine.dylib
0x00000000061a1000 	/usr/lib/system/libremovefile.dylib
0x00000000061a1000 	/usr/lib/system/libsystem_asl.dylib
0x00000000061a1000 	/usr/lib/system/libsystem_blocks.dylib
0x00000000061a1000 	/usr/lib/system/libsystem_c.dylib
0x00000000061a1000 	/usr/lib/system/libsystem_configuration.dylib
0x00000000061a1000 	/usr/lib/system/libsystem_coreservices.dylib
0x00000000061a1000 	/usr/lib/system/libsystem_coretls.dylib
0x00000000061a1000 	/usr/lib/system/libsystem_dnssd.dylib
0x00000000061a1000 	/usr/lib/system/libsystem_info.dylib
0x00000000061a1000 	/usr/lib/system/libsystem_kernel.dylib
0x00000000061a1000 	/usr/lib/system/libsystem_m.dylib
0x00000000061a1000 	/usr/lib/system/libsystem_malloc.dylib
0x00000000061a1000 	/usr/lib/system/libsystem_network.dylib
0x00000000061a1000 	/usr/lib/system/libsystem_networkextension.dylib
0x00000000061a1000 	/usr/lib/system/libsystem_notify.dylib
0x00000000061a1000 	/usr/lib/system/libsystem_platform.dylib
0x00000000061a1000 	/usr/lib/system/libsystem_pthread.dylib
0x00000000061a1000 	/usr/lib/system/libsystem_sandbox.dylib
0x00000000061a1000 	/usr/lib/system/libsystem_secinit.dylib
0x00000000061a1000 	/usr/lib/system/libsystem_symptoms.dylib
0x00000000061a1000 	/usr/lib/system/libsystem_trace.dylib
0x00000000061a1000 	/usr/lib/system/libunwind.dylib
0x00000000061a1000 	/usr/lib/system/libxpc.dylib
0x00000000061a1000 	/usr/lib/libbsm.0.dylib
0x00000000061a1000 	/usr/lib/system/libkxld.dylib
0x00000000061a1000 	/usr/lib/libcoretls.dylib
0x00000000061a1000 	/usr/lib/libcoretls_cfhelpers.dylib
0x00000000061a1000 	/usr/lib/libOpenScriptingUtil.dylib
0x00000000061a1000 	/usr/lib/libpam.2.dylib
0x00000000061a1000 	/usr/lib/libsqlite3.dylib
0x00000000061a1000 	/usr/lib/libxar.1.dylib
0x00000000061a1000 	/usr/lib/libbz2.1.0.dylib
0x00000000061a1000 	/usr/lib/liblzma.5.dylib
0x00000000061a1000 	/usr/lib/libnetwork.dylib
0x00000000061a1000 	/usr/lib/libpcap.A.dylib
0x00000000061a1000 	/System/Library/Frameworks/CoreServices.framework/Versions/A/Frameworks/FSEvents.framework/Versions/A/FSEvents
0x00000000061a1000 	/System/Library/Frameworks/CoreServices.framework/Versions/A/Frameworks/CarbonCore.framework/Versions/A/CarbonCore
0x00000000061a1000 	/System/Library/Frameworks/CoreServices.framework/Versions/A/Frameworks/Metadata.framework/Versions/A/Metadata
0x00000000061a1000 	/System/Library/Frameworks/CoreServices.framework/Versions/A/Frameworks/OSServices.framework/Versions/A/OSServices
0x00000000061a1000 	/System/Library/Frameworks/CoreServices.framework/Versions/A/Frameworks/SearchKit.framework/Versions/A/SearchKit
0x00000000061a1000 	/System/Library/Frameworks/CoreServices.framework/Versions/A/Frameworks/AE.framework/Versions/A/AE
0x00000000061a1000 	/System/Library/Frameworks/CoreServices.framework/Versions/A/Frameworks/LaunchServices.framework/Versions/A/LaunchServices
0x00000000061a1000 	/System/Library/Frameworks/CoreServices.framework/Versions/A/Frameworks/DictionaryServices.framework/Versions/A/DictionaryServices
0x00000000061a1000 	/System/Library/Frameworks/CoreServices.framework/Versions/A/Frameworks/SharedFileList.framework/Versions/A/SharedFileList
0x00000000061a1000 	/System/Library/Frameworks/NetFS.framework/Versions/A/NetFS
0x00000000061a1000 	/System/Library/PrivateFrameworks/NetAuth.framework/Versions/A/NetAuth
0x00000000061a1000 	/System/Library/PrivateFrameworks/login.framework/Versions/A/Frameworks/loginsupport.framework/Versions/A/loginsupport
0x00000000061a1000 	/System/Library/PrivateFrameworks/TCC.framework/Versions/A/TCC
0x00000000061a1000 	/usr/lib/libmecabra.dylib
0x00000000061a1000 	/System/Library/Frameworks/ApplicationServices.framework/Versions/A/Frameworks/ATS.framework/Versions/A/ATS
0x00000000061a1000 	/System/Library/Frameworks/ApplicationServices.framework/Versions/A/Frameworks/ColorSync.framework/Versions/A/ColorSync
0x00000000061a1000 	/System/Library/Frameworks/ApplicationServices.framework/Versions/A/Frameworks/HIServices.framework/Versions/A/HIServices
0x00000000061a1000 	/System/Library/Frameworks/ApplicationServices.framework/Versions/A/Frameworks/LangAnalysis.framework/Versions/A/LangAnalysis
0x00000000061a1000 	/System/Library/Frameworks/ApplicationServices.framework/Versions/A/Frameworks/PrintCore.framework/Versions/A/PrintCore
0x00000000061a1000 	/System/Library/Frameworks/ApplicationServices.framework/Versions/A/Frameworks/QD.framework/Versions/A/QD
0x00000000061a1000 	/System/Library/Frameworks/ApplicationServices.framework/Versions/A/Frameworks/SpeechSynthesis.framework/Versions/A/SpeechSynthesis
0x00000000061a1000 	/System/Library/Frameworks/Accelerate.framework/Versions/A/Frameworks/vImage.framework/Versions/A/vImage
0x00000000061a1000 	/System/Library/Frameworks/Accelerate.framework/Versions/A/Frameworks/vecLib.framework/Versions/A/vecLib
0x00000000061a1000 	/System/Library/Frameworks/Accelerate.framework/Versions/A/Frameworks/vecLib.framework/Versions/A/libvDSP.dylib
0x00000000061a1000 	/System/Library/Frameworks/Accelerate.framework/Versions/A/Frameworks/vecLib.framework/Versions/A/libBNNS.dylib
0x00000000061a1000 	/System/Library/Frameworks/Accelerate.framework/Versions/A/Frameworks/vecLib.framework/Versions/A/libQuadrature.dylib
0x00000000061a1000 	/System/Library/Frameworks/Accelerate.framework/Versions/A/Frameworks/vecLib.framework/Versions/A/libvMisc.dylib
0x00000000061a1000 	/System/Library/Frameworks/Accelerate.framework/Versions/A/Frameworks/vecLib.framework/Versions/A/libLAPACK.dylib
0x00000000061a1000 	/System/Library/Frameworks/Accelerate.framework/Versions/A/Frameworks/vecLib.framework/Versions/A/libBLAS.dylib
0x00000000061a1000 	/System/Library/Frameworks/Accelerate.framework/Versions/A/Frameworks/vecLib.framework/Versions/A/libLinearAlgebra.dylib
0x00000000061a1000 	/System/Library/Frameworks/Accelerate.framework/Versions/A/Frameworks/vecLib.framework/Versions/A/libSparseBLAS.dylib
0x00000000061a1000 	/System/Library/Frameworks/ApplicationServices.framework/Versions/A/Frameworks/ATS.framework/Versions/A/Resources/libFontParser.dylib
0x00000000061a1000 	/System/Library/Frameworks/ApplicationServices.framework/Versions/A/Frameworks/ATS.framework/Versions/A/Resources/libFontRegistry.dylib
0x00000000061a1000 	/System/Library/Frameworks/ImageIO.framework/Versions/A/Resources/libJPEG.dylib
0x00000000061a1000 	/System/Library/Frameworks/ImageIO.framework/Versions/A/Resources/libTIFF.dylib
0x00000000061a1000 	/System/Library/Frameworks/ImageIO.framework/Versions/A/Resources/libPng.dylib
0x00000000061a1000 	/System/Library/Frameworks/ImageIO.framework/Versions/A/Resources/libGIF.dylib
0x00000000061a1000 	/System/Library/Frameworks/ImageIO.framework/Versions/A/Resources/libJP2.dylib
0x00000000061a1000 	/System/Library/Frameworks/ImageIO.framework/Versions/A/Resources/libRadiance.dylib
0x00000000061a1000 	/usr/lib/libcompression.dylib
0x00000000061a1000 	/System/Library/PrivateFrameworks/AppleJPEG.framework/Versions/A/AppleJPEG
0x00000000061a1000 	/usr/lib/libcups.2.dylib
0x00000000061a1000 	/System/Library/Frameworks/Kerberos.framework/Versions/A/Kerberos
0x00000000061a1000 	/System/Library/Frameworks/GSS.framework/Versions/A/GSS
0x00000000061a1000 	/usr/lib/libresolv.9.dylib
0x00000000061a1000 	/usr/lib/libiconv.2.dylib
0x00000000061a1000 	/System/Library/PrivateFrameworks/Heimdal.framework/Versions/A/Heimdal
0x00000000061a1000 	/usr/lib/libheimdal-asn1.dylib
0x00000000061a1000 	/System/Library/Frameworks/OpenDirectory.framework/Versions/A/OpenDirectory
0x00000000061a1000 	/System/Library/PrivateFrameworks/CommonAuth.framework/Versions/A/CommonAuth
0x00000000061a1000 	/System/Library/Frameworks/OpenDirectory.framework/Versions/A/Frameworks/CFOpenDirectory.framework/Versions/A/CFOpenDirectory
0x00000000061a1000 	/System/Library/Frameworks/SecurityFoundation.framework/Versions/A/SecurityFoundation
0x00000000061a1000 	/System/Library/PrivateFrameworks/LanguageModeling.framework/Versions/A/LanguageModeling
0x00000000061a1000 	/usr/lib/libmarisa.dylib
0x00000000061a1000 	/usr/lib/libChineseTokenizer.dylib
0x00000000061a1000 	/usr/lib/libcmph.dylib
0x00000000061a1000 	/System/Library/PrivateFrameworks/CoreEmoji.framework/Versions/A/CoreEmoji
0x00000000061a1000 	/System/Library/Frameworks/ServiceManagement.framework/Versions/A/ServiceManagement
0x00000000061a1000 	/usr/lib/libxslt.1.dylib
0x00000000061a1000 	/System/Library/Frameworks/Carbon.framework/Versions/A/Frameworks/Ink.framework/Versions/A/Ink
0x00000000061a1000 	/System/Library/PrivateFrameworks/TextureIO.framework/Versions/A/TextureIO
0x00000000061a1000 	/System/Library/Frameworks/Metal.framework/Versions/A/Metal
0x00000000061a1000 	/usr/lib/libate.dylib
0x00000000061a1000 	/System/Library/PrivateFrameworks/GPUCompiler.framework/libmetal_timestamp.dylib
0x00000000061a1000 	/System/Library/Frameworks/OpenGL.framework/Versions/A/Libraries/libCoreFSCache.dylib
0x00000000061a1000 	/System/Library/PrivateFrameworks/IOAccelerator.framework/Versions/A/IOAccelerator
0x00000000061a1000 	/System/Library/Frameworks/CoreVideo.framework/Versions/A/CoreVideo
0x00000000061a1000 	/usr/lib/libFosl_dynamic.dylib
0x00000000061a1000 	/System/Library/PrivateFrameworks/MetalPerformanceShaders.framework/Versions/A/MetalPerformanceShaders
0x00000000061a1000 	/System/Library/PrivateFrameworks/FaceCore.framework/Versions/A/FaceCore
0x00000000061a1000 	/System/Library/Frameworks/OpenCL.framework/Versions/A/OpenCL
0x00000000061a1000 	/System/Library/Frameworks/OpenGL.framework/Versions/A/Libraries/libGLU.dylib
0x00000000061a1000 	/System/Library/Frameworks/OpenGL.framework/Versions/A/Libraries/libGFXShared.dylib
0x00000000061a1000 	/System/Library/Frameworks/OpenGL.framework/Versions/A/Libraries/libGL.dylib
0x00000000061a1000 	/System/Library/Frameworks/OpenGL.framework/Versions/A/Libraries/libGLImage.dylib
0x00000000061a1000 	/System/Library/Frameworks/OpenGL.framework/Versions/A/Libraries/libCVMSPluginSupport.dylib
0x00000000061a1000 	/System/Library/Frameworks/OpenGL.framework/Versions/A/Libraries/libCoreVMClient.dylib
0x00000000061a1000 	/System/Library/PrivateFrameworks/CrashReporterSupport.framework/Versions/A/CrashReporterSupport
0x00000000061a1000 	/System/Library/PrivateFrameworks/Sharing.framework/Versions/A/Sharing
0x00000000061a1000 	/System/Library/PrivateFrameworks/IconServices.framework/Versions/A/IconServices
0x00000000061a1000 	/System/Library/PrivateFrameworks/ProtocolBuffer.framework/Versions/A/ProtocolBuffer
0x00000000061a1000 	/System/Library/PrivateFrameworks/Apple80211.framework/Versions/A/Apple80211
0x00000000061a1000 	/System/Library/Frameworks/CoreWLAN.framework/Versions/A/CoreWLAN
0x00000000061a1000 	/System/Library/PrivateFrameworks/CoreUtils.framework/Versions/A/CoreUtils
0x00000000061a1000 	/System/Library/Frameworks/IOBluetooth.framework/Versions/A/IOBluetooth
0x00000000061a1000 	/System/Library/PrivateFrameworks/CoreWiFi.framework/Versions/A/CoreWiFi
0x00000000061a1000 	/System/Library/Frameworks/CoreBluetooth.framework/Versions/A/CoreBluetooth
0x00000000061a1000 	/System/Library/Frameworks/CoreDisplay.framework/Versions/A/CoreDisplay
0x00000000061a1000 	/System/Library/PrivateFrameworks/IOPresentment.framework/Versions/A/IOPresentment
0x00000000061a1000 	/System/Library/PrivateFrameworks/DSExternalDisplay.framework/Versions/A/DSExternalDisplay
0x00000000061a1000 	/System/Library/PrivateFrameworks/DebugSymbols.framework/Versions/A/DebugSymbols
0x00000000061a1000 	/System/Library/PrivateFrameworks/CoreSymbolication.framework/Versions/A/CoreSymbolication
0x00000000061a1000 	/System/Library/PrivateFrameworks/Symbolication.framework/Versions/A/Symbolication
0x00000000061a1000 	/System/Library/PrivateFrameworks/AppleFSCompression.framework/Versions/A/AppleFSCompression
0x00000000061a1000 	/System/Library/PrivateFrameworks/SpeechRecognitionCore.framework/Versions/A/SpeechRecognitionCore
0x00000000061a1000 	/System/Library/PrivateFrameworks/ChunkingLibrary.framework/Versions/A/ChunkingLibrary
0x000000010b200000 	/Library/Java/JavaVirtualMachines/jdk1.8.0_131.jdk/Contents/Home/jre/lib/server/libjvm.dylib
0x00000000061a1000 	/usr/lib/libstdc++.6.dylib
0x000000010a8f8000 	/Library/Java/JavaVirtualMachines/jdk1.8.0_131.jdk/Contents/Home/jre/lib/libverify.dylib
0x000000010a906000 	/Library/Java/JavaVirtualMachines/jdk1.8.0_131.jdk/Contents/Home/jre/lib/libjava.dylib
0x000000010a945000 	/Library/Java/JavaVirtualMachines/jdk1.8.0_131.jdk/Contents/Home/jre/lib/libzip.dylib
0x0000000112a5b000 	/System/Library/Frameworks/JavaVM.framework/Frameworks/JavaRuntimeSupport.framework/JavaRuntimeSupport
0x0000000112a75000 	/System/Library/Frameworks/JavaVM.framework/Versions/A/Frameworks/JavaNativeFoundation.framework/Versions/A/JavaNativeFoundation
0x0000000112a8a000 	/System/Library/Frameworks/JavaVM.framework/Versions/A/JavaVM
0x00000000061a1000 	/System/Library/Frameworks/Carbon.framework/Versions/A/Carbon
0x0000000112a97000 	/System/Library/PrivateFrameworks/JavaLaunching.framework/Versions/A/JavaLaunching
0x00000000061a1000 	/System/Library/Frameworks/Carbon.framework/Versions/A/Frameworks/CommonPanels.framework/Versions/A/CommonPanels
0x00000000061a1000 	/System/Library/Frameworks/Carbon.framework/Versions/A/Frameworks/Help.framework/Versions/A/Help
0x00000000061a1000 	/System/Library/Frameworks/Carbon.framework/Versions/A/Frameworks/ImageCapture.framework/Versions/A/ImageCapture
0x00000000061a1000 	/System/Library/Frameworks/Carbon.framework/Versions/A/Frameworks/OpenScripting.framework/Versions/A/OpenScripting
0x00000000061a1000 	/System/Library/Frameworks/Carbon.framework/Versions/A/Frameworks/Print.framework/Versions/A/Print
0x00000000061a1000 	/System/Library/Frameworks/Carbon.framework/Versions/A/Frameworks/SecurityHI.framework/Versions/A/SecurityHI
0x00000001143a4000 	/Library/Java/JavaVirtualMachines/jdk1.8.0_131.jdk/Contents/Home/jre/lib/libnio.dylib
0x00000001143b4000 	/Library/Java/JavaVirtualMachines/jdk1.8.0_131.jdk/Contents/Home/jre/lib/./libnet.dylib
0x00000001144b0000 	/Library/Java/JavaVirtualMachines/jdk1.8.0_131.jdk/Contents/Home/jre/lib/libawt.dylib
0x0000000114558000 	/Library/Java/JavaVirtualMachines/jdk1.8.0_131.jdk/Contents/Home/jre/lib/./libmlib_image.dylib
0x0000000114624000 	/Library/Java/JavaVirtualMachines/jdk1.8.0_131.jdk/Contents/Home/jre/lib/libawt_lwawt.dylib
0x00000001146db000 	/Library/Java/JavaVirtualMachines/jdk1.8.0_131.jdk/Contents/Home/jre/lib/./libosxapp.dylib
0x00000000061a1000 	/System/Library/Frameworks/ExceptionHandling.framework/Versions/A/ExceptionHandling
0x00000000061a1000 	/System/Library/PrivateFrameworks/CoreServicesInternal.framework/Versions/A/CoreServicesInternal
0x00000000061a1000 	/System/Library/CoreServices/RawCamera.bundle/Contents/MacOS/RawCamera
0x00000001154f9000 	/System/Library/Frameworks/Accelerate.framework/Frameworks/vImage.framework/Versions/A/Libraries/libCGInterfaces.dylib
0x00000000061a1000 	/System/Library/Frameworks/ApplicationServices.framework/Versions/A/Frameworks/ATS.framework/Versions/A/Resources/libTrueTypeScaler.dylib
0x0000000116243000 	/System/Library/Frameworks/OpenGL.framework/Resources/GLEngine.bundle/GLEngine
0x00000000061a1000 	/System/Library/Frameworks/OpenGL.framework/Versions/A/Libraries/libGLProgrammability.dylib
0x0000000128f02000 	/System/Library/Extensions/AppleIntelBDWGraphicsGLDriver.bundle/Contents/MacOS/AppleIntelBDWGraphicsGLDriver
0x00000000061a1000 	/System/Library/PrivateFrameworks/GPUSupport.framework/Versions/A/Libraries/libGPUSupportMercury.dylib
0x00000001156d1000 	/System/Library/Frameworks/OpenGL.framework/Resources//GLRendererFloat.bundle/GLRendererFloat
0x00000000061a1000 	/System/Library/Frameworks/OpenCL.framework/Versions/A/Libraries/libcldcpuengine.dylib
0x00000000061a1000 	/usr/lib/libcrypto.0.9.8.dylib
0x00000000061a1000 	/System/Library/PrivateFrameworks/TrustEvaluationAgent.framework/Versions/A/TrustEvaluationAgent
0x0000000116428000 	/System/Library/Extensions/AppleIntelBDWGraphicsMTLDriver.bundle/Contents/MacOS/AppleIntelBDWGraphicsMTLDriver
0x00000000061a1000 	/System/Library/PrivateFrameworks/FamilyControls.framework/Versions/A/FamilyControls
0x00000000061a1000 	/System/Library/PrivateFrameworks/CommerceKit.framework/Versions/A/Frameworks/CommerceCore.framework/Versions/A/CommerceCore
0x00000000061a1000 	/System/Library/PrivateFrameworks/SystemAdministration.framework/Versions/A/SystemAdministration
0x00000000061a1000 	/System/Library/PrivateFrameworks/AppContainer.framework/Versions/A/AppContainer
0x00000000061a1000 	/System/Library/PrivateFrameworks/SecCodeWrapper.framework/Versions/A/SecCodeWrapper
0x00000000061a1000 	/System/Library/Frameworks/DirectoryService.framework/Versions/A/DirectoryService
0x00000000061a1000 	/System/Library/PrivateFrameworks/DiskImages.framework/Versions/A/DiskImages
0x00000000061a1000 	/System/Library/PrivateFrameworks/LoginUIKit.framework/Versions/A/Frameworks/LoginUICore.framework/Versions/A/LoginUICore
0x00000000061a1000 	/usr/lib/libCoreStorage.dylib
0x00000000061a1000 	/usr/lib/libcsfde.dylib
0x00000000061a1000 	/usr/lib/libodfde.dylib
0x00000000061a1000 	/System/Library/Frameworks/DiscRecording.framework/Versions/A/DiscRecording
0x00000000061a1000 	/usr/lib/libcurl.4.dylib
0x00000000061a1000 	/System/Library/PrivateFrameworks/MediaKit.framework/Versions/A/MediaKit
0x00000000061a1000 	/System/Library/PrivateFrameworks/ProtectedCloudStorage.framework/Versions/A/ProtectedCloudStorage
0x00000000061a1000 	/System/Library/PrivateFrameworks/EFILogin.framework/Versions/A/EFILogin
0x00000000061a1000 	/usr/lib/libutil.dylib
0x00000000061a1000 	/System/Library/Frameworks/LDAP.framework/Versions/A/LDAP
0x00000000061a1000 	/usr/lib/libsasl2.2.dylib
0x00000000061a1000 	/System/Library/PrivateFrameworks/CoreDaemon.framework/Versions/B/CoreDaemon
0x00000000061a1000 	/System/Library/PrivateFrameworks/AppleSRP.framework/Versions/A/AppleSRP
0x00000000061a1000 	/System/Library/PrivateFrameworks/APFS.framework/Versions/A/APFS
0x00000000061a1000 	/System/Library/PrivateFrameworks/ViewBridge.framework/Versions/A/ViewBridge
0x00000000061a1000 	/System/Library/PrivateFrameworks/XPCService.framework/Versions/A/XPCService
0x00000000061a1000 	/System/Library/PrivateFrameworks/AppSandbox.framework/Versions/A/AppSandbox
0x00000000061a1000 	/usr/lib/libsandbox.1.dylib
0x00000000061a1000 	/usr/lib/libMatch.1.dylib
0x000000012b138000 	/Library/Java/JavaVirtualMachines/jdk1.8.0_131.jdk/Contents/Home/jre/lib/libsplashscreen.dylib
0x000000012b191000 	/Library/Java/JavaVirtualMachines/jdk1.8.0_131.jdk/Contents/Home/jre/lib/libfontmanager.dylib
0x00000001156c4000 	/Library/Java/JavaVirtualMachines/jdk1.8.0_131.jdk/Contents/Home/jre/lib/libosxui.dylib
0x000000012e1b3000 	/Applications/NetBeans/Apache NetBeans 11.1.app/Contents/Resources/NetBeans/platform/modules/lib/libjnidispatch-440.jnilib
0x000000011610c000 	/Library/Java/JavaVirtualMachines/jdk1.8.0_131.jdk/Contents/Home/jre/lib/libmanagement.dylib
0x00000001161c7000 	/Library/Java/JavaVirtualMachines/jdk1.8.0_131.jdk/Contents/Home/jre/lib/libjpeg.dylib
0x000000012ccbf000 	/Library/Java/JavaVirtualMachines/jdk1.8.0_131.jdk/Contents/Home/jre/lib/libdcpr.dylib
0x00000000061a1000 	/System/Library/PrivateFrameworks/CloudDocs.framework/Versions/A/CloudDocs
0x00000000061a1000 	/System/Library/Frameworks/CloudKit.framework/Versions/A/CloudKit
0x00000000061a1000 	/System/Library/PrivateFrameworks/MMCS.framework/Versions/A/MMCS
0x00000000061a1000 	/System/Library/Frameworks/CoreLocation.framework/Versions/A/CoreLocation
0x00000000061a1000 	/System/Library/PrivateFrameworks/AssetCacheServices.framework/Versions/A/AssetCacheServices
0x00000000061a1000 	/System/Library/PrivateFrameworks/GeoServices.framework/Versions/A/GeoServices
0x0000000125f9f000 	/Library/Java/JavaVirtualMachines/jdk1.8.0_131.jdk/Contents/Home/jre/lib/libsunec.dylib
0x00000000061a1000 	/System/Library/PrivateFrameworks/Shortcut.framework/Versions/A/Shortcut
0x00000000061a1000 	/System/Library/PrivateFrameworks/HelpData.framework/Versions/A/HelpData
0x0000000114de2000 	cl_kernels
0x0000000166493000 	/System/Library/Frameworks/OpenCL.framework/Versions/A/Libraries/ImageFormats/unorm8_bgra.dylib

VM Arguments:
jvm_args: -Djdk.home=/Library/Java/JavaVirtualMachines/jdk1.8.0_131.jdk/Contents/Home -Dnetbeans.default_userdir_root=/Users/dthurston/Library/Application Support/NetBeans -Dnetbeans.dirs=/Applications/NetBeans/Apache NetBeans 11.1.app/Contents/Resources/NetBeans/nb:/Applications/NetBeans/Apache NetBeans 11.1.app/Contents/Resources/NetBeans/ergonomics:/Applications/NetBeans/Apache NetBeans 11.1.app/Contents/Resources/NetBeans/ide:/Applications/NetBeans/Apache NetBeans 11.1.app/Contents/Resources/NetBeans/extide:/Applications/NetBeans/Apache NetBeans 11.1.app/Contents/Resources/NetBeans/java:/Applications/NetBeans/Apache NetBeans 11.1.app/Contents/Resources/NetBeans/apisupport:/Applications/NetBeans/Apache NetBeans 11.1.app/Contents/Resources/NetBeans/webcommon:/Applications/NetBeans/Apache NetBeans 11.1.app/Contents/Resources/NetBeans/websvccommon:/Applications/NetBeans/Apache NetBeans 11.1.app/Contents/Resources/NetBeans/enterprise:/Applications/NetBeans/Apache NetBeans 11.1.app/Contents/Resources/NetBeans/mobility:/Applications/NetBeans/Apache NetBeans 11.1.app/Contents/Resources/NetBeans/profiler:/Applications/NetBeans/Apache NetBeans 11.1.app/Contents/Resources/NetBeans/python:/Applications/NetBeans/Apache NetBeans 11.1.app/Contents/Resources/NetBeans/php:/Applications/NetBeans/Apache NetBeans 11.1.app/Contents/Resources/NetBeans/identity:/Applications/NetBeans/Apache NetBeans 11.1.app/Contents/Resources/NetBeans/harness:/Applications/NetBeans/Apache NetBeans 11.1.app/Contents/Resources/NetBeans/cnd:/Applications/NetBeans/Apache NetBeans 11.1.app/Contents/Resources/NetBeans/cndext:/Applications/NetBeans/Apache NetBeans 11.1.app/Contents/Resources/NetBeans/dlight:/Applications/NetBeans/Apache NetBeans 11.1.app/Contents/Resources/NetBeans/groovy:/Applications/NetBeans/Apache NetBeans 11.1.app/Contents/Resources/NetBeans/extra:/Applications/NetBeans/Apache NetBeans 11.1.app/Contents/Resources/NetBeans/javacard:/Applications/NetBeans/Apache NetBeans 11.1.app/Contents/Resources/NetBeans/javafx: -Dnetbeans.home=/Applications/NetBeans/Apache NetBeans 11.1.app/Contents/Resources/NetBeans/platform -Dnetbeans.importclass=org.netbeans.upgrade.AutoUpgrade -XX:+UseStringDeduplication -Xss2m -Djdk.gtk.version=2.2 -Dapple.laf.useScreenMenuBar=true -Dapple.awt.graphics.UseQuartz=true -Dsun.java2d.noddraw=true -Dsun.java2d.dpiaware=true -Dsun.zip.disableMemoryMapping=true -Dplugin.manager.check.updates=false -Dnetbeans.extbrowser.manual_chrome_plugin_install=yes --add-opens=java.base/java.net=ALL-UNNAMED --add-opens=java.base/java.lang.ref=ALL-UNNAMED --add-opens=java.base/java.lang=ALL-UNNAMED --add-opens=java.base/java.security=ALL-UNNAMED --add-opens=java.base/java.util=ALL-UNNAMED --add-opens=java.desktop/javax.swing.plaf.basic=ALL-UNNAMED --add-opens=java.desktop/javax.swing.text=ALL-UNNAMED --add-opens=java.desktop/javax.swing=ALL-UNNAMED --add-opens=java.desktop/java.awt=ALL-UNNAMED --add-opens=java.desktop/java.awt.event=ALL-UNNAMED --add-opens=java.prefs/java.util.prefs=ALL-UNNAMED --add-opens=jdk.jshell/jdk.jshell=ALL-UNNAMED --add-modules=jdk.jshell --add-exports=java.desktop/sun.awt=ALL-UNNAMED --add-exports=java.desktop/java.awt.peer=ALL-UNNAMED --add-exports=java.desktop/com.sun.beans.editors=ALL-UNNAMED --add-exports=java.desktop/sun.swing=ALL-UNNAMED --add-exports=java.desktop/sun.awt.im=ALL-UNNAMED --add-exports=jdk.internal.jvmstat/sun.jvmstat.monitor=ALL-UNNAMED --add-exports=java.management/sun.management=ALL-UNNAMED --add-exports=java.base/sun.reflect.annotation=ALL-UNNAMED --add-exports=jdk.javadoc/com.sun.tools.javadoc.main=ALL-UNNAMED -XX:+IgnoreUnrecognizedVMOptions -XX:+HeapDumpOnOutOfMemoryError -XX:HeapDumpPath=/Users/dthurston/Library/Application Support/NetBeans/11.1/var/log/heapdump.hprof 
java_command: org.netbeans.Main --cachedir /Users/dthurston/Library/Caches/NetBeans/11.1 --userdir /Users/dthurston/Library/Application Support/NetBeans/11.1 --branding nb
java_class_path (initial): /Applications/NetBeans/Apache NetBeans 11.1.app/Contents/Resources/NetBeans/platform/lib/boot.jar:/Applications/NetBeans/Apache NetBeans 11.1.app/Contents/Resources/NetBeans/platform/lib/org-openide-modules.jar:/Applications/NetBeans/Apache NetBeans 11.1.app/Contents/Resources/NetBeans/platform/lib/org-openide-util-lookup.jar:/Applications/NetBeans/Apache NetBeans 11.1.app/Contents/Resources/NetBeans/platform/lib/org-openide-util-ui.jar:/Applications/NetBeans/Apache NetBeans 11.1.app/Contents/Resources/NetBeans/platform/lib/org-openide-util.jar:/Library/Java/JavaVirtualMachines/jdk1.8.0_131.jdk/Contents/Home/lib/dt.jar:/Library/Java/JavaVirtualMachines/jdk1.8.0_131.jdk/Contents/Home/lib/tools.jar
Launcher Type: SUN_STANDARD

Environment Variables:
PATH=/Library/Frameworks/Python.framework/Versions/3.6/bin:/Users/dthurston/.rbenv/shims:/Library/Frameworks/Python.framework/Versions/2.7/bin:/usr/local/bin:/usr/bin:/bin:/usr/sbin:/sbin:/Library/Frameworks/Mono.framework/Versions/Current/Commands:/Applications/Wireshark.app/Contents/MacOS:/Users/dthurston/Projects
SHELL=/bin/bash

Signal Handlers:
SIGSEGV: [libjvm.dylib+0x5b1eb1], sa_mask[0]=11111111011111110111111111111111, sa_flags=SA_ONSTACK|SA_RESTART|SA_SIGINFO
SIGBUS: [libjvm.dylib+0x5b1eb1], sa_mask[0]=11111111011111110111111111111111, sa_flags=SA_RESTART|SA_SIGINFO
SIGFPE: [libjvm.dylib+0x488988], sa_mask[0]=11111111011111110111111111111111, sa_flags=SA_RESTART|SA_SIGINFO
SIGPIPE: [libjvm.dylib+0x488988], sa_mask[0]=11111111011111110111111111111111, sa_flags=SA_RESTART|SA_SIGINFO
SIGXFSZ: [libjvm.dylib+0x488988], sa_mask[0]=11111111011111110111111111111111, sa_flags=SA_RESTART|SA_SIGINFO
SIGILL: [libjvm.dylib+0x488988], sa_mask[0]=11111111011111110111111111111111, sa_flags=SA_RESTART|SA_SIGINFO
SIGUSR1: SIG_DFL, sa_mask[0]=11011111011111100000000111000110, sa_flags=none
SIGUSR2: [libjvm.dylib+0x4884a6], sa_mask[0]=00000000000000000000000000000000, sa_flags=SA_RESTART|SA_SIGINFO
SIGHUP: [libjvm.dylib+0x486a7d], sa_mask[0]=11111111011111110111111111111111, sa_flags=SA_RESTART|SA_SIGINFO
SIGINT: SIG_IGN, sa_mask[0]=00000000000000000000000000000000, sa_flags=none
SIGTERM: [libjvm.dylib+0x486a7d], sa_mask[0]=11111111011111110111111111111111, sa_flags=SA_RESTART|SA_SIGINFO
SIGQUIT: [libjvm.dylib+0x486a7d], sa_mask[0]=11111111011111110111111111111111, sa_flags=SA_RESTART|SA_SIGINFO


---------------  S Y S T E M  ---------------

OS:Bsduname:Darwin 16.7.0 Darwin Kernel Version 16.7.0: Sun Jun  2 20:26:31 PDT 2019; root:xnu-3789.73.50~1/RELEASE_X86_64 x86_64
rlimit: STACK 8192k, CORE 0k, NPROC 709, NOFILE 10240, AS infinity
load average:2.10 2.21 2.28

CPU:total 4 (initial active 4) (2 cores per cpu, 2 threads per core) family 6 model 61 stepping 4, cmov, cx8, fxsr, mmx, sse, sse2, sse3, ssse3, sse4.1, sse4.2, popcnt, avx, avx2, aes, clmul, erms, rtm, 3dnowpref, lzcnt, ht, tsc, tscinvbit, bmi1, bmi2, adx

Memory: 4k page, physical 8388608k(19084k free)

/proc/meminfo:


vm_info: Java HotSpot(TM) 64-Bit Server VM (25.131-b11) for bsd-amd64 JRE (1.8.0_131-b11), built on Mar 15 2017 01:32:22 by "java_re" with gcc 4.2.1 (Based on Apple Inc. build 5658) (LLVM build 2336.11.00)

time: Thu Dec 19 16:30:39 2019
elapsed time: 374431 seconds (4d 8h 0m 31s)

