#
# A fatal error has been detected by the Java Runtime Environment:
#
#  SIGSEGV (0xb) at pc=0x0000000125fe33bf, pid=7813, tid=0x000000000000e017
#
# JRE version: Java(TM) SE Runtime Environment (8.0_131-b11) (build 1.8.0_131-b11)
# Java VM: Java HotSpot(TM) 64-Bit Server VM (25.131-b11 mixed mode bsd-amd64 compressed oops)
# Problematic frame:
# C  [libawt_lwawt.dylib+0x1c3bf]  OGLSD_SetScratchSurface+0x49
#
# Failed to write core dump. Core dumps have been disabled. To enable core dumping, try "ulimit -c unlimited" before starting Java again
#
# If you would like to submit a bug report, please visit:
#   http://bugreport.java.com/bugreport/crash.jsp
# The crash happened outside the Java Virtual Machine in native code.
# See problematic frame for where to report the bug.
#

---------------  T H R E A D  ---------------

Current thread (0x00007f928aab5800):  JavaThread "Java2D Queue Flusher" daemon [_thread_in_native, id=57367, stack(0x00007000110aa000,0x00007000112aa000)]

siginfo: si_signo: 11 (SIGSEGV), si_code: 1 (SEGV_MAPERR), si_addr: 0x0000000000000002

Registers:
RAX=0x0000000126003d0e, RBX=0x0000000000000002, RCX=0x0000000000000047, RDX=0x0000000126004258
RSP=0x00007000112a97a0, RBP=0x00007000112a97c0, RSI=0x00007f927a55da70, RDI=0x00007f928aab59f8
R8 =0x00007f928a4c5440, R9 =0x0000000000b8ddfc, R10=0x0000000113829678, R11=0x00000000e826c4b6
R12=0x0000000000000000, R13=0x00007000112a98e0, R14=0x00007f928aab59f8, R15=0x00007f928aab5800
RIP=0x0000000125fe33bf, EFLAGS=0x0000000000010202, ERR=0x0000000000000004
  TRAPNO=0x000000000000000e

Top of Stack: (sp=0x00007000112a97a0)
0x00007000112a97a0:   00007f927a55da70 0000000000000000
0x00007000112a97b0:   00007f928aadaa10 00007f928aab5800
0x00007000112a97c0:   00007000112a9840 0000000126003d36
0x00007000112a97d0:   00007000112a9800 000000010af381cc
0x00007000112a97e0:   0000000000000064 0000000000000000
0x00007000112a97f0:   0000000000000064 00007f928a4c4d08
0x00007000112a9800:   00007000112a9860 00007f928aadaa20
0x00007000112a9810:   00007f9200000005 00007f928aab59f8
0x00007000112a9820:   0000000110f7e358 0000000000000000
0x00007000112a9830:   00007000112a9960 00007f928aab5800
0x00007000112a9840:   00007000112a9890 00000001138296ea
0x00007000112a9850:   0000000741362598 00007f928aab5800
0x00007000112a9860:   00007000112a98b0 000000011222aba8
0x00007000112a9870:   0000000741362290 0000000112878ae6
0x00007000112a9880:   0000000741362290 0000000798dd1d88
0x00007000112a9890:   0000000741362598 000000011243c430
0x00007000112a98a0:   00007000112a98e0 000000012a43e028
0x00007000112a98b0:   00007000112a9938 0000000111f6a2bd
0x00007000112a98c0:   00007000112a9938 0000000111f6a2bd
0x00007000112a98d0:   0000000000000064 0000000111f6a2bd
0x00007000112a98e0:   0000000741362598 0000000000000001
0x00007000112a98f0:   0000000741362290 00007000112a98e8
0x00007000112a9900:   0000000110f81ba1 00007000112a9960
0x00007000112a9910:   0000000110f82428 00000001234b0e08
0x00007000112a9920:   0000000110f81ca8 00007000112a98e0
0x00007000112a9930:   00007000112a9960 00007000112a99d0
0x00007000112a9940:   0000000111f627a7 0000000000000000
0x00007000112a9950:   0000000000000000 deaddeaf00000000
0x00007000112a9960:   0000000741362290 0000000741362290
0x00007000112a9970:   0000700000001fa0 000000000000000a
0x00007000112a9980:   00007f928aab5800 0000000000000001
0x00007000112a9990:   0000000111f6271f 0000000110f81ca8 

Instructions: (pc=0x0000000125fe33bf)
0x0000000125fe339f:   c0 e9 82 00 00 00 48 8b 5e 10 48 85 db 75 0e bf
0x0000000125fe33af:   01 00 00 00 48 8d 15 07 7c 03 00 eb d6 49 89 fe
0x0000000125fe33bf:   4c 8b 3b 30 c0 e8 c1 a6 02 00 49 8b 3f 49 89 c4
0x0000000125fe33cf:   48 8b 35 4a 03 06 00 30 c0 e8 0f a8 02 00 48 85 

Register to memory mapping:

RAX=0x0000000126003d0e: Java_sun_java2d_opengl_OGLRenderQueue_flushBuffer+0x612 in /Library/Java/JavaVirtualMachines/jdk1.8.0_131.jdk/Contents/Home/jre/lib/libawt_lwawt.dylib at 0x0000000125fc7000
RBX=0x0000000000000002 is an unknown value
RCX=0x0000000000000047 is an unknown value
RDX=0x0000000126004258: Java_sun_java2d_opengl_OGLRenderQueue_flushBuffer+0xb5c in /Library/Java/JavaVirtualMachines/jdk1.8.0_131.jdk/Contents/Home/jre/lib/libawt_lwawt.dylib at 0x0000000125fc7000
RSP=0x00007000112a97a0 is pointing into the stack for thread: 0x00007f928aab5800
RBP=0x00007000112a97c0 is pointing into the stack for thread: 0x00007f928aab5800
RSI=0x00007f927a55da70 is an unknown value
RDI=0x00007f928aab59f8 is an unknown value
R8 =0x00007f928a4c5440 is an unknown value
R9 =0x0000000000b8ddfc is an unknown value
R10=0x0000000113829678 is at entry_point+56 in (nmethod*)0x00000001138294d0
R11=0x00000000e826c4b6 is an unknown value
R12=0x0000000000000000 is an unknown value
R13=0x00007000112a98e0 is pointing into the stack for thread: 0x00007f928aab5800
R14=0x00007f928aab59f8 is an unknown value
R15=0x00007f928aab5800 is a thread


Stack: [0x00007000110aa000,0x00007000112aa000],  sp=0x00007000112a97a0,  free space=2045k
Native frames: (J=compiled Java code, j=interpreted, Vv=VM code, C=native code)
C  [libawt_lwawt.dylib+0x1c3bf]  OGLSD_SetScratchSurface+0x49
C  [libawt_lwawt.dylib+0x3cd36]  Java_sun_java2d_opengl_OGLRenderQueue_flushBuffer+0x63a
J 10495  sun.java2d.opengl.OGLRenderQueue.flushBuffer(JI)V (0 bytes) @ 0x00000001138296ea [0x0000000113829640+0xaa]
J 41381 C2 sun.java2d.opengl.OGLRenderQueue.access$100(Lsun/java2d/opengl/OGLRenderQueue;)V (5 bytes) @ 0x000000011243c430 [0x000000011243c400+0x30]
j  sun.java2d.opengl.OGLRenderQueue$QueueFlusher.run()V+81
v  ~StubRoutines::call_stub
V  [libjvm.dylib+0x2ee5b6]
V  [libjvm.dylib+0x2eed5a]
V  [libjvm.dylib+0x2eef06]
V  [libjvm.dylib+0x34965d]
V  [libjvm.dylib+0x56b87f]
V  [libjvm.dylib+0x56cf6c]
V  [libjvm.dylib+0x48b376]
C  [libsystem_pthread.dylib+0x393b]  _pthread_body+0xb4
C  [libsystem_pthread.dylib+0x3887]  _pthread_body+0x0
C  [libsystem_pthread.dylib+0x308d]  thread_start+0xd
C  0x0000000000000000

Java frames: (J=compiled Java code, j=interpreted, Vv=VM code)
J 10495  sun.java2d.opengl.OGLRenderQueue.flushBuffer(JI)V (0 bytes) @ 0x0000000113829678 [0x0000000113829640+0x38]
J 41381 C2 sun.java2d.opengl.OGLRenderQueue.access$100(Lsun/java2d/opengl/OGLRenderQueue;)V (5 bytes) @ 0x000000011243c430 [0x000000011243c400+0x30]
j  sun.java2d.opengl.OGLRenderQueue$QueueFlusher.run()V+81
v  ~StubRoutines::call_stub

---------------  P R O C E S S  ---------------

Java Threads: ( => current thread )
  0x00007f928adcd800 JavaThread "Refresh-After-WindowActivated" daemon [_thread_in_vm, id=4507, stack(0x0000700011d3f000,0x0000700011f3f000)]
  0x00007f929141c000 JavaThread "Inactive RequestProcessor thread [Was:Flush UI Logs/org.netbeans.modules.uihandler.UIHandler$2WriteOut]" daemon [_thread_blocked, id=85991, stack(0x0000700011b3c000,0x0000700011d3c000)]
  0x00007f92921df000 JavaThread "DestroyJavaVM" [_thread_blocked, id=6915, stack(0x000070000ef62000,0x000070000f162000)]
  0x00007f9291aad800 JavaThread "TimerQueue" daemon [_thread_blocked, id=81411, stack(0x0000700013563000,0x0000700013763000)]
  0x00007f928b547800 JavaThread "Worker-JM" [_thread_blocked, id=80643, stack(0x0000700013360000,0x0000700013560000)]
  0x00007f92919e6800 JavaThread "Framework Event Dispatcher" daemon [_thread_blocked, id=80131, stack(0x000070001315d000,0x000070001335d000)]
  0x00007f928b5ef000 JavaThread "Deadlock Detector" [_thread_blocked, id=79899, stack(0x0000700012f5a000,0x000070001315a000)]
  0x00007f9290997000 JavaThread "Thread-3" daemon [_thread_blocked, id=76415, stack(0x0000700012d57000,0x0000700012f57000)]
  0x00007f928ab96800 JavaThread "File Watcher" daemon [_thread_blocked, id=75791, stack(0x0000700012b54000,0x0000700012d54000)]
  0x00007f928b55a800 JavaThread "Thread-1" daemon [_thread_in_native, id=73951, stack(0x0000700012951000,0x0000700012b51000)]
  0x00007f928c301000 JavaThread "State Data Manager" daemon [_thread_blocked, id=68795, stack(0x0000700011939000,0x0000700011b39000)]
  0x00007f928ad57000 JavaThread "Framework Active Thread" [_thread_blocked, id=68319, stack(0x0000700011736000,0x0000700011936000)]
  0x00007f928b227000 JavaThread "AWT-EventQueue-0" [_thread_blocked, id=64051, stack(0x00007000114b0000,0x00007000116b0000)]
  0x00007f928b25a000 JavaThread "Java2D Disposer" daemon [_thread_blocked, id=59667, stack(0x00007000112ad000,0x00007000114ad000)]
=>0x00007f928aab5800 JavaThread "Java2D Queue Flusher" daemon [_thread_in_native, id=57367, stack(0x00007000110aa000,0x00007000112aa000)]
  0x00007f928b93e000 JavaThread "RequestProcessor queue manager" daemon [_thread_blocked, id=55887, stack(0x0000700010ea7000,0x00007000110a7000)]
  0x00007f928c220000 JavaThread "Editor Parsing Loop (netbeans-release-428-on-20190716)" daemon [_thread_blocked, id=48699, stack(0x0000700010aa1000,0x0000700010ca1000)]
  0x00007f928b1be000 JavaThread "AWT-Shutdown" [_thread_blocked, id=30751, stack(0x0000700010798000,0x0000700010998000)]
  0x00007f928b8bb800 JavaThread "AppKit Thread" daemon [_thread_in_native, id=775, stack(0x00007fff553a5000,0x00007fff55ba5000)]
  0x00007f928b151000 JavaThread "CLI Requests Server" daemon [_thread_in_native, id=20227, stack(0x0000700010512000,0x0000700010712000)]
  0x00007f928a94e800 JavaThread "Active Reference Queue Daemon" daemon [_thread_blocked, id=19715, stack(0x000070001030f000,0x000070001050f000)]
  0x00007f928b065800 JavaThread "Service Thread" daemon [_thread_blocked, id=18691, stack(0x0000700010009000,0x0000700010209000)]
  0x00007f928b04a000 JavaThread "C1 CompilerThread2" daemon [_thread_blocked, id=18179, stack(0x000070000ff06000,0x0000700010006000)]
  0x00007f928b049800 JavaThread "C2 CompilerThread1" daemon [_thread_blocked, id=17667, stack(0x000070000fe03000,0x000070000ff03000)]
  0x00007f928a841800 JavaThread "C2 CompilerThread0" daemon [_thread_blocked, id=17155, stack(0x000070000fd00000,0x000070000fe00000)]
  0x00007f928a83f000 JavaThread "Signal Dispatcher" daemon [_thread_blocked, id=16643, stack(0x000070000fafd000,0x000070000fcfd000)]
  0x00007f928a86a000 JavaThread "Finalizer" daemon [_thread_blocked, id=12291, stack(0x000070000f877000,0x000070000fa77000)]
  0x00007f928b009800 JavaThread "Reference Handler" daemon [_thread_blocked, id=11779, stack(0x000070000f674000,0x000070000f874000)]

Other Threads:
  0x00007f928a865800 VMThread [stack: 0x000070000f571000,0x000070000f671000] [id=11267]
  0x00007f928b066000 WatcherThread [stack: 0x000070001020c000,0x000070001030c000] [id=19203]

VM state:not at safepoint (normal execution)

VM Mutex/Monitor currently owned by a thread: None

Heap:
 PSYoungGen      total 94208K, used 10134K [0x0000000795580000, 0x000000079c780000, 0x00000007c0000000)
  eden space 72704K, 9% used [0x0000000795580000,0x0000000795bfaa30,0x0000000799c80000)
  from space 21504K, 16% used [0x000000079b280000,0x000000079b5eaee8,0x000000079c780000)
  to   space 22016K, 0% used [0x0000000799c80000,0x0000000799c80000,0x000000079b200000)
 ParOldGen       total 330752K, used 127219K [0x0000000740000000, 0x0000000754300000, 0x0000000795580000)
  object space 330752K, 38% used [0x0000000740000000,0x0000000747c3cc30,0x0000000754300000)
 Metaspace       used 139752K, capacity 158401K, committed 159640K, reserved 1187840K
  class space    used 16511K, capacity 21184K, committed 21424K, reserved 1048576K

Card table byte_map: [0x000000010bd63000,0x000000010c164000] byte_map_base: 0x0000000108363000

Marking Bits: (ParMarkBitMap*) 0x000000010b2f1ea0
 Begin Bits: [0x000000010c40f000, 0x000000010e40f000)
 End Bits:   [0x000000010e40f000, 0x000000011040f000)

Polling page: 0x000000010a11b000

CodeCache: size=245760Kb used=112363Kb max_used=112908Kb free=133396Kb
 bounds [0x0000000111f62000, 0x0000000118e82000, 0x0000000120f62000]
 total_blobs=28221 nmethods=27269 adapters=859
 compilation: enabled

Compilation events (10 events):
Event: 30734.523 Thread 0x00007f928b04a000 nmethod 41463 0x000000011826c810 code [0x000000011826ca00, 0x000000011826d0d8]
Event: 30734.576 Thread 0x00007f928a841800 nmethod 41464 0x0000000118e2afd0 code [0x0000000118e2b240, 0x0000000118e2c920]
Event: 30734.711 Thread 0x00007f928b049800 41465       4       java.util.concurrent.ConcurrentHashMap::tableSizeFor (59 bytes)
Event: 30734.712 Thread 0x00007f928b049800 nmethod 41465 0x0000000113301810 code [0x0000000113301960, 0x0000000113301a18]
Event: 30734.761 Thread 0x00007f928b04a000 41466   !   3       java.awt.KeyboardFocusManager::getGlobalPermanentFocusOwner (20 bytes)
Event: 30734.764 Thread 0x00007f928b04a000 nmethod 41466 0x00000001135eedd0 code [0x00000001135eef80, 0x00000001135ef408]
Event: 30734.797 Thread 0x00007f928b04a000 41468       3       java.lang.ThreadLocal$ThreadLocalMap::setThreshold (10 bytes)
Event: 30734.799 Thread 0x00007f928b04a000 nmethod 41468 0x00000001135027d0 code [0x0000000113502940, 0x0000000113502ab0]
Event: 30734.822 Thread 0x00007f928b04a000 41467       3       org.netbeans.modules.editor.NbEditorUI::access$000 (4 bytes)
Event: 30734.827 Thread 0x00007f928b04a000 nmethod 41467 0x00000001158e3b10 code [0x00000001158e3c60, 0x00000001158e3d90]

GC Heap History (10 events):
Event: 22198.512 GC heap before
{Heap before GC invocations=183 (full 5):
 PSYoungGen      total 90112K, used 71881K [0x0000000795580000, 0x000000079c580000, 0x00000007c0000000)
  eden space 68608K, 100% used [0x0000000795580000,0x0000000799880000,0x0000000799880000)
  from space 21504K, 15% used [0x0000000799880000,0x0000000799bb2738,0x000000079ad80000)
  to   space 22016K, 0% used [0x000000079b000000,0x000000079b000000,0x000000079c580000)
 ParOldGen       total 330752K, used 127219K [0x0000000740000000, 0x0000000754300000, 0x0000000795580000)
  object space 330752K, 38% used [0x0000000740000000,0x0000000747c3cc30,0x0000000754300000)
 Metaspace       used 139733K, capacity 158401K, committed 159640K, reserved 1187840K
  class space    used 16510K, capacity 21184K, committed 21424K, reserved 1048576K
Event: 22198.523 GC heap after
Heap after GC invocations=183 (full 5):
 PSYoungGen      total 92160K, used 3339K [0x0000000795580000, 0x000000079c680000, 0x00000007c0000000)
  eden space 70144K, 0% used [0x0000000795580000,0x0000000795580000,0x0000000799a00000)
  from space 22016K, 15% used [0x000000079b000000,0x000000079b342ee8,0x000000079c580000)
  to   space 22528K, 0% used [0x0000000799a00000,0x0000000799a00000,0x000000079b000000)
 ParOldGen       total 330752K, used 127219K [0x0000000740000000, 0x0000000754300000, 0x0000000795580000)
  object space 330752K, 38% used [0x0000000740000000,0x0000000747c3cc30,0x0000000754300000)
 Metaspace       used 139733K, capacity 158401K, committed 159640K, reserved 1187840K
  class space    used 16510K, capacity 21184K, committed 21424K, reserved 1048576K
}
Event: 23528.245 GC heap before
{Heap before GC invocations=184 (full 5):
 PSYoungGen      total 92160K, used 73483K [0x0000000795580000, 0x000000079c680000, 0x00000007c0000000)
  eden space 70144K, 100% used [0x0000000795580000,0x0000000799a00000,0x0000000799a00000)
  from space 22016K, 15% used [0x000000079b000000,0x000000079b342ee8,0x000000079c580000)
  to   space 22528K, 0% used [0x0000000799a00000,0x0000000799a00000,0x000000079b000000)
 ParOldGen       total 330752K, used 127219K [0x0000000740000000, 0x0000000754300000, 0x0000000795580000)
  object space 330752K, 38% used [0x0000000740000000,0x0000000747c3cc30,0x0000000754300000)
 Metaspace       used 139737K, capacity 158401K, committed 159640K, reserved 1187840K
  class space    used 16510K, capacity 21184K, committed 21424K, reserved 1048576K
Event: 23528.336 GC heap after
Heap after GC invocations=184 (full 5):
 PSYoungGen      total 92672K, used 3499K [0x0000000795580000, 0x000000079c880000, 0x00000007c0000000)
  eden space 70144K, 0% used [0x0000000795580000,0x0000000795580000,0x0000000799a00000)
  from space 22528K, 15% used [0x0000000799a00000,0x0000000799d6aee8,0x000000079b000000)
  to   space 23040K, 0% used [0x000000079b200000,0x000000079b200000,0x000000079c880000)
 ParOldGen       total 330752K, used 127219K [0x0000000740000000, 0x0000000754300000, 0x0000000795580000)
  object space 330752K, 38% used [0x0000000740000000,0x0000000747c3cc30,0x0000000754300000)
 Metaspace       used 139737K, capacity 158401K, committed 159640K, reserved 1187840K
  class space    used 16510K, capacity 21184K, committed 21424K, reserved 1048576K
}
Event: 24701.302 GC heap before
{Heap before GC invocations=185 (full 5):
 PSYoungGen      total 92672K, used 73643K [0x0000000795580000, 0x000000079c880000, 0x00000007c0000000)
  eden space 70144K, 100% used [0x0000000795580000,0x0000000799a00000,0x0000000799a00000)
  from space 22528K, 15% used [0x0000000799a00000,0x0000000799d6aee8,0x000000079b000000)
  to   space 23040K, 0% used [0x000000079b200000,0x000000079b200000,0x000000079c880000)
 ParOldGen       total 330752K, used 127219K [0x0000000740000000, 0x0000000754300000, 0x0000000795580000)
  object space 330752K, 38% used [0x0000000740000000,0x0000000747c3cc30,0x0000000754300000)
 Metaspace       used 139737K, capacity 158401K, committed 159640K, reserved 1187840K
  class space    used 16510K, capacity 21184K, committed 21424K, reserved 1048576K
Event: 24701.467 GC heap after
Heap after GC invocations=185 (full 5):
 PSYoungGen      total 94720K, used 3403K [0x0000000795580000, 0x000000079c880000, 0x00000007c0000000)
  eden space 71680K, 0% used [0x0000000795580000,0x0000000795580000,0x0000000799b80000)
  from space 23040K, 14% used [0x000000079b200000,0x000000079b552ee8,0x000000079c880000)
  to   space 23040K, 0% used [0x0000000799b80000,0x0000000799b80000,0x000000079b200000)
 ParOldGen       total 330752K, used 127219K [0x0000000740000000, 0x0000000754300000, 0x0000000795580000)
  object space 330752K, 38% used [0x0000000740000000,0x0000000747c3cc30,0x0000000754300000)
 Metaspace       used 139737K, capacity 158401K, committed 159640K, reserved 1187840K
  class space    used 16510K, capacity 21184K, committed 21424K, reserved 1048576K
}
Event: 27221.953 GC heap before
{Heap before GC invocations=186 (full 5):
 PSYoungGen      total 94720K, used 75083K [0x0000000795580000, 0x000000079c880000, 0x00000007c0000000)
  eden space 71680K, 100% used [0x0000000795580000,0x0000000799b80000,0x0000000799b80000)
  from space 23040K, 14% used [0x000000079b200000,0x000000079b552ee8,0x000000079c880000)
  to   space 23040K, 0% used [0x0000000799b80000,0x0000000799b80000,0x000000079b200000)
 ParOldGen       total 330752K, used 127219K [0x0000000740000000, 0x0000000754300000, 0x0000000795580000)
  object space 330752K, 38% used [0x0000000740000000,0x0000000747c3cc30,0x0000000754300000)
 Metaspace       used 139737K, capacity 158401K, committed 159640K, reserved 1187840K
  class space    used 16510K, capacity 21184K, committed 21424K, reserved 1048576K
Event: 27222.159 GC heap after
Heap after GC invocations=186 (full 5):
 PSYoungGen      total 94720K, used 3176K [0x0000000795580000, 0x000000079c880000, 0x00000007c0000000)
  eden space 71680K, 0% used [0x0000000795580000,0x0000000795580000,0x0000000799b80000)
  from space 23040K, 13% used [0x0000000799b80000,0x0000000799e9a108,0x000000079b200000)
  to   space 22528K, 0% used [0x000000079b280000,0x000000079b280000,0x000000079c880000)
 ParOldGen       total 330752K, used 127219K [0x0000000740000000, 0x0000000754300000, 0x0000000795580000)
  object space 330752K, 38% used [0x0000000740000000,0x0000000747c3cc30,0x0000000754300000)
 Metaspace       used 139737K, capacity 158401K, committed 159640K, reserved 1187840K
  class space    used 16510K, capacity 21184K, committed 21424K, reserved 1048576K
}
Event: 30736.246 GC heap before
{Heap before GC invocations=187 (full 5):
 PSYoungGen      total 94720K, used 74856K [0x0000000795580000, 0x000000079c880000, 0x00000007c0000000)
  eden space 71680K, 100% used [0x0000000795580000,0x0000000799b80000,0x0000000799b80000)
  from space 23040K, 13% used [0x0000000799b80000,0x0000000799e9a108,0x000000079b200000)
  to   space 22528K, 0% used [0x000000079b280000,0x000000079b280000,0x000000079c880000)
 ParOldGen       total 330752K, used 127219K [0x0000000740000000, 0x0000000754300000, 0x0000000795580000)
  object space 330752K, 38% used [0x0000000740000000,0x0000000747c3cc30,0x0000000754300000)
 Metaspace       used 139752K, capacity 158401K, committed 159640K, reserved 1187840K
  class space    used 16511K, capacity 21184K, committed 21424K, reserved 1048576K
Event: 30736.352 GC heap after
Heap after GC invocations=187 (full 5):
 PSYoungGen      total 94208K, used 3499K [0x0000000795580000, 0x000000079c780000, 0x00000007c0000000)
  eden space 72704K, 0% used [0x0000000795580000,0x0000000795580000,0x0000000799c80000)
  from space 21504K, 16% used [0x000000079b280000,0x000000079b5eaee8,0x000000079c780000)
  to   space 22016K, 0% used [0x0000000799c80000,0x0000000799c80000,0x000000079b200000)
 ParOldGen       total 330752K, used 127219K [0x0000000740000000, 0x0000000754300000, 0x0000000795580000)
  object space 330752K, 38% used [0x0000000740000000,0x0000000747c3cc30,0x0000000754300000)
 Metaspace       used 139752K, capacity 158401K, committed 159640K, reserved 1187840K
  class space    used 16511K, capacity 21184K, committed 21424K, reserved 1048576K
}

Deoptimization events (10 events):
Event: 23404.604 Thread 0x00007f928ab96800 Uncommon trap: reason=unstable_if action=reinterpret pc=0x0000000112c89e1c method=java.util.concurrent.locks.AbstractQueuedSynchronizer.acquireInterruptibly(I)V @ 19
Event: 28461.460 Thread 0x00007f928b227000 Uncommon trap: reason=unstable_if action=reinterpret pc=0x00000001151fa2c0 method=javax.swing.RepaintManager.addDirtyRegion0(Ljava/awt/Container;IIII)V @ 108
Event: 28462.967 Thread 0x00007f928b227000 Uncommon trap: reason=unstable_if action=reinterpret pc=0x0000000115ff4b0c method=javax.swing.RepaintManager.addDirtyRegion0(Ljava/awt/Container;IIII)V @ 108
Event: 28537.054 Thread 0x00007f928aab5800 Uncommon trap: reason=class_check action=maybe_recompile pc=0x0000000115da6e70 method=sun.java2d.opengl.OGLRenderQueue$QueueFlusher.run()V @ 95
Event: 28537.184 Thread 0x00007f928b227000 Uncommon trap: reason=unstable_if action=reinterpret pc=0x0000000112bfc2c0 method=java.awt.Component.updateGraphicsData(Ljava/awt/GraphicsConfiguration;)Z @ 25
Event: 28537.196 Thread 0x00007f928b8bb800 Uncommon trap: reason=null_check action=make_not_entrant pc=0x0000000117c1c1cc method=sun.java2d.pipe.BufferedContext.validate(Lsun/java2d/pipe/hw/AccelSurface;Lsun/java2d/pipe/hw/AccelSurface;Lsun/java2d/pipe/Region;Ljava/awt/Composite;Ljava/awt/geom/Aff
Event: 28537.204 Thread 0x00007f928b8bb800 Uncommon trap: reason=null_check action=make_not_entrant pc=0x00000001136b122c method=java.awt.geom.AffineTransform.equals(Ljava/lang/Object;)Z @ 1
Event: 30712.265 Thread 0x00007f928aab5800 Uncommon trap: reason=class_check action=maybe_recompile pc=0x0000000115da6e70 method=sun.java2d.opengl.OGLRenderQueue$QueueFlusher.run()V @ 95
Event: 30734.559 Thread 0x00007f928b227000 Uncommon trap: reason=unstable_if action=reinterpret pc=0x0000000117ef0f5c method=sun.awt.image.SurfaceManager.setCacheData(Ljava/lang/Object;Ljava/lang/Object;)V @ 4
Event: 30734.566 Thread 0x00007f928b227000 Uncommon trap: reason=unstable_if action=reinterpret pc=0x0000000112cfffd4 method=sun.java2d.StateTrackableDelegate.getStateTracker()Lsun/java2d/StateTracker; @ 6

Internal exceptions (10 events):
Event: 28537.196 Thread 0x00007f928b8bb800 Implicit null exception at 0x0000000117c1ad79 to 0x0000000117c1c191
Event: 28537.204 Thread 0x00007f928b8bb800 Implicit null exception at 0x00000001136b10cc to 0x00000001136b121d
Event: 30734.783 Thread 0x00007f928adcd800 Exception <a 'sun/nio/fs/UnixException'> (0x0000000798fe0c70) thrown at [/Users/java_re/workspace/8-2-build-macosx-x86_64/jdk8u131/8869/hotspot/src/share/vm/prims/jni.cpp, line 709]
Event: 30734.784 Thread 0x00007f928adcd800 Exception <a 'sun/nio/fs/UnixException'> (0x0000000798fe13b8) thrown at [/Users/java_re/workspace/8-2-build-macosx-x86_64/jdk8u131/8869/hotspot/src/share/vm/prims/jni.cpp, line 709]
Event: 30734.784 Thread 0x00007f928adcd800 Exception <a 'sun/nio/fs/UnixException'> (0x0000000798fe1ae0) thrown at [/Users/java_re/workspace/8-2-build-macosx-x86_64/jdk8u131/8869/hotspot/src/share/vm/prims/jni.cpp, line 709]
Event: 30734.784 Thread 0x00007f928adcd800 Exception <a 'sun/nio/fs/UnixException'> (0x0000000798fe2298) thrown at [/Users/java_re/workspace/8-2-build-macosx-x86_64/jdk8u131/8869/hotspot/src/share/vm/prims/jni.cpp, line 709]
Event: 30734.784 Thread 0x00007f928adcd800 Exception <a 'sun/nio/fs/UnixException'> (0x0000000798fe2a38) thrown at [/Users/java_re/workspace/8-2-build-macosx-x86_64/jdk8u131/8869/hotspot/src/share/vm/prims/jni.cpp, line 709]
Event: 30734.784 Thread 0x00007f928adcd800 Exception <a 'sun/nio/fs/UnixException'> (0x0000000798fe3160) thrown at [/Users/java_re/workspace/8-2-build-macosx-x86_64/jdk8u131/8869/hotspot/src/share/vm/prims/jni.cpp, line 709]
Event: 30734.784 Thread 0x00007f928adcd800 Exception <a 'sun/nio/fs/UnixException'> (0x0000000798fe3998) thrown at [/Users/java_re/workspace/8-2-build-macosx-x86_64/jdk8u131/8869/hotspot/src/share/vm/prims/jni.cpp, line 709]
Event: 30734.784 Thread 0x00007f928adcd800 Exception <a 'sun/nio/fs/UnixException'> (0x0000000798fe4170) thrown at [/Users/java_re/workspace/8-2-build-macosx-x86_64/jdk8u131/8869/hotspot/src/share/vm/prims/jni.cpp, line 709]

Events (10 events):
Event: 30734.568 Executing VM operation: FindDeadlocks done
Event: 30734.702 Executing VM operation: BulkRevokeBias
Event: 30734.702 Executing VM operation: BulkRevokeBias done
Event: 30734.715 Thread 0x00007f928b049800 flushing nmethod 0x0000000114b67390
Event: 30734.765 Thread 0x00007f928adcd800 Thread added: 0x00007f928adcd800
Event: 30734.801 Thread 0x00007f928b04a000 flushing nmethod 0x000000011599c910
Event: 30736.025 Executing VM operation: RevokeBias
Event: 30736.025 Executing VM operation: RevokeBias done
Event: 30736.246 Executing VM operation: ParallelGCFailedAllocation
Event: 30736.352 Executing VM operation: ParallelGCFailedAllocation done


Dynamic libraries:
0x0000000058ad2000 	/System/Library/Frameworks/Cocoa.framework/Versions/A/Cocoa
0x0000000058ad2000 	/System/Library/Frameworks/Security.framework/Versions/A/Security
0x0000000058ad2000 	/System/Library/Frameworks/ApplicationServices.framework/Versions/A/ApplicationServices
0x0000000058ad2000 	/usr/lib/libz.1.dylib
0x0000000058ad2000 	/usr/lib/libSystem.B.dylib
0x0000000058ad2000 	/usr/lib/libobjc.A.dylib
0x0000000058ad2000 	/System/Library/Frameworks/CoreFoundation.framework/Versions/A/CoreFoundation
0x0000000058ad2000 	/System/Library/Frameworks/Foundation.framework/Versions/C/Foundation
0x0000000058ad2000 	/System/Library/Frameworks/AppKit.framework/Versions/C/AppKit
0x0000000058ad2000 	/System/Library/Frameworks/CoreData.framework/Versions/A/CoreData
0x0000000058ad2000 	/System/Library/PrivateFrameworks/RemoteViewServices.framework/Versions/A/RemoteViewServices
0x0000000058ad2000 	/System/Library/PrivateFrameworks/UIFoundation.framework/Versions/A/UIFoundation
0x0000000058ad2000 	/System/Library/PrivateFrameworks/DFRFoundation.framework/Versions/A/DFRFoundation
0x0000000058ad2000 	/usr/lib/libenergytrace.dylib
0x0000000058ad2000 	/System/Library/PrivateFrameworks/SkyLight.framework/Versions/A/SkyLight
0x0000000058ad2000 	/System/Library/Frameworks/CoreGraphics.framework/Versions/A/CoreGraphics
0x0000000058ad2000 	/usr/lib/libScreenReader.dylib
0x0000000058ad2000 	/System/Library/Frameworks/Accelerate.framework/Versions/A/Accelerate
0x0000000058ad2000 	/System/Library/Frameworks/IOSurface.framework/Versions/A/IOSurface
0x0000000058ad2000 	/System/Library/Frameworks/AudioToolbox.framework/Versions/A/AudioToolbox
0x0000000058ad2000 	/System/Library/Frameworks/AudioUnit.framework/Versions/A/AudioUnit
0x0000000058ad2000 	/System/Library/PrivateFrameworks/DataDetectorsCore.framework/Versions/A/DataDetectorsCore
0x0000000058ad2000 	/System/Library/PrivateFrameworks/DesktopServicesPriv.framework/Versions/A/DesktopServicesPriv
0x0000000058ad2000 	/System/Library/Frameworks/Carbon.framework/Versions/A/Frameworks/HIToolbox.framework/Versions/A/HIToolbox
0x0000000058ad2000 	/usr/lib/libicucore.A.dylib
0x0000000058ad2000 	/System/Library/Frameworks/QuartzCore.framework/Versions/A/QuartzCore
0x0000000058ad2000 	/System/Library/Frameworks/Carbon.framework/Versions/A/Frameworks/SpeechRecognition.framework/Versions/A/SpeechRecognition
0x0000000058ad2000 	/usr/lib/libauto.dylib
0x0000000058ad2000 	/usr/lib/libxml2.2.dylib
0x0000000058ad2000 	/System/Library/PrivateFrameworks/CoreUI.framework/Versions/A/CoreUI
0x0000000058ad2000 	/System/Library/Frameworks/CoreAudio.framework/Versions/A/CoreAudio
0x0000000058ad2000 	/System/Library/Frameworks/DiskArbitration.framework/Versions/A/DiskArbitration
0x0000000058ad2000 	/usr/lib/liblangid.dylib
0x0000000058ad2000 	/System/Library/PrivateFrameworks/MultitouchSupport.framework/Versions/A/MultitouchSupport
0x0000000058ad2000 	/System/Library/Frameworks/IOKit.framework/Versions/A/IOKit
0x0000000058ad2000 	/usr/lib/libDiagnosticMessagesClient.dylib
0x0000000058ad2000 	/System/Library/Frameworks/CoreServices.framework/Versions/A/CoreServices
0x0000000058ad2000 	/System/Library/PrivateFrameworks/PerformanceAnalysis.framework/Versions/A/PerformanceAnalysis
0x0000000058ad2000 	/System/Library/PrivateFrameworks/GenerationalStorage.framework/Versions/A/GenerationalStorage
0x0000000058ad2000 	/System/Library/Frameworks/OpenGL.framework/Versions/A/OpenGL
0x0000000058ad2000 	/System/Library/Frameworks/CoreImage.framework/Versions/A/CoreImage
0x0000000058ad2000 	/System/Library/Frameworks/CoreText.framework/Versions/A/CoreText
0x0000000058ad2000 	/System/Library/Frameworks/ImageIO.framework/Versions/A/ImageIO
0x0000000058ad2000 	/System/Library/PrivateFrameworks/Backup.framework/Versions/A/Backup
0x0000000058ad2000 	/usr/lib/libarchive.2.dylib
0x0000000058ad2000 	/System/Library/Frameworks/CFNetwork.framework/Versions/A/CFNetwork
0x0000000058ad2000 	/System/Library/Frameworks/SystemConfiguration.framework/Versions/A/SystemConfiguration
0x0000000058ad2000 	/usr/lib/libCRFSuite.dylib
0x0000000058ad2000 	/usr/lib/libc++.1.dylib
0x0000000058ad2000 	/usr/lib/libc++abi.dylib
0x0000000058ad2000 	/usr/lib/system/libcache.dylib
0x0000000058ad2000 	/usr/lib/system/libcommonCrypto.dylib
0x0000000058ad2000 	/usr/lib/system/libcompiler_rt.dylib
0x0000000058ad2000 	/usr/lib/system/libcopyfile.dylib
0x0000000058ad2000 	/usr/lib/system/libcorecrypto.dylib
0x0000000058ad2000 	/usr/lib/system/libdispatch.dylib
0x0000000058ad2000 	/usr/lib/system/libdyld.dylib
0x0000000058ad2000 	/usr/lib/system/libkeymgr.dylib
0x0000000058ad2000 	/usr/lib/system/liblaunch.dylib
0x0000000058ad2000 	/usr/lib/system/libmacho.dylib
0x0000000058ad2000 	/usr/lib/system/libquarantine.dylib
0x0000000058ad2000 	/usr/lib/system/libremovefile.dylib
0x0000000058ad2000 	/usr/lib/system/libsystem_asl.dylib
0x0000000058ad2000 	/usr/lib/system/libsystem_blocks.dylib
0x0000000058ad2000 	/usr/lib/system/libsystem_c.dylib
0x0000000058ad2000 	/usr/lib/system/libsystem_configuration.dylib
0x0000000058ad2000 	/usr/lib/system/libsystem_coreservices.dylib
0x0000000058ad2000 	/usr/lib/system/libsystem_coretls.dylib
0x0000000058ad2000 	/usr/lib/system/libsystem_dnssd.dylib
0x0000000058ad2000 	/usr/lib/system/libsystem_info.dylib
0x0000000058ad2000 	/usr/lib/system/libsystem_kernel.dylib
0x0000000058ad2000 	/usr/lib/system/libsystem_m.dylib
0x0000000058ad2000 	/usr/lib/system/libsystem_malloc.dylib
0x0000000058ad2000 	/usr/lib/system/libsystem_network.dylib
0x0000000058ad2000 	/usr/lib/system/libsystem_networkextension.dylib
0x0000000058ad2000 	/usr/lib/system/libsystem_notify.dylib
0x0000000058ad2000 	/usr/lib/system/libsystem_platform.dylib
0x0000000058ad2000 	/usr/lib/system/libsystem_pthread.dylib
0x0000000058ad2000 	/usr/lib/system/libsystem_sandbox.dylib
0x0000000058ad2000 	/usr/lib/system/libsystem_secinit.dylib
0x0000000058ad2000 	/usr/lib/system/libsystem_symptoms.dylib
0x0000000058ad2000 	/usr/lib/system/libsystem_trace.dylib
0x0000000058ad2000 	/usr/lib/system/libunwind.dylib
0x0000000058ad2000 	/usr/lib/system/libxpc.dylib
0x0000000058ad2000 	/usr/lib/libbsm.0.dylib
0x0000000058ad2000 	/usr/lib/system/libkxld.dylib
0x0000000058ad2000 	/usr/lib/libcoretls.dylib
0x0000000058ad2000 	/usr/lib/libcoretls_cfhelpers.dylib
0x0000000058ad2000 	/usr/lib/libOpenScriptingUtil.dylib
0x0000000058ad2000 	/usr/lib/libpam.2.dylib
0x0000000058ad2000 	/usr/lib/libsqlite3.dylib
0x0000000058ad2000 	/usr/lib/libxar.1.dylib
0x0000000058ad2000 	/usr/lib/libbz2.1.0.dylib
0x0000000058ad2000 	/usr/lib/liblzma.5.dylib
0x0000000058ad2000 	/usr/lib/libnetwork.dylib
0x0000000058ad2000 	/usr/lib/libpcap.A.dylib
0x0000000058ad2000 	/System/Library/Frameworks/CoreServices.framework/Versions/A/Frameworks/FSEvents.framework/Versions/A/FSEvents
0x0000000058ad2000 	/System/Library/Frameworks/CoreServices.framework/Versions/A/Frameworks/CarbonCore.framework/Versions/A/CarbonCore
0x0000000058ad2000 	/System/Library/Frameworks/CoreServices.framework/Versions/A/Frameworks/Metadata.framework/Versions/A/Metadata
0x0000000058ad2000 	/System/Library/Frameworks/CoreServices.framework/Versions/A/Frameworks/OSServices.framework/Versions/A/OSServices
0x0000000058ad2000 	/System/Library/Frameworks/CoreServices.framework/Versions/A/Frameworks/SearchKit.framework/Versions/A/SearchKit
0x0000000058ad2000 	/System/Library/Frameworks/CoreServices.framework/Versions/A/Frameworks/AE.framework/Versions/A/AE
0x0000000058ad2000 	/System/Library/Frameworks/CoreServices.framework/Versions/A/Frameworks/LaunchServices.framework/Versions/A/LaunchServices
0x0000000058ad2000 	/System/Library/Frameworks/CoreServices.framework/Versions/A/Frameworks/DictionaryServices.framework/Versions/A/DictionaryServices
0x0000000058ad2000 	/System/Library/Frameworks/CoreServices.framework/Versions/A/Frameworks/SharedFileList.framework/Versions/A/SharedFileList
0x0000000058ad2000 	/System/Library/Frameworks/NetFS.framework/Versions/A/NetFS
0x0000000058ad2000 	/System/Library/PrivateFrameworks/NetAuth.framework/Versions/A/NetAuth
0x0000000058ad2000 	/System/Library/PrivateFrameworks/login.framework/Versions/A/Frameworks/loginsupport.framework/Versions/A/loginsupport
0x0000000058ad2000 	/System/Library/PrivateFrameworks/TCC.framework/Versions/A/TCC
0x0000000058ad2000 	/usr/lib/libmecabra.dylib
0x0000000058ad2000 	/System/Library/Frameworks/ApplicationServices.framework/Versions/A/Frameworks/ATS.framework/Versions/A/ATS
0x0000000058ad2000 	/System/Library/Frameworks/ApplicationServices.framework/Versions/A/Frameworks/ColorSync.framework/Versions/A/ColorSync
0x0000000058ad2000 	/System/Library/Frameworks/ApplicationServices.framework/Versions/A/Frameworks/HIServices.framework/Versions/A/HIServices
0x0000000058ad2000 	/System/Library/Frameworks/ApplicationServices.framework/Versions/A/Frameworks/LangAnalysis.framework/Versions/A/LangAnalysis
0x0000000058ad2000 	/System/Library/Frameworks/ApplicationServices.framework/Versions/A/Frameworks/PrintCore.framework/Versions/A/PrintCore
0x0000000058ad2000 	/System/Library/Frameworks/ApplicationServices.framework/Versions/A/Frameworks/QD.framework/Versions/A/QD
0x0000000058ad2000 	/System/Library/Frameworks/ApplicationServices.framework/Versions/A/Frameworks/SpeechSynthesis.framework/Versions/A/SpeechSynthesis
0x0000000058ad2000 	/System/Library/Frameworks/Accelerate.framework/Versions/A/Frameworks/vImage.framework/Versions/A/vImage
0x0000000058ad2000 	/System/Library/Frameworks/Accelerate.framework/Versions/A/Frameworks/vecLib.framework/Versions/A/vecLib
0x0000000058ad2000 	/System/Library/Frameworks/Accelerate.framework/Versions/A/Frameworks/vecLib.framework/Versions/A/libvDSP.dylib
0x0000000058ad2000 	/System/Library/Frameworks/Accelerate.framework/Versions/A/Frameworks/vecLib.framework/Versions/A/libBNNS.dylib
0x0000000058ad2000 	/System/Library/Frameworks/Accelerate.framework/Versions/A/Frameworks/vecLib.framework/Versions/A/libQuadrature.dylib
0x0000000058ad2000 	/System/Library/Frameworks/Accelerate.framework/Versions/A/Frameworks/vecLib.framework/Versions/A/libvMisc.dylib
0x0000000058ad2000 	/System/Library/Frameworks/Accelerate.framework/Versions/A/Frameworks/vecLib.framework/Versions/A/libLAPACK.dylib
0x0000000058ad2000 	/System/Library/Frameworks/Accelerate.framework/Versions/A/Frameworks/vecLib.framework/Versions/A/libBLAS.dylib
0x0000000058ad2000 	/System/Library/Frameworks/Accelerate.framework/Versions/A/Frameworks/vecLib.framework/Versions/A/libLinearAlgebra.dylib
0x0000000058ad2000 	/System/Library/Frameworks/Accelerate.framework/Versions/A/Frameworks/vecLib.framework/Versions/A/libSparseBLAS.dylib
0x0000000058ad2000 	/System/Library/Frameworks/ApplicationServices.framework/Versions/A/Frameworks/ATS.framework/Versions/A/Resources/libFontParser.dylib
0x0000000058ad2000 	/System/Library/Frameworks/ApplicationServices.framework/Versions/A/Frameworks/ATS.framework/Versions/A/Resources/libFontRegistry.dylib
0x0000000058ad2000 	/System/Library/Frameworks/ImageIO.framework/Versions/A/Resources/libJPEG.dylib
0x0000000058ad2000 	/System/Library/Frameworks/ImageIO.framework/Versions/A/Resources/libTIFF.dylib
0x0000000058ad2000 	/System/Library/Frameworks/ImageIO.framework/Versions/A/Resources/libPng.dylib
0x0000000058ad2000 	/System/Library/Frameworks/ImageIO.framework/Versions/A/Resources/libGIF.dylib
0x0000000058ad2000 	/System/Library/Frameworks/ImageIO.framework/Versions/A/Resources/libJP2.dylib
0x0000000058ad2000 	/System/Library/Frameworks/ImageIO.framework/Versions/A/Resources/libRadiance.dylib
0x0000000058ad2000 	/usr/lib/libcompression.dylib
0x0000000058ad2000 	/System/Library/PrivateFrameworks/AppleJPEG.framework/Versions/A/AppleJPEG
0x0000000058ad2000 	/usr/lib/libcups.2.dylib
0x0000000058ad2000 	/System/Library/Frameworks/Kerberos.framework/Versions/A/Kerberos
0x0000000058ad2000 	/System/Library/Frameworks/GSS.framework/Versions/A/GSS
0x0000000058ad2000 	/usr/lib/libresolv.9.dylib
0x0000000058ad2000 	/usr/lib/libiconv.2.dylib
0x0000000058ad2000 	/System/Library/PrivateFrameworks/Heimdal.framework/Versions/A/Heimdal
0x0000000058ad2000 	/usr/lib/libheimdal-asn1.dylib
0x0000000058ad2000 	/System/Library/Frameworks/OpenDirectory.framework/Versions/A/OpenDirectory
0x0000000058ad2000 	/System/Library/PrivateFrameworks/CommonAuth.framework/Versions/A/CommonAuth
0x0000000058ad2000 	/System/Library/Frameworks/OpenDirectory.framework/Versions/A/Frameworks/CFOpenDirectory.framework/Versions/A/CFOpenDirectory
0x0000000058ad2000 	/System/Library/Frameworks/SecurityFoundation.framework/Versions/A/SecurityFoundation
0x0000000058ad2000 	/System/Library/PrivateFrameworks/LanguageModeling.framework/Versions/A/LanguageModeling
0x0000000058ad2000 	/usr/lib/libmarisa.dylib
0x0000000058ad2000 	/usr/lib/libChineseTokenizer.dylib
0x0000000058ad2000 	/usr/lib/libcmph.dylib
0x0000000058ad2000 	/System/Library/PrivateFrameworks/CoreEmoji.framework/Versions/A/CoreEmoji
0x0000000058ad2000 	/System/Library/Frameworks/ServiceManagement.framework/Versions/A/ServiceManagement
0x0000000058ad2000 	/usr/lib/libxslt.1.dylib
0x0000000058ad2000 	/System/Library/Frameworks/Carbon.framework/Versions/A/Frameworks/Ink.framework/Versions/A/Ink
0x0000000058ad2000 	/System/Library/PrivateFrameworks/TextureIO.framework/Versions/A/TextureIO
0x0000000058ad2000 	/System/Library/Frameworks/Metal.framework/Versions/A/Metal
0x0000000058ad2000 	/usr/lib/libate.dylib
0x0000000058ad2000 	/System/Library/PrivateFrameworks/GPUCompiler.framework/libmetal_timestamp.dylib
0x0000000058ad2000 	/System/Library/Frameworks/OpenGL.framework/Versions/A/Libraries/libCoreFSCache.dylib
0x0000000058ad2000 	/System/Library/PrivateFrameworks/IOAccelerator.framework/Versions/A/IOAccelerator
0x0000000058ad2000 	/System/Library/Frameworks/CoreVideo.framework/Versions/A/CoreVideo
0x0000000058ad2000 	/usr/lib/libFosl_dynamic.dylib
0x0000000058ad2000 	/System/Library/PrivateFrameworks/MetalPerformanceShaders.framework/Versions/A/MetalPerformanceShaders
0x0000000058ad2000 	/System/Library/PrivateFrameworks/FaceCore.framework/Versions/A/FaceCore
0x0000000058ad2000 	/System/Library/Frameworks/OpenCL.framework/Versions/A/OpenCL
0x0000000058ad2000 	/System/Library/Frameworks/OpenGL.framework/Versions/A/Libraries/libGLU.dylib
0x0000000058ad2000 	/System/Library/Frameworks/OpenGL.framework/Versions/A/Libraries/libGFXShared.dylib
0x0000000058ad2000 	/System/Library/Frameworks/OpenGL.framework/Versions/A/Libraries/libGL.dylib
0x0000000058ad2000 	/System/Library/Frameworks/OpenGL.framework/Versions/A/Libraries/libGLImage.dylib
0x0000000058ad2000 	/System/Library/Frameworks/OpenGL.framework/Versions/A/Libraries/libCVMSPluginSupport.dylib
0x0000000058ad2000 	/System/Library/Frameworks/OpenGL.framework/Versions/A/Libraries/libCoreVMClient.dylib
0x0000000058ad2000 	/System/Library/PrivateFrameworks/CrashReporterSupport.framework/Versions/A/CrashReporterSupport
0x0000000058ad2000 	/System/Library/PrivateFrameworks/Sharing.framework/Versions/A/Sharing
0x0000000058ad2000 	/System/Library/PrivateFrameworks/IconServices.framework/Versions/A/IconServices
0x0000000058ad2000 	/System/Library/PrivateFrameworks/ProtocolBuffer.framework/Versions/A/ProtocolBuffer
0x0000000058ad2000 	/System/Library/PrivateFrameworks/Apple80211.framework/Versions/A/Apple80211
0x0000000058ad2000 	/System/Library/Frameworks/CoreWLAN.framework/Versions/A/CoreWLAN
0x0000000058ad2000 	/System/Library/PrivateFrameworks/CoreUtils.framework/Versions/A/CoreUtils
0x0000000058ad2000 	/System/Library/Frameworks/IOBluetooth.framework/Versions/A/IOBluetooth
0x0000000058ad2000 	/System/Library/PrivateFrameworks/CoreWiFi.framework/Versions/A/CoreWiFi
0x0000000058ad2000 	/System/Library/Frameworks/CoreBluetooth.framework/Versions/A/CoreBluetooth
0x0000000058ad2000 	/System/Library/Frameworks/CoreDisplay.framework/Versions/A/CoreDisplay
0x0000000058ad2000 	/System/Library/PrivateFrameworks/IOPresentment.framework/Versions/A/IOPresentment
0x0000000058ad2000 	/System/Library/PrivateFrameworks/DSExternalDisplay.framework/Versions/A/DSExternalDisplay
0x0000000058ad2000 	/System/Library/PrivateFrameworks/DebugSymbols.framework/Versions/A/DebugSymbols
0x0000000058ad2000 	/System/Library/PrivateFrameworks/CoreSymbolication.framework/Versions/A/CoreSymbolication
0x0000000058ad2000 	/System/Library/PrivateFrameworks/Symbolication.framework/Versions/A/Symbolication
0x0000000058ad2000 	/System/Library/PrivateFrameworks/AppleFSCompression.framework/Versions/A/AppleFSCompression
0x0000000058ad2000 	/System/Library/PrivateFrameworks/SpeechRecognitionCore.framework/Versions/A/SpeechRecognitionCore
0x0000000058ad2000 	/System/Library/PrivateFrameworks/ChunkingLibrary.framework/Versions/A/ChunkingLibrary
0x000000010aa00000 	/Library/Java/JavaVirtualMachines/jdk1.8.0_131.jdk/Contents/Home/jre/lib/server/libjvm.dylib
0x0000000058ad2000 	/usr/lib/libstdc++.6.dylib
0x000000010a0d8000 	/Library/Java/JavaVirtualMachines/jdk1.8.0_131.jdk/Contents/Home/jre/lib/libverify.dylib
0x000000010a0e6000 	/Library/Java/JavaVirtualMachines/jdk1.8.0_131.jdk/Contents/Home/jre/lib/libjava.dylib
0x000000010a125000 	/Library/Java/JavaVirtualMachines/jdk1.8.0_131.jdk/Contents/Home/jre/lib/libzip.dylib
0x0000000111e3b000 	/System/Library/Frameworks/JavaVM.framework/Frameworks/JavaRuntimeSupport.framework/JavaRuntimeSupport
0x0000000111e55000 	/System/Library/Frameworks/JavaVM.framework/Versions/A/Frameworks/JavaNativeFoundation.framework/Versions/A/JavaNativeFoundation
0x0000000111e6a000 	/System/Library/Frameworks/JavaVM.framework/Versions/A/JavaVM
0x0000000058ad2000 	/System/Library/Frameworks/Carbon.framework/Versions/A/Carbon
0x0000000111e77000 	/System/Library/PrivateFrameworks/JavaLaunching.framework/Versions/A/JavaLaunching
0x0000000058ad2000 	/System/Library/Frameworks/Carbon.framework/Versions/A/Frameworks/CommonPanels.framework/Versions/A/CommonPanels
0x0000000058ad2000 	/System/Library/Frameworks/Carbon.framework/Versions/A/Frameworks/Help.framework/Versions/A/Help
0x0000000058ad2000 	/System/Library/Frameworks/Carbon.framework/Versions/A/Frameworks/ImageCapture.framework/Versions/A/ImageCapture
0x0000000058ad2000 	/System/Library/Frameworks/Carbon.framework/Versions/A/Frameworks/OpenScripting.framework/Versions/A/OpenScripting
0x0000000058ad2000 	/System/Library/Frameworks/Carbon.framework/Versions/A/Frameworks/Print.framework/Versions/A/Print
0x0000000058ad2000 	/System/Library/Frameworks/Carbon.framework/Versions/A/Frameworks/SecurityHI.framework/Versions/A/SecurityHI
0x0000000122c1b000 	/Library/Java/JavaVirtualMachines/jdk1.8.0_131.jdk/Contents/Home/jre/lib/libnio.dylib
0x0000000122c2b000 	/Library/Java/JavaVirtualMachines/jdk1.8.0_131.jdk/Contents/Home/jre/lib/./libnet.dylib
0x0000000125e53000 	/Library/Java/JavaVirtualMachines/jdk1.8.0_131.jdk/Contents/Home/jre/lib/libawt.dylib
0x0000000125efb000 	/Library/Java/JavaVirtualMachines/jdk1.8.0_131.jdk/Contents/Home/jre/lib/./libmlib_image.dylib
0x0000000125fc7000 	/Library/Java/JavaVirtualMachines/jdk1.8.0_131.jdk/Contents/Home/jre/lib/libawt_lwawt.dylib
0x000000012607e000 	/Library/Java/JavaVirtualMachines/jdk1.8.0_131.jdk/Contents/Home/jre/lib/./libosxapp.dylib
0x0000000058ad2000 	/System/Library/Frameworks/ExceptionHandling.framework/Versions/A/ExceptionHandling
0x0000000058ad2000 	/System/Library/PrivateFrameworks/CoreServicesInternal.framework/Versions/A/CoreServicesInternal
0x0000000058ad2000 	/System/Library/CoreServices/RawCamera.bundle/Contents/MacOS/RawCamera
0x0000000126618000 	/System/Library/Frameworks/Accelerate.framework/Frameworks/vImage.framework/Versions/A/Libraries/libCGInterfaces.dylib
0x0000000058ad2000 	/System/Library/Frameworks/ApplicationServices.framework/Versions/A/Frameworks/ATS.framework/Versions/A/Resources/libTrueTypeScaler.dylib
0x0000000127bea000 	/System/Library/Frameworks/OpenGL.framework/Resources/GLEngine.bundle/GLEngine
0x0000000058ad2000 	/System/Library/Frameworks/OpenGL.framework/Versions/A/Libraries/libGLProgrammability.dylib
0x0000000127dcf000 	/System/Library/Extensions/AppleIntelBDWGraphicsGLDriver.bundle/Contents/MacOS/AppleIntelBDWGraphicsGLDriver
0x0000000058ad2000 	/System/Library/PrivateFrameworks/GPUSupport.framework/Versions/A/Libraries/libGPUSupportMercury.dylib
0x0000000128539000 	/System/Library/Frameworks/OpenGL.framework/Resources//GLRendererFloat.bundle/GLRendererFloat
0x0000000058ad2000 	/System/Library/Frameworks/OpenCL.framework/Versions/A/Libraries/libcldcpuengine.dylib
0x0000000058ad2000 	/usr/lib/libcrypto.0.9.8.dylib
0x0000000058ad2000 	/System/Library/PrivateFrameworks/TrustEvaluationAgent.framework/Versions/A/TrustEvaluationAgent
0x000000012856d000 	/System/Library/Extensions/AppleIntelBDWGraphicsMTLDriver.bundle/Contents/MacOS/AppleIntelBDWGraphicsMTLDriver
0x0000000058ad2000 	/System/Library/PrivateFrameworks/FamilyControls.framework/Versions/A/FamilyControls
0x0000000058ad2000 	/System/Library/PrivateFrameworks/CommerceKit.framework/Versions/A/Frameworks/CommerceCore.framework/Versions/A/CommerceCore
0x0000000058ad2000 	/System/Library/PrivateFrameworks/SystemAdministration.framework/Versions/A/SystemAdministration
0x0000000058ad2000 	/System/Library/PrivateFrameworks/AppContainer.framework/Versions/A/AppContainer
0x0000000058ad2000 	/System/Library/PrivateFrameworks/SecCodeWrapper.framework/Versions/A/SecCodeWrapper
0x0000000058ad2000 	/System/Library/Frameworks/DirectoryService.framework/Versions/A/DirectoryService
0x0000000058ad2000 	/System/Library/PrivateFrameworks/DiskImages.framework/Versions/A/DiskImages
0x0000000058ad2000 	/System/Library/PrivateFrameworks/LoginUIKit.framework/Versions/A/Frameworks/LoginUICore.framework/Versions/A/LoginUICore
0x0000000058ad2000 	/usr/lib/libCoreStorage.dylib
0x0000000058ad2000 	/usr/lib/libcsfde.dylib
0x0000000058ad2000 	/usr/lib/libodfde.dylib
0x0000000058ad2000 	/System/Library/Frameworks/DiscRecording.framework/Versions/A/DiscRecording
0x0000000058ad2000 	/usr/lib/libcurl.4.dylib
0x0000000058ad2000 	/System/Library/PrivateFrameworks/MediaKit.framework/Versions/A/MediaKit
0x0000000058ad2000 	/System/Library/PrivateFrameworks/ProtectedCloudStorage.framework/Versions/A/ProtectedCloudStorage
0x0000000058ad2000 	/System/Library/PrivateFrameworks/EFILogin.framework/Versions/A/EFILogin
0x0000000058ad2000 	/usr/lib/libutil.dylib
0x0000000058ad2000 	/System/Library/Frameworks/LDAP.framework/Versions/A/LDAP
0x0000000058ad2000 	/usr/lib/libsasl2.2.dylib
0x0000000058ad2000 	/System/Library/PrivateFrameworks/CoreDaemon.framework/Versions/B/CoreDaemon
0x0000000058ad2000 	/System/Library/PrivateFrameworks/AppleSRP.framework/Versions/A/AppleSRP
0x0000000058ad2000 	/System/Library/PrivateFrameworks/APFS.framework/Versions/A/APFS
0x0000000058ad2000 	/System/Library/PrivateFrameworks/ViewBridge.framework/Versions/A/ViewBridge
0x0000000058ad2000 	/System/Library/PrivateFrameworks/XPCService.framework/Versions/A/XPCService
0x0000000058ad2000 	/System/Library/PrivateFrameworks/AppSandbox.framework/Versions/A/AppSandbox
0x0000000058ad2000 	/usr/lib/libsandbox.1.dylib
0x0000000058ad2000 	/usr/lib/libMatch.1.dylib
0x000000012a66e000 	/Library/Java/JavaVirtualMachines/jdk1.8.0_131.jdk/Contents/Home/jre/lib/libsplashscreen.dylib
0x000000012a6c7000 	/Library/Java/JavaVirtualMachines/jdk1.8.0_131.jdk/Contents/Home/jre/lib/libfontmanager.dylib
0x0000000128739000 	/Library/Java/JavaVirtualMachines/jdk1.8.0_131.jdk/Contents/Home/jre/lib/libosxui.dylib
0x0000000134cc3000 	/Applications/NetBeans/Apache NetBeans 11.1.app/Contents/Resources/NetBeans/platform/modules/lib/libjnidispatch-440.jnilib
0x0000000122d03000 	/Library/Java/JavaVirtualMachines/jdk1.8.0_131.jdk/Contents/Home/jre/lib/libmanagement.dylib
0x000000012ed75000 	/Library/Java/JavaVirtualMachines/jdk1.8.0_131.jdk/Contents/Home/jre/lib/libdcpr.dylib
0x0000000122c8a000 	/Library/Java/JavaVirtualMachines/jdk1.8.0_131.jdk/Contents/Home/jre/lib/libjpeg.dylib
0x0000000058ad2000 	/System/Library/PrivateFrameworks/CloudDocs.framework/Versions/A/CloudDocs
0x0000000058ad2000 	/System/Library/Frameworks/CloudKit.framework/Versions/A/CloudKit
0x0000000058ad2000 	/System/Library/PrivateFrameworks/MMCS.framework/Versions/A/MMCS
0x0000000058ad2000 	/System/Library/Frameworks/CoreLocation.framework/Versions/A/CoreLocation
0x0000000058ad2000 	/System/Library/PrivateFrameworks/AssetCacheServices.framework/Versions/A/AssetCacheServices
0x0000000058ad2000 	/System/Library/PrivateFrameworks/GeoServices.framework/Versions/A/GeoServices

VM Arguments:
jvm_args: -Djdk.home=/Library/Java/JavaVirtualMachines/jdk1.8.0_131.jdk/Contents/Home -Dnetbeans.default_userdir_root=/Users/dthurston/Library/Application Support/NetBeans -Dnetbeans.dirs=/Applications/NetBeans/Apache NetBeans 11.1.app/Contents/Resources/NetBeans/nb:/Applications/NetBeans/Apache NetBeans 11.1.app/Contents/Resources/NetBeans/ergonomics:/Applications/NetBeans/Apache NetBeans 11.1.app/Contents/Resources/NetBeans/ide:/Applications/NetBeans/Apache NetBeans 11.1.app/Contents/Resources/NetBeans/extide:/Applications/NetBeans/Apache NetBeans 11.1.app/Contents/Resources/NetBeans/java:/Applications/NetBeans/Apache NetBeans 11.1.app/Contents/Resources/NetBeans/apisupport:/Applications/NetBeans/Apache NetBeans 11.1.app/Contents/Resources/NetBeans/webcommon:/Applications/NetBeans/Apache NetBeans 11.1.app/Contents/Resources/NetBeans/websvccommon:/Applications/NetBeans/Apache NetBeans 11.1.app/Contents/Resources/NetBeans/enterprise:/Applications/NetBeans/Apache NetBeans 11.1.app/Contents/Resources/NetBeans/mobility:/Applications/NetBeans/Apache NetBeans 11.1.app/Contents/Resources/NetBeans/profiler:/Applications/NetBeans/Apache NetBeans 11.1.app/Contents/Resources/NetBeans/python:/Applications/NetBeans/Apache NetBeans 11.1.app/Contents/Resources/NetBeans/php:/Applications/NetBeans/Apache NetBeans 11.1.app/Contents/Resources/NetBeans/identity:/Applications/NetBeans/Apache NetBeans 11.1.app/Contents/Resources/NetBeans/harness:/Applications/NetBeans/Apache NetBeans 11.1.app/Contents/Resources/NetBeans/cnd:/Applications/NetBeans/Apache NetBeans 11.1.app/Contents/Resources/NetBeans/cndext:/Applications/NetBeans/Apache NetBeans 11.1.app/Contents/Resources/NetBeans/dlight:/Applications/NetBeans/Apache NetBeans 11.1.app/Contents/Resources/NetBeans/groovy:/Applications/NetBeans/Apache NetBeans 11.1.app/Contents/Resources/NetBeans/extra:/Applications/NetBeans/Apache NetBeans 11.1.app/Contents/Resources/NetBeans/javacard:/Applications/NetBeans/Apache NetBeans 11.1.app/Contents/Resources/NetBeans/javafx: -Dnetbeans.home=/Applications/NetBeans/Apache NetBeans 11.1.app/Contents/Resources/NetBeans/platform -Dnetbeans.importclass=org.netbeans.upgrade.AutoUpgrade -XX:+UseStringDeduplication -Xss2m -Djdk.gtk.version=2.2 -Dapple.laf.useScreenMenuBar=true -Dapple.awt.graphics.UseQuartz=true -Dsun.java2d.noddraw=true -Dsun.java2d.dpiaware=true -Dsun.zip.disableMemoryMapping=true -Dplugin.manager.check.updates=false -Dnetbeans.extbrowser.manual_chrome_plugin_install=yes --add-opens=java.base/java.net=ALL-UNNAMED --add-opens=java.base/java.lang.ref=ALL-UNNAMED --add-opens=java.base/java.lang=ALL-UNNAMED --add-opens=java.base/java.security=ALL-UNNAMED --add-opens=java.base/java.util=ALL-UNNAMED --add-opens=java.desktop/javax.swing.plaf.basic=ALL-UNNAMED --add-opens=java.desktop/javax.swing.text=ALL-UNNAMED --add-opens=java.desktop/javax.swing=ALL-UNNAMED --add-opens=java.desktop/java.awt=ALL-UNNAMED --add-opens=java.desktop/java.awt.event=ALL-UNNAMED --add-opens=java.prefs/java.util.prefs=ALL-UNNAMED --add-opens=jdk.jshell/jdk.jshell=ALL-UNNAMED --add-modules=jdk.jshell --add-exports=java.desktop/sun.awt=ALL-UNNAMED --add-exports=java.desktop/java.awt.peer=ALL-UNNAMED --add-exports=java.desktop/com.sun.beans.editors=ALL-UNNAMED --add-exports=java.desktop/sun.swing=ALL-UNNAMED --add-exports=java.desktop/sun.awt.im=ALL-UNNAMED --add-exports=jdk.internal.jvmstat/sun.jvmstat.monitor=ALL-UNNAMED --add-exports=java.management/sun.management=ALL-UNNAMED --add-exports=java.base/sun.reflect.annotation=ALL-UNNAMED --add-exports=jdk.javadoc/com.sun.tools.javadoc.main=ALL-UNNAMED -XX:+IgnoreUnrecognizedVMOptions -XX:+HeapDumpOnOutOfMemoryError -XX:HeapDumpPath=/Users/dthurston/Library/Application Support/NetBeans/11.1/var/log/heapdump.hprof 
java_command: org.netbeans.Main --cachedir /Users/dthurston/Library/Caches/NetBeans/11.1 --userdir /Users/dthurston/Library/Application Support/NetBeans/11.1 --branding nb
java_class_path (initial): /Applications/NetBeans/Apache NetBeans 11.1.app/Contents/Resources/NetBeans/platform/lib/boot.jar:/Applications/NetBeans/Apache NetBeans 11.1.app/Contents/Resources/NetBeans/platform/lib/org-openide-modules.jar:/Applications/NetBeans/Apache NetBeans 11.1.app/Contents/Resources/NetBeans/platform/lib/org-openide-util-lookup.jar:/Applications/NetBeans/Apache NetBeans 11.1.app/Contents/Resources/NetBeans/platform/lib/org-openide-util-ui.jar:/Applications/NetBeans/Apache NetBeans 11.1.app/Contents/Resources/NetBeans/platform/lib/org-openide-util.jar:/Library/Java/JavaVirtualMachines/jdk1.8.0_131.jdk/Contents/Home/lib/dt.jar:/Library/Java/JavaVirtualMachines/jdk1.8.0_131.jdk/Contents/Home/lib/tools.jar
Launcher Type: SUN_STANDARD

Environment Variables:
PATH=/Library/Frameworks/Python.framework/Versions/3.6/bin:/Users/dthurston/.rbenv/shims:/Library/Frameworks/Python.framework/Versions/2.7/bin:/usr/local/bin:/usr/bin:/bin:/usr/sbin:/sbin:/Library/Frameworks/Mono.framework/Versions/Current/Commands:/Applications/Wireshark.app/Contents/MacOS:/Users/dthurston/Projects
SHELL=/bin/bash

Signal Handlers:
SIGSEGV: [libjvm.dylib+0x5b1eb1], sa_mask[0]=11111111011111110111111111111111, sa_flags=SA_ONSTACK|SA_RESTART|SA_SIGINFO
SIGBUS: [libjvm.dylib+0x5b1eb1], sa_mask[0]=11111111011111110111111111111111, sa_flags=SA_RESTART|SA_SIGINFO
SIGFPE: [libjvm.dylib+0x488988], sa_mask[0]=11111111011111110111111111111111, sa_flags=SA_RESTART|SA_SIGINFO
SIGPIPE: [libjvm.dylib+0x488988], sa_mask[0]=11111111011111110111111111111111, sa_flags=SA_RESTART|SA_SIGINFO
SIGXFSZ: [libjvm.dylib+0x488988], sa_mask[0]=11111111011111110111111111111111, sa_flags=SA_RESTART|SA_SIGINFO
SIGILL: [libjvm.dylib+0x488988], sa_mask[0]=11111111011111110111111111111111, sa_flags=SA_RESTART|SA_SIGINFO
SIGUSR1: SIG_DFL, sa_mask[0]=11011111011111100000000111000110, sa_flags=none
SIGUSR2: [libjvm.dylib+0x4884a6], sa_mask[0]=00000000000000000000000000000000, sa_flags=SA_RESTART|SA_SIGINFO
SIGHUP: [libjvm.dylib+0x486a7d], sa_mask[0]=11111111011111110111111111111111, sa_flags=SA_RESTART|SA_SIGINFO
SIGINT: SIG_IGN, sa_mask[0]=00000000000000000000000000000000, sa_flags=none
SIGTERM: [libjvm.dylib+0x486a7d], sa_mask[0]=11111111011111110111111111111111, sa_flags=SA_RESTART|SA_SIGINFO
SIGQUIT: [libjvm.dylib+0x486a7d], sa_mask[0]=11111111011111110111111111111111, sa_flags=SA_RESTART|SA_SIGINFO


---------------  S Y S T E M  ---------------

OS:Bsduname:Darwin 16.7.0 Darwin Kernel Version 16.7.0: Sun Jun  2 20:26:31 PDT 2019; root:xnu-3789.73.50~1/RELEASE_X86_64 x86_64
rlimit: STACK 8192k, CORE 0k, NPROC 709, NOFILE 10240, AS infinity
load average:5.43 4.38 3.84

CPU:total 4 (initial active 4) (2 cores per cpu, 2 threads per core) family 6 model 61 stepping 4, cmov, cx8, fxsr, mmx, sse, sse2, sse3, ssse3, sse4.1, sse4.2, popcnt, avx, avx2, aes, clmul, erms, rtm, 3dnowpref, lzcnt, ht, tsc, tscinvbit, bmi1, bmi2, adx

Memory: 4k page, physical 8388608k(22088k free)

/proc/meminfo:


vm_info: Java HotSpot(TM) 64-Bit Server VM (25.131-b11) for bsd-amd64 JRE (1.8.0_131-b11), built on Mar 15 2017 01:32:22 by "java_re" with gcc 4.2.1 (Based on Apple Inc. build 5658) (LLVM build 2336.11.00)

time: Wed Apr  1 12:42:04 2020
elapsed time: 30736 seconds (0d 8h 32m 16s)

