#
# A fatal error has been detected by the Java Runtime Environment:
#
#  SIGSEGV (0xb) at pc=0x00000001241773bf, pid=42626, tid=0x000000000000df07
#
# JRE version: Java(TM) SE Runtime Environment (8.0_131-b11) (build 1.8.0_131-b11)
# Java VM: Java HotSpot(TM) 64-Bit Server VM (25.131-b11 mixed mode bsd-amd64 compressed oops)
# Problematic frame:
# C  [libawt_lwawt.dylib+0x1c3bf]  OGLSD_SetScratchSurface+0x49
#
# Failed to write core dump. Core dumps have been disabled. To enable core dumping, try "ulimit -c unlimited" before starting Java again
#
# If you would like to submit a bug report, please visit:
#   http://bugreport.java.com/bugreport/crash.jsp
# The crash happened outside the Java Virtual Machine in native code.
# See problematic frame for where to report the bug.
#

---------------  T H R E A D  ---------------

Current thread (0x00007fc301310800):  JavaThread "Java2D Queue Flusher" daemon [_thread_in_native, id=57095, stack(0x0000700011893000,0x0000700011a93000)]

siginfo: si_signo: 11 (SIGSEGV), si_code: 1 (SEGV_MAPERR), si_addr: 0x0000000000000003

Registers:
RAX=0x0000000124197d0e, RBX=0x0000000000000003, RCX=0x0000000000000047, RDX=0x0000000124198258
RSP=0x0000700011a92810, RBP=0x0000700011a92830, RSI=0x00007fc30b4dce20, RDI=0x00007fc3013109f8
R8 =0x0000000000000020, R9 =0x0000000000000000, R10=0x000000011003b1b8, R11=0x00000000e827121e
R12=0x0000000000000000, R13=0x0000000741389160, R14=0x00007fc3013109f8, R15=0x00007fc301310800
RIP=0x00000001241773bf, EFLAGS=0x0000000000010206, ERR=0x0000000000000004
  TRAPNO=0x000000000000000e

Top of Stack: (sp=0x0000700011a92810)
0x0000700011a92810:   00007fc30b4dce20 0000000000000000
0x0000700011a92820:   00007fc30136b010 00007fc301310800
0x0000700011a92830:   0000700011a928b0 0000000124197d36
0x0000700011a92840:   0000000000000064 00007fc300cdc3d8
0x0000700011a92850:   0000700011a928b0 0000000108d50094
0x0000700011a92860:   0000000000000005 00007fc301310800
0x0000700011a92870:   0000000741389101 00007fc30136b020
0x0000700011a92880:   0000700000a92800 00007fc3013109f8
0x0000700011a92890:   0000000000000000 0000000000000000
0x0000700011a928a0:   0000700011a92840 00007fc301310800
0x0000700011a928b0:   0000700011a92900 000000011003b22a
0x0000700011a928c0:   00000007413890d8 0000000100000000
0x0000700011a928d0:   00007fc30b68d0b0 0000000000000001
0x0000700011a928e0:   000000010f00ef48 0000000000000000
0x0000700011a928f0:   0000700011a92910 0000000000000000
0x0000700011a92900:   00000000e827121b 0000000110858d60
0x0000700011a92910:   00000007413890d8 0000000741389160
0x0000700011a92920:   0000000000000000 0000000000000000
0x0000700011a92930:   0000000741389160 0000700011a929d0
0x0000700011a92940:   0000000000000001 0000000000000000
0x0000700011a92950:   0000700011a929d0 000000010ff087a7
0x0000700011a92960:   0000000741389160 0000000741389160
0x0000700011a92970:   0000700000001fa0 000000000000000a
0x0000700011a92980:   00007fc301310800 0000000000000001
0x0000700011a92990:   000000010ff0871f 000000010ef82450
0x0000700011a929a0:   0000700011a92a68 0000700011a92d00
0x0000700011a929b0:   000000010000000a 000000010ef82450
0x0000700011a929c0:   000000010ff1b120 0000700011a92c70
0x0000700011a929d0:   0000700011a92b80 0000000108cee5b6
0x0000700011a929e0:   0000700000000001 00007fc301310800
0x0000700011a929f0:   00007fc301310800 0000700011a92d00
0x0000700011a92a00:   00007fc300cdc3d0 000000010ff1b120 

Instructions: (pc=0x00000001241773bf)
0x000000012417739f:   c0 e9 82 00 00 00 48 8b 5e 10 48 85 db 75 0e bf
0x00000001241773af:   01 00 00 00 48 8d 15 07 7c 03 00 eb d6 49 89 fe
0x00000001241773bf:   4c 8b 3b 30 c0 e8 c1 a6 02 00 49 8b 3f 49 89 c4
0x00000001241773cf:   48 8b 35 4a 03 06 00 30 c0 e8 0f a8 02 00 48 85 

Register to memory mapping:

RAX=0x0000000124197d0e: Java_sun_java2d_opengl_OGLRenderQueue_flushBuffer+0x612 in /Library/Java/JavaVirtualMachines/jdk1.8.0_131.jdk/Contents/Home/jre/lib/libawt_lwawt.dylib at 0x000000012415b000
RBX=0x0000000000000003 is an unknown value
RCX=0x0000000000000047 is an unknown value
RDX=0x0000000124198258: Java_sun_java2d_opengl_OGLRenderQueue_flushBuffer+0xb5c in /Library/Java/JavaVirtualMachines/jdk1.8.0_131.jdk/Contents/Home/jre/lib/libawt_lwawt.dylib at 0x000000012415b000
RSP=0x0000700011a92810 is pointing into the stack for thread: 0x00007fc301310800
RBP=0x0000700011a92830 is pointing into the stack for thread: 0x00007fc301310800
RSI=0x00007fc30b4dce20 is an unknown value
RDI=0x00007fc3013109f8 is an unknown value
R8 =0x0000000000000020 is an unknown value
R9 =0x0000000000000000 is an unknown value
R10=0x000000011003b1b8 is at entry_point+56 in (nmethod*)0x000000011003b010
R11=0x00000000e827121e is an unknown value
R12=0x0000000000000000 is an unknown value
R13=0x0000000741389160 is an oop
sun.java2d.opengl.OGLRenderQueue$QueueFlusher 
 - klass: 'sun/java2d/opengl/OGLRenderQueue$QueueFlusher'
R14=0x00007fc3013109f8 is an unknown value
R15=0x00007fc301310800 is a thread


Stack: [0x0000700011893000,0x0000700011a93000],  sp=0x0000700011a92810,  free space=2046k
Native frames: (J=compiled Java code, j=interpreted, Vv=VM code, C=native code)
C  [libawt_lwawt.dylib+0x1c3bf]  OGLSD_SetScratchSurface+0x49
C  [libawt_lwawt.dylib+0x3cd36]  Java_sun_java2d_opengl_OGLRenderQueue_flushBuffer+0x63a
J 9451  sun.java2d.opengl.OGLRenderQueue.flushBuffer(JI)V (0 bytes) @ 0x000000011003b22a [0x000000011003b180+0xaa]
J 23116% C2 sun.java2d.opengl.OGLRenderQueue$QueueFlusher.run()V (234 bytes) @ 0x0000000110858d60 [0x0000000110858a80+0x2e0]
v  ~StubRoutines::call_stub
V  [libjvm.dylib+0x2ee5b6]
V  [libjvm.dylib+0x2eed5a]
V  [libjvm.dylib+0x2eef06]
V  [libjvm.dylib+0x34965d]
V  [libjvm.dylib+0x56b87f]
V  [libjvm.dylib+0x56cf6c]
V  [libjvm.dylib+0x48b376]
C  [libsystem_pthread.dylib+0x393b]  _pthread_body+0xb4
C  [libsystem_pthread.dylib+0x3887]  _pthread_body+0x0
C  [libsystem_pthread.dylib+0x308d]  thread_start+0xd
C  0x0000000000000000

Java frames: (J=compiled Java code, j=interpreted, Vv=VM code)
J 9451  sun.java2d.opengl.OGLRenderQueue.flushBuffer(JI)V (0 bytes) @ 0x000000011003b1b8 [0x000000011003b180+0x38]
J 23116% C2 sun.java2d.opengl.OGLRenderQueue$QueueFlusher.run()V (234 bytes) @ 0x0000000110858d60 [0x0000000110858a80+0x2e0]
v  ~StubRoutines::call_stub

---------------  P R O C E S S  ---------------

Java Threads: ( => current thread )
  0x00007fc302859800 JavaThread "Inactive RequestProcessor thread [Was:Git.cache/org.netbeans.modules.git.FileStatusCache$IgnoredFilesHandler]" daemon [_thread_blocked, id=4611, stack(0x0000700013d4c000,0x0000700013f4c000)]
  0x00007fc307bac000 JavaThread "Inactive RequestProcessor thread [Was:Git.cache/org.netbeans.modules.git.FileStatusCache$IgnoredFilesHandler]" daemon [_thread_blocked, id=83443, stack(0x0000700012f37000,0x0000700013137000)]
  0x00007fc308dc3800 JavaThread "Inactive RequestProcessor thread [Was:org.remikz.netbeans.AutoSaveModified.AutoSaveModified/org.remikz.netbeans.AutoSaveModified.AutoSaveModified]" daemon [_thread_blocked, id=82655, stack(0x0000700012b31000,0x0000700012d31000)]
  0x00007fc30cd8f000 JavaThread "Inactive RequestProcessor thread [Was:Git.cache/org.netbeans.modules.git.FileStatusCache$IgnoredFilesHandler]" daemon [_thread_blocked, id=73343, stack(0x000070001292e000,0x0000700012b2e000)]
  0x00007fc3092b3000 JavaThread "Inactive RequestProcessor thread [Was:Versioning parallel tasks/org.netbeans.modules.versioning.core.api.VCSFileProxy$2]" daemon [_thread_blocked, id=80711, stack(0x0000700012325000,0x0000700012525000)]
  0x00007fc302291000 JavaThread "ErrorAnnotator worker" daemon [_thread_blocked, id=72415, stack(0x0000700011390000,0x0000700011590000)]
  0x00007fc301774000 JavaThread "Folder recognizer" daemon [_thread_in_Java, id=38143, stack(0x0000700012528000,0x0000700012728000)]
  0x00007fc3020c7800 JavaThread "DestroyJavaVM" [_thread_blocked, id=7171, stack(0x000070000f851000,0x000070000fa51000)]
  0x00007fc301315000 JavaThread "TimerQueue" daemon [_thread_blocked, id=37667, stack(0x0000700013b49000,0x0000700013d49000)]
  0x00007fc3010d8000 JavaThread "Worker-JM" [_thread_blocked, id=5127, stack(0x0000700013946000,0x0000700013b46000)]
  0x00007fc307f44000 JavaThread "Framework Event Dispatcher" daemon [_thread_blocked, id=79363, stack(0x0000700013743000,0x0000700013943000)]
  0x00007fc307127800 JavaThread "Deadlock Detector" [_thread_blocked, id=78855, stack(0x0000700013540000,0x0000700013740000)]
  0x00007fc3014f0000 JavaThread "Thread-3" daemon [_thread_blocked, id=78611, stack(0x000070001333d000,0x000070001353d000)]
  0x00007fc302c66000 JavaThread "File Watcher" daemon [_thread_blocked, id=75019, stack(0x000070001313a000,0x000070001333a000)]
  0x00007fc302054800 JavaThread "Thread-1" daemon [_thread_in_native, id=72551, stack(0x0000700012d34000,0x0000700012f34000)]
  0x00007fc3012c3800 JavaThread "Editor Parsing Loop (netbeans-release-428-on-20190716)" daemon [_thread_blocked, id=70931, stack(0x000070001272b000,0x000070001292b000)]
  0x00007fc301f3c800 JavaThread "State Data Manager" daemon [_thread_blocked, id=69519, stack(0x0000700012122000,0x0000700012322000)]
  0x00007fc309149000 JavaThread "Framework Active Thread" [_thread_blocked, id=68931, stack(0x0000700011f1f000,0x000070001211f000)]
  0x00007fc301398800 JavaThread "AWT-EventQueue-0" [_thread_blocked, id=59655, stack(0x0000700011c99000,0x0000700011e99000)]
  0x00007fc302181800 JavaThread "Java2D Disposer" daemon [_thread_blocked, id=59151, stack(0x0000700011a96000,0x0000700011c96000)]
=>0x00007fc301310800 JavaThread "Java2D Queue Flusher" daemon [_thread_in_native, id=57095, stack(0x0000700011893000,0x0000700011a93000)]
  0x00007fc3018d0000 JavaThread "RequestProcessor queue manager" daemon [_thread_blocked, id=55567, stack(0x0000700011690000,0x0000700011890000)]
  0x00007fc30187c800 JavaThread "AWT-Shutdown" [_thread_blocked, id=30751, stack(0x0000700011004000,0x0000700011204000)]
  0x00007fc301873000 JavaThread "AppKit Thread" daemon [_thread_in_native, id=775, stack(0x00007fff57364000,0x00007fff57b64000)]
  0x00007fc3011b4000 JavaThread "CLI Requests Server" daemon [_thread_in_native, id=20227, stack(0x0000700010d7e000,0x0000700010f7e000)]
  0x00007fc3010df000 JavaThread "Active Reference Queue Daemon" daemon [_thread_in_vm, id=19715, stack(0x0000700010b7b000,0x0000700010d7b000)]
  0x00007fc302862000 JavaThread "Service Thread" daemon [_thread_blocked, id=18691, stack(0x0000700010875000,0x0000700010a75000)]
  0x00007fc301811000 JavaThread "C1 CompilerThread2" daemon [_thread_blocked, id=18179, stack(0x0000700010772000,0x0000700010872000)]
  0x00007fc302838000 JavaThread "C2 CompilerThread1" daemon [_thread_blocked, id=17667, stack(0x000070001066f000,0x000070001076f000)]
  0x00007fc30104d000 JavaThread "C2 CompilerThread0" daemon [_thread_blocked, id=17155, stack(0x000070001056c000,0x000070001066c000)]
  0x00007fc302837000 JavaThread "Signal Dispatcher" daemon [_thread_blocked, id=16643, stack(0x0000700010369000,0x0000700010569000)]
  0x00007fc302005000 JavaThread "Finalizer" daemon [_thread_blocked, id=12547, stack(0x0000700010166000,0x0000700010366000)]
  0x00007fc302829000 JavaThread "Reference Handler" daemon [_thread_blocked, id=12035, stack(0x000070000ff63000,0x0000700010163000)]

Other Threads:
  0x00007fc301036800 VMThread [stack: 0x000070000fe60000,0x000070000ff60000] [id=11523]
  0x00007fc30104e000 WatcherThread [stack: 0x0000700010a78000,0x0000700010b78000] [id=19203]

VM state:synchronizing (normal execution)

VM Mutex/Monitor currently owned by a thread:  ([mutex/lock_event])
[0x00007fc300c03870] Safepoint_lock - owner thread: 0x00007fc301036800
[0x00007fc300c038f0] Threads_lock - owner thread: 0x00007fc301036800

Heap:
 PSYoungGen      total 583680K, used 38063K [0x0000000795580000, 0x00000007bc600000, 0x00000007c0000000)
  eden space 530944K, 0% used [0x0000000795580000,0x00000007957dcdd0,0x00000007b5c00000)
  from space 52736K, 67% used [0x00000007b9280000,0x00000007bb54f140,0x00000007bc600000)
  to   space 54272K, 0% used [0x00000007b5c00000,0x00000007b5c00000,0x00000007b9100000)
 ParOldGen       total 232448K, used 128888K [0x0000000740000000, 0x000000074e300000, 0x0000000795580000)
  object space 232448K, 55% used [0x0000000740000000,0x0000000747dde060,0x000000074e300000)
 Metaspace       used 107502K, capacity 121319K, committed 121384K, reserved 1155072K
  class space    used 12861K, capacity 16669K, committed 16688K, reserved 1048576K

Card table byte_map: [0x0000000109d63000,0x000000010a164000] byte_map_base: 0x0000000106363000

Marking Bits: (ParMarkBitMap*) 0x00000001092f1ea0
 Begin Bits: [0x000000010a40f000, 0x000000010c40f000)
 End Bits:   [0x000000010c40f000, 0x000000010e40f000)

Polling page: 0x000000010815c000

CodeCache: size=245760Kb used=60829Kb max_used=61118Kb free=184930Kb
 bounds [0x000000010ff08000, 0x0000000113b48000, 0x000000011ef08000]
 total_blobs=17367 nmethods=16450 adapters=826
 compilation: enabled

Compilation events (10 events):
Event: 30429.790 Thread 0x00007fc302838000 23339       4       java.util.WeakHashMap$Entry::getKey (8 bytes)
Event: 30429.791 Thread 0x00007fc302838000 nmethod 23339 0x0000000111ded990 code [0x0000000111dedae0, 0x0000000111dedb78]
Event: 30429.825 Thread 0x00007fc301811000 23340       3       org.eclipse.osgi.framework.util.KeyedHashSet::getByKey (113 bytes)
Event: 30429.831 Thread 0x00007fc301811000 nmethod 23340 0x00000001119f9990 code [0x00000001119f9ba0, 0x00000001119fa588]
Event: 30429.863 Thread 0x00007fc30104d000 23341       4       java.net.URI::<init> (65 bytes)
Event: 30429.868 Thread 0x00007fc30104d000 nmethod 23341 0x00000001119f8010 code [0x00000001119f8180, 0x00000001119f8358]
Event: 30429.868 Thread 0x00007fc301811000 23342       3       org.openide.loaders.FolderInstance::<init> (7 bytes)
Event: 30429.869 Thread 0x00007fc301811000 nmethod 23342 0x00000001119f7c90 code [0x00000001119f7e00, 0x00000001119f7f88]
Event: 30429.869 Thread 0x00007fc301811000 23343       3       org.openide.loaders.FolderInstance::<init> (182 bytes)
Event: 30429.877 Thread 0x00007fc301811000 nmethod 23343 0x0000000112277950 code [0x0000000112277de0, 0x000000011227ad68]

GC Heap History (10 events):
Event: 15326.114 GC heap before
{Heap before GC invocations=26 (full 4):
 PSYoungGen      total 515072K, used 486442K [0x0000000795580000, 0x00000007b9b00000, 0x00000007c0000000)
  eden space 468992K, 100% used [0x0000000795580000,0x00000007b1f80000,0x00000007b1f80000)
  from space 46080K, 37% used [0x00000007b1f80000,0x00000007b308a9e8,0x00000007b4c80000)
  to   space 43520K, 0% used [0x00000007b7080000,0x00000007b7080000,0x00000007b9b00000)
 ParOldGen       total 232448K, used 81733K [0x0000000740000000, 0x000000074e300000, 0x0000000795580000)
  object space 232448K, 35% used [0x0000000740000000,0x0000000744fd16d8,0x000000074e300000)
 Metaspace       used 102295K, capacity 116075K, committed 116392K, reserved 1148928K
  class space    used 12401K, capacity 16201K, committed 16304K, reserved 1048576K
Event: 15326.304 GC heap after
Heap after GC invocations=26 (full 4):
 PSYoungGen      total 540672K, used 31563K [0x0000000795580000, 0x00000007b9800000, 0x00000007c0000000)
  eden space 500224K, 0% used [0x0000000795580000,0x0000000795580000,0x00000007b3e00000)
  from space 40448K, 78% used [0x00000007b7080000,0x00000007b8f52db8,0x00000007b9800000)
  to   space 46080K, 0% used [0x00000007b3e00000,0x00000007b3e00000,0x00000007b6b00000)
 ParOldGen       total 232448K, used 82363K [0x0000000740000000, 0x000000074e300000, 0x0000000795580000)
  object space 232448K, 35% used [0x0000000740000000,0x000000074506ed50,0x000000074e300000)
 Metaspace       used 102295K, capacity 116075K, committed 116392K, reserved 1148928K
  class space    used 12401K, capacity 16201K, committed 16304K, reserved 1048576K
}
Event: 21194.186 GC heap before
{Heap before GC invocations=27 (full 4):
 PSYoungGen      total 540672K, used 531787K [0x0000000795580000, 0x00000007b9800000, 0x00000007c0000000)
  eden space 500224K, 100% used [0x0000000795580000,0x00000007b3e00000,0x00000007b3e00000)
  from space 40448K, 78% used [0x00000007b7080000,0x00000007b8f52db8,0x00000007b9800000)
  to   space 46080K, 0% used [0x00000007b3e00000,0x00000007b3e00000,0x00000007b6b00000)
 ParOldGen       total 232448K, used 82363K [0x0000000740000000, 0x000000074e300000, 0x0000000795580000)
  object space 232448K, 35% used [0x0000000740000000,0x000000074506ed50,0x000000074e300000)
 Metaspace       used 105869K, capacity 119767K, committed 120104K, reserved 1153024K
  class space    used 12798K, capacity 16607K, committed 16688K, reserved 1048576K
Event: 21194.503 GC heap after
Heap after GC invocations=27 (full 4):
 PSYoungGen      total 546304K, used 35924K [0x0000000795580000, 0x00000007bb780000, 0x00000007c0000000)
  eden space 500224K, 0% used [0x0000000795580000,0x0000000795580000,0x00000007b3e00000)
  from space 46080K, 77% used [0x00000007b3e00000,0x00000007b61151b0,0x00000007b6b00000)
  to   space 49152K, 0% used [0x00000007b8780000,0x00000007b8780000,0x00000007bb780000)
 ParOldGen       total 232448K, used 82371K [0x0000000740000000, 0x000000074e300000, 0x0000000795580000)
  object space 232448K, 35% used [0x0000000740000000,0x0000000745070d50,0x000000074e300000)
 Metaspace       used 105869K, capacity 119767K, committed 120104K, reserved 1153024K
  class space    used 12798K, capacity 16607K, committed 16688K, reserved 1048576K
}
Event: 24164.586 GC heap before
{Heap before GC invocations=28 (full 4):
 PSYoungGen      total 546304K, used 536148K [0x0000000795580000, 0x00000007bb780000, 0x00000007c0000000)
  eden space 500224K, 100% used [0x0000000795580000,0x00000007b3e00000,0x00000007b3e00000)
  from space 46080K, 77% used [0x00000007b3e00000,0x00000007b61151b0,0x00000007b6b00000)
  to   space 49152K, 0% used [0x00000007b8780000,0x00000007b8780000,0x00000007bb780000)
 ParOldGen       total 232448K, used 82371K [0x0000000740000000, 0x000000074e300000, 0x0000000795580000)
  object space 232448K, 35% used [0x0000000740000000,0x0000000745070d50,0x000000074e300000)
 Metaspace       used 106452K, capacity 120335K, committed 120616K, reserved 1153024K
  class space    used 12807K, capacity 16615K, committed 16688K, reserved 1048576K
Event: 24164.761 GC heap after
Heap after GC invocations=28 (full 4):
 PSYoungGen      total 568320K, used 34829K [0x0000000795580000, 0x00000007bb600000, 0x00000007c0000000)
  eden space 520704K, 0% used [0x0000000795580000,0x0000000795580000,0x00000007b5200000)
  from space 47616K, 73% used [0x00000007b8780000,0x00000007ba983448,0x00000007bb600000)
  to   space 51200K, 0% used [0x00000007b5200000,0x00000007b5200000,0x00000007b8400000)
 ParOldGen       total 232448K, used 82379K [0x0000000740000000, 0x000000074e300000, 0x0000000795580000)
  object space 232448K, 35% used [0x0000000740000000,0x0000000745072d50,0x000000074e300000)
 Metaspace       used 106452K, capacity 120335K, committed 120616K, reserved 1153024K
  class space    used 12807K, capacity 16615K, committed 16688K, reserved 1048576K
}
Event: 24417.922 GC heap before
{Heap before GC invocations=29 (full 4):
 PSYoungGen      total 568320K, used 555533K [0x0000000795580000, 0x00000007bb600000, 0x00000007c0000000)
  eden space 520704K, 100% used [0x0000000795580000,0x00000007b5200000,0x00000007b5200000)
  from space 47616K, 73% used [0x00000007b8780000,0x00000007ba983448,0x00000007bb600000)
  to   space 51200K, 0% used [0x00000007b5200000,0x00000007b5200000,0x00000007b8400000)
 ParOldGen       total 232448K, used 82379K [0x0000000740000000, 0x000000074e300000, 0x0000000795580000)
  object space 232448K, 35% used [0x0000000740000000,0x0000000745072d50,0x000000074e300000)
 Metaspace       used 107064K, capacity 120891K, committed 121128K, reserved 1153024K
  class space    used 12819K, capacity 16659K, committed 16688K, reserved 1048576K
Event: 24418.071 GC heap after
Heap after GC invocations=29 (full 4):
 PSYoungGen      total 571904K, used 33462K [0x0000000795580000, 0x00000007bc600000, 0x00000007c0000000)
  eden space 520704K, 0% used [0x0000000795580000,0x0000000795580000,0x00000007b5200000)
  from space 51200K, 65% used [0x00000007b5200000,0x00000007b72adbc8,0x00000007b8400000)
  to   space 52736K, 0% used [0x00000007b9280000,0x00000007b9280000,0x00000007bc600000)
 ParOldGen       total 232448K, used 82387K [0x0000000740000000, 0x000000074e300000, 0x0000000795580000)
  object space 232448K, 35% used [0x0000000740000000,0x0000000745074d50,0x000000074e300000)
 Metaspace       used 107064K, capacity 120891K, committed 121128K, reserved 1153024K
  class space    used 12819K, capacity 16659K, committed 16688K, reserved 1048576K
}
Event: 30429.914 GC heap before
{Heap before GC invocations=30 (full 4):
 PSYoungGen      total 571904K, used 554166K [0x0000000795580000, 0x00000007bc600000, 0x00000007c0000000)
  eden space 520704K, 100% used [0x0000000795580000,0x00000007b5200000,0x00000007b5200000)
  from space 51200K, 65% used [0x00000007b5200000,0x00000007b72adbc8,0x00000007b8400000)
  to   space 52736K, 0% used [0x00000007b9280000,0x00000007b9280000,0x00000007bc600000)
 ParOldGen       total 232448K, used 82387K [0x0000000740000000, 0x000000074e300000, 0x0000000795580000)
  object space 232448K, 35% used [0x0000000740000000,0x0000000745074d50,0x000000074e300000)
 Metaspace       used 107502K, capacity 121319K, committed 121384K, reserved 1155072K
  class space    used 12861K, capacity 16669K, committed 16688K, reserved 1048576K
Event: 30430.197 GC heap after
Heap after GC invocations=30 (full 4):
 PSYoungGen      total 583680K, used 35644K [0x0000000795580000, 0x00000007bc600000, 0x00000007c0000000)
  eden space 530944K, 0% used [0x0000000795580000,0x0000000795580000,0x00000007b5c00000)
  from space 52736K, 67% used [0x00000007b9280000,0x00000007bb54f140,0x00000007bc600000)
  to   space 54272K, 0% used [0x00000007b5c00000,0x00000007b5c00000,0x00000007b9100000)
 ParOldGen       total 232448K, used 128888K [0x0000000740000000, 0x000000074e300000, 0x0000000795580000)
  object space 232448K, 55% used [0x0000000740000000,0x0000000747dde060,0x000000074e300000)
 Metaspace       used 107502K, capacity 121319K, committed 121384K, reserved 1155072K
  class space    used 12861K, capacity 16669K, committed 16688K, reserved 1048576K
}

Deoptimization events (10 events):
Event: 30429.202 Thread 0x00007fc301774000 Uncommon trap: reason=bimorphic action=maybe_recompile pc=0x0000000111abb2c4 method=org.eclipse.jgit.util.IO.readFully(Ljava/io/InputStream;[BII)V @ 8
Event: 30429.202 Thread 0x00007fc301774000 Uncommon trap: reason=bimorphic action=maybe_recompile pc=0x0000000111abb2c4 method=org.eclipse.jgit.util.IO.readFully(Ljava/io/InputStream;[BII)V @ 8
Event: 30429.402 Thread 0x00007fc302291000 Uncommon trap: reason=null_check action=make_not_entrant pc=0x0000000111b27408 method=org.netbeans.modules.projectapi.LazyLookupProviders$1Prov$1.safeToLoad()V @ 18
Event: 30429.404 Thread 0x00007fc302291000 Uncommon trap: reason=null_check action=make_not_entrant pc=0x00000001106dd3a8 method=org.netbeans.modules.projectapi.LazyLookupProviders$1Prov$1.safeToLoad()V @ 18
Event: 30429.416 Thread 0x00007fc302291000 Uncommon trap: reason=unstable_if action=reinterpret pc=0x0000000110554094 method=java.beans.PropertyChangeSupport$PropertyChangeListenerMap.newArray(I)[Ljava/beans/PropertyChangeListener; @ 2
Event: 30429.426 Thread 0x00007fc302291000 Uncommon trap: reason=class_check action=maybe_recompile pc=0x0000000113626490 method=org.netbeans.modules.projectapi.nb.NbProjectManager.findProject(Lorg/openide/filesystems/FileObject;)Lorg/netbeans/api/project/Project; @ 22
Event: 30429.496 Thread 0x00007fc302291000 Uncommon trap: reason=class_check action=maybe_recompile pc=0x00000001100b7254 method=java.util.zip.InflaterInputStream.fill()V @ 19
Event: 30429.496 Thread 0x00007fc302291000 Uncommon trap: reason=speculate_class_check action=maybe_recompile pc=0x00000001106918a8 method=sun.awt.image.BufImgSurfaceData.createData(Ljava/awt/image/BufferedImage;)Lsun/java2d/SurfaceData; @ 423
Event: 30429.499 Thread 0x00007fc302291000 Uncommon trap: reason=unstable_if action=reinterpret pc=0x000000011362501c method=org.netbeans.modules.projectapi.SimpleFileOwnerQueryImplementation.getOwner(Lorg/openide/filesystems/FileObject;)Lorg/netbeans/api/project/Project; @ 261
Event: 30429.813 Thread 0x00007fc302291000 Uncommon trap: reason=unstable_if action=reinterpret pc=0x00000001133fcae0 method=org.openide.util.lookup.InheritanceTree$NeedsSortEnum.ensureNext()Z @ 16

Internal exceptions (10 events):
Event: 30429.659 Thread 0x00007fc301774000 Exception <a 'java/io/FileNotFoundException'> (0x00000007b4af09b8) thrown at [/Users/java_re/workspace/8-2-build-macosx-x86_64/jdk8u131/8869/hotspot/src/share/vm/prims/jni.cpp, line 709]
Event: 30429.659 Thread 0x00007fc301774000 Exception <a 'java/io/FileNotFoundException'> (0x00000007b4af1718) thrown at [/Users/java_re/workspace/8-2-build-macosx-x86_64/jdk8u131/8869/hotspot/src/share/vm/prims/jni.cpp, line 709]
Event: 30429.660 Thread 0x00007fc301774000 Exception <a 'sun/nio/fs/UnixException'> (0x00000007b4af5f70) thrown at [/Users/java_re/workspace/8-2-build-macosx-x86_64/jdk8u131/8869/hotspot/src/share/vm/prims/jni.cpp, line 709]
Event: 30429.661 Thread 0x00007fc301774000 Exception <a 'sun/nio/fs/UnixException'> (0x00000007b4afb5e0) thrown at [/Users/java_re/workspace/8-2-build-macosx-x86_64/jdk8u131/8869/hotspot/src/share/vm/prims/jni.cpp, line 709]
Event: 30429.661 Thread 0x00007fc301774000 Exception <a 'sun/nio/fs/UnixException'> (0x00000007b4b054b8) thrown at [/Users/java_re/workspace/8-2-build-macosx-x86_64/jdk8u131/8869/hotspot/src/share/vm/prims/jni.cpp, line 709]
Event: 30429.661 Thread 0x00007fc301774000 Exception <a 'java/io/FileNotFoundException'> (0x00000007b4b06120) thrown at [/Users/java_re/workspace/8-2-build-macosx-x86_64/jdk8u131/8869/hotspot/src/share/vm/prims/jni.cpp, line 709]
Event: 30429.661 Thread 0x00007fc301774000 Exception <a 'java/io/FileNotFoundException'> (0x00000007b4b06d28) thrown at [/Users/java_re/workspace/8-2-build-macosx-x86_64/jdk8u131/8869/hotspot/src/share/vm/prims/jni.cpp, line 709]
Event: 30429.662 Thread 0x00007fc301774000 Exception <a 'java/io/FileNotFoundException'> (0x00000007b4b079f0) thrown at [/Users/java_re/workspace/8-2-build-macosx-x86_64/jdk8u131/8869/hotspot/src/share/vm/prims/jni.cpp, line 709]
Event: 30429.662 Thread 0x00007fc301774000 Exception <a 'java/io/FileNotFoundException'> (0x00000007b4b086f0) thrown at [/Users/java_re/workspace/8-2-build-macosx-x86_64/jdk8u131/8869/hotspot/src/share/vm/prims/jni.cpp, line 709]
Event: 30429.662 Thread 0x00007fc301774000 Exception <a 'java/io/FileNotFoundException'> (0x00000007b4b09418) thrown at [/Users/java_re/workspace/8-2-build-macosx-x86_64/jdk8u131/8869/hotspot/src/share/vm/prims/jni.cpp, line 709]

Events (10 events):
Event: 30430.205 Executing VM operation: RevokeBias done
Event: 30430.205 Executing VM operation: RevokeBias
Event: 30430.205 Executing VM operation: RevokeBias done
Event: 30430.205 Executing VM operation: RevokeBias
Event: 30430.206 Executing VM operation: RevokeBias done
Event: 30430.206 Executing VM operation: RevokeBias
Event: 30430.206 Executing VM operation: RevokeBias done
Event: 30430.207 Executing VM operation: RevokeBias
Event: 30430.207 Executing VM operation: RevokeBias done
Event: 30430.207 Executing VM operation: RevokeBias


Dynamic libraries:
0x0000000024c80000 	/System/Library/Frameworks/Cocoa.framework/Versions/A/Cocoa
0x0000000024c80000 	/System/Library/Frameworks/Security.framework/Versions/A/Security
0x0000000024c80000 	/System/Library/Frameworks/ApplicationServices.framework/Versions/A/ApplicationServices
0x0000000024c80000 	/usr/lib/libz.1.dylib
0x0000000024c80000 	/usr/lib/libSystem.B.dylib
0x0000000024c80000 	/usr/lib/libobjc.A.dylib
0x0000000024c80000 	/System/Library/Frameworks/CoreFoundation.framework/Versions/A/CoreFoundation
0x0000000024c80000 	/System/Library/Frameworks/Foundation.framework/Versions/C/Foundation
0x0000000024c80000 	/System/Library/Frameworks/AppKit.framework/Versions/C/AppKit
0x0000000024c80000 	/System/Library/Frameworks/CoreData.framework/Versions/A/CoreData
0x0000000024c80000 	/System/Library/PrivateFrameworks/RemoteViewServices.framework/Versions/A/RemoteViewServices
0x0000000024c80000 	/System/Library/PrivateFrameworks/UIFoundation.framework/Versions/A/UIFoundation
0x0000000024c80000 	/System/Library/PrivateFrameworks/DFRFoundation.framework/Versions/A/DFRFoundation
0x0000000024c80000 	/usr/lib/libenergytrace.dylib
0x0000000024c80000 	/System/Library/PrivateFrameworks/SkyLight.framework/Versions/A/SkyLight
0x0000000024c80000 	/System/Library/Frameworks/CoreGraphics.framework/Versions/A/CoreGraphics
0x0000000024c80000 	/usr/lib/libScreenReader.dylib
0x0000000024c80000 	/System/Library/Frameworks/Accelerate.framework/Versions/A/Accelerate
0x0000000024c80000 	/System/Library/Frameworks/IOSurface.framework/Versions/A/IOSurface
0x0000000024c80000 	/System/Library/Frameworks/AudioToolbox.framework/Versions/A/AudioToolbox
0x0000000024c80000 	/System/Library/Frameworks/AudioUnit.framework/Versions/A/AudioUnit
0x0000000024c80000 	/System/Library/PrivateFrameworks/DataDetectorsCore.framework/Versions/A/DataDetectorsCore
0x0000000024c80000 	/System/Library/PrivateFrameworks/DesktopServicesPriv.framework/Versions/A/DesktopServicesPriv
0x0000000024c80000 	/System/Library/Frameworks/Carbon.framework/Versions/A/Frameworks/HIToolbox.framework/Versions/A/HIToolbox
0x0000000024c80000 	/usr/lib/libicucore.A.dylib
0x0000000024c80000 	/System/Library/Frameworks/QuartzCore.framework/Versions/A/QuartzCore
0x0000000024c80000 	/System/Library/Frameworks/Carbon.framework/Versions/A/Frameworks/SpeechRecognition.framework/Versions/A/SpeechRecognition
0x0000000024c80000 	/usr/lib/libauto.dylib
0x0000000024c80000 	/usr/lib/libxml2.2.dylib
0x0000000024c80000 	/System/Library/PrivateFrameworks/CoreUI.framework/Versions/A/CoreUI
0x0000000024c80000 	/System/Library/Frameworks/CoreAudio.framework/Versions/A/CoreAudio
0x0000000024c80000 	/System/Library/Frameworks/DiskArbitration.framework/Versions/A/DiskArbitration
0x0000000024c80000 	/usr/lib/liblangid.dylib
0x0000000024c80000 	/System/Library/PrivateFrameworks/MultitouchSupport.framework/Versions/A/MultitouchSupport
0x0000000024c80000 	/System/Library/Frameworks/IOKit.framework/Versions/A/IOKit
0x0000000024c80000 	/usr/lib/libDiagnosticMessagesClient.dylib
0x0000000024c80000 	/System/Library/Frameworks/CoreServices.framework/Versions/A/CoreServices
0x0000000024c80000 	/System/Library/PrivateFrameworks/PerformanceAnalysis.framework/Versions/A/PerformanceAnalysis
0x0000000024c80000 	/System/Library/PrivateFrameworks/GenerationalStorage.framework/Versions/A/GenerationalStorage
0x0000000024c80000 	/System/Library/Frameworks/OpenGL.framework/Versions/A/OpenGL
0x0000000024c80000 	/System/Library/Frameworks/CoreImage.framework/Versions/A/CoreImage
0x0000000024c80000 	/System/Library/Frameworks/CoreText.framework/Versions/A/CoreText
0x0000000024c80000 	/System/Library/Frameworks/ImageIO.framework/Versions/A/ImageIO
0x0000000024c80000 	/System/Library/PrivateFrameworks/Backup.framework/Versions/A/Backup
0x0000000024c80000 	/usr/lib/libarchive.2.dylib
0x0000000024c80000 	/System/Library/Frameworks/CFNetwork.framework/Versions/A/CFNetwork
0x0000000024c80000 	/System/Library/Frameworks/SystemConfiguration.framework/Versions/A/SystemConfiguration
0x0000000024c80000 	/usr/lib/libCRFSuite.dylib
0x0000000024c80000 	/usr/lib/libc++.1.dylib
0x0000000024c80000 	/usr/lib/libc++abi.dylib
0x0000000024c80000 	/usr/lib/system/libcache.dylib
0x0000000024c80000 	/usr/lib/system/libcommonCrypto.dylib
0x0000000024c80000 	/usr/lib/system/libcompiler_rt.dylib
0x0000000024c80000 	/usr/lib/system/libcopyfile.dylib
0x0000000024c80000 	/usr/lib/system/libcorecrypto.dylib
0x0000000024c80000 	/usr/lib/system/libdispatch.dylib
0x0000000024c80000 	/usr/lib/system/libdyld.dylib
0x0000000024c80000 	/usr/lib/system/libkeymgr.dylib
0x0000000024c80000 	/usr/lib/system/liblaunch.dylib
0x0000000024c80000 	/usr/lib/system/libmacho.dylib
0x0000000024c80000 	/usr/lib/system/libquarantine.dylib
0x0000000024c80000 	/usr/lib/system/libremovefile.dylib
0x0000000024c80000 	/usr/lib/system/libsystem_asl.dylib
0x0000000024c80000 	/usr/lib/system/libsystem_blocks.dylib
0x0000000024c80000 	/usr/lib/system/libsystem_c.dylib
0x0000000024c80000 	/usr/lib/system/libsystem_configuration.dylib
0x0000000024c80000 	/usr/lib/system/libsystem_coreservices.dylib
0x0000000024c80000 	/usr/lib/system/libsystem_coretls.dylib
0x0000000024c80000 	/usr/lib/system/libsystem_dnssd.dylib
0x0000000024c80000 	/usr/lib/system/libsystem_info.dylib
0x0000000024c80000 	/usr/lib/system/libsystem_kernel.dylib
0x0000000024c80000 	/usr/lib/system/libsystem_m.dylib
0x0000000024c80000 	/usr/lib/system/libsystem_malloc.dylib
0x0000000024c80000 	/usr/lib/system/libsystem_network.dylib
0x0000000024c80000 	/usr/lib/system/libsystem_networkextension.dylib
0x0000000024c80000 	/usr/lib/system/libsystem_notify.dylib
0x0000000024c80000 	/usr/lib/system/libsystem_platform.dylib
0x0000000024c80000 	/usr/lib/system/libsystem_pthread.dylib
0x0000000024c80000 	/usr/lib/system/libsystem_sandbox.dylib
0x0000000024c80000 	/usr/lib/system/libsystem_secinit.dylib
0x0000000024c80000 	/usr/lib/system/libsystem_symptoms.dylib
0x0000000024c80000 	/usr/lib/system/libsystem_trace.dylib
0x0000000024c80000 	/usr/lib/system/libunwind.dylib
0x0000000024c80000 	/usr/lib/system/libxpc.dylib
0x0000000024c80000 	/usr/lib/libbsm.0.dylib
0x0000000024c80000 	/usr/lib/system/libkxld.dylib
0x0000000024c80000 	/usr/lib/libcoretls.dylib
0x0000000024c80000 	/usr/lib/libcoretls_cfhelpers.dylib
0x0000000024c80000 	/usr/lib/libOpenScriptingUtil.dylib
0x0000000024c80000 	/usr/lib/libpam.2.dylib
0x0000000024c80000 	/usr/lib/libsqlite3.dylib
0x0000000024c80000 	/usr/lib/libxar.1.dylib
0x0000000024c80000 	/usr/lib/libbz2.1.0.dylib
0x0000000024c80000 	/usr/lib/liblzma.5.dylib
0x0000000024c80000 	/usr/lib/libnetwork.dylib
0x0000000024c80000 	/usr/lib/libpcap.A.dylib
0x0000000024c80000 	/System/Library/Frameworks/CoreServices.framework/Versions/A/Frameworks/FSEvents.framework/Versions/A/FSEvents
0x0000000024c80000 	/System/Library/Frameworks/CoreServices.framework/Versions/A/Frameworks/CarbonCore.framework/Versions/A/CarbonCore
0x0000000024c80000 	/System/Library/Frameworks/CoreServices.framework/Versions/A/Frameworks/Metadata.framework/Versions/A/Metadata
0x0000000024c80000 	/System/Library/Frameworks/CoreServices.framework/Versions/A/Frameworks/OSServices.framework/Versions/A/OSServices
0x0000000024c80000 	/System/Library/Frameworks/CoreServices.framework/Versions/A/Frameworks/SearchKit.framework/Versions/A/SearchKit
0x0000000024c80000 	/System/Library/Frameworks/CoreServices.framework/Versions/A/Frameworks/AE.framework/Versions/A/AE
0x0000000024c80000 	/System/Library/Frameworks/CoreServices.framework/Versions/A/Frameworks/LaunchServices.framework/Versions/A/LaunchServices
0x0000000024c80000 	/System/Library/Frameworks/CoreServices.framework/Versions/A/Frameworks/DictionaryServices.framework/Versions/A/DictionaryServices
0x0000000024c80000 	/System/Library/Frameworks/CoreServices.framework/Versions/A/Frameworks/SharedFileList.framework/Versions/A/SharedFileList
0x0000000024c80000 	/System/Library/Frameworks/NetFS.framework/Versions/A/NetFS
0x0000000024c80000 	/System/Library/PrivateFrameworks/NetAuth.framework/Versions/A/NetAuth
0x0000000024c80000 	/System/Library/PrivateFrameworks/login.framework/Versions/A/Frameworks/loginsupport.framework/Versions/A/loginsupport
0x0000000024c80000 	/System/Library/PrivateFrameworks/TCC.framework/Versions/A/TCC
0x0000000024c80000 	/usr/lib/libmecabra.dylib
0x0000000024c80000 	/System/Library/Frameworks/ApplicationServices.framework/Versions/A/Frameworks/ATS.framework/Versions/A/ATS
0x0000000024c80000 	/System/Library/Frameworks/ApplicationServices.framework/Versions/A/Frameworks/ColorSync.framework/Versions/A/ColorSync
0x0000000024c80000 	/System/Library/Frameworks/ApplicationServices.framework/Versions/A/Frameworks/HIServices.framework/Versions/A/HIServices
0x0000000024c80000 	/System/Library/Frameworks/ApplicationServices.framework/Versions/A/Frameworks/LangAnalysis.framework/Versions/A/LangAnalysis
0x0000000024c80000 	/System/Library/Frameworks/ApplicationServices.framework/Versions/A/Frameworks/PrintCore.framework/Versions/A/PrintCore
0x0000000024c80000 	/System/Library/Frameworks/ApplicationServices.framework/Versions/A/Frameworks/QD.framework/Versions/A/QD
0x0000000024c80000 	/System/Library/Frameworks/ApplicationServices.framework/Versions/A/Frameworks/SpeechSynthesis.framework/Versions/A/SpeechSynthesis
0x0000000024c80000 	/System/Library/Frameworks/Accelerate.framework/Versions/A/Frameworks/vImage.framework/Versions/A/vImage
0x0000000024c80000 	/System/Library/Frameworks/Accelerate.framework/Versions/A/Frameworks/vecLib.framework/Versions/A/vecLib
0x0000000024c80000 	/System/Library/Frameworks/Accelerate.framework/Versions/A/Frameworks/vecLib.framework/Versions/A/libvDSP.dylib
0x0000000024c80000 	/System/Library/Frameworks/Accelerate.framework/Versions/A/Frameworks/vecLib.framework/Versions/A/libBNNS.dylib
0x0000000024c80000 	/System/Library/Frameworks/Accelerate.framework/Versions/A/Frameworks/vecLib.framework/Versions/A/libQuadrature.dylib
0x0000000024c80000 	/System/Library/Frameworks/Accelerate.framework/Versions/A/Frameworks/vecLib.framework/Versions/A/libvMisc.dylib
0x0000000024c80000 	/System/Library/Frameworks/Accelerate.framework/Versions/A/Frameworks/vecLib.framework/Versions/A/libLAPACK.dylib
0x0000000024c80000 	/System/Library/Frameworks/Accelerate.framework/Versions/A/Frameworks/vecLib.framework/Versions/A/libBLAS.dylib
0x0000000024c80000 	/System/Library/Frameworks/Accelerate.framework/Versions/A/Frameworks/vecLib.framework/Versions/A/libLinearAlgebra.dylib
0x0000000024c80000 	/System/Library/Frameworks/Accelerate.framework/Versions/A/Frameworks/vecLib.framework/Versions/A/libSparseBLAS.dylib
0x0000000024c80000 	/System/Library/Frameworks/ApplicationServices.framework/Versions/A/Frameworks/ATS.framework/Versions/A/Resources/libFontParser.dylib
0x0000000024c80000 	/System/Library/Frameworks/ApplicationServices.framework/Versions/A/Frameworks/ATS.framework/Versions/A/Resources/libFontRegistry.dylib
0x0000000024c80000 	/System/Library/Frameworks/ImageIO.framework/Versions/A/Resources/libJPEG.dylib
0x0000000024c80000 	/System/Library/Frameworks/ImageIO.framework/Versions/A/Resources/libTIFF.dylib
0x0000000024c80000 	/System/Library/Frameworks/ImageIO.framework/Versions/A/Resources/libPng.dylib
0x0000000024c80000 	/System/Library/Frameworks/ImageIO.framework/Versions/A/Resources/libGIF.dylib
0x0000000024c80000 	/System/Library/Frameworks/ImageIO.framework/Versions/A/Resources/libJP2.dylib
0x0000000024c80000 	/System/Library/Frameworks/ImageIO.framework/Versions/A/Resources/libRadiance.dylib
0x0000000024c80000 	/usr/lib/libcompression.dylib
0x0000000024c80000 	/System/Library/PrivateFrameworks/AppleJPEG.framework/Versions/A/AppleJPEG
0x0000000024c80000 	/usr/lib/libcups.2.dylib
0x0000000024c80000 	/System/Library/Frameworks/Kerberos.framework/Versions/A/Kerberos
0x0000000024c80000 	/System/Library/Frameworks/GSS.framework/Versions/A/GSS
0x0000000024c80000 	/usr/lib/libresolv.9.dylib
0x0000000024c80000 	/usr/lib/libiconv.2.dylib
0x0000000024c80000 	/System/Library/PrivateFrameworks/Heimdal.framework/Versions/A/Heimdal
0x0000000024c80000 	/usr/lib/libheimdal-asn1.dylib
0x0000000024c80000 	/System/Library/Frameworks/OpenDirectory.framework/Versions/A/OpenDirectory
0x0000000024c80000 	/System/Library/PrivateFrameworks/CommonAuth.framework/Versions/A/CommonAuth
0x0000000024c80000 	/System/Library/Frameworks/OpenDirectory.framework/Versions/A/Frameworks/CFOpenDirectory.framework/Versions/A/CFOpenDirectory
0x0000000024c80000 	/System/Library/Frameworks/SecurityFoundation.framework/Versions/A/SecurityFoundation
0x0000000024c80000 	/System/Library/PrivateFrameworks/LanguageModeling.framework/Versions/A/LanguageModeling
0x0000000024c80000 	/usr/lib/libmarisa.dylib
0x0000000024c80000 	/usr/lib/libChineseTokenizer.dylib
0x0000000024c80000 	/usr/lib/libcmph.dylib
0x0000000024c80000 	/System/Library/PrivateFrameworks/CoreEmoji.framework/Versions/A/CoreEmoji
0x0000000024c80000 	/System/Library/Frameworks/ServiceManagement.framework/Versions/A/ServiceManagement
0x0000000024c80000 	/usr/lib/libxslt.1.dylib
0x0000000024c80000 	/System/Library/Frameworks/Carbon.framework/Versions/A/Frameworks/Ink.framework/Versions/A/Ink
0x0000000024c80000 	/System/Library/PrivateFrameworks/TextureIO.framework/Versions/A/TextureIO
0x0000000024c80000 	/System/Library/Frameworks/Metal.framework/Versions/A/Metal
0x0000000024c80000 	/usr/lib/libate.dylib
0x0000000024c80000 	/System/Library/PrivateFrameworks/GPUCompiler.framework/libmetal_timestamp.dylib
0x0000000024c80000 	/System/Library/Frameworks/OpenGL.framework/Versions/A/Libraries/libCoreFSCache.dylib
0x0000000024c80000 	/System/Library/PrivateFrameworks/IOAccelerator.framework/Versions/A/IOAccelerator
0x0000000024c80000 	/System/Library/Frameworks/CoreVideo.framework/Versions/A/CoreVideo
0x0000000024c80000 	/usr/lib/libFosl_dynamic.dylib
0x0000000024c80000 	/System/Library/PrivateFrameworks/MetalPerformanceShaders.framework/Versions/A/MetalPerformanceShaders
0x0000000024c80000 	/System/Library/PrivateFrameworks/FaceCore.framework/Versions/A/FaceCore
0x0000000024c80000 	/System/Library/Frameworks/OpenCL.framework/Versions/A/OpenCL
0x0000000024c80000 	/System/Library/Frameworks/OpenGL.framework/Versions/A/Libraries/libGLU.dylib
0x0000000024c80000 	/System/Library/Frameworks/OpenGL.framework/Versions/A/Libraries/libGFXShared.dylib
0x0000000024c80000 	/System/Library/Frameworks/OpenGL.framework/Versions/A/Libraries/libGL.dylib
0x0000000024c80000 	/System/Library/Frameworks/OpenGL.framework/Versions/A/Libraries/libGLImage.dylib
0x0000000024c80000 	/System/Library/Frameworks/OpenGL.framework/Versions/A/Libraries/libCVMSPluginSupport.dylib
0x0000000024c80000 	/System/Library/Frameworks/OpenGL.framework/Versions/A/Libraries/libCoreVMClient.dylib
0x0000000024c80000 	/System/Library/PrivateFrameworks/CrashReporterSupport.framework/Versions/A/CrashReporterSupport
0x0000000024c80000 	/System/Library/PrivateFrameworks/Sharing.framework/Versions/A/Sharing
0x0000000024c80000 	/System/Library/PrivateFrameworks/IconServices.framework/Versions/A/IconServices
0x0000000024c80000 	/System/Library/PrivateFrameworks/ProtocolBuffer.framework/Versions/A/ProtocolBuffer
0x0000000024c80000 	/System/Library/PrivateFrameworks/Apple80211.framework/Versions/A/Apple80211
0x0000000024c80000 	/System/Library/Frameworks/CoreWLAN.framework/Versions/A/CoreWLAN
0x0000000024c80000 	/System/Library/PrivateFrameworks/CoreUtils.framework/Versions/A/CoreUtils
0x0000000024c80000 	/System/Library/Frameworks/IOBluetooth.framework/Versions/A/IOBluetooth
0x0000000024c80000 	/System/Library/PrivateFrameworks/CoreWiFi.framework/Versions/A/CoreWiFi
0x0000000024c80000 	/System/Library/Frameworks/CoreBluetooth.framework/Versions/A/CoreBluetooth
0x0000000024c80000 	/System/Library/Frameworks/CoreDisplay.framework/Versions/A/CoreDisplay
0x0000000024c80000 	/System/Library/PrivateFrameworks/IOPresentment.framework/Versions/A/IOPresentment
0x0000000024c80000 	/System/Library/PrivateFrameworks/DSExternalDisplay.framework/Versions/A/DSExternalDisplay
0x0000000024c80000 	/System/Library/PrivateFrameworks/DebugSymbols.framework/Versions/A/DebugSymbols
0x0000000024c80000 	/System/Library/PrivateFrameworks/CoreSymbolication.framework/Versions/A/CoreSymbolication
0x0000000024c80000 	/System/Library/PrivateFrameworks/Symbolication.framework/Versions/A/Symbolication
0x0000000024c80000 	/System/Library/PrivateFrameworks/AppleFSCompression.framework/Versions/A/AppleFSCompression
0x0000000024c80000 	/System/Library/PrivateFrameworks/SpeechRecognitionCore.framework/Versions/A/SpeechRecognitionCore
0x0000000024c80000 	/System/Library/PrivateFrameworks/ChunkingLibrary.framework/Versions/A/ChunkingLibrary
0x0000000108a00000 	/Library/Java/JavaVirtualMachines/jdk1.8.0_131.jdk/Contents/Home/jre/lib/server/libjvm.dylib
0x0000000024c80000 	/usr/lib/libstdc++.6.dylib
0x0000000108119000 	/Library/Java/JavaVirtualMachines/jdk1.8.0_131.jdk/Contents/Home/jre/lib/libverify.dylib
0x0000000108127000 	/Library/Java/JavaVirtualMachines/jdk1.8.0_131.jdk/Contents/Home/jre/lib/libjava.dylib
0x0000000108166000 	/Library/Java/JavaVirtualMachines/jdk1.8.0_131.jdk/Contents/Home/jre/lib/libzip.dylib
0x000000011f308000 	/System/Library/Frameworks/JavaVM.framework/Frameworks/JavaRuntimeSupport.framework/JavaRuntimeSupport
0x000000011f322000 	/System/Library/Frameworks/JavaVM.framework/Versions/A/Frameworks/JavaNativeFoundation.framework/Versions/A/JavaNativeFoundation
0x000000011f337000 	/System/Library/Frameworks/JavaVM.framework/Versions/A/JavaVM
0x0000000024c80000 	/System/Library/Frameworks/Carbon.framework/Versions/A/Carbon
0x000000011f344000 	/System/Library/PrivateFrameworks/JavaLaunching.framework/Versions/A/JavaLaunching
0x0000000024c80000 	/System/Library/Frameworks/Carbon.framework/Versions/A/Frameworks/CommonPanels.framework/Versions/A/CommonPanels
0x0000000024c80000 	/System/Library/Frameworks/Carbon.framework/Versions/A/Frameworks/Help.framework/Versions/A/Help
0x0000000024c80000 	/System/Library/Frameworks/Carbon.framework/Versions/A/Frameworks/ImageCapture.framework/Versions/A/ImageCapture
0x0000000024c80000 	/System/Library/Frameworks/Carbon.framework/Versions/A/Frameworks/OpenScripting.framework/Versions/A/OpenScripting
0x0000000024c80000 	/System/Library/Frameworks/Carbon.framework/Versions/A/Frameworks/Print.framework/Versions/A/Print
0x0000000024c80000 	/System/Library/Frameworks/Carbon.framework/Versions/A/Frameworks/SecurityHI.framework/Versions/A/SecurityHI
0x0000000120c51000 	/Library/Java/JavaVirtualMachines/jdk1.8.0_131.jdk/Contents/Home/jre/lib/libnio.dylib
0x0000000120c61000 	/Library/Java/JavaVirtualMachines/jdk1.8.0_131.jdk/Contents/Home/jre/lib/./libnet.dylib
0x0000000123fe7000 	/Library/Java/JavaVirtualMachines/jdk1.8.0_131.jdk/Contents/Home/jre/lib/libawt.dylib
0x000000012408f000 	/Library/Java/JavaVirtualMachines/jdk1.8.0_131.jdk/Contents/Home/jre/lib/./libmlib_image.dylib
0x000000012415b000 	/Library/Java/JavaVirtualMachines/jdk1.8.0_131.jdk/Contents/Home/jre/lib/libawt_lwawt.dylib
0x0000000124212000 	/Library/Java/JavaVirtualMachines/jdk1.8.0_131.jdk/Contents/Home/jre/lib/./libosxapp.dylib
0x0000000024c80000 	/System/Library/Frameworks/ExceptionHandling.framework/Versions/A/ExceptionHandling
0x0000000024c80000 	/System/Library/PrivateFrameworks/CoreServicesInternal.framework/Versions/A/CoreServicesInternal
0x0000000024c80000 	/System/Library/CoreServices/RawCamera.bundle/Contents/MacOS/RawCamera
0x00000001247b6000 	/System/Library/Frameworks/Accelerate.framework/Frameworks/vImage.framework/Versions/A/Libraries/libCGInterfaces.dylib
0x0000000024c80000 	/System/Library/Frameworks/ApplicationServices.framework/Versions/A/Frameworks/ATS.framework/Versions/A/Resources/libTrueTypeScaler.dylib
0x0000000125d61000 	/System/Library/Frameworks/OpenGL.framework/Resources/GLEngine.bundle/GLEngine
0x0000000024c80000 	/System/Library/Frameworks/OpenGL.framework/Versions/A/Libraries/libGLProgrammability.dylib
0x0000000125f46000 	/System/Library/Extensions/AppleIntelBDWGraphicsGLDriver.bundle/Contents/MacOS/AppleIntelBDWGraphicsGLDriver
0x0000000024c80000 	/System/Library/PrivateFrameworks/GPUSupport.framework/Versions/A/Libraries/libGPUSupportMercury.dylib
0x00000001266b0000 	/System/Library/Frameworks/OpenGL.framework/Resources//GLRendererFloat.bundle/GLRendererFloat
0x0000000024c80000 	/System/Library/Frameworks/OpenCL.framework/Versions/A/Libraries/libcldcpuengine.dylib
0x0000000024c80000 	/usr/lib/libcrypto.0.9.8.dylib
0x0000000024c80000 	/System/Library/PrivateFrameworks/TrustEvaluationAgent.framework/Versions/A/TrustEvaluationAgent
0x00000001266e4000 	/System/Library/Extensions/AppleIntelBDWGraphicsMTLDriver.bundle/Contents/MacOS/AppleIntelBDWGraphicsMTLDriver
0x0000000024c80000 	/System/Library/PrivateFrameworks/FamilyControls.framework/Versions/A/FamilyControls
0x0000000024c80000 	/System/Library/PrivateFrameworks/CommerceKit.framework/Versions/A/Frameworks/CommerceCore.framework/Versions/A/CommerceCore
0x0000000024c80000 	/System/Library/PrivateFrameworks/SystemAdministration.framework/Versions/A/SystemAdministration
0x0000000024c80000 	/System/Library/PrivateFrameworks/AppContainer.framework/Versions/A/AppContainer
0x0000000024c80000 	/System/Library/PrivateFrameworks/SecCodeWrapper.framework/Versions/A/SecCodeWrapper
0x0000000024c80000 	/System/Library/Frameworks/DirectoryService.framework/Versions/A/DirectoryService
0x0000000024c80000 	/System/Library/PrivateFrameworks/DiskImages.framework/Versions/A/DiskImages
0x0000000024c80000 	/System/Library/PrivateFrameworks/LoginUIKit.framework/Versions/A/Frameworks/LoginUICore.framework/Versions/A/LoginUICore
0x0000000024c80000 	/usr/lib/libCoreStorage.dylib
0x0000000024c80000 	/usr/lib/libcsfde.dylib
0x0000000024c80000 	/usr/lib/libodfde.dylib
0x0000000024c80000 	/System/Library/Frameworks/DiscRecording.framework/Versions/A/DiscRecording
0x0000000024c80000 	/usr/lib/libcurl.4.dylib
0x0000000024c80000 	/System/Library/PrivateFrameworks/MediaKit.framework/Versions/A/MediaKit
0x0000000024c80000 	/System/Library/PrivateFrameworks/ProtectedCloudStorage.framework/Versions/A/ProtectedCloudStorage
0x0000000024c80000 	/System/Library/PrivateFrameworks/EFILogin.framework/Versions/A/EFILogin
0x0000000024c80000 	/usr/lib/libutil.dylib
0x0000000024c80000 	/System/Library/Frameworks/LDAP.framework/Versions/A/LDAP
0x0000000024c80000 	/usr/lib/libsasl2.2.dylib
0x0000000024c80000 	/System/Library/PrivateFrameworks/CoreDaemon.framework/Versions/B/CoreDaemon
0x0000000024c80000 	/System/Library/PrivateFrameworks/AppleSRP.framework/Versions/A/AppleSRP
0x0000000024c80000 	/System/Library/PrivateFrameworks/APFS.framework/Versions/A/APFS
0x0000000127e61000 	/Library/Java/JavaVirtualMachines/jdk1.8.0_131.jdk/Contents/Home/jre/lib/libsplashscreen.dylib
0x00000001288a7000 	/Library/Java/JavaVirtualMachines/jdk1.8.0_131.jdk/Contents/Home/jre/lib/libfontmanager.dylib
0x0000000125d54000 	/Library/Java/JavaVirtualMachines/jdk1.8.0_131.jdk/Contents/Home/jre/lib/libosxui.dylib
0x0000000024c80000 	/System/Library/PrivateFrameworks/ViewBridge.framework/Versions/A/ViewBridge
0x0000000024c80000 	/System/Library/PrivateFrameworks/XPCService.framework/Versions/A/XPCService
0x0000000024c80000 	/System/Library/PrivateFrameworks/AppSandbox.framework/Versions/A/AppSandbox
0x0000000024c80000 	/usr/lib/libsandbox.1.dylib
0x0000000024c80000 	/usr/lib/libMatch.1.dylib
0x000000012bc00000 	/Applications/NetBeans/Apache NetBeans 11.1.app/Contents/Resources/NetBeans/platform/modules/lib/libjnidispatch-440.jnilib
0x000000012595d000 	/Library/Java/JavaVirtualMachines/jdk1.8.0_131.jdk/Contents/Home/jre/lib/libmanagement.dylib
0x000000012a87d000 	/Library/Java/JavaVirtualMachines/jdk1.8.0_131.jdk/Contents/Home/jre/lib/libdcpr.dylib
0x000000012a944000 	/Library/Java/JavaVirtualMachines/jdk1.8.0_131.jdk/Contents/Home/jre/lib/libjpeg.dylib
0x0000000024c80000 	/System/Library/PrivateFrameworks/CloudDocs.framework/Versions/A/CloudDocs
0x0000000024c80000 	/System/Library/Frameworks/CloudKit.framework/Versions/A/CloudKit
0x0000000024c80000 	/System/Library/PrivateFrameworks/MMCS.framework/Versions/A/MMCS
0x0000000024c80000 	/System/Library/Frameworks/CoreLocation.framework/Versions/A/CoreLocation
0x0000000024c80000 	/System/Library/PrivateFrameworks/AssetCacheServices.framework/Versions/A/AssetCacheServices
0x0000000024c80000 	/System/Library/PrivateFrameworks/GeoServices.framework/Versions/A/GeoServices
0x00000001213c5000 	/Library/Java/JavaVirtualMachines/jdk1.8.0_131.jdk/Contents/Home/jre/lib/libsunec.dylib

VM Arguments:
jvm_args: -Djdk.home=/Library/Java/JavaVirtualMachines/jdk1.8.0_131.jdk/Contents/Home -Dnetbeans.default_userdir_root=/Users/dthurston/Library/Application Support/NetBeans -Dnetbeans.dirs=/Applications/NetBeans/Apache NetBeans 11.1.app/Contents/Resources/NetBeans/nb:/Applications/NetBeans/Apache NetBeans 11.1.app/Contents/Resources/NetBeans/ergonomics:/Applications/NetBeans/Apache NetBeans 11.1.app/Contents/Resources/NetBeans/ide:/Applications/NetBeans/Apache NetBeans 11.1.app/Contents/Resources/NetBeans/extide:/Applications/NetBeans/Apache NetBeans 11.1.app/Contents/Resources/NetBeans/java:/Applications/NetBeans/Apache NetBeans 11.1.app/Contents/Resources/NetBeans/apisupport:/Applications/NetBeans/Apache NetBeans 11.1.app/Contents/Resources/NetBeans/webcommon:/Applications/NetBeans/Apache NetBeans 11.1.app/Contents/Resources/NetBeans/websvccommon:/Applications/NetBeans/Apache NetBeans 11.1.app/Contents/Resources/NetBeans/enterprise:/Applications/NetBeans/Apache NetBeans 11.1.app/Contents/Resources/NetBeans/mobility:/Applications/NetBeans/Apache NetBeans 11.1.app/Contents/Resources/NetBeans/profiler:/Applications/NetBeans/Apache NetBeans 11.1.app/Contents/Resources/NetBeans/python:/Applications/NetBeans/Apache NetBeans 11.1.app/Contents/Resources/NetBeans/php:/Applications/NetBeans/Apache NetBeans 11.1.app/Contents/Resources/NetBeans/identity:/Applications/NetBeans/Apache NetBeans 11.1.app/Contents/Resources/NetBeans/harness:/Applications/NetBeans/Apache NetBeans 11.1.app/Contents/Resources/NetBeans/cnd:/Applications/NetBeans/Apache NetBeans 11.1.app/Contents/Resources/NetBeans/cndext:/Applications/NetBeans/Apache NetBeans 11.1.app/Contents/Resources/NetBeans/dlight:/Applications/NetBeans/Apache NetBeans 11.1.app/Contents/Resources/NetBeans/groovy:/Applications/NetBeans/Apache NetBeans 11.1.app/Contents/Resources/NetBeans/extra:/Applications/NetBeans/Apache NetBeans 11.1.app/Contents/Resources/NetBeans/javacard:/Applications/NetBeans/Apache NetBeans 11.1.app/Contents/Resources/NetBeans/javafx: -Dnetbeans.home=/Applications/NetBeans/Apache NetBeans 11.1.app/Contents/Resources/NetBeans/platform -Dnetbeans.importclass=org.netbeans.upgrade.AutoUpgrade -XX:+UseStringDeduplication -Xss2m -Djdk.gtk.version=2.2 -Dapple.laf.useScreenMenuBar=true -Dapple.awt.graphics.UseQuartz=true -Dsun.java2d.noddraw=true -Dsun.java2d.dpiaware=true -Dsun.zip.disableMemoryMapping=true -Dplugin.manager.check.updates=false -Dnetbeans.extbrowser.manual_chrome_plugin_install=yes --add-opens=java.base/java.net=ALL-UNNAMED --add-opens=java.base/java.lang.ref=ALL-UNNAMED --add-opens=java.base/java.lang=ALL-UNNAMED --add-opens=java.base/java.security=ALL-UNNAMED --add-opens=java.base/java.util=ALL-UNNAMED --add-opens=java.desktop/javax.swing.plaf.basic=ALL-UNNAMED --add-opens=java.desktop/javax.swing.text=ALL-UNNAMED --add-opens=java.desktop/javax.swing=ALL-UNNAMED --add-opens=java.desktop/java.awt=ALL-UNNAMED --add-opens=java.desktop/java.awt.event=ALL-UNNAMED --add-opens=java.prefs/java.util.prefs=ALL-UNNAMED --add-opens=jdk.jshell/jdk.jshell=ALL-UNNAMED --add-modules=jdk.jshell --add-exports=java.desktop/sun.awt=ALL-UNNAMED --add-exports=java.desktop/java.awt.peer=ALL-UNNAMED --add-exports=java.desktop/com.sun.beans.editors=ALL-UNNAMED --add-exports=java.desktop/sun.swing=ALL-UNNAMED --add-exports=java.desktop/sun.awt.im=ALL-UNNAMED --add-exports=jdk.internal.jvmstat/sun.jvmstat.monitor=ALL-UNNAMED --add-exports=java.management/sun.management=ALL-UNNAMED --add-exports=java.base/sun.reflect.annotation=ALL-UNNAMED --add-exports=jdk.javadoc/com.sun.tools.javadoc.main=ALL-UNNAMED -XX:+IgnoreUnrecognizedVMOptions -XX:+HeapDumpOnOutOfMemoryError -XX:HeapDumpPath=/Users/dthurston/Library/Application Support/NetBeans/11.1/var/log/heapdump.hprof 
java_command: org.netbeans.Main --cachedir /Users/dthurston/Library/Caches/NetBeans/11.1 --userdir /Users/dthurston/Library/Application Support/NetBeans/11.1 --branding nb
java_class_path (initial): /Applications/NetBeans/Apache NetBeans 11.1.app/Contents/Resources/NetBeans/platform/lib/boot.jar:/Applications/NetBeans/Apache NetBeans 11.1.app/Contents/Resources/NetBeans/platform/lib/org-openide-modules.jar:/Applications/NetBeans/Apache NetBeans 11.1.app/Contents/Resources/NetBeans/platform/lib/org-openide-util-lookup.jar:/Applications/NetBeans/Apache NetBeans 11.1.app/Contents/Resources/NetBeans/platform/lib/org-openide-util-ui.jar:/Applications/NetBeans/Apache NetBeans 11.1.app/Contents/Resources/NetBeans/platform/lib/org-openide-util.jar:/Library/Java/JavaVirtualMachines/jdk1.8.0_131.jdk/Contents/Home/lib/dt.jar:/Library/Java/JavaVirtualMachines/jdk1.8.0_131.jdk/Contents/Home/lib/tools.jar
Launcher Type: SUN_STANDARD

Environment Variables:
PATH=/Library/Frameworks/Python.framework/Versions/3.6/bin:/Users/dthurston/.rbenv/shims:/Library/Frameworks/Python.framework/Versions/2.7/bin:/usr/local/bin:/usr/bin:/bin:/usr/sbin:/sbin:/Library/Frameworks/Mono.framework/Versions/Current/Commands:/Applications/Wireshark.app/Contents/MacOS:/Users/dthurston/Projects
SHELL=/bin/bash

Signal Handlers:
SIGSEGV: [libjvm.dylib+0x5b1eb1], sa_mask[0]=11111111011111110111111111111111, sa_flags=SA_ONSTACK|SA_RESTART|SA_SIGINFO
SIGBUS: [libjvm.dylib+0x5b1eb1], sa_mask[0]=11111111011111110111111111111111, sa_flags=SA_RESTART|SA_SIGINFO
SIGFPE: [libjvm.dylib+0x488988], sa_mask[0]=11111111011111110111111111111111, sa_flags=SA_RESTART|SA_SIGINFO
SIGPIPE: [libjvm.dylib+0x488988], sa_mask[0]=11111111011111110111111111111111, sa_flags=SA_RESTART|SA_SIGINFO
SIGXFSZ: [libjvm.dylib+0x488988], sa_mask[0]=11111111011111110111111111111111, sa_flags=SA_RESTART|SA_SIGINFO
SIGILL: [libjvm.dylib+0x488988], sa_mask[0]=11111111011111110111111111111111, sa_flags=SA_RESTART|SA_SIGINFO
SIGUSR1: SIG_DFL, sa_mask[0]=11011111011111100000000111000110, sa_flags=none
SIGUSR2: [libjvm.dylib+0x4884a6], sa_mask[0]=00000000000000000000000000000000, sa_flags=SA_RESTART|SA_SIGINFO
SIGHUP: [libjvm.dylib+0x486a7d], sa_mask[0]=11111111011111110111111111111111, sa_flags=SA_RESTART|SA_SIGINFO
SIGINT: SIG_IGN, sa_mask[0]=00000000000000000000000000000000, sa_flags=none
SIGTERM: [libjvm.dylib+0x486a7d], sa_mask[0]=11111111011111110111111111111111, sa_flags=SA_RESTART|SA_SIGINFO
SIGQUIT: [libjvm.dylib+0x486a7d], sa_mask[0]=11111111011111110111111111111111, sa_flags=SA_RESTART|SA_SIGINFO


---------------  S Y S T E M  ---------------

OS:Bsduname:Darwin 16.7.0 Darwin Kernel Version 16.7.0: Sun Jun  2 20:26:31 PDT 2019; root:xnu-3789.73.50~1/RELEASE_X86_64 x86_64
rlimit: STACK 8192k, CORE 0k, NPROC 709, NOFILE 10240, AS infinity
load average:2.57 2.57 2.81

CPU:total 4 (initial active 4) (2 cores per cpu, 2 threads per core) family 6 model 61 stepping 4, cmov, cx8, fxsr, mmx, sse, sse2, sse3, ssse3, sse4.1, sse4.2, popcnt, avx, avx2, aes, clmul, erms, rtm, 3dnowpref, lzcnt, ht, tsc, tscinvbit, bmi1, bmi2, adx

Memory: 4k page, physical 8388608k(20088k free)

/proc/meminfo:


vm_info: Java HotSpot(TM) 64-Bit Server VM (25.131-b11) for bsd-amd64 JRE (1.8.0_131-b11), built on Mar 15 2017 01:32:22 by "java_re" with gcc 4.2.1 (Based on Apple Inc. build 5658) (LLVM build 2336.11.00)

time: Thu Apr 16 13:22:05 2020
elapsed time: 30430 seconds (0d 8h 27m 10s)

