#
# A fatal error has been detected by the Java Runtime Environment:
#
#  SIGSEGV (0xb) at pc=0x00000001162673bf, pid=34207, tid=0x000000000000dc07
#
# JRE version: Java(TM) SE Runtime Environment (8.0_131-b11) (build 1.8.0_131-b11)
# Java VM: Java HotSpot(TM) 64-Bit Server VM (25.131-b11 mixed mode bsd-amd64 compressed oops)
# Problematic frame:
# C  [libawt_lwawt.dylib+0x1c3bf]  OGLSD_SetScratchSurface+0x49
#
# Failed to write core dump. Core dumps have been disabled. To enable core dumping, try "ulimit -c unlimited" before starting Java again
#
# If you would like to submit a bug report, please visit:
#   http://bugreport.java.com/bugreport/crash.jsp
# The crash happened outside the Java Virtual Machine in native code.
# See problematic frame for where to report the bug.
#

---------------  T H R E A D  ---------------

Current thread (0x00007fd19d87d800):  JavaThread "Java2D Queue Flusher" daemon [_thread_in_native, id=56327, stack(0x00007000025d8000,0x00007000027d8000)]

siginfo: si_signo: 11 (SIGSEGV), si_code: 1 (SEGV_MAPERR), si_addr: 0x0000000000000002

Registers:
RAX=0x0000000116287d0e, RBX=0x0000000000000002, RCX=0x0000000000000047, RDX=0x0000000116288258
RSP=0x00007000027d7810, RBP=0x00007000027d7830, RSI=0x00007fd18bea1140, RDI=0x00007fd19d87d9f8
R8 =0x0000000000000020, R9 =0x0000000000000000, R10=0x00000001185fcb78, R11=0x00000000e8250390
R12=0x0000000000000000, R13=0x0000000741281d00, R14=0x00007fd19d87d9f8, R15=0x00007fd19d87d800
RIP=0x00000001162673bf, EFLAGS=0x0000000000010202, ERR=0x0000000000000004
  TRAPNO=0x000000000000000e

Top of Stack: (sp=0x00007000027d7810)
0x00007000027d7810:   00007fd18bea1140 0000000000000000
0x00007000027d7820:   00007fd19c490610 00007fd19d87d800
0x00007000027d7830:   00007000027d78b0 0000000116287d36
0x00007000027d7840:   0000000000000064 00007fd19be31ed8
0x00007000027d7850:   00007000027d78b0 000000010d150094
0x00007000027d7860:   0000000000000005 00007fd19d87d800
0x00007000027d7870:   0000000741281d01 00007fd19c490620
0x00007000027d7880:   00007000007d7800 00007fd19d87d9f8
0x00007000027d7890:   0000000000000000 0000000000000000
0x00007000027d78a0:   00000007a12cbe28 00007fd19d87d800
0x00007000027d78b0:   00007000027d7900 00000001185fcbea
0x00007000027d78c0:   0000000741281c68 00000007400220f8
0x00007000027d78d0:   000000012cea0028 0000000000000000
0x00007000027d78e0:   0000000000000041 0000000000000000
0x00007000027d78f0:   00007000027d7910 0000000000000000
0x00007000027d7900:   00000000e825038d 000000011a153114
0x00007000027d7910:   0000000741281c68 0000000741281d00
0x00007000027d7920:   0000000000000000 0000000000000000
0x00007000027d7930:   0000000741281d00 00007000027d79d0
0x00007000027d7940:   0000000000000001 0000000000000000
0x00007000027d7950:   00007000027d79d0 000000011755a7a7
0x00007000027d7960:   0000000741281d00 0000000741281d00
0x00007000027d7970:   0000700000001fa0 000000000000000a
0x00007000027d7980:   00007fd19d87d800 0000000000000001
0x00007000027d7990:   000000011755a71f 00000001133836d8
0x00007000027d79a0:   00007000027d7a68 00007000027d7d00
0x00007000027d79b0:   000000010000000a 00000001133836d8
0x00007000027d79c0:   000000011756d120 00007000027d7c70
0x00007000027d79d0:   00007000027d7b80 000000010d0ee5b6
0x00007000027d79e0:   0000700000000001 00007fd19d87d800
0x00007000027d79f0:   00007fd19d87d800 00007000027d7d00
0x00007000027d7a00:   00007fd19be31ed0 000000011756d120 

Instructions: (pc=0x00000001162673bf)
0x000000011626739f:   c0 e9 82 00 00 00 48 8b 5e 10 48 85 db 75 0e bf
0x00000001162673af:   01 00 00 00 48 8d 15 07 7c 03 00 eb d6 49 89 fe
0x00000001162673bf:   4c 8b 3b 30 c0 e8 c1 a6 02 00 49 8b 3f 49 89 c4
0x00000001162673cf:   48 8b 35 4a 03 06 00 30 c0 e8 0f a8 02 00 48 85 

Register to memory mapping:

RAX=0x0000000116287d0e: Java_sun_java2d_opengl_OGLRenderQueue_flushBuffer+0x612 in /Library/Java/JavaVirtualMachines/jdk1.8.0_131.jdk/Contents/Home/jre/lib/libawt_lwawt.dylib at 0x000000011624b000
RBX=0x0000000000000002 is an unknown value
RCX=0x0000000000000047 is an unknown value
RDX=0x0000000116288258: Java_sun_java2d_opengl_OGLRenderQueue_flushBuffer+0xb5c in /Library/Java/JavaVirtualMachines/jdk1.8.0_131.jdk/Contents/Home/jre/lib/libawt_lwawt.dylib at 0x000000011624b000
RSP=0x00007000027d7810 is pointing into the stack for thread: 0x00007fd19d87d800
RBP=0x00007000027d7830 is pointing into the stack for thread: 0x00007fd19d87d800
RSI=0x00007fd18bea1140 is an unknown value
RDI=0x00007fd19d87d9f8 is an unknown value
R8 =0x0000000000000020 is an unknown value
R9 =0x0000000000000000 is an unknown value
R10=0x00000001185fcb78 is at entry_point+56 in (nmethod*)0x00000001185fc9d0
R11=0x00000000e8250390 is an unknown value
R12=0x0000000000000000 is an unknown value
R13=0x0000000741281d00 is an oop
sun.java2d.opengl.OGLRenderQueue$QueueFlusher 
 - klass: 'sun/java2d/opengl/OGLRenderQueue$QueueFlusher'
R14=0x00007fd19d87d9f8 is an unknown value
R15=0x00007fd19d87d800 is a thread


Stack: [0x00007000025d8000,0x00007000027d8000],  sp=0x00007000027d7810,  free space=2046k
Native frames: (J=compiled Java code, j=interpreted, Vv=VM code, C=native code)
C  [libawt_lwawt.dylib+0x1c3bf]  OGLSD_SetScratchSurface+0x49
C  [libawt_lwawt.dylib+0x3cd36]  Java_sun_java2d_opengl_OGLRenderQueue_flushBuffer+0x63a
J 7551  sun.java2d.opengl.OGLRenderQueue.flushBuffer(JI)V (0 bytes) @ 0x00000001185fcbea [0x00000001185fcb40+0xaa]
J 24788% C2 sun.java2d.opengl.OGLRenderQueue$QueueFlusher.run()V (234 bytes) @ 0x000000011a153114 [0x000000011a152fe0+0x134]
v  ~StubRoutines::call_stub
V  [libjvm.dylib+0x2ee5b6]
V  [libjvm.dylib+0x2eed5a]
V  [libjvm.dylib+0x2eef06]
V  [libjvm.dylib+0x34965d]
V  [libjvm.dylib+0x56b87f]
V  [libjvm.dylib+0x56cf6c]
V  [libjvm.dylib+0x48b376]
C  [libsystem_pthread.dylib+0x393b]  _pthread_body+0xb4
C  [libsystem_pthread.dylib+0x3887]  _pthread_body+0x0
C  [libsystem_pthread.dylib+0x308d]  thread_start+0xd
C  0x0000000000000000

Java frames: (J=compiled Java code, j=interpreted, Vv=VM code)
J 7551  sun.java2d.opengl.OGLRenderQueue.flushBuffer(JI)V (0 bytes) @ 0x00000001185fcb78 [0x00000001185fcb40+0x38]
J 24788% C2 sun.java2d.opengl.OGLRenderQueue$QueueFlusher.run()V (234 bytes) @ 0x000000011a153114 [0x000000011a152fe0+0x134]
v  ~StubRoutines::call_stub

---------------  P R O C E S S  ---------------

Java Threads: ( => current thread )
  0x00007fd1a2768800 JavaThread "Inactive RequestProcessor thread [Was:Flush UI Logs/org.netbeans.modules.uihandler.UIHandler$2WriteOut]" daemon [_thread_blocked, id=87767, stack(0x000070000214f000,0x000070000234f000)]
  0x00007fd1a30f2800 JavaThread "Refresh-After-WindowActivated" daemon [_thread_in_Java, id=66363, stack(0x0000700001ec9000,0x00007000020c9000)]
  0x00007fd19c00a800 JavaThread "DestroyJavaVM" [_thread_blocked, id=6915, stack(0x000070000040d000,0x000070000060d000)]
  0x00007fd19c827000 JavaThread "TimerQueue" daemon [_thread_blocked, id=81155, stack(0x000070000468b000,0x000070000488b000)]
  0x00007fd19da73000 JavaThread "Worker-JM" [_thread_blocked, id=77903, stack(0x0000700004488000,0x0000700004688000)]
  0x00007fd19ce90800 JavaThread "Framework Event Dispatcher" daemon [_thread_blocked, id=77319, stack(0x0000700004285000,0x0000700004485000)]
  0x00007fd19cda8800 JavaThread "Deadlock Detector" [_thread_blocked, id=76131, stack(0x0000700004082000,0x0000700004282000)]
  0x00007fd1a356b800 JavaThread "Thread-3" daemon [_thread_blocked, id=75683, stack(0x0000700003e7f000,0x000070000407f000)]
  0x00007fd19cf9f000 JavaThread "File Watcher" daemon [_thread_blocked, id=75019, stack(0x0000700003c7c000,0x0000700003e7c000)]
  0x00007fd19c23c800 JavaThread "Thread-1" daemon [_thread_in_native, id=73047, stack(0x0000700003a79000,0x0000700003c79000)]
  0x00007fd19df3d000 JavaThread "Editor Parsing Loop (netbeans-release-428-on-20190716)" daemon [_thread_blocked, id=70915, stack(0x000070000326d000,0x000070000346d000)]
  0x00007fd19ca64000 JavaThread "State Data Manager" daemon [_thread_blocked, id=70067, stack(0x0000700002e67000,0x0000700003067000)]
  0x00007fd19dff4800 JavaThread "Framework Active Thread" [_thread_blocked, id=69443, stack(0x0000700002c64000,0x0000700002e64000)]
  0x00007fd19cb37800 JavaThread "AWT-EventQueue-0" [_thread_blocked, id=64263, stack(0x00007000029de000,0x0000700002bde000)]
  0x00007fd19cadf000 JavaThread "Java2D Disposer" daemon [_thread_blocked, id=63755, stack(0x00007000027db000,0x00007000029db000)]
=>0x00007fd19d87d800 JavaThread "Java2D Queue Flusher" daemon [_thread_in_native, id=56327, stack(0x00007000025d8000,0x00007000027d8000)]
  0x00007fd19d87d000 JavaThread "RequestProcessor queue manager" daemon [_thread_blocked, id=55815, stack(0x00007000023d5000,0x00007000025d5000)]
  0x00007fd19c42c000 JavaThread "AWT-Shutdown" [_thread_blocked, id=30751, stack(0x0000700001c43000,0x0000700001e43000)]
  0x00007fd19c23e000 JavaThread "AppKit Thread" daemon [_thread_in_native, id=775, stack(0x00007fff52f5f000,0x00007fff5375f000)]
  0x00007fd19c32f000 JavaThread "CLI Requests Server" daemon [_thread_in_native, id=20227, stack(0x00007000019bd000,0x0000700001bbd000)]
  0x00007fd19c8e9800 JavaThread "Active Reference Queue Daemon" daemon [_thread_blocked, id=19715, stack(0x00007000017ba000,0x00007000019ba000)]
  0x00007fd19c866800 JavaThread "Service Thread" daemon [_thread_blocked, id=18691, stack(0x00007000014b4000,0x00007000016b4000)]
  0x00007fd19d002000 JavaThread "C1 CompilerThread2" daemon [_thread_blocked, id=18179, stack(0x00007000013b1000,0x00007000014b1000)]
  0x00007fd19c818800 JavaThread "C2 CompilerThread1" daemon [_thread_blocked, id=17667, stack(0x00007000012ae000,0x00007000013ae000)]
  0x00007fd19c080000 JavaThread "C2 CompilerThread0" daemon [_thread_blocked, id=17155, stack(0x00007000011ab000,0x00007000012ab000)]
  0x00007fd19c07d000 JavaThread "Signal Dispatcher" daemon [_thread_blocked, id=16643, stack(0x0000700000fa8000,0x00007000011a8000)]
  0x00007fd19c81c000 JavaThread "Finalizer" daemon [_thread_blocked, id=12291, stack(0x0000700000d22000,0x0000700000f22000)]
  0x00007fd19c819000 JavaThread "Reference Handler" daemon [_thread_blocked, id=11779, stack(0x0000700000b1f000,0x0000700000d1f000)]

Other Threads:
  0x00007fd19d001800 VMThread [stack: 0x0000700000a1c000,0x0000700000b1c000] [id=11267]
  0x00007fd19c08b800 WatcherThread [stack: 0x00007000016b7000,0x00007000017b7000] [id=19203]

VM state:not at safepoint (normal execution)

VM Mutex/Monitor currently owned by a thread: None

Heap:
 PSYoungGen      total 188928K, used 25246K [0x0000000795580000, 0x00000007a2b80000, 0x00000007c0000000)
  eden space 157696K, 5% used [0x0000000795580000,0x0000000795d791a0,0x000000079ef80000)
  from space 31232K, 54% used [0x000000079ef80000,0x00000007a002e9c8,0x00000007a0e00000)
  to   space 30208K, 0% used [0x00000007a0e00000,0x00000007a0e00000,0x00000007a2b80000)
 ParOldGen       total 633344K, used 339198K [0x0000000740000000, 0x0000000766a80000, 0x0000000795580000)
  object space 633344K, 53% used [0x0000000740000000,0x0000000754b3fbc0,0x0000000766a80000)
 Metaspace       used 122276K, capacity 139655K, committed 139800K, reserved 1169408K
  class space    used 14813K, capacity 19415K, committed 19504K, reserved 1048576K

Card table byte_map: [0x000000010e163000,0x000000010e564000] byte_map_base: 0x000000010a763000

Marking Bits: (ParMarkBitMap*) 0x000000010d6f1ea0
 Begin Bits: [0x000000010e80f000, 0x000000011080f000)
 End Bits:   [0x000000011080f000, 0x000000011280f000)

Polling page: 0x000000010c561000

CodeCache: size=245760Kb used=88677Kb max_used=88772Kb free=157082Kb
 bounds [0x000000011755a000, 0x000000011ccda000, 0x000000012655a000]
 total_blobs=23311 nmethods=22382 adapters=835
 compilation: enabled

Compilation events (10 events):
Event: 132953.358 Thread 0x00007fd19d002000 33828       3       org.openide.actions.HeapView::paintTicks (225 bytes)
Event: 132953.360 Thread 0x00007fd19d002000 nmethod 33828 0x000000011bd4f490 code [0x000000011bd4f680, 0x000000011bd50088]
Event: 132959.690 Thread 0x00007fd19c080000 33829   !   4       java.awt.GradientPaintContext::<init> (649 bytes)
Event: 132959.758 Thread 0x00007fd19c080000 nmethod 33829 0x000000011a742c90 code [0x000000011a742f60, 0x000000011a7443d0]
Event: 132980.318 Thread 0x00007fd19d002000 33830       3       java.security.CodeSource::equals (60 bytes)
Event: 132980.320 Thread 0x00007fd19d002000 nmethod 33830 0x000000011951e390 code [0x000000011951e540, 0x000000011951ed38]
Event: 133001.515 Thread 0x00007fd19c818800 33831       4       sun.java2d.SunGraphics2D::drawImage (15 bytes)
Event: 133001.523 Thread 0x00007fd19d002000 33832       3       org.netbeans.swing.tabcontrol.plaf.AquaVectorViewTabDisplayerUI::getButtonIcon (21 bytes)
Event: 133001.525 Thread 0x00007fd19d002000 nmethod 33832 0x00000001177e1210 code [0x00000001177e13e0, 0x00000001177e1ab8]
Event: 133001.770 Thread 0x00007fd19c818800 nmethod 33831 0x0000000119e6f5d0 code [0x0000000119e6fac0, 0x0000000119e72518]

GC Heap History (10 events):
Event: 125471.743 GC heap before
{Heap before GC invocations=385 (full 6):
 PSYoungGen      total 188416K, used 171981K [0x0000000795580000, 0x00000007a3100000, 0x00000007c0000000)
  eden space 155136K, 100% used [0x0000000795580000,0x000000079ed00000,0x000000079ed00000)
  from space 33280K, 50% used [0x00000007a1080000,0x00000007a20f3698,0x00000007a3100000)
  to   space 34816K, 0% used [0x000000079ed00000,0x000000079ed00000,0x00000007a0f00000)
 ParOldGen       total 633344K, used 335324K [0x0000000740000000, 0x0000000766a80000, 0x0000000795580000)
  object space 633344K, 52% used [0x0000000740000000,0x0000000754777210,0x0000000766a80000)
 Metaspace       used 122220K, capacity 139463K, committed 139800K, reserved 1169408K
  class space    used 14807K, capacity 19415K, committed 19504K, reserved 1048576K
Event: 125471.947 GC heap after
Heap after GC invocations=385 (full 6):
 PSYoungGen      total 189952K, used 15659K [0x0000000795580000, 0x00000007a3200000, 0x00000007c0000000)
  eden space 155136K, 0% used [0x0000000795580000,0x0000000795580000,0x000000079ed00000)
  from space 34816K, 44% used [0x000000079ed00000,0x000000079fc4ace0,0x00000007a0f00000)
  to   space 34304K, 0% used [0x00000007a1080000,0x00000007a1080000,0x00000007a3200000)
 ParOldGen       total 633344K, used 336924K [0x0000000740000000, 0x0000000766a80000, 0x0000000795580000)
  object space 633344K, 53% used [0x0000000740000000,0x0000000754907220,0x0000000766a80000)
 Metaspace       used 122220K, capacity 139463K, committed 139800K, reserved 1169408K
  class space    used 14807K, capacity 19415K, committed 19504K, reserved 1048576K
}
Event: 127001.824 GC heap before
{Heap before GC invocations=386 (full 6):
 PSYoungGen      total 189952K, used 170795K [0x0000000795580000, 0x00000007a3200000, 0x00000007c0000000)
  eden space 155136K, 100% used [0x0000000795580000,0x000000079ed00000,0x000000079ed00000)
  from space 34816K, 44% used [0x000000079ed00000,0x000000079fc4ace0,0x00000007a0f00000)
  to   space 34304K, 0% used [0x00000007a1080000,0x00000007a1080000,0x00000007a3200000)
 ParOldGen       total 633344K, used 336924K [0x0000000740000000, 0x0000000766a80000, 0x0000000795580000)
  object space 633344K, 53% used [0x0000000740000000,0x0000000754907220,0x0000000766a80000)
 Metaspace       used 122220K, capacity 139463K, committed 139800K, reserved 1169408K
  class space    used 14807K, capacity 19415K, committed 19504K, reserved 1048576K
Event: 127001.969 GC heap after
Heap after GC invocations=386 (full 6):
 PSYoungGen      total 188416K, used 15216K [0x0000000795580000, 0x00000007a2f80000, 0x00000007c0000000)
  eden space 156672K, 0% used [0x0000000795580000,0x0000000795580000,0x000000079ee80000)
  from space 31744K, 47% used [0x00000007a1080000,0x00000007a1f5c198,0x00000007a2f80000)
  to   space 33280K, 0% used [0x000000079ee80000,0x000000079ee80000,0x00000007a0f00000)
 ParOldGen       total 633344K, used 337664K [0x0000000740000000, 0x0000000766a80000, 0x0000000795580000)
  object space 633344K, 53% used [0x0000000740000000,0x00000007549c00f8,0x0000000766a80000)
 Metaspace       used 122220K, capacity 139463K, committed 139800K, reserved 1169408K
  class space    used 14807K, capacity 19415K, committed 19504K, reserved 1048576K
}
Event: 128752.599 GC heap before
{Heap before GC invocations=387 (full 6):
 PSYoungGen      total 188416K, used 171888K [0x0000000795580000, 0x00000007a2f80000, 0x00000007c0000000)
  eden space 156672K, 100% used [0x0000000795580000,0x000000079ee80000,0x000000079ee80000)
  from space 31744K, 47% used [0x00000007a1080000,0x00000007a1f5c198,0x00000007a2f80000)
  to   space 33280K, 0% used [0x000000079ee80000,0x000000079ee80000,0x00000007a0f00000)
 ParOldGen       total 633344K, used 337664K [0x0000000740000000, 0x0000000766a80000, 0x0000000795580000)
  object space 633344K, 53% used [0x0000000740000000,0x00000007549c00f8,0x0000000766a80000)
 Metaspace       used 122222K, capacity 139463K, committed 139800K, reserved 1169408K
  class space    used 14807K, capacity 19415K, committed 19504K, reserved 1048576K
Event: 128752.693 GC heap after
Heap after GC invocations=387 (full 6):
 PSYoungGen      total 189952K, used 17805K [0x0000000795580000, 0x00000007a2f00000, 0x00000007c0000000)
  eden space 156672K, 0% used [0x0000000795580000,0x0000000795580000,0x000000079ee80000)
  from space 33280K, 53% used [0x000000079ee80000,0x000000079ffe3560,0x00000007a0f00000)
  to   space 32256K, 0% used [0x00000007a0f80000,0x00000007a0f80000,0x00000007a2f00000)
 ParOldGen       total 633344K, used 337829K [0x0000000740000000, 0x0000000766a80000, 0x0000000795580000)
  object space 633344K, 53% used [0x0000000740000000,0x00000007549e9770,0x0000000766a80000)
 Metaspace       used 122222K, capacity 139463K, committed 139800K, reserved 1169408K
  class space    used 14807K, capacity 19415K, committed 19504K, reserved 1048576K
}
Event: 130493.092 GC heap before
{Heap before GC invocations=388 (full 6):
 PSYoungGen      total 189952K, used 174477K [0x0000000795580000, 0x00000007a2f00000, 0x00000007c0000000)
  eden space 156672K, 100% used [0x0000000795580000,0x000000079ee80000,0x000000079ee80000)
  from space 33280K, 53% used [0x000000079ee80000,0x000000079ffe3560,0x00000007a0f00000)
  to   space 32256K, 0% used [0x00000007a0f80000,0x00000007a0f80000,0x00000007a2f00000)
 ParOldGen       total 633344K, used 337829K [0x0000000740000000, 0x0000000766a80000, 0x0000000795580000)
  object space 633344K, 53% used [0x0000000740000000,0x00000007549e9770,0x0000000766a80000)
 Metaspace       used 122231K, capacity 139463K, committed 139800K, reserved 1169408K
  class space    used 14807K, capacity 19415K, committed 19504K, reserved 1048576K
Event: 130493.249 GC heap after
Heap after GC invocations=388 (full 6):
 PSYoungGen      total 187392K, used 17569K [0x0000000795580000, 0x00000007a2c80000, 0x00000007c0000000)
  eden space 157696K, 0% used [0x0000000795580000,0x0000000795580000,0x000000079ef80000)
  from space 29696K, 59% used [0x00000007a0f80000,0x00000007a20a8768,0x00000007a2c80000)
  to   space 31232K, 0% used [0x000000079ef80000,0x000000079ef80000,0x00000007a0e00000)
 ParOldGen       total 633344K, used 338922K [0x0000000740000000, 0x0000000766a80000, 0x0000000795580000)
  object space 633344K, 53% used [0x0000000740000000,0x0000000754afabb0,0x0000000766a80000)
 Metaspace       used 122231K, capacity 139463K, committed 139800K, reserved 1169408K
  class space    used 14807K, capacity 19415K, committed 19504K, reserved 1048576K
}
Event: 133003.186 GC heap before
{Heap before GC invocations=389 (full 6):
 PSYoungGen      total 187392K, used 175265K [0x0000000795580000, 0x00000007a2c80000, 0x00000007c0000000)
  eden space 157696K, 100% used [0x0000000795580000,0x000000079ef80000,0x000000079ef80000)
  from space 29696K, 59% used [0x00000007a0f80000,0x00000007a20a8768,0x00000007a2c80000)
  to   space 31232K, 0% used [0x000000079ef80000,0x000000079ef80000,0x00000007a0e00000)
 ParOldGen       total 633344K, used 338922K [0x0000000740000000, 0x0000000766a80000, 0x0000000795580000)
  object space 633344K, 53% used [0x0000000740000000,0x0000000754afabb0,0x0000000766a80000)
 Metaspace       used 122276K, capacity 139655K, committed 139800K, reserved 1169408K
  class space    used 14813K, capacity 19415K, committed 19504K, reserved 1048576K
Event: 133003.372 GC heap after
Heap after GC invocations=389 (full 6):
 PSYoungGen      total 188928K, used 17082K [0x0000000795580000, 0x00000007a2b80000, 0x00000007c0000000)
  eden space 157696K, 0% used [0x0000000795580000,0x0000000795580000,0x000000079ef80000)
  from space 31232K, 54% used [0x000000079ef80000,0x00000007a002e9c8,0x00000007a0e00000)
  to   space 30208K, 0% used [0x00000007a0e00000,0x00000007a0e00000,0x00000007a2b80000)
 ParOldGen       total 633344K, used 339198K [0x0000000740000000, 0x0000000766a80000, 0x0000000795580000)
  object space 633344K, 53% used [0x0000000740000000,0x0000000754b3fbc0,0x0000000766a80000)
 Metaspace       used 122276K, capacity 139655K, committed 139800K, reserved 1169408K
  class space    used 14813K, capacity 19415K, committed 19504K, reserved 1048576K
}

Deoptimization events (10 events):
Event: 132942.437 Thread 0x00007fd19cb37800 Uncommon trap: reason=unstable_if action=reinterpret pc=0x000000011bd50ccc method=javax.swing.AbstractButton.setIcon(Ljavax/swing/Icon;)V @ 42
Event: 132942.850 Thread 0x00007fd19cb37800 Uncommon trap: reason=unstable_if action=reinterpret pc=0x000000011a9b6670 method=org.openide.actions.HeapView.startTimerIfNecessary()V @ 11
Event: 132942.850 Thread 0x00007fd19cb37800 Uncommon trap: reason=unstable_if action=reinterpret pc=0x0000000118781fcc method=org.openide.actions.HeapView.updateCacheIfNecessary(II)V @ 13
Event: 132942.851 Thread 0x00007fd19cb37800 Uncommon trap: reason=unstable_if action=reinterpret pc=0x0000000119ffebdc method=java.awt.GradientPaintContext.putCachedRaster(Ljava/awt/image/ColorModel;Ljava/awt/image/Raster;)V @ 53
Event: 132944.352 Thread 0x00007fd19cb37800 Uncommon trap: reason=unstable_if action=reinterpret pc=0x0000000119ca6fa4 method=org.openide.actions.HeapView.paintTicks(Ljava/awt/Graphics2D;II)V @ 27
Event: 132980.284 Thread 0x00007fd1a2768800 Uncommon trap: reason=unstable_if action=reinterpret pc=0x00000001192727ac method=java.io.FileDescriptor.attach(Ljava/io/Closeable;)V @ 4
Event: 132980.287 Thread 0x00007fd1a2768800 Uncommon trap: reason=bimorphic action=maybe_recompile pc=0x0000000119313500 method=java.io.DataOutputStream.write(I)V @ 5
Event: 132980.292 Thread 0x00007fd1a2768800 Uncommon trap: reason=bimorphic action=maybe_recompile pc=0x0000000119313500 method=java.io.DataOutputStream.write(I)V @ 5
Event: 132980.462 Thread 0x00007fd1a2768800 Uncommon trap: reason=bimorphic action=maybe_recompile pc=0x0000000119313500 method=java.io.DataOutputStream.write(I)V @ 5
Event: 132980.462 Thread 0x00007fd1a2768800 Uncommon trap: reason=bimorphic action=maybe_recompile pc=0x0000000119313500 method=java.io.DataOutputStream.write(I)V @ 5

Internal exceptions (10 events):
Event: 132672.452 Thread 0x00007fd1a1af1800 Exception <a 'sun/nio/fs/UnixException'> (0x000000079c800e00) thrown at [/Users/java_re/workspace/8-2-build-macosx-x86_64/jdk8u131/8869/hotspot/src/share/vm/prims/jni.cpp, line 709]
Event: 132672.453 Thread 0x00007fd1a1af1800 Exception <a 'sun/nio/fs/UnixException'> (0x000000079c809a20) thrown at [/Users/java_re/workspace/8-2-build-macosx-x86_64/jdk8u131/8869/hotspot/src/share/vm/prims/jni.cpp, line 709]
Event: 132672.453 Thread 0x00007fd1a1af1800 Exception <a 'java/io/FileNotFoundException'> (0x000000079c80a718) thrown at [/Users/java_re/workspace/8-2-build-macosx-x86_64/jdk8u131/8869/hotspot/src/share/vm/prims/jni.cpp, line 709]
Event: 132672.453 Thread 0x00007fd1a1af1800 Exception <a 'java/io/FileNotFoundException'> (0x000000079c80b318) thrown at [/Users/java_re/workspace/8-2-build-macosx-x86_64/jdk8u131/8869/hotspot/src/share/vm/prims/jni.cpp, line 709]
Event: 132672.453 Thread 0x00007fd1a1af1800 Exception <a 'java/io/FileNotFoundException'> (0x000000079c80bfe0) thrown at [/Users/java_re/workspace/8-2-build-macosx-x86_64/jdk8u131/8869/hotspot/src/share/vm/prims/jni.cpp, line 709]
Event: 132672.453 Thread 0x00007fd1a1af1800 Exception <a 'java/io/FileNotFoundException'> (0x000000079c80ccd0) thrown at [/Users/java_re/workspace/8-2-build-macosx-x86_64/jdk8u131/8869/hotspot/src/share/vm/prims/jni.cpp, line 709]
Event: 132672.454 Thread 0x00007fd1a1af1800 Exception <a 'java/io/FileNotFoundException'> (0x000000079c80d9e8) thrown at [/Users/java_re/workspace/8-2-build-macosx-x86_64/jdk8u131/8869/hotspot/src/share/vm/prims/jni.cpp, line 709]
Event: 132908.645 Thread 0x00007fd19c23e000 Exception <a 'java/lang/RuntimeException': Failed to convert, no screen.> (0x000000079b477cd0) thrown at [/Users/java_re/workspace/8-2-build-macosx-x86_64/jdk8u131/8869/hotspot/src/share/vm/prims/jni.cpp, line 735]
Event: 132942.134 Thread 0x00007fd19cb37800 Implicit null exception at 0x000000011931c31f to 0x000000011931cfa9
Event: 132942.365 Thread 0x00007fd19cb37800 Implicit null exception at 0x0000000118f7a96e to 0x0000000118f7aa91

Events (10 events):
Event: 133000.541 Executing VM operation: FindDeadlocks
Event: 133000.541 Executing VM operation: FindDeadlocks done
Event: 133001.776 Thread 0x00007fd19c818800 flushing nmethod 0x0000000117da3210
Event: 133002.546 Executing VM operation: FindDeadlocks
Event: 133002.546 Executing VM operation: FindDeadlocks done
Event: 133003.006 Executing VM operation: RevokeBias
Event: 133003.006 Executing VM operation: RevokeBias done
Event: 133003.059 Thread 0x00007fd1a2768800 Thread added: 0x00007fd1a2768800
Event: 133003.186 Executing VM operation: ParallelGCFailedAllocation
Event: 133003.372 Executing VM operation: ParallelGCFailedAllocation done


Dynamic libraries:
0x000000001de6d000 	/System/Library/Frameworks/Cocoa.framework/Versions/A/Cocoa
0x000000001de6d000 	/System/Library/Frameworks/Security.framework/Versions/A/Security
0x000000001de6d000 	/System/Library/Frameworks/ApplicationServices.framework/Versions/A/ApplicationServices
0x000000001de6d000 	/usr/lib/libz.1.dylib
0x000000001de6d000 	/usr/lib/libSystem.B.dylib
0x000000001de6d000 	/usr/lib/libobjc.A.dylib
0x000000001de6d000 	/System/Library/Frameworks/CoreFoundation.framework/Versions/A/CoreFoundation
0x000000001de6d000 	/System/Library/Frameworks/Foundation.framework/Versions/C/Foundation
0x000000001de6d000 	/System/Library/Frameworks/AppKit.framework/Versions/C/AppKit
0x000000001de6d000 	/System/Library/Frameworks/CoreData.framework/Versions/A/CoreData
0x000000001de6d000 	/System/Library/PrivateFrameworks/RemoteViewServices.framework/Versions/A/RemoteViewServices
0x000000001de6d000 	/System/Library/PrivateFrameworks/UIFoundation.framework/Versions/A/UIFoundation
0x000000001de6d000 	/System/Library/PrivateFrameworks/DFRFoundation.framework/Versions/A/DFRFoundation
0x000000001de6d000 	/usr/lib/libenergytrace.dylib
0x000000001de6d000 	/System/Library/PrivateFrameworks/SkyLight.framework/Versions/A/SkyLight
0x000000001de6d000 	/System/Library/Frameworks/CoreGraphics.framework/Versions/A/CoreGraphics
0x000000001de6d000 	/usr/lib/libScreenReader.dylib
0x000000001de6d000 	/System/Library/Frameworks/Accelerate.framework/Versions/A/Accelerate
0x000000001de6d000 	/System/Library/Frameworks/IOSurface.framework/Versions/A/IOSurface
0x000000001de6d000 	/System/Library/Frameworks/AudioToolbox.framework/Versions/A/AudioToolbox
0x000000001de6d000 	/System/Library/Frameworks/AudioUnit.framework/Versions/A/AudioUnit
0x000000001de6d000 	/System/Library/PrivateFrameworks/DataDetectorsCore.framework/Versions/A/DataDetectorsCore
0x000000001de6d000 	/System/Library/PrivateFrameworks/DesktopServicesPriv.framework/Versions/A/DesktopServicesPriv
0x000000001de6d000 	/System/Library/Frameworks/Carbon.framework/Versions/A/Frameworks/HIToolbox.framework/Versions/A/HIToolbox
0x000000001de6d000 	/usr/lib/libicucore.A.dylib
0x000000001de6d000 	/System/Library/Frameworks/QuartzCore.framework/Versions/A/QuartzCore
0x000000001de6d000 	/System/Library/Frameworks/Carbon.framework/Versions/A/Frameworks/SpeechRecognition.framework/Versions/A/SpeechRecognition
0x000000001de6d000 	/usr/lib/libauto.dylib
0x000000001de6d000 	/usr/lib/libxml2.2.dylib
0x000000001de6d000 	/System/Library/PrivateFrameworks/CoreUI.framework/Versions/A/CoreUI
0x000000001de6d000 	/System/Library/Frameworks/CoreAudio.framework/Versions/A/CoreAudio
0x000000001de6d000 	/System/Library/Frameworks/DiskArbitration.framework/Versions/A/DiskArbitration
0x000000001de6d000 	/usr/lib/liblangid.dylib
0x000000001de6d000 	/System/Library/PrivateFrameworks/MultitouchSupport.framework/Versions/A/MultitouchSupport
0x000000001de6d000 	/System/Library/Frameworks/IOKit.framework/Versions/A/IOKit
0x000000001de6d000 	/usr/lib/libDiagnosticMessagesClient.dylib
0x000000001de6d000 	/System/Library/Frameworks/CoreServices.framework/Versions/A/CoreServices
0x000000001de6d000 	/System/Library/PrivateFrameworks/PerformanceAnalysis.framework/Versions/A/PerformanceAnalysis
0x000000001de6d000 	/System/Library/PrivateFrameworks/GenerationalStorage.framework/Versions/A/GenerationalStorage
0x000000001de6d000 	/System/Library/Frameworks/OpenGL.framework/Versions/A/OpenGL
0x000000001de6d000 	/System/Library/Frameworks/CoreImage.framework/Versions/A/CoreImage
0x000000001de6d000 	/System/Library/Frameworks/CoreText.framework/Versions/A/CoreText
0x000000001de6d000 	/System/Library/Frameworks/ImageIO.framework/Versions/A/ImageIO
0x000000001de6d000 	/System/Library/PrivateFrameworks/Backup.framework/Versions/A/Backup
0x000000001de6d000 	/usr/lib/libarchive.2.dylib
0x000000001de6d000 	/System/Library/Frameworks/CFNetwork.framework/Versions/A/CFNetwork
0x000000001de6d000 	/System/Library/Frameworks/SystemConfiguration.framework/Versions/A/SystemConfiguration
0x000000001de6d000 	/usr/lib/libCRFSuite.dylib
0x000000001de6d000 	/usr/lib/libc++.1.dylib
0x000000001de6d000 	/usr/lib/libc++abi.dylib
0x000000001de6d000 	/usr/lib/system/libcache.dylib
0x000000001de6d000 	/usr/lib/system/libcommonCrypto.dylib
0x000000001de6d000 	/usr/lib/system/libcompiler_rt.dylib
0x000000001de6d000 	/usr/lib/system/libcopyfile.dylib
0x000000001de6d000 	/usr/lib/system/libcorecrypto.dylib
0x000000001de6d000 	/usr/lib/system/libdispatch.dylib
0x000000001de6d000 	/usr/lib/system/libdyld.dylib
0x000000001de6d000 	/usr/lib/system/libkeymgr.dylib
0x000000001de6d000 	/usr/lib/system/liblaunch.dylib
0x000000001de6d000 	/usr/lib/system/libmacho.dylib
0x000000001de6d000 	/usr/lib/system/libquarantine.dylib
0x000000001de6d000 	/usr/lib/system/libremovefile.dylib
0x000000001de6d000 	/usr/lib/system/libsystem_asl.dylib
0x000000001de6d000 	/usr/lib/system/libsystem_blocks.dylib
0x000000001de6d000 	/usr/lib/system/libsystem_c.dylib
0x000000001de6d000 	/usr/lib/system/libsystem_configuration.dylib
0x000000001de6d000 	/usr/lib/system/libsystem_coreservices.dylib
0x000000001de6d000 	/usr/lib/system/libsystem_coretls.dylib
0x000000001de6d000 	/usr/lib/system/libsystem_dnssd.dylib
0x000000001de6d000 	/usr/lib/system/libsystem_info.dylib
0x000000001de6d000 	/usr/lib/system/libsystem_kernel.dylib
0x000000001de6d000 	/usr/lib/system/libsystem_m.dylib
0x000000001de6d000 	/usr/lib/system/libsystem_malloc.dylib
0x000000001de6d000 	/usr/lib/system/libsystem_network.dylib
0x000000001de6d000 	/usr/lib/system/libsystem_networkextension.dylib
0x000000001de6d000 	/usr/lib/system/libsystem_notify.dylib
0x000000001de6d000 	/usr/lib/system/libsystem_platform.dylib
0x000000001de6d000 	/usr/lib/system/libsystem_pthread.dylib
0x000000001de6d000 	/usr/lib/system/libsystem_sandbox.dylib
0x000000001de6d000 	/usr/lib/system/libsystem_secinit.dylib
0x000000001de6d000 	/usr/lib/system/libsystem_symptoms.dylib
0x000000001de6d000 	/usr/lib/system/libsystem_trace.dylib
0x000000001de6d000 	/usr/lib/system/libunwind.dylib
0x000000001de6d000 	/usr/lib/system/libxpc.dylib
0x000000001de6d000 	/usr/lib/libbsm.0.dylib
0x000000001de6d000 	/usr/lib/system/libkxld.dylib
0x000000001de6d000 	/usr/lib/libcoretls.dylib
0x000000001de6d000 	/usr/lib/libcoretls_cfhelpers.dylib
0x000000001de6d000 	/usr/lib/libOpenScriptingUtil.dylib
0x000000001de6d000 	/usr/lib/libpam.2.dylib
0x000000001de6d000 	/usr/lib/libsqlite3.dylib
0x000000001de6d000 	/usr/lib/libxar.1.dylib
0x000000001de6d000 	/usr/lib/libbz2.1.0.dylib
0x000000001de6d000 	/usr/lib/liblzma.5.dylib
0x000000001de6d000 	/usr/lib/libnetwork.dylib
0x000000001de6d000 	/usr/lib/libpcap.A.dylib
0x000000001de6d000 	/System/Library/Frameworks/CoreServices.framework/Versions/A/Frameworks/FSEvents.framework/Versions/A/FSEvents
0x000000001de6d000 	/System/Library/Frameworks/CoreServices.framework/Versions/A/Frameworks/CarbonCore.framework/Versions/A/CarbonCore
0x000000001de6d000 	/System/Library/Frameworks/CoreServices.framework/Versions/A/Frameworks/Metadata.framework/Versions/A/Metadata
0x000000001de6d000 	/System/Library/Frameworks/CoreServices.framework/Versions/A/Frameworks/OSServices.framework/Versions/A/OSServices
0x000000001de6d000 	/System/Library/Frameworks/CoreServices.framework/Versions/A/Frameworks/SearchKit.framework/Versions/A/SearchKit
0x000000001de6d000 	/System/Library/Frameworks/CoreServices.framework/Versions/A/Frameworks/AE.framework/Versions/A/AE
0x000000001de6d000 	/System/Library/Frameworks/CoreServices.framework/Versions/A/Frameworks/LaunchServices.framework/Versions/A/LaunchServices
0x000000001de6d000 	/System/Library/Frameworks/CoreServices.framework/Versions/A/Frameworks/DictionaryServices.framework/Versions/A/DictionaryServices
0x000000001de6d000 	/System/Library/Frameworks/CoreServices.framework/Versions/A/Frameworks/SharedFileList.framework/Versions/A/SharedFileList
0x000000001de6d000 	/System/Library/Frameworks/NetFS.framework/Versions/A/NetFS
0x000000001de6d000 	/System/Library/PrivateFrameworks/NetAuth.framework/Versions/A/NetAuth
0x000000001de6d000 	/System/Library/PrivateFrameworks/login.framework/Versions/A/Frameworks/loginsupport.framework/Versions/A/loginsupport
0x000000001de6d000 	/System/Library/PrivateFrameworks/TCC.framework/Versions/A/TCC
0x000000001de6d000 	/usr/lib/libmecabra.dylib
0x000000001de6d000 	/System/Library/Frameworks/ApplicationServices.framework/Versions/A/Frameworks/ATS.framework/Versions/A/ATS
0x000000001de6d000 	/System/Library/Frameworks/ApplicationServices.framework/Versions/A/Frameworks/ColorSync.framework/Versions/A/ColorSync
0x000000001de6d000 	/System/Library/Frameworks/ApplicationServices.framework/Versions/A/Frameworks/HIServices.framework/Versions/A/HIServices
0x000000001de6d000 	/System/Library/Frameworks/ApplicationServices.framework/Versions/A/Frameworks/LangAnalysis.framework/Versions/A/LangAnalysis
0x000000001de6d000 	/System/Library/Frameworks/ApplicationServices.framework/Versions/A/Frameworks/PrintCore.framework/Versions/A/PrintCore
0x000000001de6d000 	/System/Library/Frameworks/ApplicationServices.framework/Versions/A/Frameworks/QD.framework/Versions/A/QD
0x000000001de6d000 	/System/Library/Frameworks/ApplicationServices.framework/Versions/A/Frameworks/SpeechSynthesis.framework/Versions/A/SpeechSynthesis
0x000000001de6d000 	/System/Library/Frameworks/Accelerate.framework/Versions/A/Frameworks/vImage.framework/Versions/A/vImage
0x000000001de6d000 	/System/Library/Frameworks/Accelerate.framework/Versions/A/Frameworks/vecLib.framework/Versions/A/vecLib
0x000000001de6d000 	/System/Library/Frameworks/Accelerate.framework/Versions/A/Frameworks/vecLib.framework/Versions/A/libvDSP.dylib
0x000000001de6d000 	/System/Library/Frameworks/Accelerate.framework/Versions/A/Frameworks/vecLib.framework/Versions/A/libBNNS.dylib
0x000000001de6d000 	/System/Library/Frameworks/Accelerate.framework/Versions/A/Frameworks/vecLib.framework/Versions/A/libQuadrature.dylib
0x000000001de6d000 	/System/Library/Frameworks/Accelerate.framework/Versions/A/Frameworks/vecLib.framework/Versions/A/libvMisc.dylib
0x000000001de6d000 	/System/Library/Frameworks/Accelerate.framework/Versions/A/Frameworks/vecLib.framework/Versions/A/libLAPACK.dylib
0x000000001de6d000 	/System/Library/Frameworks/Accelerate.framework/Versions/A/Frameworks/vecLib.framework/Versions/A/libBLAS.dylib
0x000000001de6d000 	/System/Library/Frameworks/Accelerate.framework/Versions/A/Frameworks/vecLib.framework/Versions/A/libLinearAlgebra.dylib
0x000000001de6d000 	/System/Library/Frameworks/Accelerate.framework/Versions/A/Frameworks/vecLib.framework/Versions/A/libSparseBLAS.dylib
0x000000001de6d000 	/System/Library/Frameworks/ApplicationServices.framework/Versions/A/Frameworks/ATS.framework/Versions/A/Resources/libFontParser.dylib
0x000000001de6d000 	/System/Library/Frameworks/ApplicationServices.framework/Versions/A/Frameworks/ATS.framework/Versions/A/Resources/libFontRegistry.dylib
0x000000001de6d000 	/System/Library/Frameworks/ImageIO.framework/Versions/A/Resources/libJPEG.dylib
0x000000001de6d000 	/System/Library/Frameworks/ImageIO.framework/Versions/A/Resources/libTIFF.dylib
0x000000001de6d000 	/System/Library/Frameworks/ImageIO.framework/Versions/A/Resources/libPng.dylib
0x000000001de6d000 	/System/Library/Frameworks/ImageIO.framework/Versions/A/Resources/libGIF.dylib
0x000000001de6d000 	/System/Library/Frameworks/ImageIO.framework/Versions/A/Resources/libJP2.dylib
0x000000001de6d000 	/System/Library/Frameworks/ImageIO.framework/Versions/A/Resources/libRadiance.dylib
0x000000001de6d000 	/usr/lib/libcompression.dylib
0x000000001de6d000 	/System/Library/PrivateFrameworks/AppleJPEG.framework/Versions/A/AppleJPEG
0x000000001de6d000 	/usr/lib/libcups.2.dylib
0x000000001de6d000 	/System/Library/Frameworks/Kerberos.framework/Versions/A/Kerberos
0x000000001de6d000 	/System/Library/Frameworks/GSS.framework/Versions/A/GSS
0x000000001de6d000 	/usr/lib/libresolv.9.dylib
0x000000001de6d000 	/usr/lib/libiconv.2.dylib
0x000000001de6d000 	/System/Library/PrivateFrameworks/Heimdal.framework/Versions/A/Heimdal
0x000000001de6d000 	/usr/lib/libheimdal-asn1.dylib
0x000000001de6d000 	/System/Library/Frameworks/OpenDirectory.framework/Versions/A/OpenDirectory
0x000000001de6d000 	/System/Library/PrivateFrameworks/CommonAuth.framework/Versions/A/CommonAuth
0x000000001de6d000 	/System/Library/Frameworks/OpenDirectory.framework/Versions/A/Frameworks/CFOpenDirectory.framework/Versions/A/CFOpenDirectory
0x000000001de6d000 	/System/Library/Frameworks/SecurityFoundation.framework/Versions/A/SecurityFoundation
0x000000001de6d000 	/System/Library/PrivateFrameworks/LanguageModeling.framework/Versions/A/LanguageModeling
0x000000001de6d000 	/usr/lib/libmarisa.dylib
0x000000001de6d000 	/usr/lib/libChineseTokenizer.dylib
0x000000001de6d000 	/usr/lib/libcmph.dylib
0x000000001de6d000 	/System/Library/PrivateFrameworks/CoreEmoji.framework/Versions/A/CoreEmoji
0x000000001de6d000 	/System/Library/Frameworks/ServiceManagement.framework/Versions/A/ServiceManagement
0x000000001de6d000 	/usr/lib/libxslt.1.dylib
0x000000001de6d000 	/System/Library/Frameworks/Carbon.framework/Versions/A/Frameworks/Ink.framework/Versions/A/Ink
0x000000001de6d000 	/System/Library/PrivateFrameworks/TextureIO.framework/Versions/A/TextureIO
0x000000001de6d000 	/System/Library/Frameworks/Metal.framework/Versions/A/Metal
0x000000001de6d000 	/usr/lib/libate.dylib
0x000000001de6d000 	/System/Library/PrivateFrameworks/GPUCompiler.framework/libmetal_timestamp.dylib
0x000000001de6d000 	/System/Library/Frameworks/OpenGL.framework/Versions/A/Libraries/libCoreFSCache.dylib
0x000000001de6d000 	/System/Library/PrivateFrameworks/IOAccelerator.framework/Versions/A/IOAccelerator
0x000000001de6d000 	/System/Library/Frameworks/CoreVideo.framework/Versions/A/CoreVideo
0x000000001de6d000 	/usr/lib/libFosl_dynamic.dylib
0x000000001de6d000 	/System/Library/PrivateFrameworks/MetalPerformanceShaders.framework/Versions/A/MetalPerformanceShaders
0x000000001de6d000 	/System/Library/PrivateFrameworks/FaceCore.framework/Versions/A/FaceCore
0x000000001de6d000 	/System/Library/Frameworks/OpenCL.framework/Versions/A/OpenCL
0x000000001de6d000 	/System/Library/Frameworks/OpenGL.framework/Versions/A/Libraries/libGLU.dylib
0x000000001de6d000 	/System/Library/Frameworks/OpenGL.framework/Versions/A/Libraries/libGFXShared.dylib
0x000000001de6d000 	/System/Library/Frameworks/OpenGL.framework/Versions/A/Libraries/libGL.dylib
0x000000001de6d000 	/System/Library/Frameworks/OpenGL.framework/Versions/A/Libraries/libGLImage.dylib
0x000000001de6d000 	/System/Library/Frameworks/OpenGL.framework/Versions/A/Libraries/libCVMSPluginSupport.dylib
0x000000001de6d000 	/System/Library/Frameworks/OpenGL.framework/Versions/A/Libraries/libCoreVMClient.dylib
0x000000001de6d000 	/System/Library/PrivateFrameworks/CrashReporterSupport.framework/Versions/A/CrashReporterSupport
0x000000001de6d000 	/System/Library/PrivateFrameworks/Sharing.framework/Versions/A/Sharing
0x000000001de6d000 	/System/Library/PrivateFrameworks/IconServices.framework/Versions/A/IconServices
0x000000001de6d000 	/System/Library/PrivateFrameworks/ProtocolBuffer.framework/Versions/A/ProtocolBuffer
0x000000001de6d000 	/System/Library/PrivateFrameworks/Apple80211.framework/Versions/A/Apple80211
0x000000001de6d000 	/System/Library/Frameworks/CoreWLAN.framework/Versions/A/CoreWLAN
0x000000001de6d000 	/System/Library/PrivateFrameworks/CoreUtils.framework/Versions/A/CoreUtils
0x000000001de6d000 	/System/Library/Frameworks/IOBluetooth.framework/Versions/A/IOBluetooth
0x000000001de6d000 	/System/Library/PrivateFrameworks/CoreWiFi.framework/Versions/A/CoreWiFi
0x000000001de6d000 	/System/Library/Frameworks/CoreBluetooth.framework/Versions/A/CoreBluetooth
0x000000001de6d000 	/System/Library/Frameworks/CoreDisplay.framework/Versions/A/CoreDisplay
0x000000001de6d000 	/System/Library/PrivateFrameworks/IOPresentment.framework/Versions/A/IOPresentment
0x000000001de6d000 	/System/Library/PrivateFrameworks/DSExternalDisplay.framework/Versions/A/DSExternalDisplay
0x000000001de6d000 	/System/Library/PrivateFrameworks/DebugSymbols.framework/Versions/A/DebugSymbols
0x000000001de6d000 	/System/Library/PrivateFrameworks/CoreSymbolication.framework/Versions/A/CoreSymbolication
0x000000001de6d000 	/System/Library/PrivateFrameworks/Symbolication.framework/Versions/A/Symbolication
0x000000001de6d000 	/System/Library/PrivateFrameworks/AppleFSCompression.framework/Versions/A/AppleFSCompression
0x000000001de6d000 	/System/Library/PrivateFrameworks/SpeechRecognitionCore.framework/Versions/A/SpeechRecognitionCore
0x000000001de6d000 	/System/Library/PrivateFrameworks/ChunkingLibrary.framework/Versions/A/ChunkingLibrary
0x000000010ce00000 	/Library/Java/JavaVirtualMachines/jdk1.8.0_131.jdk/Contents/Home/jre/lib/server/libjvm.dylib
0x000000001de6d000 	/usr/lib/libstdc++.6.dylib
0x000000010c51e000 	/Library/Java/JavaVirtualMachines/jdk1.8.0_131.jdk/Contents/Home/jre/lib/libverify.dylib
0x000000010c52c000 	/Library/Java/JavaVirtualMachines/jdk1.8.0_131.jdk/Contents/Home/jre/lib/libjava.dylib
0x000000010c56b000 	/Library/Java/JavaVirtualMachines/jdk1.8.0_131.jdk/Contents/Home/jre/lib/libzip.dylib
0x000000010c5e5000 	/System/Library/Frameworks/JavaVM.framework/Frameworks/JavaRuntimeSupport.framework/JavaRuntimeSupport
0x0000000114696000 	/System/Library/Frameworks/JavaVM.framework/Versions/A/Frameworks/JavaNativeFoundation.framework/Versions/A/JavaNativeFoundation
0x00000001146ab000 	/System/Library/Frameworks/JavaVM.framework/Versions/A/JavaVM
0x000000001de6d000 	/System/Library/Frameworks/Carbon.framework/Versions/A/Carbon
0x00000001146b8000 	/System/Library/PrivateFrameworks/JavaLaunching.framework/Versions/A/JavaLaunching
0x000000001de6d000 	/System/Library/Frameworks/Carbon.framework/Versions/A/Frameworks/CommonPanels.framework/Versions/A/CommonPanels
0x000000001de6d000 	/System/Library/Frameworks/Carbon.framework/Versions/A/Frameworks/Help.framework/Versions/A/Help
0x000000001de6d000 	/System/Library/Frameworks/Carbon.framework/Versions/A/Frameworks/ImageCapture.framework/Versions/A/ImageCapture
0x000000001de6d000 	/System/Library/Frameworks/Carbon.framework/Versions/A/Frameworks/OpenScripting.framework/Versions/A/OpenScripting
0x000000001de6d000 	/System/Library/Frameworks/Carbon.framework/Versions/A/Frameworks/Print.framework/Versions/A/Print
0x000000001de6d000 	/System/Library/Frameworks/Carbon.framework/Versions/A/Frameworks/SecurityHI.framework/Versions/A/SecurityHI
0x0000000115fcb000 	/Library/Java/JavaVirtualMachines/jdk1.8.0_131.jdk/Contents/Home/jre/lib/libnio.dylib
0x0000000115fdb000 	/Library/Java/JavaVirtualMachines/jdk1.8.0_131.jdk/Contents/Home/jre/lib/./libnet.dylib
0x00000001160d7000 	/Library/Java/JavaVirtualMachines/jdk1.8.0_131.jdk/Contents/Home/jre/lib/libawt.dylib
0x000000011617f000 	/Library/Java/JavaVirtualMachines/jdk1.8.0_131.jdk/Contents/Home/jre/lib/./libmlib_image.dylib
0x000000011624b000 	/Library/Java/JavaVirtualMachines/jdk1.8.0_131.jdk/Contents/Home/jre/lib/libawt_lwawt.dylib
0x0000000116302000 	/Library/Java/JavaVirtualMachines/jdk1.8.0_131.jdk/Contents/Home/jre/lib/./libosxapp.dylib
0x000000001de6d000 	/System/Library/Frameworks/ExceptionHandling.framework/Versions/A/ExceptionHandling
0x000000001de6d000 	/System/Library/PrivateFrameworks/CoreServicesInternal.framework/Versions/A/CoreServicesInternal
0x000000001de6d000 	/System/Library/CoreServices/RawCamera.bundle/Contents/MacOS/RawCamera
0x000000011689f000 	/System/Library/Frameworks/Accelerate.framework/Frameworks/vImage.framework/Versions/A/Libraries/libCGInterfaces.dylib
0x000000001de6d000 	/System/Library/Frameworks/ApplicationServices.framework/Versions/A/Frameworks/ATS.framework/Versions/A/Resources/libTrueTypeScaler.dylib
0x000000012a7f2000 	/System/Library/Frameworks/OpenGL.framework/Resources/GLEngine.bundle/GLEngine
0x000000001de6d000 	/System/Library/Frameworks/OpenGL.framework/Versions/A/Libraries/libGLProgrammability.dylib
0x000000012a9d7000 	/System/Library/Extensions/AppleIntelBDWGraphicsGLDriver.bundle/Contents/MacOS/AppleIntelBDWGraphicsGLDriver
0x000000001de6d000 	/System/Library/PrivateFrameworks/GPUSupport.framework/Versions/A/Libraries/libGPUSupportMercury.dylib
0x0000000117306000 	/System/Library/Frameworks/OpenGL.framework/Resources//GLRendererFloat.bundle/GLRendererFloat
0x000000001de6d000 	/System/Library/Frameworks/OpenCL.framework/Versions/A/Libraries/libcldcpuengine.dylib
0x000000001de6d000 	/usr/lib/libcrypto.0.9.8.dylib
0x000000001de6d000 	/System/Library/PrivateFrameworks/TrustEvaluationAgent.framework/Versions/A/TrustEvaluationAgent
0x00000001173a2000 	/System/Library/Extensions/AppleIntelBDWGraphicsMTLDriver.bundle/Contents/MacOS/AppleIntelBDWGraphicsMTLDriver
0x000000001de6d000 	/System/Library/PrivateFrameworks/FamilyControls.framework/Versions/A/FamilyControls
0x000000001de6d000 	/System/Library/PrivateFrameworks/CommerceKit.framework/Versions/A/Frameworks/CommerceCore.framework/Versions/A/CommerceCore
0x000000001de6d000 	/System/Library/PrivateFrameworks/SystemAdministration.framework/Versions/A/SystemAdministration
0x000000001de6d000 	/System/Library/PrivateFrameworks/AppContainer.framework/Versions/A/AppContainer
0x000000001de6d000 	/System/Library/PrivateFrameworks/SecCodeWrapper.framework/Versions/A/SecCodeWrapper
0x000000001de6d000 	/System/Library/Frameworks/DirectoryService.framework/Versions/A/DirectoryService
0x000000001de6d000 	/System/Library/PrivateFrameworks/DiskImages.framework/Versions/A/DiskImages
0x000000001de6d000 	/System/Library/PrivateFrameworks/LoginUIKit.framework/Versions/A/Frameworks/LoginUICore.framework/Versions/A/LoginUICore
0x000000001de6d000 	/usr/lib/libCoreStorage.dylib
0x000000001de6d000 	/usr/lib/libcsfde.dylib
0x000000001de6d000 	/usr/lib/libodfde.dylib
0x000000001de6d000 	/System/Library/Frameworks/DiscRecording.framework/Versions/A/DiscRecording
0x000000001de6d000 	/usr/lib/libcurl.4.dylib
0x000000001de6d000 	/System/Library/PrivateFrameworks/MediaKit.framework/Versions/A/MediaKit
0x000000001de6d000 	/System/Library/PrivateFrameworks/ProtectedCloudStorage.framework/Versions/A/ProtectedCloudStorage
0x000000001de6d000 	/System/Library/PrivateFrameworks/EFILogin.framework/Versions/A/EFILogin
0x000000001de6d000 	/usr/lib/libutil.dylib
0x000000001de6d000 	/System/Library/Frameworks/LDAP.framework/Versions/A/LDAP
0x000000001de6d000 	/usr/lib/libsasl2.2.dylib
0x000000001de6d000 	/System/Library/PrivateFrameworks/CoreDaemon.framework/Versions/B/CoreDaemon
0x000000001de6d000 	/System/Library/PrivateFrameworks/AppleSRP.framework/Versions/A/AppleSRP
0x000000001de6d000 	/System/Library/PrivateFrameworks/APFS.framework/Versions/A/APFS
0x000000001de6d000 	/System/Library/PrivateFrameworks/ViewBridge.framework/Versions/A/ViewBridge
0x000000001de6d000 	/System/Library/PrivateFrameworks/XPCService.framework/Versions/A/XPCService
0x000000001de6d000 	/System/Library/PrivateFrameworks/AppSandbox.framework/Versions/A/AppSandbox
0x000000001de6d000 	/usr/lib/libsandbox.1.dylib
0x000000001de6d000 	/usr/lib/libMatch.1.dylib
0x000000012d0d0000 	/Library/Java/JavaVirtualMachines/jdk1.8.0_131.jdk/Contents/Home/jre/lib/libsplashscreen.dylib
0x000000012d129000 	/Library/Java/JavaVirtualMachines/jdk1.8.0_131.jdk/Contents/Home/jre/lib/libfontmanager.dylib
0x00000001172f6000 	/Library/Java/JavaVirtualMachines/jdk1.8.0_131.jdk/Contents/Home/jre/lib/libosxui.dylib
0x000000012a786000 	/Applications/NetBeans/Apache NetBeans 11.1.app/Contents/Resources/NetBeans/platform/modules/lib/libjnidispatch-440.jnilib
0x000000012a684000 	/Library/Java/JavaVirtualMachines/jdk1.8.0_131.jdk/Contents/Home/jre/lib/libmanagement.dylib
0x0000000136c7d000 	/Library/Java/JavaVirtualMachines/jdk1.8.0_131.jdk/Contents/Home/jre/lib/libdcpr.dylib
0x000000001de6d000 	/System/Library/PrivateFrameworks/Shortcut.framework/Versions/A/Shortcut
0x000000001de6d000 	/System/Library/PrivateFrameworks/HelpData.framework/Versions/A/HelpData
0x000000001de6d000 	/System/Library/PrivateFrameworks/CloudDocs.framework/Versions/A/CloudDocs
0x000000001de6d000 	/System/Library/Frameworks/CloudKit.framework/Versions/A/CloudKit
0x000000001de6d000 	/System/Library/PrivateFrameworks/MMCS.framework/Versions/A/MMCS
0x000000001de6d000 	/System/Library/Frameworks/CoreLocation.framework/Versions/A/CoreLocation
0x000000001de6d000 	/System/Library/PrivateFrameworks/AssetCacheServices.framework/Versions/A/AssetCacheServices
0x000000001de6d000 	/System/Library/PrivateFrameworks/GeoServices.framework/Versions/A/GeoServices
0x0000000126840000 	/Library/Java/JavaVirtualMachines/jdk1.8.0_131.jdk/Contents/Home/jre/lib/libjpeg.dylib

VM Arguments:
jvm_args: -Djdk.home=/Library/Java/JavaVirtualMachines/jdk1.8.0_131.jdk/Contents/Home -Dnetbeans.default_userdir_root=/Users/dthurston/Library/Application Support/NetBeans -Dnetbeans.dirs=/Applications/NetBeans/Apache NetBeans 11.1.app/Contents/Resources/NetBeans/nb:/Applications/NetBeans/Apache NetBeans 11.1.app/Contents/Resources/NetBeans/ergonomics:/Applications/NetBeans/Apache NetBeans 11.1.app/Contents/Resources/NetBeans/ide:/Applications/NetBeans/Apache NetBeans 11.1.app/Contents/Resources/NetBeans/extide:/Applications/NetBeans/Apache NetBeans 11.1.app/Contents/Resources/NetBeans/java:/Applications/NetBeans/Apache NetBeans 11.1.app/Contents/Resources/NetBeans/apisupport:/Applications/NetBeans/Apache NetBeans 11.1.app/Contents/Resources/NetBeans/webcommon:/Applications/NetBeans/Apache NetBeans 11.1.app/Contents/Resources/NetBeans/websvccommon:/Applications/NetBeans/Apache NetBeans 11.1.app/Contents/Resources/NetBeans/enterprise:/Applications/NetBeans/Apache NetBeans 11.1.app/Contents/Resources/NetBeans/mobility:/Applications/NetBeans/Apache NetBeans 11.1.app/Contents/Resources/NetBeans/profiler:/Applications/NetBeans/Apache NetBeans 11.1.app/Contents/Resources/NetBeans/python:/Applications/NetBeans/Apache NetBeans 11.1.app/Contents/Resources/NetBeans/php:/Applications/NetBeans/Apache NetBeans 11.1.app/Contents/Resources/NetBeans/identity:/Applications/NetBeans/Apache NetBeans 11.1.app/Contents/Resources/NetBeans/harness:/Applications/NetBeans/Apache NetBeans 11.1.app/Contents/Resources/NetBeans/cnd:/Applications/NetBeans/Apache NetBeans 11.1.app/Contents/Resources/NetBeans/cndext:/Applications/NetBeans/Apache NetBeans 11.1.app/Contents/Resources/NetBeans/dlight:/Applications/NetBeans/Apache NetBeans 11.1.app/Contents/Resources/NetBeans/groovy:/Applications/NetBeans/Apache NetBeans 11.1.app/Contents/Resources/NetBeans/extra:/Applications/NetBeans/Apache NetBeans 11.1.app/Contents/Resources/NetBeans/javacard:/Applications/NetBeans/Apache NetBeans 11.1.app/Contents/Resources/NetBeans/javafx: -Dnetbeans.home=/Applications/NetBeans/Apache NetBeans 11.1.app/Contents/Resources/NetBeans/platform -Dnetbeans.importclass=org.netbeans.upgrade.AutoUpgrade -XX:+UseStringDeduplication -Xss2m -Djdk.gtk.version=2.2 -Dapple.laf.useScreenMenuBar=true -Dapple.awt.graphics.UseQuartz=true -Dsun.java2d.noddraw=true -Dsun.java2d.dpiaware=true -Dsun.zip.disableMemoryMapping=true -Dplugin.manager.check.updates=false -Dnetbeans.extbrowser.manual_chrome_plugin_install=yes --add-opens=java.base/java.net=ALL-UNNAMED --add-opens=java.base/java.lang.ref=ALL-UNNAMED --add-opens=java.base/java.lang=ALL-UNNAMED --add-opens=java.base/java.security=ALL-UNNAMED --add-opens=java.base/java.util=ALL-UNNAMED --add-opens=java.desktop/javax.swing.plaf.basic=ALL-UNNAMED --add-opens=java.desktop/javax.swing.text=ALL-UNNAMED --add-opens=java.desktop/javax.swing=ALL-UNNAMED --add-opens=java.desktop/java.awt=ALL-UNNAMED --add-opens=java.desktop/java.awt.event=ALL-UNNAMED --add-opens=java.prefs/java.util.prefs=ALL-UNNAMED --add-opens=jdk.jshell/jdk.jshell=ALL-UNNAMED --add-modules=jdk.jshell --add-exports=java.desktop/sun.awt=ALL-UNNAMED --add-exports=java.desktop/java.awt.peer=ALL-UNNAMED --add-exports=java.desktop/com.sun.beans.editors=ALL-UNNAMED --add-exports=java.desktop/sun.swing=ALL-UNNAMED --add-exports=java.desktop/sun.awt.im=ALL-UNNAMED --add-exports=jdk.internal.jvmstat/sun.jvmstat.monitor=ALL-UNNAMED --add-exports=java.management/sun.management=ALL-UNNAMED --add-exports=java.base/sun.reflect.annotation=ALL-UNNAMED --add-exports=jdk.javadoc/com.sun.tools.javadoc.main=ALL-UNNAMED -XX:+IgnoreUnrecognizedVMOptions -XX:+HeapDumpOnOutOfMemoryError -XX:HeapDumpPath=/Users/dthurston/Library/Application Support/NetBeans/11.1/var/log/heapdump.hprof 
java_command: org.netbeans.Main --cachedir /Users/dthurston/Library/Caches/NetBeans/11.1 --userdir /Users/dthurston/Library/Application Support/NetBeans/11.1 --branding nb
java_class_path (initial): /Applications/NetBeans/Apache NetBeans 11.1.app/Contents/Resources/NetBeans/platform/lib/boot.jar:/Applications/NetBeans/Apache NetBeans 11.1.app/Contents/Resources/NetBeans/platform/lib/org-openide-modules.jar:/Applications/NetBeans/Apache NetBeans 11.1.app/Contents/Resources/NetBeans/platform/lib/org-openide-util-lookup.jar:/Applications/NetBeans/Apache NetBeans 11.1.app/Contents/Resources/NetBeans/platform/lib/org-openide-util-ui.jar:/Applications/NetBeans/Apache NetBeans 11.1.app/Contents/Resources/NetBeans/platform/lib/org-openide-util.jar:/Library/Java/JavaVirtualMachines/jdk1.8.0_131.jdk/Contents/Home/lib/dt.jar:/Library/Java/JavaVirtualMachines/jdk1.8.0_131.jdk/Contents/Home/lib/tools.jar
Launcher Type: SUN_STANDARD

Environment Variables:
PATH=/Library/Frameworks/Python.framework/Versions/3.6/bin:/Users/dthurston/.rbenv/shims:/Library/Frameworks/Python.framework/Versions/2.7/bin:/usr/local/bin:/usr/bin:/bin:/usr/sbin:/sbin:/Library/Frameworks/Mono.framework/Versions/Current/Commands:/Applications/Wireshark.app/Contents/MacOS:/Users/dthurston/Projects
SHELL=/bin/bash

Signal Handlers:
SIGSEGV: [libjvm.dylib+0x5b1eb1], sa_mask[0]=11111111011111110111111111111111, sa_flags=SA_ONSTACK|SA_RESTART|SA_SIGINFO
SIGBUS: [libjvm.dylib+0x5b1eb1], sa_mask[0]=11111111011111110111111111111111, sa_flags=SA_RESTART|SA_SIGINFO
SIGFPE: [libjvm.dylib+0x488988], sa_mask[0]=11111111011111110111111111111111, sa_flags=SA_RESTART|SA_SIGINFO
SIGPIPE: [libjvm.dylib+0x488988], sa_mask[0]=11111111011111110111111111111111, sa_flags=SA_RESTART|SA_SIGINFO
SIGXFSZ: [libjvm.dylib+0x488988], sa_mask[0]=11111111011111110111111111111111, sa_flags=SA_RESTART|SA_SIGINFO
SIGILL: [libjvm.dylib+0x488988], sa_mask[0]=11111111011111110111111111111111, sa_flags=SA_RESTART|SA_SIGINFO
SIGUSR1: SIG_DFL, sa_mask[0]=11011111011111100000000111000110, sa_flags=none
SIGUSR2: [libjvm.dylib+0x4884a6], sa_mask[0]=00000000000000000000000000000000, sa_flags=SA_RESTART|SA_SIGINFO
SIGHUP: [libjvm.dylib+0x486a7d], sa_mask[0]=11111111011111110111111111111111, sa_flags=SA_RESTART|SA_SIGINFO
SIGINT: SIG_IGN, sa_mask[0]=00000000000000000000000000000000, sa_flags=none
SIGTERM: [libjvm.dylib+0x486a7d], sa_mask[0]=11111111011111110111111111111111, sa_flags=SA_RESTART|SA_SIGINFO
SIGQUIT: [libjvm.dylib+0x486a7d], sa_mask[0]=11111111011111110111111111111111, sa_flags=SA_RESTART|SA_SIGINFO


---------------  S Y S T E M  ---------------

OS:Bsduname:Darwin 16.7.0 Darwin Kernel Version 16.7.0: Sun Jun  2 20:26:31 PDT 2019; root:xnu-3789.73.50~1/RELEASE_X86_64 x86_64
rlimit: STACK 8192k, CORE 0k, NPROC 709, NOFILE 10240, AS infinity
load average:20.92 13.14 6.32

CPU:total 4 (initial active 4) (2 cores per cpu, 2 threads per core) family 6 model 61 stepping 4, cmov, cx8, fxsr, mmx, sse, sse2, sse3, ssse3, sse4.1, sse4.2, popcnt, avx, avx2, aes, clmul, erms, rtm, 3dnowpref, lzcnt, ht, tsc, tscinvbit, bmi1, bmi2, adx

Memory: 4k page, physical 8388608k(16276k free)

/proc/meminfo:


vm_info: Java HotSpot(TM) 64-Bit Server VM (25.131-b11) for bsd-amd64 JRE (1.8.0_131-b11), built on Mar 15 2017 01:32:22 by "java_re" with gcc 4.2.1 (Based on Apple Inc. build 5658) (LLVM build 2336.11.00)

time: Wed Nov 27 09:00:46 2019
elapsed time: 133003 seconds (1d 12h 56m 43s)

