#
# A fatal error has been detected by the Java Runtime Environment:
#
#  SIGSEGV (0xb) at pc=0x00000001199903bf, pid=58450, tid=0x000000000000df17
#
# JRE version: Java(TM) SE Runtime Environment (8.0_131-b11) (build 1.8.0_131-b11)
# Java VM: Java HotSpot(TM) 64-Bit Server VM (25.131-b11 mixed mode bsd-amd64 compressed oops)
# Problematic frame:
# C  [libawt_lwawt.dylib+0x1c3bf]  OGLSD_SetScratchSurface+0x49
#
# Failed to write core dump. Core dumps have been disabled. To enable core dumping, try "ulimit -c unlimited" before starting Java again
#
# If you would like to submit a bug report, please visit:
#   http://bugreport.java.com/bugreport/crash.jsp
# The crash happened outside the Java Virtual Machine in native code.
# See problematic frame for where to report the bug.
#

---------------  T H R E A D  ---------------

Current thread (0x00007fc159248800):  JavaThread "Java2D Queue Flusher" daemon [_thread_in_native, id=57111, stack(0x000070000943e000,0x000070000963e000)]

siginfo: si_signo: 11 (SIGSEGV), si_code: 1 (SEGV_MAPERR), si_addr: 0x0000000000000002

Registers:
RAX=0x00000000ffffffff, RBX=0x0000000000000002, RCX=0x0000000000000047, RDX=0x00000001199b1258
RSP=0x000070000963d810, RBP=0x000070000963d830, RSI=0x00007fc16319f070, RDI=0x00007fc1592489f8
R8 =0x0000000000000020, R9 =0x0000000000000000, R10=0x000000011bf33a78, R11=0x00000000e82887e3
R12=0x0000000000000000, R13=0x0000000741443f88, R14=0x00007fc1592489f8, R15=0x00007fc159248800
RIP=0x00000001199903bf, EFLAGS=0x0000000000010202, ERR=0x0000000000000004
  TRAPNO=0x000000000000000e

Top of Stack: (sp=0x000070000963d810)
0x000070000963d810:   00007fc16319f070 0000000000000000
0x000070000963d820:   00007fc159ae2a10 00007fc159248800
0x000070000963d830:   000070000963d8b0 00000001199b0d36
0x000070000963d840:   0000000000000064 00007fc158cadf38
0x000070000963d850:   000070000963d8b0 0000000110950094
0x000070000963d860:   0000000000000005 00007fc159248800
0x000070000963d870:   0000000741443f01 00007fc159ae2a20
0x000070000963d880:   000070000063d800 00007fc1592489f8
0x000070000963d890:   0000000000000000 0000000000000000
0x000070000963d8a0:   000070000963d908 00007fc159248800
0x000070000963d8b0:   000070000963d900 000000011bf33aea
0x000070000963d8c0:   0000000741443f00 0000000100000001
0x000070000963d8d0:   0000000130122028 0000000000000000
0x000070000963d8e0:   0000000116c0ef48 0000000000000000
0x000070000963d8f0:   000070000963d910 0000000000000000
0x000070000963d900:   00000000e82887e0 000000011dde2c04
0x000070000963d910:   0000000741443f00 0000000741443f88
0x000070000963d920:   0000000000000000 0000000000000000
0x000070000963d930:   0000000741443f88 000070000963d9d0
0x000070000963d940:   0000000000000001 0000000000000000
0x000070000963d950:   000070000963d9d0 000000011ae637a7
0x000070000963d960:   0000000741443f88 0000000741443f88
0x000070000963d970:   0000700000001fa0 000000000000000a
0x000070000963d980:   00007fc159248800 0000000000000001
0x000070000963d990:   000000011ae6371f 0000000116b7e4f0
0x000070000963d9a0:   000070000963da68 000070000963dd00
0x000070000963d9b0:   000000010000000a 0000000116b7e4f0
0x000070000963d9c0:   000000011ae76120 000070000963dc70
0x000070000963d9d0:   000070000963db80 00000001108ee5b6
0x000070000963d9e0:   0000700000000001 00007fc159248800
0x000070000963d9f0:   00007fc159248800 000070000963dd00
0x000070000963da00:   00007fc158cadf30 000000011ae76120 

Instructions: (pc=0x00000001199903bf)
0x000000011999039f:   c0 e9 82 00 00 00 48 8b 5e 10 48 85 db 75 0e bf
0x00000001199903af:   01 00 00 00 48 8d 15 07 7c 03 00 eb d6 49 89 fe
0x00000001199903bf:   4c 8b 3b 30 c0 e8 c1 a6 02 00 49 8b 3f 49 89 c4
0x00000001199903cf:   48 8b 35 4a 03 06 00 30 c0 e8 0f a8 02 00 48 85 

Register to memory mapping:

RAX=0x00000000ffffffff is an unknown value
RBX=0x0000000000000002 is an unknown value
RCX=0x0000000000000047 is an unknown value
RDX=0x00000001199b1258: Java_sun_java2d_opengl_OGLRenderQueue_flushBuffer+0xb5c in /Library/Java/JavaVirtualMachines/jdk1.8.0_131.jdk/Contents/Home/jre/lib/libawt_lwawt.dylib at 0x0000000119974000
RSP=0x000070000963d810 is pointing into the stack for thread: 0x00007fc159248800
RBP=0x000070000963d830 is pointing into the stack for thread: 0x00007fc159248800
RSI=0x00007fc16319f070 is an unknown value
RDI=0x00007fc1592489f8 is an unknown value
R8 =0x0000000000000020 is an unknown value
R9 =0x0000000000000000 is an unknown value
R10=0x000000011bf33a78 is at entry_point+56 in (nmethod*)0x000000011bf338d0
R11=0x00000000e82887e3 is an unknown value
R12=0x0000000000000000 is an unknown value
R13=0x0000000741443f88 is an oop
sun.java2d.opengl.OGLRenderQueue$QueueFlusher 
 - klass: 'sun/java2d/opengl/OGLRenderQueue$QueueFlusher'
R14=0x00007fc1592489f8 is an unknown value
R15=0x00007fc159248800 is a thread


Stack: [0x000070000943e000,0x000070000963e000],  sp=0x000070000963d810,  free space=2046k
Native frames: (J=compiled Java code, j=interpreted, Vv=VM code, C=native code)
C  [libawt_lwawt.dylib+0x1c3bf]  OGLSD_SetScratchSurface+0x49
C  [libawt_lwawt.dylib+0x3cd36]  Java_sun_java2d_opengl_OGLRenderQueue_flushBuffer+0x63a
J 7722  sun.java2d.opengl.OGLRenderQueue.flushBuffer(JI)V (0 bytes) @ 0x000000011bf33aea [0x000000011bf33a40+0xaa]
J 24797% C2 sun.java2d.opengl.OGLRenderQueue$QueueFlusher.run()V (234 bytes) @ 0x000000011dde2c04 [0x000000011dde29e0+0x224]
v  ~StubRoutines::call_stub
V  [libjvm.dylib+0x2ee5b6]
V  [libjvm.dylib+0x2eed5a]
V  [libjvm.dylib+0x2eef06]
V  [libjvm.dylib+0x34965d]
V  [libjvm.dylib+0x56b87f]
V  [libjvm.dylib+0x56cf6c]
V  [libjvm.dylib+0x48b376]
C  [libsystem_pthread.dylib+0x393b]  _pthread_body+0xb4
C  [libsystem_pthread.dylib+0x3887]  _pthread_body+0x0
C  [libsystem_pthread.dylib+0x308d]  thread_start+0xd
C  0x0000000000000000

Java frames: (J=compiled Java code, j=interpreted, Vv=VM code)
J 7722  sun.java2d.opengl.OGLRenderQueue.flushBuffer(JI)V (0 bytes) @ 0x000000011bf33a78 [0x000000011bf33a40+0x38]
J 24797% C2 sun.java2d.opengl.OGLRenderQueue$QueueFlusher.run()V (234 bytes) @ 0x000000011dde2c04 [0x000000011dde29e0+0x224]
v  ~StubRoutines::call_stub

---------------  P R O C E S S  ---------------

Java Threads: ( => current thread )
  0x00007fc159afb800 JavaThread "Inactive RequestProcessor thread [Was:org.remikz.netbeans.AutoSaveModified.AutoSaveModified/org.remikz.netbeans.AutoSaveModified.AutoSaveModified]" daemon [_thread_blocked, id=71847, stack(0x0000700008eb8000,0x00007000090b8000)]
  0x00007fc1618d5000 JavaThread "Editor Parsing Loop (netbeans-release-428-on-20190716)" daemon [_thread_blocked, id=40199, stack(0x000070000bafa000,0x000070000bcfa000)]
  0x00007fc161817000 JavaThread "DestroyJavaVM" [_thread_blocked, id=6915, stack(0x00007000072f6000,0x00007000074f6000)]
  0x00007fc15a6ea000 JavaThread "TimerQueue" daemon [_thread_blocked, id=81159, stack(0x000070000b6f4000,0x000070000b8f4000)]
  0x00007fc16223d000 JavaThread "Worker-JM" [_thread_blocked, id=79091, stack(0x000070000b4f1000,0x000070000b6f1000)]
  0x00007fc160aba000 JavaThread "Framework Event Dispatcher" daemon [_thread_blocked, id=78387, stack(0x000070000b2ee000,0x000070000b4ee000)]
  0x00007fc161587800 JavaThread "Deadlock Detector" [_thread_blocked, id=78055, stack(0x000070000b0eb000,0x000070000b2eb000)]
  0x00007fc161a88800 JavaThread "Thread-3" daemon [_thread_blocked, id=77551, stack(0x000070000aee8000,0x000070000b0e8000)]
  0x00007fc1614c2000 JavaThread "File Watcher" daemon [_thread_blocked, id=76811, stack(0x000070000ace5000,0x000070000aee5000)]
  0x00007fc15a48d000 JavaThread "Thread-1" daemon [_thread_in_native, id=74303, stack(0x000070000a8df000,0x000070000aadf000)]
  0x00007fc15a152000 JavaThread "State Data Manager" daemon [_thread_blocked, id=69363, stack(0x0000700009ccd000,0x0000700009ecd000)]
  0x00007fc160ca0000 JavaThread "Framework Active Thread" [_thread_blocked, id=68111, stack(0x0000700009aca000,0x0000700009cca000)]
  0x00007fc1592be800 JavaThread "AWT-EventQueue-0" [_thread_blocked, id=63799, stack(0x0000700009844000,0x0000700009a44000)]
  0x00007fc15aa4b000 JavaThread "Java2D Disposer" daemon [_thread_blocked, id=61443, stack(0x0000700009641000,0x0000700009841000)]
=>0x00007fc159248800 JavaThread "Java2D Queue Flusher" daemon [_thread_in_native, id=57111, stack(0x000070000943e000,0x000070000963e000)]
  0x00007fc15a142800 JavaThread "RequestProcessor queue manager" daemon [_thread_blocked, id=55623, stack(0x000070000923b000,0x000070000943b000)]
  0x00007fc1591b9000 JavaThread "AWT-Shutdown" [_thread_blocked, id=30751, stack(0x0000700008b2c000,0x0000700008d2c000)]
  0x00007fc15a976000 JavaThread "AppKit Thread" daemon [_thread_in_native, id=775, stack(0x00007fff4f835000,0x00007fff50035000)]
  0x00007fc15a0e6800 JavaThread "CLI Requests Server" daemon [_thread_in_native, id=20227, stack(0x00007000088a6000,0x0000700008aa6000)]
  0x00007fc1590fe000 JavaThread "Active Reference Queue Daemon" daemon [_thread_blocked, id=19715, stack(0x00007000086a3000,0x00007000088a3000)]
  0x00007fc15905f800 JavaThread "Service Thread" daemon [_thread_blocked, id=18691, stack(0x000070000839d000,0x000070000859d000)]
  0x00007fc15a808000 JavaThread "C1 CompilerThread2" daemon [_thread_blocked, id=18179, stack(0x000070000829a000,0x000070000839a000)]
  0x00007fc159867000 JavaThread "C2 CompilerThread1" daemon [_thread_blocked, id=17667, stack(0x0000700008197000,0x0000700008297000)]
  0x00007fc159032000 JavaThread "C2 CompilerThread0" daemon [_thread_blocked, id=17155, stack(0x0000700008094000,0x0000700008194000)]
  0x00007fc15902c000 JavaThread "Signal Dispatcher" daemon [_thread_blocked, id=16643, stack(0x0000700007e91000,0x0000700008091000)]
  0x00007fc15a802000 JavaThread "Finalizer" daemon [_thread_blocked, id=12291, stack(0x0000700007c0b000,0x0000700007e0b000)]
  0x00007fc159856800 JavaThread "Reference Handler" daemon [_thread_blocked, id=11779, stack(0x0000700007a08000,0x0000700007c08000)]

Other Threads:
  0x00007fc159017800 VMThread [stack: 0x0000700007905000,0x0000700007a05000] [id=11267]
  0x00007fc15a809000 WatcherThread [stack: 0x00007000085a0000,0x00007000086a0000] [id=19203]

VM state:not at safepoint (normal execution)

VM Mutex/Monitor currently owned by a thread: None

Heap:
 PSYoungGen      total 98816K, used 12190K [0x0000000795580000, 0x000000079cc80000, 0x00000007c0000000)
  eden space 79872K, 0% used [0x0000000795580000,0x00000007955cd610,0x000000079a380000)
  from space 18944K, 62% used [0x000000079ba00000,0x000000079c59a450,0x000000079cc80000)
  to   space 20992K, 0% used [0x000000079a380000,0x000000079a380000,0x000000079b800000)
 ParOldGen       total 265728K, used 121837K [0x0000000740000000, 0x0000000750380000, 0x0000000795580000)
  object space 265728K, 45% used [0x0000000740000000,0x00000007476fb5f0,0x0000000750380000)
 Metaspace       used 104211K, capacity 118840K, committed 119104K, reserved 1153024K
  class space    used 12427K, capacity 16405K, committed 16472K, reserved 1048576K

Card table byte_map: [0x0000000111963000,0x0000000111d64000] byte_map_base: 0x000000010df63000

Marking Bits: (ParMarkBitMap*) 0x0000000110ef1ea0
 Begin Bits: [0x000000011200f000, 0x000000011400f000)
 End Bits:   [0x000000011400f000, 0x000000011600f000)

Polling page: 0x000000010fc8b000

CodeCache: size=245760Kb used=70516Kb max_used=70691Kb free=175243Kb
 bounds [0x000000011ae63000, 0x000000011f433000, 0x0000000129e63000]
 total_blobs=19209 nmethods=18274 adapters=844
 compilation: enabled

Compilation events (10 events):
Event: 110623.229 Thread 0x00007fc159867000 26922       4       java.awt.image.DirectColorModel::setFields (188 bytes)
Event: 110623.254 Thread 0x00007fc159867000 nmethod 26922 0x000000011d803350 code [0x000000011d8034e0, 0x000000011d8037b8]
Event: 114949.803 Thread 0x00007fc15a808000 26923       3       sun.java2d.pipe.AlphaColorPipe::fillParallelogram (29 bytes)
Event: 114949.887 Thread 0x00007fc15a808000 nmethod 26923 0x000000011afdd750 code [0x000000011afdd8c0, 0x000000011afddba8]
Event: 114950.183 Thread 0x00007fc15a808000 26925       3       sun.java2d.pipe.AATextRenderer::drawGlyphList (17 bytes)
Event: 114950.214 Thread 0x00007fc15a808000 nmethod 26925 0x000000011c815950 code [0x000000011c815ac0, 0x000000011c815d08]
Event: 118139.025 Thread 0x00007fc15a808000 26926  s    3       sun.lwawt.macosx.LWCToolkit::getSunAwtDisableCALayers (31 bytes)
Event: 118139.116 Thread 0x00007fc15a808000 nmethod 26926 0x000000011cfd1090 code [0x000000011cfd1220, 0x000000011cfd1828]
Event: 118139.859 Thread 0x00007fc15a808000 26927       3       sun.lwawt.LWComponentPeer::repaintPeer (9 bytes)
Event: 118139.864 Thread 0x00007fc15a808000 nmethod 26927 0x000000011c815390 code [0x000000011c815500, 0x000000011c8157d8]

GC Heap History (10 events):
Event: 107060.208 GC heap before
{Heap before GC invocations=86 (full 4):
 PSYoungGen      total 97792K, used 97597K [0x0000000795580000, 0x000000079d680000, 0x00000007c0000000)
  eden space 84992K, 100% used [0x0000000795580000,0x000000079a880000,0x000000079a880000)
  from space 12800K, 98% used [0x000000079aa00000,0x000000079b64f7d8,0x000000079b680000)
  to   space 23552K, 0% used [0x000000079bf80000,0x000000079bf80000,0x000000079d680000)
 ParOldGen       total 265728K, used 121101K [0x0000000740000000, 0x0000000750380000, 0x0000000795580000)
  object space 265728K, 45% used [0x0000000740000000,0x00000007476435f0,0x0000000750380000)
 Metaspace       used 104188K, capacity 118834K, committed 119104K, reserved 1153024K
  class space    used 12427K, capacity 16404K, committed 16472K, reserved 1048576K
Event: 107060.879 GC heap after
Heap after GC invocations=86 (full 4):
 PSYoungGen      total 104448K, used 12765K [0x0000000795580000, 0x000000079d380000, 0x00000007c0000000)
  eden space 83968K, 0% used [0x0000000795580000,0x0000000795580000,0x000000079a780000)
  from space 20480K, 62% used [0x000000079bf80000,0x000000079cbf77d8,0x000000079d380000)
  to   space 22528K, 0% used [0x000000079a780000,0x000000079a780000,0x000000079bd80000)
 ParOldGen       total 265728K, used 121149K [0x0000000740000000, 0x0000000750380000, 0x0000000795580000)
  object space 265728K, 45% used [0x0000000740000000,0x000000074764f5f0,0x0000000750380000)
 Metaspace       used 104188K, capacity 118834K, committed 119104K, reserved 1153024K
  class space    used 12427K, capacity 16404K, committed 16472K, reserved 1048576K
}
Event: 109490.618 GC heap before
{Heap before GC invocations=87 (full 4):
 PSYoungGen      total 104448K, used 96733K [0x0000000795580000, 0x000000079d380000, 0x00000007c0000000)
  eden space 83968K, 100% used [0x0000000795580000,0x000000079a780000,0x000000079a780000)
  from space 20480K, 62% used [0x000000079bf80000,0x000000079cbf77d8,0x000000079d380000)
  to   space 22528K, 0% used [0x000000079a780000,0x000000079a780000,0x000000079bd80000)
 ParOldGen       total 265728K, used 121149K [0x0000000740000000, 0x0000000750380000, 0x0000000795580000)
  object space 265728K, 45% used [0x0000000740000000,0x000000074764f5f0,0x0000000750380000)
 Metaspace       used 104207K, capacity 118840K, committed 119104K, reserved 1153024K
  class space    used 12427K, capacity 16405K, committed 16472K, reserved 1048576K
Event: 109490.813 GC heap after
Heap after GC invocations=87 (full 4):
 PSYoungGen      total 91136K, used 7920K [0x0000000795580000, 0x000000079d280000, 0x00000007c0000000)
  eden space 82944K, 0% used [0x0000000795580000,0x0000000795580000,0x000000079a680000)
  from space 8192K, 96% used [0x000000079a780000,0x000000079af3c070,0x000000079af80000)
  to   space 22528K, 0% used [0x000000079bc80000,0x000000079bc80000,0x000000079d280000)
 ParOldGen       total 265728K, used 121445K [0x0000000740000000, 0x0000000750380000, 0x0000000795580000)
  object space 265728K, 45% used [0x0000000740000000,0x00000007476995f0,0x0000000750380000)
 Metaspace       used 104207K, capacity 118840K, committed 119104K, reserved 1153024K
  class space    used 12427K, capacity 16405K, committed 16472K, reserved 1048576K
}
Event: 110622.494 GC heap before
{Heap before GC invocations=88 (full 4):
 PSYoungGen      total 91136K, used 90864K [0x0000000795580000, 0x000000079d280000, 0x00000007c0000000)
  eden space 82944K, 100% used [0x0000000795580000,0x000000079a680000,0x000000079a680000)
  from space 8192K, 96% used [0x000000079a780000,0x000000079af3c070,0x000000079af80000)
  to   space 22528K, 0% used [0x000000079bc80000,0x000000079bc80000,0x000000079d280000)
 ParOldGen       total 265728K, used 121445K [0x0000000740000000, 0x0000000750380000, 0x0000000795580000)
  object space 265728K, 45% used [0x0000000740000000,0x00000007476995f0,0x0000000750380000)
 Metaspace       used 104209K, capacity 118840K, committed 119104K, reserved 1153024K
  class space    used 12427K, capacity 16405K, committed 16472K, reserved 1048576K
Event: 110622.783 GC heap after
Heap after GC invocations=88 (full 4):
 PSYoungGen      total 102400K, used 7819K [0x0000000795580000, 0x000000079d080000, 0x00000007c0000000)
  eden space 81920K, 0% used [0x0000000795580000,0x0000000795580000,0x000000079a580000)
  from space 20480K, 38% used [0x000000079bc80000,0x000000079c422c58,0x000000079d080000)
  to   space 22016K, 0% used [0x000000079a580000,0x000000079a580000,0x000000079bb00000)
 ParOldGen       total 265728K, used 121541K [0x0000000740000000, 0x0000000750380000, 0x0000000795580000)
  object space 265728K, 45% used [0x0000000740000000,0x00000007476b15f0,0x0000000750380000)
 Metaspace       used 104209K, capacity 118840K, committed 119104K, reserved 1153024K
  class space    used 12427K, capacity 16405K, committed 16472K, reserved 1048576K
}
Event: 113621.051 GC heap before
{Heap before GC invocations=89 (full 4):
 PSYoungGen      total 102400K, used 89739K [0x0000000795580000, 0x000000079d080000, 0x00000007c0000000)
  eden space 81920K, 100% used [0x0000000795580000,0x000000079a580000,0x000000079a580000)
  from space 20480K, 38% used [0x000000079bc80000,0x000000079c422c58,0x000000079d080000)
  to   space 22016K, 0% used [0x000000079a580000,0x000000079a580000,0x000000079bb00000)
 ParOldGen       total 265728K, used 121541K [0x0000000740000000, 0x0000000750380000, 0x0000000795580000)
  object space 265728K, 45% used [0x0000000740000000,0x00000007476b15f0,0x0000000750380000)
 Metaspace       used 104209K, capacity 118840K, committed 119104K, reserved 1153024K
  class space    used 12427K, capacity 16405K, committed 16472K, reserved 1048576K
Event: 113621.495 GC heap after
Heap after GC invocations=89 (full 4):
 PSYoungGen      total 89088K, used 7795K [0x0000000795580000, 0x000000079cf80000, 0x00000007c0000000)
  eden space 80896K, 0% used [0x0000000795580000,0x0000000795580000,0x000000079a480000)
  from space 8192K, 95% used [0x000000079a580000,0x000000079ad1cd08,0x000000079ad80000)
  to   space 22016K, 0% used [0x000000079ba00000,0x000000079ba00000,0x000000079cf80000)
 ParOldGen       total 265728K, used 121669K [0x0000000740000000, 0x0000000750380000, 0x0000000795580000)
  object space 265728K, 45% used [0x0000000740000000,0x00000007476d15f0,0x0000000750380000)
 Metaspace       used 104209K, capacity 118840K, committed 119104K, reserved 1153024K
  class space    used 12427K, capacity 16405K, committed 16472K, reserved 1048576K
}
Event: 118454.567 GC heap before
{Heap before GC invocations=90 (full 4):
 PSYoungGen      total 89088K, used 88691K [0x0000000795580000, 0x000000079cf80000, 0x00000007c0000000)
  eden space 80896K, 100% used [0x0000000795580000,0x000000079a480000,0x000000079a480000)
  from space 8192K, 95% used [0x000000079a580000,0x000000079ad1cd08,0x000000079ad80000)
  to   space 22016K, 0% used [0x000000079ba00000,0x000000079ba00000,0x000000079cf80000)
 ParOldGen       total 265728K, used 121669K [0x0000000740000000, 0x0000000750380000, 0x0000000795580000)
  object space 265728K, 45% used [0x0000000740000000,0x00000007476d15f0,0x0000000750380000)
 Metaspace       used 104211K, capacity 118840K, committed 119104K, reserved 1153024K
  class space    used 12427K, capacity 16405K, committed 16472K, reserved 1048576K
Event: 118455.104 GC heap after
Heap after GC invocations=90 (full 4):
 PSYoungGen      total 98816K, used 11881K [0x0000000795580000, 0x000000079cc80000, 0x00000007c0000000)
  eden space 79872K, 0% used [0x0000000795580000,0x0000000795580000,0x000000079a380000)
  from space 18944K, 62% used [0x000000079ba00000,0x000000079c59a450,0x000000079cc80000)
  to   space 20992K, 0% used [0x000000079a380000,0x000000079a380000,0x000000079b800000)
 ParOldGen       total 265728K, used 121837K [0x0000000740000000, 0x0000000750380000, 0x0000000795580000)
  object space 265728K, 45% used [0x0000000740000000,0x00000007476fb5f0,0x0000000750380000)
 Metaspace       used 104211K, capacity 118840K, committed 119104K, reserved 1153024K
  class space    used 12427K, capacity 16405K, committed 16472K, reserved 1048576K
}

Deoptimization events (10 events):
Event: 103099.379 Thread 0x00007fc1592be800 Uncommon trap: reason=unstable_if action=reinterpret pc=0x000000011d483140 method=java.awt.Rectangle.inside(II)Z @ 15
Event: 103099.383 Thread 0x00007fc1592be800 Uncommon trap: reason=unstable_if action=reinterpret pc=0x000000011bcfe700 method=java.awt.Rectangle.inside(II)Z @ 15
Event: 103106.175 Thread 0x00007fc16254f000 Uncommon trap: reason=class_check action=maybe_recompile pc=0x000000011ddf6dbc method=java.awt.image.BufferedImage.<init>(Ljava/awt/image/ColorModel;Ljava/awt/image/WritableRaster;ZLjava/util/Hashtable;)V @ 647
Event: 103106.867 Thread 0x00007fc1592be800 Uncommon trap: reason=class_check action=maybe_recompile pc=0x000000011df4baac method=javax.swing.DefaultButtonModel.fireStateChanged()V @ 49
Event: 103124.674 Thread 0x00007fc1592be800 Uncommon trap: reason=bimorphic action=maybe_recompile pc=0x000000011b0fa6dc method=java.util.HashMap.removeNode(ILjava/lang/Object;Ljava/lang/Object;ZZ)Ljava/util/HashMap$Node; @ 68
Event: 103127.144 Thread 0x00007fc1592be800 Uncommon trap: reason=unstable_if action=reinterpret pc=0x000000011dd46ee8 method=sun.misc.FloatingDecimal$BinaryToASCIIBuffer.developLongDigits(IJI)V @ 104
Event: 103127.146 Thread 0x00007fc1592be800 Uncommon trap: reason=unstable_if action=reinterpret pc=0x000000011d638ecc method=sun.misc.FloatingDecimal$BinaryToASCIIBuffer.getChars([C)I @ 94
Event: 103140.258 Thread 0x00007fc1592be800 Uncommon trap: reason=unstable_if action=reinterpret pc=0x000000011c6f27f0 method=java.util.HashMap.removeNode(ILjava/lang/Object;Ljava/lang/Object;ZZ)Ljava/util/HashMap$Node; @ 146
Event: 103634.208 Thread 0x00007fc1592be800 Uncommon trap: reason=range_check action=make_not_entrant pc=0x000000011cc67c9c method=java.awt.image.DirectColorModel.setFields()V @ 6
Event: 114949.418 Thread 0x00007fc1592be800 Uncommon trap: reason=unstable_if action=reinterpret pc=0x000000011d123904 method=sun.java2d.SunGraphics2D.getCompClip()Lsun/java2d/pipe/Region; @ 7

Internal exceptions (10 events):
Event: 103023.460 Thread 0x00007fc1592be800 Implicit null exception at 0x000000011d7a664f to 0x000000011d7a6ff1
Event: 103067.496 Thread 0x00007fc1592be800 Implicit null exception at 0x000000011b70f71d to 0x000000011b70fa7d
Event: 109493.639 Thread 0x00007fc159afb800 Exception <a 'sun/nio/fs/UnixException'> (0x0000000798796a50) thrown at [/Users/java_re/workspace/8-2-build-macosx-x86_64/jdk8u131/8869/hotspot/src/share/vm/prims/jni.cpp, line 709]
Event: 109493.639 Thread 0x00007fc159afb800 Exception <a 'sun/nio/fs/UnixException'> (0x0000000798797198) thrown at [/Users/java_re/workspace/8-2-build-macosx-x86_64/jdk8u131/8869/hotspot/src/share/vm/prims/jni.cpp, line 709]
Event: 109493.639 Thread 0x00007fc159afb800 Exception <a 'sun/nio/fs/UnixException'> (0x00000007987978c0) thrown at [/Users/java_re/workspace/8-2-build-macosx-x86_64/jdk8u131/8869/hotspot/src/share/vm/prims/jni.cpp, line 709]
Event: 109493.639 Thread 0x00007fc159afb800 Exception <a 'sun/nio/fs/UnixException'> (0x0000000798798078) thrown at [/Users/java_re/workspace/8-2-build-macosx-x86_64/jdk8u131/8869/hotspot/src/share/vm/prims/jni.cpp, line 709]
Event: 109493.640 Thread 0x00007fc159afb800 Exception <a 'sun/nio/fs/UnixException'> (0x0000000798798818) thrown at [/Users/java_re/workspace/8-2-build-macosx-x86_64/jdk8u131/8869/hotspot/src/share/vm/prims/jni.cpp, line 709]
Event: 109493.640 Thread 0x00007fc159afb800 Exception <a 'sun/nio/fs/UnixException'> (0x0000000798798f40) thrown at [/Users/java_re/workspace/8-2-build-macosx-x86_64/jdk8u131/8869/hotspot/src/share/vm/prims/jni.cpp, line 709]
Event: 109493.640 Thread 0x00007fc159afb800 Exception <a 'sun/nio/fs/UnixException'> (0x0000000798799778) thrown at [/Users/java_re/workspace/8-2-build-macosx-x86_64/jdk8u131/8869/hotspot/src/share/vm/prims/jni.cpp, line 709]
Event: 109493.640 Thread 0x00007fc159afb800 Exception <a 'sun/nio/fs/UnixException'> (0x0000000798799f50) thrown at [/Users/java_re/workspace/8-2-build-macosx-x86_64/jdk8u131/8869/hotspot/src/share/vm/prims/jni.cpp, line 709]

Events (10 events):
Event: 118447.219 Executing VM operation: FindDeadlocks
Event: 118447.219 Executing VM operation: FindDeadlocks done
Event: 118449.222 Executing VM operation: FindDeadlocks
Event: 118449.222 Executing VM operation: FindDeadlocks done
Event: 118451.223 Executing VM operation: FindDeadlocks
Event: 118451.225 Executing VM operation: FindDeadlocks done
Event: 118453.229 Executing VM operation: FindDeadlocks
Event: 118453.229 Executing VM operation: FindDeadlocks done
Event: 118454.564 Executing VM operation: ParallelGCFailedAllocation
Event: 118455.104 Executing VM operation: ParallelGCFailedAllocation done


Dynamic libraries:
0x0000000024c80000 	/System/Library/Frameworks/Cocoa.framework/Versions/A/Cocoa
0x0000000024c80000 	/System/Library/Frameworks/Security.framework/Versions/A/Security
0x0000000024c80000 	/System/Library/Frameworks/ApplicationServices.framework/Versions/A/ApplicationServices
0x0000000024c80000 	/usr/lib/libz.1.dylib
0x0000000024c80000 	/usr/lib/libSystem.B.dylib
0x0000000024c80000 	/usr/lib/libobjc.A.dylib
0x0000000024c80000 	/System/Library/Frameworks/CoreFoundation.framework/Versions/A/CoreFoundation
0x0000000024c80000 	/System/Library/Frameworks/Foundation.framework/Versions/C/Foundation
0x0000000024c80000 	/System/Library/Frameworks/AppKit.framework/Versions/C/AppKit
0x0000000024c80000 	/System/Library/Frameworks/CoreData.framework/Versions/A/CoreData
0x0000000024c80000 	/System/Library/PrivateFrameworks/RemoteViewServices.framework/Versions/A/RemoteViewServices
0x0000000024c80000 	/System/Library/PrivateFrameworks/UIFoundation.framework/Versions/A/UIFoundation
0x0000000024c80000 	/System/Library/PrivateFrameworks/DFRFoundation.framework/Versions/A/DFRFoundation
0x0000000024c80000 	/usr/lib/libenergytrace.dylib
0x0000000024c80000 	/System/Library/PrivateFrameworks/SkyLight.framework/Versions/A/SkyLight
0x0000000024c80000 	/System/Library/Frameworks/CoreGraphics.framework/Versions/A/CoreGraphics
0x0000000024c80000 	/usr/lib/libScreenReader.dylib
0x0000000024c80000 	/System/Library/Frameworks/Accelerate.framework/Versions/A/Accelerate
0x0000000024c80000 	/System/Library/Frameworks/IOSurface.framework/Versions/A/IOSurface
0x0000000024c80000 	/System/Library/Frameworks/AudioToolbox.framework/Versions/A/AudioToolbox
0x0000000024c80000 	/System/Library/Frameworks/AudioUnit.framework/Versions/A/AudioUnit
0x0000000024c80000 	/System/Library/PrivateFrameworks/DataDetectorsCore.framework/Versions/A/DataDetectorsCore
0x0000000024c80000 	/System/Library/PrivateFrameworks/DesktopServicesPriv.framework/Versions/A/DesktopServicesPriv
0x0000000024c80000 	/System/Library/Frameworks/Carbon.framework/Versions/A/Frameworks/HIToolbox.framework/Versions/A/HIToolbox
0x0000000024c80000 	/usr/lib/libicucore.A.dylib
0x0000000024c80000 	/System/Library/Frameworks/QuartzCore.framework/Versions/A/QuartzCore
0x0000000024c80000 	/System/Library/Frameworks/Carbon.framework/Versions/A/Frameworks/SpeechRecognition.framework/Versions/A/SpeechRecognition
0x0000000024c80000 	/usr/lib/libauto.dylib
0x0000000024c80000 	/usr/lib/libxml2.2.dylib
0x0000000024c80000 	/System/Library/PrivateFrameworks/CoreUI.framework/Versions/A/CoreUI
0x0000000024c80000 	/System/Library/Frameworks/CoreAudio.framework/Versions/A/CoreAudio
0x0000000024c80000 	/System/Library/Frameworks/DiskArbitration.framework/Versions/A/DiskArbitration
0x0000000024c80000 	/usr/lib/liblangid.dylib
0x0000000024c80000 	/System/Library/PrivateFrameworks/MultitouchSupport.framework/Versions/A/MultitouchSupport
0x0000000024c80000 	/System/Library/Frameworks/IOKit.framework/Versions/A/IOKit
0x0000000024c80000 	/usr/lib/libDiagnosticMessagesClient.dylib
0x0000000024c80000 	/System/Library/Frameworks/CoreServices.framework/Versions/A/CoreServices
0x0000000024c80000 	/System/Library/PrivateFrameworks/PerformanceAnalysis.framework/Versions/A/PerformanceAnalysis
0x0000000024c80000 	/System/Library/PrivateFrameworks/GenerationalStorage.framework/Versions/A/GenerationalStorage
0x0000000024c80000 	/System/Library/Frameworks/OpenGL.framework/Versions/A/OpenGL
0x0000000024c80000 	/System/Library/Frameworks/CoreImage.framework/Versions/A/CoreImage
0x0000000024c80000 	/System/Library/Frameworks/CoreText.framework/Versions/A/CoreText
0x0000000024c80000 	/System/Library/Frameworks/ImageIO.framework/Versions/A/ImageIO
0x0000000024c80000 	/System/Library/PrivateFrameworks/Backup.framework/Versions/A/Backup
0x0000000024c80000 	/usr/lib/libarchive.2.dylib
0x0000000024c80000 	/System/Library/Frameworks/CFNetwork.framework/Versions/A/CFNetwork
0x0000000024c80000 	/System/Library/Frameworks/SystemConfiguration.framework/Versions/A/SystemConfiguration
0x0000000024c80000 	/usr/lib/libCRFSuite.dylib
0x0000000024c80000 	/usr/lib/libc++.1.dylib
0x0000000024c80000 	/usr/lib/libc++abi.dylib
0x0000000024c80000 	/usr/lib/system/libcache.dylib
0x0000000024c80000 	/usr/lib/system/libcommonCrypto.dylib
0x0000000024c80000 	/usr/lib/system/libcompiler_rt.dylib
0x0000000024c80000 	/usr/lib/system/libcopyfile.dylib
0x0000000024c80000 	/usr/lib/system/libcorecrypto.dylib
0x0000000024c80000 	/usr/lib/system/libdispatch.dylib
0x0000000024c80000 	/usr/lib/system/libdyld.dylib
0x0000000024c80000 	/usr/lib/system/libkeymgr.dylib
0x0000000024c80000 	/usr/lib/system/liblaunch.dylib
0x0000000024c80000 	/usr/lib/system/libmacho.dylib
0x0000000024c80000 	/usr/lib/system/libquarantine.dylib
0x0000000024c80000 	/usr/lib/system/libremovefile.dylib
0x0000000024c80000 	/usr/lib/system/libsystem_asl.dylib
0x0000000024c80000 	/usr/lib/system/libsystem_blocks.dylib
0x0000000024c80000 	/usr/lib/system/libsystem_c.dylib
0x0000000024c80000 	/usr/lib/system/libsystem_configuration.dylib
0x0000000024c80000 	/usr/lib/system/libsystem_coreservices.dylib
0x0000000024c80000 	/usr/lib/system/libsystem_coretls.dylib
0x0000000024c80000 	/usr/lib/system/libsystem_dnssd.dylib
0x0000000024c80000 	/usr/lib/system/libsystem_info.dylib
0x0000000024c80000 	/usr/lib/system/libsystem_kernel.dylib
0x0000000024c80000 	/usr/lib/system/libsystem_m.dylib
0x0000000024c80000 	/usr/lib/system/libsystem_malloc.dylib
0x0000000024c80000 	/usr/lib/system/libsystem_network.dylib
0x0000000024c80000 	/usr/lib/system/libsystem_networkextension.dylib
0x0000000024c80000 	/usr/lib/system/libsystem_notify.dylib
0x0000000024c80000 	/usr/lib/system/libsystem_platform.dylib
0x0000000024c80000 	/usr/lib/system/libsystem_pthread.dylib
0x0000000024c80000 	/usr/lib/system/libsystem_sandbox.dylib
0x0000000024c80000 	/usr/lib/system/libsystem_secinit.dylib
0x0000000024c80000 	/usr/lib/system/libsystem_symptoms.dylib
0x0000000024c80000 	/usr/lib/system/libsystem_trace.dylib
0x0000000024c80000 	/usr/lib/system/libunwind.dylib
0x0000000024c80000 	/usr/lib/system/libxpc.dylib
0x0000000024c80000 	/usr/lib/libbsm.0.dylib
0x0000000024c80000 	/usr/lib/system/libkxld.dylib
0x0000000024c80000 	/usr/lib/libcoretls.dylib
0x0000000024c80000 	/usr/lib/libcoretls_cfhelpers.dylib
0x0000000024c80000 	/usr/lib/libOpenScriptingUtil.dylib
0x0000000024c80000 	/usr/lib/libpam.2.dylib
0x0000000024c80000 	/usr/lib/libsqlite3.dylib
0x0000000024c80000 	/usr/lib/libxar.1.dylib
0x0000000024c80000 	/usr/lib/libbz2.1.0.dylib
0x0000000024c80000 	/usr/lib/liblzma.5.dylib
0x0000000024c80000 	/usr/lib/libnetwork.dylib
0x0000000024c80000 	/usr/lib/libpcap.A.dylib
0x0000000024c80000 	/System/Library/Frameworks/CoreServices.framework/Versions/A/Frameworks/FSEvents.framework/Versions/A/FSEvents
0x0000000024c80000 	/System/Library/Frameworks/CoreServices.framework/Versions/A/Frameworks/CarbonCore.framework/Versions/A/CarbonCore
0x0000000024c80000 	/System/Library/Frameworks/CoreServices.framework/Versions/A/Frameworks/Metadata.framework/Versions/A/Metadata
0x0000000024c80000 	/System/Library/Frameworks/CoreServices.framework/Versions/A/Frameworks/OSServices.framework/Versions/A/OSServices
0x0000000024c80000 	/System/Library/Frameworks/CoreServices.framework/Versions/A/Frameworks/SearchKit.framework/Versions/A/SearchKit
0x0000000024c80000 	/System/Library/Frameworks/CoreServices.framework/Versions/A/Frameworks/AE.framework/Versions/A/AE
0x0000000024c80000 	/System/Library/Frameworks/CoreServices.framework/Versions/A/Frameworks/LaunchServices.framework/Versions/A/LaunchServices
0x0000000024c80000 	/System/Library/Frameworks/CoreServices.framework/Versions/A/Frameworks/DictionaryServices.framework/Versions/A/DictionaryServices
0x0000000024c80000 	/System/Library/Frameworks/CoreServices.framework/Versions/A/Frameworks/SharedFileList.framework/Versions/A/SharedFileList
0x0000000024c80000 	/System/Library/Frameworks/NetFS.framework/Versions/A/NetFS
0x0000000024c80000 	/System/Library/PrivateFrameworks/NetAuth.framework/Versions/A/NetAuth
0x0000000024c80000 	/System/Library/PrivateFrameworks/login.framework/Versions/A/Frameworks/loginsupport.framework/Versions/A/loginsupport
0x0000000024c80000 	/System/Library/PrivateFrameworks/TCC.framework/Versions/A/TCC
0x0000000024c80000 	/usr/lib/libmecabra.dylib
0x0000000024c80000 	/System/Library/Frameworks/ApplicationServices.framework/Versions/A/Frameworks/ATS.framework/Versions/A/ATS
0x0000000024c80000 	/System/Library/Frameworks/ApplicationServices.framework/Versions/A/Frameworks/ColorSync.framework/Versions/A/ColorSync
0x0000000024c80000 	/System/Library/Frameworks/ApplicationServices.framework/Versions/A/Frameworks/HIServices.framework/Versions/A/HIServices
0x0000000024c80000 	/System/Library/Frameworks/ApplicationServices.framework/Versions/A/Frameworks/LangAnalysis.framework/Versions/A/LangAnalysis
0x0000000024c80000 	/System/Library/Frameworks/ApplicationServices.framework/Versions/A/Frameworks/PrintCore.framework/Versions/A/PrintCore
0x0000000024c80000 	/System/Library/Frameworks/ApplicationServices.framework/Versions/A/Frameworks/QD.framework/Versions/A/QD
0x0000000024c80000 	/System/Library/Frameworks/ApplicationServices.framework/Versions/A/Frameworks/SpeechSynthesis.framework/Versions/A/SpeechSynthesis
0x0000000024c80000 	/System/Library/Frameworks/Accelerate.framework/Versions/A/Frameworks/vImage.framework/Versions/A/vImage
0x0000000024c80000 	/System/Library/Frameworks/Accelerate.framework/Versions/A/Frameworks/vecLib.framework/Versions/A/vecLib
0x0000000024c80000 	/System/Library/Frameworks/Accelerate.framework/Versions/A/Frameworks/vecLib.framework/Versions/A/libvDSP.dylib
0x0000000024c80000 	/System/Library/Frameworks/Accelerate.framework/Versions/A/Frameworks/vecLib.framework/Versions/A/libBNNS.dylib
0x0000000024c80000 	/System/Library/Frameworks/Accelerate.framework/Versions/A/Frameworks/vecLib.framework/Versions/A/libQuadrature.dylib
0x0000000024c80000 	/System/Library/Frameworks/Accelerate.framework/Versions/A/Frameworks/vecLib.framework/Versions/A/libvMisc.dylib
0x0000000024c80000 	/System/Library/Frameworks/Accelerate.framework/Versions/A/Frameworks/vecLib.framework/Versions/A/libLAPACK.dylib
0x0000000024c80000 	/System/Library/Frameworks/Accelerate.framework/Versions/A/Frameworks/vecLib.framework/Versions/A/libBLAS.dylib
0x0000000024c80000 	/System/Library/Frameworks/Accelerate.framework/Versions/A/Frameworks/vecLib.framework/Versions/A/libLinearAlgebra.dylib
0x0000000024c80000 	/System/Library/Frameworks/Accelerate.framework/Versions/A/Frameworks/vecLib.framework/Versions/A/libSparseBLAS.dylib
0x0000000024c80000 	/System/Library/Frameworks/ApplicationServices.framework/Versions/A/Frameworks/ATS.framework/Versions/A/Resources/libFontParser.dylib
0x0000000024c80000 	/System/Library/Frameworks/ApplicationServices.framework/Versions/A/Frameworks/ATS.framework/Versions/A/Resources/libFontRegistry.dylib
0x0000000024c80000 	/System/Library/Frameworks/ImageIO.framework/Versions/A/Resources/libJPEG.dylib
0x0000000024c80000 	/System/Library/Frameworks/ImageIO.framework/Versions/A/Resources/libTIFF.dylib
0x0000000024c80000 	/System/Library/Frameworks/ImageIO.framework/Versions/A/Resources/libPng.dylib
0x0000000024c80000 	/System/Library/Frameworks/ImageIO.framework/Versions/A/Resources/libGIF.dylib
0x0000000024c80000 	/System/Library/Frameworks/ImageIO.framework/Versions/A/Resources/libJP2.dylib
0x0000000024c80000 	/System/Library/Frameworks/ImageIO.framework/Versions/A/Resources/libRadiance.dylib
0x0000000024c80000 	/usr/lib/libcompression.dylib
0x0000000024c80000 	/System/Library/PrivateFrameworks/AppleJPEG.framework/Versions/A/AppleJPEG
0x0000000024c80000 	/usr/lib/libcups.2.dylib
0x0000000024c80000 	/System/Library/Frameworks/Kerberos.framework/Versions/A/Kerberos
0x0000000024c80000 	/System/Library/Frameworks/GSS.framework/Versions/A/GSS
0x0000000024c80000 	/usr/lib/libresolv.9.dylib
0x0000000024c80000 	/usr/lib/libiconv.2.dylib
0x0000000024c80000 	/System/Library/PrivateFrameworks/Heimdal.framework/Versions/A/Heimdal
0x0000000024c80000 	/usr/lib/libheimdal-asn1.dylib
0x0000000024c80000 	/System/Library/Frameworks/OpenDirectory.framework/Versions/A/OpenDirectory
0x0000000024c80000 	/System/Library/PrivateFrameworks/CommonAuth.framework/Versions/A/CommonAuth
0x0000000024c80000 	/System/Library/Frameworks/OpenDirectory.framework/Versions/A/Frameworks/CFOpenDirectory.framework/Versions/A/CFOpenDirectory
0x0000000024c80000 	/System/Library/Frameworks/SecurityFoundation.framework/Versions/A/SecurityFoundation
0x0000000024c80000 	/System/Library/PrivateFrameworks/LanguageModeling.framework/Versions/A/LanguageModeling
0x0000000024c80000 	/usr/lib/libmarisa.dylib
0x0000000024c80000 	/usr/lib/libChineseTokenizer.dylib
0x0000000024c80000 	/usr/lib/libcmph.dylib
0x0000000024c80000 	/System/Library/PrivateFrameworks/CoreEmoji.framework/Versions/A/CoreEmoji
0x0000000024c80000 	/System/Library/Frameworks/ServiceManagement.framework/Versions/A/ServiceManagement
0x0000000024c80000 	/usr/lib/libxslt.1.dylib
0x0000000024c80000 	/System/Library/Frameworks/Carbon.framework/Versions/A/Frameworks/Ink.framework/Versions/A/Ink
0x0000000024c80000 	/System/Library/PrivateFrameworks/TextureIO.framework/Versions/A/TextureIO
0x0000000024c80000 	/System/Library/Frameworks/Metal.framework/Versions/A/Metal
0x0000000024c80000 	/usr/lib/libate.dylib
0x0000000024c80000 	/System/Library/PrivateFrameworks/GPUCompiler.framework/libmetal_timestamp.dylib
0x0000000024c80000 	/System/Library/Frameworks/OpenGL.framework/Versions/A/Libraries/libCoreFSCache.dylib
0x0000000024c80000 	/System/Library/PrivateFrameworks/IOAccelerator.framework/Versions/A/IOAccelerator
0x0000000024c80000 	/System/Library/Frameworks/CoreVideo.framework/Versions/A/CoreVideo
0x0000000024c80000 	/usr/lib/libFosl_dynamic.dylib
0x0000000024c80000 	/System/Library/PrivateFrameworks/MetalPerformanceShaders.framework/Versions/A/MetalPerformanceShaders
0x0000000024c80000 	/System/Library/PrivateFrameworks/FaceCore.framework/Versions/A/FaceCore
0x0000000024c80000 	/System/Library/Frameworks/OpenCL.framework/Versions/A/OpenCL
0x0000000024c80000 	/System/Library/Frameworks/OpenGL.framework/Versions/A/Libraries/libGLU.dylib
0x0000000024c80000 	/System/Library/Frameworks/OpenGL.framework/Versions/A/Libraries/libGFXShared.dylib
0x0000000024c80000 	/System/Library/Frameworks/OpenGL.framework/Versions/A/Libraries/libGL.dylib
0x0000000024c80000 	/System/Library/Frameworks/OpenGL.framework/Versions/A/Libraries/libGLImage.dylib
0x0000000024c80000 	/System/Library/Frameworks/OpenGL.framework/Versions/A/Libraries/libCVMSPluginSupport.dylib
0x0000000024c80000 	/System/Library/Frameworks/OpenGL.framework/Versions/A/Libraries/libCoreVMClient.dylib
0x0000000024c80000 	/System/Library/PrivateFrameworks/CrashReporterSupport.framework/Versions/A/CrashReporterSupport
0x0000000024c80000 	/System/Library/PrivateFrameworks/Sharing.framework/Versions/A/Sharing
0x0000000024c80000 	/System/Library/PrivateFrameworks/IconServices.framework/Versions/A/IconServices
0x0000000024c80000 	/System/Library/PrivateFrameworks/ProtocolBuffer.framework/Versions/A/ProtocolBuffer
0x0000000024c80000 	/System/Library/PrivateFrameworks/Apple80211.framework/Versions/A/Apple80211
0x0000000024c80000 	/System/Library/Frameworks/CoreWLAN.framework/Versions/A/CoreWLAN
0x0000000024c80000 	/System/Library/PrivateFrameworks/CoreUtils.framework/Versions/A/CoreUtils
0x0000000024c80000 	/System/Library/Frameworks/IOBluetooth.framework/Versions/A/IOBluetooth
0x0000000024c80000 	/System/Library/PrivateFrameworks/CoreWiFi.framework/Versions/A/CoreWiFi
0x0000000024c80000 	/System/Library/Frameworks/CoreBluetooth.framework/Versions/A/CoreBluetooth
0x0000000024c80000 	/System/Library/Frameworks/CoreDisplay.framework/Versions/A/CoreDisplay
0x0000000024c80000 	/System/Library/PrivateFrameworks/IOPresentment.framework/Versions/A/IOPresentment
0x0000000024c80000 	/System/Library/PrivateFrameworks/DSExternalDisplay.framework/Versions/A/DSExternalDisplay
0x0000000024c80000 	/System/Library/PrivateFrameworks/DebugSymbols.framework/Versions/A/DebugSymbols
0x0000000024c80000 	/System/Library/PrivateFrameworks/CoreSymbolication.framework/Versions/A/CoreSymbolication
0x0000000024c80000 	/System/Library/PrivateFrameworks/Symbolication.framework/Versions/A/Symbolication
0x0000000024c80000 	/System/Library/PrivateFrameworks/AppleFSCompression.framework/Versions/A/AppleFSCompression
0x0000000024c80000 	/System/Library/PrivateFrameworks/SpeechRecognitionCore.framework/Versions/A/SpeechRecognitionCore
0x0000000024c80000 	/System/Library/PrivateFrameworks/ChunkingLibrary.framework/Versions/A/ChunkingLibrary
0x0000000110600000 	/Library/Java/JavaVirtualMachines/jdk1.8.0_131.jdk/Contents/Home/jre/lib/server/libjvm.dylib
0x0000000024c80000 	/usr/lib/libstdc++.6.dylib
0x000000010fc48000 	/Library/Java/JavaVirtualMachines/jdk1.8.0_131.jdk/Contents/Home/jre/lib/libverify.dylib
0x000000010fc56000 	/Library/Java/JavaVirtualMachines/jdk1.8.0_131.jdk/Contents/Home/jre/lib/libjava.dylib
0x000000010fc95000 	/Library/Java/JavaVirtualMachines/jdk1.8.0_131.jdk/Contents/Home/jre/lib/libzip.dylib
0x0000000117da5000 	/System/Library/Frameworks/JavaVM.framework/Frameworks/JavaRuntimeSupport.framework/JavaRuntimeSupport
0x0000000117dbf000 	/System/Library/Frameworks/JavaVM.framework/Versions/A/Frameworks/JavaNativeFoundation.framework/Versions/A/JavaNativeFoundation
0x0000000117dd4000 	/System/Library/Frameworks/JavaVM.framework/Versions/A/JavaVM
0x0000000024c80000 	/System/Library/Frameworks/Carbon.framework/Versions/A/Carbon
0x0000000117de1000 	/System/Library/PrivateFrameworks/JavaLaunching.framework/Versions/A/JavaLaunching
0x0000000024c80000 	/System/Library/Frameworks/Carbon.framework/Versions/A/Frameworks/CommonPanels.framework/Versions/A/CommonPanels
0x0000000024c80000 	/System/Library/Frameworks/Carbon.framework/Versions/A/Frameworks/Help.framework/Versions/A/Help
0x0000000024c80000 	/System/Library/Frameworks/Carbon.framework/Versions/A/Frameworks/ImageCapture.framework/Versions/A/ImageCapture
0x0000000024c80000 	/System/Library/Frameworks/Carbon.framework/Versions/A/Frameworks/OpenScripting.framework/Versions/A/OpenScripting
0x0000000024c80000 	/System/Library/Frameworks/Carbon.framework/Versions/A/Frameworks/Print.framework/Versions/A/Print
0x0000000024c80000 	/System/Library/Frameworks/Carbon.framework/Versions/A/Frameworks/SecurityHI.framework/Versions/A/SecurityHI
0x00000001196f4000 	/Library/Java/JavaVirtualMachines/jdk1.8.0_131.jdk/Contents/Home/jre/lib/libnio.dylib
0x0000000119704000 	/Library/Java/JavaVirtualMachines/jdk1.8.0_131.jdk/Contents/Home/jre/lib/./libnet.dylib
0x0000000119800000 	/Library/Java/JavaVirtualMachines/jdk1.8.0_131.jdk/Contents/Home/jre/lib/libawt.dylib
0x00000001198a8000 	/Library/Java/JavaVirtualMachines/jdk1.8.0_131.jdk/Contents/Home/jre/lib/./libmlib_image.dylib
0x0000000119974000 	/Library/Java/JavaVirtualMachines/jdk1.8.0_131.jdk/Contents/Home/jre/lib/libawt_lwawt.dylib
0x0000000119a2b000 	/Library/Java/JavaVirtualMachines/jdk1.8.0_131.jdk/Contents/Home/jre/lib/./libosxapp.dylib
0x0000000024c80000 	/System/Library/Frameworks/ExceptionHandling.framework/Versions/A/ExceptionHandling
0x0000000024c80000 	/System/Library/PrivateFrameworks/CoreServicesInternal.framework/Versions/A/CoreServicesInternal
0x0000000024c80000 	/System/Library/CoreServices/RawCamera.bundle/Contents/MacOS/RawCamera
0x0000000119fc8000 	/System/Library/Frameworks/Accelerate.framework/Frameworks/vImage.framework/Versions/A/Libraries/libCGInterfaces.dylib
0x0000000024c80000 	/System/Library/Frameworks/ApplicationServices.framework/Versions/A/Frameworks/ATS.framework/Versions/A/Resources/libTrueTypeScaler.dylib
0x000000012da64000 	/System/Library/Frameworks/OpenGL.framework/Resources/GLEngine.bundle/GLEngine
0x0000000024c80000 	/System/Library/Frameworks/OpenGL.framework/Versions/A/Libraries/libGLProgrammability.dylib
0x000000012dc49000 	/System/Library/Extensions/AppleIntelBDWGraphicsGLDriver.bundle/Contents/MacOS/AppleIntelBDWGraphicsGLDriver
0x0000000024c80000 	/System/Library/PrivateFrameworks/GPUSupport.framework/Versions/A/Libraries/libGPUSupportMercury.dylib
0x000000011ac40000 	/System/Library/Frameworks/OpenGL.framework/Resources//GLRendererFloat.bundle/GLRendererFloat
0x0000000024c80000 	/System/Library/Frameworks/OpenCL.framework/Versions/A/Libraries/libcldcpuengine.dylib
0x0000000024c80000 	/usr/lib/libcrypto.0.9.8.dylib
0x0000000024c80000 	/System/Library/PrivateFrameworks/TrustEvaluationAgent.framework/Versions/A/TrustEvaluationAgent
0x000000011ac74000 	/System/Library/Extensions/AppleIntelBDWGraphicsMTLDriver.bundle/Contents/MacOS/AppleIntelBDWGraphicsMTLDriver
0x0000000024c80000 	/System/Library/PrivateFrameworks/FamilyControls.framework/Versions/A/FamilyControls
0x0000000024c80000 	/System/Library/PrivateFrameworks/CommerceKit.framework/Versions/A/Frameworks/CommerceCore.framework/Versions/A/CommerceCore
0x0000000024c80000 	/System/Library/PrivateFrameworks/SystemAdministration.framework/Versions/A/SystemAdministration
0x0000000024c80000 	/System/Library/PrivateFrameworks/AppContainer.framework/Versions/A/AppContainer
0x0000000024c80000 	/System/Library/PrivateFrameworks/SecCodeWrapper.framework/Versions/A/SecCodeWrapper
0x0000000024c80000 	/System/Library/Frameworks/DirectoryService.framework/Versions/A/DirectoryService
0x0000000024c80000 	/System/Library/PrivateFrameworks/DiskImages.framework/Versions/A/DiskImages
0x0000000024c80000 	/System/Library/PrivateFrameworks/LoginUIKit.framework/Versions/A/Frameworks/LoginUICore.framework/Versions/A/LoginUICore
0x0000000024c80000 	/usr/lib/libCoreStorage.dylib
0x0000000024c80000 	/usr/lib/libcsfde.dylib
0x0000000024c80000 	/usr/lib/libodfde.dylib
0x0000000024c80000 	/System/Library/Frameworks/DiscRecording.framework/Versions/A/DiscRecording
0x0000000024c80000 	/usr/lib/libcurl.4.dylib
0x0000000024c80000 	/System/Library/PrivateFrameworks/MediaKit.framework/Versions/A/MediaKit
0x0000000024c80000 	/System/Library/PrivateFrameworks/ProtectedCloudStorage.framework/Versions/A/ProtectedCloudStorage
0x0000000024c80000 	/System/Library/PrivateFrameworks/EFILogin.framework/Versions/A/EFILogin
0x0000000024c80000 	/usr/lib/libutil.dylib
0x0000000024c80000 	/System/Library/Frameworks/LDAP.framework/Versions/A/LDAP
0x0000000024c80000 	/usr/lib/libsasl2.2.dylib
0x0000000024c80000 	/System/Library/PrivateFrameworks/CoreDaemon.framework/Versions/B/CoreDaemon
0x0000000024c80000 	/System/Library/PrivateFrameworks/AppleSRP.framework/Versions/A/AppleSRP
0x0000000024c80000 	/System/Library/PrivateFrameworks/APFS.framework/Versions/A/APFS
0x0000000024c80000 	/System/Library/PrivateFrameworks/ViewBridge.framework/Versions/A/ViewBridge
0x0000000024c80000 	/System/Library/PrivateFrameworks/XPCService.framework/Versions/A/XPCService
0x0000000024c80000 	/System/Library/PrivateFrameworks/AppSandbox.framework/Versions/A/AppSandbox
0x0000000024c80000 	/usr/lib/libsandbox.1.dylib
0x0000000024c80000 	/usr/lib/libMatch.1.dylib
0x0000000130352000 	/Library/Java/JavaVirtualMachines/jdk1.8.0_131.jdk/Contents/Home/jre/lib/libsplashscreen.dylib
0x00000001303ab000 	/Library/Java/JavaVirtualMachines/jdk1.8.0_131.jdk/Contents/Home/jre/lib/libfontmanager.dylib
0x000000012e41d000 	/Library/Java/JavaVirtualMachines/jdk1.8.0_131.jdk/Contents/Home/jre/lib/libosxui.dylib
0x000000013343b000 	/Applications/NetBeans/Apache NetBeans 11.1.app/Contents/Resources/NetBeans/platform/modules/lib/libjnidispatch-440.jnilib
0x000000013370d000 	/Library/Java/JavaVirtualMachines/jdk1.8.0_131.jdk/Contents/Home/jre/lib/libmanagement.dylib
0x000000013393e000 	/Library/Java/JavaVirtualMachines/jdk1.8.0_131.jdk/Contents/Home/jre/lib/libdcpr.dylib
0x0000000131108000 	/Library/Java/JavaVirtualMachines/jdk1.8.0_131.jdk/Contents/Home/jre/lib/libjpeg.dylib
0x0000000024c80000 	/System/Library/PrivateFrameworks/CloudDocs.framework/Versions/A/CloudDocs
0x0000000024c80000 	/System/Library/Frameworks/CloudKit.framework/Versions/A/CloudKit
0x0000000024c80000 	/System/Library/PrivateFrameworks/MMCS.framework/Versions/A/MMCS
0x0000000024c80000 	/System/Library/Frameworks/CoreLocation.framework/Versions/A/CoreLocation
0x0000000024c80000 	/System/Library/PrivateFrameworks/AssetCacheServices.framework/Versions/A/AssetCacheServices
0x0000000024c80000 	/System/Library/PrivateFrameworks/GeoServices.framework/Versions/A/GeoServices
0x000000012a325000 	/Library/Java/JavaVirtualMachines/jdk1.8.0_131.jdk/Contents/Home/jre/lib/libsunec.dylib
0x0000000024c80000 	/System/Library/PrivateFrameworks/Shortcut.framework/Versions/A/Shortcut
0x0000000024c80000 	/System/Library/PrivateFrameworks/HelpData.framework/Versions/A/HelpData
0x000000011a253000 	cl_kernels
0x00000001612ff000 	/System/Library/Frameworks/OpenCL.framework/Versions/A/Libraries/ImageFormats/unorm8_bgra.dylib

VM Arguments:
jvm_args: -Djdk.home=/Library/Java/JavaVirtualMachines/jdk1.8.0_131.jdk/Contents/Home -Dnetbeans.default_userdir_root=/Users/dthurston/Library/Application Support/NetBeans -Dnetbeans.dirs=/Applications/NetBeans/Apache NetBeans 11.1.app/Contents/Resources/NetBeans/nb:/Applications/NetBeans/Apache NetBeans 11.1.app/Contents/Resources/NetBeans/ergonomics:/Applications/NetBeans/Apache NetBeans 11.1.app/Contents/Resources/NetBeans/ide:/Applications/NetBeans/Apache NetBeans 11.1.app/Contents/Resources/NetBeans/extide:/Applications/NetBeans/Apache NetBeans 11.1.app/Contents/Resources/NetBeans/java:/Applications/NetBeans/Apache NetBeans 11.1.app/Contents/Resources/NetBeans/apisupport:/Applications/NetBeans/Apache NetBeans 11.1.app/Contents/Resources/NetBeans/webcommon:/Applications/NetBeans/Apache NetBeans 11.1.app/Contents/Resources/NetBeans/websvccommon:/Applications/NetBeans/Apache NetBeans 11.1.app/Contents/Resources/NetBeans/enterprise:/Applications/NetBeans/Apache NetBeans 11.1.app/Contents/Resources/NetBeans/mobility:/Applications/NetBeans/Apache NetBeans 11.1.app/Contents/Resources/NetBeans/profiler:/Applications/NetBeans/Apache NetBeans 11.1.app/Contents/Resources/NetBeans/python:/Applications/NetBeans/Apache NetBeans 11.1.app/Contents/Resources/NetBeans/php:/Applications/NetBeans/Apache NetBeans 11.1.app/Contents/Resources/NetBeans/identity:/Applications/NetBeans/Apache NetBeans 11.1.app/Contents/Resources/NetBeans/harness:/Applications/NetBeans/Apache NetBeans 11.1.app/Contents/Resources/NetBeans/cnd:/Applications/NetBeans/Apache NetBeans 11.1.app/Contents/Resources/NetBeans/cndext:/Applications/NetBeans/Apache NetBeans 11.1.app/Contents/Resources/NetBeans/dlight:/Applications/NetBeans/Apache NetBeans 11.1.app/Contents/Resources/NetBeans/groovy:/Applications/NetBeans/Apache NetBeans 11.1.app/Contents/Resources/NetBeans/extra:/Applications/NetBeans/Apache NetBeans 11.1.app/Contents/Resources/NetBeans/javacard:/Applications/NetBeans/Apache NetBeans 11.1.app/Contents/Resources/NetBeans/javafx: -Dnetbeans.home=/Applications/NetBeans/Apache NetBeans 11.1.app/Contents/Resources/NetBeans/platform -Dnetbeans.importclass=org.netbeans.upgrade.AutoUpgrade -XX:+UseStringDeduplication -Xss2m -Djdk.gtk.version=2.2 -Dapple.laf.useScreenMenuBar=true -Dapple.awt.graphics.UseQuartz=true -Dsun.java2d.noddraw=true -Dsun.java2d.dpiaware=true -Dsun.zip.disableMemoryMapping=true -Dplugin.manager.check.updates=false -Dnetbeans.extbrowser.manual_chrome_plugin_install=yes --add-opens=java.base/java.net=ALL-UNNAMED --add-opens=java.base/java.lang.ref=ALL-UNNAMED --add-opens=java.base/java.lang=ALL-UNNAMED --add-opens=java.base/java.security=ALL-UNNAMED --add-opens=java.base/java.util=ALL-UNNAMED --add-opens=java.desktop/javax.swing.plaf.basic=ALL-UNNAMED --add-opens=java.desktop/javax.swing.text=ALL-UNNAMED --add-opens=java.desktop/javax.swing=ALL-UNNAMED --add-opens=java.desktop/java.awt=ALL-UNNAMED --add-opens=java.desktop/java.awt.event=ALL-UNNAMED --add-opens=java.prefs/java.util.prefs=ALL-UNNAMED --add-opens=jdk.jshell/jdk.jshell=ALL-UNNAMED --add-modules=jdk.jshell --add-exports=java.desktop/sun.awt=ALL-UNNAMED --add-exports=java.desktop/java.awt.peer=ALL-UNNAMED --add-exports=java.desktop/com.sun.beans.editors=ALL-UNNAMED --add-exports=java.desktop/sun.swing=ALL-UNNAMED --add-exports=java.desktop/sun.awt.im=ALL-UNNAMED --add-exports=jdk.internal.jvmstat/sun.jvmstat.monitor=ALL-UNNAMED --add-exports=java.management/sun.management=ALL-UNNAMED --add-exports=java.base/sun.reflect.annotation=ALL-UNNAMED --add-exports=jdk.javadoc/com.sun.tools.javadoc.main=ALL-UNNAMED -XX:+IgnoreUnrecognizedVMOptions -XX:+HeapDumpOnOutOfMemoryError -XX:HeapDumpPath=/Users/dthurston/Library/Application Support/NetBeans/11.1/var/log/heapdump.hprof 
java_command: org.netbeans.Main --cachedir /Users/dthurston/Library/Caches/NetBeans/11.1 --userdir /Users/dthurston/Library/Application Support/NetBeans/11.1 --branding nb
java_class_path (initial): /Applications/NetBeans/Apache NetBeans 11.1.app/Contents/Resources/NetBeans/platform/lib/boot.jar:/Applications/NetBeans/Apache NetBeans 11.1.app/Contents/Resources/NetBeans/platform/lib/org-openide-modules.jar:/Applications/NetBeans/Apache NetBeans 11.1.app/Contents/Resources/NetBeans/platform/lib/org-openide-util-lookup.jar:/Applications/NetBeans/Apache NetBeans 11.1.app/Contents/Resources/NetBeans/platform/lib/org-openide-util-ui.jar:/Applications/NetBeans/Apache NetBeans 11.1.app/Contents/Resources/NetBeans/platform/lib/org-openide-util.jar:/Library/Java/JavaVirtualMachines/jdk1.8.0_131.jdk/Contents/Home/lib/dt.jar:/Library/Java/JavaVirtualMachines/jdk1.8.0_131.jdk/Contents/Home/lib/tools.jar
Launcher Type: SUN_STANDARD

Environment Variables:
PATH=/Library/Frameworks/Python.framework/Versions/3.6/bin:/Users/dthurston/.rbenv/shims:/Library/Frameworks/Python.framework/Versions/2.7/bin:/usr/local/bin:/usr/bin:/bin:/usr/sbin:/sbin:/Library/Frameworks/Mono.framework/Versions/Current/Commands:/Applications/Wireshark.app/Contents/MacOS:/Users/dthurston/Projects
SHELL=/bin/bash

Signal Handlers:
SIGSEGV: [libjvm.dylib+0x5b1eb1], sa_mask[0]=11111111011111110111111111111111, sa_flags=SA_ONSTACK|SA_RESTART|SA_SIGINFO
SIGBUS: [libjvm.dylib+0x5b1eb1], sa_mask[0]=11111111011111110111111111111111, sa_flags=SA_RESTART|SA_SIGINFO
SIGFPE: [libjvm.dylib+0x488988], sa_mask[0]=11111111011111110111111111111111, sa_flags=SA_RESTART|SA_SIGINFO
SIGPIPE: [libjvm.dylib+0x488988], sa_mask[0]=11111111011111110111111111111111, sa_flags=SA_RESTART|SA_SIGINFO
SIGXFSZ: [libjvm.dylib+0x488988], sa_mask[0]=11111111011111110111111111111111, sa_flags=SA_RESTART|SA_SIGINFO
SIGILL: [libjvm.dylib+0x488988], sa_mask[0]=11111111011111110111111111111111, sa_flags=SA_RESTART|SA_SIGINFO
SIGUSR1: SIG_DFL, sa_mask[0]=11011111011111100000000111000110, sa_flags=none
SIGUSR2: [libjvm.dylib+0x4884a6], sa_mask[0]=00000000000000000000000000000000, sa_flags=SA_RESTART|SA_SIGINFO
SIGHUP: [libjvm.dylib+0x486a7d], sa_mask[0]=11111111011111110111111111111111, sa_flags=SA_RESTART|SA_SIGINFO
SIGINT: SIG_IGN, sa_mask[0]=00000000000000000000000000000000, sa_flags=none
SIGTERM: [libjvm.dylib+0x486a7d], sa_mask[0]=11111111011111110111111111111111, sa_flags=SA_RESTART|SA_SIGINFO
SIGQUIT: [libjvm.dylib+0x486a7d], sa_mask[0]=11111111011111110111111111111111, sa_flags=SA_RESTART|SA_SIGINFO


---------------  S Y S T E M  ---------------

OS:Bsduname:Darwin 16.7.0 Darwin Kernel Version 16.7.0: Sun Jun  2 20:26:31 PDT 2019; root:xnu-3789.73.50~1/RELEASE_X86_64 x86_64
rlimit: STACK 8192k, CORE 0k, NPROC 709, NOFILE 10240, AS infinity
load average:4.22 3.47 3.50

CPU:total 4 (initial active 4) (2 cores per cpu, 2 threads per core) family 6 model 61 stepping 4, cmov, cx8, fxsr, mmx, sse, sse2, sse3, ssse3, sse4.1, sse4.2, popcnt, avx, avx2, aes, clmul, erms, rtm, 3dnowpref, lzcnt, ht, tsc, tscinvbit, bmi1, bmi2, adx

Memory: 4k page, physical 8388608k(19824k free)

/proc/meminfo:


vm_info: Java HotSpot(TM) 64-Bit Server VM (25.131-b11) for bsd-amd64 JRE (1.8.0_131-b11), built on Mar 15 2017 01:32:22 by "java_re" with gcc 4.2.1 (Based on Apple Inc. build 5658) (LLVM build 2336.11.00)

time: Mon Apr 20 15:57:47 2020
elapsed time: 118455 seconds (1d 8h 54m 15s)

