#
# A fatal error has been detected by the Java Runtime Environment:
#
#  SIGSEGV (0xb) at pc=0x0000000115a913bf, pid=28326, tid=0x000000000000dc07
#
# JRE version: Java(TM) SE Runtime Environment (8.0_131-b11) (build 1.8.0_131-b11)
# Java VM: Java HotSpot(TM) 64-Bit Server VM (25.131-b11 mixed mode bsd-amd64 compressed oops)
# Problematic frame:
# C  [libawt_lwawt.dylib+0x1c3bf]  OGLSD_SetScratchSurface+0x49
#
# Failed to write core dump. Core dumps have been disabled. To enable core dumping, try "ulimit -c unlimited" before starting Java again
#
# If you would like to submit a bug report, please visit:
#   http://bugreport.java.com/bugreport/crash.jsp
# The crash happened outside the Java Virtual Machine in native code.
# See problematic frame for where to report the bug.
#

---------------  T H R E A D  ---------------

Current thread (0x00007fa4efa2d800):  JavaThread "Java2D Queue Flusher" daemon [_thread_in_native, id=56327, stack(0x000070000d7c2000,0x000070000d9c2000)]

siginfo: si_signo: 11 (SIGSEGV), si_code: 1 (SEGV_MAPERR), si_addr: 0x0000000000000002

Registers:
RAX=0x00000000ffffffff, RBX=0x0000000000000002, RCX=0x0000000000000047, RDX=0x0000000115ab2258
RSP=0x000070000d9c1810, RBP=0x000070000d9c1830, RSI=0x00007fa4f8fa4bb0, RDI=0x00007fa4efa2d9f8
R8 =0x0000000000000020, R9 =0x0000000000000000, R10=0x0000000118720ef8, R11=0x00000000e82529e5
R12=0x0000000000000000, R13=0x0000000741294f98, R14=0x00007fa4efa2d9f8, R15=0x00007fa4efa2d800
RIP=0x0000000115a913bf, EFLAGS=0x0000000000010202, ERR=0x0000000000000004
  TRAPNO=0x000000000000000e

Top of Stack: (sp=0x000070000d9c1810)
0x000070000d9c1810:   00007fa4f8fa4bb0 0000000000000000
0x000070000d9c1820:   00007fa4efa9e810 00007fa4efa2d800
0x000070000d9c1830:   000070000d9c18b0 0000000115ab1d36
0x000070000d9c1840:   0000000000000064 00007fa4eed7f7d8
0x000070000d9c1850:   000070000d9c18b0 0000000109950094
0x000070000d9c1860:   0000000000000005 00007fa4efa2d800
0x000070000d9c1870:   0000000741294f01 00007fa4efa9e820
0x000070000d9c1880:   00007000009c1800 00007fa4efa2d9f8
0x000070000d9c1890:   0000000000000000 0000000000000000
0x000070000d9c18a0:   000070000d9c1908 00007fa4efa2d800
0x000070000d9c18b0:   000070000d9c1900 0000000118720f6a
0x000070000d9c18c0:   0000000741294f10 0000000100000000
0x000070000d9c18d0:   00007fa4f8982570 0000000000000001
0x000070000d9c18e0:   000000010fc0ef48 0000000000000000
0x000070000d9c18f0:   000070000d9c1910 0000000741294f98
0x000070000d9c1900:   00000000e82529e2 000000011b3cd598
0x000070000d9c1910:   0000000741294f10 0000000000000000
0x000070000d9c1920:   0000000741294f98 0000000000000000
0x000070000d9c1930:   0000000741294f98 000070000d9c19d0
0x000070000d9c1940:   0000000000000001 0000000000000000
0x000070000d9c1950:   000070000d9c19d0 00000001172147a7
0x000070000d9c1960:   0000000741294f98 0000000741294f98
0x000070000d9c1970:   0000700000001fa0 000000000000000a
0x000070000d9c1980:   00007fa4efa2d800 0000000000000001
0x000070000d9c1990:   000000011721471f 000000010fb80b38
0x000070000d9c19a0:   000070000d9c1a68 000070000d9c1d00
0x000070000d9c19b0:   000000010000000a 000000010fb80b38
0x000070000d9c19c0:   0000000117227120 000070000d9c1c70
0x000070000d9c19d0:   000070000d9c1b80 00000001098ee5b6
0x000070000d9c19e0:   0000700000000001 00007fa4efa2d800
0x000070000d9c19f0:   00007fa4efa2d800 000070000d9c1d00
0x000070000d9c1a00:   00007fa4eed7f7d0 0000000117227120 

Instructions: (pc=0x0000000115a913bf)
0x0000000115a9139f:   c0 e9 82 00 00 00 48 8b 5e 10 48 85 db 75 0e bf
0x0000000115a913af:   01 00 00 00 48 8d 15 07 7c 03 00 eb d6 49 89 fe
0x0000000115a913bf:   4c 8b 3b 30 c0 e8 c1 a6 02 00 49 8b 3f 49 89 c4
0x0000000115a913cf:   48 8b 35 4a 03 06 00 30 c0 e8 0f a8 02 00 48 85 

Register to memory mapping:

RAX=0x00000000ffffffff is an unknown value
RBX=0x0000000000000002 is an unknown value
RCX=0x0000000000000047 is an unknown value
RDX=0x0000000115ab2258: Java_sun_java2d_opengl_OGLRenderQueue_flushBuffer+0xb5c in /Library/Java/JavaVirtualMachines/jdk1.8.0_131.jdk/Contents/Home/jre/lib/libawt_lwawt.dylib at 0x0000000115a75000
RSP=0x000070000d9c1810 is pointing into the stack for thread: 0x00007fa4efa2d800
RBP=0x000070000d9c1830 is pointing into the stack for thread: 0x00007fa4efa2d800
RSI=0x00007fa4f8fa4bb0 is an unknown value
RDI=0x00007fa4efa2d9f8 is an unknown value
R8 =0x0000000000000020 is an unknown value
R9 =0x0000000000000000 is an unknown value
R10=0x0000000118720ef8 is at entry_point+56 in (nmethod*)0x0000000118720d50
R11=0x00000000e82529e5 is an unknown value
R12=0x0000000000000000 is an unknown value
R13=0x0000000741294f98 is an oop
sun.java2d.opengl.OGLRenderQueue$QueueFlusher 
 - klass: 'sun/java2d/opengl/OGLRenderQueue$QueueFlusher'
R14=0x00007fa4efa2d9f8 is an unknown value
R15=0x00007fa4efa2d800 is a thread


Stack: [0x000070000d7c2000,0x000070000d9c2000],  sp=0x000070000d9c1810,  free space=2046k
Native frames: (J=compiled Java code, j=interpreted, Vv=VM code, C=native code)
C  [libawt_lwawt.dylib+0x1c3bf]  OGLSD_SetScratchSurface+0x49
C  [libawt_lwawt.dylib+0x3cd36]  Java_sun_java2d_opengl_OGLRenderQueue_flushBuffer+0x63a
J 9429  sun.java2d.opengl.OGLRenderQueue.flushBuffer(JI)V (0 bytes) @ 0x0000000118720f6a [0x0000000118720ec0+0xaa]
J 25410% C2 sun.java2d.opengl.OGLRenderQueue$QueueFlusher.run()V (234 bytes) @ 0x000000011b3cd598 [0x000000011b3cd460+0x138]
v  ~StubRoutines::call_stub
V  [libjvm.dylib+0x2ee5b6]
V  [libjvm.dylib+0x2eed5a]
V  [libjvm.dylib+0x2eef06]
V  [libjvm.dylib+0x34965d]
V  [libjvm.dylib+0x56b87f]
V  [libjvm.dylib+0x56cf6c]
V  [libjvm.dylib+0x48b376]
C  [libsystem_pthread.dylib+0x393b]  _pthread_body+0xb4
C  [libsystem_pthread.dylib+0x3887]  _pthread_body+0x0
C  [libsystem_pthread.dylib+0x308d]  thread_start+0xd
C  0x0000000000000000

Java frames: (J=compiled Java code, j=interpreted, Vv=VM code)
J 9429  sun.java2d.opengl.OGLRenderQueue.flushBuffer(JI)V (0 bytes) @ 0x0000000118720ef8 [0x0000000118720ec0+0x38]
J 25410% C2 sun.java2d.opengl.OGLRenderQueue$QueueFlusher.run()V (234 bytes) @ 0x000000011b3cd598 [0x000000011b3cd460+0x138]
v  ~StubRoutines::call_stub

---------------  P R O C E S S  ---------------

Java Threads: ( => current thread )
  0x00007fa4f5eee800 JavaThread "Inactive RequestProcessor thread [Was:org.remikz.netbeans.AutoSaveModified.AutoSaveModified/org.remikz.netbeans.AutoSaveModified.AutoSaveModified]" daemon [_thread_blocked, id=90795, stack(0x000070000e254000,0x000070000e454000)]
  0x00007fa4f0c31800 JavaThread "Refresh-After-WindowActivated" daemon [_thread_in_Java, id=84151, stack(0x000070000d2b6000,0x000070000d4b6000)]
  0x00007fa4f5990800 JavaThread "DestroyJavaVM" [_thread_blocked, id=7171, stack(0x000070000b67a000,0x000070000b87a000)]
  0x00007fa4efe30000 JavaThread "TimerQueue" daemon [_thread_blocked, id=55303, stack(0x000070000fc7b000,0x000070000fe7b000)]
  0x00007fa4f6947000 JavaThread "Worker-JM" [_thread_blocked, id=78211, stack(0x000070000fa78000,0x000070000fc78000)]
  0x00007fa4f4518000 JavaThread "Framework Event Dispatcher" daemon [_thread_blocked, id=77723, stack(0x000070000f875000,0x000070000fa75000)]
  0x00007fa4f6860000 JavaThread "Deadlock Detector" [_thread_blocked, id=77115, stack(0x000070000f672000,0x000070000f872000)]
  0x00007fa4f407f000 JavaThread "Thread-3" daemon [_thread_blocked, id=76707, stack(0x000070000f46f000,0x000070000f66f000)]
  0x00007fa4f07f7800 JavaThread "File Watcher" daemon [_thread_blocked, id=76051, stack(0x000070000f26c000,0x000070000f46c000)]
  0x00007fa4f06e0800 JavaThread "Thread-1" daemon [_thread_in_native, id=74155, stack(0x000070000f069000,0x000070000f269000)]
  0x00007fa4efc69800 JavaThread "Editor Parsing Loop (netbeans-release-428-on-20190716)" daemon [_thread_blocked, id=70915, stack(0x000070000e85d000,0x000070000ea5d000)]
  0x00007fa4f47ca000 JavaThread "State Data Manager" daemon [_thread_blocked, id=69051, stack(0x000070000e051000,0x000070000e251000)]
  0x00007fa4f47f7000 JavaThread "Framework Active Thread" [_thread_blocked, id=68571, stack(0x000070000de4e000,0x000070000e04e000)]
  0x00007fa4efa6c000 JavaThread "AWT-EventQueue-0" [_thread_blocked, id=64259, stack(0x000070000dbc8000,0x000070000ddc8000)]
  0x00007fa4f0168800 JavaThread "Java2D Disposer" daemon [_thread_blocked, id=63755, stack(0x000070000d9c5000,0x000070000dbc5000)]
=>0x00007fa4efa2d800 JavaThread "Java2D Queue Flusher" daemon [_thread_in_native, id=56327, stack(0x000070000d7c2000,0x000070000d9c2000)]
  0x00007fa4f0a6b800 JavaThread "RequestProcessor queue manager" daemon [_thread_blocked, id=55811, stack(0x000070000d5bf000,0x000070000d7bf000)]
  0x00007fa4ef9bd000 JavaThread "AWT-Shutdown" [_thread_blocked, id=30751, stack(0x000070000ce2d000,0x000070000d02d000)]
  0x00007fa4ef9bc800 JavaThread "AppKit Thread" daemon [_thread_in_native, id=775, stack(0x00007fff56758000,0x00007fff56f58000)]
  0x00007fa4ef892800 JavaThread "CLI Requests Server" daemon [_thread_in_native, id=20227, stack(0x000070000cba7000,0x000070000cda7000)]
  0x00007fa4ef0a6800 JavaThread "Active Reference Queue Daemon" daemon [_thread_blocked, id=19715, stack(0x000070000c9a4000,0x000070000cba4000)]
  0x00007fa4f083a000 JavaThread "Service Thread" daemon [_thread_blocked, id=18691, stack(0x000070000c69e000,0x000070000c89e000)]
  0x00007fa4f0012000 JavaThread "C1 CompilerThread2" daemon [_thread_blocked, id=18179, stack(0x000070000c59b000,0x000070000c69b000)]
  0x00007fa4f0011800 JavaThread "C2 CompilerThread1" daemon [_thread_blocked, id=17667, stack(0x000070000c498000,0x000070000c598000)]
  0x00007fa4f0801000 JavaThread "C2 CompilerThread0" daemon [_thread_blocked, id=17155, stack(0x000070000c395000,0x000070000c495000)]
  0x00007fa4f0800000 JavaThread "Signal Dispatcher" daemon [_thread_blocked, id=16643, stack(0x000070000c192000,0x000070000c392000)]
  0x00007fa4ef046000 JavaThread "Finalizer" daemon [_thread_blocked, id=12547, stack(0x000070000bf8f000,0x000070000c18f000)]
  0x00007fa4ef045000 JavaThread "Reference Handler" daemon [_thread_blocked, id=12035, stack(0x000070000bd8c000,0x000070000bf8c000)]

Other Threads:
  0x00007fa4ef040800 VMThread [stack: 0x000070000bc89000,0x000070000bd89000] [id=11523]
  0x00007fa4ef06b000 WatcherThread [stack: 0x000070000c8a1000,0x000070000c9a1000] [id=19203]

VM state:not at safepoint (normal execution)

VM Mutex/Monitor currently owned by a thread: None

Heap:
 PSYoungGen      total 188416K, used 17424K [0x0000000795580000, 0x00000007a5200000, 0x00000007c0000000)
  eden space 178688K, 4% used [0x0000000795580000,0x0000000795d12278,0x00000007a0400000)
  from space 9728K, 99% used [0x00000007a0900000,0x00000007a1271fe8,0x00000007a1280000)
  to   space 39936K, 0% used [0x00000007a2b00000,0x00000007a2b00000,0x00000007a5200000)
 ParOldGen       total 249344K, used 175139K [0x0000000740000000, 0x000000074f380000, 0x0000000795580000)
  object space 249344K, 70% used [0x0000000740000000,0x000000074ab08ca0,0x000000074f380000)
 Metaspace       used 104623K, capacity 119210K, committed 119492K, reserved 1153024K
  class space    used 12471K, capacity 16570K, committed 16636K, reserved 1048576K

Card table byte_map: [0x000000010a963000,0x000000010ad64000] byte_map_base: 0x0000000106f63000

Marking Bits: (ParMarkBitMap*) 0x0000000109ef1ea0
 Begin Bits: [0x000000010b00f000, 0x000000010d00f000)
 End Bits:   [0x000000010d00f000, 0x000000010f00f000)

Polling page: 0x0000000108d68000

CodeCache: size=245760Kb used=73047Kb max_used=73077Kb free=172712Kb
 bounds [0x0000000117214000, 0x000000011ba04000, 0x0000000126214000]
 total_blobs=19775 nmethods=18836 adapters=847
 compilation: enabled

Compilation events (10 events):
Event: 51587.076 Thread 0x00007fa4f0012000 28034       3       org.netbeans.modules.openide.explorer.ExplorerActionsImpl$ActionStateUpdater::flavorsChanged (5 bytes)
Event: 51587.078 Thread 0x00007fa4f0012000 nmethod 28034 0x0000000118fe9cd0 code [0x0000000118fe9e40, 0x0000000118fe9fc8]
Event: 51587.103 Thread 0x00007fa4f0012000 28035       3       org.openide.awt.MenuBar$LazyMenu::conditionalInitialize (99 bytes)
Event: 51587.111 Thread 0x00007fa4f0012000 nmethod 28035 0x000000011811bf10 code [0x000000011811c160, 0x000000011811ce18]
Event: 51587.218 Thread 0x00007fa4f0801000 28036       4       java.awt.image.RGBImageFilter::setPixels (119 bytes)
Event: 51587.255 Thread 0x00007fa4f0011800 28037   !   4       sun.java2d.SunGraphics2D::drawHiDPIImage (355 bytes)
Event: 51587.394 Thread 0x00007fa4f0801000 nmethod 28036 0x000000011b70de10 code [0x000000011b70e300, 0x000000011b7116c8]
Event: 51587.429 Thread 0x00007fa4f0011800 nmethod 28037 0x000000011b9f6d50 code [0x000000011b9f7380, 0x000000011b9fac40]
Event: 51588.995 Thread 0x00007fa4f0801000 28038 %     4       org.netbeans.modules.editor.lib2.document.MarkVector::removeDisposedMarks @ 195 (220 bytes)
Event: 51589.001 Thread 0x00007fa4f0801000 nmethod 28038% 0x000000011811b990 code [0x000000011811bae0, 0x000000011811bcf8]

GC Heap History (10 events):
Event: 38719.810 GC heap before
{Heap before GC invocations=61 (full 4):
 PSYoungGen      total 239104K, used 225264K [0x0000000795580000, 0x00000007a6b00000, 0x00000007c0000000)
  eden space 206336K, 100% used [0x0000000795580000,0x00000007a1f00000,0x00000007a1f00000)
  from space 32768K, 57% used [0x00000007a4b00000,0x00000007a5d7c1a8,0x00000007a6b00000)
  to   space 38912K, 0% used [0x00000007a1f00000,0x00000007a1f00000,0x00000007a4500000)
 ParOldGen       total 249344K, used 169727K [0x0000000740000000, 0x000000074f380000, 0x0000000795580000)
  object space 249344K, 68% used [0x0000000740000000,0x000000074a5bff20,0x000000074f380000)
 Metaspace       used 104465K, capacity 119022K, committed 119236K, reserved 1153024K
  class space    used 12455K, capacity 16558K, committed 16636K, reserved 1048576K
Event: 38719.894 GC heap after
Heap after GC invocations=61 (full 4):
 PSYoungGen      total 219136K, used 18764K [0x0000000795580000, 0x00000007a6400000, 0x00000007c0000000)
  eden space 200192K, 0% used [0x0000000795580000,0x0000000795580000,0x00000007a1900000)
  from space 18944K, 99% used [0x00000007a1f00000,0x00000007a3153110,0x00000007a3180000)
  to   space 38400K, 0% used [0x00000007a3e80000,0x00000007a3e80000,0x00000007a6400000)
 ParOldGen       total 249344K, used 170886K [0x0000000740000000, 0x000000074f380000, 0x0000000795580000)
  object space 249344K, 68% used [0x0000000740000000,0x000000074a6e1910,0x000000074f380000)
 Metaspace       used 104465K, capacity 119022K, committed 119236K, reserved 1153024K
  class space    used 12455K, capacity 16558K, committed 16636K, reserved 1048576K
}
Event: 40715.680 GC heap before
{Heap before GC invocations=62 (full 4):
 PSYoungGen      total 219136K, used 218956K [0x0000000795580000, 0x00000007a6400000, 0x00000007c0000000)
  eden space 200192K, 100% used [0x0000000795580000,0x00000007a1900000,0x00000007a1900000)
  from space 18944K, 99% used [0x00000007a1f00000,0x00000007a3153110,0x00000007a3180000)
  to   space 38400K, 0% used [0x00000007a3e80000,0x00000007a3e80000,0x00000007a6400000)
 ParOldGen       total 249344K, used 170886K [0x0000000740000000, 0x000000074f380000, 0x0000000795580000)
  object space 249344K, 68% used [0x0000000740000000,0x000000074a6e1910,0x000000074f380000)
 Metaspace       used 104485K, capacity 119022K, committed 119236K, reserved 1153024K
  class space    used 12457K, capacity 16558K, committed 16636K, reserved 1048576K
Event: 40715.867 GC heap after
Heap after GC invocations=62 (full 4):
 PSYoungGen      total 227328K, used 15915K [0x0000000795580000, 0x00000007a5e80000, 0x00000007c0000000)
  eden space 194560K, 0% used [0x0000000795580000,0x0000000795580000,0x00000007a1380000)
  from space 32768K, 48% used [0x00000007a3e80000,0x00000007a4e0ac90,0x00000007a5e80000)
  to   space 38400K, 0% used [0x00000007a1380000,0x00000007a1380000,0x00000007a3900000)
 ParOldGen       total 249344K, used 173764K [0x0000000740000000, 0x000000074f380000, 0x0000000795580000)
  object space 249344K, 69% used [0x0000000740000000,0x000000074a9b10a0,0x000000074f380000)
 Metaspace       used 104485K, capacity 119022K, committed 119236K, reserved 1153024K
  class space    used 12457K, capacity 16558K, committed 16636K, reserved 1048576K
}
Event: 42041.202 GC heap before
{Heap before GC invocations=63 (full 4):
 PSYoungGen      total 227328K, used 210475K [0x0000000795580000, 0x00000007a5e80000, 0x00000007c0000000)
  eden space 194560K, 100% used [0x0000000795580000,0x00000007a1380000,0x00000007a1380000)
  from space 32768K, 48% used [0x00000007a3e80000,0x00000007a4e0ac90,0x00000007a5e80000)
  to   space 38400K, 0% used [0x00000007a1380000,0x00000007a1380000,0x00000007a3900000)
 ParOldGen       total 249344K, used 173764K [0x0000000740000000, 0x000000074f380000, 0x0000000795580000)
  object space 249344K, 69% used [0x0000000740000000,0x000000074a9b10a0,0x000000074f380000)
 Metaspace       used 104509K, capacity 119028K, committed 119236K, reserved 1153024K
  class space    used 12458K, capacity 16559K, committed 16636K, reserved 1048576K
Event: 42041.388 GC heap after
Heap after GC invocations=63 (full 4):
 PSYoungGen      total 199168K, used 9755K [0x0000000795580000, 0x00000007a5b00000, 0x00000007c0000000)
  eden space 188928K, 0% used [0x0000000795580000,0x0000000795580000,0x00000007a0e00000)
  from space 10240K, 95% used [0x00000007a1380000,0x00000007a1d06c38,0x00000007a1d80000)
  to   space 39424K, 0% used [0x00000007a3480000,0x00000007a3480000,0x00000007a5b00000)
 ParOldGen       total 249344K, used 174715K [0x0000000740000000, 0x000000074f380000, 0x0000000795580000)
  object space 249344K, 70% used [0x0000000740000000,0x000000074aa9eca0,0x000000074f380000)
 Metaspace       used 104509K, capacity 119028K, committed 119236K, reserved 1153024K
  class space    used 12458K, capacity 16559K, committed 16636K, reserved 1048576K
}
Event: 42265.476 GC heap before
{Heap before GC invocations=64 (full 4):
 PSYoungGen      total 199168K, used 198683K [0x0000000795580000, 0x00000007a5b00000, 0x00000007c0000000)
  eden space 188928K, 100% used [0x0000000795580000,0x00000007a0e00000,0x00000007a0e00000)
  from space 10240K, 95% used [0x00000007a1380000,0x00000007a1d06c38,0x00000007a1d80000)
  to   space 39424K, 0% used [0x00000007a3480000,0x00000007a3480000,0x00000007a5b00000)
 ParOldGen       total 249344K, used 174715K [0x0000000740000000, 0x000000074f380000, 0x0000000795580000)
  object space 249344K, 70% used [0x0000000740000000,0x000000074aa9eca0,0x000000074f380000)
 Metaspace       used 104542K, capacity 119036K, committed 119236K, reserved 1153024K
  class space    used 12458K, capacity 16559K, committed 16636K, reserved 1048576K
Event: 42265.515 GC heap after
Heap after GC invocations=64 (full 4):
 PSYoungGen      total 219136K, used 9323K [0x0000000795580000, 0x00000007a5700000, 0x00000007c0000000)
  eden space 183808K, 0% used [0x0000000795580000,0x0000000795580000,0x00000007a0900000)
  from space 35328K, 26% used [0x00000007a3480000,0x00000007a3d9ac30,0x00000007a5700000)
  to   space 39936K, 0% used [0x00000007a0900000,0x00000007a0900000,0x00000007a3000000)
 ParOldGen       total 249344K, used 174883K [0x0000000740000000, 0x000000074f380000, 0x0000000795580000)
  object space 249344K, 70% used [0x0000000740000000,0x000000074aac8ca0,0x000000074f380000)
 Metaspace       used 104542K, capacity 119036K, committed 119236K, reserved 1153024K
  class space    used 12458K, capacity 16559K, committed 16636K, reserved 1048576K
}
Event: 51588.896 GC heap before
{Heap before GC invocations=65 (full 4):
 PSYoungGen      total 219136K, used 193131K [0x0000000795580000, 0x00000007a5700000, 0x00000007c0000000)
  eden space 183808K, 100% used [0x0000000795580000,0x00000007a0900000,0x00000007a0900000)
  from space 35328K, 26% used [0x00000007a3480000,0x00000007a3d9ac30,0x00000007a5700000)
  to   space 39936K, 0% used [0x00000007a0900000,0x00000007a0900000,0x00000007a3000000)
 ParOldGen       total 249344K, used 174883K [0x0000000740000000, 0x000000074f380000, 0x0000000795580000)
  object space 249344K, 70% used [0x0000000740000000,0x000000074aac8ca0,0x000000074f380000)
 Metaspace       used 104623K, capacity 119210K, committed 119492K, reserved 1153024K
  class space    used 12471K, capacity 16570K, committed 16636K, reserved 1048576K
Event: 51588.990 GC heap after
Heap after GC invocations=65 (full 4):
 PSYoungGen      total 188416K, used 9671K [0x0000000795580000, 0x00000007a5200000, 0x00000007c0000000)
  eden space 178688K, 0% used [0x0000000795580000,0x0000000795580000,0x00000007a0400000)
  from space 9728K, 99% used [0x00000007a0900000,0x00000007a1271fe8,0x00000007a1280000)
  to   space 39936K, 0% used [0x00000007a2b00000,0x00000007a2b00000,0x00000007a5200000)
 ParOldGen       total 249344K, used 175139K [0x0000000740000000, 0x000000074f380000, 0x0000000795580000)
  object space 249344K, 70% used [0x0000000740000000,0x000000074ab08ca0,0x000000074f380000)
 Metaspace       used 104623K, capacity 119210K, committed 119492K, reserved 1153024K
  class space    used 12471K, capacity 16570K, committed 16636K, reserved 1048576K
}

Deoptimization events (10 events):
Event: 42267.067 Thread 0x00007fa4efa6c000 Uncommon trap: reason=unstable_if action=reinterpret pc=0x000000011735da08 method=org.openide.awt.MenuBar$LazyMenu.conditionalInitialize()V @ 39
Event: 42267.106 Thread 0x00007fa4efa6c000 Uncommon trap: reason=predicate action=maybe_recompile pc=0x000000011b0195ac method=java.awt.image.RGBImageFilter.setPixels(IIIILjava/awt/image/ColorModel;[III)V @ 64
Event: 42267.107 Thread 0x00007fa4efa6c000 Uncommon trap: reason=unstable_if action=reinterpret pc=0x000000011aab28d4 method=java.awt.image.DirectColorModel.getAlpha(I)I @ 35
Event: 42267.107 Thread 0x00007fa4efa6c000 Uncommon trap: reason=unstable_if action=reinterpret pc=0x000000011a05c518 method=java.awt.image.DirectColorModel.getAlpha(I)I @ 35
Event: 42267.794 Thread 0x00007fa4efa6c000 Uncommon trap: reason=unstable_if action=reinterpret pc=0x0000000117db79fc method=java.awt.Rectangle.inside(II)Z @ 15
Event: 42267.797 Thread 0x00007fa4efa6c000 Uncommon trap: reason=unstable_if action=reinterpret pc=0x00000001195be3bc method=java.awt.Rectangle.inside(II)Z @ 15
Event: 42321.735 Thread 0x00007fa4efa6c000 Uncommon trap: reason=unstable_if action=reinterpret pc=0x00000001185f364c method=java.awt.Component.updateGraphicsData(Ljava/awt/GraphicsConfiguration;)Z @ 25
Event: 42321.738 Thread 0x00007fa4ef9bc800 Uncommon trap: reason=null_check action=make_not_entrant pc=0x0000000118d7622c method=java.awt.geom.AffineTransform.equals(Ljava/lang/Object;)Z @ 1
Event: 42360.742 Thread 0x00007fa4ef9bc800 Uncommon trap: reason=null_check action=make_not_entrant pc=0x0000000119248cac method=java.awt.geom.AffineTransform.equals(Ljava/lang/Object;)Z @ 1
Event: 51587.123 Thread 0x00007fa4efa6c000 Uncommon trap: reason=unstable_if action=reinterpret pc=0x0000000118c421d4 method=sun.java2d.StateTrackableDelegate.getStateTracker()Lsun/java2d/StateTracker; @ 6

Internal exceptions (10 events):
Event: 50248.166 Thread 0x00007fa4f5e44000 Exception <a 'java/io/FileNotFoundException'> (0x000000079de8d270) thrown at [/Users/java_re/workspace/8-2-build-macosx-x86_64/jdk8u131/8869/hotspot/src/share/vm/prims/jni.cpp, line 709]
Event: 50453.257 Thread 0x00007fa4eff0d000 Exception <a 'sun/nio/fs/UnixException'> (0x000000079e442210) thrown at [/Users/java_re/workspace/8-2-build-macosx-x86_64/jdk8u131/8869/hotspot/src/share/vm/prims/jni.cpp, line 709]
Event: 50453.257 Thread 0x00007fa4eff0d000 Exception <a 'sun/nio/fs/UnixException'> (0x000000079e442eb0) thrown at [/Users/java_re/workspace/8-2-build-macosx-x86_64/jdk8u131/8869/hotspot/src/share/vm/prims/jni.cpp, line 709]
Event: 50453.259 Thread 0x00007fa4eff0d000 Exception <a 'java/io/FileNotFoundException'> (0x000000079e4474b0) thrown at [/Users/java_re/workspace/8-2-build-macosx-x86_64/jdk8u131/8869/hotspot/src/share/vm/prims/jni.cpp, line 709]
Event: 50529.509 Thread 0x00007fa4f57e7800 Exception <a 'sun/nio/fs/UnixException'> (0x000000079e9a3088) thrown at [/Users/java_re/workspace/8-2-build-macosx-x86_64/jdk8u131/8869/hotspot/src/share/vm/prims/jni.cpp, line 709]
Event: 50529.509 Thread 0x00007fa4f57e7800 Exception <a 'sun/nio/fs/UnixException'> (0x000000079e9a3d48) thrown at [/Users/java_re/workspace/8-2-build-macosx-x86_64/jdk8u131/8869/hotspot/src/share/vm/prims/jni.cpp, line 709]
Event: 50529.509 Thread 0x00007fa4f57e7800 Exception <a 'java/io/FileNotFoundException'> (0x000000079e9a8468) thrown at [/Users/java_re/workspace/8-2-build-macosx-x86_64/jdk8u131/8869/hotspot/src/share/vm/prims/jni.cpp, line 709]
Event: 50770.683 Thread 0x00007fa4f086f800 Exception <a 'sun/nio/fs/UnixException'> (0x000000079ed06c70) thrown at [/Users/java_re/workspace/8-2-build-macosx-x86_64/jdk8u131/8869/hotspot/src/share/vm/prims/jni.cpp, line 709]
Event: 50770.684 Thread 0x00007fa4f086f800 Exception <a 'sun/nio/fs/UnixException'> (0x000000079ed07930) thrown at [/Users/java_re/workspace/8-2-build-macosx-x86_64/jdk8u131/8869/hotspot/src/share/vm/prims/jni.cpp, line 709]
Event: 50770.686 Thread 0x00007fa4f086f800 Exception <a 'java/io/FileNotFoundException'> (0x000000079ed0bfc0) thrown at [/Users/java_re/workspace/8-2-build-macosx-x86_64/jdk8u131/8869/hotspot/src/share/vm/prims/jni.cpp, line 709]

Events (10 events):
Event: 51588.992 Executing VM operation: RevokeBias
Event: 51588.992 Executing VM operation: RevokeBias done
Event: 51588.992 Executing VM operation: RevokeBias
Event: 51588.992 Executing VM operation: RevokeBias done
Event: 51588.993 Executing VM operation: RevokeBias
Event: 51588.993 Executing VM operation: RevokeBias done
Event: 51588.993 Executing VM operation: RevokeBias
Event: 51588.994 Executing VM operation: RevokeBias done
Event: 51588.994 Executing VM operation: RevokeBias
Event: 51588.994 Executing VM operation: RevokeBias done


Dynamic libraries:
0x0000000058ad2000 	/System/Library/Frameworks/Cocoa.framework/Versions/A/Cocoa
0x0000000058ad2000 	/System/Library/Frameworks/Security.framework/Versions/A/Security
0x0000000058ad2000 	/System/Library/Frameworks/ApplicationServices.framework/Versions/A/ApplicationServices
0x0000000058ad2000 	/usr/lib/libz.1.dylib
0x0000000058ad2000 	/usr/lib/libSystem.B.dylib
0x0000000058ad2000 	/usr/lib/libobjc.A.dylib
0x0000000058ad2000 	/System/Library/Frameworks/CoreFoundation.framework/Versions/A/CoreFoundation
0x0000000058ad2000 	/System/Library/Frameworks/Foundation.framework/Versions/C/Foundation
0x0000000058ad2000 	/System/Library/Frameworks/AppKit.framework/Versions/C/AppKit
0x0000000058ad2000 	/System/Library/Frameworks/CoreData.framework/Versions/A/CoreData
0x0000000058ad2000 	/System/Library/PrivateFrameworks/RemoteViewServices.framework/Versions/A/RemoteViewServices
0x0000000058ad2000 	/System/Library/PrivateFrameworks/UIFoundation.framework/Versions/A/UIFoundation
0x0000000058ad2000 	/System/Library/PrivateFrameworks/DFRFoundation.framework/Versions/A/DFRFoundation
0x0000000058ad2000 	/usr/lib/libenergytrace.dylib
0x0000000058ad2000 	/System/Library/PrivateFrameworks/SkyLight.framework/Versions/A/SkyLight
0x0000000058ad2000 	/System/Library/Frameworks/CoreGraphics.framework/Versions/A/CoreGraphics
0x0000000058ad2000 	/usr/lib/libScreenReader.dylib
0x0000000058ad2000 	/System/Library/Frameworks/Accelerate.framework/Versions/A/Accelerate
0x0000000058ad2000 	/System/Library/Frameworks/IOSurface.framework/Versions/A/IOSurface
0x0000000058ad2000 	/System/Library/Frameworks/AudioToolbox.framework/Versions/A/AudioToolbox
0x0000000058ad2000 	/System/Library/Frameworks/AudioUnit.framework/Versions/A/AudioUnit
0x0000000058ad2000 	/System/Library/PrivateFrameworks/DataDetectorsCore.framework/Versions/A/DataDetectorsCore
0x0000000058ad2000 	/System/Library/PrivateFrameworks/DesktopServicesPriv.framework/Versions/A/DesktopServicesPriv
0x0000000058ad2000 	/System/Library/Frameworks/Carbon.framework/Versions/A/Frameworks/HIToolbox.framework/Versions/A/HIToolbox
0x0000000058ad2000 	/usr/lib/libicucore.A.dylib
0x0000000058ad2000 	/System/Library/Frameworks/QuartzCore.framework/Versions/A/QuartzCore
0x0000000058ad2000 	/System/Library/Frameworks/Carbon.framework/Versions/A/Frameworks/SpeechRecognition.framework/Versions/A/SpeechRecognition
0x0000000058ad2000 	/usr/lib/libauto.dylib
0x0000000058ad2000 	/usr/lib/libxml2.2.dylib
0x0000000058ad2000 	/System/Library/PrivateFrameworks/CoreUI.framework/Versions/A/CoreUI
0x0000000058ad2000 	/System/Library/Frameworks/CoreAudio.framework/Versions/A/CoreAudio
0x0000000058ad2000 	/System/Library/Frameworks/DiskArbitration.framework/Versions/A/DiskArbitration
0x0000000058ad2000 	/usr/lib/liblangid.dylib
0x0000000058ad2000 	/System/Library/PrivateFrameworks/MultitouchSupport.framework/Versions/A/MultitouchSupport
0x0000000058ad2000 	/System/Library/Frameworks/IOKit.framework/Versions/A/IOKit
0x0000000058ad2000 	/usr/lib/libDiagnosticMessagesClient.dylib
0x0000000058ad2000 	/System/Library/Frameworks/CoreServices.framework/Versions/A/CoreServices
0x0000000058ad2000 	/System/Library/PrivateFrameworks/PerformanceAnalysis.framework/Versions/A/PerformanceAnalysis
0x0000000058ad2000 	/System/Library/PrivateFrameworks/GenerationalStorage.framework/Versions/A/GenerationalStorage
0x0000000058ad2000 	/System/Library/Frameworks/OpenGL.framework/Versions/A/OpenGL
0x0000000058ad2000 	/System/Library/Frameworks/CoreImage.framework/Versions/A/CoreImage
0x0000000058ad2000 	/System/Library/Frameworks/CoreText.framework/Versions/A/CoreText
0x0000000058ad2000 	/System/Library/Frameworks/ImageIO.framework/Versions/A/ImageIO
0x0000000058ad2000 	/System/Library/PrivateFrameworks/Backup.framework/Versions/A/Backup
0x0000000058ad2000 	/usr/lib/libarchive.2.dylib
0x0000000058ad2000 	/System/Library/Frameworks/CFNetwork.framework/Versions/A/CFNetwork
0x0000000058ad2000 	/System/Library/Frameworks/SystemConfiguration.framework/Versions/A/SystemConfiguration
0x0000000058ad2000 	/usr/lib/libCRFSuite.dylib
0x0000000058ad2000 	/usr/lib/libc++.1.dylib
0x0000000058ad2000 	/usr/lib/libc++abi.dylib
0x0000000058ad2000 	/usr/lib/system/libcache.dylib
0x0000000058ad2000 	/usr/lib/system/libcommonCrypto.dylib
0x0000000058ad2000 	/usr/lib/system/libcompiler_rt.dylib
0x0000000058ad2000 	/usr/lib/system/libcopyfile.dylib
0x0000000058ad2000 	/usr/lib/system/libcorecrypto.dylib
0x0000000058ad2000 	/usr/lib/system/libdispatch.dylib
0x0000000058ad2000 	/usr/lib/system/libdyld.dylib
0x0000000058ad2000 	/usr/lib/system/libkeymgr.dylib
0x0000000058ad2000 	/usr/lib/system/liblaunch.dylib
0x0000000058ad2000 	/usr/lib/system/libmacho.dylib
0x0000000058ad2000 	/usr/lib/system/libquarantine.dylib
0x0000000058ad2000 	/usr/lib/system/libremovefile.dylib
0x0000000058ad2000 	/usr/lib/system/libsystem_asl.dylib
0x0000000058ad2000 	/usr/lib/system/libsystem_blocks.dylib
0x0000000058ad2000 	/usr/lib/system/libsystem_c.dylib
0x0000000058ad2000 	/usr/lib/system/libsystem_configuration.dylib
0x0000000058ad2000 	/usr/lib/system/libsystem_coreservices.dylib
0x0000000058ad2000 	/usr/lib/system/libsystem_coretls.dylib
0x0000000058ad2000 	/usr/lib/system/libsystem_dnssd.dylib
0x0000000058ad2000 	/usr/lib/system/libsystem_info.dylib
0x0000000058ad2000 	/usr/lib/system/libsystem_kernel.dylib
0x0000000058ad2000 	/usr/lib/system/libsystem_m.dylib
0x0000000058ad2000 	/usr/lib/system/libsystem_malloc.dylib
0x0000000058ad2000 	/usr/lib/system/libsystem_network.dylib
0x0000000058ad2000 	/usr/lib/system/libsystem_networkextension.dylib
0x0000000058ad2000 	/usr/lib/system/libsystem_notify.dylib
0x0000000058ad2000 	/usr/lib/system/libsystem_platform.dylib
0x0000000058ad2000 	/usr/lib/system/libsystem_pthread.dylib
0x0000000058ad2000 	/usr/lib/system/libsystem_sandbox.dylib
0x0000000058ad2000 	/usr/lib/system/libsystem_secinit.dylib
0x0000000058ad2000 	/usr/lib/system/libsystem_symptoms.dylib
0x0000000058ad2000 	/usr/lib/system/libsystem_trace.dylib
0x0000000058ad2000 	/usr/lib/system/libunwind.dylib
0x0000000058ad2000 	/usr/lib/system/libxpc.dylib
0x0000000058ad2000 	/usr/lib/libbsm.0.dylib
0x0000000058ad2000 	/usr/lib/system/libkxld.dylib
0x0000000058ad2000 	/usr/lib/libcoretls.dylib
0x0000000058ad2000 	/usr/lib/libcoretls_cfhelpers.dylib
0x0000000058ad2000 	/usr/lib/libOpenScriptingUtil.dylib
0x0000000058ad2000 	/usr/lib/libpam.2.dylib
0x0000000058ad2000 	/usr/lib/libsqlite3.dylib
0x0000000058ad2000 	/usr/lib/libxar.1.dylib
0x0000000058ad2000 	/usr/lib/libbz2.1.0.dylib
0x0000000058ad2000 	/usr/lib/liblzma.5.dylib
0x0000000058ad2000 	/usr/lib/libnetwork.dylib
0x0000000058ad2000 	/usr/lib/libpcap.A.dylib
0x0000000058ad2000 	/System/Library/Frameworks/CoreServices.framework/Versions/A/Frameworks/FSEvents.framework/Versions/A/FSEvents
0x0000000058ad2000 	/System/Library/Frameworks/CoreServices.framework/Versions/A/Frameworks/CarbonCore.framework/Versions/A/CarbonCore
0x0000000058ad2000 	/System/Library/Frameworks/CoreServices.framework/Versions/A/Frameworks/Metadata.framework/Versions/A/Metadata
0x0000000058ad2000 	/System/Library/Frameworks/CoreServices.framework/Versions/A/Frameworks/OSServices.framework/Versions/A/OSServices
0x0000000058ad2000 	/System/Library/Frameworks/CoreServices.framework/Versions/A/Frameworks/SearchKit.framework/Versions/A/SearchKit
0x0000000058ad2000 	/System/Library/Frameworks/CoreServices.framework/Versions/A/Frameworks/AE.framework/Versions/A/AE
0x0000000058ad2000 	/System/Library/Frameworks/CoreServices.framework/Versions/A/Frameworks/LaunchServices.framework/Versions/A/LaunchServices
0x0000000058ad2000 	/System/Library/Frameworks/CoreServices.framework/Versions/A/Frameworks/DictionaryServices.framework/Versions/A/DictionaryServices
0x0000000058ad2000 	/System/Library/Frameworks/CoreServices.framework/Versions/A/Frameworks/SharedFileList.framework/Versions/A/SharedFileList
0x0000000058ad2000 	/System/Library/Frameworks/NetFS.framework/Versions/A/NetFS
0x0000000058ad2000 	/System/Library/PrivateFrameworks/NetAuth.framework/Versions/A/NetAuth
0x0000000058ad2000 	/System/Library/PrivateFrameworks/login.framework/Versions/A/Frameworks/loginsupport.framework/Versions/A/loginsupport
0x0000000058ad2000 	/System/Library/PrivateFrameworks/TCC.framework/Versions/A/TCC
0x0000000058ad2000 	/usr/lib/libmecabra.dylib
0x0000000058ad2000 	/System/Library/Frameworks/ApplicationServices.framework/Versions/A/Frameworks/ATS.framework/Versions/A/ATS
0x0000000058ad2000 	/System/Library/Frameworks/ApplicationServices.framework/Versions/A/Frameworks/ColorSync.framework/Versions/A/ColorSync
0x0000000058ad2000 	/System/Library/Frameworks/ApplicationServices.framework/Versions/A/Frameworks/HIServices.framework/Versions/A/HIServices
0x0000000058ad2000 	/System/Library/Frameworks/ApplicationServices.framework/Versions/A/Frameworks/LangAnalysis.framework/Versions/A/LangAnalysis
0x0000000058ad2000 	/System/Library/Frameworks/ApplicationServices.framework/Versions/A/Frameworks/PrintCore.framework/Versions/A/PrintCore
0x0000000058ad2000 	/System/Library/Frameworks/ApplicationServices.framework/Versions/A/Frameworks/QD.framework/Versions/A/QD
0x0000000058ad2000 	/System/Library/Frameworks/ApplicationServices.framework/Versions/A/Frameworks/SpeechSynthesis.framework/Versions/A/SpeechSynthesis
0x0000000058ad2000 	/System/Library/Frameworks/Accelerate.framework/Versions/A/Frameworks/vImage.framework/Versions/A/vImage
0x0000000058ad2000 	/System/Library/Frameworks/Accelerate.framework/Versions/A/Frameworks/vecLib.framework/Versions/A/vecLib
0x0000000058ad2000 	/System/Library/Frameworks/Accelerate.framework/Versions/A/Frameworks/vecLib.framework/Versions/A/libvDSP.dylib
0x0000000058ad2000 	/System/Library/Frameworks/Accelerate.framework/Versions/A/Frameworks/vecLib.framework/Versions/A/libBNNS.dylib
0x0000000058ad2000 	/System/Library/Frameworks/Accelerate.framework/Versions/A/Frameworks/vecLib.framework/Versions/A/libQuadrature.dylib
0x0000000058ad2000 	/System/Library/Frameworks/Accelerate.framework/Versions/A/Frameworks/vecLib.framework/Versions/A/libvMisc.dylib
0x0000000058ad2000 	/System/Library/Frameworks/Accelerate.framework/Versions/A/Frameworks/vecLib.framework/Versions/A/libLAPACK.dylib
0x0000000058ad2000 	/System/Library/Frameworks/Accelerate.framework/Versions/A/Frameworks/vecLib.framework/Versions/A/libBLAS.dylib
0x0000000058ad2000 	/System/Library/Frameworks/Accelerate.framework/Versions/A/Frameworks/vecLib.framework/Versions/A/libLinearAlgebra.dylib
0x0000000058ad2000 	/System/Library/Frameworks/Accelerate.framework/Versions/A/Frameworks/vecLib.framework/Versions/A/libSparseBLAS.dylib
0x0000000058ad2000 	/System/Library/Frameworks/ApplicationServices.framework/Versions/A/Frameworks/ATS.framework/Versions/A/Resources/libFontParser.dylib
0x0000000058ad2000 	/System/Library/Frameworks/ApplicationServices.framework/Versions/A/Frameworks/ATS.framework/Versions/A/Resources/libFontRegistry.dylib
0x0000000058ad2000 	/System/Library/Frameworks/ImageIO.framework/Versions/A/Resources/libJPEG.dylib
0x0000000058ad2000 	/System/Library/Frameworks/ImageIO.framework/Versions/A/Resources/libTIFF.dylib
0x0000000058ad2000 	/System/Library/Frameworks/ImageIO.framework/Versions/A/Resources/libPng.dylib
0x0000000058ad2000 	/System/Library/Frameworks/ImageIO.framework/Versions/A/Resources/libGIF.dylib
0x0000000058ad2000 	/System/Library/Frameworks/ImageIO.framework/Versions/A/Resources/libJP2.dylib
0x0000000058ad2000 	/System/Library/Frameworks/ImageIO.framework/Versions/A/Resources/libRadiance.dylib
0x0000000058ad2000 	/usr/lib/libcompression.dylib
0x0000000058ad2000 	/System/Library/PrivateFrameworks/AppleJPEG.framework/Versions/A/AppleJPEG
0x0000000058ad2000 	/usr/lib/libcups.2.dylib
0x0000000058ad2000 	/System/Library/Frameworks/Kerberos.framework/Versions/A/Kerberos
0x0000000058ad2000 	/System/Library/Frameworks/GSS.framework/Versions/A/GSS
0x0000000058ad2000 	/usr/lib/libresolv.9.dylib
0x0000000058ad2000 	/usr/lib/libiconv.2.dylib
0x0000000058ad2000 	/System/Library/PrivateFrameworks/Heimdal.framework/Versions/A/Heimdal
0x0000000058ad2000 	/usr/lib/libheimdal-asn1.dylib
0x0000000058ad2000 	/System/Library/Frameworks/OpenDirectory.framework/Versions/A/OpenDirectory
0x0000000058ad2000 	/System/Library/PrivateFrameworks/CommonAuth.framework/Versions/A/CommonAuth
0x0000000058ad2000 	/System/Library/Frameworks/OpenDirectory.framework/Versions/A/Frameworks/CFOpenDirectory.framework/Versions/A/CFOpenDirectory
0x0000000058ad2000 	/System/Library/Frameworks/SecurityFoundation.framework/Versions/A/SecurityFoundation
0x0000000058ad2000 	/System/Library/PrivateFrameworks/LanguageModeling.framework/Versions/A/LanguageModeling
0x0000000058ad2000 	/usr/lib/libmarisa.dylib
0x0000000058ad2000 	/usr/lib/libChineseTokenizer.dylib
0x0000000058ad2000 	/usr/lib/libcmph.dylib
0x0000000058ad2000 	/System/Library/PrivateFrameworks/CoreEmoji.framework/Versions/A/CoreEmoji
0x0000000058ad2000 	/System/Library/Frameworks/ServiceManagement.framework/Versions/A/ServiceManagement
0x0000000058ad2000 	/usr/lib/libxslt.1.dylib
0x0000000058ad2000 	/System/Library/Frameworks/Carbon.framework/Versions/A/Frameworks/Ink.framework/Versions/A/Ink
0x0000000058ad2000 	/System/Library/PrivateFrameworks/TextureIO.framework/Versions/A/TextureIO
0x0000000058ad2000 	/System/Library/Frameworks/Metal.framework/Versions/A/Metal
0x0000000058ad2000 	/usr/lib/libate.dylib
0x0000000058ad2000 	/System/Library/PrivateFrameworks/GPUCompiler.framework/libmetal_timestamp.dylib
0x0000000058ad2000 	/System/Library/Frameworks/OpenGL.framework/Versions/A/Libraries/libCoreFSCache.dylib
0x0000000058ad2000 	/System/Library/PrivateFrameworks/IOAccelerator.framework/Versions/A/IOAccelerator
0x0000000058ad2000 	/System/Library/Frameworks/CoreVideo.framework/Versions/A/CoreVideo
0x0000000058ad2000 	/usr/lib/libFosl_dynamic.dylib
0x0000000058ad2000 	/System/Library/PrivateFrameworks/MetalPerformanceShaders.framework/Versions/A/MetalPerformanceShaders
0x0000000058ad2000 	/System/Library/PrivateFrameworks/FaceCore.framework/Versions/A/FaceCore
0x0000000058ad2000 	/System/Library/Frameworks/OpenCL.framework/Versions/A/OpenCL
0x0000000058ad2000 	/System/Library/Frameworks/OpenGL.framework/Versions/A/Libraries/libGLU.dylib
0x0000000058ad2000 	/System/Library/Frameworks/OpenGL.framework/Versions/A/Libraries/libGFXShared.dylib
0x0000000058ad2000 	/System/Library/Frameworks/OpenGL.framework/Versions/A/Libraries/libGL.dylib
0x0000000058ad2000 	/System/Library/Frameworks/OpenGL.framework/Versions/A/Libraries/libGLImage.dylib
0x0000000058ad2000 	/System/Library/Frameworks/OpenGL.framework/Versions/A/Libraries/libCVMSPluginSupport.dylib
0x0000000058ad2000 	/System/Library/Frameworks/OpenGL.framework/Versions/A/Libraries/libCoreVMClient.dylib
0x0000000058ad2000 	/System/Library/PrivateFrameworks/CrashReporterSupport.framework/Versions/A/CrashReporterSupport
0x0000000058ad2000 	/System/Library/PrivateFrameworks/Sharing.framework/Versions/A/Sharing
0x0000000058ad2000 	/System/Library/PrivateFrameworks/IconServices.framework/Versions/A/IconServices
0x0000000058ad2000 	/System/Library/PrivateFrameworks/ProtocolBuffer.framework/Versions/A/ProtocolBuffer
0x0000000058ad2000 	/System/Library/PrivateFrameworks/Apple80211.framework/Versions/A/Apple80211
0x0000000058ad2000 	/System/Library/Frameworks/CoreWLAN.framework/Versions/A/CoreWLAN
0x0000000058ad2000 	/System/Library/PrivateFrameworks/CoreUtils.framework/Versions/A/CoreUtils
0x0000000058ad2000 	/System/Library/Frameworks/IOBluetooth.framework/Versions/A/IOBluetooth
0x0000000058ad2000 	/System/Library/PrivateFrameworks/CoreWiFi.framework/Versions/A/CoreWiFi
0x0000000058ad2000 	/System/Library/Frameworks/CoreBluetooth.framework/Versions/A/CoreBluetooth
0x0000000058ad2000 	/System/Library/Frameworks/CoreDisplay.framework/Versions/A/CoreDisplay
0x0000000058ad2000 	/System/Library/PrivateFrameworks/IOPresentment.framework/Versions/A/IOPresentment
0x0000000058ad2000 	/System/Library/PrivateFrameworks/DSExternalDisplay.framework/Versions/A/DSExternalDisplay
0x0000000058ad2000 	/System/Library/PrivateFrameworks/DebugSymbols.framework/Versions/A/DebugSymbols
0x0000000058ad2000 	/System/Library/PrivateFrameworks/CoreSymbolication.framework/Versions/A/CoreSymbolication
0x0000000058ad2000 	/System/Library/PrivateFrameworks/Symbolication.framework/Versions/A/Symbolication
0x0000000058ad2000 	/System/Library/PrivateFrameworks/AppleFSCompression.framework/Versions/A/AppleFSCompression
0x0000000058ad2000 	/System/Library/PrivateFrameworks/SpeechRecognitionCore.framework/Versions/A/SpeechRecognitionCore
0x0000000058ad2000 	/System/Library/PrivateFrameworks/ChunkingLibrary.framework/Versions/A/ChunkingLibrary
0x0000000109600000 	/Library/Java/JavaVirtualMachines/jdk1.8.0_131.jdk/Contents/Home/jre/lib/server/libjvm.dylib
0x0000000058ad2000 	/usr/lib/libstdc++.6.dylib
0x0000000108d25000 	/Library/Java/JavaVirtualMachines/jdk1.8.0_131.jdk/Contents/Home/jre/lib/libverify.dylib
0x0000000108d33000 	/Library/Java/JavaVirtualMachines/jdk1.8.0_131.jdk/Contents/Home/jre/lib/libjava.dylib
0x0000000108d72000 	/Library/Java/JavaVirtualMachines/jdk1.8.0_131.jdk/Contents/Home/jre/lib/libzip.dylib
0x0000000110e96000 	/System/Library/Frameworks/JavaVM.framework/Frameworks/JavaRuntimeSupport.framework/JavaRuntimeSupport
0x0000000110eb0000 	/System/Library/Frameworks/JavaVM.framework/Versions/A/Frameworks/JavaNativeFoundation.framework/Versions/A/JavaNativeFoundation
0x0000000108dec000 	/System/Library/Frameworks/JavaVM.framework/Versions/A/JavaVM
0x0000000058ad2000 	/System/Library/Frameworks/Carbon.framework/Versions/A/Carbon
0x0000000110ec5000 	/System/Library/PrivateFrameworks/JavaLaunching.framework/Versions/A/JavaLaunching
0x0000000058ad2000 	/System/Library/Frameworks/Carbon.framework/Versions/A/Frameworks/CommonPanels.framework/Versions/A/CommonPanels
0x0000000058ad2000 	/System/Library/Frameworks/Carbon.framework/Versions/A/Frameworks/Help.framework/Versions/A/Help
0x0000000058ad2000 	/System/Library/Frameworks/Carbon.framework/Versions/A/Frameworks/ImageCapture.framework/Versions/A/ImageCapture
0x0000000058ad2000 	/System/Library/Frameworks/Carbon.framework/Versions/A/Frameworks/OpenScripting.framework/Versions/A/OpenScripting
0x0000000058ad2000 	/System/Library/Frameworks/Carbon.framework/Versions/A/Frameworks/Print.framework/Versions/A/Print
0x0000000058ad2000 	/System/Library/Frameworks/Carbon.framework/Versions/A/Frameworks/SecurityHI.framework/Versions/A/SecurityHI
0x00000001127d2000 	/Library/Java/JavaVirtualMachines/jdk1.8.0_131.jdk/Contents/Home/jre/lib/libnio.dylib
0x00000001127e2000 	/Library/Java/JavaVirtualMachines/jdk1.8.0_131.jdk/Contents/Home/jre/lib/./libnet.dylib
0x0000000115901000 	/Library/Java/JavaVirtualMachines/jdk1.8.0_131.jdk/Contents/Home/jre/lib/libawt.dylib
0x00000001159a9000 	/Library/Java/JavaVirtualMachines/jdk1.8.0_131.jdk/Contents/Home/jre/lib/./libmlib_image.dylib
0x0000000115a75000 	/Library/Java/JavaVirtualMachines/jdk1.8.0_131.jdk/Contents/Home/jre/lib/libawt_lwawt.dylib
0x0000000115b2c000 	/Library/Java/JavaVirtualMachines/jdk1.8.0_131.jdk/Contents/Home/jre/lib/./libosxapp.dylib
0x0000000058ad2000 	/System/Library/Frameworks/ExceptionHandling.framework/Versions/A/ExceptionHandling
0x0000000058ad2000 	/System/Library/PrivateFrameworks/CoreServicesInternal.framework/Versions/A/CoreServicesInternal
0x0000000058ad2000 	/System/Library/CoreServices/RawCamera.bundle/Contents/MacOS/RawCamera
0x00000001160c9000 	/System/Library/Frameworks/Accelerate.framework/Frameworks/vImage.framework/Versions/A/Libraries/libCGInterfaces.dylib
0x0000000058ad2000 	/System/Library/Frameworks/ApplicationServices.framework/Versions/A/Frameworks/ATS.framework/Versions/A/Resources/libTrueTypeScaler.dylib
0x0000000126741000 	/System/Library/Frameworks/OpenGL.framework/Resources/GLEngine.bundle/GLEngine
0x0000000058ad2000 	/System/Library/Frameworks/OpenGL.framework/Versions/A/Libraries/libGLProgrammability.dylib
0x0000000126926000 	/System/Library/Extensions/AppleIntelBDWGraphicsGLDriver.bundle/Contents/MacOS/AppleIntelBDWGraphicsGLDriver
0x0000000058ad2000 	/System/Library/PrivateFrameworks/GPUSupport.framework/Versions/A/Libraries/libGPUSupportMercury.dylib
0x0000000127090000 	/System/Library/Frameworks/OpenGL.framework/Resources//GLRendererFloat.bundle/GLRendererFloat
0x0000000058ad2000 	/System/Library/Frameworks/OpenCL.framework/Versions/A/Libraries/libcldcpuengine.dylib
0x0000000058ad2000 	/usr/lib/libcrypto.0.9.8.dylib
0x0000000058ad2000 	/System/Library/PrivateFrameworks/TrustEvaluationAgent.framework/Versions/A/TrustEvaluationAgent
0x00000001270c4000 	/System/Library/Extensions/AppleIntelBDWGraphicsMTLDriver.bundle/Contents/MacOS/AppleIntelBDWGraphicsMTLDriver
0x0000000058ad2000 	/System/Library/PrivateFrameworks/FamilyControls.framework/Versions/A/FamilyControls
0x0000000058ad2000 	/System/Library/PrivateFrameworks/CommerceKit.framework/Versions/A/Frameworks/CommerceCore.framework/Versions/A/CommerceCore
0x0000000058ad2000 	/System/Library/PrivateFrameworks/SystemAdministration.framework/Versions/A/SystemAdministration
0x0000000058ad2000 	/System/Library/PrivateFrameworks/AppContainer.framework/Versions/A/AppContainer
0x0000000058ad2000 	/System/Library/PrivateFrameworks/SecCodeWrapper.framework/Versions/A/SecCodeWrapper
0x0000000058ad2000 	/System/Library/Frameworks/DirectoryService.framework/Versions/A/DirectoryService
0x0000000058ad2000 	/System/Library/PrivateFrameworks/DiskImages.framework/Versions/A/DiskImages
0x0000000058ad2000 	/System/Library/PrivateFrameworks/LoginUIKit.framework/Versions/A/Frameworks/LoginUICore.framework/Versions/A/LoginUICore
0x0000000058ad2000 	/usr/lib/libCoreStorage.dylib
0x0000000058ad2000 	/usr/lib/libcsfde.dylib
0x0000000058ad2000 	/usr/lib/libodfde.dylib
0x0000000058ad2000 	/System/Library/Frameworks/DiscRecording.framework/Versions/A/DiscRecording
0x0000000058ad2000 	/usr/lib/libcurl.4.dylib
0x0000000058ad2000 	/System/Library/PrivateFrameworks/MediaKit.framework/Versions/A/MediaKit
0x0000000058ad2000 	/System/Library/PrivateFrameworks/ProtectedCloudStorage.framework/Versions/A/ProtectedCloudStorage
0x0000000058ad2000 	/System/Library/PrivateFrameworks/EFILogin.framework/Versions/A/EFILogin
0x0000000058ad2000 	/usr/lib/libutil.dylib
0x0000000058ad2000 	/System/Library/Frameworks/LDAP.framework/Versions/A/LDAP
0x0000000058ad2000 	/usr/lib/libsasl2.2.dylib
0x0000000058ad2000 	/System/Library/PrivateFrameworks/CoreDaemon.framework/Versions/B/CoreDaemon
0x0000000058ad2000 	/System/Library/PrivateFrameworks/AppleSRP.framework/Versions/A/AppleSRP
0x0000000058ad2000 	/System/Library/PrivateFrameworks/APFS.framework/Versions/A/APFS
0x0000000058ad2000 	/System/Library/PrivateFrameworks/ViewBridge.framework/Versions/A/ViewBridge
0x0000000058ad2000 	/System/Library/PrivateFrameworks/XPCService.framework/Versions/A/XPCService
0x0000000058ad2000 	/System/Library/PrivateFrameworks/AppSandbox.framework/Versions/A/AppSandbox
0x0000000058ad2000 	/usr/lib/libsandbox.1.dylib
0x0000000058ad2000 	/usr/lib/libMatch.1.dylib
0x0000000129199000 	/Library/Java/JavaVirtualMachines/jdk1.8.0_131.jdk/Contents/Home/jre/lib/libsplashscreen.dylib
0x00000001291f2000 	/Library/Java/JavaVirtualMachines/jdk1.8.0_131.jdk/Contents/Home/jre/lib/libfontmanager.dylib
0x0000000127264000 	/Library/Java/JavaVirtualMachines/jdk1.8.0_131.jdk/Contents/Home/jre/lib/libosxui.dylib
0x000000012be0c000 	/Applications/NetBeans/Apache NetBeans 11.1.app/Contents/Resources/NetBeans/platform/modules/lib/libjnidispatch-440.jnilib
0x0000000117061000 	/Library/Java/JavaVirtualMachines/jdk1.8.0_131.jdk/Contents/Home/jre/lib/libmanagement.dylib
0x000000012cacc000 	/Library/Java/JavaVirtualMachines/jdk1.8.0_131.jdk/Contents/Home/jre/lib/libdcpr.dylib
0x0000000116de1000 	/Library/Java/JavaVirtualMachines/jdk1.8.0_131.jdk/Contents/Home/jre/lib/libjpeg.dylib
0x0000000058ad2000 	/System/Library/PrivateFrameworks/CloudDocs.framework/Versions/A/CloudDocs
0x0000000058ad2000 	/System/Library/Frameworks/CloudKit.framework/Versions/A/CloudKit
0x0000000058ad2000 	/System/Library/PrivateFrameworks/MMCS.framework/Versions/A/MMCS
0x0000000058ad2000 	/System/Library/Frameworks/CoreLocation.framework/Versions/A/CoreLocation
0x0000000058ad2000 	/System/Library/PrivateFrameworks/AssetCacheServices.framework/Versions/A/AssetCacheServices
0x0000000058ad2000 	/System/Library/PrivateFrameworks/GeoServices.framework/Versions/A/GeoServices
0x0000000113399000 	/Library/Java/JavaVirtualMachines/jdk1.8.0_131.jdk/Contents/Home/jre/lib/libsunec.dylib
0x0000000058ad2000 	/System/Library/PrivateFrameworks/Shortcut.framework/Versions/A/Shortcut
0x0000000058ad2000 	/System/Library/PrivateFrameworks/HelpData.framework/Versions/A/HelpData

VM Arguments:
jvm_args: -Djdk.home=/Library/Java/JavaVirtualMachines/jdk1.8.0_131.jdk/Contents/Home -Dnetbeans.default_userdir_root=/Users/dthurston/Library/Application Support/NetBeans -Dnetbeans.dirs=/Applications/NetBeans/Apache NetBeans 11.1.app/Contents/Resources/NetBeans/nb:/Applications/NetBeans/Apache NetBeans 11.1.app/Contents/Resources/NetBeans/ergonomics:/Applications/NetBeans/Apache NetBeans 11.1.app/Contents/Resources/NetBeans/ide:/Applications/NetBeans/Apache NetBeans 11.1.app/Contents/Resources/NetBeans/extide:/Applications/NetBeans/Apache NetBeans 11.1.app/Contents/Resources/NetBeans/java:/Applications/NetBeans/Apache NetBeans 11.1.app/Contents/Resources/NetBeans/apisupport:/Applications/NetBeans/Apache NetBeans 11.1.app/Contents/Resources/NetBeans/webcommon:/Applications/NetBeans/Apache NetBeans 11.1.app/Contents/Resources/NetBeans/websvccommon:/Applications/NetBeans/Apache NetBeans 11.1.app/Contents/Resources/NetBeans/enterprise:/Applications/NetBeans/Apache NetBeans 11.1.app/Contents/Resources/NetBeans/mobility:/Applications/NetBeans/Apache NetBeans 11.1.app/Contents/Resources/NetBeans/profiler:/Applications/NetBeans/Apache NetBeans 11.1.app/Contents/Resources/NetBeans/python:/Applications/NetBeans/Apache NetBeans 11.1.app/Contents/Resources/NetBeans/php:/Applications/NetBeans/Apache NetBeans 11.1.app/Contents/Resources/NetBeans/identity:/Applications/NetBeans/Apache NetBeans 11.1.app/Contents/Resources/NetBeans/harness:/Applications/NetBeans/Apache NetBeans 11.1.app/Contents/Resources/NetBeans/cnd:/Applications/NetBeans/Apache NetBeans 11.1.app/Contents/Resources/NetBeans/cndext:/Applications/NetBeans/Apache NetBeans 11.1.app/Contents/Resources/NetBeans/dlight:/Applications/NetBeans/Apache NetBeans 11.1.app/Contents/Resources/NetBeans/groovy:/Applications/NetBeans/Apache NetBeans 11.1.app/Contents/Resources/NetBeans/extra:/Applications/NetBeans/Apache NetBeans 11.1.app/Contents/Resources/NetBeans/javacard:/Applications/NetBeans/Apache NetBeans 11.1.app/Contents/Resources/NetBeans/javafx: -Dnetbeans.home=/Applications/NetBeans/Apache NetBeans 11.1.app/Contents/Resources/NetBeans/platform -Dnetbeans.importclass=org.netbeans.upgrade.AutoUpgrade -XX:+UseStringDeduplication -Xss2m -Djdk.gtk.version=2.2 -Dapple.laf.useScreenMenuBar=true -Dapple.awt.graphics.UseQuartz=true -Dsun.java2d.noddraw=true -Dsun.java2d.dpiaware=true -Dsun.zip.disableMemoryMapping=true -Dplugin.manager.check.updates=false -Dnetbeans.extbrowser.manual_chrome_plugin_install=yes --add-opens=java.base/java.net=ALL-UNNAMED --add-opens=java.base/java.lang.ref=ALL-UNNAMED --add-opens=java.base/java.lang=ALL-UNNAMED --add-opens=java.base/java.security=ALL-UNNAMED --add-opens=java.base/java.util=ALL-UNNAMED --add-opens=java.desktop/javax.swing.plaf.basic=ALL-UNNAMED --add-opens=java.desktop/javax.swing.text=ALL-UNNAMED --add-opens=java.desktop/javax.swing=ALL-UNNAMED --add-opens=java.desktop/java.awt=ALL-UNNAMED --add-opens=java.desktop/java.awt.event=ALL-UNNAMED --add-opens=java.prefs/java.util.prefs=ALL-UNNAMED --add-opens=jdk.jshell/jdk.jshell=ALL-UNNAMED --add-modules=jdk.jshell --add-exports=java.desktop/sun.awt=ALL-UNNAMED --add-exports=java.desktop/java.awt.peer=ALL-UNNAMED --add-exports=java.desktop/com.sun.beans.editors=ALL-UNNAMED --add-exports=java.desktop/sun.swing=ALL-UNNAMED --add-exports=java.desktop/sun.awt.im=ALL-UNNAMED --add-exports=jdk.internal.jvmstat/sun.jvmstat.monitor=ALL-UNNAMED --add-exports=java.management/sun.management=ALL-UNNAMED --add-exports=java.base/sun.reflect.annotation=ALL-UNNAMED --add-exports=jdk.javadoc/com.sun.tools.javadoc.main=ALL-UNNAMED -XX:+IgnoreUnrecognizedVMOptions -XX:+HeapDumpOnOutOfMemoryError -XX:HeapDumpPath=/Users/dthurston/Library/Application Support/NetBeans/11.1/var/log/heapdump.hprof 
java_command: org.netbeans.Main --cachedir /Users/dthurston/Library/Caches/NetBeans/11.1 --userdir /Users/dthurston/Library/Application Support/NetBeans/11.1 --branding nb
java_class_path (initial): /Applications/NetBeans/Apache NetBeans 11.1.app/Contents/Resources/NetBeans/platform/lib/boot.jar:/Applications/NetBeans/Apache NetBeans 11.1.app/Contents/Resources/NetBeans/platform/lib/org-openide-modules.jar:/Applications/NetBeans/Apache NetBeans 11.1.app/Contents/Resources/NetBeans/platform/lib/org-openide-util-lookup.jar:/Applications/NetBeans/Apache NetBeans 11.1.app/Contents/Resources/NetBeans/platform/lib/org-openide-util-ui.jar:/Applications/NetBeans/Apache NetBeans 11.1.app/Contents/Resources/NetBeans/platform/lib/org-openide-util.jar:/Library/Java/JavaVirtualMachines/jdk1.8.0_131.jdk/Contents/Home/lib/dt.jar:/Library/Java/JavaVirtualMachines/jdk1.8.0_131.jdk/Contents/Home/lib/tools.jar
Launcher Type: SUN_STANDARD

Environment Variables:
PATH=/Library/Frameworks/Python.framework/Versions/3.6/bin:/Users/dthurston/.rbenv/shims:/Library/Frameworks/Python.framework/Versions/2.7/bin:/usr/local/bin:/usr/bin:/bin:/usr/sbin:/sbin:/Library/Frameworks/Mono.framework/Versions/Current/Commands:/Applications/Wireshark.app/Contents/MacOS:/Users/dthurston/Projects
SHELL=/bin/bash

Signal Handlers:
SIGSEGV: [libjvm.dylib+0x5b1eb1], sa_mask[0]=11111111011111110111111111111111, sa_flags=SA_ONSTACK|SA_RESTART|SA_SIGINFO
SIGBUS: [libjvm.dylib+0x5b1eb1], sa_mask[0]=11111111011111110111111111111111, sa_flags=SA_RESTART|SA_SIGINFO
SIGFPE: [libjvm.dylib+0x488988], sa_mask[0]=11111111011111110111111111111111, sa_flags=SA_RESTART|SA_SIGINFO
SIGPIPE: [libjvm.dylib+0x488988], sa_mask[0]=11111111011111110111111111111111, sa_flags=SA_RESTART|SA_SIGINFO
SIGXFSZ: [libjvm.dylib+0x488988], sa_mask[0]=11111111011111110111111111111111, sa_flags=SA_RESTART|SA_SIGINFO
SIGILL: [libjvm.dylib+0x488988], sa_mask[0]=11111111011111110111111111111111, sa_flags=SA_RESTART|SA_SIGINFO
SIGUSR1: SIG_DFL, sa_mask[0]=11011111011111100000000111000110, sa_flags=none
SIGUSR2: [libjvm.dylib+0x4884a6], sa_mask[0]=00000000000000000000000000000000, sa_flags=SA_RESTART|SA_SIGINFO
SIGHUP: [libjvm.dylib+0x486a7d], sa_mask[0]=11111111011111110111111111111111, sa_flags=SA_RESTART|SA_SIGINFO
SIGINT: SIG_IGN, sa_mask[0]=00000000000000000000000000000000, sa_flags=none
SIGTERM: [libjvm.dylib+0x486a7d], sa_mask[0]=11111111011111110111111111111111, sa_flags=SA_RESTART|SA_SIGINFO
SIGQUIT: [libjvm.dylib+0x486a7d], sa_mask[0]=11111111011111110111111111111111, sa_flags=SA_RESTART|SA_SIGINFO


---------------  S Y S T E M  ---------------

OS:Bsduname:Darwin 16.7.0 Darwin Kernel Version 16.7.0: Sun Jun  2 20:26:31 PDT 2019; root:xnu-3789.73.50~1/RELEASE_X86_64 x86_64
rlimit: STACK 8192k, CORE 0k, NPROC 709, NOFILE 10240, AS infinity
load average:3.32 2.88 2.68

CPU:total 4 (initial active 4) (2 cores per cpu, 2 threads per core) family 6 model 61 stepping 4, cmov, cx8, fxsr, mmx, sse, sse2, sse3, ssse3, sse4.1, sse4.2, popcnt, avx, avx2, aes, clmul, erms, rtm, 3dnowpref, lzcnt, ht, tsc, tscinvbit, bmi1, bmi2, adx

Memory: 4k page, physical 8388608k(28232k free)

/proc/meminfo:


vm_info: Java HotSpot(TM) 64-Bit Server VM (25.131-b11) for bsd-amd64 JRE (1.8.0_131-b11), built on Mar 15 2017 01:32:22 by "java_re" with gcc 4.2.1 (Based on Apple Inc. build 5658) (LLVM build 2336.11.00)

time: Sun Mar 29 11:19:13 2020
elapsed time: 51589 seconds (0d 14h 19m 49s)

