#
# A fatal error has been detected by the Java Runtime Environment:
#
#  SIGSEGV (0xb) at pc=0x00000001241df3bf, pid=69738, tid=0x000000000000ec0b
#
# JRE version: Java(TM) SE Runtime Environment (8.0_131-b11) (build 1.8.0_131-b11)
# Java VM: Java HotSpot(TM) 64-Bit Server VM (25.131-b11 mixed mode bsd-amd64 compressed oops)
# Problematic frame:
# C  [libawt_lwawt.dylib+0x1c3bf]  OGLSD_SetScratchSurface+0x49
#
# Failed to write core dump. Core dumps have been disabled. To enable core dumping, try "ulimit -c unlimited" before starting Java again
#
# If you would like to submit a bug report, please visit:
#   http://bugreport.java.com/bugreport/crash.jsp
# The crash happened outside the Java Virtual Machine in native code.
# See problematic frame for where to report the bug.
#

---------------  T H R E A D  ---------------

Current thread (0x00007fe45234a800):  JavaThread "Java2D Queue Flusher" daemon [_thread_in_native, id=60427, stack(0x00007000111de000,0x00007000113de000)]

siginfo: si_signo: 11 (SIGSEGV), si_code: 1 (SEGV_MAPERR), si_addr: 0x0000000000000002

Registers:
RAX=0x00000001241ffd0e, RBX=0x0000000000000002, RCX=0x0000000000000047, RDX=0x0000000124200258
RSP=0x00007000113dd810, RBP=0x00007000113dd830, RSI=0x00007fe45da892c0, RDI=0x00007fe45234a9f8
R8 =0x0000000000000020, R9 =0x0000000000000000, R10=0x000000010accdf78, R11=0x00000000e816bb3a
R12=0x0000000000000000, R13=0x0000000740b5d6b0, R14=0x00007fe45234a9f8, R15=0x00007fe45234a800
RIP=0x00000001241df3bf, EFLAGS=0x0000000000010202, ERR=0x0000000000000004
  TRAPNO=0x000000000000000e

Top of Stack: (sp=0x00007000113dd810)
0x00007000113dd810:   00007fe45da892c0 0000000000000000
0x00007000113dd820:   00007fe452358e10 00007fe45234a800
0x00007000113dd830:   00007000113dd8b0 00000001241ffd36
0x00007000113dd840:   0000000000000064 00007fe450ed2838
0x00007000113dd850:   00007000113dd8b0 000000010947f094
0x00007000113dd860:   0000000000000005 00007fe45234a800
0x00007000113dd870:   0000000740b5d601 00007fe452358e20
0x00007000113dd880:   00007000003dd800 00007fe45234a9f8
0x00007000113dd890:   0000000000000000 0000000000000000
0x00007000113dd8a0:   00007000113dd840 00007fe45234a800
0x00007000113dd8b0:   00007000113dd900 000000010accdfea
0x00007000113dd8c0:   0000000740b5d9b8 0000000100000000
0x00007000113dd8d0:   0000000128637028 0000000000000000
0x00007000113dd8e0:   000000011e37df48 0000000000000000
0x00007000113dd8f0:   00007000113dd910 0000000000000000
0x00007000113dd900:   00000000e816bb37 000000010e65b440
0x00007000113dd910:   0000000740b5d9b8 0000000740b5d6b0
0x00007000113dd920:   0000000000000000 0000000000000000
0x00007000113dd930:   0000000740b5d6b0 00007000113dd9d0
0x00007000113dd940:   0000000000000001 0000000000000000
0x00007000113dd950:   00007000113dd9d0 000000010a0d27a7
0x00007000113dd960:   0000000740b5d6b0 0000000740b5d6b0
0x00007000113dd970:   0000700000001fa0 000000000000000a
0x00007000113dd980:   00007fe45234a800 0000000000000001
0x00007000113dd990:   000000010a0d271f 000000011e2edc40
0x00007000113dd9a0:   00007000113dda68 00007000113ddd00
0x00007000113dd9b0:   000000010000000a 000000011e2edc40
0x00007000113dd9c0:   000000010a0e5120 00007000113ddc70
0x00007000113dd9d0:   00007000113ddb80 000000010941d5b6
0x00007000113dd9e0:   0000700000000001 00007fe45234a800
0x00007000113dd9f0:   00007fe45234a800 00007000113ddd00
0x00007000113dda00:   00007fe450ed2830 000000010a0e5120 

Instructions: (pc=0x00000001241df3bf)
0x00000001241df39f:   c0 e9 82 00 00 00 48 8b 5e 10 48 85 db 75 0e bf
0x00000001241df3af:   01 00 00 00 48 8d 15 07 7c 03 00 eb d6 49 89 fe
0x00000001241df3bf:   4c 8b 3b 30 c0 e8 c1 a6 02 00 49 8b 3f 49 89 c4
0x00000001241df3cf:   48 8b 35 4a 03 06 00 30 c0 e8 0f a8 02 00 48 85 

Register to memory mapping:

RAX=0x00000001241ffd0e: Java_sun_java2d_opengl_OGLRenderQueue_flushBuffer+0x612 in /Library/Java/JavaVirtualMachines/jdk1.8.0_131.jdk/Contents/Home/jre/lib/libawt_lwawt.dylib at 0x00000001241c3000
RBX=0x0000000000000002 is an unknown value
RCX=0x0000000000000047 is an unknown value
RDX=0x0000000124200258: Java_sun_java2d_opengl_OGLRenderQueue_flushBuffer+0xb5c in /Library/Java/JavaVirtualMachines/jdk1.8.0_131.jdk/Contents/Home/jre/lib/libawt_lwawt.dylib at 0x00000001241c3000
RSP=0x00007000113dd810 is pointing into the stack for thread: 0x00007fe45234a800
RBP=0x00007000113dd830 is pointing into the stack for thread: 0x00007fe45234a800
RSI=0x00007fe45da892c0 is an unknown value
RDI=0x00007fe45234a9f8 is an unknown value
R8 =0x0000000000000020 is an unknown value
R9 =0x0000000000000000 is an unknown value
R10=0x000000010accdf78 is at entry_point+56 in (nmethod*)0x000000010accddd0
R11=0x00000000e816bb3a is an unknown value
R12=0x0000000000000000 is an unknown value
R13=0x0000000740b5d6b0 is an oop
sun.java2d.opengl.OGLRenderQueue$QueueFlusher 
 - klass: 'sun/java2d/opengl/OGLRenderQueue$QueueFlusher'
R14=0x00007fe45234a9f8 is an unknown value
R15=0x00007fe45234a800 is a thread


Stack: [0x00007000111de000,0x00007000113de000],  sp=0x00007000113dd810,  free space=2046k
Native frames: (J=compiled Java code, j=interpreted, Vv=VM code, C=native code)
C  [libawt_lwawt.dylib+0x1c3bf]  OGLSD_SetScratchSurface+0x49
C  [libawt_lwawt.dylib+0x3cd36]  Java_sun_java2d_opengl_OGLRenderQueue_flushBuffer+0x63a
J 9414  sun.java2d.opengl.OGLRenderQueue.flushBuffer(JI)V (0 bytes) @ 0x000000010accdfea [0x000000010accdf40+0xaa]
J 28164% C2 sun.java2d.opengl.OGLRenderQueue$QueueFlusher.run()V (234 bytes) @ 0x000000010e65b440 [0x000000010e65b340+0x100]
v  ~StubRoutines::call_stub
V  [libjvm.dylib+0x2ee5b6]
V  [libjvm.dylib+0x2eed5a]
V  [libjvm.dylib+0x2eef06]
V  [libjvm.dylib+0x34965d]
V  [libjvm.dylib+0x56b87f]
V  [libjvm.dylib+0x56cf6c]
V  [libjvm.dylib+0x48b376]
C  [libsystem_pthread.dylib+0x393b]  _pthread_body+0xb4
C  [libsystem_pthread.dylib+0x3887]  _pthread_body+0x0
C  [libsystem_pthread.dylib+0x308d]  thread_start+0xd
C  0x0000000000000000

Java frames: (J=compiled Java code, j=interpreted, Vv=VM code)
J 9414  sun.java2d.opengl.OGLRenderQueue.flushBuffer(JI)V (0 bytes) @ 0x000000010accdf78 [0x000000010accdf40+0x38]
J 28164% C2 sun.java2d.opengl.OGLRenderQueue$QueueFlusher.run()V (234 bytes) @ 0x000000010e65b440 [0x000000010e65b340+0x100]
v  ~StubRoutines::call_stub

---------------  P R O C E S S  ---------------

Java Threads: ( => current thread )
  0x00007fe4528f8800 JavaThread "Inactive RequestProcessor thread [Was:org.remikz.netbeans.AutoSaveModified.AutoSaveModified/org.remikz.netbeans.AutoSaveModified.AutoSaveModified]" daemon [_thread_blocked, id=38391, stack(0x0000700011c70000,0x0000700011e70000)]
  0x00007fe457545800 JavaThread "DestroyJavaVM" [_thread_blocked, id=7171, stack(0x000070000f119000,0x000070000f319000)]
  0x00007fe45a771800 JavaThread "TimerQueue" daemon [_thread_blocked, id=80387, stack(0x0000700013697000,0x0000700013897000)]
  0x00007fe4582b6000 JavaThread "Worker-JM" [_thread_blocked, id=79619, stack(0x0000700013494000,0x0000700013694000)]
  0x00007fe4523c9800 JavaThread "Framework Event Dispatcher" daemon [_thread_blocked, id=79107, stack(0x0000700013291000,0x0000700013491000)]
  0x00007fe4524e7800 JavaThread "Deadlock Detector" [_thread_blocked, id=78867, stack(0x000070001308e000,0x000070001328e000)]
  0x00007fe45a15a800 JavaThread "Thread-3" daemon [_thread_blocked, id=76419, stack(0x0000700012e8b000,0x000070001308b000)]
  0x00007fe4523d7800 JavaThread "File Watcher" daemon [_thread_blocked, id=75787, stack(0x0000700012c88000,0x0000700012e88000)]
  0x00007fe45752f000 JavaThread "Thread-1" daemon [_thread_in_native, id=73831, stack(0x0000700012a85000,0x0000700012c85000)]
  0x00007fe45a06b000 JavaThread "Editor Parsing Loop (netbeans-release-428-on-20190716)" daemon [_thread_blocked, id=70659, stack(0x0000700011e73000,0x0000700012073000)]
  0x00007fe451514000 JavaThread "State Data Manager" daemon [_thread_blocked, id=69867, stack(0x0000700011a6d000,0x0000700011c6d000)]
  0x00007fe451778000 JavaThread "Framework Active Thread" [_thread_blocked, id=69327, stack(0x000070001186a000,0x0000700011a6a000)]
  0x00007fe4518e7000 JavaThread "AWT-EventQueue-0" [_thread_blocked, id=64259, stack(0x00007000115e4000,0x00007000117e4000)]
  0x00007fe45133b000 JavaThread "Java2D Disposer" daemon [_thread_blocked, id=63499, stack(0x00007000113e1000,0x00007000115e1000)]
=>0x00007fe45234a800 JavaThread "Java2D Queue Flusher" daemon [_thread_in_native, id=60427, stack(0x00007000111de000,0x00007000113de000)]
  0x00007fe452959800 JavaThread "RequestProcessor queue manager" daemon [_thread_blocked, id=55811, stack(0x0000700010fdb000,0x00007000111db000)]
  0x00007fe4522ad800 JavaThread "AWT-Shutdown" [_thread_blocked, id=30495, stack(0x00007000108cc000,0x0000700010acc000)]
  0x00007fe451238000 JavaThread "AppKit Thread" daemon [_thread_in_native, id=775, stack(0x00007fff571a0000,0x00007fff579a0000)]
  0x00007fe4511c7000 JavaThread "CLI Requests Server" daemon [_thread_in_native, id=20227, stack(0x0000700010646000,0x0000700010846000)]
  0x00007fe452865000 JavaThread "Active Reference Queue Daemon" daemon [_thread_blocked, id=19715, stack(0x0000700010443000,0x0000700010643000)]
  0x00007fe45284a800 JavaThread "Service Thread" daemon [_thread_blocked, id=18691, stack(0x000070001013d000,0x000070001033d000)]
  0x00007fe451041000 JavaThread "C1 CompilerThread2" daemon [_thread_blocked, id=18179, stack(0x000070001003a000,0x000070001013a000)]
  0x00007fe451040000 JavaThread "C2 CompilerThread1" daemon [_thread_blocked, id=17667, stack(0x000070000ff37000,0x0000700010037000)]
  0x00007fe45103e800 JavaThread "C2 CompilerThread0" daemon [_thread_blocked, id=17155, stack(0x000070000fe34000,0x000070000ff34000)]
  0x00007fe45100b000 JavaThread "Signal Dispatcher" daemon [_thread_blocked, id=16643, stack(0x000070000fc31000,0x000070000fe31000)]
  0x00007fe452033800 JavaThread "Finalizer" daemon [_thread_blocked, id=12547, stack(0x000070000fa2e000,0x000070000fc2e000)]
  0x00007fe452030800 JavaThread "Reference Handler" daemon [_thread_blocked, id=12035, stack(0x000070000f82b000,0x000070000fa2b000)]

Other Threads:
  0x00007fe45202c000 VMThread [stack: 0x000070000f728000,0x000070000f828000] [id=11523]
  0x00007fe45103c000 WatcherThread [stack: 0x0000700010340000,0x0000700010440000] [id=19203]

VM state:not at safepoint (normal execution)

VM Mutex/Monitor currently owned by a thread: None

Heap:
 PSYoungGen      total 78848K, used 8044K [0x0000000795580000, 0x000000079ac80000, 0x00000007c0000000)
  eden space 70656K, 0% used [0x0000000795580000,0x0000000795598500,0x0000000799a80000)
  from space 8192K, 97% used [0x0000000799b80000,0x000000079a342df0,0x000000079a380000)
  to   space 9216K, 0% used [0x000000079a380000,0x000000079a380000,0x000000079ac80000)
 ParOldGen       total 257536K, used 167285K [0x0000000740000000, 0x000000074fb80000, 0x0000000795580000)
  object space 257536K, 64% used [0x0000000740000000,0x000000074a35d5f0,0x000000074fb80000)
 Metaspace       used 112412K, capacity 126933K, committed 127272K, reserved 1159168K
  class space    used 13351K, capacity 17339K, committed 17456K, reserved 1048576K

Card table byte_map: [0x00000001190d2000,0x00000001194d3000] byte_map_base: 0x00000001156d2000

Marking Bits: (ParMarkBitMap*) 0x0000000109a20ea0
 Begin Bits: [0x000000011977e000, 0x000000011b77e000)
 End Bits:   [0x000000011b77e000, 0x000000011d77e000)

Polling page: 0x0000000108320000

CodeCache: size=245760Kb used=73260Kb max_used=73437Kb free=172499Kb
 bounds [0x000000010a0d2000, 0x000000010e922000, 0x00000001190d2000]
 total_blobs=20073 nmethods=19142 adapters=837
 compilation: enabled

Compilation events (10 events):
Event: 46171.377 Thread 0x00007fe451041000 28176       3       java.awt.Container::updateGraphicsData (59 bytes)
Event: 46171.387 Thread 0x00007fe451041000 nmethod 28176 0x000000010bd33110 code [0x000000010bd33320, 0x000000010bd33ca8]
Event: 46171.388 Thread 0x00007fe45103e800 28180       4       sun.java2d.pipe.BufferedContext::validate (575 bytes)
Event: 46171.657 Thread 0x00007fe451041000 28177       3       java.awt.Component::updateGraphicsData (38 bytes)
Event: 46171.699 Thread 0x00007fe451041000 nmethod 28177 0x000000010bf762d0 code [0x000000010bf76480, 0x000000010bf76ae8]
Event: 46171.733 Thread 0x00007fe451041000 28179       3       java.util.concurrent.atomic.AtomicInteger::<init> (5 bytes)
Event: 46171.735 Thread 0x00007fe451041000 nmethod 28179 0x000000010c30f5d0 code [0x000000010c30f740, 0x000000010c30f950]
Event: 46172.728 Thread 0x00007fe45103e800 nmethod 28180 0x000000010e7ff590 code [0x000000010e7ffac0, 0x000000010e803530]
Event: 49791.897 Thread 0x00007fe451041000 28181       1       sun.awt.NullComponentPeer::updateGraphicsData (2 bytes)
Event: 49792.027 Thread 0x00007fe451041000 nmethod 28181 0x000000010adfe1d0 code [0x000000010adfe320, 0x000000010adfe430]

GC Heap History (10 events):
Event: 39871.205 GC heap before
{Heap before GC invocations=179 (full 4):
 PSYoungGen      total 71168K, used 67074K [0x0000000795580000, 0x000000079a580000, 0x00000007c0000000)
  eden space 63488K, 100% used [0x0000000795580000,0x0000000799380000,0x0000000799380000)
  from space 7680K, 46% used [0x0000000799e00000,0x000000079a180940,0x000000079a580000)
  to   space 9216K, 0% used [0x0000000799380000,0x0000000799380000,0x0000000799c80000)
 ParOldGen       total 257536K, used 162430K [0x0000000740000000, 0x000000074fb80000, 0x0000000795580000)
  object space 257536K, 63% used [0x0000000740000000,0x0000000749e9fbe0,0x000000074fb80000)
 Metaspace       used 112401K, capacity 126933K, committed 127272K, reserved 1159168K
  class space    used 13350K, capacity 17339K, committed 17456K, reserved 1048576K
Event: 39871.327 GC heap after
Heap after GC invocations=179 (full 4):
 PSYoungGen      total 72704K, used 3881K [0x0000000795580000, 0x000000079aa00000, 0x00000007c0000000)
  eden space 63488K, 0% used [0x0000000795580000,0x0000000795580000,0x0000000799380000)
  from space 9216K, 42% used [0x0000000799380000,0x000000079974a600,0x0000000799c80000)
  to   space 8704K, 0% used [0x000000079a180000,0x000000079a180000,0x000000079aa00000)
 ParOldGen       total 257536K, used 162462K [0x0000000740000000, 0x000000074fb80000, 0x0000000795580000)
  object space 257536K, 63% used [0x0000000740000000,0x0000000749ea7be0,0x000000074fb80000)
 Metaspace       used 112401K, capacity 126933K, committed 127272K, reserved 1159168K
  class space    used 13350K, capacity 17339K, committed 17456K, reserved 1048576K
}
Event: 40534.677 GC heap before
{Heap before GC invocations=180 (full 4):
 PSYoungGen      total 72704K, used 67369K [0x0000000795580000, 0x000000079aa00000, 0x00000007c0000000)
  eden space 63488K, 100% used [0x0000000795580000,0x0000000799380000,0x0000000799380000)
  from space 9216K, 42% used [0x0000000799380000,0x000000079974a600,0x0000000799c80000)
  to   space 8704K, 0% used [0x000000079a180000,0x000000079a180000,0x000000079aa00000)
 ParOldGen       total 257536K, used 162462K [0x0000000740000000, 0x000000074fb80000, 0x0000000795580000)
  object space 257536K, 63% used [0x0000000740000000,0x0000000749ea7be0,0x000000074fb80000)
 Metaspace       used 112401K, capacity 126933K, committed 127272K, reserved 1159168K
  class space    used 13350K, capacity 17339K, committed 17456K, reserved 1048576K
Event: 40534.889 GC heap after
Heap after GC invocations=180 (full 4):
 PSYoungGen      total 75776K, used 3785K [0x0000000795580000, 0x000000079a900000, 0x00000007c0000000)
  eden space 68096K, 0% used [0x0000000795580000,0x0000000795580000,0x0000000799800000)
  from space 7680K, 49% used [0x000000079a180000,0x000000079a5325f0,0x000000079a900000)
  to   space 8704K, 0% used [0x0000000799800000,0x0000000799800000,0x000000079a080000)
 ParOldGen       total 257536K, used 162462K [0x0000000740000000, 0x000000074fb80000, 0x0000000795580000)
  object space 257536K, 63% used [0x0000000740000000,0x0000000749ea7be0,0x000000074fb80000)
 Metaspace       used 112401K, capacity 126933K, committed 127272K, reserved 1159168K
  class space    used 13350K, capacity 17339K, committed 17456K, reserved 1048576K
}
Event: 43030.021 GC heap before
{Heap before GC invocations=181 (full 4):
 PSYoungGen      total 75776K, used 71881K [0x0000000795580000, 0x000000079a900000, 0x00000007c0000000)
  eden space 68096K, 100% used [0x0000000795580000,0x0000000799800000,0x0000000799800000)
  from space 7680K, 49% used [0x000000079a180000,0x000000079a5325f0,0x000000079a900000)
  to   space 8704K, 0% used [0x0000000799800000,0x0000000799800000,0x000000079a080000)
 ParOldGen       total 257536K, used 162462K [0x0000000740000000, 0x000000074fb80000, 0x0000000795580000)
  object space 257536K, 63% used [0x0000000740000000,0x0000000749ea7be0,0x000000074fb80000)
 Metaspace       used 112401K, capacity 126933K, committed 127272K, reserved 1159168K
  class space    used 13350K, capacity 17339K, committed 17456K, reserved 1048576K
Event: 43030.146 GC heap after
Heap after GC invocations=181 (full 4):
 PSYoungGen      total 76800K, used 3709K [0x0000000795580000, 0x000000079ac00000, 0x00000007c0000000)
  eden space 68096K, 0% used [0x0000000795580000,0x0000000795580000,0x0000000799800000)
  from space 8704K, 42% used [0x0000000799800000,0x0000000799b9f620,0x000000079a080000)
  to   space 8192K, 0% used [0x000000079a400000,0x000000079a400000,0x000000079ac00000)
 ParOldGen       total 257536K, used 162518K [0x0000000740000000, 0x000000074fb80000, 0x0000000795580000)
  object space 257536K, 63% used [0x0000000740000000,0x0000000749eb5be0,0x000000074fb80000)
 Metaspace       used 112401K, capacity 126933K, committed 127272K, reserved 1159168K
  class space    used 13350K, capacity 17339K, committed 17456K, reserved 1048576K
}
Event: 45406.836 GC heap before
{Heap before GC invocations=182 (full 4):
 PSYoungGen      total 76800K, used 71805K [0x0000000795580000, 0x000000079ac00000, 0x00000007c0000000)
  eden space 68096K, 100% used [0x0000000795580000,0x0000000799800000,0x0000000799800000)
  from space 8704K, 42% used [0x0000000799800000,0x0000000799b9f620,0x000000079a080000)
  to   space 8192K, 0% used [0x000000079a400000,0x000000079a400000,0x000000079ac00000)
 ParOldGen       total 257536K, used 162518K [0x0000000740000000, 0x000000074fb80000, 0x0000000795580000)
  object space 257536K, 63% used [0x0000000740000000,0x0000000749eb5be0,0x000000074fb80000)
 Metaspace       used 112407K, capacity 126933K, committed 127272K, reserved 1159168K
  class space    used 13350K, capacity 17339K, committed 17456K, reserved 1048576K
Event: 45406.998 GC heap after
Heap after GC invocations=182 (full 4):
 PSYoungGen      total 79360K, used 3220K [0x0000000795580000, 0x000000079ab80000, 0x00000007c0000000)
  eden space 71680K, 0% used [0x0000000795580000,0x0000000795580000,0x0000000799b80000)
  from space 7680K, 41% used [0x000000079a400000,0x000000079a725390,0x000000079ab80000)
  to   space 8192K, 0% used [0x0000000799b80000,0x0000000799b80000,0x000000079a380000)
 ParOldGen       total 257536K, used 162526K [0x0000000740000000, 0x000000074fb80000, 0x0000000795580000)
  object space 257536K, 63% used [0x0000000740000000,0x0000000749eb7be0,0x000000074fb80000)
 Metaspace       used 112407K, capacity 126933K, committed 127272K, reserved 1159168K
  class space    used 13350K, capacity 17339K, committed 17456K, reserved 1048576K
}
Event: 50874.062 GC heap before
{Heap before GC invocations=183 (full 4):
 PSYoungGen      total 79360K, used 74900K [0x0000000795580000, 0x000000079ab80000, 0x00000007c0000000)
  eden space 71680K, 100% used [0x0000000795580000,0x0000000799b80000,0x0000000799b80000)
  from space 7680K, 41% used [0x000000079a400000,0x000000079a725390,0x000000079ab80000)
  to   space 8192K, 0% used [0x0000000799b80000,0x0000000799b80000,0x000000079a380000)
 ParOldGen       total 257536K, used 162526K [0x0000000740000000, 0x000000074fb80000, 0x0000000795580000)
  object space 257536K, 63% used [0x0000000740000000,0x0000000749eb7be0,0x000000074fb80000)
 Metaspace       used 112412K, capacity 126933K, committed 127272K, reserved 1159168K
  class space    used 13351K, capacity 17339K, committed 17456K, reserved 1048576K
Event: 50874.267 GC heap after
Heap after GC invocations=183 (full 4):
 PSYoungGen      total 78848K, used 7947K [0x0000000795580000, 0x000000079ac80000, 0x00000007c0000000)
  eden space 70656K, 0% used [0x0000000795580000,0x0000000795580000,0x0000000799a80000)
  from space 8192K, 97% used [0x0000000799b80000,0x000000079a342df0,0x000000079a380000)
  to   space 9216K, 0% used [0x000000079a380000,0x000000079a380000,0x000000079ac80000)
 ParOldGen       total 257536K, used 167285K [0x0000000740000000, 0x000000074fb80000, 0x0000000795580000)
  object space 257536K, 64% used [0x0000000740000000,0x000000074a35d5f0,0x000000074fb80000)
 Metaspace       used 112412K, capacity 126933K, committed 127272K, reserved 1159168K
  class space    used 13351K, capacity 17339K, committed 17456K, reserved 1048576K
}

Deoptimization events (10 events):
Event: 46128.096 Thread 0x00007fe4518e7000 Uncommon trap: reason=speculate_class_check action=maybe_recompile pc=0x000000010aa96fd8 method=sun.java2d.opengl.OGLSurfaceDataProxy.createProxy(Lsun/java2d/SurfaceData;Lsun/java2d/opengl/OGLGraphicsConfig;)Lsun/java2d/SurfaceDataProxy; @ 1
Event: 46128.151 Thread 0x00007fe4518e7000 Uncommon trap: reason=class_check action=maybe_recompile pc=0x000000010e7c07c4 method=java.awt.Image.flush()V @ 11
Event: 46128.835 Thread 0x00007fe4518e7000 Uncommon trap: reason=speculate_class_check action=maybe_recompile pc=0x000000010aa96fd8 method=sun.java2d.opengl.OGLSurfaceDataProxy.createProxy(Lsun/java2d/SurfaceData;Lsun/java2d/opengl/OGLGraphicsConfig;)Lsun/java2d/SurfaceDataProxy; @ 1
Event: 46133.698 Thread 0x00007fe4518e7000 Uncommon trap: reason=speculate_class_check action=maybe_recompile pc=0x000000010aa96fd8 method=sun.java2d.opengl.OGLSurfaceDataProxy.createProxy(Lsun/java2d/SurfaceData;Lsun/java2d/opengl/OGLGraphicsConfig;)Lsun/java2d/SurfaceDataProxy; @ 1
Event: 46134.838 Thread 0x00007fe4518e7000 Uncommon trap: reason=speculate_class_check action=maybe_recompile pc=0x000000010aa96fd8 method=sun.java2d.opengl.OGLSurfaceDataProxy.createProxy(Lsun/java2d/SurfaceData;Lsun/java2d/opengl/OGLGraphicsConfig;)Lsun/java2d/SurfaceDataProxy; @ 1
Event: 46171.203 Thread 0x00007fe4518e7000 Uncommon trap: reason=unstable_if action=reinterpret pc=0x000000010a391f44 method=java.awt.Component.updateGraphicsData(Ljava/awt/GraphicsConfiguration;)Z @ 25
Event: 46171.229 Thread 0x00007fe4518e7000 Uncommon trap: reason=unstable_if action=reinterpret pc=0x000000010ab52558 method=java.awt.Component.updateGraphicsData(Ljava/awt/GraphicsConfiguration;)Z @ 25
Event: 46171.230 Thread 0x00007fe451238000 Uncommon trap: reason=null_check action=make_not_entrant pc=0x000000010c1d5b10 method=sun.java2d.pipe.BufferedContext.validate(Lsun/java2d/pipe/hw/AccelSurface;Lsun/java2d/pipe/hw/AccelSurface;Lsun/java2d/pipe/Region;Ljava/awt/Composite;Ljava/awt/geom/Aff
Event: 46171.239 Thread 0x00007fe451238000 Uncommon trap: reason=null_check action=make_not_entrant pc=0x000000010d23f8e8 method=java.awt.geom.AffineTransform.equals(Ljava/lang/Object;)Z @ 1
Event: 46171.304 Thread 0x00007fe4518e7000 Uncommon trap: reason=class_check action=maybe_recompile pc=0x000000010e7c07c4 method=java.awt.Image.flush()V @ 11

Internal exceptions (10 events):
Event: 28956.622 Thread 0x00007fe45a477000 Implicit null exception at 0x000000010e3a5480 to 0x000000010e3a56c2
Event: 28956.622 Thread 0x00007fe45a477000 Exception <a 'java/lang/NullPointerException'> (0x0000000798086c60) thrown at [/Users/java_re/workspace/8-2-build-macosx-x86_64/jdk8u131/8869/hotspot/src/share/vm/runtime/sharedRuntime.cpp, line 605]
Event: 33285.286 Thread 0x00007fe45a477000 Implicit null exception at 0x000000010bd31ad9 to 0x000000010bd32bb5
Event: 33287.541 Thread 0x00007fe4518e7000 Implicit null exception at 0x000000010beb58f5 to 0x000000010beb65dd
Event: 44636.163 Thread 0x00007fe45eea8000 Exception <a 'sun/nio/fs/UnixException'> (0x00000007981cb228) thrown at [/Users/java_re/workspace/8-2-build-macosx-x86_64/jdk8u131/8869/hotspot/src/share/vm/prims/jni.cpp, line 709]
Event: 44636.168 Thread 0x00007fe45eea8000 Exception <a 'sun/nio/fs/UnixException'> (0x00000007981cbf00) thrown at [/Users/java_re/workspace/8-2-build-macosx-x86_64/jdk8u131/8869/hotspot/src/share/vm/prims/jni.cpp, line 709]
Event: 44636.182 Thread 0x00007fe45eea8000 Exception <a 'java/io/FileNotFoundException'> (0x00000007981d0590) thrown at [/Users/java_re/workspace/8-2-build-macosx-x86_64/jdk8u131/8869/hotspot/src/share/vm/prims/jni.cpp, line 709]
Event: 46127.595 Thread 0x00007fe4518e7000 Implicit null exception at 0x000000010ca63f34 to 0x000000010ca653fc
Event: 46171.226 Thread 0x00007fe451238000 Implicit null exception at 0x000000010c1d2b03 to 0x000000010c1d5ad9
Event: 46171.239 Thread 0x00007fe451238000 Implicit null exception at 0x000000010d23f7cc to 0x000000010d23f8d9

Events (10 events):
Event: 50867.987 Executing VM operation: FindDeadlocks
Event: 50867.987 Executing VM operation: FindDeadlocks done
Event: 50869.992 Executing VM operation: FindDeadlocks
Event: 50869.992 Executing VM operation: FindDeadlocks done
Event: 50872.000 Executing VM operation: FindDeadlocks
Event: 50872.001 Executing VM operation: FindDeadlocks done
Event: 50874.004 Executing VM operation: FindDeadlocks
Event: 50874.004 Executing VM operation: FindDeadlocks done
Event: 50874.062 Executing VM operation: ParallelGCFailedAllocation
Event: 50874.267 Executing VM operation: ParallelGCFailedAllocation done


Dynamic libraries:
0x0000000058ad2000 	/System/Library/Frameworks/Cocoa.framework/Versions/A/Cocoa
0x0000000058ad2000 	/System/Library/Frameworks/Security.framework/Versions/A/Security
0x0000000058ad2000 	/System/Library/Frameworks/ApplicationServices.framework/Versions/A/ApplicationServices
0x0000000058ad2000 	/usr/lib/libz.1.dylib
0x0000000058ad2000 	/usr/lib/libSystem.B.dylib
0x0000000058ad2000 	/usr/lib/libobjc.A.dylib
0x0000000058ad2000 	/System/Library/Frameworks/CoreFoundation.framework/Versions/A/CoreFoundation
0x0000000058ad2000 	/System/Library/Frameworks/Foundation.framework/Versions/C/Foundation
0x0000000058ad2000 	/System/Library/Frameworks/AppKit.framework/Versions/C/AppKit
0x0000000058ad2000 	/System/Library/Frameworks/CoreData.framework/Versions/A/CoreData
0x0000000058ad2000 	/System/Library/PrivateFrameworks/RemoteViewServices.framework/Versions/A/RemoteViewServices
0x0000000058ad2000 	/System/Library/PrivateFrameworks/UIFoundation.framework/Versions/A/UIFoundation
0x0000000058ad2000 	/System/Library/PrivateFrameworks/DFRFoundation.framework/Versions/A/DFRFoundation
0x0000000058ad2000 	/usr/lib/libenergytrace.dylib
0x0000000058ad2000 	/System/Library/PrivateFrameworks/SkyLight.framework/Versions/A/SkyLight
0x0000000058ad2000 	/System/Library/Frameworks/CoreGraphics.framework/Versions/A/CoreGraphics
0x0000000058ad2000 	/usr/lib/libScreenReader.dylib
0x0000000058ad2000 	/System/Library/Frameworks/Accelerate.framework/Versions/A/Accelerate
0x0000000058ad2000 	/System/Library/Frameworks/IOSurface.framework/Versions/A/IOSurface
0x0000000058ad2000 	/System/Library/Frameworks/AudioToolbox.framework/Versions/A/AudioToolbox
0x0000000058ad2000 	/System/Library/Frameworks/AudioUnit.framework/Versions/A/AudioUnit
0x0000000058ad2000 	/System/Library/PrivateFrameworks/DataDetectorsCore.framework/Versions/A/DataDetectorsCore
0x0000000058ad2000 	/System/Library/PrivateFrameworks/DesktopServicesPriv.framework/Versions/A/DesktopServicesPriv
0x0000000058ad2000 	/System/Library/Frameworks/Carbon.framework/Versions/A/Frameworks/HIToolbox.framework/Versions/A/HIToolbox
0x0000000058ad2000 	/usr/lib/libicucore.A.dylib
0x0000000058ad2000 	/System/Library/Frameworks/QuartzCore.framework/Versions/A/QuartzCore
0x0000000058ad2000 	/System/Library/Frameworks/Carbon.framework/Versions/A/Frameworks/SpeechRecognition.framework/Versions/A/SpeechRecognition
0x0000000058ad2000 	/usr/lib/libauto.dylib
0x0000000058ad2000 	/usr/lib/libxml2.2.dylib
0x0000000058ad2000 	/System/Library/PrivateFrameworks/CoreUI.framework/Versions/A/CoreUI
0x0000000058ad2000 	/System/Library/Frameworks/CoreAudio.framework/Versions/A/CoreAudio
0x0000000058ad2000 	/System/Library/Frameworks/DiskArbitration.framework/Versions/A/DiskArbitration
0x0000000058ad2000 	/usr/lib/liblangid.dylib
0x0000000058ad2000 	/System/Library/PrivateFrameworks/MultitouchSupport.framework/Versions/A/MultitouchSupport
0x0000000058ad2000 	/System/Library/Frameworks/IOKit.framework/Versions/A/IOKit
0x0000000058ad2000 	/usr/lib/libDiagnosticMessagesClient.dylib
0x0000000058ad2000 	/System/Library/Frameworks/CoreServices.framework/Versions/A/CoreServices
0x0000000058ad2000 	/System/Library/PrivateFrameworks/PerformanceAnalysis.framework/Versions/A/PerformanceAnalysis
0x0000000058ad2000 	/System/Library/PrivateFrameworks/GenerationalStorage.framework/Versions/A/GenerationalStorage
0x0000000058ad2000 	/System/Library/Frameworks/OpenGL.framework/Versions/A/OpenGL
0x0000000058ad2000 	/System/Library/Frameworks/CoreImage.framework/Versions/A/CoreImage
0x0000000058ad2000 	/System/Library/Frameworks/CoreText.framework/Versions/A/CoreText
0x0000000058ad2000 	/System/Library/Frameworks/ImageIO.framework/Versions/A/ImageIO
0x0000000058ad2000 	/System/Library/PrivateFrameworks/Backup.framework/Versions/A/Backup
0x0000000058ad2000 	/usr/lib/libarchive.2.dylib
0x0000000058ad2000 	/System/Library/Frameworks/CFNetwork.framework/Versions/A/CFNetwork
0x0000000058ad2000 	/System/Library/Frameworks/SystemConfiguration.framework/Versions/A/SystemConfiguration
0x0000000058ad2000 	/usr/lib/libCRFSuite.dylib
0x0000000058ad2000 	/usr/lib/libc++.1.dylib
0x0000000058ad2000 	/usr/lib/libc++abi.dylib
0x0000000058ad2000 	/usr/lib/system/libcache.dylib
0x0000000058ad2000 	/usr/lib/system/libcommonCrypto.dylib
0x0000000058ad2000 	/usr/lib/system/libcompiler_rt.dylib
0x0000000058ad2000 	/usr/lib/system/libcopyfile.dylib
0x0000000058ad2000 	/usr/lib/system/libcorecrypto.dylib
0x0000000058ad2000 	/usr/lib/system/libdispatch.dylib
0x0000000058ad2000 	/usr/lib/system/libdyld.dylib
0x0000000058ad2000 	/usr/lib/system/libkeymgr.dylib
0x0000000058ad2000 	/usr/lib/system/liblaunch.dylib
0x0000000058ad2000 	/usr/lib/system/libmacho.dylib
0x0000000058ad2000 	/usr/lib/system/libquarantine.dylib
0x0000000058ad2000 	/usr/lib/system/libremovefile.dylib
0x0000000058ad2000 	/usr/lib/system/libsystem_asl.dylib
0x0000000058ad2000 	/usr/lib/system/libsystem_blocks.dylib
0x0000000058ad2000 	/usr/lib/system/libsystem_c.dylib
0x0000000058ad2000 	/usr/lib/system/libsystem_configuration.dylib
0x0000000058ad2000 	/usr/lib/system/libsystem_coreservices.dylib
0x0000000058ad2000 	/usr/lib/system/libsystem_coretls.dylib
0x0000000058ad2000 	/usr/lib/system/libsystem_dnssd.dylib
0x0000000058ad2000 	/usr/lib/system/libsystem_info.dylib
0x0000000058ad2000 	/usr/lib/system/libsystem_kernel.dylib
0x0000000058ad2000 	/usr/lib/system/libsystem_m.dylib
0x0000000058ad2000 	/usr/lib/system/libsystem_malloc.dylib
0x0000000058ad2000 	/usr/lib/system/libsystem_network.dylib
0x0000000058ad2000 	/usr/lib/system/libsystem_networkextension.dylib
0x0000000058ad2000 	/usr/lib/system/libsystem_notify.dylib
0x0000000058ad2000 	/usr/lib/system/libsystem_platform.dylib
0x0000000058ad2000 	/usr/lib/system/libsystem_pthread.dylib
0x0000000058ad2000 	/usr/lib/system/libsystem_sandbox.dylib
0x0000000058ad2000 	/usr/lib/system/libsystem_secinit.dylib
0x0000000058ad2000 	/usr/lib/system/libsystem_symptoms.dylib
0x0000000058ad2000 	/usr/lib/system/libsystem_trace.dylib
0x0000000058ad2000 	/usr/lib/system/libunwind.dylib
0x0000000058ad2000 	/usr/lib/system/libxpc.dylib
0x0000000058ad2000 	/usr/lib/libbsm.0.dylib
0x0000000058ad2000 	/usr/lib/system/libkxld.dylib
0x0000000058ad2000 	/usr/lib/libcoretls.dylib
0x0000000058ad2000 	/usr/lib/libcoretls_cfhelpers.dylib
0x0000000058ad2000 	/usr/lib/libOpenScriptingUtil.dylib
0x0000000058ad2000 	/usr/lib/libpam.2.dylib
0x0000000058ad2000 	/usr/lib/libsqlite3.dylib
0x0000000058ad2000 	/usr/lib/libxar.1.dylib
0x0000000058ad2000 	/usr/lib/libbz2.1.0.dylib
0x0000000058ad2000 	/usr/lib/liblzma.5.dylib
0x0000000058ad2000 	/usr/lib/libnetwork.dylib
0x0000000058ad2000 	/usr/lib/libpcap.A.dylib
0x0000000058ad2000 	/System/Library/Frameworks/CoreServices.framework/Versions/A/Frameworks/FSEvents.framework/Versions/A/FSEvents
0x0000000058ad2000 	/System/Library/Frameworks/CoreServices.framework/Versions/A/Frameworks/CarbonCore.framework/Versions/A/CarbonCore
0x0000000058ad2000 	/System/Library/Frameworks/CoreServices.framework/Versions/A/Frameworks/Metadata.framework/Versions/A/Metadata
0x0000000058ad2000 	/System/Library/Frameworks/CoreServices.framework/Versions/A/Frameworks/OSServices.framework/Versions/A/OSServices
0x0000000058ad2000 	/System/Library/Frameworks/CoreServices.framework/Versions/A/Frameworks/SearchKit.framework/Versions/A/SearchKit
0x0000000058ad2000 	/System/Library/Frameworks/CoreServices.framework/Versions/A/Frameworks/AE.framework/Versions/A/AE
0x0000000058ad2000 	/System/Library/Frameworks/CoreServices.framework/Versions/A/Frameworks/LaunchServices.framework/Versions/A/LaunchServices
0x0000000058ad2000 	/System/Library/Frameworks/CoreServices.framework/Versions/A/Frameworks/DictionaryServices.framework/Versions/A/DictionaryServices
0x0000000058ad2000 	/System/Library/Frameworks/CoreServices.framework/Versions/A/Frameworks/SharedFileList.framework/Versions/A/SharedFileList
0x0000000058ad2000 	/System/Library/Frameworks/NetFS.framework/Versions/A/NetFS
0x0000000058ad2000 	/System/Library/PrivateFrameworks/NetAuth.framework/Versions/A/NetAuth
0x0000000058ad2000 	/System/Library/PrivateFrameworks/login.framework/Versions/A/Frameworks/loginsupport.framework/Versions/A/loginsupport
0x0000000058ad2000 	/System/Library/PrivateFrameworks/TCC.framework/Versions/A/TCC
0x0000000058ad2000 	/usr/lib/libmecabra.dylib
0x0000000058ad2000 	/System/Library/Frameworks/ApplicationServices.framework/Versions/A/Frameworks/ATS.framework/Versions/A/ATS
0x0000000058ad2000 	/System/Library/Frameworks/ApplicationServices.framework/Versions/A/Frameworks/ColorSync.framework/Versions/A/ColorSync
0x0000000058ad2000 	/System/Library/Frameworks/ApplicationServices.framework/Versions/A/Frameworks/HIServices.framework/Versions/A/HIServices
0x0000000058ad2000 	/System/Library/Frameworks/ApplicationServices.framework/Versions/A/Frameworks/LangAnalysis.framework/Versions/A/LangAnalysis
0x0000000058ad2000 	/System/Library/Frameworks/ApplicationServices.framework/Versions/A/Frameworks/PrintCore.framework/Versions/A/PrintCore
0x0000000058ad2000 	/System/Library/Frameworks/ApplicationServices.framework/Versions/A/Frameworks/QD.framework/Versions/A/QD
0x0000000058ad2000 	/System/Library/Frameworks/ApplicationServices.framework/Versions/A/Frameworks/SpeechSynthesis.framework/Versions/A/SpeechSynthesis
0x0000000058ad2000 	/System/Library/Frameworks/Accelerate.framework/Versions/A/Frameworks/vImage.framework/Versions/A/vImage
0x0000000058ad2000 	/System/Library/Frameworks/Accelerate.framework/Versions/A/Frameworks/vecLib.framework/Versions/A/vecLib
0x0000000058ad2000 	/System/Library/Frameworks/Accelerate.framework/Versions/A/Frameworks/vecLib.framework/Versions/A/libvDSP.dylib
0x0000000058ad2000 	/System/Library/Frameworks/Accelerate.framework/Versions/A/Frameworks/vecLib.framework/Versions/A/libBNNS.dylib
0x0000000058ad2000 	/System/Library/Frameworks/Accelerate.framework/Versions/A/Frameworks/vecLib.framework/Versions/A/libQuadrature.dylib
0x0000000058ad2000 	/System/Library/Frameworks/Accelerate.framework/Versions/A/Frameworks/vecLib.framework/Versions/A/libvMisc.dylib
0x0000000058ad2000 	/System/Library/Frameworks/Accelerate.framework/Versions/A/Frameworks/vecLib.framework/Versions/A/libLAPACK.dylib
0x0000000058ad2000 	/System/Library/Frameworks/Accelerate.framework/Versions/A/Frameworks/vecLib.framework/Versions/A/libBLAS.dylib
0x0000000058ad2000 	/System/Library/Frameworks/Accelerate.framework/Versions/A/Frameworks/vecLib.framework/Versions/A/libLinearAlgebra.dylib
0x0000000058ad2000 	/System/Library/Frameworks/Accelerate.framework/Versions/A/Frameworks/vecLib.framework/Versions/A/libSparseBLAS.dylib
0x0000000058ad2000 	/System/Library/Frameworks/ApplicationServices.framework/Versions/A/Frameworks/ATS.framework/Versions/A/Resources/libFontParser.dylib
0x0000000058ad2000 	/System/Library/Frameworks/ApplicationServices.framework/Versions/A/Frameworks/ATS.framework/Versions/A/Resources/libFontRegistry.dylib
0x0000000058ad2000 	/System/Library/Frameworks/ImageIO.framework/Versions/A/Resources/libJPEG.dylib
0x0000000058ad2000 	/System/Library/Frameworks/ImageIO.framework/Versions/A/Resources/libTIFF.dylib
0x0000000058ad2000 	/System/Library/Frameworks/ImageIO.framework/Versions/A/Resources/libPng.dylib
0x0000000058ad2000 	/System/Library/Frameworks/ImageIO.framework/Versions/A/Resources/libGIF.dylib
0x0000000058ad2000 	/System/Library/Frameworks/ImageIO.framework/Versions/A/Resources/libJP2.dylib
0x0000000058ad2000 	/System/Library/Frameworks/ImageIO.framework/Versions/A/Resources/libRadiance.dylib
0x0000000058ad2000 	/usr/lib/libcompression.dylib
0x0000000058ad2000 	/System/Library/PrivateFrameworks/AppleJPEG.framework/Versions/A/AppleJPEG
0x0000000058ad2000 	/usr/lib/libcups.2.dylib
0x0000000058ad2000 	/System/Library/Frameworks/Kerberos.framework/Versions/A/Kerberos
0x0000000058ad2000 	/System/Library/Frameworks/GSS.framework/Versions/A/GSS
0x0000000058ad2000 	/usr/lib/libresolv.9.dylib
0x0000000058ad2000 	/usr/lib/libiconv.2.dylib
0x0000000058ad2000 	/System/Library/PrivateFrameworks/Heimdal.framework/Versions/A/Heimdal
0x0000000058ad2000 	/usr/lib/libheimdal-asn1.dylib
0x0000000058ad2000 	/System/Library/Frameworks/OpenDirectory.framework/Versions/A/OpenDirectory
0x0000000058ad2000 	/System/Library/PrivateFrameworks/CommonAuth.framework/Versions/A/CommonAuth
0x0000000058ad2000 	/System/Library/Frameworks/OpenDirectory.framework/Versions/A/Frameworks/CFOpenDirectory.framework/Versions/A/CFOpenDirectory
0x0000000058ad2000 	/System/Library/Frameworks/SecurityFoundation.framework/Versions/A/SecurityFoundation
0x0000000058ad2000 	/System/Library/PrivateFrameworks/LanguageModeling.framework/Versions/A/LanguageModeling
0x0000000058ad2000 	/usr/lib/libmarisa.dylib
0x0000000058ad2000 	/usr/lib/libChineseTokenizer.dylib
0x0000000058ad2000 	/usr/lib/libcmph.dylib
0x0000000058ad2000 	/System/Library/PrivateFrameworks/CoreEmoji.framework/Versions/A/CoreEmoji
0x0000000058ad2000 	/System/Library/Frameworks/ServiceManagement.framework/Versions/A/ServiceManagement
0x0000000058ad2000 	/usr/lib/libxslt.1.dylib
0x0000000058ad2000 	/System/Library/Frameworks/Carbon.framework/Versions/A/Frameworks/Ink.framework/Versions/A/Ink
0x0000000058ad2000 	/System/Library/PrivateFrameworks/TextureIO.framework/Versions/A/TextureIO
0x0000000058ad2000 	/System/Library/Frameworks/Metal.framework/Versions/A/Metal
0x0000000058ad2000 	/usr/lib/libate.dylib
0x0000000058ad2000 	/System/Library/PrivateFrameworks/GPUCompiler.framework/libmetal_timestamp.dylib
0x0000000058ad2000 	/System/Library/Frameworks/OpenGL.framework/Versions/A/Libraries/libCoreFSCache.dylib
0x0000000058ad2000 	/System/Library/PrivateFrameworks/IOAccelerator.framework/Versions/A/IOAccelerator
0x0000000058ad2000 	/System/Library/Frameworks/CoreVideo.framework/Versions/A/CoreVideo
0x0000000058ad2000 	/usr/lib/libFosl_dynamic.dylib
0x0000000058ad2000 	/System/Library/PrivateFrameworks/MetalPerformanceShaders.framework/Versions/A/MetalPerformanceShaders
0x0000000058ad2000 	/System/Library/PrivateFrameworks/FaceCore.framework/Versions/A/FaceCore
0x0000000058ad2000 	/System/Library/Frameworks/OpenCL.framework/Versions/A/OpenCL
0x0000000058ad2000 	/System/Library/Frameworks/OpenGL.framework/Versions/A/Libraries/libGLU.dylib
0x0000000058ad2000 	/System/Library/Frameworks/OpenGL.framework/Versions/A/Libraries/libGFXShared.dylib
0x0000000058ad2000 	/System/Library/Frameworks/OpenGL.framework/Versions/A/Libraries/libGL.dylib
0x0000000058ad2000 	/System/Library/Frameworks/OpenGL.framework/Versions/A/Libraries/libGLImage.dylib
0x0000000058ad2000 	/System/Library/Frameworks/OpenGL.framework/Versions/A/Libraries/libCVMSPluginSupport.dylib
0x0000000058ad2000 	/System/Library/Frameworks/OpenGL.framework/Versions/A/Libraries/libCoreVMClient.dylib
0x0000000058ad2000 	/System/Library/PrivateFrameworks/CrashReporterSupport.framework/Versions/A/CrashReporterSupport
0x0000000058ad2000 	/System/Library/PrivateFrameworks/Sharing.framework/Versions/A/Sharing
0x0000000058ad2000 	/System/Library/PrivateFrameworks/IconServices.framework/Versions/A/IconServices
0x0000000058ad2000 	/System/Library/PrivateFrameworks/ProtocolBuffer.framework/Versions/A/ProtocolBuffer
0x0000000058ad2000 	/System/Library/PrivateFrameworks/Apple80211.framework/Versions/A/Apple80211
0x0000000058ad2000 	/System/Library/Frameworks/CoreWLAN.framework/Versions/A/CoreWLAN
0x0000000058ad2000 	/System/Library/PrivateFrameworks/CoreUtils.framework/Versions/A/CoreUtils
0x0000000058ad2000 	/System/Library/Frameworks/IOBluetooth.framework/Versions/A/IOBluetooth
0x0000000058ad2000 	/System/Library/PrivateFrameworks/CoreWiFi.framework/Versions/A/CoreWiFi
0x0000000058ad2000 	/System/Library/Frameworks/CoreBluetooth.framework/Versions/A/CoreBluetooth
0x0000000058ad2000 	/System/Library/Frameworks/CoreDisplay.framework/Versions/A/CoreDisplay
0x0000000058ad2000 	/System/Library/PrivateFrameworks/IOPresentment.framework/Versions/A/IOPresentment
0x0000000058ad2000 	/System/Library/PrivateFrameworks/DSExternalDisplay.framework/Versions/A/DSExternalDisplay
0x0000000058ad2000 	/System/Library/PrivateFrameworks/DebugSymbols.framework/Versions/A/DebugSymbols
0x0000000058ad2000 	/System/Library/PrivateFrameworks/CoreSymbolication.framework/Versions/A/CoreSymbolication
0x0000000058ad2000 	/System/Library/PrivateFrameworks/Symbolication.framework/Versions/A/Symbolication
0x0000000058ad2000 	/System/Library/PrivateFrameworks/AppleFSCompression.framework/Versions/A/AppleFSCompression
0x0000000058ad2000 	/System/Library/PrivateFrameworks/SpeechRecognitionCore.framework/Versions/A/SpeechRecognitionCore
0x0000000058ad2000 	/System/Library/PrivateFrameworks/ChunkingLibrary.framework/Versions/A/ChunkingLibrary
0x000000010912f000 	/Library/Java/JavaVirtualMachines/jdk1.8.0_131.jdk/Contents/Home/jre/lib/server/libjvm.dylib
0x0000000058ad2000 	/usr/lib/libstdc++.6.dylib
0x00000001082dd000 	/Library/Java/JavaVirtualMachines/jdk1.8.0_131.jdk/Contents/Home/jre/lib/libverify.dylib
0x00000001082eb000 	/Library/Java/JavaVirtualMachines/jdk1.8.0_131.jdk/Contents/Home/jre/lib/libjava.dylib
0x000000010832a000 	/Library/Java/JavaVirtualMachines/jdk1.8.0_131.jdk/Contents/Home/jre/lib/libzip.dylib
0x0000000109087000 	/System/Library/Frameworks/JavaVM.framework/Frameworks/JavaRuntimeSupport.framework/JavaRuntimeSupport
0x000000011f4e3000 	/System/Library/Frameworks/JavaVM.framework/Versions/A/Frameworks/JavaNativeFoundation.framework/Versions/A/JavaNativeFoundation
0x000000011f4f8000 	/System/Library/Frameworks/JavaVM.framework/Versions/A/JavaVM
0x0000000058ad2000 	/System/Library/Frameworks/Carbon.framework/Versions/A/Carbon
0x000000011f505000 	/System/Library/PrivateFrameworks/JavaLaunching.framework/Versions/A/JavaLaunching
0x0000000058ad2000 	/System/Library/Frameworks/Carbon.framework/Versions/A/Frameworks/CommonPanels.framework/Versions/A/CommonPanels
0x0000000058ad2000 	/System/Library/Frameworks/Carbon.framework/Versions/A/Frameworks/Help.framework/Versions/A/Help
0x0000000058ad2000 	/System/Library/Frameworks/Carbon.framework/Versions/A/Frameworks/ImageCapture.framework/Versions/A/ImageCapture
0x0000000058ad2000 	/System/Library/Frameworks/Carbon.framework/Versions/A/Frameworks/OpenScripting.framework/Versions/A/OpenScripting
0x0000000058ad2000 	/System/Library/Frameworks/Carbon.framework/Versions/A/Frameworks/Print.framework/Versions/A/Print
0x0000000058ad2000 	/System/Library/Frameworks/Carbon.framework/Versions/A/Frameworks/SecurityHI.framework/Versions/A/SecurityHI
0x0000000120e18000 	/Library/Java/JavaVirtualMachines/jdk1.8.0_131.jdk/Contents/Home/jre/lib/libnio.dylib
0x0000000120e28000 	/Library/Java/JavaVirtualMachines/jdk1.8.0_131.jdk/Contents/Home/jre/lib/./libnet.dylib
0x000000012404f000 	/Library/Java/JavaVirtualMachines/jdk1.8.0_131.jdk/Contents/Home/jre/lib/libawt.dylib
0x00000001240f7000 	/Library/Java/JavaVirtualMachines/jdk1.8.0_131.jdk/Contents/Home/jre/lib/./libmlib_image.dylib
0x00000001241c3000 	/Library/Java/JavaVirtualMachines/jdk1.8.0_131.jdk/Contents/Home/jre/lib/libawt_lwawt.dylib
0x000000012427a000 	/Library/Java/JavaVirtualMachines/jdk1.8.0_131.jdk/Contents/Home/jre/lib/./libosxapp.dylib
0x0000000058ad2000 	/System/Library/Frameworks/ExceptionHandling.framework/Versions/A/ExceptionHandling
0x0000000058ad2000 	/System/Library/PrivateFrameworks/CoreServicesInternal.framework/Versions/A/CoreServicesInternal
0x0000000058ad2000 	/System/Library/CoreServices/RawCamera.bundle/Contents/MacOS/RawCamera
0x0000000124816000 	/System/Library/Frameworks/Accelerate.framework/Frameworks/vImage.framework/Versions/A/Libraries/libCGInterfaces.dylib
0x0000000058ad2000 	/System/Library/Frameworks/ApplicationServices.framework/Versions/A/Frameworks/ATS.framework/Versions/A/Resources/libTrueTypeScaler.dylib
0x0000000125e07000 	/System/Library/Frameworks/OpenGL.framework/Resources/GLEngine.bundle/GLEngine
0x0000000058ad2000 	/System/Library/Frameworks/OpenGL.framework/Versions/A/Libraries/libGLProgrammability.dylib
0x0000000125fec000 	/System/Library/Extensions/AppleIntelBDWGraphicsGLDriver.bundle/Contents/MacOS/AppleIntelBDWGraphicsGLDriver
0x0000000058ad2000 	/System/Library/PrivateFrameworks/GPUSupport.framework/Versions/A/Libraries/libGPUSupportMercury.dylib
0x0000000126756000 	/System/Library/Frameworks/OpenGL.framework/Resources//GLRendererFloat.bundle/GLRendererFloat
0x0000000058ad2000 	/System/Library/Frameworks/OpenCL.framework/Versions/A/Libraries/libcldcpuengine.dylib
0x0000000058ad2000 	/usr/lib/libcrypto.0.9.8.dylib
0x0000000058ad2000 	/System/Library/PrivateFrameworks/TrustEvaluationAgent.framework/Versions/A/TrustEvaluationAgent
0x000000012678a000 	/System/Library/Extensions/AppleIntelBDWGraphicsMTLDriver.bundle/Contents/MacOS/AppleIntelBDWGraphicsMTLDriver
0x0000000058ad2000 	/System/Library/PrivateFrameworks/FamilyControls.framework/Versions/A/FamilyControls
0x0000000058ad2000 	/System/Library/PrivateFrameworks/CommerceKit.framework/Versions/A/Frameworks/CommerceCore.framework/Versions/A/CommerceCore
0x0000000058ad2000 	/System/Library/PrivateFrameworks/SystemAdministration.framework/Versions/A/SystemAdministration
0x0000000058ad2000 	/System/Library/PrivateFrameworks/AppContainer.framework/Versions/A/AppContainer
0x0000000058ad2000 	/System/Library/PrivateFrameworks/SecCodeWrapper.framework/Versions/A/SecCodeWrapper
0x0000000058ad2000 	/System/Library/Frameworks/DirectoryService.framework/Versions/A/DirectoryService
0x0000000058ad2000 	/System/Library/PrivateFrameworks/DiskImages.framework/Versions/A/DiskImages
0x0000000058ad2000 	/System/Library/PrivateFrameworks/LoginUIKit.framework/Versions/A/Frameworks/LoginUICore.framework/Versions/A/LoginUICore
0x0000000058ad2000 	/usr/lib/libCoreStorage.dylib
0x0000000058ad2000 	/usr/lib/libcsfde.dylib
0x0000000058ad2000 	/usr/lib/libodfde.dylib
0x0000000058ad2000 	/System/Library/Frameworks/DiscRecording.framework/Versions/A/DiscRecording
0x0000000058ad2000 	/usr/lib/libcurl.4.dylib
0x0000000058ad2000 	/System/Library/PrivateFrameworks/MediaKit.framework/Versions/A/MediaKit
0x0000000058ad2000 	/System/Library/PrivateFrameworks/ProtectedCloudStorage.framework/Versions/A/ProtectedCloudStorage
0x0000000058ad2000 	/System/Library/PrivateFrameworks/EFILogin.framework/Versions/A/EFILogin
0x0000000058ad2000 	/usr/lib/libutil.dylib
0x0000000058ad2000 	/System/Library/Frameworks/LDAP.framework/Versions/A/LDAP
0x0000000058ad2000 	/usr/lib/libsasl2.2.dylib
0x0000000058ad2000 	/System/Library/PrivateFrameworks/CoreDaemon.framework/Versions/B/CoreDaemon
0x0000000058ad2000 	/System/Library/PrivateFrameworks/AppleSRP.framework/Versions/A/AppleSRP
0x0000000058ad2000 	/System/Library/PrivateFrameworks/APFS.framework/Versions/A/APFS
0x0000000058ad2000 	/System/Library/PrivateFrameworks/ViewBridge.framework/Versions/A/ViewBridge
0x0000000058ad2000 	/System/Library/PrivateFrameworks/XPCService.framework/Versions/A/XPCService
0x0000000058ad2000 	/System/Library/PrivateFrameworks/AppSandbox.framework/Versions/A/AppSandbox
0x0000000058ad2000 	/usr/lib/libsandbox.1.dylib
0x0000000058ad2000 	/usr/lib/libMatch.1.dylib
0x0000000128867000 	/Library/Java/JavaVirtualMachines/jdk1.8.0_131.jdk/Contents/Home/jre/lib/libsplashscreen.dylib
0x00000001288c0000 	/Library/Java/JavaVirtualMachines/jdk1.8.0_131.jdk/Contents/Home/jre/lib/libfontmanager.dylib
0x0000000126932000 	/Library/Java/JavaVirtualMachines/jdk1.8.0_131.jdk/Contents/Home/jre/lib/libosxui.dylib
0x0000000125cf2000 	/Applications/NetBeans/Apache NetBeans 11.1.app/Contents/Resources/NetBeans/platform/modules/lib/libjnidispatch-440.jnilib
0x000000012b42e000 	/Library/Java/JavaVirtualMachines/jdk1.8.0_131.jdk/Contents/Home/jre/lib/libmanagement.dylib
0x000000012ef85000 	/Library/Java/JavaVirtualMachines/jdk1.8.0_131.jdk/Contents/Home/jre/lib/libdcpr.dylib
0x000000012bf81000 	/Library/Java/JavaVirtualMachines/jdk1.8.0_131.jdk/Contents/Home/jre/lib/libjpeg.dylib
0x0000000058ad2000 	/System/Library/PrivateFrameworks/CloudDocs.framework/Versions/A/CloudDocs
0x0000000058ad2000 	/System/Library/Frameworks/CloudKit.framework/Versions/A/CloudKit
0x0000000058ad2000 	/System/Library/PrivateFrameworks/MMCS.framework/Versions/A/MMCS
0x0000000058ad2000 	/System/Library/Frameworks/CoreLocation.framework/Versions/A/CoreLocation
0x0000000058ad2000 	/System/Library/PrivateFrameworks/AssetCacheServices.framework/Versions/A/AssetCacheServices
0x0000000058ad2000 	/System/Library/PrivateFrameworks/GeoServices.framework/Versions/A/GeoServices
0x0000000121b9f000 	/Library/Java/JavaVirtualMachines/jdk1.8.0_131.jdk/Contents/Home/jre/lib/libsunec.dylib
0x0000000121abf000 	/Library/Java/JavaVirtualMachines/jdk1.8.0_131.jdk/Contents/Home/jre/lib/liblcms.dylib
0x0000000058ad2000 	/System/Library/PrivateFrameworks/Shortcut.framework/Versions/A/Shortcut
0x0000000058ad2000 	/System/Library/PrivateFrameworks/HelpData.framework/Versions/A/HelpData

VM Arguments:
jvm_args: -Djdk.home=/Library/Java/JavaVirtualMachines/jdk1.8.0_131.jdk/Contents/Home -Dnetbeans.default_userdir_root=/Users/dthurston/Library/Application Support/NetBeans -Dnetbeans.dirs=/Applications/NetBeans/Apache NetBeans 11.1.app/Contents/Resources/NetBeans/nb:/Applications/NetBeans/Apache NetBeans 11.1.app/Contents/Resources/NetBeans/ergonomics:/Applications/NetBeans/Apache NetBeans 11.1.app/Contents/Resources/NetBeans/ide:/Applications/NetBeans/Apache NetBeans 11.1.app/Contents/Resources/NetBeans/extide:/Applications/NetBeans/Apache NetBeans 11.1.app/Contents/Resources/NetBeans/java:/Applications/NetBeans/Apache NetBeans 11.1.app/Contents/Resources/NetBeans/apisupport:/Applications/NetBeans/Apache NetBeans 11.1.app/Contents/Resources/NetBeans/webcommon:/Applications/NetBeans/Apache NetBeans 11.1.app/Contents/Resources/NetBeans/websvccommon:/Applications/NetBeans/Apache NetBeans 11.1.app/Contents/Resources/NetBeans/enterprise:/Applications/NetBeans/Apache NetBeans 11.1.app/Contents/Resources/NetBeans/mobility:/Applications/NetBeans/Apache NetBeans 11.1.app/Contents/Resources/NetBeans/profiler:/Applications/NetBeans/Apache NetBeans 11.1.app/Contents/Resources/NetBeans/python:/Applications/NetBeans/Apache NetBeans 11.1.app/Contents/Resources/NetBeans/php:/Applications/NetBeans/Apache NetBeans 11.1.app/Contents/Resources/NetBeans/identity:/Applications/NetBeans/Apache NetBeans 11.1.app/Contents/Resources/NetBeans/harness:/Applications/NetBeans/Apache NetBeans 11.1.app/Contents/Resources/NetBeans/cnd:/Applications/NetBeans/Apache NetBeans 11.1.app/Contents/Resources/NetBeans/cndext:/Applications/NetBeans/Apache NetBeans 11.1.app/Contents/Resources/NetBeans/dlight:/Applications/NetBeans/Apache NetBeans 11.1.app/Contents/Resources/NetBeans/groovy:/Applications/NetBeans/Apache NetBeans 11.1.app/Contents/Resources/NetBeans/extra:/Applications/NetBeans/Apache NetBeans 11.1.app/Contents/Resources/NetBeans/javacard:/Applications/NetBeans/Apache NetBeans 11.1.app/Contents/Resources/NetBeans/javafx: -Dnetbeans.home=/Applications/NetBeans/Apache NetBeans 11.1.app/Contents/Resources/NetBeans/platform -Dnetbeans.importclass=org.netbeans.upgrade.AutoUpgrade -XX:+UseStringDeduplication -Xss2m -Djdk.gtk.version=2.2 -Dapple.laf.useScreenMenuBar=true -Dapple.awt.graphics.UseQuartz=true -Dsun.java2d.noddraw=true -Dsun.java2d.dpiaware=true -Dsun.zip.disableMemoryMapping=true -Dplugin.manager.check.updates=false -Dnetbeans.extbrowser.manual_chrome_plugin_install=yes --add-opens=java.base/java.net=ALL-UNNAMED --add-opens=java.base/java.lang.ref=ALL-UNNAMED --add-opens=java.base/java.lang=ALL-UNNAMED --add-opens=java.base/java.security=ALL-UNNAMED --add-opens=java.base/java.util=ALL-UNNAMED --add-opens=java.desktop/javax.swing.plaf.basic=ALL-UNNAMED --add-opens=java.desktop/javax.swing.text=ALL-UNNAMED --add-opens=java.desktop/javax.swing=ALL-UNNAMED --add-opens=java.desktop/java.awt=ALL-UNNAMED --add-opens=java.desktop/java.awt.event=ALL-UNNAMED --add-opens=java.prefs/java.util.prefs=ALL-UNNAMED --add-opens=jdk.jshell/jdk.jshell=ALL-UNNAMED --add-modules=jdk.jshell --add-exports=java.desktop/sun.awt=ALL-UNNAMED --add-exports=java.desktop/java.awt.peer=ALL-UNNAMED --add-exports=java.desktop/com.sun.beans.editors=ALL-UNNAMED --add-exports=java.desktop/sun.swing=ALL-UNNAMED --add-exports=java.desktop/sun.awt.im=ALL-UNNAMED --add-exports=jdk.internal.jvmstat/sun.jvmstat.monitor=ALL-UNNAMED --add-exports=java.management/sun.management=ALL-UNNAMED --add-exports=java.base/sun.reflect.annotation=ALL-UNNAMED --add-exports=jdk.javadoc/com.sun.tools.javadoc.main=ALL-UNNAMED -XX:+IgnoreUnrecognizedVMOptions -XX:+HeapDumpOnOutOfMemoryError -XX:HeapDumpPath=/Users/dthurston/Library/Application Support/NetBeans/11.1/var/log/heapdump.hprof 
java_command: org.netbeans.Main --cachedir /Users/dthurston/Library/Caches/NetBeans/11.1 --userdir /Users/dthurston/Library/Application Support/NetBeans/11.1 --branding nb
java_class_path (initial): /Applications/NetBeans/Apache NetBeans 11.1.app/Contents/Resources/NetBeans/platform/lib/boot.jar:/Applications/NetBeans/Apache NetBeans 11.1.app/Contents/Resources/NetBeans/platform/lib/org-openide-modules.jar:/Applications/NetBeans/Apache NetBeans 11.1.app/Contents/Resources/NetBeans/platform/lib/org-openide-util-lookup.jar:/Applications/NetBeans/Apache NetBeans 11.1.app/Contents/Resources/NetBeans/platform/lib/org-openide-util-ui.jar:/Applications/NetBeans/Apache NetBeans 11.1.app/Contents/Resources/NetBeans/platform/lib/org-openide-util.jar:/Library/Java/JavaVirtualMachines/jdk1.8.0_131.jdk/Contents/Home/lib/dt.jar:/Library/Java/JavaVirtualMachines/jdk1.8.0_131.jdk/Contents/Home/lib/tools.jar
Launcher Type: SUN_STANDARD

Environment Variables:
PATH=/Library/Frameworks/Python.framework/Versions/3.6/bin:/Users/dthurston/.rbenv/shims:/Library/Frameworks/Python.framework/Versions/2.7/bin:/usr/local/bin:/usr/bin:/bin:/usr/sbin:/sbin:/Library/Frameworks/Mono.framework/Versions/Current/Commands:/Applications/Wireshark.app/Contents/MacOS:/Users/dthurston/Projects
SHELL=/bin/bash

Signal Handlers:
SIGSEGV: [libjvm.dylib+0x5b1eb1], sa_mask[0]=11111111011111110111111111111111, sa_flags=SA_ONSTACK|SA_RESTART|SA_SIGINFO
SIGBUS: [libjvm.dylib+0x5b1eb1], sa_mask[0]=11111111011111110111111111111111, sa_flags=SA_RESTART|SA_SIGINFO
SIGFPE: [libjvm.dylib+0x488988], sa_mask[0]=11111111011111110111111111111111, sa_flags=SA_RESTART|SA_SIGINFO
SIGPIPE: [libjvm.dylib+0x488988], sa_mask[0]=11111111011111110111111111111111, sa_flags=SA_RESTART|SA_SIGINFO
SIGXFSZ: [libjvm.dylib+0x488988], sa_mask[0]=11111111011111110111111111111111, sa_flags=SA_RESTART|SA_SIGINFO
SIGILL: [libjvm.dylib+0x488988], sa_mask[0]=11111111011111110111111111111111, sa_flags=SA_RESTART|SA_SIGINFO
SIGUSR1: SIG_DFL, sa_mask[0]=11011111011111100000000111000110, sa_flags=none
SIGUSR2: [libjvm.dylib+0x4884a6], sa_mask[0]=00000000000000000000000000000000, sa_flags=SA_RESTART|SA_SIGINFO
SIGHUP: [libjvm.dylib+0x486a7d], sa_mask[0]=11111111011111110111111111111111, sa_flags=SA_RESTART|SA_SIGINFO
SIGINT: SIG_IGN, sa_mask[0]=00000000000000000000000000000000, sa_flags=none
SIGTERM: [libjvm.dylib+0x486a7d], sa_mask[0]=11111111011111110111111111111111, sa_flags=SA_RESTART|SA_SIGINFO
SIGQUIT: [libjvm.dylib+0x486a7d], sa_mask[0]=11111111011111110111111111111111, sa_flags=SA_RESTART|SA_SIGINFO


---------------  S Y S T E M  ---------------

OS:Bsduname:Darwin 16.7.0 Darwin Kernel Version 16.7.0: Sun Jun  2 20:26:31 PDT 2019; root:xnu-3789.73.50~1/RELEASE_X86_64 x86_64
rlimit: STACK 8192k, CORE 0k, NPROC 709, NOFILE 10240, AS infinity
load average:2.74 2.71 2.92

CPU:total 4 (initial active 4) (2 cores per cpu, 2 threads per core) family 6 model 61 stepping 4, cmov, cx8, fxsr, mmx, sse, sse2, sse3, ssse3, sse4.1, sse4.2, popcnt, avx, avx2, aes, clmul, erms, rtm, 3dnowpref, lzcnt, ht, tsc, tscinvbit, bmi1, bmi2, adx

Memory: 4k page, physical 8388608k(18396k free)

/proc/meminfo:


vm_info: Java HotSpot(TM) 64-Bit Server VM (25.131-b11) for bsd-amd64 JRE (1.8.0_131-b11), built on Mar 15 2017 01:32:22 by "java_re" with gcc 4.2.1 (Based on Apple Inc. build 5658) (LLVM build 2336.11.00)

time: Tue Mar 31 13:06:25 2020
elapsed time: 50874 seconds (0d 14h 7m 54s)

