#
# A fatal error has been detected by the Java Runtime Environment:
#
#  SIGSEGV (0xb) at pc=0x000000010df653c9, pid=82807, tid=0x000000000000e107
#
# JRE version: Java(TM) SE Runtime Environment (8.0_131-b11) (build 1.8.0_131-b11)
# Java VM: Java HotSpot(TM) 64-Bit Server VM (25.131-b11 mixed mode bsd-amd64 compressed oops)
# Problematic frame:
# C  [libawt_lwawt.dylib+0x1c3c9]  OGLSD_SetScratchSurface+0x53
#
# Failed to write core dump. Core dumps have been disabled. To enable core dumping, try "ulimit -c unlimited" before starting Java again
#
# If you would like to submit a bug report, please visit:
#   http://bugreport.java.com/bugreport/crash.jsp
# The crash happened outside the Java Virtual Machine in native code.
# See problematic frame for where to report the bug.
#

---------------  T H R E A D  ---------------

Current thread (0x00007f8ee0181800):  JavaThread "Java2D Queue Flusher" daemon [_thread_in_native, id=57607, stack(0x000070000a91a000,0x000070000ab1a000)]

siginfo: si_signo: 11 (SIGSEGV), si_code: 1 (SEGV_MAPERR), si_addr: 0x0000000280000000

Registers:
RAX=0x00007f8edf0e4038, RBX=0x00007f8ee8711360, RCX=0x00007f8edf0e4040, RDX=0x000000010df86258
RSP=0x000070000ab19810, RBP=0x000070000ab19830, RSI=0x00007f8edef1d8e0, RDI=0x00007f8edf0e4038
R8 =0x0000000000000020, R9 =0x0000000000000000, R10=0x000000010ed3d7b8, R11=0x00000000e829b5bf
R12=0x0000000000000000, R13=0x00000007414dae68, R14=0x00007f8ee01819f8, R15=0x0000000280000000
RIP=0x000000010df653c9, EFLAGS=0x0000000000010202, ERR=0x0000000000000004
  TRAPNO=0x000000000000000e

Top of Stack: (sp=0x000070000ab19810)
0x000070000ab19810:   00007f8edef1d8e0 0000000000000000
0x000070000ab19820:   00007f8ee0206010 00007f8ee0181800
0x000070000ab19830:   000070000ab198b0 000000010df85d36
0x000070000ab19840:   0000000000000064 00007f8edef84578
0x000070000ab19850:   000070000ab198b0 0000000108f50094
0x000070000ab19860:   0000000000000005 00007f8ee0181800
0x000070000ab19870:   00000007414dae01 00007f8ee0206020
0x000070000ab19880:   0000700000b19800 00007f8ee01819f8
0x000070000ab19890:   0000000000000000 0000000000000000
0x000070000ab198a0:   000070000ab19840 00007f8ee0181800
0x000070000ab198b0:   000070000ab19900 000000010ed3d82a
0x000070000ab198c0:   00000007414dade0 0000000100000000
0x000070000ab198d0:   00007f8edee3d6c0 0000000000000001
0x000070000ab198e0:   0000000000000000 00000007414dae68
0x000070000ab198f0:   000070000ab19960 00007f8ee0181800
0x000070000ab19900:   00000000e829b5bc 0000000111b72c60
0x000070000ab19910:   00000007414dade0 00000007414dae68
0x000070000ab19920:   0000000000000000 0000000000000000
0x000070000ab19930:   00000007414dae68 000070000ab199d0
0x000070000ab19940:   0000000000000001 0000000000000000
0x000070000ab19950:   000070000ab199d0 000000010e3587a7
0x000070000ab19960:   00000007414dae68 00000007414dae68
0x000070000ab19970:   0000700000001fa0 000000000000000a
0x000070000ab19980:   00007f8ee0181800 0000000000000001
0x000070000ab19990:   000000010e35871f 000000010b17ec40
0x000070000ab199a0:   000070000ab19a68 000070000ab19d00
0x000070000ab199b0:   000000010000000a 000000010b17ec40
0x000070000ab199c0:   000000010e36b120 000070000ab19c70
0x000070000ab199d0:   000070000ab19b80 0000000108eee5b6
0x000070000ab199e0:   0000700000000001 00007f8ee0181800
0x000070000ab199f0:   00007f8ee0181800 000070000ab19d00
0x000070000ab19a00:   00007f8edef84570 000000010e36b120 

Instructions: (pc=0x000000010df653c9)
0x000000010df653a9:   48 85 db 75 0e bf 01 00 00 00 48 8d 15 07 7c 03
0x000000010df653b9:   00 eb d6 49 89 fe 4c 8b 3b 30 c0 e8 c1 a6 02 00
0x000000010df653c9:   49 8b 3f 49 89 c4 48 8b 35 4a 03 06 00 30 c0 e8
0x000000010df653d9:   0f a8 02 00 48 85 c0 75 4e 30 c0 e8 3f 10 02 00 

Register to memory mapping:

RAX=0x00007f8edf0e4038 is an unknown value
RBX=0x00007f8ee8711360 is an unknown value
RCX=0x00007f8edf0e4040 is an unknown value
RDX=0x000000010df86258: Java_sun_java2d_opengl_OGLRenderQueue_flushBuffer+0xb5c in /Library/Java/JavaVirtualMachines/jdk1.8.0_131.jdk/Contents/Home/jre/lib/libawt_lwawt.dylib at 0x000000010df49000
RSP=0x000070000ab19810 is pointing into the stack for thread: 0x00007f8ee0181800
RBP=0x000070000ab19830 is pointing into the stack for thread: 0x00007f8ee0181800
RSI=0x00007f8edef1d8e0 is an unknown value
RDI=0x00007f8edf0e4038 is an unknown value
R8 =0x0000000000000020 is an unknown value
R9 =0x0000000000000000 is an unknown value
R10=0x000000010ed3d7b8 is at entry_point+56 in (nmethod*)0x000000010ed3d610
R11=0x00000000e829b5bf is an unknown value
R12=0x0000000000000000 is an unknown value
R13=0x00000007414dae68 is an oop
sun.java2d.opengl.OGLRenderQueue$QueueFlusher 
 - klass: 'sun/java2d/opengl/OGLRenderQueue$QueueFlusher'
R14=0x00007f8ee01819f8 is an unknown value
R15=0x0000000280000000 is an unknown value


Stack: [0x000070000a91a000,0x000070000ab1a000],  sp=0x000070000ab19810,  free space=2046k
Native frames: (J=compiled Java code, j=interpreted, Vv=VM code, C=native code)
C  [libawt_lwawt.dylib+0x1c3c9]  OGLSD_SetScratchSurface+0x53
C  [libawt_lwawt.dylib+0x3cd36]  Java_sun_java2d_opengl_OGLRenderQueue_flushBuffer+0x63a
J 7285  sun.java2d.opengl.OGLRenderQueue.flushBuffer(JI)V (0 bytes) @ 0x000000010ed3d82a [0x000000010ed3d780+0xaa]
J 24398% C2 sun.java2d.opengl.OGLRenderQueue$QueueFlusher.run()V (234 bytes) @ 0x0000000111b72c60 [0x0000000111b72980+0x2e0]
v  ~StubRoutines::call_stub
V  [libjvm.dylib+0x2ee5b6]  JavaCalls::call_helper(JavaValue*, methodHandle*, JavaCallArguments*, Thread*)+0x6ae
V  [libjvm.dylib+0x2eed5a]  JavaCalls::call_virtual(JavaValue*, KlassHandle, Symbol*, Symbol*, JavaCallArguments*, Thread*)+0x164
V  [libjvm.dylib+0x2eef06]  JavaCalls::call_virtual(JavaValue*, Handle, KlassHandle, Symbol*, Symbol*, Thread*)+0x4a
V  [libjvm.dylib+0x34965d]  thread_entry(JavaThread*, Thread*)+0x7c
V  [libjvm.dylib+0x56b87f]  JavaThread::thread_main_inner()+0x9b
V  [libjvm.dylib+0x56cf6c]  JavaThread::run()+0x1c2
V  [libjvm.dylib+0x48b376]  java_start(Thread*)+0xf6
C  [libsystem_pthread.dylib+0x393b]  _pthread_body+0xb4
C  [libsystem_pthread.dylib+0x3887]  _pthread_body+0x0
C  [libsystem_pthread.dylib+0x308d]  thread_start+0xd
C  0x0000000000000000

Java frames: (J=compiled Java code, j=interpreted, Vv=VM code)
J 7285  sun.java2d.opengl.OGLRenderQueue.flushBuffer(JI)V (0 bytes) @ 0x000000010ed3d7b8 [0x000000010ed3d780+0x38]
J 24398% C2 sun.java2d.opengl.OGLRenderQueue$QueueFlusher.run()V (234 bytes) @ 0x0000000111b72c60 [0x0000000111b72980+0x2e0]
v  ~StubRoutines::call_stub

---------------  P R O C E S S  ---------------

Java Threads: ( => current thread )
  0x00007f8ee6482000 JavaThread "Inactive RequestProcessor thread [Was:org.netbeans.modules.editor.errorstripe.AnnotationView/org.netbeans.modules.editor.errorstripe.AnnotationView$RepaintTask]" daemon [_thread_blocked, id=89363, stack(0x000070000a514000,0x000070000a714000)]
  0x00007f8edfe01000 JavaThread "Refresh-After-WindowActivated" daemon [_thread_blocked, id=37859, stack(0x000070000b3ac000,0x000070000b5ac000)]
  0x00007f8edf8f5000 JavaThread "DestroyJavaVM" [_thread_blocked, id=6915, stack(0x000070000874f000,0x000070000894f000)]
  0x00007f8ee5a33000 JavaThread "TimerQueue" daemon [_thread_blocked, id=38427, stack(0x000070000cdd3000,0x000070000cfd3000)]
  0x00007f8edf60f000 JavaThread "Worker-JM" [_thread_blocked, id=80899, stack(0x000070000cbd0000,0x000070000cdd0000)]
  0x00007f8ee5a39800 JavaThread "Framework Event Dispatcher" daemon [_thread_blocked, id=80387, stack(0x000070000c9cd000,0x000070000cbcd000)]
  0x00007f8ee62bc000 JavaThread "Deadlock Detector" [_thread_blocked, id=79875, stack(0x000070000c7ca000,0x000070000c9ca000)]
  0x00007f8ee58b7000 JavaThread "Thread-3" daemon [_thread_blocked, id=79639, stack(0x000070000c5c7000,0x000070000c7c7000)]
  0x00007f8ee016d800 JavaThread "File Watcher" daemon [_thread_blocked, id=76051, stack(0x000070000c3c4000,0x000070000c5c4000)]
  0x00007f8edfb00800 JavaThread "Thread-1" daemon [_thread_in_native, id=74151, stack(0x000070000c1c1000,0x000070000c3c1000)]
  0x00007f8ee0341800 JavaThread "State Data Manager" daemon [_thread_blocked, id=69939, stack(0x000070000b1a9000,0x000070000b3a9000)]
  0x00007f8ee0be8000 JavaThread "Framework Active Thread" [_thread_blocked, id=69487, stack(0x000070000afa6000,0x000070000b1a6000)]
  0x00007f8edf0eb000 JavaThread "AWT-EventQueue-0" [_thread_blocked, id=64259, stack(0x000070000ad20000,0x000070000af20000)]
  0x00007f8edfce2000 JavaThread "Java2D Disposer" daemon [_thread_blocked, id=63755, stack(0x000070000ab1d000,0x000070000ad1d000)]
=>0x00007f8ee0181800 JavaThread "Java2D Queue Flusher" daemon [_thread_in_native, id=57607, stack(0x000070000a91a000,0x000070000ab1a000)]
  0x00007f8edf0e3800 JavaThread "RequestProcessor queue manager" daemon [_thread_blocked, id=56067, stack(0x000070000a717000,0x000070000a917000)]
  0x00007f8edfc63800 JavaThread "Editor Parsing Loop (netbeans-release-428-on-20190716)" daemon [_thread_blocked, id=48943, stack(0x000070000a311000,0x000070000a511000)]
  0x00007f8ee011f800 JavaThread "AWT-Shutdown" [_thread_blocked, id=30495, stack(0x0000700009f85000,0x000070000a185000)]
  0x00007f8ee0130000 JavaThread "AppKit Thread" daemon [_thread_in_native, id=775, stack(0x00007fff57262000,0x00007fff57a62000)]
  0x00007f8ee08ef000 JavaThread "CLI Requests Server" daemon [_thread_in_native, id=20227, stack(0x0000700009cff000,0x0000700009eff000)]
  0x00007f8edf96f000 JavaThread "Active Reference Queue Daemon" daemon [_thread_blocked, id=19715, stack(0x0000700009afc000,0x0000700009cfc000)]
  0x00007f8ee006b000 JavaThread "Service Thread" daemon [_thread_blocked, id=18691, stack(0x00007000097f6000,0x00007000099f6000)]
  0x00007f8ee0038800 JavaThread "C1 CompilerThread2" daemon [_thread_blocked, id=18179, stack(0x00007000096f3000,0x00007000097f3000)]
  0x00007f8ee0002000 JavaThread "C2 CompilerThread1" daemon [_thread_blocked, id=17667, stack(0x00007000095f0000,0x00007000096f0000)]
  0x00007f8edf865000 JavaThread "C2 CompilerThread0" daemon [_thread_blocked, id=17155, stack(0x00007000094ed000,0x00007000095ed000)]
  0x00007f8ee0803800 JavaThread "Signal Dispatcher" daemon [_thread_blocked, id=16643, stack(0x00007000092ea000,0x00007000094ea000)]
  0x00007f8edf008800 JavaThread "Finalizer" daemon [_thread_blocked, id=12291, stack(0x0000700009064000,0x0000700009264000)]
  0x00007f8edf84a000 JavaThread "Reference Handler" daemon [_thread_blocked, id=11779, stack(0x0000700008e61000,0x0000700009061000)]

Other Threads:
  0x00007f8ee001e000 VMThread [stack: 0x0000700008d5e000,0x0000700008e5e000] [id=11267]
  0x00007f8edf870800 WatcherThread [stack: 0x00007000099f9000,0x0000700009af9000] [id=19203]

VM state:not at safepoint (normal execution)

VM Mutex/Monitor currently owned by a thread: None

Heap:
 PSYoungGen      total 303104K, used 17364K [0x0000000795580000, 0x00000007ad000000, 0x00000007c0000000)
  eden space 289792K, 1% used [0x0000000795580000,0x0000000795982b58,0x00000007a7080000)
  from space 13312K, 99% used [0x00000007ac300000,0x00000007acff2578,0x00000007ad000000)
  to   space 36352K, 0% used [0x00000007a8900000,0x00000007a8900000,0x00000007aac80000)
 ParOldGen       total 212992K, used 167377K [0x0000000740000000, 0x000000074d000000, 0x0000000795580000)
  object space 212992K, 78% used [0x0000000740000000,0x000000074a374778,0x000000074d000000)
 Metaspace       used 101800K, capacity 117678K, committed 117784K, reserved 1150976K
  class space    used 12273K, capacity 16667K, committed 16688K, reserved 1048576K

Card table byte_map: [0x0000000109f63000,0x000000010a364000] byte_map_base: 0x0000000106563000

Marking Bits: (ParMarkBitMap*) 0x00000001094f1ea0
 Begin Bits: [0x000000011d358000, 0x000000011f358000)
 End Bits:   [0x000000011f358000, 0x0000000121358000)

Polling page: 0x000000010825e000

CodeCache: size=245760Kb used=66393Kb max_used=66405Kb free=179366Kb
 bounds [0x000000010e358000, 0x00000001124b8000, 0x000000011d358000]
 total_blobs=18261 nmethods=17358 adapters=811
 compilation: enabled

Compilation events (10 events):
Event: 33049.997 Thread 0x00007f8edf865000 25364       4       sun.java2d.pipe.ValidatePipe::scaleImage (41 bytes)
Event: 33050.017 Thread 0x00007f8edf865000 nmethod 25364 0x000000011118c710 code [0x000000011118c900, 0x000000011118d120]
Event: 33050.044 Thread 0x00007f8ee0038800 25365       3       sun.awt.image.ImageRepresentation::startProduction (26 bytes)
Event: 33050.047 Thread 0x00007f8ee0038800 nmethod 25365 0x0000000112112850 code [0x00000001121129e0, 0x0000000112112e58]
Event: 33050.048 Thread 0x00007f8ee0038800 25366       3       java.awt.image.BufferedImage::getSource (46 bytes)
Event: 33050.049 Thread 0x00007f8ee0038800 nmethod 25366 0x000000010fb80750 code [0x000000010fb80900, 0x000000010fb80cd8]
Event: 33050.051 Thread 0x00007f8ee0002000 25367       4       java.awt.image.RGBImageFilter::setPixels (119 bytes)
Event: 33050.082 Thread 0x00007f8edf865000 25368       4       java.awt.image.RGBImageFilter::filterRGBPixels (93 bytes)
Event: 33050.206 Thread 0x00007f8ee0002000 nmethod 25367 0x00000001124b0ed0 code [0x00000001124b11a0, 0x00000001124b2b38]
Event: 33050.210 Thread 0x00007f8edf865000 nmethod 25368 0x00000001124b3650 code [0x00000001124b3920, 0x00000001124b5288]

GC Heap History (10 events):
Event: 21551.144 GC heap before
{Heap before GC invocations=42 (full 4):
 PSYoungGen      total 371200K, used 371005K [0x0000000795580000, 0x00000007b2c80000, 0x00000007c0000000)
  eden space 348672K, 100% used [0x0000000795580000,0x00000007aaa00000,0x00000007aaa00000)
  from space 22528K, 99% used [0x00000007af000000,0x00000007b05cf6b0,0x00000007b0600000)
  to   space 39424K, 0% used [0x00000007b0600000,0x00000007b0600000,0x00000007b2c80000)
 ParOldGen       total 212992K, used 163013K [0x0000000740000000, 0x000000074d000000, 0x0000000795580000)
  object space 212992K, 76% used [0x0000000740000000,0x0000000749f317b0,0x000000074d000000)
 Metaspace       used 101711K, capacity 117532K, committed 117784K, reserved 1150976K
  class space    used 12270K, capacity 16664K, committed 16688K, reserved 1048576K
Event: 21551.205 GC heap after
Heap after GC invocations=42 (full 4):
 PSYoungGen      total 358400K, used 22177K [0x0000000795580000, 0x00000007b1c00000, 0x00000007c0000000)
  eden space 335872K, 0% used [0x0000000795580000,0x0000000795580000,0x00000007a9d80000)
  from space 22528K, 98% used [0x00000007b0600000,0x00000007b1ba86e0,0x00000007b1c00000)
  to   space 38400K, 0% used [0x00000007ad100000,0x00000007ad100000,0x00000007af680000)
 ParOldGen       total 212992K, used 163021K [0x0000000740000000, 0x000000074d000000, 0x0000000795580000)
  object space 212992K, 76% used [0x0000000740000000,0x0000000749f337b0,0x000000074d000000)
 Metaspace       used 101711K, capacity 117532K, committed 117784K, reserved 1150976K
  class space    used 12270K, capacity 16664K, committed 16688K, reserved 1048576K
}
Event: 23741.294 GC heap before
{Heap before GC invocations=43 (full 4):
 PSYoungGen      total 358400K, used 358049K [0x0000000795580000, 0x00000007b1c00000, 0x00000007c0000000)
  eden space 335872K, 100% used [0x0000000795580000,0x00000007a9d80000,0x00000007a9d80000)
  from space 22528K, 98% used [0x00000007b0600000,0x00000007b1ba86e0,0x00000007b1c00000)
  to   space 38400K, 0% used [0x00000007ad100000,0x00000007ad100000,0x00000007af680000)
 ParOldGen       total 212992K, used 163021K [0x0000000740000000, 0x000000074d000000, 0x0000000795580000)
  object space 212992K, 76% used [0x0000000740000000,0x0000000749f337b0,0x000000074d000000)
 Metaspace       used 101729K, capacity 117538K, committed 117784K, reserved 1150976K
  class space    used 12271K, capacity 16665K, committed 16688K, reserved 1048576K
Event: 23741.458 GC heap after
Heap after GC invocations=43 (full 4):
 PSYoungGen      total 345088K, used 21094K [0x0000000795580000, 0x00000007b0680000, 0x00000007c0000000)
  eden space 323584K, 0% used [0x0000000795580000,0x0000000795580000,0x00000007a9180000)
  from space 21504K, 98% used [0x00000007ad100000,0x00000007ae5998a0,0x00000007ae600000)
  to   space 33280K, 0% used [0x00000007ae600000,0x00000007ae600000,0x00000007b0680000)
 ParOldGen       total 212992K, used 163584K [0x0000000740000000, 0x000000074d000000, 0x0000000795580000)
  object space 212992K, 76% used [0x0000000740000000,0x0000000749fc02f8,0x000000074d000000)
 Metaspace       used 101729K, capacity 117538K, committed 117784K, reserved 1150976K
  class space    used 12271K, capacity 16665K, committed 16688K, reserved 1048576K
}
Event: 25449.685 GC heap before
{Heap before GC invocations=44 (full 4):
 PSYoungGen      total 345088K, used 344678K [0x0000000795580000, 0x00000007b0680000, 0x00000007c0000000)
  eden space 323584K, 100% used [0x0000000795580000,0x00000007a9180000,0x00000007a9180000)
  from space 21504K, 98% used [0x00000007ad100000,0x00000007ae5998a0,0x00000007ae600000)
  to   space 33280K, 0% used [0x00000007ae600000,0x00000007ae600000,0x00000007b0680000)
 ParOldGen       total 212992K, used 163584K [0x0000000740000000, 0x000000074d000000, 0x0000000795580000)
  object space 212992K, 76% used [0x0000000740000000,0x0000000749fc02f8,0x000000074d000000)
 Metaspace       used 101761K, capacity 117608K, committed 117784K, reserved 1150976K
  class space    used 12271K, capacity 16666K, committed 16688K, reserved 1048576K
Event: 25449.839 GC heap after
Heap after GC invocations=44 (full 4):
 PSYoungGen      total 327168K, used 14904K [0x0000000795580000, 0x00000007af500000, 0x00000007c0000000)
  eden space 311808K, 0% used [0x0000000795580000,0x0000000795580000,0x00000007a8600000)
  from space 15360K, 97% used [0x00000007ae600000,0x00000007af48e088,0x00000007af500000)
  to   space 36864K, 0% used [0x00000007aad00000,0x00000007aad00000,0x00000007ad100000)
 ParOldGen       total 212992K, used 165335K [0x0000000740000000, 0x000000074d000000, 0x0000000795580000)
  object space 212992K, 77% used [0x0000000740000000,0x000000074a175dd0,0x000000074d000000)
 Metaspace       used 101761K, capacity 117608K, committed 117784K, reserved 1150976K
  class space    used 12271K, capacity 16666K, committed 16688K, reserved 1048576K
}
Event: 27279.448 GC heap before
{Heap before GC invocations=45 (full 4):
 PSYoungGen      total 327168K, used 326712K [0x0000000795580000, 0x00000007af500000, 0x00000007c0000000)
  eden space 311808K, 100% used [0x0000000795580000,0x00000007a8600000,0x00000007a8600000)
  from space 15360K, 97% used [0x00000007ae600000,0x00000007af48e088,0x00000007af500000)
  to   space 36864K, 0% used [0x00000007aad00000,0x00000007aad00000,0x00000007ad100000)
 ParOldGen       total 212992K, used 165335K [0x0000000740000000, 0x000000074d000000, 0x0000000795580000)
  object space 212992K, 77% used [0x0000000740000000,0x000000074a175dd0,0x000000074d000000)
 Metaspace       used 101764K, capacity 117608K, committed 117784K, reserved 1150976K
  class space    used 12271K, capacity 16666K, committed 16688K, reserved 1048576K
Event: 27279.525 GC heap after
Heap after GC invocations=45 (full 4):
 PSYoungGen      total 315904K, used 15089K [0x0000000795580000, 0x00000007ae680000, 0x00000007c0000000)
  eden space 300544K, 0% used [0x0000000795580000,0x0000000795580000,0x00000007a7b00000)
  from space 15360K, 98% used [0x00000007aad00000,0x00000007abbbc650,0x00000007abc00000)
  to   space 36352K, 0% used [0x00000007ac300000,0x00000007ac300000,0x00000007ae680000)
 ParOldGen       total 212992K, used 165735K [0x0000000740000000, 0x000000074d000000, 0x0000000795580000)
  object space 212992K, 77% used [0x0000000740000000,0x000000074a1d9dd0,0x000000074d000000)
 Metaspace       used 101764K, capacity 117608K, committed 117784K, reserved 1150976K
  class space    used 12271K, capacity 16666K, committed 16688K, reserved 1048576K
}
Event: 33051.498 GC heap before
{Heap before GC invocations=46 (full 4):
 PSYoungGen      total 315904K, used 315633K [0x0000000795580000, 0x00000007ae680000, 0x00000007c0000000)
  eden space 300544K, 100% used [0x0000000795580000,0x00000007a7b00000,0x00000007a7b00000)
  from space 15360K, 98% used [0x00000007aad00000,0x00000007abbbc650,0x00000007abc00000)
  to   space 36352K, 0% used [0x00000007ac300000,0x00000007ac300000,0x00000007ae680000)
 ParOldGen       total 212992K, used 165735K [0x0000000740000000, 0x000000074d000000, 0x0000000795580000)
  object space 212992K, 77% used [0x0000000740000000,0x000000074a1d9dd0,0x000000074d000000)
 Metaspace       used 101800K, capacity 117678K, committed 117784K, reserved 1150976K
  class space    used 12273K, capacity 16667K, committed 16688K, reserved 1048576K
Event: 33051.698 GC heap after
Heap after GC invocations=46 (full 4):
 PSYoungGen      total 303104K, used 13257K [0x0000000795580000, 0x00000007ad000000, 0x00000007c0000000)
  eden space 289792K, 0% used [0x0000000795580000,0x0000000795580000,0x00000007a7080000)
  from space 13312K, 99% used [0x00000007ac300000,0x00000007acff2578,0x00000007ad000000)
  to   space 36352K, 0% used [0x00000007a8900000,0x00000007a8900000,0x00000007aac80000)
 ParOldGen       total 212992K, used 167377K [0x0000000740000000, 0x000000074d000000, 0x0000000795580000)
  object space 212992K, 78% used [0x0000000740000000,0x000000074a374778,0x000000074d000000)
 Metaspace       used 101800K, capacity 117678K, committed 117784K, reserved 1150976K
  class space    used 12273K, capacity 16667K, committed 16688K, reserved 1048576K
}

Deoptimization events (10 events):
Event: 28672.524 Thread 0x00007f8edf0eb000 Uncommon trap: reason=bimorphic action=maybe_recompile pc=0x000000011023a4b4 method=sun.java2d.pipe.ValidatePipe.drawLine(Lsun/java2d/SunGraphics2D;IIII)V @ 19
Event: 28672.525 Thread 0x00007f8edf0eb000 Uncommon trap: reason=bimorphic action=maybe_recompile pc=0x000000011023a4b4 method=sun.java2d.pipe.ValidatePipe.drawLine(Lsun/java2d/SunGraphics2D;IIII)V @ 19
Event: 28672.535 Thread 0x00007f8edf0eb000 Uncommon trap: reason=class_check action=maybe_recompile pc=0x0000000111393020 method=sun.awt.image.SurfaceManager.getImageScale(Ljava/awt/Image;)I @ 18
Event: 28672.691 Thread 0x00007f8edf0eb000 Uncommon trap: reason=unstable_if action=reinterpret pc=0x0000000111b89a2c method=java.awt.GridBagLayout.ArrangeGrid(Ljava/awt/Container;)V @ 103
Event: 28672.709 Thread 0x00007f8edf0eb000 Uncommon trap: reason=unstable_if action=reinterpret pc=0x000000011079c1f8 method=sun.swing.SwingUtilities2.getLeftSideBearing(Ljavax/swing/JComponent;Ljava/awt/FontMetrics;C)I @ 11
Event: 28672.712 Thread 0x00007f8edf0eb000 Uncommon trap: reason=unstable_if action=reinterpret pc=0x000000010f43125c method=sun.swing.SwingUtilities2.getLeftSideBearing(Ljavax/swing/JComponent;Ljava/awt/FontMetrics;C)I @ 11
Event: 28672.714 Thread 0x00007f8edf0eb000 Uncommon trap: reason=bimorphic action=maybe_recompile pc=0x000000010f33e4c8 method=javax.swing.RepaintManager$4.run()Ljava/lang/Void; @ 91
Event: 29423.204 Thread 0x00007f8edf0eb000 Uncommon trap: reason=unstable_if action=reinterpret pc=0x00000001113ca810 method=javax.swing.RepaintManager.addDirtyRegion0(Ljava/awt/Container;IIII)V @ 108
Event: 29444.184 Thread 0x00007f8ee0876800 Uncommon trap: reason=predicate action=maybe_recompile pc=0x0000000112366804 method=java.text.DecimalFormat.subformat(Ljava/lang/StringBuffer;Ljava/text/Format$FieldDelegate;ZZIIII)Ljava/lang/StringBuffer; @ 1067
Event: 32084.407 Thread 0x00007f8ee0181800 Uncommon trap: reason=class_check action=maybe_recompile pc=0x0000000111b730b8 method=sun.java2d.opengl.OGLRenderQueue$QueueFlusher.run()V @ 95

Internal exceptions (10 events):
Event: 29446.313 Thread 0x00007f8ee056a800 Exception <a 'sun/nio/fs/UnixException'> (0x00000007a3445f00) thrown at [/Users/java_re/workspace/8-2-build-macosx-x86_64/jdk8u131/8869/hotspot/src/share/vm/prims/jni.cpp, line 709]
Event: 29446.313 Thread 0x00007f8ee056a800 Exception <a 'sun/nio/fs/UnixException'> (0x00000007a3446c80) thrown at [/Users/java_re/workspace/8-2-build-macosx-x86_64/jdk8u131/8869/hotspot/src/share/vm/prims/jni.cpp, line 709]
Event: 29448.681 Thread 0x00007f8ee4e51800 Exception <a 'sun/nio/fs/UnixException'> (0x00000007a37108e0) thrown at [/Users/java_re/workspace/8-2-build-macosx-x86_64/jdk8u131/8869/hotspot/src/share/vm/prims/jni.cpp, line 709]
Event: 29448.682 Thread 0x00007f8ee4e51800 Exception <a 'sun/nio/fs/UnixException'> (0x00000007a37162a0) thrown at [/Users/java_re/workspace/8-2-build-macosx-x86_64/jdk8u131/8869/hotspot/src/share/vm/prims/jni.cpp, line 709]
Event: 29448.683 Thread 0x00007f8ee4e51800 Exception <a 'sun/nio/fs/UnixException'> (0x00000007a371eec0) thrown at [/Users/java_re/workspace/8-2-build-macosx-x86_64/jdk8u131/8869/hotspot/src/share/vm/prims/jni.cpp, line 709]
Event: 29448.683 Thread 0x00007f8ee4e51800 Exception <a 'java/io/FileNotFoundException'> (0x00000007a371fbb8) thrown at [/Users/java_re/workspace/8-2-build-macosx-x86_64/jdk8u131/8869/hotspot/src/share/vm/prims/jni.cpp, line 709]
Event: 29448.683 Thread 0x00007f8ee4e51800 Exception <a 'java/io/FileNotFoundException'> (0x00000007a37207b8) thrown at [/Users/java_re/workspace/8-2-build-macosx-x86_64/jdk8u131/8869/hotspot/src/share/vm/prims/jni.cpp, line 709]
Event: 29448.683 Thread 0x00007f8ee4e51800 Exception <a 'java/io/FileNotFoundException'> (0x00000007a3721480) thrown at [/Users/java_re/workspace/8-2-build-macosx-x86_64/jdk8u131/8869/hotspot/src/share/vm/prims/jni.cpp, line 709]
Event: 29448.683 Thread 0x00007f8ee4e51800 Exception <a 'java/io/FileNotFoundException'> (0x00000007a3722170) thrown at [/Users/java_re/workspace/8-2-build-macosx-x86_64/jdk8u131/8869/hotspot/src/share/vm/prims/jni.cpp, line 709]
Event: 29448.683 Thread 0x00007f8ee4e51800 Exception <a 'java/io/FileNotFoundException'> (0x00000007a3722e88) thrown at [/Users/java_re/workspace/8-2-build-macosx-x86_64/jdk8u131/8869/hotspot/src/share/vm/prims/jni.cpp, line 709]

Events (10 events):
Event: 33051.709 Executing VM operation: RevokeBias
Event: 33051.710 Executing VM operation: RevokeBias done
Event: 33051.710 Executing VM operation: RevokeBias
Event: 33051.713 Executing VM operation: RevokeBias done
Event: 33051.713 Executing VM operation: RevokeBias
Event: 33051.713 Executing VM operation: RevokeBias done
Event: 33051.713 Executing VM operation: RevokeBias
Event: 33051.713 Executing VM operation: RevokeBias done
Event: 33051.713 Executing VM operation: BulkRevokeBias
Event: 33051.715 Executing VM operation: BulkRevokeBias done


Dynamic libraries:
0x00000000061a1000 	/System/Library/Frameworks/Cocoa.framework/Versions/A/Cocoa
0x00000000061a1000 	/System/Library/Frameworks/Security.framework/Versions/A/Security
0x00000000061a1000 	/System/Library/Frameworks/ApplicationServices.framework/Versions/A/ApplicationServices
0x00000000061a1000 	/usr/lib/libz.1.dylib
0x00000000061a1000 	/usr/lib/libSystem.B.dylib
0x00000000061a1000 	/usr/lib/libobjc.A.dylib
0x00000000061a1000 	/System/Library/Frameworks/CoreFoundation.framework/Versions/A/CoreFoundation
0x00000000061a1000 	/System/Library/Frameworks/Foundation.framework/Versions/C/Foundation
0x00000000061a1000 	/System/Library/Frameworks/AppKit.framework/Versions/C/AppKit
0x00000000061a1000 	/System/Library/Frameworks/CoreData.framework/Versions/A/CoreData
0x00000000061a1000 	/System/Library/PrivateFrameworks/RemoteViewServices.framework/Versions/A/RemoteViewServices
0x00000000061a1000 	/System/Library/PrivateFrameworks/UIFoundation.framework/Versions/A/UIFoundation
0x00000000061a1000 	/System/Library/PrivateFrameworks/DFRFoundation.framework/Versions/A/DFRFoundation
0x00000000061a1000 	/usr/lib/libenergytrace.dylib
0x00000000061a1000 	/System/Library/PrivateFrameworks/SkyLight.framework/Versions/A/SkyLight
0x00000000061a1000 	/System/Library/Frameworks/CoreGraphics.framework/Versions/A/CoreGraphics
0x00000000061a1000 	/usr/lib/libScreenReader.dylib
0x00000000061a1000 	/System/Library/Frameworks/Accelerate.framework/Versions/A/Accelerate
0x00000000061a1000 	/System/Library/Frameworks/IOSurface.framework/Versions/A/IOSurface
0x00000000061a1000 	/System/Library/Frameworks/AudioToolbox.framework/Versions/A/AudioToolbox
0x00000000061a1000 	/System/Library/Frameworks/AudioUnit.framework/Versions/A/AudioUnit
0x00000000061a1000 	/System/Library/PrivateFrameworks/DataDetectorsCore.framework/Versions/A/DataDetectorsCore
0x00000000061a1000 	/System/Library/PrivateFrameworks/DesktopServicesPriv.framework/Versions/A/DesktopServicesPriv
0x00000000061a1000 	/System/Library/Frameworks/Carbon.framework/Versions/A/Frameworks/HIToolbox.framework/Versions/A/HIToolbox
0x00000000061a1000 	/usr/lib/libicucore.A.dylib
0x00000000061a1000 	/System/Library/Frameworks/QuartzCore.framework/Versions/A/QuartzCore
0x00000000061a1000 	/System/Library/Frameworks/Carbon.framework/Versions/A/Frameworks/SpeechRecognition.framework/Versions/A/SpeechRecognition
0x00000000061a1000 	/usr/lib/libauto.dylib
0x00000000061a1000 	/usr/lib/libxml2.2.dylib
0x00000000061a1000 	/System/Library/PrivateFrameworks/CoreUI.framework/Versions/A/CoreUI
0x00000000061a1000 	/System/Library/Frameworks/CoreAudio.framework/Versions/A/CoreAudio
0x00000000061a1000 	/System/Library/Frameworks/DiskArbitration.framework/Versions/A/DiskArbitration
0x00000000061a1000 	/usr/lib/liblangid.dylib
0x00000000061a1000 	/System/Library/PrivateFrameworks/MultitouchSupport.framework/Versions/A/MultitouchSupport
0x00000000061a1000 	/System/Library/Frameworks/IOKit.framework/Versions/A/IOKit
0x00000000061a1000 	/usr/lib/libDiagnosticMessagesClient.dylib
0x00000000061a1000 	/System/Library/Frameworks/CoreServices.framework/Versions/A/CoreServices
0x00000000061a1000 	/System/Library/PrivateFrameworks/PerformanceAnalysis.framework/Versions/A/PerformanceAnalysis
0x00000000061a1000 	/System/Library/PrivateFrameworks/GenerationalStorage.framework/Versions/A/GenerationalStorage
0x00000000061a1000 	/System/Library/Frameworks/OpenGL.framework/Versions/A/OpenGL
0x00000000061a1000 	/System/Library/Frameworks/CoreImage.framework/Versions/A/CoreImage
0x00000000061a1000 	/System/Library/Frameworks/CoreText.framework/Versions/A/CoreText
0x00000000061a1000 	/System/Library/Frameworks/ImageIO.framework/Versions/A/ImageIO
0x00000000061a1000 	/System/Library/PrivateFrameworks/Backup.framework/Versions/A/Backup
0x00000000061a1000 	/usr/lib/libarchive.2.dylib
0x00000000061a1000 	/System/Library/Frameworks/CFNetwork.framework/Versions/A/CFNetwork
0x00000000061a1000 	/System/Library/Frameworks/SystemConfiguration.framework/Versions/A/SystemConfiguration
0x00000000061a1000 	/usr/lib/libCRFSuite.dylib
0x00000000061a1000 	/usr/lib/libc++.1.dylib
0x00000000061a1000 	/usr/lib/libc++abi.dylib
0x00000000061a1000 	/usr/lib/system/libcache.dylib
0x00000000061a1000 	/usr/lib/system/libcommonCrypto.dylib
0x00000000061a1000 	/usr/lib/system/libcompiler_rt.dylib
0x00000000061a1000 	/usr/lib/system/libcopyfile.dylib
0x00000000061a1000 	/usr/lib/system/libcorecrypto.dylib
0x00000000061a1000 	/usr/lib/system/libdispatch.dylib
0x00000000061a1000 	/usr/lib/system/libdyld.dylib
0x00000000061a1000 	/usr/lib/system/libkeymgr.dylib
0x00000000061a1000 	/usr/lib/system/liblaunch.dylib
0x00000000061a1000 	/usr/lib/system/libmacho.dylib
0x00000000061a1000 	/usr/lib/system/libquarantine.dylib
0x00000000061a1000 	/usr/lib/system/libremovefile.dylib
0x00000000061a1000 	/usr/lib/system/libsystem_asl.dylib
0x00000000061a1000 	/usr/lib/system/libsystem_blocks.dylib
0x00000000061a1000 	/usr/lib/system/libsystem_c.dylib
0x00000000061a1000 	/usr/lib/system/libsystem_configuration.dylib
0x00000000061a1000 	/usr/lib/system/libsystem_coreservices.dylib
0x00000000061a1000 	/usr/lib/system/libsystem_coretls.dylib
0x00000000061a1000 	/usr/lib/system/libsystem_dnssd.dylib
0x00000000061a1000 	/usr/lib/system/libsystem_info.dylib
0x00000000061a1000 	/usr/lib/system/libsystem_kernel.dylib
0x00000000061a1000 	/usr/lib/system/libsystem_m.dylib
0x00000000061a1000 	/usr/lib/system/libsystem_malloc.dylib
0x00000000061a1000 	/usr/lib/system/libsystem_network.dylib
0x00000000061a1000 	/usr/lib/system/libsystem_networkextension.dylib
0x00000000061a1000 	/usr/lib/system/libsystem_notify.dylib
0x00000000061a1000 	/usr/lib/system/libsystem_platform.dylib
0x00000000061a1000 	/usr/lib/system/libsystem_pthread.dylib
0x00000000061a1000 	/usr/lib/system/libsystem_sandbox.dylib
0x00000000061a1000 	/usr/lib/system/libsystem_secinit.dylib
0x00000000061a1000 	/usr/lib/system/libsystem_symptoms.dylib
0x00000000061a1000 	/usr/lib/system/libsystem_trace.dylib
0x00000000061a1000 	/usr/lib/system/libunwind.dylib
0x00000000061a1000 	/usr/lib/system/libxpc.dylib
0x00000000061a1000 	/usr/lib/libbsm.0.dylib
0x00000000061a1000 	/usr/lib/system/libkxld.dylib
0x00000000061a1000 	/usr/lib/libcoretls.dylib
0x00000000061a1000 	/usr/lib/libcoretls_cfhelpers.dylib
0x00000000061a1000 	/usr/lib/libOpenScriptingUtil.dylib
0x00000000061a1000 	/usr/lib/libpam.2.dylib
0x00000000061a1000 	/usr/lib/libsqlite3.dylib
0x00000000061a1000 	/usr/lib/libxar.1.dylib
0x00000000061a1000 	/usr/lib/libbz2.1.0.dylib
0x00000000061a1000 	/usr/lib/liblzma.5.dylib
0x00000000061a1000 	/usr/lib/libnetwork.dylib
0x00000000061a1000 	/usr/lib/libpcap.A.dylib
0x00000000061a1000 	/System/Library/Frameworks/CoreServices.framework/Versions/A/Frameworks/FSEvents.framework/Versions/A/FSEvents
0x00000000061a1000 	/System/Library/Frameworks/CoreServices.framework/Versions/A/Frameworks/CarbonCore.framework/Versions/A/CarbonCore
0x00000000061a1000 	/System/Library/Frameworks/CoreServices.framework/Versions/A/Frameworks/Metadata.framework/Versions/A/Metadata
0x00000000061a1000 	/System/Library/Frameworks/CoreServices.framework/Versions/A/Frameworks/OSServices.framework/Versions/A/OSServices
0x00000000061a1000 	/System/Library/Frameworks/CoreServices.framework/Versions/A/Frameworks/SearchKit.framework/Versions/A/SearchKit
0x00000000061a1000 	/System/Library/Frameworks/CoreServices.framework/Versions/A/Frameworks/AE.framework/Versions/A/AE
0x00000000061a1000 	/System/Library/Frameworks/CoreServices.framework/Versions/A/Frameworks/LaunchServices.framework/Versions/A/LaunchServices
0x00000000061a1000 	/System/Library/Frameworks/CoreServices.framework/Versions/A/Frameworks/DictionaryServices.framework/Versions/A/DictionaryServices
0x00000000061a1000 	/System/Library/Frameworks/CoreServices.framework/Versions/A/Frameworks/SharedFileList.framework/Versions/A/SharedFileList
0x00000000061a1000 	/System/Library/Frameworks/NetFS.framework/Versions/A/NetFS
0x00000000061a1000 	/System/Library/PrivateFrameworks/NetAuth.framework/Versions/A/NetAuth
0x00000000061a1000 	/System/Library/PrivateFrameworks/login.framework/Versions/A/Frameworks/loginsupport.framework/Versions/A/loginsupport
0x00000000061a1000 	/System/Library/PrivateFrameworks/TCC.framework/Versions/A/TCC
0x00000000061a1000 	/usr/lib/libmecabra.dylib
0x00000000061a1000 	/System/Library/Frameworks/ApplicationServices.framework/Versions/A/Frameworks/ATS.framework/Versions/A/ATS
0x00000000061a1000 	/System/Library/Frameworks/ApplicationServices.framework/Versions/A/Frameworks/ColorSync.framework/Versions/A/ColorSync
0x00000000061a1000 	/System/Library/Frameworks/ApplicationServices.framework/Versions/A/Frameworks/HIServices.framework/Versions/A/HIServices
0x00000000061a1000 	/System/Library/Frameworks/ApplicationServices.framework/Versions/A/Frameworks/LangAnalysis.framework/Versions/A/LangAnalysis
0x00000000061a1000 	/System/Library/Frameworks/ApplicationServices.framework/Versions/A/Frameworks/PrintCore.framework/Versions/A/PrintCore
0x00000000061a1000 	/System/Library/Frameworks/ApplicationServices.framework/Versions/A/Frameworks/QD.framework/Versions/A/QD
0x00000000061a1000 	/System/Library/Frameworks/ApplicationServices.framework/Versions/A/Frameworks/SpeechSynthesis.framework/Versions/A/SpeechSynthesis
0x00000000061a1000 	/System/Library/Frameworks/Accelerate.framework/Versions/A/Frameworks/vImage.framework/Versions/A/vImage
0x00000000061a1000 	/System/Library/Frameworks/Accelerate.framework/Versions/A/Frameworks/vecLib.framework/Versions/A/vecLib
0x00000000061a1000 	/System/Library/Frameworks/Accelerate.framework/Versions/A/Frameworks/vecLib.framework/Versions/A/libvDSP.dylib
0x00000000061a1000 	/System/Library/Frameworks/Accelerate.framework/Versions/A/Frameworks/vecLib.framework/Versions/A/libBNNS.dylib
0x00000000061a1000 	/System/Library/Frameworks/Accelerate.framework/Versions/A/Frameworks/vecLib.framework/Versions/A/libQuadrature.dylib
0x00000000061a1000 	/System/Library/Frameworks/Accelerate.framework/Versions/A/Frameworks/vecLib.framework/Versions/A/libvMisc.dylib
0x00000000061a1000 	/System/Library/Frameworks/Accelerate.framework/Versions/A/Frameworks/vecLib.framework/Versions/A/libLAPACK.dylib
0x00000000061a1000 	/System/Library/Frameworks/Accelerate.framework/Versions/A/Frameworks/vecLib.framework/Versions/A/libBLAS.dylib
0x00000000061a1000 	/System/Library/Frameworks/Accelerate.framework/Versions/A/Frameworks/vecLib.framework/Versions/A/libLinearAlgebra.dylib
0x00000000061a1000 	/System/Library/Frameworks/Accelerate.framework/Versions/A/Frameworks/vecLib.framework/Versions/A/libSparseBLAS.dylib
0x00000000061a1000 	/System/Library/Frameworks/ApplicationServices.framework/Versions/A/Frameworks/ATS.framework/Versions/A/Resources/libFontParser.dylib
0x00000000061a1000 	/System/Library/Frameworks/ApplicationServices.framework/Versions/A/Frameworks/ATS.framework/Versions/A/Resources/libFontRegistry.dylib
0x00000000061a1000 	/System/Library/Frameworks/ImageIO.framework/Versions/A/Resources/libJPEG.dylib
0x00000000061a1000 	/System/Library/Frameworks/ImageIO.framework/Versions/A/Resources/libTIFF.dylib
0x00000000061a1000 	/System/Library/Frameworks/ImageIO.framework/Versions/A/Resources/libPng.dylib
0x00000000061a1000 	/System/Library/Frameworks/ImageIO.framework/Versions/A/Resources/libGIF.dylib
0x00000000061a1000 	/System/Library/Frameworks/ImageIO.framework/Versions/A/Resources/libJP2.dylib
0x00000000061a1000 	/System/Library/Frameworks/ImageIO.framework/Versions/A/Resources/libRadiance.dylib
0x00000000061a1000 	/usr/lib/libcompression.dylib
0x00000000061a1000 	/System/Library/PrivateFrameworks/AppleJPEG.framework/Versions/A/AppleJPEG
0x00000000061a1000 	/usr/lib/libcups.2.dylib
0x00000000061a1000 	/System/Library/Frameworks/Kerberos.framework/Versions/A/Kerberos
0x00000000061a1000 	/System/Library/Frameworks/GSS.framework/Versions/A/GSS
0x00000000061a1000 	/usr/lib/libresolv.9.dylib
0x00000000061a1000 	/usr/lib/libiconv.2.dylib
0x00000000061a1000 	/System/Library/PrivateFrameworks/Heimdal.framework/Versions/A/Heimdal
0x00000000061a1000 	/usr/lib/libheimdal-asn1.dylib
0x00000000061a1000 	/System/Library/Frameworks/OpenDirectory.framework/Versions/A/OpenDirectory
0x00000000061a1000 	/System/Library/PrivateFrameworks/CommonAuth.framework/Versions/A/CommonAuth
0x00000000061a1000 	/System/Library/Frameworks/OpenDirectory.framework/Versions/A/Frameworks/CFOpenDirectory.framework/Versions/A/CFOpenDirectory
0x00000000061a1000 	/System/Library/Frameworks/SecurityFoundation.framework/Versions/A/SecurityFoundation
0x00000000061a1000 	/System/Library/PrivateFrameworks/LanguageModeling.framework/Versions/A/LanguageModeling
0x00000000061a1000 	/usr/lib/libmarisa.dylib
0x00000000061a1000 	/usr/lib/libChineseTokenizer.dylib
0x00000000061a1000 	/usr/lib/libcmph.dylib
0x00000000061a1000 	/System/Library/PrivateFrameworks/CoreEmoji.framework/Versions/A/CoreEmoji
0x00000000061a1000 	/System/Library/Frameworks/ServiceManagement.framework/Versions/A/ServiceManagement
0x00000000061a1000 	/usr/lib/libxslt.1.dylib
0x00000000061a1000 	/System/Library/Frameworks/Carbon.framework/Versions/A/Frameworks/Ink.framework/Versions/A/Ink
0x00000000061a1000 	/System/Library/PrivateFrameworks/TextureIO.framework/Versions/A/TextureIO
0x00000000061a1000 	/System/Library/Frameworks/Metal.framework/Versions/A/Metal
0x00000000061a1000 	/usr/lib/libate.dylib
0x00000000061a1000 	/System/Library/PrivateFrameworks/GPUCompiler.framework/libmetal_timestamp.dylib
0x00000000061a1000 	/System/Library/Frameworks/OpenGL.framework/Versions/A/Libraries/libCoreFSCache.dylib
0x00000000061a1000 	/System/Library/PrivateFrameworks/IOAccelerator.framework/Versions/A/IOAccelerator
0x00000000061a1000 	/System/Library/Frameworks/CoreVideo.framework/Versions/A/CoreVideo
0x00000000061a1000 	/usr/lib/libFosl_dynamic.dylib
0x00000000061a1000 	/System/Library/PrivateFrameworks/MetalPerformanceShaders.framework/Versions/A/MetalPerformanceShaders
0x00000000061a1000 	/System/Library/PrivateFrameworks/FaceCore.framework/Versions/A/FaceCore
0x00000000061a1000 	/System/Library/Frameworks/OpenCL.framework/Versions/A/OpenCL
0x00000000061a1000 	/System/Library/Frameworks/OpenGL.framework/Versions/A/Libraries/libGLU.dylib
0x00000000061a1000 	/System/Library/Frameworks/OpenGL.framework/Versions/A/Libraries/libGFXShared.dylib
0x00000000061a1000 	/System/Library/Frameworks/OpenGL.framework/Versions/A/Libraries/libGL.dylib
0x00000000061a1000 	/System/Library/Frameworks/OpenGL.framework/Versions/A/Libraries/libGLImage.dylib
0x00000000061a1000 	/System/Library/Frameworks/OpenGL.framework/Versions/A/Libraries/libCVMSPluginSupport.dylib
0x00000000061a1000 	/System/Library/Frameworks/OpenGL.framework/Versions/A/Libraries/libCoreVMClient.dylib
0x00000000061a1000 	/System/Library/PrivateFrameworks/CrashReporterSupport.framework/Versions/A/CrashReporterSupport
0x00000000061a1000 	/System/Library/PrivateFrameworks/Sharing.framework/Versions/A/Sharing
0x00000000061a1000 	/System/Library/PrivateFrameworks/IconServices.framework/Versions/A/IconServices
0x00000000061a1000 	/System/Library/PrivateFrameworks/ProtocolBuffer.framework/Versions/A/ProtocolBuffer
0x00000000061a1000 	/System/Library/PrivateFrameworks/Apple80211.framework/Versions/A/Apple80211
0x00000000061a1000 	/System/Library/Frameworks/CoreWLAN.framework/Versions/A/CoreWLAN
0x00000000061a1000 	/System/Library/PrivateFrameworks/CoreUtils.framework/Versions/A/CoreUtils
0x00000000061a1000 	/System/Library/Frameworks/IOBluetooth.framework/Versions/A/IOBluetooth
0x00000000061a1000 	/System/Library/PrivateFrameworks/CoreWiFi.framework/Versions/A/CoreWiFi
0x00000000061a1000 	/System/Library/Frameworks/CoreBluetooth.framework/Versions/A/CoreBluetooth
0x00000000061a1000 	/System/Library/Frameworks/CoreDisplay.framework/Versions/A/CoreDisplay
0x00000000061a1000 	/System/Library/PrivateFrameworks/IOPresentment.framework/Versions/A/IOPresentment
0x00000000061a1000 	/System/Library/PrivateFrameworks/DSExternalDisplay.framework/Versions/A/DSExternalDisplay
0x00000000061a1000 	/System/Library/PrivateFrameworks/DebugSymbols.framework/Versions/A/DebugSymbols
0x00000000061a1000 	/System/Library/PrivateFrameworks/CoreSymbolication.framework/Versions/A/CoreSymbolication
0x00000000061a1000 	/System/Library/PrivateFrameworks/Symbolication.framework/Versions/A/Symbolication
0x00000000061a1000 	/System/Library/PrivateFrameworks/AppleFSCompression.framework/Versions/A/AppleFSCompression
0x00000000061a1000 	/System/Library/PrivateFrameworks/SpeechRecognitionCore.framework/Versions/A/SpeechRecognitionCore
0x00000000061a1000 	/System/Library/PrivateFrameworks/ChunkingLibrary.framework/Versions/A/ChunkingLibrary
0x0000000108c00000 	/Library/Java/JavaVirtualMachines/jdk1.8.0_131.jdk/Contents/Home/jre/lib/server/libjvm.dylib
0x00000000061a1000 	/usr/lib/libstdc++.6.dylib
0x000000010821b000 	/Library/Java/JavaVirtualMachines/jdk1.8.0_131.jdk/Contents/Home/jre/lib/libverify.dylib
0x0000000108229000 	/Library/Java/JavaVirtualMachines/jdk1.8.0_131.jdk/Contents/Home/jre/lib/libjava.dylib
0x0000000108268000 	/Library/Java/JavaVirtualMachines/jdk1.8.0_131.jdk/Contents/Home/jre/lib/libzip.dylib
0x00000001083e4000 	/System/Library/Frameworks/JavaVM.framework/Frameworks/JavaRuntimeSupport.framework/JavaRuntimeSupport
0x000000010c394000 	/System/Library/Frameworks/JavaVM.framework/Versions/A/Frameworks/JavaNativeFoundation.framework/Versions/A/JavaNativeFoundation
0x000000010c3a9000 	/System/Library/Frameworks/JavaVM.framework/Versions/A/JavaVM
0x00000000061a1000 	/System/Library/Frameworks/Carbon.framework/Versions/A/Carbon
0x000000010c3b6000 	/System/Library/PrivateFrameworks/JavaLaunching.framework/Versions/A/JavaLaunching
0x00000000061a1000 	/System/Library/Frameworks/Carbon.framework/Versions/A/Frameworks/CommonPanels.framework/Versions/A/CommonPanels
0x00000000061a1000 	/System/Library/Frameworks/Carbon.framework/Versions/A/Frameworks/Help.framework/Versions/A/Help
0x00000000061a1000 	/System/Library/Frameworks/Carbon.framework/Versions/A/Frameworks/ImageCapture.framework/Versions/A/ImageCapture
0x00000000061a1000 	/System/Library/Frameworks/Carbon.framework/Versions/A/Frameworks/OpenScripting.framework/Versions/A/OpenScripting
0x00000000061a1000 	/System/Library/Frameworks/Carbon.framework/Versions/A/Frameworks/Print.framework/Versions/A/Print
0x00000000061a1000 	/System/Library/Frameworks/Carbon.framework/Versions/A/Frameworks/SecurityHI.framework/Versions/A/SecurityHI
0x000000010dcc9000 	/Library/Java/JavaVirtualMachines/jdk1.8.0_131.jdk/Contents/Home/jre/lib/libnio.dylib
0x000000010dcd9000 	/Library/Java/JavaVirtualMachines/jdk1.8.0_131.jdk/Contents/Home/jre/lib/./libnet.dylib
0x000000010ddd5000 	/Library/Java/JavaVirtualMachines/jdk1.8.0_131.jdk/Contents/Home/jre/lib/libawt.dylib
0x000000010de7d000 	/Library/Java/JavaVirtualMachines/jdk1.8.0_131.jdk/Contents/Home/jre/lib/./libmlib_image.dylib
0x000000010df49000 	/Library/Java/JavaVirtualMachines/jdk1.8.0_131.jdk/Contents/Home/jre/lib/libawt_lwawt.dylib
0x000000010e000000 	/Library/Java/JavaVirtualMachines/jdk1.8.0_131.jdk/Contents/Home/jre/lib/./libosxapp.dylib
0x00000000061a1000 	/System/Library/Frameworks/ExceptionHandling.framework/Versions/A/ExceptionHandling
0x00000000061a1000 	/System/Library/PrivateFrameworks/CoreServicesInternal.framework/Versions/A/CoreServicesInternal
0x00000000061a1000 	/System/Library/CoreServices/RawCamera.bundle/Contents/MacOS/RawCamera
0x000000010e1bf000 	/System/Library/Frameworks/Accelerate.framework/Frameworks/vImage.framework/Versions/A/Libraries/libCGInterfaces.dylib
0x00000000061a1000 	/System/Library/Frameworks/ApplicationServices.framework/Versions/A/Frameworks/ATS.framework/Versions/A/Resources/libTrueTypeScaler.dylib
0x0000000126033000 	/System/Library/Frameworks/OpenGL.framework/Resources/GLEngine.bundle/GLEngine
0x00000000061a1000 	/System/Library/Frameworks/OpenGL.framework/Versions/A/Libraries/libGLProgrammability.dylib
0x0000000126218000 	/System/Library/Extensions/AppleIntelBDWGraphicsGLDriver.bundle/Contents/MacOS/AppleIntelBDWGraphicsGLDriver
0x00000000061a1000 	/System/Library/PrivateFrameworks/GPUSupport.framework/Versions/A/Libraries/libGPUSupportMercury.dylib
0x0000000124c7d000 	/System/Library/Frameworks/OpenGL.framework/Resources//GLRendererFloat.bundle/GLRendererFloat
0x00000000061a1000 	/System/Library/Frameworks/OpenCL.framework/Versions/A/Libraries/libcldcpuengine.dylib
0x00000000061a1000 	/usr/lib/libcrypto.0.9.8.dylib
0x00000000061a1000 	/System/Library/PrivateFrameworks/TrustEvaluationAgent.framework/Versions/A/TrustEvaluationAgent
0x0000000126982000 	/System/Library/Extensions/AppleIntelBDWGraphicsMTLDriver.bundle/Contents/MacOS/AppleIntelBDWGraphicsMTLDriver
0x00000000061a1000 	/System/Library/PrivateFrameworks/FamilyControls.framework/Versions/A/FamilyControls
0x00000000061a1000 	/System/Library/PrivateFrameworks/CommerceKit.framework/Versions/A/Frameworks/CommerceCore.framework/Versions/A/CommerceCore
0x00000000061a1000 	/System/Library/PrivateFrameworks/SystemAdministration.framework/Versions/A/SystemAdministration
0x00000000061a1000 	/System/Library/PrivateFrameworks/AppContainer.framework/Versions/A/AppContainer
0x00000000061a1000 	/System/Library/PrivateFrameworks/SecCodeWrapper.framework/Versions/A/SecCodeWrapper
0x00000000061a1000 	/System/Library/Frameworks/DirectoryService.framework/Versions/A/DirectoryService
0x00000000061a1000 	/System/Library/PrivateFrameworks/DiskImages.framework/Versions/A/DiskImages
0x00000000061a1000 	/System/Library/PrivateFrameworks/LoginUIKit.framework/Versions/A/Frameworks/LoginUICore.framework/Versions/A/LoginUICore
0x00000000061a1000 	/usr/lib/libCoreStorage.dylib
0x00000000061a1000 	/usr/lib/libcsfde.dylib
0x00000000061a1000 	/usr/lib/libodfde.dylib
0x00000000061a1000 	/System/Library/Frameworks/DiscRecording.framework/Versions/A/DiscRecording
0x00000000061a1000 	/usr/lib/libcurl.4.dylib
0x00000000061a1000 	/System/Library/PrivateFrameworks/MediaKit.framework/Versions/A/MediaKit
0x00000000061a1000 	/System/Library/PrivateFrameworks/ProtectedCloudStorage.framework/Versions/A/ProtectedCloudStorage
0x00000000061a1000 	/System/Library/PrivateFrameworks/EFILogin.framework/Versions/A/EFILogin
0x00000000061a1000 	/usr/lib/libutil.dylib
0x00000000061a1000 	/System/Library/Frameworks/LDAP.framework/Versions/A/LDAP
0x00000000061a1000 	/usr/lib/libsasl2.2.dylib
0x00000000061a1000 	/System/Library/PrivateFrameworks/CoreDaemon.framework/Versions/B/CoreDaemon
0x00000000061a1000 	/System/Library/PrivateFrameworks/AppleSRP.framework/Versions/A/AppleSRP
0x00000000061a1000 	/System/Library/PrivateFrameworks/APFS.framework/Versions/A/APFS
0x00000000061a1000 	/System/Library/PrivateFrameworks/ViewBridge.framework/Versions/A/ViewBridge
0x00000000061a1000 	/System/Library/PrivateFrameworks/XPCService.framework/Versions/A/XPCService
0x00000000061a1000 	/System/Library/PrivateFrameworks/AppSandbox.framework/Versions/A/AppSandbox
0x00000000061a1000 	/usr/lib/libsandbox.1.dylib
0x00000000061a1000 	/usr/lib/libMatch.1.dylib
0x0000000128a58000 	/Library/Java/JavaVirtualMachines/jdk1.8.0_131.jdk/Contents/Home/jre/lib/libsplashscreen.dylib
0x0000000128ab1000 	/Library/Java/JavaVirtualMachines/jdk1.8.0_131.jdk/Contents/Home/jre/lib/libfontmanager.dylib
0x0000000126b03000 	/Library/Java/JavaVirtualMachines/jdk1.8.0_131.jdk/Contents/Home/jre/lib/libosxui.dylib
0x000000012cec3000 	/Applications/NetBeans/Apache NetBeans 11.1.app/Contents/Resources/NetBeans/platform/modules/lib/libjnidispatch-440.jnilib
0x0000000125e77000 	/Library/Java/JavaVirtualMachines/jdk1.8.0_131.jdk/Contents/Home/jre/lib/libmanagement.dylib
0x000000012c484000 	/Library/Java/JavaVirtualMachines/jdk1.8.0_131.jdk/Contents/Home/jre/lib/libjpeg.dylib
0x000000012bd2a000 	/Library/Java/JavaVirtualMachines/jdk1.8.0_131.jdk/Contents/Home/jre/lib/libdcpr.dylib
0x00000000061a1000 	/System/Library/PrivateFrameworks/CloudDocs.framework/Versions/A/CloudDocs
0x00000000061a1000 	/System/Library/Frameworks/CloudKit.framework/Versions/A/CloudKit
0x00000000061a1000 	/System/Library/PrivateFrameworks/MMCS.framework/Versions/A/MMCS
0x00000000061a1000 	/System/Library/Frameworks/CoreLocation.framework/Versions/A/CoreLocation
0x00000000061a1000 	/System/Library/PrivateFrameworks/AssetCacheServices.framework/Versions/A/AssetCacheServices
0x00000000061a1000 	/System/Library/PrivateFrameworks/GeoServices.framework/Versions/A/GeoServices

VM Arguments:
jvm_args: -Djdk.home=/Library/Java/JavaVirtualMachines/jdk1.8.0_131.jdk/Contents/Home -Dnetbeans.default_userdir_root=/Users/dthurston/Library/Application Support/NetBeans -Dnetbeans.dirs=/Applications/NetBeans/Apache NetBeans 11.1.app/Contents/Resources/NetBeans/nb:/Applications/NetBeans/Apache NetBeans 11.1.app/Contents/Resources/NetBeans/ergonomics:/Applications/NetBeans/Apache NetBeans 11.1.app/Contents/Resources/NetBeans/ide:/Applications/NetBeans/Apache NetBeans 11.1.app/Contents/Resources/NetBeans/extide:/Applications/NetBeans/Apache NetBeans 11.1.app/Contents/Resources/NetBeans/java:/Applications/NetBeans/Apache NetBeans 11.1.app/Contents/Resources/NetBeans/apisupport:/Applications/NetBeans/Apache NetBeans 11.1.app/Contents/Resources/NetBeans/webcommon:/Applications/NetBeans/Apache NetBeans 11.1.app/Contents/Resources/NetBeans/websvccommon:/Applications/NetBeans/Apache NetBeans 11.1.app/Contents/Resources/NetBeans/enterprise:/Applications/NetBeans/Apache NetBeans 11.1.app/Contents/Resources/NetBeans/mobility:/Applications/NetBeans/Apache NetBeans 11.1.app/Contents/Resources/NetBeans/profiler:/Applications/NetBeans/Apache NetBeans 11.1.app/Contents/Resources/NetBeans/python:/Applications/NetBeans/Apache NetBeans 11.1.app/Contents/Resources/NetBeans/php:/Applications/NetBeans/Apache NetBeans 11.1.app/Contents/Resources/NetBeans/identity:/Applications/NetBeans/Apache NetBeans 11.1.app/Contents/Resources/NetBeans/harness:/Applications/NetBeans/Apache NetBeans 11.1.app/Contents/Resources/NetBeans/cnd:/Applications/NetBeans/Apache NetBeans 11.1.app/Contents/Resources/NetBeans/cndext:/Applications/NetBeans/Apache NetBeans 11.1.app/Contents/Resources/NetBeans/dlight:/Applications/NetBeans/Apache NetBeans 11.1.app/Contents/Resources/NetBeans/groovy:/Applications/NetBeans/Apache NetBeans 11.1.app/Contents/Resources/NetBeans/extra:/Applications/NetBeans/Apache NetBeans 11.1.app/Contents/Resources/NetBeans/javacard:/Applications/NetBeans/Apache NetBeans 11.1.app/Contents/Resources/NetBeans/javafx: -Dnetbeans.home=/Applications/NetBeans/Apache NetBeans 11.1.app/Contents/Resources/NetBeans/platform -Dnetbeans.importclass=org.netbeans.upgrade.AutoUpgrade -XX:+UseStringDeduplication -Xss2m -Djdk.gtk.version=2.2 -Dapple.laf.useScreenMenuBar=true -Dapple.awt.graphics.UseQuartz=true -Dsun.java2d.noddraw=true -Dsun.java2d.dpiaware=true -Dsun.zip.disableMemoryMapping=true -Dplugin.manager.check.updates=false -Dnetbeans.extbrowser.manual_chrome_plugin_install=yes --add-opens=java.base/java.net=ALL-UNNAMED --add-opens=java.base/java.lang.ref=ALL-UNNAMED --add-opens=java.base/java.lang=ALL-UNNAMED --add-opens=java.base/java.security=ALL-UNNAMED --add-opens=java.base/java.util=ALL-UNNAMED --add-opens=java.desktop/javax.swing.plaf.basic=ALL-UNNAMED --add-opens=java.desktop/javax.swing.text=ALL-UNNAMED --add-opens=java.desktop/javax.swing=ALL-UNNAMED --add-opens=java.desktop/java.awt=ALL-UNNAMED --add-opens=java.desktop/java.awt.event=ALL-UNNAMED --add-opens=java.prefs/java.util.prefs=ALL-UNNAMED --add-opens=jdk.jshell/jdk.jshell=ALL-UNNAMED --add-modules=jdk.jshell --add-exports=java.desktop/sun.awt=ALL-UNNAMED --add-exports=java.desktop/java.awt.peer=ALL-UNNAMED --add-exports=java.desktop/com.sun.beans.editors=ALL-UNNAMED --add-exports=java.desktop/sun.swing=ALL-UNNAMED --add-exports=java.desktop/sun.awt.im=ALL-UNNAMED --add-exports=jdk.internal.jvmstat/sun.jvmstat.monitor=ALL-UNNAMED --add-exports=java.management/sun.management=ALL-UNNAMED --add-exports=java.base/sun.reflect.annotation=ALL-UNNAMED --add-exports=jdk.javadoc/com.sun.tools.javadoc.main=ALL-UNNAMED -XX:+IgnoreUnrecognizedVMOptions -XX:+HeapDumpOnOutOfMemoryError -XX:HeapDumpPath=/Users/dthurston/Library/Application Support/NetBeans/11.1/var/log/heapdump.hprof 
java_command: org.netbeans.Main --cachedir /Users/dthurston/Library/Caches/NetBeans/11.1 --userdir /Users/dthurston/Library/Application Support/NetBeans/11.1 --branding nb
java_class_path (initial): /Applications/NetBeans/Apache NetBeans 11.1.app/Contents/Resources/NetBeans/platform/lib/boot.jar:/Applications/NetBeans/Apache NetBeans 11.1.app/Contents/Resources/NetBeans/platform/lib/org-openide-modules.jar:/Applications/NetBeans/Apache NetBeans 11.1.app/Contents/Resources/NetBeans/platform/lib/org-openide-util-lookup.jar:/Applications/NetBeans/Apache NetBeans 11.1.app/Contents/Resources/NetBeans/platform/lib/org-openide-util-ui.jar:/Applications/NetBeans/Apache NetBeans 11.1.app/Contents/Resources/NetBeans/platform/lib/org-openide-util.jar:/Library/Java/JavaVirtualMachines/jdk1.8.0_131.jdk/Contents/Home/lib/dt.jar:/Library/Java/JavaVirtualMachines/jdk1.8.0_131.jdk/Contents/Home/lib/tools.jar
Launcher Type: SUN_STANDARD

Environment Variables:
PATH=/Library/Frameworks/Python.framework/Versions/3.6/bin:/Users/dthurston/.rbenv/shims:/Library/Frameworks/Python.framework/Versions/2.7/bin:/usr/local/bin:/usr/bin:/bin:/usr/sbin:/sbin:/Library/Frameworks/Mono.framework/Versions/Current/Commands:/Applications/Wireshark.app/Contents/MacOS:/Users/dthurston/Projects
SHELL=/bin/bash

Signal Handlers:
SIGSEGV: [libjvm.dylib+0x5b1eb1], sa_mask[0]=11111111011111110111111111111111, sa_flags=SA_ONSTACK|SA_RESTART|SA_SIGINFO
SIGBUS: [libjvm.dylib+0x5b1eb1], sa_mask[0]=11111111011111110111111111111111, sa_flags=SA_RESTART|SA_SIGINFO
SIGFPE: [libjvm.dylib+0x488988], sa_mask[0]=11111111011111110111111111111111, sa_flags=SA_RESTART|SA_SIGINFO
SIGPIPE: [libjvm.dylib+0x488988], sa_mask[0]=11111111011111110111111111111111, sa_flags=SA_RESTART|SA_SIGINFO
SIGXFSZ: [libjvm.dylib+0x488988], sa_mask[0]=11111111011111110111111111111111, sa_flags=SA_RESTART|SA_SIGINFO
SIGILL: [libjvm.dylib+0x488988], sa_mask[0]=11111111011111110111111111111111, sa_flags=SA_RESTART|SA_SIGINFO
SIGUSR1: SIG_DFL, sa_mask[0]=11011111011111100000000111000110, sa_flags=none
SIGUSR2: [libjvm.dylib+0x4884a6], sa_mask[0]=00000000000000000000000000000000, sa_flags=SA_RESTART|SA_SIGINFO
SIGHUP: [libjvm.dylib+0x486a7d], sa_mask[0]=11111111011111110111111111111111, sa_flags=SA_RESTART|SA_SIGINFO
SIGINT: SIG_IGN, sa_mask[0]=00000000000000000000000000000000, sa_flags=none
SIGTERM: [libjvm.dylib+0x486a7d], sa_mask[0]=11111111011111110111111111111111, sa_flags=SA_RESTART|SA_SIGINFO
SIGQUIT: [libjvm.dylib+0x486a7d], sa_mask[0]=11111111011111110111111111111111, sa_flags=SA_RESTART|SA_SIGINFO


---------------  S Y S T E M  ---------------

OS:Bsduname:Darwin 16.7.0 Darwin Kernel Version 16.7.0: Sun Jun  2 20:26:31 PDT 2019; root:xnu-3789.73.50~1/RELEASE_X86_64 x86_64
rlimit: STACK 8192k, CORE 0k, NPROC 709, NOFILE 10240, AS infinity
load average:2.67 2.21 2.27

CPU:total 4 (initial active 4) (2 cores per cpu, 2 threads per core) family 6 model 61 stepping 4, cmov, cx8, fxsr, mmx, sse, sse2, sse3, ssse3, sse4.1, sse4.2, popcnt, avx, avx2, aes, clmul, erms, rtm, 3dnowpref, lzcnt, ht, tsc, tscinvbit, bmi1, bmi2, adx

Memory: 4k page, physical 8388608k(35944k free)

/proc/meminfo:


vm_info: Java HotSpot(TM) 64-Bit Server VM (25.131-b11) for bsd-amd64 JRE (1.8.0_131-b11), built on Mar 15 2017 01:32:22 by "java_re" with gcc 4.2.1 (Based on Apple Inc. build 5658) (LLVM build 2336.11.00)

time: Wed Dec 11 12:23:46 2019
elapsed time: 33051 seconds (0d 9h 10m 51s)

