#
# A fatal error has been detected by the Java Runtime Environment:
#
#  SIGSEGV (0xb) at pc=0x00000001125113bf, pid=25448, tid=0x000000000000dc07
#
# JRE version: Java(TM) SE Runtime Environment (8.0_131-b11) (build 1.8.0_131-b11)
# Java VM: Java HotSpot(TM) 64-Bit Server VM (25.131-b11 mixed mode bsd-amd64 compressed oops)
# Problematic frame:
# C  [libawt_lwawt.dylib+0x1c3bf]  OGLSD_SetScratchSurface+0x49
#
# Failed to write core dump. Core dumps have been disabled. To enable core dumping, try "ulimit -c unlimited" before starting Java again
#
# If you would like to submit a bug report, please visit:
#   http://bugreport.java.com/bugreport/crash.jsp
# The crash happened outside the Java Virtual Machine in native code.
# See problematic frame for where to report the bug.
#

---------------  T H R E A D  ---------------

Current thread (0x00007f846c370000):  JavaThread "Java2D Queue Flusher" daemon [_thread_in_native, id=56327, stack(0x000070000bcf2000,0x000070000bef2000)]

siginfo: si_signo: 11 (SIGSEGV), si_code: 1 (SEGV_MAPERR), si_addr: 0x0000000000000003

Registers:
RAX=0x00000000ffffffff, RBX=0x0000000000000003, RCX=0x0000000000000047, RDX=0x0000000112532258
RSP=0x000070000bef1810, RBP=0x000070000bef1830, RSI=0x00007f845c1f0020, RDI=0x00007f846c3701f8
R8 =0x00000000e82868f2, R9 =0x0000000000000000, R10=0x0000000115e992f8, R11=0x0000000000000020
R12=0x0000000000000000, R13=0x0000000741434810, R14=0x00007f846c3701f8, R15=0x00007f846c370000
RIP=0x00000001125113bf, EFLAGS=0x0000000000010206, ERR=0x0000000000000004
  TRAPNO=0x000000000000000e

Top of Stack: (sp=0x000070000bef1810)
0x000070000bef1810:   00007f845c1f0020 0000000000000000
0x000070000bef1820:   00007f846c32fe10 00007f846c370000
0x000070000bef1830:   000070000bef18b0 0000000112531d36
0x000070000bef1840:   0000000000000064 00007f846b5ba288
0x000070000bef1850:   000070000bef18b0 0000000109350094
0x000070000bef1860:   0000000000000005 00007f846c370000
0x000070000bef1870:   0000000741434801 00007f846c32fe20
0x000070000bef1880:   0000700000ef1800 00007f846c3701f8
0x000070000bef1890:   0000000000000000 0000000000000000
0x000070000bef18a0:   000000079621df90 00007f846c370000
0x000070000bef18b0:   000070000bef1900 0000000115e9936a
0x000070000bef18c0:   0000000741434778 000070000bef1908
0x000070000bef18d0:   00000001290e7028 0000000000000000
0x000070000bef18e0:   0000000000000079 0000000000000000
0x000070000bef18f0:   000070000bef1910 0000000741434810
0x000070000bef1900:   00000000e82868ef 0000000116a8f7f4
0x000070000bef1910:   0000000741434778 0000000000000000
0x000070000bef1920:   0000000741434810 0000000000000000
0x000070000bef1930:   0000000741434810 000070000bef19d0
0x000070000bef1940:   0000000000000001 0000000000000000
0x000070000bef1950:   000070000bef19d0 000000011599c7a7
0x000070000bef1960:   0000000741434810 0000000741434810
0x000070000bef1970:   0000700000001fa0 000000000000000a
0x000070000bef1980:   00007f846c370000 0000000000000001
0x000070000bef1990:   000000011599c71f 000000010f5d06d8
0x000070000bef19a0:   000070000bef1a68 000070000bef1d00
0x000070000bef19b0:   000000010000000a 000000010f5d06d8
0x000070000bef19c0:   00000001159af120 000070000bef1c70
0x000070000bef19d0:   000070000bef1b80 00000001092ee5b6
0x000070000bef19e0:   0000700000000001 00007f846c370000
0x000070000bef19f0:   00007f846c370000 000070000bef1d00
0x000070000bef1a00:   00007f846b5ba280 00000001159af120 

Instructions: (pc=0x00000001125113bf)
0x000000011251139f:   c0 e9 82 00 00 00 48 8b 5e 10 48 85 db 75 0e bf
0x00000001125113af:   01 00 00 00 48 8d 15 07 7c 03 00 eb d6 49 89 fe
0x00000001125113bf:   4c 8b 3b 30 c0 e8 c1 a6 02 00 49 8b 3f 49 89 c4
0x00000001125113cf:   48 8b 35 4a 03 06 00 30 c0 e8 0f a8 02 00 48 85 

Register to memory mapping:

RAX=0x00000000ffffffff is an unknown value
RBX=0x0000000000000003 is an unknown value
RCX=0x0000000000000047 is an unknown value
RDX=0x0000000112532258: Java_sun_java2d_opengl_OGLRenderQueue_flushBuffer+0xb5c in /Library/Java/JavaVirtualMachines/jdk1.8.0_131.jdk/Contents/Home/jre/lib/libawt_lwawt.dylib at 0x00000001124f5000
RSP=0x000070000bef1810 is pointing into the stack for thread: 0x00007f846c370000
RBP=0x000070000bef1830 is pointing into the stack for thread: 0x00007f846c370000
RSI=0x00007f845c1f0020 is an unknown value
RDI=0x00007f846c3701f8 is an unknown value
R8 =0x00000000e82868f2 is an unknown value
R9 =0x0000000000000000 is an unknown value
R10=0x0000000115e992f8 is at entry_point+56 in (nmethod*)0x0000000115e99150
R11=0x0000000000000020 is an unknown value
R12=0x0000000000000000 is an unknown value
R13=0x0000000741434810 is an oop
sun.java2d.opengl.OGLRenderQueue$QueueFlusher 
 - klass: 'sun/java2d/opengl/OGLRenderQueue$QueueFlusher'
R14=0x00007f846c3701f8 is an unknown value
R15=0x00007f846c370000 is a thread


Stack: [0x000070000bcf2000,0x000070000bef2000],  sp=0x000070000bef1810,  free space=2046k
Native frames: (J=compiled Java code, j=interpreted, Vv=VM code, C=native code)
C  [libawt_lwawt.dylib+0x1c3bf]  OGLSD_SetScratchSurface+0x49
C  [libawt_lwawt.dylib+0x3cd36]  Java_sun_java2d_opengl_OGLRenderQueue_flushBuffer+0x63a
J 8254  sun.java2d.opengl.OGLRenderQueue.flushBuffer(JI)V (0 bytes) @ 0x0000000115e9936a [0x0000000115e992c0+0xaa]
J 61585% C2 sun.java2d.opengl.OGLRenderQueue$QueueFlusher.run()V (234 bytes) @ 0x0000000116a8f7f4 [0x0000000116a8f720+0xd4]
v  ~StubRoutines::call_stub
V  [libjvm.dylib+0x2ee5b6]
V  [libjvm.dylib+0x2eed5a]
V  [libjvm.dylib+0x2eef06]
V  [libjvm.dylib+0x34965d]
V  [libjvm.dylib+0x56b87f]
V  [libjvm.dylib+0x56cf6c]
V  [libjvm.dylib+0x48b376]
C  [libsystem_pthread.dylib+0x393b]  _pthread_body+0xb4
C  [libsystem_pthread.dylib+0x3887]  _pthread_body+0x0
C  [libsystem_pthread.dylib+0x308d]  thread_start+0xd
C  0x0000000000000000

Java frames: (J=compiled Java code, j=interpreted, Vv=VM code)
J 8254  sun.java2d.opengl.OGLRenderQueue.flushBuffer(JI)V (0 bytes) @ 0x0000000115e992f8 [0x0000000115e992c0+0x38]
J 61585% C2 sun.java2d.opengl.OGLRenderQueue$QueueFlusher.run()V (234 bytes) @ 0x0000000116a8f7f4 [0x0000000116a8f720+0xd4]
v  ~StubRoutines::call_stub

---------------  P R O C E S S  ---------------

Java Threads: ( => current thread )
  0x00007f846cd24000 JavaThread "org.netbeans.modules.lsp.client.bindings.TextDocumentSyncServerCapabilityHandler" daemon [_thread_in_Java, id=81155, stack(0x000070000cb8a000,0x000070000cd8a000)]
  0x00007f84730d5000 JavaThread "Inactive RequestProcessor thread [Was:CaretMarkProvider/org.netbeans.modules.editor.errorstripe.caret.CaretMarkProvider$1]" daemon [_thread_blocked, id=88383, stack(0x000070000c784000,0x000070000c984000)]
  0x00007f846d2c1000 JavaThread "Inactive RequestProcessor thread [Was:NbStatusDisplayer/org.netbeans.core.NbStatusDisplayer$MessageImpl]" daemon [_thread_blocked, id=82535, stack(0x000070000baef000,0x000070000bcef000)]
  0x00007f846cc30000 JavaThread "Inactive RequestProcessor thread [Was:org.netbeans.modules.editor.url.HighlightURLs/org.netbeans.modules.editor.url.HighlightURLs]" daemon [_thread_blocked, id=87087, stack(0x000070000c987000,0x000070000cb87000)]
  0x00007f84743f7800 JavaThread "RequestProcessor queue manager" daemon [_thread_blocked, id=55815, stack(0x000070000b8ec000,0x000070000baec000)]
  0x00007f846d001800 JavaThread "DestroyJavaVM" [_thread_blocked, id=7171, stack(0x0000700009c2d000,0x0000700009e2d000)]
  0x00007f8472a4f800 JavaThread "TimerQueue" daemon [_thread_blocked, id=81411, stack(0x000070000e1ab000,0x000070000e3ab000)]
  0x00007f84728f6800 JavaThread "Worker-JM" [_thread_blocked, id=80915, stack(0x000070000dfa8000,0x000070000e1a8000)]
  0x00007f847415a000 JavaThread "Framework Event Dispatcher" daemon [_thread_blocked, id=77315, stack(0x000070000dda5000,0x000070000dfa5000)]
  0x00007f846d5e7000 JavaThread "Deadlock Detector" [_thread_blocked, id=76931, stack(0x000070000dba2000,0x000070000dda2000)]
  0x00007f847289e800 JavaThread "Thread-3" daemon [_thread_blocked, id=76483, stack(0x000070000d99f000,0x000070000db9f000)]
  0x00007f846ca20800 JavaThread "File Watcher" daemon [_thread_blocked, id=75827, stack(0x000070000d79c000,0x000070000d99c000)]
  0x00007f847247e000 JavaThread "Thread-1" daemon [_thread_in_native, id=73735, stack(0x000070000d599000,0x000070000d799000)]
  0x00007f846d239000 JavaThread "State Data Manager" daemon [_thread_blocked, id=69851, stack(0x000070000c581000,0x000070000c781000)]
  0x00007f8473b76800 JavaThread "Framework Active Thread" [_thread_blocked, id=69163, stack(0x000070000c37e000,0x000070000c57e000)]
  0x00007f846c2ae000 JavaThread "AWT-EventQueue-0" [_thread_blocked, id=59907, stack(0x000070000c0f8000,0x000070000c2f8000)]
  0x00007f846ba88000 JavaThread "Java2D Disposer" daemon [_thread_blocked, id=59407, stack(0x000070000bef5000,0x000070000c0f5000)]
=>0x00007f846c370000 JavaThread "Java2D Queue Flusher" daemon [_thread_in_native, id=56327, stack(0x000070000bcf2000,0x000070000bef2000)]
  0x00007f846c910800 JavaThread "Editor Parsing Loop (netbeans-release-428-on-20190716)" daemon [_thread_blocked, id=48687, stack(0x000070000b6e9000,0x000070000b8e9000)]
  0x00007f846c8e7800 JavaThread "AWT-Shutdown" [_thread_blocked, id=30751, stack(0x000070000b3e0000,0x000070000b5e0000)]
  0x00007f846c0ae000 JavaThread "AppKit Thread" daemon [_thread_in_native, id=775, stack(0x00007fff56cb6000,0x00007fff574b6000)]
  0x00007f846c0ed800 JavaThread "CLI Requests Server" daemon [_thread_in_native, id=20227, stack(0x000070000b15a000,0x000070000b35a000)]
  0x00007f846c0c8000 JavaThread "Active Reference Queue Daemon" daemon [_thread_blocked, id=19715, stack(0x000070000af57000,0x000070000b157000)]
  0x00007f846b85f800 JavaThread "Service Thread" daemon [_thread_blocked, id=18691, stack(0x000070000ac51000,0x000070000ae51000)]
  0x00007f846c824000 JavaThread "C1 CompilerThread2" daemon [_thread_blocked, id=18179, stack(0x000070000ab4e000,0x000070000ac4e000)]
  0x00007f846d00a800 JavaThread "C2 CompilerThread1" daemon [_thread_blocked, id=17667, stack(0x000070000aa4b000,0x000070000ab4b000)]
  0x00007f846b85e800 JavaThread "C2 CompilerThread0" daemon [_thread_blocked, id=17155, stack(0x000070000a948000,0x000070000aa48000)]
  0x00007f846b863800 JavaThread "Signal Dispatcher" daemon [_thread_blocked, id=16643, stack(0x000070000a745000,0x000070000a945000)]
  0x00007f846b849800 JavaThread "Finalizer" daemon [_thread_blocked, id=12547, stack(0x000070000a542000,0x000070000a742000)]
  0x00007f846b847000 JavaThread "Reference Handler" daemon [_thread_blocked, id=12035, stack(0x000070000a33f000,0x000070000a53f000)]

Other Threads:
  0x00007f846b842800 VMThread [stack: 0x000070000a23c000,0x000070000a33c000] [id=11523]
  0x00007f846b860000 WatcherThread [stack: 0x000070000ae54000,0x000070000af54000] [id=19203]

VM state:not at safepoint (normal execution)

VM Mutex/Monitor currently owned by a thread: None

Heap:
 PSYoungGen      total 657920K, used 53418K [0x0000000795580000, 0x00000007c0000000, 0x00000007c0000000)
  eden space 616960K, 4% used [0x0000000795580000,0x000000079738af10,0x00000007bb000000)
  from space 40960K, 55% used [0x00000007bb000000,0x00000007bc61fba8,0x00000007bd800000)
  to   space 39424K, 0% used [0x00000007bd980000,0x00000007bd980000,0x00000007c0000000)
 ParOldGen       total 935424K, used 604629K [0x0000000740000000, 0x0000000779180000, 0x0000000795580000)
  object space 935424K, 64% used [0x0000000740000000,0x0000000764e756a0,0x0000000779180000)
 Metaspace       used 178485K, capacity 201307K, committed 201640K, reserved 1224704K
  class space    used 20748K, capacity 26657K, committed 26800K, reserved 1048576K

Card table byte_map: [0x000000010a398000,0x000000010a799000] byte_map_base: 0x0000000106998000

Marking Bits: (ParMarkBitMap*) 0x00000001098f1ea0
 Begin Bits: [0x000000010aa44000, 0x000000010ca44000)
 End Bits:   [0x000000010ca44000, 0x000000010ea44000)

Polling page: 0x00000001087d5000

CodeCache: size=245760Kb used=161847Kb max_used=162424Kb free=83912Kb
 bounds [0x000000011599c000, 0x000000011fbcc000, 0x000000012499c000]
 total_blobs=32757 nmethods=31728 adapters=936
 compilation: enabled

Compilation events (10 events):
Event: 252912.261 Thread 0x00007f846d00a800 nmethod 89112 0x000000011ced1590 code [0x000000011ced1720, 0x000000011ced1bd8]
Event: 252912.274 Thread 0x00007f846b85e800 nmethod 89114 0x0000000116c07190 code [0x0000000116c07320, 0x0000000116c076e8]
Event: 252912.425 Thread 0x00007f846c824000 89116       2       sun.java2d.SurfaceData::<init> (10 bytes)
Event: 252912.425 Thread 0x00007f846c824000 nmethod 89116 0x000000011783c410 code [0x000000011783c580, 0x000000011783c738]
Event: 253962.299 Thread 0x00007f846c824000 89120       3       sun.lwawt.macosx.CMouseDragGestureRecognizer::mouseEntered (8 bytes)
Event: 253962.343 Thread 0x00007f846c824000 nmethod 89120 0x0000000115b37550 code [0x0000000115b376c0, 0x0000000115b378e8]
Event: 253962.719 Thread 0x00007f846c824000 89121       3       sun.lwawt.macosx.CMouseDragGestureRecognizer::mouseExited (28 bytes)
Event: 253962.745 Thread 0x00007f846c824000 nmethod 89121 0x0000000119423f50 code [0x0000000119424100, 0x0000000119424988]
Event: 253971.480 Thread 0x00007f846d00a800 89122       4       sun.nio.cs.UTF_8$Encoder::encodeArrayLoop (489 bytes)
Event: 253971.532 Thread 0x00007f846d00a800 nmethod 89122 0x000000011a0cb350 code [0x000000011a0cb500, 0x000000011a0cbdd8]

GC Heap History (10 events):
Event: 249326.431 GC heap before
{Heap before GC invocations=1977 (full 8):
 PSYoungGen      total 666624K, used 658036K [0x0000000795580000, 0x00000007c0000000, 0x00000007c0000000)
  eden space 634368K, 100% used [0x0000000795580000,0x00000007bc100000,0x00000007bc100000)
  from space 32256K, 73% used [0x00000007be080000,0x00000007bf79d0c8,0x00000007c0000000)
  to   space 32256K, 0% used [0x00000007bc100000,0x00000007bc100000,0x00000007be080000)
 ParOldGen       total 935424K, used 591948K [0x0000000740000000, 0x0000000779180000, 0x0000000795580000)
  object space 935424K, 63% used [0x0000000740000000,0x0000000764213298,0x0000000779180000)
 Metaspace       used 178478K, capacity 201307K, committed 201640K, reserved 1224704K
  class space    used 20748K, capacity 26657K, committed 26800K, reserved 1048576K
Event: 249326.468 GC heap after
Heap after GC invocations=1977 (full 8):
 PSYoungGen      total 655872K, used 21488K [0x0000000795580000, 0x00000007bfe00000, 0x00000007c0000000)
  eden space 634368K, 0% used [0x0000000795580000,0x0000000795580000,0x00000007bc100000)
  from space 21504K, 99% used [0x00000007bc100000,0x00000007bd5fc280,0x00000007bd600000)
  to   space 31232K, 0% used [0x00000007bdf80000,0x00000007bdf80000,0x00000007bfe00000)
 ParOldGen       total 935424K, used 592020K [0x0000000740000000, 0x0000000779180000, 0x0000000795580000)
  object space 935424K, 63% used [0x0000000740000000,0x0000000764225298,0x0000000779180000)
 Metaspace       used 178478K, capacity 201307K, committed 201640K, reserved 1224704K
  class space    used 20748K, capacity 26657K, committed 26800K, reserved 1048576K
}
Event: 249363.231 GC heap before
{Heap before GC invocations=1978 (full 8):
 PSYoungGen      total 655872K, used 655856K [0x0000000795580000, 0x00000007bfe00000, 0x00000007c0000000)
  eden space 634368K, 100% used [0x0000000795580000,0x00000007bc100000,0x00000007bc100000)
  from space 21504K, 99% used [0x00000007bc100000,0x00000007bd5fc280,0x00000007bd600000)
  to   space 31232K, 0% used [0x00000007bdf80000,0x00000007bdf80000,0x00000007bfe00000)
 ParOldGen       total 935424K, used 592020K [0x0000000740000000, 0x0000000779180000, 0x0000000795580000)
  object space 935424K, 63% used [0x0000000740000000,0x0000000764225298,0x0000000779180000)
 Metaspace       used 178480K, capacity 201307K, committed 201640K, reserved 1224704K
  class space    used 20748K, capacity 26657K, committed 26800K, reserved 1048576K
Event: 249363.281 GC heap after
Heap after GC invocations=1978 (full 8):
 PSYoungGen      total 665600K, used 23320K [0x0000000795580000, 0x00000007c0000000, 0x00000007c0000000)
  eden space 634368K, 0% used [0x0000000795580000,0x0000000795580000,0x00000007bc100000)
  from space 31232K, 74% used [0x00000007bdf80000,0x00000007bf646028,0x00000007bfe00000)
  to   space 31232K, 0% used [0x00000007bc100000,0x00000007bc100000,0x00000007bdf80000)
 ParOldGen       total 935424K, used 592209K [0x0000000740000000, 0x0000000779180000, 0x0000000795580000)
  object space 935424K, 63% used [0x0000000740000000,0x00000007642544c0,0x0000000779180000)
 Metaspace       used 178480K, capacity 201307K, committed 201640K, reserved 1224704K
  class space    used 20748K, capacity 26657K, committed 26800K, reserved 1048576K
}
Event: 249445.139 GC heap before
{Heap before GC invocations=1979 (full 8):
 PSYoungGen      total 665600K, used 657688K [0x0000000795580000, 0x00000007c0000000, 0x00000007c0000000)
  eden space 634368K, 100% used [0x0000000795580000,0x00000007bc100000,0x00000007bc100000)
  from space 31232K, 74% used [0x00000007bdf80000,0x00000007bf646028,0x00000007bfe00000)
  to   space 31232K, 0% used [0x00000007bc100000,0x00000007bc100000,0x00000007bdf80000)
 ParOldGen       total 935424K, used 592209K [0x0000000740000000, 0x0000000779180000, 0x0000000795580000)
  object space 935424K, 63% used [0x0000000740000000,0x00000007642544c0,0x0000000779180000)
 Metaspace       used 178485K, capacity 201307K, committed 201640K, reserved 1224704K
  class space    used 20748K, capacity 26657K, committed 26800K, reserved 1048576K
Event: 249445.358 GC heap after
Heap after GC invocations=1979 (full 8):
 PSYoungGen      total 665600K, used 31214K [0x0000000795580000, 0x00000007c0000000, 0x00000007c0000000)
  eden space 634368K, 0% used [0x0000000795580000,0x0000000795580000,0x00000007bc100000)
  from space 31232K, 99% used [0x00000007bc100000,0x00000007bdf7b890,0x00000007bdf80000)
  to   space 33280K, 0% used [0x00000007bdf80000,0x00000007bdf80000,0x00000007c0000000)
 ParOldGen       total 935424K, used 596357K [0x0000000740000000, 0x0000000779180000, 0x0000000795580000)
  object space 935424K, 63% used [0x0000000740000000,0x0000000764661458,0x0000000779180000)
 Metaspace       used 178485K, capacity 201307K, committed 201640K, reserved 1224704K
  class space    used 20748K, capacity 26657K, committed 26800K, reserved 1048576K
}
Event: 252135.435 GC heap before
{Heap before GC invocations=1980 (full 8):
 PSYoungGen      total 665600K, used 665582K [0x0000000795580000, 0x00000007c0000000, 0x00000007c0000000)
  eden space 634368K, 100% used [0x0000000795580000,0x00000007bc100000,0x00000007bc100000)
  from space 31232K, 99% used [0x00000007bc100000,0x00000007bdf7b890,0x00000007bdf80000)
  to   space 33280K, 0% used [0x00000007bdf80000,0x00000007bdf80000,0x00000007c0000000)
 ParOldGen       total 935424K, used 596357K [0x0000000740000000, 0x0000000779180000, 0x0000000795580000)
  object space 935424K, 63% used [0x0000000740000000,0x0000000764661458,0x0000000779180000)
 Metaspace       used 178485K, capacity 201307K, committed 201640K, reserved 1224704K
  class space    used 20748K, capacity 26657K, committed 26800K, reserved 1048576K
Event: 252136.308 GC heap after
Heap after GC invocations=1980 (full 8):
 PSYoungGen      total 650240K, used 33264K [0x0000000795580000, 0x00000007c0000000, 0x00000007c0000000)
  eden space 616960K, 0% used [0x0000000795580000,0x0000000795580000,0x00000007bb000000)
  from space 33280K, 99% used [0x00000007bdf80000,0x00000007bfffc008,0x00000007c0000000)
  to   space 40960K, 0% used [0x00000007bb000000,0x00000007bb000000,0x00000007bd800000)
 ParOldGen       total 935424K, used 604549K [0x0000000740000000, 0x0000000779180000, 0x0000000795580000)
  object space 935424K, 64% used [0x0000000740000000,0x0000000764e616a0,0x0000000779180000)
 Metaspace       used 178485K, capacity 201307K, committed 201640K, reserved 1224704K
  class space    used 20748K, capacity 26657K, committed 26800K, reserved 1048576K
}
Event: 253978.905 GC heap before
{Heap before GC invocations=1981 (full 8):
 PSYoungGen      total 650240K, used 650224K [0x0000000795580000, 0x00000007c0000000, 0x00000007c0000000)
  eden space 616960K, 100% used [0x0000000795580000,0x00000007bb000000,0x00000007bb000000)
  from space 33280K, 99% used [0x00000007bdf80000,0x00000007bfffc008,0x00000007c0000000)
  to   space 40960K, 0% used [0x00000007bb000000,0x00000007bb000000,0x00000007bd800000)
 ParOldGen       total 935424K, used 604549K [0x0000000740000000, 0x0000000779180000, 0x0000000795580000)
  object space 935424K, 64% used [0x0000000740000000,0x0000000764e616a0,0x0000000779180000)
 Metaspace       used 178485K, capacity 201307K, committed 201640K, reserved 1224704K
  class space    used 20748K, capacity 26657K, committed 26800K, reserved 1048576K
Event: 253979.250 GC heap after
Heap after GC invocations=1981 (full 8):
 PSYoungGen      total 657920K, used 22654K [0x0000000795580000, 0x00000007c0000000, 0x00000007c0000000)
  eden space 616960K, 0% used [0x0000000795580000,0x0000000795580000,0x00000007bb000000)
  from space 40960K, 55% used [0x00000007bb000000,0x00000007bc61fba8,0x00000007bd800000)
  to   space 39424K, 0% used [0x00000007bd980000,0x00000007bd980000,0x00000007c0000000)
 ParOldGen       total 935424K, used 604629K [0x0000000740000000, 0x0000000779180000, 0x0000000795580000)
  object space 935424K, 64% used [0x0000000740000000,0x0000000764e756a0,0x0000000779180000)
 Metaspace       used 178485K, capacity 201307K, committed 201640K, reserved 1224704K
  class space    used 20748K, capacity 26657K, committed 26800K, reserved 1048576K
}

Deoptimization events (10 events):
Event: 248812.185 Thread 0x00007f846c910800 Uncommon trap: reason=unstable_if action=reinterpret pc=0x0000000115b5f0b0 method=org.netbeans.modules.java.hints.introduce.Flow$VisitorImpl.visitSwitch(Lcom/sun/source/tree/SwitchTree;Lorg/netbeans/modules/java/hints/introduce/Flow$ConstructorData;)Ljava
Event: 248812.186 Thread 0x00007f846c910800 Uncommon trap: reason=unstable_if action=reinterpret pc=0x000000011b479ff4 method=org.netbeans.modules.java.hints.introduce.Flow$VisitorImpl.visitSwitch(Lcom/sun/source/tree/SwitchTree;Lorg/netbeans/modules/java/hints/introduce/Flow$ConstructorData;)Ljava
Event: 248818.531 Thread 0x00007f846c6b4000 Uncommon trap: reason=unstable_if action=reinterpret pc=0x000000011bdb8d74 method=com.sun.tools.javac.util.Position$LineMapImpl.getLineNumber(I)I @ 66
Event: 248818.648 Thread 0x00007f846c6b4000 Uncommon trap: reason=unstable_if action=reinterpret pc=0x0000000118738684 method=com.sun.tools.javac.util.Position$LineMapImpl.getLineNumber(I)I @ 66
Event: 248858.950 Thread 0x00007f846c2ae000 Uncommon trap: reason=class_check action=maybe_recompile pc=0x000000011a5ffa34 method=org.netbeans.lib.lexer.inc.TokenListUpdater.relex(Lorg/netbeans/lib/lexer/inc/TokenListChange;Lorg/netbeans/lib/lexer/LexerInputOperation;I)V @ 607
Event: 248931.455 Thread 0x00007f846c2ae000 Uncommon trap: reason=unstable_if action=reinterpret pc=0x000000011e62f690 method=org.netbeans.lib.editor.util.CharSequenceUtilities.textEquals(Ljava/lang/CharSequence;Ljava/lang/CharSequence;)Z @ 21
Event: 249025.242 Thread 0x00007f846c6b4000 Uncommon trap: reason=unstable_if action=reinterpret pc=0x000000011b961dd8 method=org.netbeans.modules.editor.lib.drawing.MarkChain.compareMark(I)I @ 39
Event: 249445.055 Thread 0x00007f846c910800 Uncommon trap: reason=class_check action=maybe_recompile pc=0x000000011c4c4664 method=org.netbeans.modules.java.source.parsing.JavacParser.init(Lorg/netbeans/modules/parsing/api/Snapshot;Lorg/netbeans/modules/parsing/api/Task;Z)V @ 84
Event: 252130.615 Thread 0x00007f8473118800 Uncommon trap: reason=unstable_if action=reinterpret pc=0x0000000117ec12b0 method=sun.nio.cs.UTF_8$Encoder.encodeArrayLoop(Ljava/nio/CharBuffer;Ljava/nio/ByteBuffer;)Ljava/nio/charset/CoderResult; @ 400
Event: 252139.210 Thread 0x00007f846c2ae000 Uncommon trap: reason=unstable_if action=reinterpret pc=0x00000001161f5c94 method=javax.swing.ToolTipManager.mouseExited(Ljava/awt/event/MouseEvent;)V @ 336

Internal exceptions (10 events):
Event: 249475.526 Thread 0x00007f846b865000 Exception <a 'java/io/FileNotFoundException'> (0x000000079ee64740) thrown at [/Users/java_re/workspace/8-2-build-macosx-x86_64/jdk8u131/8869/hotspot/src/share/vm/prims/jni.cpp, line 709]
Event: 249475.526 Thread 0x00007f846b865000 Exception <a 'java/io/FileNotFoundException'> (0x000000079ee65300) thrown at [/Users/java_re/workspace/8-2-build-macosx-x86_64/jdk8u131/8869/hotspot/src/share/vm/prims/jni.cpp, line 709]
Event: 250941.781 Thread 0x00007f84733c9800 Exception <a 'sun/nio/fs/UnixException'> (0x00000007a25288c0) thrown at [/Users/java_re/workspace/8-2-build-macosx-x86_64/jdk8u131/8869/hotspot/src/share/vm/prims/jni.cpp, line 709]
Event: 250941.790 Thread 0x00007f84733c9800 Exception <a 'sun/nio/fs/UnixException'> (0x00000007a252d948) thrown at [/Users/java_re/workspace/8-2-build-macosx-x86_64/jdk8u131/8869/hotspot/src/share/vm/prims/jni.cpp, line 709]
Event: 250941.792 Thread 0x00007f84733c9800 Exception <a 'sun/nio/fs/UnixException'> (0x00000007a2536410) thrown at [/Users/java_re/workspace/8-2-build-macosx-x86_64/jdk8u131/8869/hotspot/src/share/vm/prims/jni.cpp, line 709]
Event: 250941.793 Thread 0x00007f84733c9800 Exception <a 'java/io/FileNotFoundException'> (0x00000007a25370c0) thrown at [/Users/java_re/workspace/8-2-build-macosx-x86_64/jdk8u131/8869/hotspot/src/share/vm/prims/jni.cpp, line 709]
Event: 250941.793 Thread 0x00007f84733c9800 Exception <a 'java/io/FileNotFoundException'> (0x00000007a2537bc0) thrown at [/Users/java_re/workspace/8-2-build-macosx-x86_64/jdk8u131/8869/hotspot/src/share/vm/prims/jni.cpp, line 709]
Event: 250941.793 Thread 0x00007f84733c9800 Exception <a 'java/io/FileNotFoundException'> (0x00000007a2538730) thrown at [/Users/java_re/workspace/8-2-build-macosx-x86_64/jdk8u131/8869/hotspot/src/share/vm/prims/jni.cpp, line 709]
Event: 250941.793 Thread 0x00007f84733c9800 Exception <a 'java/io/FileNotFoundException'> (0x00000007a25392c8) thrown at [/Users/java_re/workspace/8-2-build-macosx-x86_64/jdk8u131/8869/hotspot/src/share/vm/prims/jni.cpp, line 709]
Event: 250941.793 Thread 0x00007f84733c9800 Exception <a 'java/io/FileNotFoundException'> (0x00000007a2539e88) thrown at [/Users/java_re/workspace/8-2-build-macosx-x86_64/jdk8u131/8869/hotspot/src/share/vm/prims/jni.cpp, line 709]

Events (10 events):
Event: 253976.665 loading class org/netbeans/modules/spellchecker/ComponentPeer
Event: 253976.665 loading class org/netbeans/modules/spellchecker/ComponentPeer done
Event: 253977.180 Executing VM operation: FindDeadlocks
Event: 253977.180 Executing VM operation: FindDeadlocks done
Event: 253978.397 loading class org/netbeans/modules/spellchecker/ComponentPeer
Event: 253978.397 loading class org/netbeans/modules/spellchecker/ComponentPeer done
Event: 253978.905 Executing VM operation: ParallelGCFailedAllocation
Event: 253979.250 Executing VM operation: ParallelGCFailedAllocation done
Event: 253979.250 Executing VM operation: FindDeadlocks
Event: 253979.253 Executing VM operation: FindDeadlocks done


Dynamic libraries:
0x0000000031564000 	/System/Library/Frameworks/Cocoa.framework/Versions/A/Cocoa
0x0000000031564000 	/System/Library/Frameworks/Security.framework/Versions/A/Security
0x0000000031564000 	/System/Library/Frameworks/ApplicationServices.framework/Versions/A/ApplicationServices
0x0000000031564000 	/usr/lib/libz.1.dylib
0x0000000031564000 	/usr/lib/libSystem.B.dylib
0x0000000031564000 	/usr/lib/libobjc.A.dylib
0x0000000031564000 	/System/Library/Frameworks/CoreFoundation.framework/Versions/A/CoreFoundation
0x0000000031564000 	/System/Library/Frameworks/Foundation.framework/Versions/C/Foundation
0x0000000031564000 	/System/Library/Frameworks/AppKit.framework/Versions/C/AppKit
0x0000000031564000 	/System/Library/Frameworks/CoreData.framework/Versions/A/CoreData
0x0000000031564000 	/System/Library/PrivateFrameworks/RemoteViewServices.framework/Versions/A/RemoteViewServices
0x0000000031564000 	/System/Library/PrivateFrameworks/UIFoundation.framework/Versions/A/UIFoundation
0x0000000031564000 	/System/Library/PrivateFrameworks/DFRFoundation.framework/Versions/A/DFRFoundation
0x0000000031564000 	/usr/lib/libenergytrace.dylib
0x0000000031564000 	/System/Library/PrivateFrameworks/SkyLight.framework/Versions/A/SkyLight
0x0000000031564000 	/System/Library/Frameworks/CoreGraphics.framework/Versions/A/CoreGraphics
0x0000000031564000 	/usr/lib/libScreenReader.dylib
0x0000000031564000 	/System/Library/Frameworks/Accelerate.framework/Versions/A/Accelerate
0x0000000031564000 	/System/Library/Frameworks/IOSurface.framework/Versions/A/IOSurface
0x0000000031564000 	/System/Library/Frameworks/AudioToolbox.framework/Versions/A/AudioToolbox
0x0000000031564000 	/System/Library/Frameworks/AudioUnit.framework/Versions/A/AudioUnit
0x0000000031564000 	/System/Library/PrivateFrameworks/DataDetectorsCore.framework/Versions/A/DataDetectorsCore
0x0000000031564000 	/System/Library/PrivateFrameworks/DesktopServicesPriv.framework/Versions/A/DesktopServicesPriv
0x0000000031564000 	/System/Library/Frameworks/Carbon.framework/Versions/A/Frameworks/HIToolbox.framework/Versions/A/HIToolbox
0x0000000031564000 	/usr/lib/libicucore.A.dylib
0x0000000031564000 	/System/Library/Frameworks/QuartzCore.framework/Versions/A/QuartzCore
0x0000000031564000 	/System/Library/Frameworks/Carbon.framework/Versions/A/Frameworks/SpeechRecognition.framework/Versions/A/SpeechRecognition
0x0000000031564000 	/usr/lib/libauto.dylib
0x0000000031564000 	/usr/lib/libxml2.2.dylib
0x0000000031564000 	/System/Library/PrivateFrameworks/CoreUI.framework/Versions/A/CoreUI
0x0000000031564000 	/System/Library/Frameworks/CoreAudio.framework/Versions/A/CoreAudio
0x0000000031564000 	/System/Library/Frameworks/DiskArbitration.framework/Versions/A/DiskArbitration
0x0000000031564000 	/usr/lib/liblangid.dylib
0x0000000031564000 	/System/Library/PrivateFrameworks/MultitouchSupport.framework/Versions/A/MultitouchSupport
0x0000000031564000 	/System/Library/Frameworks/IOKit.framework/Versions/A/IOKit
0x0000000031564000 	/usr/lib/libDiagnosticMessagesClient.dylib
0x0000000031564000 	/System/Library/Frameworks/CoreServices.framework/Versions/A/CoreServices
0x0000000031564000 	/System/Library/PrivateFrameworks/PerformanceAnalysis.framework/Versions/A/PerformanceAnalysis
0x0000000031564000 	/System/Library/PrivateFrameworks/GenerationalStorage.framework/Versions/A/GenerationalStorage
0x0000000031564000 	/System/Library/Frameworks/OpenGL.framework/Versions/A/OpenGL
0x0000000031564000 	/System/Library/Frameworks/CoreImage.framework/Versions/A/CoreImage
0x0000000031564000 	/System/Library/Frameworks/CoreText.framework/Versions/A/CoreText
0x0000000031564000 	/System/Library/Frameworks/ImageIO.framework/Versions/A/ImageIO
0x0000000031564000 	/System/Library/PrivateFrameworks/Backup.framework/Versions/A/Backup
0x0000000031564000 	/usr/lib/libarchive.2.dylib
0x0000000031564000 	/System/Library/Frameworks/CFNetwork.framework/Versions/A/CFNetwork
0x0000000031564000 	/System/Library/Frameworks/SystemConfiguration.framework/Versions/A/SystemConfiguration
0x0000000031564000 	/usr/lib/libCRFSuite.dylib
0x0000000031564000 	/usr/lib/libc++.1.dylib
0x0000000031564000 	/usr/lib/libc++abi.dylib
0x0000000031564000 	/usr/lib/system/libcache.dylib
0x0000000031564000 	/usr/lib/system/libcommonCrypto.dylib
0x0000000031564000 	/usr/lib/system/libcompiler_rt.dylib
0x0000000031564000 	/usr/lib/system/libcopyfile.dylib
0x0000000031564000 	/usr/lib/system/libcorecrypto.dylib
0x0000000031564000 	/usr/lib/system/libdispatch.dylib
0x0000000031564000 	/usr/lib/system/libdyld.dylib
0x0000000031564000 	/usr/lib/system/libkeymgr.dylib
0x0000000031564000 	/usr/lib/system/liblaunch.dylib
0x0000000031564000 	/usr/lib/system/libmacho.dylib
0x0000000031564000 	/usr/lib/system/libquarantine.dylib
0x0000000031564000 	/usr/lib/system/libremovefile.dylib
0x0000000031564000 	/usr/lib/system/libsystem_asl.dylib
0x0000000031564000 	/usr/lib/system/libsystem_blocks.dylib
0x0000000031564000 	/usr/lib/system/libsystem_c.dylib
0x0000000031564000 	/usr/lib/system/libsystem_configuration.dylib
0x0000000031564000 	/usr/lib/system/libsystem_coreservices.dylib
0x0000000031564000 	/usr/lib/system/libsystem_coretls.dylib
0x0000000031564000 	/usr/lib/system/libsystem_dnssd.dylib
0x0000000031564000 	/usr/lib/system/libsystem_info.dylib
0x0000000031564000 	/usr/lib/system/libsystem_kernel.dylib
0x0000000031564000 	/usr/lib/system/libsystem_m.dylib
0x0000000031564000 	/usr/lib/system/libsystem_malloc.dylib
0x0000000031564000 	/usr/lib/system/libsystem_network.dylib
0x0000000031564000 	/usr/lib/system/libsystem_networkextension.dylib
0x0000000031564000 	/usr/lib/system/libsystem_notify.dylib
0x0000000031564000 	/usr/lib/system/libsystem_platform.dylib
0x0000000031564000 	/usr/lib/system/libsystem_pthread.dylib
0x0000000031564000 	/usr/lib/system/libsystem_sandbox.dylib
0x0000000031564000 	/usr/lib/system/libsystem_secinit.dylib
0x0000000031564000 	/usr/lib/system/libsystem_symptoms.dylib
0x0000000031564000 	/usr/lib/system/libsystem_trace.dylib
0x0000000031564000 	/usr/lib/system/libunwind.dylib
0x0000000031564000 	/usr/lib/system/libxpc.dylib
0x0000000031564000 	/usr/lib/libbsm.0.dylib
0x0000000031564000 	/usr/lib/system/libkxld.dylib
0x0000000031564000 	/usr/lib/libcoretls.dylib
0x0000000031564000 	/usr/lib/libcoretls_cfhelpers.dylib
0x0000000031564000 	/usr/lib/libOpenScriptingUtil.dylib
0x0000000031564000 	/usr/lib/libpam.2.dylib
0x0000000031564000 	/usr/lib/libsqlite3.dylib
0x0000000031564000 	/usr/lib/libxar.1.dylib
0x0000000031564000 	/usr/lib/libbz2.1.0.dylib
0x0000000031564000 	/usr/lib/liblzma.5.dylib
0x0000000031564000 	/usr/lib/libnetwork.dylib
0x0000000031564000 	/usr/lib/libpcap.A.dylib
0x0000000031564000 	/System/Library/Frameworks/CoreServices.framework/Versions/A/Frameworks/FSEvents.framework/Versions/A/FSEvents
0x0000000031564000 	/System/Library/Frameworks/CoreServices.framework/Versions/A/Frameworks/CarbonCore.framework/Versions/A/CarbonCore
0x0000000031564000 	/System/Library/Frameworks/CoreServices.framework/Versions/A/Frameworks/Metadata.framework/Versions/A/Metadata
0x0000000031564000 	/System/Library/Frameworks/CoreServices.framework/Versions/A/Frameworks/OSServices.framework/Versions/A/OSServices
0x0000000031564000 	/System/Library/Frameworks/CoreServices.framework/Versions/A/Frameworks/SearchKit.framework/Versions/A/SearchKit
0x0000000031564000 	/System/Library/Frameworks/CoreServices.framework/Versions/A/Frameworks/AE.framework/Versions/A/AE
0x0000000031564000 	/System/Library/Frameworks/CoreServices.framework/Versions/A/Frameworks/LaunchServices.framework/Versions/A/LaunchServices
0x0000000031564000 	/System/Library/Frameworks/CoreServices.framework/Versions/A/Frameworks/DictionaryServices.framework/Versions/A/DictionaryServices
0x0000000031564000 	/System/Library/Frameworks/CoreServices.framework/Versions/A/Frameworks/SharedFileList.framework/Versions/A/SharedFileList
0x0000000031564000 	/System/Library/Frameworks/NetFS.framework/Versions/A/NetFS
0x0000000031564000 	/System/Library/PrivateFrameworks/NetAuth.framework/Versions/A/NetAuth
0x0000000031564000 	/System/Library/PrivateFrameworks/login.framework/Versions/A/Frameworks/loginsupport.framework/Versions/A/loginsupport
0x0000000031564000 	/System/Library/PrivateFrameworks/TCC.framework/Versions/A/TCC
0x0000000031564000 	/usr/lib/libmecabra.dylib
0x0000000031564000 	/System/Library/Frameworks/ApplicationServices.framework/Versions/A/Frameworks/ATS.framework/Versions/A/ATS
0x0000000031564000 	/System/Library/Frameworks/ApplicationServices.framework/Versions/A/Frameworks/ColorSync.framework/Versions/A/ColorSync
0x0000000031564000 	/System/Library/Frameworks/ApplicationServices.framework/Versions/A/Frameworks/HIServices.framework/Versions/A/HIServices
0x0000000031564000 	/System/Library/Frameworks/ApplicationServices.framework/Versions/A/Frameworks/LangAnalysis.framework/Versions/A/LangAnalysis
0x0000000031564000 	/System/Library/Frameworks/ApplicationServices.framework/Versions/A/Frameworks/PrintCore.framework/Versions/A/PrintCore
0x0000000031564000 	/System/Library/Frameworks/ApplicationServices.framework/Versions/A/Frameworks/QD.framework/Versions/A/QD
0x0000000031564000 	/System/Library/Frameworks/ApplicationServices.framework/Versions/A/Frameworks/SpeechSynthesis.framework/Versions/A/SpeechSynthesis
0x0000000031564000 	/System/Library/Frameworks/Accelerate.framework/Versions/A/Frameworks/vImage.framework/Versions/A/vImage
0x0000000031564000 	/System/Library/Frameworks/Accelerate.framework/Versions/A/Frameworks/vecLib.framework/Versions/A/vecLib
0x0000000031564000 	/System/Library/Frameworks/Accelerate.framework/Versions/A/Frameworks/vecLib.framework/Versions/A/libvDSP.dylib
0x0000000031564000 	/System/Library/Frameworks/Accelerate.framework/Versions/A/Frameworks/vecLib.framework/Versions/A/libBNNS.dylib
0x0000000031564000 	/System/Library/Frameworks/Accelerate.framework/Versions/A/Frameworks/vecLib.framework/Versions/A/libQuadrature.dylib
0x0000000031564000 	/System/Library/Frameworks/Accelerate.framework/Versions/A/Frameworks/vecLib.framework/Versions/A/libvMisc.dylib
0x0000000031564000 	/System/Library/Frameworks/Accelerate.framework/Versions/A/Frameworks/vecLib.framework/Versions/A/libLAPACK.dylib
0x0000000031564000 	/System/Library/Frameworks/Accelerate.framework/Versions/A/Frameworks/vecLib.framework/Versions/A/libBLAS.dylib
0x0000000031564000 	/System/Library/Frameworks/Accelerate.framework/Versions/A/Frameworks/vecLib.framework/Versions/A/libLinearAlgebra.dylib
0x0000000031564000 	/System/Library/Frameworks/Accelerate.framework/Versions/A/Frameworks/vecLib.framework/Versions/A/libSparseBLAS.dylib
0x0000000031564000 	/System/Library/Frameworks/ApplicationServices.framework/Versions/A/Frameworks/ATS.framework/Versions/A/Resources/libFontParser.dylib
0x0000000031564000 	/System/Library/Frameworks/ApplicationServices.framework/Versions/A/Frameworks/ATS.framework/Versions/A/Resources/libFontRegistry.dylib
0x0000000031564000 	/System/Library/Frameworks/ImageIO.framework/Versions/A/Resources/libJPEG.dylib
0x0000000031564000 	/System/Library/Frameworks/ImageIO.framework/Versions/A/Resources/libTIFF.dylib
0x0000000031564000 	/System/Library/Frameworks/ImageIO.framework/Versions/A/Resources/libPng.dylib
0x0000000031564000 	/System/Library/Frameworks/ImageIO.framework/Versions/A/Resources/libGIF.dylib
0x0000000031564000 	/System/Library/Frameworks/ImageIO.framework/Versions/A/Resources/libJP2.dylib
0x0000000031564000 	/System/Library/Frameworks/ImageIO.framework/Versions/A/Resources/libRadiance.dylib
0x0000000031564000 	/usr/lib/libcompression.dylib
0x0000000031564000 	/System/Library/PrivateFrameworks/AppleJPEG.framework/Versions/A/AppleJPEG
0x0000000031564000 	/usr/lib/libcups.2.dylib
0x0000000031564000 	/System/Library/Frameworks/Kerberos.framework/Versions/A/Kerberos
0x0000000031564000 	/System/Library/Frameworks/GSS.framework/Versions/A/GSS
0x0000000031564000 	/usr/lib/libresolv.9.dylib
0x0000000031564000 	/usr/lib/libiconv.2.dylib
0x0000000031564000 	/System/Library/PrivateFrameworks/Heimdal.framework/Versions/A/Heimdal
0x0000000031564000 	/usr/lib/libheimdal-asn1.dylib
0x0000000031564000 	/System/Library/Frameworks/OpenDirectory.framework/Versions/A/OpenDirectory
0x0000000031564000 	/System/Library/PrivateFrameworks/CommonAuth.framework/Versions/A/CommonAuth
0x0000000031564000 	/System/Library/Frameworks/OpenDirectory.framework/Versions/A/Frameworks/CFOpenDirectory.framework/Versions/A/CFOpenDirectory
0x0000000031564000 	/System/Library/Frameworks/SecurityFoundation.framework/Versions/A/SecurityFoundation
0x0000000031564000 	/System/Library/PrivateFrameworks/LanguageModeling.framework/Versions/A/LanguageModeling
0x0000000031564000 	/usr/lib/libmarisa.dylib
0x0000000031564000 	/usr/lib/libChineseTokenizer.dylib
0x0000000031564000 	/usr/lib/libcmph.dylib
0x0000000031564000 	/System/Library/PrivateFrameworks/CoreEmoji.framework/Versions/A/CoreEmoji
0x0000000031564000 	/System/Library/Frameworks/ServiceManagement.framework/Versions/A/ServiceManagement
0x0000000031564000 	/usr/lib/libxslt.1.dylib
0x0000000031564000 	/System/Library/Frameworks/Carbon.framework/Versions/A/Frameworks/Ink.framework/Versions/A/Ink
0x0000000031564000 	/System/Library/PrivateFrameworks/TextureIO.framework/Versions/A/TextureIO
0x0000000031564000 	/System/Library/Frameworks/Metal.framework/Versions/A/Metal
0x0000000031564000 	/usr/lib/libate.dylib
0x0000000031564000 	/System/Library/PrivateFrameworks/GPUCompiler.framework/libmetal_timestamp.dylib
0x0000000031564000 	/System/Library/Frameworks/OpenGL.framework/Versions/A/Libraries/libCoreFSCache.dylib
0x0000000031564000 	/System/Library/PrivateFrameworks/IOAccelerator.framework/Versions/A/IOAccelerator
0x0000000031564000 	/System/Library/Frameworks/CoreVideo.framework/Versions/A/CoreVideo
0x0000000031564000 	/usr/lib/libFosl_dynamic.dylib
0x0000000031564000 	/System/Library/PrivateFrameworks/MetalPerformanceShaders.framework/Versions/A/MetalPerformanceShaders
0x0000000031564000 	/System/Library/PrivateFrameworks/FaceCore.framework/Versions/A/FaceCore
0x0000000031564000 	/System/Library/Frameworks/OpenCL.framework/Versions/A/OpenCL
0x0000000031564000 	/System/Library/Frameworks/OpenGL.framework/Versions/A/Libraries/libGLU.dylib
0x0000000031564000 	/System/Library/Frameworks/OpenGL.framework/Versions/A/Libraries/libGFXShared.dylib
0x0000000031564000 	/System/Library/Frameworks/OpenGL.framework/Versions/A/Libraries/libGL.dylib
0x0000000031564000 	/System/Library/Frameworks/OpenGL.framework/Versions/A/Libraries/libGLImage.dylib
0x0000000031564000 	/System/Library/Frameworks/OpenGL.framework/Versions/A/Libraries/libCVMSPluginSupport.dylib
0x0000000031564000 	/System/Library/Frameworks/OpenGL.framework/Versions/A/Libraries/libCoreVMClient.dylib
0x0000000031564000 	/System/Library/PrivateFrameworks/CrashReporterSupport.framework/Versions/A/CrashReporterSupport
0x0000000031564000 	/System/Library/PrivateFrameworks/Sharing.framework/Versions/A/Sharing
0x0000000031564000 	/System/Library/PrivateFrameworks/IconServices.framework/Versions/A/IconServices
0x0000000031564000 	/System/Library/PrivateFrameworks/ProtocolBuffer.framework/Versions/A/ProtocolBuffer
0x0000000031564000 	/System/Library/PrivateFrameworks/Apple80211.framework/Versions/A/Apple80211
0x0000000031564000 	/System/Library/Frameworks/CoreWLAN.framework/Versions/A/CoreWLAN
0x0000000031564000 	/System/Library/PrivateFrameworks/CoreUtils.framework/Versions/A/CoreUtils
0x0000000031564000 	/System/Library/Frameworks/IOBluetooth.framework/Versions/A/IOBluetooth
0x0000000031564000 	/System/Library/PrivateFrameworks/CoreWiFi.framework/Versions/A/CoreWiFi
0x0000000031564000 	/System/Library/Frameworks/CoreBluetooth.framework/Versions/A/CoreBluetooth
0x0000000031564000 	/System/Library/Frameworks/CoreDisplay.framework/Versions/A/CoreDisplay
0x0000000031564000 	/System/Library/PrivateFrameworks/IOPresentment.framework/Versions/A/IOPresentment
0x0000000031564000 	/System/Library/PrivateFrameworks/DSExternalDisplay.framework/Versions/A/DSExternalDisplay
0x0000000031564000 	/System/Library/PrivateFrameworks/DebugSymbols.framework/Versions/A/DebugSymbols
0x0000000031564000 	/System/Library/PrivateFrameworks/CoreSymbolication.framework/Versions/A/CoreSymbolication
0x0000000031564000 	/System/Library/PrivateFrameworks/Symbolication.framework/Versions/A/Symbolication
0x0000000031564000 	/System/Library/PrivateFrameworks/AppleFSCompression.framework/Versions/A/AppleFSCompression
0x0000000031564000 	/System/Library/PrivateFrameworks/SpeechRecognitionCore.framework/Versions/A/SpeechRecognitionCore
0x0000000031564000 	/System/Library/PrivateFrameworks/ChunkingLibrary.framework/Versions/A/ChunkingLibrary
0x0000000109000000 	/Library/Java/JavaVirtualMachines/jdk1.8.0_131.jdk/Contents/Home/jre/lib/server/libjvm.dylib
0x0000000031564000 	/usr/lib/libstdc++.6.dylib
0x00000001087c7000 	/Library/Java/JavaVirtualMachines/jdk1.8.0_131.jdk/Contents/Home/jre/lib/libverify.dylib
0x0000000109fa3000 	/Library/Java/JavaVirtualMachines/jdk1.8.0_131.jdk/Contents/Home/jre/lib/libjava.dylib
0x00000001087df000 	/Library/Java/JavaVirtualMachines/jdk1.8.0_131.jdk/Contents/Home/jre/lib/libzip.dylib
0x000000011093b000 	/System/Library/Frameworks/JavaVM.framework/Frameworks/JavaRuntimeSupport.framework/JavaRuntimeSupport
0x00000001087e9000 	/System/Library/Frameworks/JavaVM.framework/Versions/A/Frameworks/JavaNativeFoundation.framework/Versions/A/JavaNativeFoundation
0x0000000110955000 	/System/Library/Frameworks/JavaVM.framework/Versions/A/JavaVM
0x0000000031564000 	/System/Library/Frameworks/Carbon.framework/Versions/A/Carbon
0x0000000110962000 	/System/Library/PrivateFrameworks/JavaLaunching.framework/Versions/A/JavaLaunching
0x0000000031564000 	/System/Library/Frameworks/Carbon.framework/Versions/A/Frameworks/CommonPanels.framework/Versions/A/CommonPanels
0x0000000031564000 	/System/Library/Frameworks/Carbon.framework/Versions/A/Frameworks/Help.framework/Versions/A/Help
0x0000000031564000 	/System/Library/Frameworks/Carbon.framework/Versions/A/Frameworks/ImageCapture.framework/Versions/A/ImageCapture
0x0000000031564000 	/System/Library/Frameworks/Carbon.framework/Versions/A/Frameworks/OpenScripting.framework/Versions/A/OpenScripting
0x0000000031564000 	/System/Library/Frameworks/Carbon.framework/Versions/A/Frameworks/Print.framework/Versions/A/Print
0x0000000031564000 	/System/Library/Frameworks/Carbon.framework/Versions/A/Frameworks/SecurityHI.framework/Versions/A/SecurityHI
0x0000000112275000 	/Library/Java/JavaVirtualMachines/jdk1.8.0_131.jdk/Contents/Home/jre/lib/libnio.dylib
0x0000000112285000 	/Library/Java/JavaVirtualMachines/jdk1.8.0_131.jdk/Contents/Home/jre/lib/./libnet.dylib
0x0000000112381000 	/Library/Java/JavaVirtualMachines/jdk1.8.0_131.jdk/Contents/Home/jre/lib/libawt.dylib
0x0000000112429000 	/Library/Java/JavaVirtualMachines/jdk1.8.0_131.jdk/Contents/Home/jre/lib/./libmlib_image.dylib
0x00000001124f5000 	/Library/Java/JavaVirtualMachines/jdk1.8.0_131.jdk/Contents/Home/jre/lib/libawt_lwawt.dylib
0x00000001125ac000 	/Library/Java/JavaVirtualMachines/jdk1.8.0_131.jdk/Contents/Home/jre/lib/./libosxapp.dylib
0x0000000031564000 	/System/Library/Frameworks/ExceptionHandling.framework/Versions/A/ExceptionHandling
0x0000000031564000 	/System/Library/PrivateFrameworks/CoreServicesInternal.framework/Versions/A/CoreServicesInternal
0x0000000031564000 	/System/Library/CoreServices/RawCamera.bundle/Contents/MacOS/RawCamera
0x0000000112b49000 	/System/Library/Frameworks/Accelerate.framework/Frameworks/vImage.framework/Versions/A/Libraries/libCGInterfaces.dylib
0x0000000031564000 	/System/Library/Frameworks/ApplicationServices.framework/Versions/A/Frameworks/ATS.framework/Versions/A/Resources/libTrueTypeScaler.dylib
0x0000000114142000 	/System/Library/Frameworks/OpenGL.framework/Resources/GLEngine.bundle/GLEngine
0x0000000031564000 	/System/Library/Frameworks/OpenGL.framework/Versions/A/Libraries/libGLProgrammability.dylib
0x0000000114327000 	/System/Library/Extensions/AppleIntelBDWGraphicsGLDriver.bundle/Contents/MacOS/AppleIntelBDWGraphicsGLDriver
0x0000000031564000 	/System/Library/PrivateFrameworks/GPUSupport.framework/Versions/A/Libraries/libGPUSupportMercury.dylib
0x00000001135b1000 	/System/Library/Frameworks/OpenGL.framework/Resources//GLRendererFloat.bundle/GLRendererFloat
0x0000000031564000 	/System/Library/Frameworks/OpenCL.framework/Versions/A/Libraries/libcldcpuengine.dylib
0x0000000031564000 	/usr/lib/libcrypto.0.9.8.dylib
0x0000000031564000 	/System/Library/PrivateFrameworks/TrustEvaluationAgent.framework/Versions/A/TrustEvaluationAgent
0x0000000114a91000 	/System/Library/Extensions/AppleIntelBDWGraphicsMTLDriver.bundle/Contents/MacOS/AppleIntelBDWGraphicsMTLDriver
0x0000000031564000 	/System/Library/PrivateFrameworks/FamilyControls.framework/Versions/A/FamilyControls
0x0000000031564000 	/System/Library/PrivateFrameworks/CommerceKit.framework/Versions/A/Frameworks/CommerceCore.framework/Versions/A/CommerceCore
0x0000000031564000 	/System/Library/PrivateFrameworks/SystemAdministration.framework/Versions/A/SystemAdministration
0x0000000031564000 	/System/Library/PrivateFrameworks/AppContainer.framework/Versions/A/AppContainer
0x0000000031564000 	/System/Library/PrivateFrameworks/SecCodeWrapper.framework/Versions/A/SecCodeWrapper
0x0000000031564000 	/System/Library/Frameworks/DirectoryService.framework/Versions/A/DirectoryService
0x0000000031564000 	/System/Library/PrivateFrameworks/DiskImages.framework/Versions/A/DiskImages
0x0000000031564000 	/System/Library/PrivateFrameworks/LoginUIKit.framework/Versions/A/Frameworks/LoginUICore.framework/Versions/A/LoginUICore
0x0000000031564000 	/usr/lib/libCoreStorage.dylib
0x0000000031564000 	/usr/lib/libcsfde.dylib
0x0000000031564000 	/usr/lib/libodfde.dylib
0x0000000031564000 	/System/Library/Frameworks/DiscRecording.framework/Versions/A/DiscRecording
0x0000000031564000 	/usr/lib/libcurl.4.dylib
0x0000000031564000 	/System/Library/PrivateFrameworks/MediaKit.framework/Versions/A/MediaKit
0x0000000031564000 	/System/Library/PrivateFrameworks/ProtectedCloudStorage.framework/Versions/A/ProtectedCloudStorage
0x0000000031564000 	/System/Library/PrivateFrameworks/EFILogin.framework/Versions/A/EFILogin
0x0000000031564000 	/usr/lib/libutil.dylib
0x0000000031564000 	/System/Library/Frameworks/LDAP.framework/Versions/A/LDAP
0x0000000031564000 	/usr/lib/libsasl2.2.dylib
0x0000000031564000 	/System/Library/PrivateFrameworks/CoreDaemon.framework/Versions/B/CoreDaemon
0x0000000031564000 	/System/Library/PrivateFrameworks/AppleSRP.framework/Versions/A/AppleSRP
0x0000000031564000 	/System/Library/PrivateFrameworks/APFS.framework/Versions/A/APFS
0x0000000129307000 	/Library/Java/JavaVirtualMachines/jdk1.8.0_131.jdk/Contents/Home/jre/lib/libsplashscreen.dylib
0x0000000129360000 	/Library/Java/JavaVirtualMachines/jdk1.8.0_131.jdk/Contents/Home/jre/lib/libfontmanager.dylib
0x00000001135a2000 	/Library/Java/JavaVirtualMachines/jdk1.8.0_131.jdk/Contents/Home/jre/lib/libosxui.dylib
0x0000000031564000 	/System/Library/PrivateFrameworks/ViewBridge.framework/Versions/A/ViewBridge
0x0000000031564000 	/System/Library/PrivateFrameworks/XPCService.framework/Versions/A/XPCService
0x0000000031564000 	/System/Library/PrivateFrameworks/AppSandbox.framework/Versions/A/AppSandbox
0x0000000031564000 	/usr/lib/libsandbox.1.dylib
0x0000000031564000 	/usr/lib/libMatch.1.dylib
0x0000000113dd7000 	/Applications/NetBeans/Apache NetBeans 11.1.app/Contents/Resources/NetBeans/platform/modules/lib/libjnidispatch-440.jnilib
0x0000000142650000 	/Library/Java/JavaVirtualMachines/jdk1.8.0_131.jdk/Contents/Home/jre/lib/libmanagement.dylib
0x000000012c856000 	/Library/Java/JavaVirtualMachines/jdk1.8.0_131.jdk/Contents/Home/jre/lib/libdcpr.dylib
0x000000012c267000 	/Library/Java/JavaVirtualMachines/jdk1.8.0_131.jdk/Contents/Home/jre/lib/libjpeg.dylib
0x0000000031564000 	/System/Library/PrivateFrameworks/CloudDocs.framework/Versions/A/CloudDocs
0x0000000031564000 	/System/Library/Frameworks/CloudKit.framework/Versions/A/CloudKit
0x0000000031564000 	/System/Library/PrivateFrameworks/MMCS.framework/Versions/A/MMCS
0x0000000031564000 	/System/Library/Frameworks/CoreLocation.framework/Versions/A/CoreLocation
0x0000000031564000 	/System/Library/PrivateFrameworks/AssetCacheServices.framework/Versions/A/AssetCacheServices
0x0000000031564000 	/System/Library/PrivateFrameworks/GeoServices.framework/Versions/A/GeoServices
0x0000000124be6000 	/Library/Java/JavaVirtualMachines/jdk1.8.0_131.jdk/Contents/Home/jre/lib/libsunec.dylib
0x0000000031564000 	/System/Library/PrivateFrameworks/Shortcut.framework/Versions/A/Shortcut
0x0000000031564000 	/System/Library/PrivateFrameworks/HelpData.framework/Versions/A/HelpData

VM Arguments:
jvm_args: -Djdk.home=/Library/Java/JavaVirtualMachines/jdk1.8.0_131.jdk/Contents/Home -Dnetbeans.default_userdir_root=/Users/dthurston/Library/Application Support/NetBeans -Dnetbeans.dirs=/Applications/NetBeans/Apache NetBeans 11.1.app/Contents/Resources/NetBeans/nb:/Applications/NetBeans/Apache NetBeans 11.1.app/Contents/Resources/NetBeans/ergonomics:/Applications/NetBeans/Apache NetBeans 11.1.app/Contents/Resources/NetBeans/ide:/Applications/NetBeans/Apache NetBeans 11.1.app/Contents/Resources/NetBeans/extide:/Applications/NetBeans/Apache NetBeans 11.1.app/Contents/Resources/NetBeans/java:/Applications/NetBeans/Apache NetBeans 11.1.app/Contents/Resources/NetBeans/apisupport:/Applications/NetBeans/Apache NetBeans 11.1.app/Contents/Resources/NetBeans/webcommon:/Applications/NetBeans/Apache NetBeans 11.1.app/Contents/Resources/NetBeans/websvccommon:/Applications/NetBeans/Apache NetBeans 11.1.app/Contents/Resources/NetBeans/enterprise:/Applications/NetBeans/Apache NetBeans 11.1.app/Contents/Resources/NetBeans/mobility:/Applications/NetBeans/Apache NetBeans 11.1.app/Contents/Resources/NetBeans/profiler:/Applications/NetBeans/Apache NetBeans 11.1.app/Contents/Resources/NetBeans/python:/Applications/NetBeans/Apache NetBeans 11.1.app/Contents/Resources/NetBeans/php:/Applications/NetBeans/Apache NetBeans 11.1.app/Contents/Resources/NetBeans/identity:/Applications/NetBeans/Apache NetBeans 11.1.app/Contents/Resources/NetBeans/harness:/Applications/NetBeans/Apache NetBeans 11.1.app/Contents/Resources/NetBeans/cnd:/Applications/NetBeans/Apache NetBeans 11.1.app/Contents/Resources/NetBeans/cndext:/Applications/NetBeans/Apache NetBeans 11.1.app/Contents/Resources/NetBeans/dlight:/Applications/NetBeans/Apache NetBeans 11.1.app/Contents/Resources/NetBeans/groovy:/Applications/NetBeans/Apache NetBeans 11.1.app/Contents/Resources/NetBeans/extra:/Applications/NetBeans/Apache NetBeans 11.1.app/Contents/Resources/NetBeans/javacard:/Applications/NetBeans/Apache NetBeans 11.1.app/Contents/Resources/NetBeans/javafx: -Dnetbeans.home=/Applications/NetBeans/Apache NetBeans 11.1.app/Contents/Resources/NetBeans/platform -Dnetbeans.importclass=org.netbeans.upgrade.AutoUpgrade -XX:+UseStringDeduplication -Xss2m -Djdk.gtk.version=2.2 -Dapple.laf.useScreenMenuBar=true -Dapple.awt.graphics.UseQuartz=true -Dsun.java2d.noddraw=true -Dsun.java2d.dpiaware=true -Dsun.zip.disableMemoryMapping=true -Dplugin.manager.check.updates=false -Dnetbeans.extbrowser.manual_chrome_plugin_install=yes --add-opens=java.base/java.net=ALL-UNNAMED --add-opens=java.base/java.lang.ref=ALL-UNNAMED --add-opens=java.base/java.lang=ALL-UNNAMED --add-opens=java.base/java.security=ALL-UNNAMED --add-opens=java.base/java.util=ALL-UNNAMED --add-opens=java.desktop/javax.swing.plaf.basic=ALL-UNNAMED --add-opens=java.desktop/javax.swing.text=ALL-UNNAMED --add-opens=java.desktop/javax.swing=ALL-UNNAMED --add-opens=java.desktop/java.awt=ALL-UNNAMED --add-opens=java.desktop/java.awt.event=ALL-UNNAMED --add-opens=java.prefs/java.util.prefs=ALL-UNNAMED --add-opens=jdk.jshell/jdk.jshell=ALL-UNNAMED --add-modules=jdk.jshell --add-exports=java.desktop/sun.awt=ALL-UNNAMED --add-exports=java.desktop/java.awt.peer=ALL-UNNAMED --add-exports=java.desktop/com.sun.beans.editors=ALL-UNNAMED --add-exports=java.desktop/sun.swing=ALL-UNNAMED --add-exports=java.desktop/sun.awt.im=ALL-UNNAMED --add-exports=jdk.internal.jvmstat/sun.jvmstat.monitor=ALL-UNNAMED --add-exports=java.management/sun.management=ALL-UNNAMED --add-exports=java.base/sun.reflect.annotation=ALL-UNNAMED --add-exports=jdk.javadoc/com.sun.tools.javadoc.main=ALL-UNNAMED -XX:+IgnoreUnrecognizedVMOptions -XX:+HeapDumpOnOutOfMemoryError -XX:HeapDumpPath=/Users/dthurston/Library/Application Support/NetBeans/11.1/var/log/heapdump.hprof 
java_command: org.netbeans.Main --cachedir /Users/dthurston/Library/Caches/NetBeans/11.1 --userdir /Users/dthurston/Library/Application Support/NetBeans/11.1 --branding nb
java_class_path (initial): /Applications/NetBeans/Apache NetBeans 11.1.app/Contents/Resources/NetBeans/platform/lib/boot.jar:/Applications/NetBeans/Apache NetBeans 11.1.app/Contents/Resources/NetBeans/platform/lib/org-openide-modules.jar:/Applications/NetBeans/Apache NetBeans 11.1.app/Contents/Resources/NetBeans/platform/lib/org-openide-util-lookup.jar:/Applications/NetBeans/Apache NetBeans 11.1.app/Contents/Resources/NetBeans/platform/lib/org-openide-util-ui.jar:/Applications/NetBeans/Apache NetBeans 11.1.app/Contents/Resources/NetBeans/platform/lib/org-openide-util.jar:/Library/Java/JavaVirtualMachines/jdk1.8.0_131.jdk/Contents/Home/lib/dt.jar:/Library/Java/JavaVirtualMachines/jdk1.8.0_131.jdk/Contents/Home/lib/tools.jar
Launcher Type: SUN_STANDARD

Environment Variables:
PATH=/Library/Frameworks/Python.framework/Versions/3.6/bin:/Users/dthurston/.rbenv/shims:/Library/Frameworks/Python.framework/Versions/2.7/bin:/usr/local/bin:/usr/bin:/bin:/usr/sbin:/sbin:/Library/Frameworks/Mono.framework/Versions/Current/Commands:/Applications/Wireshark.app/Contents/MacOS:/Users/dthurston/Projects
SHELL=/bin/bash

Signal Handlers:
SIGSEGV: [libjvm.dylib+0x5b1eb1], sa_mask[0]=11111111011111110111111111111111, sa_flags=SA_ONSTACK|SA_RESTART|SA_SIGINFO
SIGBUS: [libjvm.dylib+0x5b1eb1], sa_mask[0]=11111111011111110111111111111111, sa_flags=SA_RESTART|SA_SIGINFO
SIGFPE: [libjvm.dylib+0x488988], sa_mask[0]=11111111011111110111111111111111, sa_flags=SA_RESTART|SA_SIGINFO
SIGPIPE: [libjvm.dylib+0x488988], sa_mask[0]=11111111011111110111111111111111, sa_flags=SA_RESTART|SA_SIGINFO
SIGXFSZ: [libjvm.dylib+0x488988], sa_mask[0]=11111111011111110111111111111111, sa_flags=SA_RESTART|SA_SIGINFO
SIGILL: [libjvm.dylib+0x488988], sa_mask[0]=11111111011111110111111111111111, sa_flags=SA_RESTART|SA_SIGINFO
SIGUSR1: SIG_DFL, sa_mask[0]=11011111011111100000000111000110, sa_flags=none
SIGUSR2: [libjvm.dylib+0x4884a6], sa_mask[0]=00000000000000000000000000000000, sa_flags=SA_RESTART|SA_SIGINFO
SIGHUP: [libjvm.dylib+0x486a7d], sa_mask[0]=11111111011111110111111111111111, sa_flags=SA_RESTART|SA_SIGINFO
SIGINT: SIG_IGN, sa_mask[0]=00000000000000000000000000000000, sa_flags=none
SIGTERM: [libjvm.dylib+0x486a7d], sa_mask[0]=11111111011111110111111111111111, sa_flags=SA_RESTART|SA_SIGINFO
SIGQUIT: [libjvm.dylib+0x486a7d], sa_mask[0]=11111111011111110111111111111111, sa_flags=SA_RESTART|SA_SIGINFO


---------------  S Y S T E M  ---------------

OS:Bsduname:Darwin 16.7.0 Darwin Kernel Version 16.7.0: Sun Jun  2 20:26:31 PDT 2019; root:xnu-3789.73.50~1/RELEASE_X86_64 x86_64
rlimit: STACK 8192k, CORE 0k, NPROC 709, NOFILE 10240, AS infinity
load average:2.55 2.85 3.18

CPU:total 4 (initial active 4) (2 cores per cpu, 2 threads per core) family 6 model 61 stepping 4, cmov, cx8, fxsr, mmx, sse, sse2, sse3, ssse3, sse4.1, sse4.2, popcnt, avx, avx2, aes, clmul, erms, rtm, 3dnowpref, lzcnt, ht, tsc, tscinvbit, bmi1, bmi2, adx

Memory: 4k page, physical 8388608k(20392k free)

/proc/meminfo:


vm_info: Java HotSpot(TM) 64-Bit Server VM (25.131-b11) for bsd-amd64 JRE (1.8.0_131-b11), built on Mar 15 2017 01:32:22 by "java_re" with gcc 4.2.1 (Based on Apple Inc. build 5658) (LLVM build 2336.11.00)

time: Thu Jan 16 11:50:16 2020
elapsed time: 253979 seconds (2d 22h 32m 59s)

