#
# A fatal error has been detected by the Java Runtime Environment:
#
#  SIGSEGV (0xb) at pc=0x000000011064c3bf, pid=7351, tid=0x000000000000dc17
#
# JRE version: Java(TM) SE Runtime Environment (8.0_131-b11) (build 1.8.0_131-b11)
# Java VM: Java HotSpot(TM) 64-Bit Server VM (25.131-b11 mixed mode bsd-amd64 compressed oops)
# Problematic frame:
# C  [libawt_lwawt.dylib+0x1c3bf]  OGLSD_SetScratchSurface+0x49
#
# Failed to write core dump. Core dumps have been disabled. To enable core dumping, try "ulimit -c unlimited" before starting Java again
#
# If you would like to submit a bug report, please visit:
#   http://bugreport.java.com/bugreport/crash.jsp
# The crash happened outside the Java Virtual Machine in native code.
# See problematic frame for where to report the bug.
#

---------------  T H R E A D  ---------------

Current thread (0x00007fa0b532a800):  JavaThread "Java2D Queue Flusher" daemon [_thread_in_native, id=56343, stack(0x000070001129b000,0x000070001149b000)]

siginfo: si_signo: 11 (SIGSEGV), si_code: 1 (SEGV_MAPERR), si_addr: 0x0000000000000002

Registers:
RAX=0x00000000ffffffff, RBX=0x0000000000000002, RCX=0x0000000000000047, RDX=0x000000011066d258
RSP=0x000070001149a810, RBP=0x000070001149a830, RSI=0x00007fa0c2233b70, RDI=0x00007fa0b532a9f8
R8 =0x00000000e8159a0d, R9 =0x0000000000000000, R10=0x00000001146d4eb8, R11=0x0000000000000020
R12=0x0000000000000000, R13=0x0000000740acd0d8, R14=0x00007fa0b532a9f8, R15=0x00007fa0b532a800
RIP=0x000000011064c3bf, EFLAGS=0x0000000000010202, ERR=0x0000000000000004
  TRAPNO=0x000000000000000e

Top of Stack: (sp=0x000070001149a810)
0x000070001149a810:   00007fa0c2233b70 0000000000000000
0x000070001149a820:   00007fa0b5344410 00007fa0b532a800
0x000070001149a830:   000070001149a8b0 000000011066cd36
0x000070001149a840:   0000000000000064 00007fa0b447e688
0x000070001149a850:   000070001149a8b0 0000000107550094
0x000070001149a860:   0000000000000005 00007fa0b532a800
0x000070001149a870:   0000000740acd001 00007fa0b5344420
0x000070001149a880:   000070000049a800 00007fa0b532a9f8
0x000070001149a890:   0000000000000000 0000000000000000
0x000070001149a8a0:   000070001149a908 00007fa0b532a800
0x000070001149a8b0:   000070001149a900 00000001146d4f2a
0x000070001149a8c0:   0000000740acd050 0000000100000000
0x000070001149a8d0:   000000010d80d428 0000000000000000
0x000070001149a8e0:   000000010d80ef48 0000000000000000
0x000070001149a8f0:   000070001149a910 0000000000000000
0x000070001149a900:   00000000e8159a0a 000000011769de2c
0x000070001149a910:   0000000740acd050 0000000740acd0d8
0x000070001149a920:   0000000000000000 0000000000000000
0x000070001149a930:   0000000740acd0d8 000070001149a9d0
0x000070001149a940:   0000000000000001 0000000000000000
0x000070001149a950:   000070001149a9d0 00000001132657a7
0x000070001149a960:   0000000740acd0d8 0000000740acd0d8
0x000070001149a970:   0000700000001fa0 000000000000000a
0x000070001149a980:   00007fa0b532a800 0000000000000001
0x000070001149a990:   000000011326571f 000000010d776cf8
0x000070001149a9a0:   000070001149aa68 000070001149ad00
0x000070001149a9b0:   000000010000000a 000000010d776cf8
0x000070001149a9c0:   0000000113278120 000070001149ac70
0x000070001149a9d0:   000070001149ab80 00000001074ee5b6
0x000070001149a9e0:   0000700000000001 00007fa0b532a800
0x000070001149a9f0:   00007fa0b532a800 000070001149ad00
0x000070001149aa00:   00007fa0b447e680 0000000113278120 

Instructions: (pc=0x000000011064c3bf)
0x000000011064c39f:   c0 e9 82 00 00 00 48 8b 5e 10 48 85 db 75 0e bf
0x000000011064c3af:   01 00 00 00 48 8d 15 07 7c 03 00 eb d6 49 89 fe
0x000000011064c3bf:   4c 8b 3b 30 c0 e8 c1 a6 02 00 49 8b 3f 49 89 c4
0x000000011064c3cf:   48 8b 35 4a 03 06 00 30 c0 e8 0f a8 02 00 48 85 

Register to memory mapping:

RAX=0x00000000ffffffff is an unknown value
RBX=0x0000000000000002 is an unknown value
RCX=0x0000000000000047 is an unknown value
RDX=0x000000011066d258: Java_sun_java2d_opengl_OGLRenderQueue_flushBuffer+0xb5c in /Library/Java/JavaVirtualMachines/jdk1.8.0_131.jdk/Contents/Home/jre/lib/libawt_lwawt.dylib at 0x0000000110630000
RSP=0x000070001149a810 is pointing into the stack for thread: 0x00007fa0b532a800
RBP=0x000070001149a830 is pointing into the stack for thread: 0x00007fa0b532a800
RSI=0x00007fa0c2233b70 is an unknown value
RDI=0x00007fa0b532a9f8 is an unknown value
R8 =0x00000000e8159a0d is an unknown value
R9 =0x0000000000000000 is an unknown value
R10=0x00000001146d4eb8 is at entry_point+56 in (nmethod*)0x00000001146d4d10
R11=0x0000000000000020 is an unknown value
R12=0x0000000000000000 is an unknown value
R13=0x0000000740acd0d8 is an oop
sun.java2d.opengl.OGLRenderQueue$QueueFlusher 
 - klass: 'sun/java2d/opengl/OGLRenderQueue$QueueFlusher'
R14=0x00007fa0b532a9f8 is an unknown value
R15=0x00007fa0b532a800 is a thread


Stack: [0x000070001129b000,0x000070001149b000],  sp=0x000070001149a810,  free space=2046k
Native frames: (J=compiled Java code, j=interpreted, Vv=VM code, C=native code)
C  [libawt_lwawt.dylib+0x1c3bf]  OGLSD_SetScratchSurface+0x49
C  [libawt_lwawt.dylib+0x3cd36]  Java_sun_java2d_opengl_OGLRenderQueue_flushBuffer+0x63a
J 8881  sun.java2d.opengl.OGLRenderQueue.flushBuffer(JI)V (0 bytes) @ 0x00000001146d4f2a [0x00000001146d4e80+0xaa]
J 28257% C2 sun.java2d.opengl.OGLRenderQueue$QueueFlusher.run()V (234 bytes) @ 0x000000011769de2c [0x000000011769dbc0+0x26c]
v  ~StubRoutines::call_stub
V  [libjvm.dylib+0x2ee5b6]
V  [libjvm.dylib+0x2eed5a]
V  [libjvm.dylib+0x2eef06]
V  [libjvm.dylib+0x34965d]
V  [libjvm.dylib+0x56b87f]
V  [libjvm.dylib+0x56cf6c]
V  [libjvm.dylib+0x48b376]
C  [libsystem_pthread.dylib+0x393b]  _pthread_body+0xb4
C  [libsystem_pthread.dylib+0x3887]  _pthread_body+0x0
C  [libsystem_pthread.dylib+0x308d]  thread_start+0xd
C  0x0000000000000000

Java frames: (J=compiled Java code, j=interpreted, Vv=VM code)
J 8881  sun.java2d.opengl.OGLRenderQueue.flushBuffer(JI)V (0 bytes) @ 0x00000001146d4eb8 [0x00000001146d4e80+0x38]
J 28257% C2 sun.java2d.opengl.OGLRenderQueue$QueueFlusher.run()V (234 bytes) @ 0x000000011769de2c [0x000000011769dbc0+0x26c]
v  ~StubRoutines::call_stub

---------------  P R O C E S S  ---------------

Java Threads: ( => current thread )
  0x00007fa0bcaa2800 JavaThread "Inactive RequestProcessor thread [Was:org.remikz.netbeans.AutoSaveModified.AutoSaveModified/org.remikz.netbeans.AutoSaveModified.AutoSaveModified]" daemon [_thread_blocked, id=87431, stack(0x0000700011d2d000,0x0000700011f2d000)]
  0x00007fa0bb98f000 JavaThread "Inactive RequestProcessor thread [Was:org.netbeans.spi.java.project.support.ui.PackageRootNode/org.netbeans.spi.java.project.support.ui.PackageRootNode]" daemon [_thread_blocked, id=83859, stack(0x00007000118a4000,0x0000700011aa4000)]
  0x00007fa0b60b3000 JavaThread "Inactive RequestProcessor thread [Was:Data System Nodes/org.openide.loaders.DataNode$NamesUpdater]" daemon [_thread_blocked, id=84811, stack(0x0000700010e95000,0x0000700011095000)]
  0x00007fa0bc8f3800 JavaThread "GitRefresh" daemon [_thread_in_Java, id=67719, stack(0x0000700010c92000,0x0000700010e92000)]
  0x00007fa0ba0c9800 JavaThread "DestroyJavaVM" [_thread_blocked, id=6915, stack(0x000070000f0d0000,0x000070000f2d0000)]
  0x00007fa0ba5ea800 JavaThread "TimerQueue" daemon [_thread_blocked, id=80155, stack(0x0000700013b5a000,0x0000700013d5a000)]
  0x00007fa0bacfe800 JavaThread "Worker-JM" [_thread_blocked, id=79419, stack(0x0000700013957000,0x0000700013b57000)]
  0x00007fa0b48fc800 JavaThread "Deadlock Detector" [_thread_blocked, id=78855, stack(0x0000700013754000,0x0000700013954000)]
  0x00007fa0ba33a000 JavaThread "Thread-4" daemon [_thread_blocked, id=78651, stack(0x0000700013551000,0x0000700013751000)]
  0x00007fa0b54c6800 JavaThread "File Watcher" daemon [_thread_blocked, id=76035, stack(0x000070001334e000,0x000070001354e000)]
  0x00007fa0ba9a9800 JavaThread "Thread-2" daemon [_thread_in_native, id=73771, stack(0x000070001314b000,0x000070001334b000)]
  0x00007fa0bd292000 JavaThread "Editor Parsing Loop (netbeans-release-428-on-20190716)" daemon [_thread_blocked, id=70659, stack(0x0000700012539000,0x0000700012739000)]
  0x00007fa0ba0eb800 JavaThread "Bundle File Closer" daemon [_thread_blocked, id=38671, stack(0x0000700012133000,0x0000700012333000)]
  0x00007fa0b4ef9800 JavaThread "Framework Event Dispatcher" daemon [_thread_blocked, id=36487, stack(0x0000700011f30000,0x0000700012130000)]
  0x00007fa0baef8800 JavaThread "Framework Active Thread" [_thread_blocked, id=4171, stack(0x0000700011b2a000,0x0000700011d2a000)]
  0x00007fa0b53a1800 JavaThread "AWT-EventQueue-0" [_thread_blocked, id=64019, stack(0x00007000116a1000,0x00007000118a1000)]
  0x00007fa0b5390800 JavaThread "Java2D Disposer" daemon [_thread_blocked, id=57615, stack(0x000070001149e000,0x000070001169e000)]
=>0x00007fa0b532a800 JavaThread "Java2D Queue Flusher" daemon [_thread_in_native, id=56343, stack(0x000070001129b000,0x000070001149b000)]
  0x00007fa0b4b37000 JavaThread "RequestProcessor queue manager" daemon [_thread_blocked, id=55859, stack(0x0000700011098000,0x0000700011298000)]
  0x00007fa0b4b0e000 JavaThread "AWT-Shutdown" [_thread_blocked, id=30751, stack(0x0000700010906000,0x0000700010b06000)]
  0x00007fa0b5851800 JavaThread "AppKit Thread" daemon [_thread_in_native, id=775, stack(0x00007fff58b79000,0x00007fff59379000)]
  0x00007fa0b4a5a000 JavaThread "CLI Requests Server" daemon [_thread_in_native, id=20227, stack(0x0000700010680000,0x0000700010880000)]
  0x00007fa0b5044800 JavaThread "Active Reference Queue Daemon" daemon [_thread_blocked, id=19715, stack(0x000070001047d000,0x000070001067d000)]
  0x00007fa0b485b800 JavaThread "Service Thread" daemon [_thread_blocked, id=18691, stack(0x0000700010177000,0x0000700010377000)]
  0x00007fa0b486c800 JavaThread "C1 CompilerThread2" daemon [_thread_blocked, id=18179, stack(0x0000700010074000,0x0000700010174000)]
  0x00007fa0b486b800 JavaThread "C2 CompilerThread1" daemon [_thread_blocked, id=17667, stack(0x000070000ff71000,0x0000700010071000)]
  0x00007fa0b503e800 JavaThread "C2 CompilerThread0" daemon [_thread_blocked, id=17155, stack(0x000070000fe6e000,0x000070000ff6e000)]
  0x00007fa0b5047800 JavaThread "Signal Dispatcher" daemon [_thread_blocked, id=16643, stack(0x000070000fc6b000,0x000070000fe6b000)]
  0x00007fa0b5037800 JavaThread "Finalizer" daemon [_thread_blocked, id=12291, stack(0x000070000f9e5000,0x000070000fbe5000)]
  0x00007fa0b5035000 JavaThread "Reference Handler" daemon [_thread_blocked, id=11779, stack(0x000070000f7e2000,0x000070000f9e2000)]

Other Threads:
  0x00007fa0b482d000 VMThread [stack: 0x000070000f6df000,0x000070000f7df000] [id=11267]
  0x00007fa0b483b800 WatcherThread [stack: 0x000070001037a000,0x000070001047a000] [id=19203]

VM state:not at safepoint (normal execution)

VM Mutex/Monitor currently owned by a thread: None

Heap:
 PSYoungGen      total 56832K, used 10615K [0x0000000795580000, 0x000000079a180000, 0x00000007c0000000)
  eden space 52224K, 11% used [0x0000000795580000,0x0000000795b61d08,0x0000000798880000)
  from space 4608K, 99% used [0x0000000798900000,0x0000000798d7c010,0x0000000798d80000)
  to   space 12800K, 0% used [0x0000000799500000,0x0000000799500000,0x000000079a180000)
 ParOldGen       total 247296K, used 230424K [0x0000000740000000, 0x000000074f180000, 0x0000000795580000)
  object space 247296K, 93% used [0x0000000740000000,0x000000074e106250,0x000000074f180000)
 Metaspace       used 117462K, capacity 132831K, committed 132992K, reserved 1165312K
  class space    used 13585K, capacity 17760K, committed 17792K, reserved 1048576K

Card table byte_map: [0x0000000108563000,0x0000000108964000] byte_map_base: 0x0000000104b63000

Marking Bits: (ParMarkBitMap*) 0x0000000107af1ea0
 Begin Bits: [0x0000000108c0f000, 0x000000010ac0f000)
 End Bits:   [0x000000010ac0f000, 0x000000010cc0f000)

Polling page: 0x0000000106947000

CodeCache: size=245760Kb used=84752Kb max_used=84878Kb free=161007Kb
 bounds [0x0000000113265000, 0x00000001185e5000, 0x0000000122265000]
 total_blobs=23487 nmethods=22539 adapters=857
 compilation: enabled

Compilation events (10 events):
Event: 83279.687 Thread 0x00007fa0b486b800 33375       4       org.eclipse.jgit.treewalk.FileTreeIterator$FileEntry::getLastModified (8 bytes)
Event: 83279.688 Thread 0x00007fa0b486b800 nmethod 33375 0x00000001170a2e90 code [0x00000001170a2fe0, 0x00000001170a3058]
Event: 83280.060 Thread 0x00007fa0b486c800 33376       3       org.netbeans.libs.git.GitStatus::getOldPath (57 bytes)
Event: 83280.070 Thread 0x00007fa0b486c800 nmethod 33376 0x00000001185dc110 code [0x00000001185dc340, 0x00000001185dd268]
Event: 83280.078 Thread 0x00007fa0b503e800 33377       4       java.util.RegularEnumSet::size (8 bytes)
Event: 83280.081 Thread 0x00007fa0b503e800 nmethod 33377 0x00000001139b4890 code [0x00000001139b49e0, 0x00000001139b4a38]
Event: 83280.105 Thread 0x00007fa0b486b800 33378   !   4       org.openide.util.BaseUtilities::toURI (156 bytes)
Event: 83280.130 Thread 0x00007fa0b503e800 33379   !   4       java.io.File::toURI (69 bytes)
Event: 83280.136 Thread 0x00007fa0b486b800 nmethod 33378 0x00000001164a4090 code [0x00000001164a4280, 0x00000001164a4938]
Event: 83280.276 Thread 0x00007fa0b503e800 nmethod 33379 0x0000000114682dd0 code [0x0000000114682f80, 0x0000000114683448]

GC Heap History (10 events):
Event: 72757.687 GC heap before
{Heap before GC invocations=223 (full 4):
 PSYoungGen      total 66560K, used 64943K [0x0000000795580000, 0x000000079a480000, 0x00000007c0000000)
  eden space 54784K, 100% used [0x0000000795580000,0x0000000798b00000,0x0000000798b00000)
  from space 11776K, 86% used [0x0000000799780000,0x000000079a16bfa0,0x000000079a300000)
  to   space 12800K, 0% used [0x0000000798b00000,0x0000000798b00000,0x0000000799780000)
 ParOldGen       total 247296K, used 230280K [0x0000000740000000, 0x000000074f180000, 0x0000000795580000)
  object space 247296K, 93% used [0x0000000740000000,0x000000074e0e2250,0x000000074f180000)
 Metaspace       used 117457K, capacity 132823K, committed 132992K, reserved 1165312K
  class space    used 13585K, capacity 17760K, committed 17792K, reserved 1048576K
Event: 72757.907 GC heap after
Heap after GC invocations=223 (full 4):
 PSYoungGen      total 67072K, used 10459K [0x0000000795580000, 0x000000079a580000, 0x00000007c0000000)
  eden space 54272K, 0% used [0x0000000795580000,0x0000000795580000,0x0000000798a80000)
  from space 12800K, 81% used [0x0000000798b00000,0x0000000799536c90,0x0000000799780000)
  to   space 13824K, 0% used [0x0000000799800000,0x0000000799800000,0x000000079a580000)
 ParOldGen       total 247296K, used 230312K [0x0000000740000000, 0x000000074f180000, 0x0000000795580000)
  object space 247296K, 93% used [0x0000000740000000,0x000000074e0ea250,0x000000074f180000)
 Metaspace       used 117457K, capacity 132823K, committed 132992K, reserved 1165312K
  class space    used 13585K, capacity 17760K, committed 17792K, reserved 1048576K
}
Event: 73925.219 GC heap before
{Heap before GC invocations=224 (full 4):
 PSYoungGen      total 67072K, used 64731K [0x0000000795580000, 0x000000079a580000, 0x00000007c0000000)
  eden space 54272K, 100% used [0x0000000795580000,0x0000000798a80000,0x0000000798a80000)
  from space 12800K, 81% used [0x0000000798b00000,0x0000000799536c90,0x0000000799780000)
  to   space 13824K, 0% used [0x0000000799800000,0x0000000799800000,0x000000079a580000)
 ParOldGen       total 247296K, used 230312K [0x0000000740000000, 0x000000074f180000, 0x0000000795580000)
  object space 247296K, 93% used [0x0000000740000000,0x000000074e0ea250,0x000000074f180000)
 Metaspace       used 117457K, capacity 132823K, committed 132992K, reserved 1165312K
  class space    used 13585K, capacity 17760K, committed 17792K, reserved 1048576K
Event: 73925.352 GC heap after
Heap after GC invocations=224 (full 4):
 PSYoungGen      total 66048K, used 4032K [0x0000000795580000, 0x000000079a400000, 0x00000007c0000000)
  eden space 53760K, 0% used [0x0000000795580000,0x0000000795580000,0x0000000798a00000)
  from space 12288K, 32% used [0x0000000799800000,0x0000000799bf0000,0x000000079a400000)
  to   space 13312K, 0% used [0x0000000798a00000,0x0000000798a00000,0x0000000799700000)
 ParOldGen       total 247296K, used 230344K [0x0000000740000000, 0x000000074f180000, 0x0000000795580000)
  object space 247296K, 93% used [0x0000000740000000,0x000000074e0f2250,0x000000074f180000)
 Metaspace       used 117457K, capacity 132823K, committed 132992K, reserved 1165312K
  class space    used 13585K, capacity 17760K, committed 17792K, reserved 1048576K
}
Event: 75793.070 GC heap before
{Heap before GC invocations=225 (full 4):
 PSYoungGen      total 66048K, used 57792K [0x0000000795580000, 0x000000079a400000, 0x00000007c0000000)
  eden space 53760K, 100% used [0x0000000795580000,0x0000000798a00000,0x0000000798a00000)
  from space 12288K, 32% used [0x0000000799800000,0x0000000799bf0000,0x000000079a400000)
  to   space 13312K, 0% used [0x0000000798a00000,0x0000000798a00000,0x0000000799700000)
 ParOldGen       total 247296K, used 230344K [0x0000000740000000, 0x000000074f180000, 0x0000000795580000)
  object space 247296K, 93% used [0x0000000740000000,0x000000074e0f2250,0x000000074f180000)
 Metaspace       used 117457K, capacity 132823K, committed 132992K, reserved 1165312K
  class space    used 13585K, capacity 17760K, committed 17792K, reserved 1048576K
Event: 75793.233 GC heap after
Heap after GC invocations=225 (full 4):
 PSYoungGen      total 57344K, used 3730K [0x0000000795580000, 0x000000079a380000, 0x00000007c0000000)
  eden space 53248K, 0% used [0x0000000795580000,0x0000000795580000,0x0000000798980000)
  from space 4096K, 91% used [0x0000000798a00000,0x0000000798da4b58,0x0000000798e00000)
  to   space 13312K, 0% used [0x0000000799680000,0x0000000799680000,0x000000079a380000)
 ParOldGen       total 247296K, used 230376K [0x0000000740000000, 0x000000074f180000, 0x0000000795580000)
  object space 247296K, 93% used [0x0000000740000000,0x000000074e0fa250,0x000000074f180000)
 Metaspace       used 117457K, capacity 132823K, committed 132992K, reserved 1165312K
  class space    used 13585K, capacity 17760K, committed 17792K, reserved 1048576K
}
Event: 79676.827 GC heap before
{Heap before GC invocations=226 (full 4):
 PSYoungGen      total 57344K, used 56978K [0x0000000795580000, 0x000000079a380000, 0x00000007c0000000)
  eden space 53248K, 100% used [0x0000000795580000,0x0000000798980000,0x0000000798980000)
  from space 4096K, 91% used [0x0000000798a00000,0x0000000798da4b58,0x0000000798e00000)
  to   space 13312K, 0% used [0x0000000799680000,0x0000000799680000,0x000000079a380000)
 ParOldGen       total 247296K, used 230376K [0x0000000740000000, 0x000000074f180000, 0x0000000795580000)
  object space 247296K, 93% used [0x0000000740000000,0x000000074e0fa250,0x000000074f180000)
 Metaspace       used 117459K, capacity 132831K, committed 132992K, reserved 1165312K
  class space    used 13585K, capacity 17760K, committed 17792K, reserved 1048576K
Event: 79676.990 GC heap after
Heap after GC invocations=226 (full 4):
 PSYoungGen      total 65536K, used 3618K [0x0000000795580000, 0x000000079a300000, 0x00000007c0000000)
  eden space 52736K, 0% used [0x0000000795580000,0x0000000795580000,0x0000000798900000)
  from space 12800K, 28% used [0x0000000799680000,0x0000000799a08b48,0x000000079a300000)
  to   space 13312K, 0% used [0x0000000798900000,0x0000000798900000,0x0000000799600000)
 ParOldGen       total 247296K, used 230400K [0x0000000740000000, 0x000000074f180000, 0x0000000795580000)
  object space 247296K, 93% used [0x0000000740000000,0x000000074e100250,0x000000074f180000)
 Metaspace       used 117459K, capacity 132831K, committed 132992K, reserved 1165312K
  class space    used 13585K, capacity 17760K, committed 17792K, reserved 1048576K
}
Event: 83280.148 GC heap before
{Heap before GC invocations=227 (full 4):
 PSYoungGen      total 65536K, used 56354K [0x0000000795580000, 0x000000079a300000, 0x00000007c0000000)
  eden space 52736K, 100% used [0x0000000795580000,0x0000000798900000,0x0000000798900000)
  from space 12800K, 28% used [0x0000000799680000,0x0000000799a08b48,0x000000079a300000)
  to   space 13312K, 0% used [0x0000000798900000,0x0000000798900000,0x0000000799600000)
 ParOldGen       total 247296K, used 230400K [0x0000000740000000, 0x000000074f180000, 0x0000000795580000)
  object space 247296K, 93% used [0x0000000740000000,0x000000074e100250,0x000000074f180000)
 Metaspace       used 117462K, capacity 132831K, committed 132992K, reserved 1165312K
  class space    used 13585K, capacity 17760K, committed 17792K, reserved 1048576K
Event: 83280.262 GC heap after
Heap after GC invocations=227 (full 4):
 PSYoungGen      total 56832K, used 4592K [0x0000000795580000, 0x000000079a180000, 0x00000007c0000000)
  eden space 52224K, 0% used [0x0000000795580000,0x0000000795580000,0x0000000798880000)
  from space 4608K, 99% used [0x0000000798900000,0x0000000798d7c010,0x0000000798d80000)
  to   space 12800K, 0% used [0x0000000799500000,0x0000000799500000,0x000000079a180000)
 ParOldGen       total 247296K, used 230424K [0x0000000740000000, 0x000000074f180000, 0x0000000795580000)
  object space 247296K, 93% used [0x0000000740000000,0x000000074e106250,0x000000074f180000)
 Metaspace       used 117462K, capacity 132831K, committed 132992K, reserved 1165312K
  class space    used 13585K, capacity 17760K, committed 17792K, reserved 1048576K
}

Deoptimization events (10 events):
Event: 69988.431 Thread 0x00007fa0b53a1800 Uncommon trap: reason=class_check action=maybe_recompile pc=0x000000011712e198 method=javax.swing.plaf.basic.BasicTextUI.viewToModel(Ljavax/swing/text/JTextComponent;Ljava/awt/Point;[Ljavax/swing/text/Position$Bias;)I @ 29
Event: 69988.604 Thread 0x00007fa0b53a1800 Uncommon trap: reason=class_check action=maybe_recompile pc=0x000000011712e198 method=javax.swing.plaf.basic.BasicTextUI.viewToModel(Ljavax/swing/text/JTextComponent;Ljava/awt/Point;[Ljavax/swing/text/Position$Bias;)I @ 29
Event: 70015.893 Thread 0x00007fa0b4c59000 Uncommon trap: reason=unstable_if action=reinterpret pc=0x00000001151d0604 method=org.netbeans.libs.git.GitStatus.getOldPath()Ljava/io/File; @ 4
Event: 70019.571 Thread 0x00007fa0b53a1800 Uncommon trap: reason=class_check action=maybe_recompile pc=0x000000011712e198 method=javax.swing.plaf.basic.BasicTextUI.viewToModel(Ljavax/swing/text/JTextComponent;Ljava/awt/Point;[Ljavax/swing/text/Position$Bias;)I @ 29
Event: 70019.780 Thread 0x00007fa0b53a1800 Uncommon trap: reason=class_check action=maybe_recompile pc=0x000000011712e198 method=javax.swing.plaf.basic.BasicTextUI.viewToModel(Ljavax/swing/text/JTextComponent;Ljava/awt/Point;[Ljavax/swing/text/Position$Bias;)I @ 29
Event: 70024.248 Thread 0x00007fa0bd28c000 Uncommon trap: reason=predicate action=maybe_recompile pc=0x000000011850a228 method=org.netbeans.modules.masterfs.filebasedfs.naming.NamingFactory.collectSubnames(Lorg/netbeans/modules/masterfs/filebasedfs/naming/FileNaming;Ljava/util/Collection;)V @ 56
Event: 70073.642 Thread 0x00007fa0b53a1800 Uncommon trap: reason=unstable_if action=reinterpret pc=0x0000000116cb1ce8 method=sun.font.ScriptRun.next()Z @ 76
Event: 75810.183 Thread 0x00007fa0b5851800 Uncommon trap: reason=range_check action=make_not_entrant pc=0x00000001174c87dc method=java.awt.image.DirectColorModel.setFields()V @ 6
Event: 80082.910 Thread 0x00007fa0b53a1800 Uncommon trap: reason=unstable_if action=reinterpret pc=0x0000000115401ef8 method=java.text.DigitList.shouldRoundUp(IZZ)Z @ 283
Event: 83279.465 Thread 0x00007fa0bc8f3800 Uncommon trap: reason=unstable_if action=reinterpret pc=0x0000000116a2881c method=org.eclipse.jgit.dircache.DirCacheEntry.isSmudged()Z @ 12

Internal exceptions (10 events):
Event: 83277.445 Thread 0x00007fa0bb98f000 Exception <a 'sun/nio/fs/UnixException'> (0x0000000797a2ac88) thrown at [/Users/java_re/workspace/8-2-build-macosx-x86_64/jdk8u131/8869/hotspot/src/share/vm/prims/jni.cpp, line 709]
Event: 83277.449 Thread 0x00007fa0bb98f000 Exception <a 'sun/nio/fs/UnixException'> (0x0000000797a2f318) thrown at [/Users/java_re/workspace/8-2-build-macosx-x86_64/jdk8u131/8869/hotspot/src/share/vm/prims/jni.cpp, line 709]
Event: 83277.450 Thread 0x00007fa0bb98f000 Exception <a 'sun/nio/fs/UnixException'> (0x0000000797a37f60) thrown at [/Users/java_re/workspace/8-2-build-macosx-x86_64/jdk8u131/8869/hotspot/src/share/vm/prims/jni.cpp, line 709]
Event: 83277.450 Thread 0x00007fa0bb98f000 Exception <a 'java/io/FileNotFoundException'> (0x0000000797a38c58) thrown at [/Users/java_re/workspace/8-2-build-macosx-x86_64/jdk8u131/8869/hotspot/src/share/vm/prims/jni.cpp, line 709]
Event: 83277.450 Thread 0x00007fa0bb98f000 Exception <a 'java/io/FileNotFoundException'> (0x0000000797a39860) thrown at [/Users/java_re/workspace/8-2-build-macosx-x86_64/jdk8u131/8869/hotspot/src/share/vm/prims/jni.cpp, line 709]
Event: 83277.450 Thread 0x00007fa0bb98f000 Exception <a 'java/io/FileNotFoundException'> (0x0000000797a3a528) thrown at [/Users/java_re/workspace/8-2-build-macosx-x86_64/jdk8u131/8869/hotspot/src/share/vm/prims/jni.cpp, line 709]
Event: 83277.450 Thread 0x00007fa0bb98f000 Exception <a 'java/io/FileNotFoundException'> (0x0000000797a3b228) thrown at [/Users/java_re/workspace/8-2-build-macosx-x86_64/jdk8u131/8869/hotspot/src/share/vm/prims/jni.cpp, line 709]
Event: 83277.451 Thread 0x00007fa0bb98f000 Exception <a 'java/io/FileNotFoundException'> (0x0000000797a3bf50) thrown at [/Users/java_re/workspace/8-2-build-macosx-x86_64/jdk8u131/8869/hotspot/src/share/vm/prims/jni.cpp, line 709]
Event: 83277.456 Thread 0x00007fa0bc8f3800 Exception <a 'sun/nio/fs/UnixException'> (0x0000000797af21c0) thrown at [/Users/java_re/workspace/8-2-build-macosx-x86_64/jdk8u131/8869/hotspot/src/share/vm/prims/jni.cpp, line 709]
Event: 83277.456 Thread 0x00007fa0bc8f3800 Exception <a 'sun/nio/fs/UnixException'> (0x0000000797af2e78) thrown at [/Users/java_re/workspace/8-2-build-macosx-x86_64/jdk8u131/8869/hotspot/src/share/vm/prims/jni.cpp, line 709]

Events (10 events):
Event: 83280.271 Executing VM operation: RevokeBias
Event: 83280.276 Executing VM operation: RevokeBias done
Event: 83280.276 Executing VM operation: RevokeBias
Event: 83280.276 Executing VM operation: RevokeBias done
Event: 83280.276 Executing VM operation: RevokeBias
Event: 83280.277 Executing VM operation: RevokeBias done
Event: 83280.277 Executing VM operation: RevokeBias
Event: 83280.278 Executing VM operation: RevokeBias done
Event: 83280.278 Executing VM operation: BulkRevokeBias
Event: 83280.278 Executing VM operation: BulkRevokeBias done


Dynamic libraries:
0x0000000024c80000 	/System/Library/Frameworks/Cocoa.framework/Versions/A/Cocoa
0x0000000024c80000 	/System/Library/Frameworks/Security.framework/Versions/A/Security
0x0000000024c80000 	/System/Library/Frameworks/ApplicationServices.framework/Versions/A/ApplicationServices
0x0000000024c80000 	/usr/lib/libz.1.dylib
0x0000000024c80000 	/usr/lib/libSystem.B.dylib
0x0000000024c80000 	/usr/lib/libobjc.A.dylib
0x0000000024c80000 	/System/Library/Frameworks/CoreFoundation.framework/Versions/A/CoreFoundation
0x0000000024c80000 	/System/Library/Frameworks/Foundation.framework/Versions/C/Foundation
0x0000000024c80000 	/System/Library/Frameworks/AppKit.framework/Versions/C/AppKit
0x0000000024c80000 	/System/Library/Frameworks/CoreData.framework/Versions/A/CoreData
0x0000000024c80000 	/System/Library/PrivateFrameworks/RemoteViewServices.framework/Versions/A/RemoteViewServices
0x0000000024c80000 	/System/Library/PrivateFrameworks/UIFoundation.framework/Versions/A/UIFoundation
0x0000000024c80000 	/System/Library/PrivateFrameworks/DFRFoundation.framework/Versions/A/DFRFoundation
0x0000000024c80000 	/usr/lib/libenergytrace.dylib
0x0000000024c80000 	/System/Library/PrivateFrameworks/SkyLight.framework/Versions/A/SkyLight
0x0000000024c80000 	/System/Library/Frameworks/CoreGraphics.framework/Versions/A/CoreGraphics
0x0000000024c80000 	/usr/lib/libScreenReader.dylib
0x0000000024c80000 	/System/Library/Frameworks/Accelerate.framework/Versions/A/Accelerate
0x0000000024c80000 	/System/Library/Frameworks/IOSurface.framework/Versions/A/IOSurface
0x0000000024c80000 	/System/Library/Frameworks/AudioToolbox.framework/Versions/A/AudioToolbox
0x0000000024c80000 	/System/Library/Frameworks/AudioUnit.framework/Versions/A/AudioUnit
0x0000000024c80000 	/System/Library/PrivateFrameworks/DataDetectorsCore.framework/Versions/A/DataDetectorsCore
0x0000000024c80000 	/System/Library/PrivateFrameworks/DesktopServicesPriv.framework/Versions/A/DesktopServicesPriv
0x0000000024c80000 	/System/Library/Frameworks/Carbon.framework/Versions/A/Frameworks/HIToolbox.framework/Versions/A/HIToolbox
0x0000000024c80000 	/usr/lib/libicucore.A.dylib
0x0000000024c80000 	/System/Library/Frameworks/QuartzCore.framework/Versions/A/QuartzCore
0x0000000024c80000 	/System/Library/Frameworks/Carbon.framework/Versions/A/Frameworks/SpeechRecognition.framework/Versions/A/SpeechRecognition
0x0000000024c80000 	/usr/lib/libauto.dylib
0x0000000024c80000 	/usr/lib/libxml2.2.dylib
0x0000000024c80000 	/System/Library/PrivateFrameworks/CoreUI.framework/Versions/A/CoreUI
0x0000000024c80000 	/System/Library/Frameworks/CoreAudio.framework/Versions/A/CoreAudio
0x0000000024c80000 	/System/Library/Frameworks/DiskArbitration.framework/Versions/A/DiskArbitration
0x0000000024c80000 	/usr/lib/liblangid.dylib
0x0000000024c80000 	/System/Library/PrivateFrameworks/MultitouchSupport.framework/Versions/A/MultitouchSupport
0x0000000024c80000 	/System/Library/Frameworks/IOKit.framework/Versions/A/IOKit
0x0000000024c80000 	/usr/lib/libDiagnosticMessagesClient.dylib
0x0000000024c80000 	/System/Library/Frameworks/CoreServices.framework/Versions/A/CoreServices
0x0000000024c80000 	/System/Library/PrivateFrameworks/PerformanceAnalysis.framework/Versions/A/PerformanceAnalysis
0x0000000024c80000 	/System/Library/PrivateFrameworks/GenerationalStorage.framework/Versions/A/GenerationalStorage
0x0000000024c80000 	/System/Library/Frameworks/OpenGL.framework/Versions/A/OpenGL
0x0000000024c80000 	/System/Library/Frameworks/CoreImage.framework/Versions/A/CoreImage
0x0000000024c80000 	/System/Library/Frameworks/CoreText.framework/Versions/A/CoreText
0x0000000024c80000 	/System/Library/Frameworks/ImageIO.framework/Versions/A/ImageIO
0x0000000024c80000 	/System/Library/PrivateFrameworks/Backup.framework/Versions/A/Backup
0x0000000024c80000 	/usr/lib/libarchive.2.dylib
0x0000000024c80000 	/System/Library/Frameworks/CFNetwork.framework/Versions/A/CFNetwork
0x0000000024c80000 	/System/Library/Frameworks/SystemConfiguration.framework/Versions/A/SystemConfiguration
0x0000000024c80000 	/usr/lib/libCRFSuite.dylib
0x0000000024c80000 	/usr/lib/libc++.1.dylib
0x0000000024c80000 	/usr/lib/libc++abi.dylib
0x0000000024c80000 	/usr/lib/system/libcache.dylib
0x0000000024c80000 	/usr/lib/system/libcommonCrypto.dylib
0x0000000024c80000 	/usr/lib/system/libcompiler_rt.dylib
0x0000000024c80000 	/usr/lib/system/libcopyfile.dylib
0x0000000024c80000 	/usr/lib/system/libcorecrypto.dylib
0x0000000024c80000 	/usr/lib/system/libdispatch.dylib
0x0000000024c80000 	/usr/lib/system/libdyld.dylib
0x0000000024c80000 	/usr/lib/system/libkeymgr.dylib
0x0000000024c80000 	/usr/lib/system/liblaunch.dylib
0x0000000024c80000 	/usr/lib/system/libmacho.dylib
0x0000000024c80000 	/usr/lib/system/libquarantine.dylib
0x0000000024c80000 	/usr/lib/system/libremovefile.dylib
0x0000000024c80000 	/usr/lib/system/libsystem_asl.dylib
0x0000000024c80000 	/usr/lib/system/libsystem_blocks.dylib
0x0000000024c80000 	/usr/lib/system/libsystem_c.dylib
0x0000000024c80000 	/usr/lib/system/libsystem_configuration.dylib
0x0000000024c80000 	/usr/lib/system/libsystem_coreservices.dylib
0x0000000024c80000 	/usr/lib/system/libsystem_coretls.dylib
0x0000000024c80000 	/usr/lib/system/libsystem_dnssd.dylib
0x0000000024c80000 	/usr/lib/system/libsystem_info.dylib
0x0000000024c80000 	/usr/lib/system/libsystem_kernel.dylib
0x0000000024c80000 	/usr/lib/system/libsystem_m.dylib
0x0000000024c80000 	/usr/lib/system/libsystem_malloc.dylib
0x0000000024c80000 	/usr/lib/system/libsystem_network.dylib
0x0000000024c80000 	/usr/lib/system/libsystem_networkextension.dylib
0x0000000024c80000 	/usr/lib/system/libsystem_notify.dylib
0x0000000024c80000 	/usr/lib/system/libsystem_platform.dylib
0x0000000024c80000 	/usr/lib/system/libsystem_pthread.dylib
0x0000000024c80000 	/usr/lib/system/libsystem_sandbox.dylib
0x0000000024c80000 	/usr/lib/system/libsystem_secinit.dylib
0x0000000024c80000 	/usr/lib/system/libsystem_symptoms.dylib
0x0000000024c80000 	/usr/lib/system/libsystem_trace.dylib
0x0000000024c80000 	/usr/lib/system/libunwind.dylib
0x0000000024c80000 	/usr/lib/system/libxpc.dylib
0x0000000024c80000 	/usr/lib/libbsm.0.dylib
0x0000000024c80000 	/usr/lib/system/libkxld.dylib
0x0000000024c80000 	/usr/lib/libcoretls.dylib
0x0000000024c80000 	/usr/lib/libcoretls_cfhelpers.dylib
0x0000000024c80000 	/usr/lib/libOpenScriptingUtil.dylib
0x0000000024c80000 	/usr/lib/libpam.2.dylib
0x0000000024c80000 	/usr/lib/libsqlite3.dylib
0x0000000024c80000 	/usr/lib/libxar.1.dylib
0x0000000024c80000 	/usr/lib/libbz2.1.0.dylib
0x0000000024c80000 	/usr/lib/liblzma.5.dylib
0x0000000024c80000 	/usr/lib/libnetwork.dylib
0x0000000024c80000 	/usr/lib/libpcap.A.dylib
0x0000000024c80000 	/System/Library/Frameworks/CoreServices.framework/Versions/A/Frameworks/FSEvents.framework/Versions/A/FSEvents
0x0000000024c80000 	/System/Library/Frameworks/CoreServices.framework/Versions/A/Frameworks/CarbonCore.framework/Versions/A/CarbonCore
0x0000000024c80000 	/System/Library/Frameworks/CoreServices.framework/Versions/A/Frameworks/Metadata.framework/Versions/A/Metadata
0x0000000024c80000 	/System/Library/Frameworks/CoreServices.framework/Versions/A/Frameworks/OSServices.framework/Versions/A/OSServices
0x0000000024c80000 	/System/Library/Frameworks/CoreServices.framework/Versions/A/Frameworks/SearchKit.framework/Versions/A/SearchKit
0x0000000024c80000 	/System/Library/Frameworks/CoreServices.framework/Versions/A/Frameworks/AE.framework/Versions/A/AE
0x0000000024c80000 	/System/Library/Frameworks/CoreServices.framework/Versions/A/Frameworks/LaunchServices.framework/Versions/A/LaunchServices
0x0000000024c80000 	/System/Library/Frameworks/CoreServices.framework/Versions/A/Frameworks/DictionaryServices.framework/Versions/A/DictionaryServices
0x0000000024c80000 	/System/Library/Frameworks/CoreServices.framework/Versions/A/Frameworks/SharedFileList.framework/Versions/A/SharedFileList
0x0000000024c80000 	/System/Library/Frameworks/NetFS.framework/Versions/A/NetFS
0x0000000024c80000 	/System/Library/PrivateFrameworks/NetAuth.framework/Versions/A/NetAuth
0x0000000024c80000 	/System/Library/PrivateFrameworks/login.framework/Versions/A/Frameworks/loginsupport.framework/Versions/A/loginsupport
0x0000000024c80000 	/System/Library/PrivateFrameworks/TCC.framework/Versions/A/TCC
0x0000000024c80000 	/usr/lib/libmecabra.dylib
0x0000000024c80000 	/System/Library/Frameworks/ApplicationServices.framework/Versions/A/Frameworks/ATS.framework/Versions/A/ATS
0x0000000024c80000 	/System/Library/Frameworks/ApplicationServices.framework/Versions/A/Frameworks/ColorSync.framework/Versions/A/ColorSync
0x0000000024c80000 	/System/Library/Frameworks/ApplicationServices.framework/Versions/A/Frameworks/HIServices.framework/Versions/A/HIServices
0x0000000024c80000 	/System/Library/Frameworks/ApplicationServices.framework/Versions/A/Frameworks/LangAnalysis.framework/Versions/A/LangAnalysis
0x0000000024c80000 	/System/Library/Frameworks/ApplicationServices.framework/Versions/A/Frameworks/PrintCore.framework/Versions/A/PrintCore
0x0000000024c80000 	/System/Library/Frameworks/ApplicationServices.framework/Versions/A/Frameworks/QD.framework/Versions/A/QD
0x0000000024c80000 	/System/Library/Frameworks/ApplicationServices.framework/Versions/A/Frameworks/SpeechSynthesis.framework/Versions/A/SpeechSynthesis
0x0000000024c80000 	/System/Library/Frameworks/Accelerate.framework/Versions/A/Frameworks/vImage.framework/Versions/A/vImage
0x0000000024c80000 	/System/Library/Frameworks/Accelerate.framework/Versions/A/Frameworks/vecLib.framework/Versions/A/vecLib
0x0000000024c80000 	/System/Library/Frameworks/Accelerate.framework/Versions/A/Frameworks/vecLib.framework/Versions/A/libvDSP.dylib
0x0000000024c80000 	/System/Library/Frameworks/Accelerate.framework/Versions/A/Frameworks/vecLib.framework/Versions/A/libBNNS.dylib
0x0000000024c80000 	/System/Library/Frameworks/Accelerate.framework/Versions/A/Frameworks/vecLib.framework/Versions/A/libQuadrature.dylib
0x0000000024c80000 	/System/Library/Frameworks/Accelerate.framework/Versions/A/Frameworks/vecLib.framework/Versions/A/libvMisc.dylib
0x0000000024c80000 	/System/Library/Frameworks/Accelerate.framework/Versions/A/Frameworks/vecLib.framework/Versions/A/libLAPACK.dylib
0x0000000024c80000 	/System/Library/Frameworks/Accelerate.framework/Versions/A/Frameworks/vecLib.framework/Versions/A/libBLAS.dylib
0x0000000024c80000 	/System/Library/Frameworks/Accelerate.framework/Versions/A/Frameworks/vecLib.framework/Versions/A/libLinearAlgebra.dylib
0x0000000024c80000 	/System/Library/Frameworks/Accelerate.framework/Versions/A/Frameworks/vecLib.framework/Versions/A/libSparseBLAS.dylib
0x0000000024c80000 	/System/Library/Frameworks/ApplicationServices.framework/Versions/A/Frameworks/ATS.framework/Versions/A/Resources/libFontParser.dylib
0x0000000024c80000 	/System/Library/Frameworks/ApplicationServices.framework/Versions/A/Frameworks/ATS.framework/Versions/A/Resources/libFontRegistry.dylib
0x0000000024c80000 	/System/Library/Frameworks/ImageIO.framework/Versions/A/Resources/libJPEG.dylib
0x0000000024c80000 	/System/Library/Frameworks/ImageIO.framework/Versions/A/Resources/libTIFF.dylib
0x0000000024c80000 	/System/Library/Frameworks/ImageIO.framework/Versions/A/Resources/libPng.dylib
0x0000000024c80000 	/System/Library/Frameworks/ImageIO.framework/Versions/A/Resources/libGIF.dylib
0x0000000024c80000 	/System/Library/Frameworks/ImageIO.framework/Versions/A/Resources/libJP2.dylib
0x0000000024c80000 	/System/Library/Frameworks/ImageIO.framework/Versions/A/Resources/libRadiance.dylib
0x0000000024c80000 	/usr/lib/libcompression.dylib
0x0000000024c80000 	/System/Library/PrivateFrameworks/AppleJPEG.framework/Versions/A/AppleJPEG
0x0000000024c80000 	/usr/lib/libcups.2.dylib
0x0000000024c80000 	/System/Library/Frameworks/Kerberos.framework/Versions/A/Kerberos
0x0000000024c80000 	/System/Library/Frameworks/GSS.framework/Versions/A/GSS
0x0000000024c80000 	/usr/lib/libresolv.9.dylib
0x0000000024c80000 	/usr/lib/libiconv.2.dylib
0x0000000024c80000 	/System/Library/PrivateFrameworks/Heimdal.framework/Versions/A/Heimdal
0x0000000024c80000 	/usr/lib/libheimdal-asn1.dylib
0x0000000024c80000 	/System/Library/Frameworks/OpenDirectory.framework/Versions/A/OpenDirectory
0x0000000024c80000 	/System/Library/PrivateFrameworks/CommonAuth.framework/Versions/A/CommonAuth
0x0000000024c80000 	/System/Library/Frameworks/OpenDirectory.framework/Versions/A/Frameworks/CFOpenDirectory.framework/Versions/A/CFOpenDirectory
0x0000000024c80000 	/System/Library/Frameworks/SecurityFoundation.framework/Versions/A/SecurityFoundation
0x0000000024c80000 	/System/Library/PrivateFrameworks/LanguageModeling.framework/Versions/A/LanguageModeling
0x0000000024c80000 	/usr/lib/libmarisa.dylib
0x0000000024c80000 	/usr/lib/libChineseTokenizer.dylib
0x0000000024c80000 	/usr/lib/libcmph.dylib
0x0000000024c80000 	/System/Library/PrivateFrameworks/CoreEmoji.framework/Versions/A/CoreEmoji
0x0000000024c80000 	/System/Library/Frameworks/ServiceManagement.framework/Versions/A/ServiceManagement
0x0000000024c80000 	/usr/lib/libxslt.1.dylib
0x0000000024c80000 	/System/Library/Frameworks/Carbon.framework/Versions/A/Frameworks/Ink.framework/Versions/A/Ink
0x0000000024c80000 	/System/Library/PrivateFrameworks/TextureIO.framework/Versions/A/TextureIO
0x0000000024c80000 	/System/Library/Frameworks/Metal.framework/Versions/A/Metal
0x0000000024c80000 	/usr/lib/libate.dylib
0x0000000024c80000 	/System/Library/PrivateFrameworks/GPUCompiler.framework/libmetal_timestamp.dylib
0x0000000024c80000 	/System/Library/Frameworks/OpenGL.framework/Versions/A/Libraries/libCoreFSCache.dylib
0x0000000024c80000 	/System/Library/PrivateFrameworks/IOAccelerator.framework/Versions/A/IOAccelerator
0x0000000024c80000 	/System/Library/Frameworks/CoreVideo.framework/Versions/A/CoreVideo
0x0000000024c80000 	/usr/lib/libFosl_dynamic.dylib
0x0000000024c80000 	/System/Library/PrivateFrameworks/MetalPerformanceShaders.framework/Versions/A/MetalPerformanceShaders
0x0000000024c80000 	/System/Library/PrivateFrameworks/FaceCore.framework/Versions/A/FaceCore
0x0000000024c80000 	/System/Library/Frameworks/OpenCL.framework/Versions/A/OpenCL
0x0000000024c80000 	/System/Library/Frameworks/OpenGL.framework/Versions/A/Libraries/libGLU.dylib
0x0000000024c80000 	/System/Library/Frameworks/OpenGL.framework/Versions/A/Libraries/libGFXShared.dylib
0x0000000024c80000 	/System/Library/Frameworks/OpenGL.framework/Versions/A/Libraries/libGL.dylib
0x0000000024c80000 	/System/Library/Frameworks/OpenGL.framework/Versions/A/Libraries/libGLImage.dylib
0x0000000024c80000 	/System/Library/Frameworks/OpenGL.framework/Versions/A/Libraries/libCVMSPluginSupport.dylib
0x0000000024c80000 	/System/Library/Frameworks/OpenGL.framework/Versions/A/Libraries/libCoreVMClient.dylib
0x0000000024c80000 	/System/Library/PrivateFrameworks/CrashReporterSupport.framework/Versions/A/CrashReporterSupport
0x0000000024c80000 	/System/Library/PrivateFrameworks/Sharing.framework/Versions/A/Sharing
0x0000000024c80000 	/System/Library/PrivateFrameworks/IconServices.framework/Versions/A/IconServices
0x0000000024c80000 	/System/Library/PrivateFrameworks/ProtocolBuffer.framework/Versions/A/ProtocolBuffer
0x0000000024c80000 	/System/Library/PrivateFrameworks/Apple80211.framework/Versions/A/Apple80211
0x0000000024c80000 	/System/Library/Frameworks/CoreWLAN.framework/Versions/A/CoreWLAN
0x0000000024c80000 	/System/Library/PrivateFrameworks/CoreUtils.framework/Versions/A/CoreUtils
0x0000000024c80000 	/System/Library/Frameworks/IOBluetooth.framework/Versions/A/IOBluetooth
0x0000000024c80000 	/System/Library/PrivateFrameworks/CoreWiFi.framework/Versions/A/CoreWiFi
0x0000000024c80000 	/System/Library/Frameworks/CoreBluetooth.framework/Versions/A/CoreBluetooth
0x0000000024c80000 	/System/Library/Frameworks/CoreDisplay.framework/Versions/A/CoreDisplay
0x0000000024c80000 	/System/Library/PrivateFrameworks/IOPresentment.framework/Versions/A/IOPresentment
0x0000000024c80000 	/System/Library/PrivateFrameworks/DSExternalDisplay.framework/Versions/A/DSExternalDisplay
0x0000000024c80000 	/System/Library/PrivateFrameworks/DebugSymbols.framework/Versions/A/DebugSymbols
0x0000000024c80000 	/System/Library/PrivateFrameworks/CoreSymbolication.framework/Versions/A/CoreSymbolication
0x0000000024c80000 	/System/Library/PrivateFrameworks/Symbolication.framework/Versions/A/Symbolication
0x0000000024c80000 	/System/Library/PrivateFrameworks/AppleFSCompression.framework/Versions/A/AppleFSCompression
0x0000000024c80000 	/System/Library/PrivateFrameworks/SpeechRecognitionCore.framework/Versions/A/SpeechRecognitionCore
0x0000000024c80000 	/System/Library/PrivateFrameworks/ChunkingLibrary.framework/Versions/A/ChunkingLibrary
0x0000000107200000 	/Library/Java/JavaVirtualMachines/jdk1.8.0_131.jdk/Contents/Home/jre/lib/server/libjvm.dylib
0x0000000024c80000 	/usr/lib/libstdc++.6.dylib
0x0000000106904000 	/Library/Java/JavaVirtualMachines/jdk1.8.0_131.jdk/Contents/Home/jre/lib/libverify.dylib
0x0000000106912000 	/Library/Java/JavaVirtualMachines/jdk1.8.0_131.jdk/Contents/Home/jre/lib/libjava.dylib
0x0000000106951000 	/Library/Java/JavaVirtualMachines/jdk1.8.0_131.jdk/Contents/Home/jre/lib/libzip.dylib
0x000000010ea65000 	/System/Library/Frameworks/JavaVM.framework/Frameworks/JavaRuntimeSupport.framework/JavaRuntimeSupport
0x000000010ea7f000 	/System/Library/Frameworks/JavaVM.framework/Versions/A/Frameworks/JavaNativeFoundation.framework/Versions/A/JavaNativeFoundation
0x000000010ea94000 	/System/Library/Frameworks/JavaVM.framework/Versions/A/JavaVM
0x0000000024c80000 	/System/Library/Frameworks/Carbon.framework/Versions/A/Carbon
0x000000010eaa1000 	/System/Library/PrivateFrameworks/JavaLaunching.framework/Versions/A/JavaLaunching
0x0000000024c80000 	/System/Library/Frameworks/Carbon.framework/Versions/A/Frameworks/CommonPanels.framework/Versions/A/CommonPanels
0x0000000024c80000 	/System/Library/Frameworks/Carbon.framework/Versions/A/Frameworks/Help.framework/Versions/A/Help
0x0000000024c80000 	/System/Library/Frameworks/Carbon.framework/Versions/A/Frameworks/ImageCapture.framework/Versions/A/ImageCapture
0x0000000024c80000 	/System/Library/Frameworks/Carbon.framework/Versions/A/Frameworks/OpenScripting.framework/Versions/A/OpenScripting
0x0000000024c80000 	/System/Library/Frameworks/Carbon.framework/Versions/A/Frameworks/Print.framework/Versions/A/Print
0x0000000024c80000 	/System/Library/Frameworks/Carbon.framework/Versions/A/Frameworks/SecurityHI.framework/Versions/A/SecurityHI
0x00000001103b0000 	/Library/Java/JavaVirtualMachines/jdk1.8.0_131.jdk/Contents/Home/jre/lib/libnio.dylib
0x00000001103c0000 	/Library/Java/JavaVirtualMachines/jdk1.8.0_131.jdk/Contents/Home/jre/lib/./libnet.dylib
0x00000001104bc000 	/Library/Java/JavaVirtualMachines/jdk1.8.0_131.jdk/Contents/Home/jre/lib/libawt.dylib
0x0000000110564000 	/Library/Java/JavaVirtualMachines/jdk1.8.0_131.jdk/Contents/Home/jre/lib/./libmlib_image.dylib
0x0000000110630000 	/Library/Java/JavaVirtualMachines/jdk1.8.0_131.jdk/Contents/Home/jre/lib/libawt_lwawt.dylib
0x00000001106e7000 	/Library/Java/JavaVirtualMachines/jdk1.8.0_131.jdk/Contents/Home/jre/lib/./libosxapp.dylib
0x0000000024c80000 	/System/Library/Frameworks/ExceptionHandling.framework/Versions/A/ExceptionHandling
0x0000000024c80000 	/System/Library/PrivateFrameworks/CoreServicesInternal.framework/Versions/A/CoreServicesInternal
0x0000000024c80000 	/System/Library/CoreServices/RawCamera.bundle/Contents/MacOS/RawCamera
0x0000000110c8c000 	/System/Library/Frameworks/Accelerate.framework/Frameworks/vImage.framework/Versions/A/Libraries/libCGInterfaces.dylib
0x0000000024c80000 	/System/Library/Frameworks/ApplicationServices.framework/Versions/A/Frameworks/ATS.framework/Versions/A/Resources/libTrueTypeScaler.dylib
0x0000000112211000 	/System/Library/Frameworks/OpenGL.framework/Resources/GLEngine.bundle/GLEngine
0x0000000024c80000 	/System/Library/Frameworks/OpenGL.framework/Versions/A/Libraries/libGLProgrammability.dylib
0x00000001123f6000 	/System/Library/Extensions/AppleIntelBDWGraphicsGLDriver.bundle/Contents/MacOS/AppleIntelBDWGraphicsGLDriver
0x0000000024c80000 	/System/Library/PrivateFrameworks/GPUSupport.framework/Versions/A/Libraries/libGPUSupportMercury.dylib
0x0000000112b60000 	/System/Library/Frameworks/OpenGL.framework/Resources//GLRendererFloat.bundle/GLRendererFloat
0x0000000024c80000 	/System/Library/Frameworks/OpenCL.framework/Versions/A/Libraries/libcldcpuengine.dylib
0x0000000024c80000 	/usr/lib/libcrypto.0.9.8.dylib
0x0000000024c80000 	/System/Library/PrivateFrameworks/TrustEvaluationAgent.framework/Versions/A/TrustEvaluationAgent
0x0000000112b94000 	/System/Library/Extensions/AppleIntelBDWGraphicsMTLDriver.bundle/Contents/MacOS/AppleIntelBDWGraphicsMTLDriver
0x0000000024c80000 	/System/Library/PrivateFrameworks/FamilyControls.framework/Versions/A/FamilyControls
0x0000000024c80000 	/System/Library/PrivateFrameworks/CommerceKit.framework/Versions/A/Frameworks/CommerceCore.framework/Versions/A/CommerceCore
0x0000000024c80000 	/System/Library/PrivateFrameworks/SystemAdministration.framework/Versions/A/SystemAdministration
0x0000000024c80000 	/System/Library/PrivateFrameworks/AppContainer.framework/Versions/A/AppContainer
0x0000000024c80000 	/System/Library/PrivateFrameworks/SecCodeWrapper.framework/Versions/A/SecCodeWrapper
0x0000000024c80000 	/System/Library/Frameworks/DirectoryService.framework/Versions/A/DirectoryService
0x0000000024c80000 	/System/Library/PrivateFrameworks/DiskImages.framework/Versions/A/DiskImages
0x0000000024c80000 	/System/Library/PrivateFrameworks/LoginUIKit.framework/Versions/A/Frameworks/LoginUICore.framework/Versions/A/LoginUICore
0x0000000024c80000 	/usr/lib/libCoreStorage.dylib
0x0000000024c80000 	/usr/lib/libcsfde.dylib
0x0000000024c80000 	/usr/lib/libodfde.dylib
0x0000000024c80000 	/System/Library/Frameworks/DiscRecording.framework/Versions/A/DiscRecording
0x0000000024c80000 	/usr/lib/libcurl.4.dylib
0x0000000024c80000 	/System/Library/PrivateFrameworks/MediaKit.framework/Versions/A/MediaKit
0x0000000024c80000 	/System/Library/PrivateFrameworks/ProtectedCloudStorage.framework/Versions/A/ProtectedCloudStorage
0x0000000024c80000 	/System/Library/PrivateFrameworks/EFILogin.framework/Versions/A/EFILogin
0x0000000024c80000 	/usr/lib/libutil.dylib
0x0000000024c80000 	/System/Library/Frameworks/LDAP.framework/Versions/A/LDAP
0x0000000024c80000 	/usr/lib/libsasl2.2.dylib
0x0000000024c80000 	/System/Library/PrivateFrameworks/CoreDaemon.framework/Versions/B/CoreDaemon
0x0000000024c80000 	/System/Library/PrivateFrameworks/AppleSRP.framework/Versions/A/AppleSRP
0x0000000024c80000 	/System/Library/PrivateFrameworks/APFS.framework/Versions/A/APFS
0x0000000024c80000 	/System/Library/PrivateFrameworks/ViewBridge.framework/Versions/A/ViewBridge
0x0000000024c80000 	/System/Library/PrivateFrameworks/XPCService.framework/Versions/A/XPCService
0x0000000024c80000 	/System/Library/PrivateFrameworks/AppSandbox.framework/Versions/A/AppSandbox
0x0000000024c80000 	/usr/lib/libsandbox.1.dylib
0x0000000024c80000 	/usr/lib/libMatch.1.dylib
0x0000000123d21000 	/Library/Java/JavaVirtualMachines/jdk1.8.0_131.jdk/Contents/Home/jre/lib/libsplashscreen.dylib
0x0000000123d7a000 	/Library/Java/JavaVirtualMachines/jdk1.8.0_131.jdk/Contents/Home/jre/lib/libfontmanager.dylib
0x0000000112d5f000 	/Library/Java/JavaVirtualMachines/jdk1.8.0_131.jdk/Contents/Home/jre/lib/libosxui.dylib
0x0000000111e0d000 	/Applications/NetBeans/Apache NetBeans 11.1.app/Contents/Resources/NetBeans/platform/modules/lib/libjnidispatch-440.jnilib
0x0000000111dec000 	/Library/Java/JavaVirtualMachines/jdk1.8.0_131.jdk/Contents/Home/jre/lib/libmanagement.dylib
0x00000001257b4000 	/Library/Java/JavaVirtualMachines/jdk1.8.0_131.jdk/Contents/Home/jre/lib/libdcpr.dylib
0x0000000125f0b000 	/Library/Java/JavaVirtualMachines/jdk1.8.0_131.jdk/Contents/Home/jre/lib/libjpeg.dylib
0x0000000125a08000 	/Library/Java/JavaVirtualMachines/jdk1.8.0_131.jdk/Contents/Home/jre/lib/libsunec.dylib
0x0000000024c80000 	/System/Library/PrivateFrameworks/CloudDocs.framework/Versions/A/CloudDocs
0x0000000024c80000 	/System/Library/Frameworks/CloudKit.framework/Versions/A/CloudKit
0x0000000024c80000 	/System/Library/PrivateFrameworks/MMCS.framework/Versions/A/MMCS
0x0000000024c80000 	/System/Library/Frameworks/CoreLocation.framework/Versions/A/CoreLocation
0x0000000024c80000 	/System/Library/PrivateFrameworks/AssetCacheServices.framework/Versions/A/AssetCacheServices
0x0000000024c80000 	/System/Library/PrivateFrameworks/GeoServices.framework/Versions/A/GeoServices

VM Arguments:
jvm_args: -Djdk.home=/Library/Java/JavaVirtualMachines/jdk1.8.0_131.jdk/Contents/Home -Dnetbeans.default_userdir_root=/Users/dthurston/Library/Application Support/NetBeans -Dnetbeans.dirs=/Applications/NetBeans/Apache NetBeans 11.1.app/Contents/Resources/NetBeans/nb:/Applications/NetBeans/Apache NetBeans 11.1.app/Contents/Resources/NetBeans/ergonomics:/Applications/NetBeans/Apache NetBeans 11.1.app/Contents/Resources/NetBeans/ide:/Applications/NetBeans/Apache NetBeans 11.1.app/Contents/Resources/NetBeans/extide:/Applications/NetBeans/Apache NetBeans 11.1.app/Contents/Resources/NetBeans/java:/Applications/NetBeans/Apache NetBeans 11.1.app/Contents/Resources/NetBeans/apisupport:/Applications/NetBeans/Apache NetBeans 11.1.app/Contents/Resources/NetBeans/webcommon:/Applications/NetBeans/Apache NetBeans 11.1.app/Contents/Resources/NetBeans/websvccommon:/Applications/NetBeans/Apache NetBeans 11.1.app/Contents/Resources/NetBeans/enterprise:/Applications/NetBeans/Apache NetBeans 11.1.app/Contents/Resources/NetBeans/mobility:/Applications/NetBeans/Apache NetBeans 11.1.app/Contents/Resources/NetBeans/profiler:/Applications/NetBeans/Apache NetBeans 11.1.app/Contents/Resources/NetBeans/python:/Applications/NetBeans/Apache NetBeans 11.1.app/Contents/Resources/NetBeans/php:/Applications/NetBeans/Apache NetBeans 11.1.app/Contents/Resources/NetBeans/identity:/Applications/NetBeans/Apache NetBeans 11.1.app/Contents/Resources/NetBeans/harness:/Applications/NetBeans/Apache NetBeans 11.1.app/Contents/Resources/NetBeans/cnd:/Applications/NetBeans/Apache NetBeans 11.1.app/Contents/Resources/NetBeans/cndext:/Applications/NetBeans/Apache NetBeans 11.1.app/Contents/Resources/NetBeans/dlight:/Applications/NetBeans/Apache NetBeans 11.1.app/Contents/Resources/NetBeans/groovy:/Applications/NetBeans/Apache NetBeans 11.1.app/Contents/Resources/NetBeans/extra:/Applications/NetBeans/Apache NetBeans 11.1.app/Contents/Resources/NetBeans/javacard:/Applications/NetBeans/Apache NetBeans 11.1.app/Contents/Resources/NetBeans/javafx: -Dnetbeans.home=/Applications/NetBeans/Apache NetBeans 11.1.app/Contents/Resources/NetBeans/platform -Dnetbeans.importclass=org.netbeans.upgrade.AutoUpgrade -XX:+UseStringDeduplication -Xss2m -Djdk.gtk.version=2.2 -Dapple.laf.useScreenMenuBar=true -Dapple.awt.graphics.UseQuartz=true -Dsun.java2d.noddraw=true -Dsun.java2d.dpiaware=true -Dsun.zip.disableMemoryMapping=true -Dplugin.manager.check.updates=false -Dnetbeans.extbrowser.manual_chrome_plugin_install=yes --add-opens=java.base/java.net=ALL-UNNAMED --add-opens=java.base/java.lang.ref=ALL-UNNAMED --add-opens=java.base/java.lang=ALL-UNNAMED --add-opens=java.base/java.security=ALL-UNNAMED --add-opens=java.base/java.util=ALL-UNNAMED --add-opens=java.desktop/javax.swing.plaf.basic=ALL-UNNAMED --add-opens=java.desktop/javax.swing.text=ALL-UNNAMED --add-opens=java.desktop/javax.swing=ALL-UNNAMED --add-opens=java.desktop/java.awt=ALL-UNNAMED --add-opens=java.desktop/java.awt.event=ALL-UNNAMED --add-opens=java.prefs/java.util.prefs=ALL-UNNAMED --add-opens=jdk.jshell/jdk.jshell=ALL-UNNAMED --add-modules=jdk.jshell --add-exports=java.desktop/sun.awt=ALL-UNNAMED --add-exports=java.desktop/java.awt.peer=ALL-UNNAMED --add-exports=java.desktop/com.sun.beans.editors=ALL-UNNAMED --add-exports=java.desktop/sun.swing=ALL-UNNAMED --add-exports=java.desktop/sun.awt.im=ALL-UNNAMED --add-exports=jdk.internal.jvmstat/sun.jvmstat.monitor=ALL-UNNAMED --add-exports=java.management/sun.management=ALL-UNNAMED --add-exports=java.base/sun.reflect.annotation=ALL-UNNAMED --add-exports=jdk.javadoc/com.sun.tools.javadoc.main=ALL-UNNAMED -XX:+IgnoreUnrecognizedVMOptions -XX:+HeapDumpOnOutOfMemoryError -XX:HeapDumpPath=/Users/dthurston/Library/Application Support/NetBeans/11.1/var/log/heapdump.hprof 
java_command: org.netbeans.Main --cachedir /Users/dthurston/Library/Caches/NetBeans/11.1 --userdir /Users/dthurston/Library/Application Support/NetBeans/11.1 --branding nb
java_class_path (initial): /Applications/NetBeans/Apache NetBeans 11.1.app/Contents/Resources/NetBeans/platform/lib/boot.jar:/Applications/NetBeans/Apache NetBeans 11.1.app/Contents/Resources/NetBeans/platform/lib/org-openide-modules.jar:/Applications/NetBeans/Apache NetBeans 11.1.app/Contents/Resources/NetBeans/platform/lib/org-openide-util-lookup.jar:/Applications/NetBeans/Apache NetBeans 11.1.app/Contents/Resources/NetBeans/platform/lib/org-openide-util-ui.jar:/Applications/NetBeans/Apache NetBeans 11.1.app/Contents/Resources/NetBeans/platform/lib/org-openide-util.jar:/Library/Java/JavaVirtualMachines/jdk1.8.0_131.jdk/Contents/Home/lib/dt.jar:/Library/Java/JavaVirtualMachines/jdk1.8.0_131.jdk/Contents/Home/lib/tools.jar
Launcher Type: SUN_STANDARD

Environment Variables:
PATH=/Library/Frameworks/Python.framework/Versions/3.6/bin:/Users/dthurston/.rbenv/shims:/Library/Frameworks/Python.framework/Versions/2.7/bin:/usr/local/bin:/usr/bin:/bin:/usr/sbin:/sbin:/Library/Frameworks/Mono.framework/Versions/Current/Commands:/Applications/Wireshark.app/Contents/MacOS:/Users/dthurston/Projects
SHELL=/bin/bash

Signal Handlers:
SIGSEGV: [libjvm.dylib+0x5b1eb1], sa_mask[0]=11111111011111110111111111111111, sa_flags=SA_ONSTACK|SA_RESTART|SA_SIGINFO
SIGBUS: [libjvm.dylib+0x5b1eb1], sa_mask[0]=11111111011111110111111111111111, sa_flags=SA_RESTART|SA_SIGINFO
SIGFPE: [libjvm.dylib+0x488988], sa_mask[0]=11111111011111110111111111111111, sa_flags=SA_RESTART|SA_SIGINFO
SIGPIPE: [libjvm.dylib+0x488988], sa_mask[0]=11111111011111110111111111111111, sa_flags=SA_RESTART|SA_SIGINFO
SIGXFSZ: [libjvm.dylib+0x488988], sa_mask[0]=11111111011111110111111111111111, sa_flags=SA_RESTART|SA_SIGINFO
SIGILL: [libjvm.dylib+0x488988], sa_mask[0]=11111111011111110111111111111111, sa_flags=SA_RESTART|SA_SIGINFO
SIGUSR1: SIG_DFL, sa_mask[0]=11011111011111100000000111000110, sa_flags=none
SIGUSR2: [libjvm.dylib+0x4884a6], sa_mask[0]=00000000000000000000000000000000, sa_flags=SA_RESTART|SA_SIGINFO
SIGHUP: [libjvm.dylib+0x486a7d], sa_mask[0]=11111111011111110111111111111111, sa_flags=SA_RESTART|SA_SIGINFO
SIGINT: SIG_IGN, sa_mask[0]=00000000000000000000000000000000, sa_flags=none
SIGTERM: [libjvm.dylib+0x486a7d], sa_mask[0]=11111111011111110111111111111111, sa_flags=SA_RESTART|SA_SIGINFO
SIGQUIT: [libjvm.dylib+0x486a7d], sa_mask[0]=11111111011111110111111111111111, sa_flags=SA_RESTART|SA_SIGINFO


---------------  S Y S T E M  ---------------

OS:Bsduname:Darwin 16.7.0 Darwin Kernel Version 16.7.0: Sun Jun  2 20:26:31 PDT 2019; root:xnu-3789.73.50~1/RELEASE_X86_64 x86_64
rlimit: STACK 8192k, CORE 0k, NPROC 709, NOFILE 10240, AS infinity
load average:1.69 1.95 1.84

CPU:total 4 (initial active 4) (2 cores per cpu, 2 threads per core) family 6 model 61 stepping 4, cmov, cx8, fxsr, mmx, sse, sse2, sse3, ssse3, sse4.1, sse4.2, popcnt, avx, avx2, aes, clmul, erms, rtm, 3dnowpref, lzcnt, ht, tsc, tscinvbit, bmi1, bmi2, adx

Memory: 4k page, physical 8388608k(25912k free)

/proc/meminfo:


vm_info: Java HotSpot(TM) 64-Bit Server VM (25.131-b11) for bsd-amd64 JRE (1.8.0_131-b11), built on Mar 15 2017 01:32:22 by "java_re" with gcc 4.2.1 (Based on Apple Inc. build 5658) (LLVM build 2336.11.00)

time: Wed Apr 15 14:09:45 2020
elapsed time: 83280 seconds (0d 23h 8m 0s)

