#
# A fatal error has been detected by the Java Runtime Environment:
#
#  SIGSEGV (0xb) at pc=0x00000001253a03bf, pid=49135, tid=0x000000000000dc1f
#
# JRE version: Java(TM) SE Runtime Environment (8.0_131-b11) (build 1.8.0_131-b11)
# Java VM: Java HotSpot(TM) 64-Bit Server VM (25.131-b11 mixed mode bsd-amd64 compressed oops)
# Problematic frame:
# C  [libawt_lwawt.dylib+0x1c3bf]  OGLSD_SetScratchSurface+0x49
#
# Failed to write core dump. Core dumps have been disabled. To enable core dumping, try "ulimit -c unlimited" before starting Java again
#
# If you would like to submit a bug report, please visit:
#   http://bugreport.java.com/bugreport/crash.jsp
# The crash happened outside the Java Virtual Machine in native code.
# See problematic frame for where to report the bug.
#

---------------  T H R E A D  ---------------

Current thread (0x00007fb27b98f000):  JavaThread "Java2D Queue Flusher" daemon [_thread_in_native, id=56351, stack(0x000070000b3ab000,0x000070000b5ab000)]

siginfo: si_signo: 11 (SIGSEGV), si_code: 1 (SEGV_MAPERR), si_addr: 0x0000000000000002

Registers:
RAX=0x00000001253c0d0e, RBX=0x0000000000000002, RCX=0x0000000000000047, RDX=0x00000001253c1258
RSP=0x000070000b5aa810, RBP=0x000070000b5aa830, RSI=0x00007fb284fea7f0, RDI=0x00007fb27b98f1f8
R8 =0x00000000e824ce6a, R9 =0x0000000000000000, R10=0x000000010ccc4ab8, R11=0x0000000000000020
R12=0x0000000000000000, R13=0x00000007412673d0, R14=0x00007fb27b98f1f8, R15=0x00007fb27b98f000
RIP=0x00000001253a03bf, EFLAGS=0x0000000000010202, ERR=0x0000000000000004
  TRAPNO=0x000000000000000e

Top of Stack: (sp=0x000070000b5aa810)
0x000070000b5aa810:   00007fb284fea7f0 0000000000000000
0x000070000b5aa820:   00007fb27c0f2010 00007fb27b98f000
0x000070000b5aa830:   000070000b5aa8b0 00000001253c0d36
0x000070000b5aa840:   0000000000000064 00007fb27a703b88
0x000070000b5aa850:   000070000b5aa8b0 000000010adb0094
0x000070000b5aa860:   0000000000000005 00007fb27b98f000
0x000070000b5aa870:   0000000741267301 00007fb27c0f2020
0x000070000b5aa880:   00007000005aa800 00007fb27b98f1f8
0x000070000b5aa890:   0000000000000000 0000000000000000
0x000070000b5aa8a0:   000070000b5aa840 00007fb27b98f000
0x000070000b5aa8b0:   000070000b5aa900 000000010ccc4b2a
0x000070000b5aa8c0:   0000000741267338 0000000100000000
0x000070000b5aa8d0:   00007fb26db71fc0 0000000000000001
0x000070000b5aa8e0:   0000000000000000 00000007412673d0
0x000070000b5aa8f0:   000070000b5aa960 00007fb27b98f000
0x000070000b5aa900:   00000000e824ce67 000000011275d194
0x000070000b5aa910:   0000000741267338 0000000000000000
0x000070000b5aa920:   00000007412673d0 0000000000000000
0x000070000b5aa930:   00000007412673d0 000070000b5aa9d0
0x000070000b5aa940:   0000000000000001 0000000000000000
0x000070000b5aa950:   000070000b5aa9d0 000000010ba037a7
0x000070000b5aa960:   00000007412673d0 00000007412673d0
0x000070000b5aa970:   0000700000001fa0 000000000000000a
0x000070000b5aa980:   00007fb27b98f000 0000000000000001
0x000070000b5aa990:   000000010ba0371f 000000011f575f00
0x000070000b5aa9a0:   000070000b5aaa68 000070000b5aad00
0x000070000b5aa9b0:   000000010000000a 000000011f575f00
0x000070000b5aa9c0:   000000010ba16120 000070000b5aac70
0x000070000b5aa9d0:   000070000b5aab80 000000010ad4e5b6
0x000070000b5aa9e0:   0000700000000001 00007fb27b98f000
0x000070000b5aa9f0:   00007fb27b98f000 000070000b5aad00
0x000070000b5aaa00:   00007fb27a703b80 000000010ba16120 

Instructions: (pc=0x00000001253a03bf)
0x00000001253a039f:   c0 e9 82 00 00 00 48 8b 5e 10 48 85 db 75 0e bf
0x00000001253a03af:   01 00 00 00 48 8d 15 07 7c 03 00 eb d6 49 89 fe
0x00000001253a03bf:   4c 8b 3b 30 c0 e8 c1 a6 02 00 49 8b 3f 49 89 c4
0x00000001253a03cf:   48 8b 35 4a 03 06 00 30 c0 e8 0f a8 02 00 48 85 

Register to memory mapping:

RAX=0x00000001253c0d0e: Java_sun_java2d_opengl_OGLRenderQueue_flushBuffer+0x612 in /Library/Java/JavaVirtualMachines/jdk1.8.0_131.jdk/Contents/Home/jre/lib/libawt_lwawt.dylib at 0x0000000125384000
RBX=0x0000000000000002 is an unknown value
RCX=0x0000000000000047 is an unknown value
RDX=0x00000001253c1258: Java_sun_java2d_opengl_OGLRenderQueue_flushBuffer+0xb5c in /Library/Java/JavaVirtualMachines/jdk1.8.0_131.jdk/Contents/Home/jre/lib/libawt_lwawt.dylib at 0x0000000125384000
RSP=0x000070000b5aa810 is pointing into the stack for thread: 0x00007fb27b98f000
RBP=0x000070000b5aa830 is pointing into the stack for thread: 0x00007fb27b98f000
RSI=0x00007fb284fea7f0 is an unknown value
RDI=0x00007fb27b98f1f8 is an unknown value
R8 =0x00000000e824ce6a is an unknown value
R9 =0x0000000000000000 is an unknown value
R10=0x000000010ccc4ab8 is at entry_point+56 in (nmethod*)0x000000010ccc4910
R11=0x0000000000000020 is an unknown value
R12=0x0000000000000000 is an unknown value
R13=0x00000007412673d0 is an oop
sun.java2d.opengl.OGLRenderQueue$QueueFlusher 
 - klass: 'sun/java2d/opengl/OGLRenderQueue$QueueFlusher'
R14=0x00007fb27b98f1f8 is an unknown value
R15=0x00007fb27b98f000 is a thread


Stack: [0x000070000b3ab000,0x000070000b5ab000],  sp=0x000070000b5aa810,  free space=2046k
Native frames: (J=compiled Java code, j=interpreted, Vv=VM code, C=native code)
C  [libawt_lwawt.dylib+0x1c3bf]  OGLSD_SetScratchSurface+0x49
C  [libawt_lwawt.dylib+0x3cd36]  Java_sun_java2d_opengl_OGLRenderQueue_flushBuffer+0x63a
J 8698  sun.java2d.opengl.OGLRenderQueue.flushBuffer(JI)V (0 bytes) @ 0x000000010ccc4b2a [0x000000010ccc4a80+0xaa]
J 43171% C2 sun.java2d.opengl.OGLRenderQueue$QueueFlusher.run()V (234 bytes) @ 0x000000011275d194 [0x000000011275d0c0+0xd4]
v  ~StubRoutines::call_stub
V  [libjvm.dylib+0x2ee5b6]
V  [libjvm.dylib+0x2eed5a]
V  [libjvm.dylib+0x2eef06]
V  [libjvm.dylib+0x34965d]
V  [libjvm.dylib+0x56b87f]
V  [libjvm.dylib+0x56cf6c]
V  [libjvm.dylib+0x48b376]
C  [libsystem_pthread.dylib+0x393b]  _pthread_body+0xb4
C  [libsystem_pthread.dylib+0x3887]  _pthread_body+0x0
C  [libsystem_pthread.dylib+0x308d]  thread_start+0xd
C  0x0000000000000000

Java frames: (J=compiled Java code, j=interpreted, Vv=VM code)
J 8698  sun.java2d.opengl.OGLRenderQueue.flushBuffer(JI)V (0 bytes) @ 0x000000010ccc4ab8 [0x000000010ccc4a80+0x38]
J 43171% C2 sun.java2d.opengl.OGLRenderQueue$QueueFlusher.run()V (234 bytes) @ 0x000000011275d194 [0x000000011275d0c0+0xd4]
v  ~StubRoutines::call_stub

---------------  P R O C E S S  ---------------

Java Threads: ( => current thread )
  0x00007fb27b4a4800 JavaThread "Refresh-After-WindowActivated" daemon [_thread_in_native, id=4631, stack(0x000070000afa5000,0x000070000b1a5000)]
  0x00007fb282333800 JavaThread "Inactive RequestProcessor thread [Was:org.remikz.netbeans.AutoSaveModified.AutoSaveModified/org.remikz.netbeans.AutoSaveModified.AutoSaveModified]" daemon [_thread_blocked, id=86499, stack(0x000070000ada2000,0x000070000afa2000)]
  0x00007fb287010800 JavaThread "Inactive RequestProcessor thread [Was:org.netbeans.modules.lsp.client.bindings.TextDocumentSyncServerCapabilityHandler/org.netbeans.modules.lsp.client.bindings.TextDocumentSyncServerCapabilityHandler$$Lambda$243/2072258559]" daemon [_thread_blocked, id=85967, stack(0x000070000c243000,0x000070000c443000)]
  0x00007fb282d2d800 JavaThread "DestroyJavaVM" [_thread_blocked, id=6915, stack(0x0000700009263000,0x0000700009463000)]
  0x00007fb27b1d4000 JavaThread "TimerQueue" daemon [_thread_blocked, id=81667, stack(0x000070000d661000,0x000070000d861000)]
  0x00007fb27ad9a000 JavaThread "Worker-JM" [_thread_blocked, id=80907, stack(0x000070000d45e000,0x000070000d65e000)]
  0x00007fb27aff7800 JavaThread "Framework Event Dispatcher" daemon [_thread_blocked, id=80387, stack(0x000070000d25b000,0x000070000d45b000)]
  0x00007fb283028000 JavaThread "Deadlock Detector" [_thread_blocked, id=79875, stack(0x000070000d058000,0x000070000d258000)]
  0x00007fb28289c000 JavaThread "Thread-3" daemon [_thread_blocked, id=79639, stack(0x000070000ce55000,0x000070000d055000)]
  0x00007fb280a4e800 JavaThread "File Watcher" daemon [_thread_blocked, id=76055, stack(0x000070000cc52000,0x000070000ce52000)]
  0x00007fb283043000 JavaThread "Thread-1" daemon [_thread_in_native, id=74159, stack(0x000070000ca4f000,0x000070000cc4f000)]
  0x00007fb27ad99000 JavaThread "Editor Parsing Loop (netbeans-release-428-on-20190716)" daemon [_thread_blocked, id=70023, stack(0x000070000be3d000,0x000070000c03d000)]
  0x00007fb27c236000 JavaThread "State Data Manager" daemon [_thread_blocked, id=69511, stack(0x000070000bc3a000,0x000070000be3a000)]
  0x00007fb27ae26800 JavaThread "Framework Active Thread" [_thread_blocked, id=68491, stack(0x000070000ba37000,0x000070000bc37000)]
  0x00007fb27b307800 JavaThread "AWT-EventQueue-0" [_thread_blocked, id=64083, stack(0x000070000b7b1000,0x000070000b9b1000)]
  0x00007fb27b9c5000 JavaThread "Java2D Disposer" daemon [_thread_blocked, id=62467, stack(0x000070000b5ae000,0x000070000b7ae000)]
=>0x00007fb27b98f000 JavaThread "Java2D Queue Flusher" daemon [_thread_in_native, id=56351, stack(0x000070000b3ab000,0x000070000b5ab000)]
  0x00007fb27b2c5000 JavaThread "RequestProcessor queue manager" daemon [_thread_blocked, id=55863, stack(0x000070000b1a8000,0x000070000b3a8000)]
  0x00007fb27b8e0000 JavaThread "AWT-Shutdown" [_thread_blocked, id=30495, stack(0x000070000aa99000,0x000070000ac99000)]
  0x00007fb27ab3f800 JavaThread "AppKit Thread" daemon [_thread_blocked, id=775, stack(0x00007fff56231000,0x00007fff56a31000)]
  0x00007fb27b21e000 JavaThread "CLI Requests Server" daemon [_thread_in_native, id=20227, stack(0x000070000a813000,0x000070000aa13000)]
  0x00007fb27b141800 JavaThread "Active Reference Queue Daemon" daemon [_thread_blocked, id=19715, stack(0x000070000a610000,0x000070000a810000)]
  0x00007fb27b803800 JavaThread "Service Thread" daemon [_thread_blocked, id=18691, stack(0x000070000a30a000,0x000070000a50a000)]
  0x00007fb27a859800 JavaThread "C1 CompilerThread2" daemon [_thread_blocked, id=18179, stack(0x000070000a207000,0x000070000a307000)]
  0x00007fb27a855000 JavaThread "C2 CompilerThread1" daemon [_thread_blocked, id=17667, stack(0x000070000a104000,0x000070000a204000)]
  0x00007fb27a858000 JavaThread "C2 CompilerThread0" daemon [_thread_in_native, id=17155, stack(0x000070000a001000,0x000070000a101000)]
  0x00007fb27a854800 JavaThread "Signal Dispatcher" daemon [_thread_blocked, id=16643, stack(0x0000700009dfe000,0x0000700009ffe000)]
  0x00007fb27a803800 JavaThread "Finalizer" daemon [_thread_blocked, id=12291, stack(0x0000700009b78000,0x0000700009d78000)]
  0x00007fb27b02f800 JavaThread "Reference Handler" daemon [_thread_blocked, id=11779, stack(0x0000700009975000,0x0000700009b75000)]

Other Threads:
  0x00007fb27b02b000 VMThread [stack: 0x0000700009872000,0x0000700009972000] [id=11267]
  0x00007fb27b043000 WatcherThread [stack: 0x000070000a50d000,0x000070000a60d000] [id=19203]

VM state:not at safepoint (normal execution)

VM Mutex/Monitor currently owned by a thread: None

Heap:
 PSYoungGen      total 57344K, used 12027K [0x0000000795580000, 0x0000000799a00000, 0x00000007c0000000)
  eden space 46592K, 4% used [0x0000000795580000,0x0000000795779fc0,0x0000000798300000)
  from space 10752K, 93% used [0x0000000798300000,0x0000000798cc4fc0,0x0000000798d80000)
  to   space 11776K, 0% used [0x0000000798e80000,0x0000000798e80000,0x0000000799a00000)
 ParOldGen       total 460800K, used 412545K [0x0000000740000000, 0x000000075c200000, 0x0000000795580000)
  object space 460800K, 89% used [0x0000000740000000,0x00000007592e06c0,0x000000075c200000)
 Metaspace       used 148377K, capacity 170048K, committed 170136K, reserved 1196032K
  class space    used 17313K, capacity 22926K, committed 22960K, reserved 1048576K

Card table byte_map: [0x0000000109fc0000,0x000000010a3c1000] byte_map_base: 0x00000001065c0000

Marking Bits: (ParMarkBitMap*) 0x000000010b351ea0
 Begin Bits: [0x000000011aa03000, 0x000000011ca03000)
 End Bits:   [0x000000011ca03000, 0x000000011ea03000)

Polling page: 0x000000010928f000

CodeCache: size=245760Kb used=146637Kb max_used=147125Kb free=99122Kb
 bounds [0x000000010ba03000, 0x0000000114ac3000, 0x000000011aa03000]
 total_blobs=33293 nmethods=32300 adapters=896
 compilation: enabled

Compilation events (10 events):
Event: 46759.133 Thread 0x00007fb27a858000 nmethod 51111 0x000000010f11c090 code [0x000000010f11c200, 0x000000010f11c328]
Event: 47538.009 Thread 0x00007fb27a855000 51112   !   4       javax.swing.RepaintManager::addDirtyRegion0 (205 bytes)
Event: 47538.122 Thread 0x00007fb27a855000 nmethod 51112 0x0000000112f01390 code [0x0000000112f015c0, 0x0000000112f02820]
Event: 49505.734 Thread 0x00007fb27a859800 51113       3       org.eclipse.osgi.framework.util.KeyedHashSet::elements (42 bytes)
Event: 49505.799 Thread 0x00007fb27a859800 nmethod 51113 0x000000010dcc9450 code [0x000000010dcc95e0, 0x000000010dcc9990]
Event: 49634.349 Thread 0x00007fb27a855000 51114 %     4       sun.awt.datatransfer.DataTransferer::getFlavorsForFormats @ 75 (323 bytes)
Event: 49634.413 Thread 0x00007fb27a859800 51115       3       org.netbeans.modules.editor.lib2.highlighting.CaretBasedBlockHighlighting$TextSelectionHighlighting::propertyChange (19 bytes)
Event: 49634.424 Thread 0x00007fb27a859800 nmethod 51115 0x000000010bbdd610 code [0x000000010bbdd7a0, 0x000000010bbdda98]
Event: 49634.825 Thread 0x00007fb27a858000 51116       4       org.netbeans.modules.openide.explorer.ExplorerActionsImpl$ActionStateUpdater::run (49 bytes)
Event: 49635.289 Thread 0x00007fb27a855000 nmethod 51114% 0x0000000111c82f90 code [0x0000000111c83780, 0x0000000111c89558]

GC Heap History (10 events):
Event: 45127.204 GC heap before
{Heap before GC invocations=666 (full 5):
 PSYoungGen      total 57344K, used 53553K [0x0000000795580000, 0x0000000799800000, 0x00000007c0000000)
  eden space 47616K, 100% used [0x0000000795580000,0x0000000798400000,0x0000000798400000)
  from space 9728K, 61% used [0x0000000798e80000,0x000000079944c640,0x0000000799800000)
  to   space 10240K, 0% used [0x0000000798400000,0x0000000798400000,0x0000000798e00000)
 ParOldGen       total 460800K, used 411567K [0x0000000740000000, 0x000000075c200000, 0x0000000795580000)
  object space 460800K, 89% used [0x0000000740000000,0x00000007591ebf00,0x000000075c200000)
 Metaspace       used 148366K, capacity 170048K, committed 170136K, reserved 1196032K
  class space    used 17311K, capacity 22926K, committed 22960K, reserved 1048576K
Event: 45127.562 GC heap after
Heap after GC invocations=666 (full 5):
 PSYoungGen      total 57856K, used 6258K [0x0000000795580000, 0x0000000799800000, 0x00000007c0000000)
  eden space 47616K, 0% used [0x0000000795580000,0x0000000795580000,0x0000000798400000)
  from space 10240K, 61% used [0x0000000798400000,0x0000000798a1c958,0x0000000798e00000)
  to   space 10240K, 0% used [0x0000000798e00000,0x0000000798e00000,0x0000000799800000)
 ParOldGen       total 460800K, used 411767K [0x0000000740000000, 0x000000075c200000, 0x0000000795580000)
  object space 460800K, 89% used [0x0000000740000000,0x000000075921df00,0x000000075c200000)
 Metaspace       used 148366K, capacity 170048K, committed 170136K, reserved 1196032K
  class space    used 17311K, capacity 22926K, committed 22960K, reserved 1048576K
}
Event: 45138.135 GC heap before
{Heap before GC invocations=667 (full 5):
 PSYoungGen      total 57856K, used 53874K [0x0000000795580000, 0x0000000799800000, 0x00000007c0000000)
  eden space 47616K, 100% used [0x0000000795580000,0x0000000798400000,0x0000000798400000)
  from space 10240K, 61% used [0x0000000798400000,0x0000000798a1c958,0x0000000798e00000)
  to   space 10240K, 0% used [0x0000000798e00000,0x0000000798e00000,0x0000000799800000)
 ParOldGen       total 460800K, used 411767K [0x0000000740000000, 0x000000075c200000, 0x0000000795580000)
  object space 460800K, 89% used [0x0000000740000000,0x000000075921df00,0x000000075c200000)
 Metaspace       used 148366K, capacity 170048K, committed 170136K, reserved 1196032K
  class space    used 17311K, capacity 22926K, committed 22960K, reserved 1048576K
Event: 45138.151 GC heap after
Heap after GC invocations=667 (full 5):
 PSYoungGen      total 57856K, used 5873K [0x0000000795580000, 0x0000000799800000, 0x00000007c0000000)
  eden space 47616K, 0% used [0x0000000795580000,0x0000000795580000,0x0000000798400000)
  from space 10240K, 57% used [0x0000000798e00000,0x00000007993bc528,0x0000000799800000)
  to   space 10240K, 0% used [0x0000000798400000,0x0000000798400000,0x0000000798e00000)
 ParOldGen       total 460800K, used 411919K [0x0000000740000000, 0x000000075c200000, 0x0000000795580000)
  object space 460800K, 89% used [0x0000000740000000,0x0000000759243f00,0x000000075c200000)
 Metaspace       used 148366K, capacity 170048K, committed 170136K, reserved 1196032K
  class space    used 17311K, capacity 22926K, committed 22960K, reserved 1048576K
}
Event: 45138.795 GC heap before
{Heap before GC invocations=668 (full 5):
 PSYoungGen      total 57856K, used 53489K [0x0000000795580000, 0x0000000799800000, 0x00000007c0000000)
  eden space 47616K, 100% used [0x0000000795580000,0x0000000798400000,0x0000000798400000)
  from space 10240K, 57% used [0x0000000798e00000,0x00000007993bc528,0x0000000799800000)
  to   space 10240K, 0% used [0x0000000798400000,0x0000000798400000,0x0000000798e00000)
 ParOldGen       total 460800K, used 411919K [0x0000000740000000, 0x000000075c200000, 0x0000000795580000)
  object space 460800K, 89% used [0x0000000740000000,0x0000000759243f00,0x000000075c200000)
 Metaspace       used 148366K, capacity 170048K, committed 170136K, reserved 1196032K
  class space    used 17311K, capacity 22926K, committed 22960K, reserved 1048576K
Event: 45138.811 GC heap after
Heap after GC invocations=668 (full 5):
 PSYoungGen      total 53760K, used 5648K [0x0000000795580000, 0x0000000799700000, 0x00000007c0000000)
  eden space 47616K, 0% used [0x0000000795580000,0x0000000795580000,0x0000000798400000)
  from space 6144K, 91% used [0x0000000798400000,0x00000007989840f8,0x0000000798a00000)
  to   space 9728K, 0% used [0x0000000798d80000,0x0000000798d80000,0x0000000799700000)
 ParOldGen       total 460800K, used 412031K [0x0000000740000000, 0x000000075c200000, 0x0000000795580000)
  object space 460800K, 89% used [0x0000000740000000,0x000000075925ff10,0x000000075c200000)
 Metaspace       used 148366K, capacity 170048K, committed 170136K, reserved 1196032K
  class space    used 17311K, capacity 22926K, committed 22960K, reserved 1048576K
}
Event: 45449.842 GC heap before
{Heap before GC invocations=669 (full 5):
 PSYoungGen      total 53760K, used 53264K [0x0000000795580000, 0x0000000799700000, 0x00000007c0000000)
  eden space 47616K, 100% used [0x0000000795580000,0x0000000798400000,0x0000000798400000)
  from space 6144K, 91% used [0x0000000798400000,0x00000007989840f8,0x0000000798a00000)
  to   space 9728K, 0% used [0x0000000798d80000,0x0000000798d80000,0x0000000799700000)
 ParOldGen       total 460800K, used 412031K [0x0000000740000000, 0x000000075c200000, 0x0000000795580000)
  object space 460800K, 89% used [0x0000000740000000,0x000000075925ff10,0x000000075c200000)
 Metaspace       used 148372K, capacity 170048K, committed 170136K, reserved 1196032K
  class space    used 17313K, capacity 22926K, committed 22960K, reserved 1048576K
Event: 45450.031 GC heap after
Heap after GC invocations=669 (full 5):
 PSYoungGen      total 56320K, used 9719K [0x0000000795580000, 0x0000000799900000, 0x00000007c0000000)
  eden space 46592K, 0% used [0x0000000795580000,0x0000000795580000,0x0000000798300000)
  from space 9728K, 99% used [0x0000000798d80000,0x00000007996fdc40,0x0000000799700000)
  to   space 10752K, 0% used [0x0000000798300000,0x0000000798300000,0x0000000798d80000)
 ParOldGen       total 460800K, used 412461K [0x0000000740000000, 0x000000075c200000, 0x0000000795580000)
  object space 460800K, 89% used [0x0000000740000000,0x00000007592cb6b0,0x000000075c200000)
 Metaspace       used 148372K, capacity 170048K, committed 170136K, reserved 1196032K
  class space    used 17313K, capacity 22926K, committed 22960K, reserved 1048576K
}
Event: 49636.018 GC heap before
{Heap before GC invocations=670 (full 5):
 PSYoungGen      total 56320K, used 56311K [0x0000000795580000, 0x0000000799900000, 0x00000007c0000000)
  eden space 46592K, 100% used [0x0000000795580000,0x0000000798300000,0x0000000798300000)
  from space 9728K, 99% used [0x0000000798d80000,0x00000007996fdc40,0x0000000799700000)
  to   space 10752K, 0% used [0x0000000798300000,0x0000000798300000,0x0000000798d80000)
 ParOldGen       total 460800K, used 412461K [0x0000000740000000, 0x000000075c200000, 0x0000000795580000)
  object space 460800K, 89% used [0x0000000740000000,0x00000007592cb6b0,0x000000075c200000)
 Metaspace       used 148377K, capacity 170048K, committed 170136K, reserved 1196032K
  class space    used 17313K, capacity 22926K, committed 22960K, reserved 1048576K
Event: 49636.222 GC heap after
Heap after GC invocations=670 (full 5):
 PSYoungGen      total 57344K, used 10003K [0x0000000795580000, 0x0000000799a00000, 0x00000007c0000000)
  eden space 46592K, 0% used [0x0000000795580000,0x0000000795580000,0x0000000798300000)
  from space 10752K, 93% used [0x0000000798300000,0x0000000798cc4fc0,0x0000000798d80000)
  to   space 11776K, 0% used [0x0000000798e80000,0x0000000798e80000,0x0000000799a00000)
 ParOldGen       total 460800K, used 412545K [0x0000000740000000, 0x000000075c200000, 0x0000000795580000)
  object space 460800K, 89% used [0x0000000740000000,0x00000007592e06c0,0x000000075c200000)
 Metaspace       used 148377K, capacity 170048K, committed 170136K, reserved 1196032K
  class space    used 17313K, capacity 22926K, committed 22960K, reserved 1048576K
}

Deoptimization events (10 events):
Event: 44425.768 Thread 0x00007fb27b307800 Uncommon trap: reason=unstable_if action=reinterpret pc=0x000000010bcc4538 method=org.netbeans.modules.editor.lib2.highlighting.CaretBasedBlockHighlighting$TextSelectionHighlighting.propertyChange(Ljava/beans/PropertyChangeEvent;)V @ 15
Event: 45138.102 Thread 0x00007fb27b307800 Uncommon trap: reason=unstable_if action=reinterpret pc=0x000000010f11f794 method=sun.awt.image.SunVolatileImage.getFont()Ljava/awt/Font; @ 19
Event: 45146.926 Thread 0x00007fb27b307800 Uncommon trap: reason=unstable_if action=reinterpret pc=0x000000010e1581cc method=javax.swing.RepaintManager.addDirtyRegion0(Ljava/awt/Container;IIII)V @ 108
Event: 45163.129 Thread 0x00007fb27b98f000 Uncommon trap: reason=class_check action=maybe_recompile pc=0x000000011275d840 method=sun.java2d.opengl.OGLRenderQueue$QueueFlusher.run()V @ 95
Event: 45163.216 Thread 0x00007fb27b307800 Uncommon trap: reason=unstable_if action=reinterpret pc=0x00000001120dce04 method=java.awt.Component.updateGraphicsData(Ljava/awt/GraphicsConfiguration;)Z @ 25
Event: 45163.235 Thread 0x00007fb27ab3f800 Uncommon trap: reason=null_check action=make_not_entrant pc=0x0000000112cbbefc method=sun.java2d.pipe.BufferedContext.validate(Lsun/java2d/pipe/hw/AccelSurface;Lsun/java2d/pipe/hw/AccelSurface;Lsun/java2d/pipe/Region;Ljava/awt/Composite;Ljava/awt/geom/Aff
Event: 45163.238 Thread 0x00007fb27ab3f800 Uncommon trap: reason=null_check action=make_not_entrant pc=0x000000010cd7bb2c method=java.awt.geom.AffineTransform.equals(Ljava/lang/Object;)Z @ 1
Event: 46635.479 Thread 0x00007fb27b98f000 Uncommon trap: reason=class_check action=maybe_recompile pc=0x000000011275d840 method=sun.java2d.opengl.OGLRenderQueue$QueueFlusher.run()V @ 95
Event: 49634.578 Thread 0x00007fb27b307800 Uncommon trap: reason=null_check action=make_not_entrant pc=0x000000010e94784c method=javax.swing.RepaintManager.getVolatileOffscreenBuffer(Ljava/awt/Component;II)Ljava/awt/Image; @ 172
Event: 49634.633 Thread 0x00007fb27b307800 Uncommon trap: reason=unstable_if action=reinterpret pc=0x000000010d2a16d4 method=sun.java2d.StateTrackableDelegate.getStateTracker()Lsun/java2d/StateTracker; @ 6

Internal exceptions (10 events):
Event: 45144.362 Thread 0x00007fb287010800 Exception <a 'java/lang/NullPointerException'> (0x00000007975844b8) thrown at [/Users/java_re/workspace/8-2-build-macosx-x86_64/jdk8u131/8869/hotspot/src/share/vm/runtime/sharedRuntime.cpp, line 605]
Event: 45144.362 Thread 0x00007fb287010800 Implicit null exception at 0x0000000112efd840 to 0x0000000112efda82
Event: 45144.362 Thread 0x00007fb287010800 Exception <a 'java/lang/NullPointerException'> (0x0000000797586ca8) thrown at [/Users/java_re/workspace/8-2-build-macosx-x86_64/jdk8u131/8869/hotspot/src/share/vm/runtime/sharedRuntime.cpp, line 605]
Event: 45144.362 Thread 0x00007fb287010800 Implicit null exception at 0x0000000112efd840 to 0x0000000112efda82
Event: 45144.362 Thread 0x00007fb287010800 Exception <a 'java/lang/NullPointerException'> (0x000000079758b050) thrown at [/Users/java_re/workspace/8-2-build-macosx-x86_64/jdk8u131/8869/hotspot/src/share/vm/runtime/sharedRuntime.cpp, line 605]
Event: 45144.362 Thread 0x00007fb287010800 Implicit null exception at 0x0000000112efd840 to 0x0000000112efda82
Event: 45144.362 Thread 0x00007fb287010800 Exception <a 'java/lang/NullPointerException'> (0x000000079758d840) thrown at [/Users/java_re/workspace/8-2-build-macosx-x86_64/jdk8u131/8869/hotspot/src/share/vm/runtime/sharedRuntime.cpp, line 605]
Event: 45163.235 Thread 0x00007fb27ab3f800 Implicit null exception at 0x0000000112cba626 to 0x0000000112cbbebd
Event: 45163.238 Thread 0x00007fb27ab3f800 Implicit null exception at 0x000000010cd7b9cc to 0x000000010cd7bb1d
Event: 49634.577 Thread 0x00007fb27b307800 Implicit null exception at 0x000000010e9456b2 to 0x000000010e947819

Events (10 events):
Event: 49634.633 Executing VM operation: RevokeBias done
Event: 49634.634 Thread 0x00007fb27b307800 DEOPT PACKING pc=0x000000010d2a16d4 sp=0x000070000b9ad360
Event: 49634.637 Thread 0x00007fb27b307800 DEOPT UNPACKING pc=0x000000010ba08229 sp=0x000070000b9ad308 mode 2
Event: 49635.343 Thread 0x00007fb27a855000 flushing nmethod 0x000000010ef4b5d0
Event: 49635.925 Executing VM operation: FindDeadlocks
Event: 49635.926 Executing VM operation: FindDeadlocks done
Event: 49635.939 Executing VM operation: RevokeBias
Event: 49635.940 Executing VM operation: RevokeBias done
Event: 49636.017 Executing VM operation: ParallelGCFailedAllocation
Event: 49636.222 Executing VM operation: ParallelGCFailedAllocation done


Dynamic libraries:
0x0000000005986000 	/System/Library/Frameworks/Cocoa.framework/Versions/A/Cocoa
0x0000000005986000 	/System/Library/Frameworks/Security.framework/Versions/A/Security
0x0000000005986000 	/System/Library/Frameworks/ApplicationServices.framework/Versions/A/ApplicationServices
0x0000000005986000 	/usr/lib/libz.1.dylib
0x0000000005986000 	/usr/lib/libSystem.B.dylib
0x0000000005986000 	/usr/lib/libobjc.A.dylib
0x0000000005986000 	/System/Library/Frameworks/CoreFoundation.framework/Versions/A/CoreFoundation
0x0000000005986000 	/System/Library/Frameworks/Foundation.framework/Versions/C/Foundation
0x0000000005986000 	/System/Library/Frameworks/AppKit.framework/Versions/C/AppKit
0x0000000005986000 	/System/Library/Frameworks/CoreData.framework/Versions/A/CoreData
0x0000000005986000 	/System/Library/PrivateFrameworks/RemoteViewServices.framework/Versions/A/RemoteViewServices
0x0000000005986000 	/System/Library/PrivateFrameworks/UIFoundation.framework/Versions/A/UIFoundation
0x0000000005986000 	/System/Library/PrivateFrameworks/DFRFoundation.framework/Versions/A/DFRFoundation
0x0000000005986000 	/usr/lib/libenergytrace.dylib
0x0000000005986000 	/System/Library/PrivateFrameworks/SkyLight.framework/Versions/A/SkyLight
0x0000000005986000 	/System/Library/Frameworks/CoreGraphics.framework/Versions/A/CoreGraphics
0x0000000005986000 	/usr/lib/libScreenReader.dylib
0x0000000005986000 	/System/Library/Frameworks/Accelerate.framework/Versions/A/Accelerate
0x0000000005986000 	/System/Library/Frameworks/IOSurface.framework/Versions/A/IOSurface
0x0000000005986000 	/System/Library/Frameworks/AudioToolbox.framework/Versions/A/AudioToolbox
0x0000000005986000 	/System/Library/Frameworks/AudioUnit.framework/Versions/A/AudioUnit
0x0000000005986000 	/System/Library/PrivateFrameworks/DataDetectorsCore.framework/Versions/A/DataDetectorsCore
0x0000000005986000 	/System/Library/PrivateFrameworks/DesktopServicesPriv.framework/Versions/A/DesktopServicesPriv
0x0000000005986000 	/System/Library/Frameworks/Carbon.framework/Versions/A/Frameworks/HIToolbox.framework/Versions/A/HIToolbox
0x0000000005986000 	/usr/lib/libicucore.A.dylib
0x0000000005986000 	/System/Library/Frameworks/QuartzCore.framework/Versions/A/QuartzCore
0x0000000005986000 	/System/Library/Frameworks/Carbon.framework/Versions/A/Frameworks/SpeechRecognition.framework/Versions/A/SpeechRecognition
0x0000000005986000 	/usr/lib/libauto.dylib
0x0000000005986000 	/usr/lib/libxml2.2.dylib
0x0000000005986000 	/System/Library/PrivateFrameworks/CoreUI.framework/Versions/A/CoreUI
0x0000000005986000 	/System/Library/Frameworks/CoreAudio.framework/Versions/A/CoreAudio
0x0000000005986000 	/System/Library/Frameworks/DiskArbitration.framework/Versions/A/DiskArbitration
0x0000000005986000 	/usr/lib/liblangid.dylib
0x0000000005986000 	/System/Library/PrivateFrameworks/MultitouchSupport.framework/Versions/A/MultitouchSupport
0x0000000005986000 	/System/Library/Frameworks/IOKit.framework/Versions/A/IOKit
0x0000000005986000 	/usr/lib/libDiagnosticMessagesClient.dylib
0x0000000005986000 	/System/Library/Frameworks/CoreServices.framework/Versions/A/CoreServices
0x0000000005986000 	/System/Library/PrivateFrameworks/PerformanceAnalysis.framework/Versions/A/PerformanceAnalysis
0x0000000005986000 	/System/Library/PrivateFrameworks/GenerationalStorage.framework/Versions/A/GenerationalStorage
0x0000000005986000 	/System/Library/Frameworks/OpenGL.framework/Versions/A/OpenGL
0x0000000005986000 	/System/Library/Frameworks/CoreImage.framework/Versions/A/CoreImage
0x0000000005986000 	/System/Library/Frameworks/CoreText.framework/Versions/A/CoreText
0x0000000005986000 	/System/Library/Frameworks/ImageIO.framework/Versions/A/ImageIO
0x0000000005986000 	/System/Library/PrivateFrameworks/Backup.framework/Versions/A/Backup
0x0000000005986000 	/usr/lib/libarchive.2.dylib
0x0000000005986000 	/System/Library/Frameworks/CFNetwork.framework/Versions/A/CFNetwork
0x0000000005986000 	/System/Library/Frameworks/SystemConfiguration.framework/Versions/A/SystemConfiguration
0x0000000005986000 	/usr/lib/libCRFSuite.dylib
0x0000000005986000 	/usr/lib/libc++.1.dylib
0x0000000005986000 	/usr/lib/libc++abi.dylib
0x0000000005986000 	/usr/lib/system/libcache.dylib
0x0000000005986000 	/usr/lib/system/libcommonCrypto.dylib
0x0000000005986000 	/usr/lib/system/libcompiler_rt.dylib
0x0000000005986000 	/usr/lib/system/libcopyfile.dylib
0x0000000005986000 	/usr/lib/system/libcorecrypto.dylib
0x0000000005986000 	/usr/lib/system/libdispatch.dylib
0x0000000005986000 	/usr/lib/system/libdyld.dylib
0x0000000005986000 	/usr/lib/system/libkeymgr.dylib
0x0000000005986000 	/usr/lib/system/liblaunch.dylib
0x0000000005986000 	/usr/lib/system/libmacho.dylib
0x0000000005986000 	/usr/lib/system/libquarantine.dylib
0x0000000005986000 	/usr/lib/system/libremovefile.dylib
0x0000000005986000 	/usr/lib/system/libsystem_asl.dylib
0x0000000005986000 	/usr/lib/system/libsystem_blocks.dylib
0x0000000005986000 	/usr/lib/system/libsystem_c.dylib
0x0000000005986000 	/usr/lib/system/libsystem_configuration.dylib
0x0000000005986000 	/usr/lib/system/libsystem_coreservices.dylib
0x0000000005986000 	/usr/lib/system/libsystem_coretls.dylib
0x0000000005986000 	/usr/lib/system/libsystem_dnssd.dylib
0x0000000005986000 	/usr/lib/system/libsystem_info.dylib
0x0000000005986000 	/usr/lib/system/libsystem_kernel.dylib
0x0000000005986000 	/usr/lib/system/libsystem_m.dylib
0x0000000005986000 	/usr/lib/system/libsystem_malloc.dylib
0x0000000005986000 	/usr/lib/system/libsystem_network.dylib
0x0000000005986000 	/usr/lib/system/libsystem_networkextension.dylib
0x0000000005986000 	/usr/lib/system/libsystem_notify.dylib
0x0000000005986000 	/usr/lib/system/libsystem_platform.dylib
0x0000000005986000 	/usr/lib/system/libsystem_pthread.dylib
0x0000000005986000 	/usr/lib/system/libsystem_sandbox.dylib
0x0000000005986000 	/usr/lib/system/libsystem_secinit.dylib
0x0000000005986000 	/usr/lib/system/libsystem_symptoms.dylib
0x0000000005986000 	/usr/lib/system/libsystem_trace.dylib
0x0000000005986000 	/usr/lib/system/libunwind.dylib
0x0000000005986000 	/usr/lib/system/libxpc.dylib
0x0000000005986000 	/usr/lib/libbsm.0.dylib
0x0000000005986000 	/usr/lib/system/libkxld.dylib
0x0000000005986000 	/usr/lib/libcoretls.dylib
0x0000000005986000 	/usr/lib/libcoretls_cfhelpers.dylib
0x0000000005986000 	/usr/lib/libOpenScriptingUtil.dylib
0x0000000005986000 	/usr/lib/libpam.2.dylib
0x0000000005986000 	/usr/lib/libsqlite3.dylib
0x0000000005986000 	/usr/lib/libxar.1.dylib
0x0000000005986000 	/usr/lib/libbz2.1.0.dylib
0x0000000005986000 	/usr/lib/liblzma.5.dylib
0x0000000005986000 	/usr/lib/libnetwork.dylib
0x0000000005986000 	/usr/lib/libpcap.A.dylib
0x0000000005986000 	/System/Library/Frameworks/CoreServices.framework/Versions/A/Frameworks/FSEvents.framework/Versions/A/FSEvents
0x0000000005986000 	/System/Library/Frameworks/CoreServices.framework/Versions/A/Frameworks/CarbonCore.framework/Versions/A/CarbonCore
0x0000000005986000 	/System/Library/Frameworks/CoreServices.framework/Versions/A/Frameworks/Metadata.framework/Versions/A/Metadata
0x0000000005986000 	/System/Library/Frameworks/CoreServices.framework/Versions/A/Frameworks/OSServices.framework/Versions/A/OSServices
0x0000000005986000 	/System/Library/Frameworks/CoreServices.framework/Versions/A/Frameworks/SearchKit.framework/Versions/A/SearchKit
0x0000000005986000 	/System/Library/Frameworks/CoreServices.framework/Versions/A/Frameworks/AE.framework/Versions/A/AE
0x0000000005986000 	/System/Library/Frameworks/CoreServices.framework/Versions/A/Frameworks/LaunchServices.framework/Versions/A/LaunchServices
0x0000000005986000 	/System/Library/Frameworks/CoreServices.framework/Versions/A/Frameworks/DictionaryServices.framework/Versions/A/DictionaryServices
0x0000000005986000 	/System/Library/Frameworks/CoreServices.framework/Versions/A/Frameworks/SharedFileList.framework/Versions/A/SharedFileList
0x0000000005986000 	/System/Library/Frameworks/NetFS.framework/Versions/A/NetFS
0x0000000005986000 	/System/Library/PrivateFrameworks/NetAuth.framework/Versions/A/NetAuth
0x0000000005986000 	/System/Library/PrivateFrameworks/login.framework/Versions/A/Frameworks/loginsupport.framework/Versions/A/loginsupport
0x0000000005986000 	/System/Library/PrivateFrameworks/TCC.framework/Versions/A/TCC
0x0000000005986000 	/usr/lib/libmecabra.dylib
0x0000000005986000 	/System/Library/Frameworks/ApplicationServices.framework/Versions/A/Frameworks/ATS.framework/Versions/A/ATS
0x0000000005986000 	/System/Library/Frameworks/ApplicationServices.framework/Versions/A/Frameworks/ColorSync.framework/Versions/A/ColorSync
0x0000000005986000 	/System/Library/Frameworks/ApplicationServices.framework/Versions/A/Frameworks/HIServices.framework/Versions/A/HIServices
0x0000000005986000 	/System/Library/Frameworks/ApplicationServices.framework/Versions/A/Frameworks/LangAnalysis.framework/Versions/A/LangAnalysis
0x0000000005986000 	/System/Library/Frameworks/ApplicationServices.framework/Versions/A/Frameworks/PrintCore.framework/Versions/A/PrintCore
0x0000000005986000 	/System/Library/Frameworks/ApplicationServices.framework/Versions/A/Frameworks/QD.framework/Versions/A/QD
0x0000000005986000 	/System/Library/Frameworks/ApplicationServices.framework/Versions/A/Frameworks/SpeechSynthesis.framework/Versions/A/SpeechSynthesis
0x0000000005986000 	/System/Library/Frameworks/Accelerate.framework/Versions/A/Frameworks/vImage.framework/Versions/A/vImage
0x0000000005986000 	/System/Library/Frameworks/Accelerate.framework/Versions/A/Frameworks/vecLib.framework/Versions/A/vecLib
0x0000000005986000 	/System/Library/Frameworks/Accelerate.framework/Versions/A/Frameworks/vecLib.framework/Versions/A/libvDSP.dylib
0x0000000005986000 	/System/Library/Frameworks/Accelerate.framework/Versions/A/Frameworks/vecLib.framework/Versions/A/libBNNS.dylib
0x0000000005986000 	/System/Library/Frameworks/Accelerate.framework/Versions/A/Frameworks/vecLib.framework/Versions/A/libQuadrature.dylib
0x0000000005986000 	/System/Library/Frameworks/Accelerate.framework/Versions/A/Frameworks/vecLib.framework/Versions/A/libvMisc.dylib
0x0000000005986000 	/System/Library/Frameworks/Accelerate.framework/Versions/A/Frameworks/vecLib.framework/Versions/A/libLAPACK.dylib
0x0000000005986000 	/System/Library/Frameworks/Accelerate.framework/Versions/A/Frameworks/vecLib.framework/Versions/A/libBLAS.dylib
0x0000000005986000 	/System/Library/Frameworks/Accelerate.framework/Versions/A/Frameworks/vecLib.framework/Versions/A/libLinearAlgebra.dylib
0x0000000005986000 	/System/Library/Frameworks/Accelerate.framework/Versions/A/Frameworks/vecLib.framework/Versions/A/libSparseBLAS.dylib
0x0000000005986000 	/System/Library/Frameworks/ApplicationServices.framework/Versions/A/Frameworks/ATS.framework/Versions/A/Resources/libFontParser.dylib
0x0000000005986000 	/System/Library/Frameworks/ApplicationServices.framework/Versions/A/Frameworks/ATS.framework/Versions/A/Resources/libFontRegistry.dylib
0x0000000005986000 	/System/Library/Frameworks/ImageIO.framework/Versions/A/Resources/libJPEG.dylib
0x0000000005986000 	/System/Library/Frameworks/ImageIO.framework/Versions/A/Resources/libTIFF.dylib
0x0000000005986000 	/System/Library/Frameworks/ImageIO.framework/Versions/A/Resources/libPng.dylib
0x0000000005986000 	/System/Library/Frameworks/ImageIO.framework/Versions/A/Resources/libGIF.dylib
0x0000000005986000 	/System/Library/Frameworks/ImageIO.framework/Versions/A/Resources/libJP2.dylib
0x0000000005986000 	/System/Library/Frameworks/ImageIO.framework/Versions/A/Resources/libRadiance.dylib
0x0000000005986000 	/usr/lib/libcompression.dylib
0x0000000005986000 	/System/Library/PrivateFrameworks/AppleJPEG.framework/Versions/A/AppleJPEG
0x0000000005986000 	/usr/lib/libcups.2.dylib
0x0000000005986000 	/System/Library/Frameworks/Kerberos.framework/Versions/A/Kerberos
0x0000000005986000 	/System/Library/Frameworks/GSS.framework/Versions/A/GSS
0x0000000005986000 	/usr/lib/libresolv.9.dylib
0x0000000005986000 	/usr/lib/libiconv.2.dylib
0x0000000005986000 	/System/Library/PrivateFrameworks/Heimdal.framework/Versions/A/Heimdal
0x0000000005986000 	/usr/lib/libheimdal-asn1.dylib
0x0000000005986000 	/System/Library/Frameworks/OpenDirectory.framework/Versions/A/OpenDirectory
0x0000000005986000 	/System/Library/PrivateFrameworks/CommonAuth.framework/Versions/A/CommonAuth
0x0000000005986000 	/System/Library/Frameworks/OpenDirectory.framework/Versions/A/Frameworks/CFOpenDirectory.framework/Versions/A/CFOpenDirectory
0x0000000005986000 	/System/Library/Frameworks/SecurityFoundation.framework/Versions/A/SecurityFoundation
0x0000000005986000 	/System/Library/PrivateFrameworks/LanguageModeling.framework/Versions/A/LanguageModeling
0x0000000005986000 	/usr/lib/libmarisa.dylib
0x0000000005986000 	/usr/lib/libChineseTokenizer.dylib
0x0000000005986000 	/usr/lib/libcmph.dylib
0x0000000005986000 	/System/Library/PrivateFrameworks/CoreEmoji.framework/Versions/A/CoreEmoji
0x0000000005986000 	/System/Library/Frameworks/ServiceManagement.framework/Versions/A/ServiceManagement
0x0000000005986000 	/usr/lib/libxslt.1.dylib
0x0000000005986000 	/System/Library/Frameworks/Carbon.framework/Versions/A/Frameworks/Ink.framework/Versions/A/Ink
0x0000000005986000 	/System/Library/PrivateFrameworks/TextureIO.framework/Versions/A/TextureIO
0x0000000005986000 	/System/Library/Frameworks/Metal.framework/Versions/A/Metal
0x0000000005986000 	/usr/lib/libate.dylib
0x0000000005986000 	/System/Library/PrivateFrameworks/GPUCompiler.framework/libmetal_timestamp.dylib
0x0000000005986000 	/System/Library/Frameworks/OpenGL.framework/Versions/A/Libraries/libCoreFSCache.dylib
0x0000000005986000 	/System/Library/PrivateFrameworks/IOAccelerator.framework/Versions/A/IOAccelerator
0x0000000005986000 	/System/Library/Frameworks/CoreVideo.framework/Versions/A/CoreVideo
0x0000000005986000 	/usr/lib/libFosl_dynamic.dylib
0x0000000005986000 	/System/Library/PrivateFrameworks/MetalPerformanceShaders.framework/Versions/A/MetalPerformanceShaders
0x0000000005986000 	/System/Library/PrivateFrameworks/FaceCore.framework/Versions/A/FaceCore
0x0000000005986000 	/System/Library/Frameworks/OpenCL.framework/Versions/A/OpenCL
0x0000000005986000 	/System/Library/Frameworks/OpenGL.framework/Versions/A/Libraries/libGLU.dylib
0x0000000005986000 	/System/Library/Frameworks/OpenGL.framework/Versions/A/Libraries/libGFXShared.dylib
0x0000000005986000 	/System/Library/Frameworks/OpenGL.framework/Versions/A/Libraries/libGL.dylib
0x0000000005986000 	/System/Library/Frameworks/OpenGL.framework/Versions/A/Libraries/libGLImage.dylib
0x0000000005986000 	/System/Library/Frameworks/OpenGL.framework/Versions/A/Libraries/libCVMSPluginSupport.dylib
0x0000000005986000 	/System/Library/Frameworks/OpenGL.framework/Versions/A/Libraries/libCoreVMClient.dylib
0x0000000005986000 	/System/Library/PrivateFrameworks/CrashReporterSupport.framework/Versions/A/CrashReporterSupport
0x0000000005986000 	/System/Library/PrivateFrameworks/Sharing.framework/Versions/A/Sharing
0x0000000005986000 	/System/Library/PrivateFrameworks/IconServices.framework/Versions/A/IconServices
0x0000000005986000 	/System/Library/PrivateFrameworks/ProtocolBuffer.framework/Versions/A/ProtocolBuffer
0x0000000005986000 	/System/Library/PrivateFrameworks/Apple80211.framework/Versions/A/Apple80211
0x0000000005986000 	/System/Library/Frameworks/CoreWLAN.framework/Versions/A/CoreWLAN
0x0000000005986000 	/System/Library/PrivateFrameworks/CoreUtils.framework/Versions/A/CoreUtils
0x0000000005986000 	/System/Library/Frameworks/IOBluetooth.framework/Versions/A/IOBluetooth
0x0000000005986000 	/System/Library/PrivateFrameworks/CoreWiFi.framework/Versions/A/CoreWiFi
0x0000000005986000 	/System/Library/Frameworks/CoreBluetooth.framework/Versions/A/CoreBluetooth
0x0000000005986000 	/System/Library/Frameworks/CoreDisplay.framework/Versions/A/CoreDisplay
0x0000000005986000 	/System/Library/PrivateFrameworks/IOPresentment.framework/Versions/A/IOPresentment
0x0000000005986000 	/System/Library/PrivateFrameworks/DSExternalDisplay.framework/Versions/A/DSExternalDisplay
0x0000000005986000 	/System/Library/PrivateFrameworks/DebugSymbols.framework/Versions/A/DebugSymbols
0x0000000005986000 	/System/Library/PrivateFrameworks/CoreSymbolication.framework/Versions/A/CoreSymbolication
0x0000000005986000 	/System/Library/PrivateFrameworks/Symbolication.framework/Versions/A/Symbolication
0x0000000005986000 	/System/Library/PrivateFrameworks/AppleFSCompression.framework/Versions/A/AppleFSCompression
0x0000000005986000 	/System/Library/PrivateFrameworks/SpeechRecognitionCore.framework/Versions/A/SpeechRecognitionCore
0x0000000005986000 	/System/Library/PrivateFrameworks/ChunkingLibrary.framework/Versions/A/ChunkingLibrary
0x000000010aa60000 	/Library/Java/JavaVirtualMachines/jdk1.8.0_131.jdk/Contents/Home/jre/lib/server/libjvm.dylib
0x0000000005986000 	/usr/lib/libstdc++.6.dylib
0x000000010924c000 	/Library/Java/JavaVirtualMachines/jdk1.8.0_131.jdk/Contents/Home/jre/lib/libverify.dylib
0x000000010925a000 	/Library/Java/JavaVirtualMachines/jdk1.8.0_131.jdk/Contents/Home/jre/lib/libjava.dylib
0x0000000109299000 	/Library/Java/JavaVirtualMachines/jdk1.8.0_131.jdk/Contents/Home/jre/lib/libzip.dylib
0x00000001093e4000 	/System/Library/Frameworks/JavaVM.framework/Frameworks/JavaRuntimeSupport.framework/JavaRuntimeSupport
0x0000000120463000 	/System/Library/Frameworks/JavaVM.framework/Versions/A/Frameworks/JavaNativeFoundation.framework/Versions/A/JavaNativeFoundation
0x000000010a9c2000 	/System/Library/Frameworks/JavaVM.framework/Versions/A/JavaVM
0x0000000005986000 	/System/Library/Frameworks/Carbon.framework/Versions/A/Carbon
0x0000000120478000 	/System/Library/PrivateFrameworks/JavaLaunching.framework/Versions/A/JavaLaunching
0x0000000005986000 	/System/Library/Frameworks/Carbon.framework/Versions/A/Frameworks/CommonPanels.framework/Versions/A/CommonPanels
0x0000000005986000 	/System/Library/Frameworks/Carbon.framework/Versions/A/Frameworks/Help.framework/Versions/A/Help
0x0000000005986000 	/System/Library/Frameworks/Carbon.framework/Versions/A/Frameworks/ImageCapture.framework/Versions/A/ImageCapture
0x0000000005986000 	/System/Library/Frameworks/Carbon.framework/Versions/A/Frameworks/OpenScripting.framework/Versions/A/OpenScripting
0x0000000005986000 	/System/Library/Frameworks/Carbon.framework/Versions/A/Frameworks/Print.framework/Versions/A/Print
0x0000000005986000 	/System/Library/Frameworks/Carbon.framework/Versions/A/Frameworks/SecurityHI.framework/Versions/A/SecurityHI
0x0000000121d85000 	/Library/Java/JavaVirtualMachines/jdk1.8.0_131.jdk/Contents/Home/jre/lib/libnio.dylib
0x0000000121d95000 	/Library/Java/JavaVirtualMachines/jdk1.8.0_131.jdk/Contents/Home/jre/lib/./libnet.dylib
0x0000000125210000 	/Library/Java/JavaVirtualMachines/jdk1.8.0_131.jdk/Contents/Home/jre/lib/libawt.dylib
0x00000001252b8000 	/Library/Java/JavaVirtualMachines/jdk1.8.0_131.jdk/Contents/Home/jre/lib/./libmlib_image.dylib
0x0000000125384000 	/Library/Java/JavaVirtualMachines/jdk1.8.0_131.jdk/Contents/Home/jre/lib/libawt_lwawt.dylib
0x000000012543b000 	/Library/Java/JavaVirtualMachines/jdk1.8.0_131.jdk/Contents/Home/jre/lib/./libosxapp.dylib
0x0000000005986000 	/System/Library/Frameworks/ExceptionHandling.framework/Versions/A/ExceptionHandling
0x0000000005986000 	/System/Library/PrivateFrameworks/CoreServicesInternal.framework/Versions/A/CoreServicesInternal
0x0000000005986000 	/System/Library/CoreServices/RawCamera.bundle/Contents/MacOS/RawCamera
0x00000001259d8000 	/System/Library/Frameworks/Accelerate.framework/Frameworks/vImage.framework/Versions/A/Libraries/libCGInterfaces.dylib
0x0000000005986000 	/System/Library/Frameworks/ApplicationServices.framework/Versions/A/Frameworks/ATS.framework/Versions/A/Resources/libTrueTypeScaler.dylib
0x0000000127046000 	/System/Library/Frameworks/OpenGL.framework/Resources/GLEngine.bundle/GLEngine
0x0000000005986000 	/System/Library/Frameworks/OpenGL.framework/Versions/A/Libraries/libGLProgrammability.dylib
0x000000012722b000 	/System/Library/Extensions/AppleIntelBDWGraphicsGLDriver.bundle/Contents/MacOS/AppleIntelBDWGraphicsGLDriver
0x0000000005986000 	/System/Library/PrivateFrameworks/GPUSupport.framework/Versions/A/Libraries/libGPUSupportMercury.dylib
0x000000012646f000 	/System/Library/Frameworks/OpenGL.framework/Resources//GLRendererFloat.bundle/GLRendererFloat
0x0000000005986000 	/System/Library/Frameworks/OpenCL.framework/Versions/A/Libraries/libcldcpuengine.dylib
0x0000000005986000 	/usr/lib/libcrypto.0.9.8.dylib
0x0000000005986000 	/System/Library/PrivateFrameworks/TrustEvaluationAgent.framework/Versions/A/TrustEvaluationAgent
0x0000000127995000 	/System/Library/Extensions/AppleIntelBDWGraphicsMTLDriver.bundle/Contents/MacOS/AppleIntelBDWGraphicsMTLDriver
0x0000000005986000 	/System/Library/PrivateFrameworks/FamilyControls.framework/Versions/A/FamilyControls
0x0000000005986000 	/System/Library/PrivateFrameworks/CommerceKit.framework/Versions/A/Frameworks/CommerceCore.framework/Versions/A/CommerceCore
0x0000000005986000 	/System/Library/PrivateFrameworks/SystemAdministration.framework/Versions/A/SystemAdministration
0x0000000005986000 	/System/Library/PrivateFrameworks/AppContainer.framework/Versions/A/AppContainer
0x0000000005986000 	/System/Library/PrivateFrameworks/SecCodeWrapper.framework/Versions/A/SecCodeWrapper
0x0000000005986000 	/System/Library/Frameworks/DirectoryService.framework/Versions/A/DirectoryService
0x0000000005986000 	/System/Library/PrivateFrameworks/DiskImages.framework/Versions/A/DiskImages
0x0000000005986000 	/System/Library/PrivateFrameworks/LoginUIKit.framework/Versions/A/Frameworks/LoginUICore.framework/Versions/A/LoginUICore
0x0000000005986000 	/usr/lib/libCoreStorage.dylib
0x0000000005986000 	/usr/lib/libcsfde.dylib
0x0000000005986000 	/usr/lib/libodfde.dylib
0x0000000005986000 	/System/Library/Frameworks/DiscRecording.framework/Versions/A/DiscRecording
0x0000000005986000 	/usr/lib/libcurl.4.dylib
0x0000000005986000 	/System/Library/PrivateFrameworks/MediaKit.framework/Versions/A/MediaKit
0x0000000005986000 	/System/Library/PrivateFrameworks/ProtectedCloudStorage.framework/Versions/A/ProtectedCloudStorage
0x0000000005986000 	/System/Library/PrivateFrameworks/EFILogin.framework/Versions/A/EFILogin
0x0000000005986000 	/usr/lib/libutil.dylib
0x0000000005986000 	/System/Library/Frameworks/LDAP.framework/Versions/A/LDAP
0x0000000005986000 	/usr/lib/libsasl2.2.dylib
0x0000000005986000 	/System/Library/PrivateFrameworks/CoreDaemon.framework/Versions/B/CoreDaemon
0x0000000005986000 	/System/Library/PrivateFrameworks/AppleSRP.framework/Versions/A/AppleSRP
0x0000000005986000 	/System/Library/PrivateFrameworks/APFS.framework/Versions/A/APFS
0x0000000005986000 	/System/Library/PrivateFrameworks/ViewBridge.framework/Versions/A/ViewBridge
0x0000000005986000 	/System/Library/PrivateFrameworks/XPCService.framework/Versions/A/XPCService
0x0000000005986000 	/System/Library/PrivateFrameworks/AppSandbox.framework/Versions/A/AppSandbox
0x0000000005986000 	/usr/lib/libsandbox.1.dylib
0x0000000005986000 	/usr/lib/libMatch.1.dylib
0x00000001299a0000 	/Library/Java/JavaVirtualMachines/jdk1.8.0_131.jdk/Contents/Home/jre/lib/libsplashscreen.dylib
0x00000001299f9000 	/Library/Java/JavaVirtualMachines/jdk1.8.0_131.jdk/Contents/Home/jre/lib/libfontmanager.dylib
0x0000000126542000 	/Library/Java/JavaVirtualMachines/jdk1.8.0_131.jdk/Contents/Home/jre/lib/libosxui.dylib
0x0000000149894000 	/Applications/NetBeans/Apache NetBeans 11.1.app/Contents/Resources/NetBeans/platform/modules/lib/libjnidispatch-440.jnilib
0x0000000121e2d000 	/Library/Java/JavaVirtualMachines/jdk1.8.0_131.jdk/Contents/Home/jre/lib/libmanagement.dylib
0x0000000125ca0000 	/Library/Java/JavaVirtualMachines/jdk1.8.0_131.jdk/Contents/Home/jre/lib/libdcpr.dylib
0x0000000125e36000 	/Library/Java/JavaVirtualMachines/jdk1.8.0_131.jdk/Contents/Home/jre/lib/libjpeg.dylib
0x0000000125b89000 	/Library/Java/JavaVirtualMachines/jdk1.8.0_131.jdk/Contents/Home/jre/lib/libsunec.dylib
0x0000000005986000 	/System/Library/PrivateFrameworks/CloudDocs.framework/Versions/A/CloudDocs
0x0000000005986000 	/System/Library/Frameworks/CloudKit.framework/Versions/A/CloudKit
0x0000000005986000 	/System/Library/PrivateFrameworks/MMCS.framework/Versions/A/MMCS
0x0000000005986000 	/System/Library/Frameworks/CoreLocation.framework/Versions/A/CoreLocation
0x0000000005986000 	/System/Library/PrivateFrameworks/AssetCacheServices.framework/Versions/A/AssetCacheServices
0x0000000005986000 	/System/Library/PrivateFrameworks/GeoServices.framework/Versions/A/GeoServices

VM Arguments:
jvm_args: -Djdk.home=/Library/Java/JavaVirtualMachines/jdk1.8.0_131.jdk/Contents/Home -Dnetbeans.default_userdir_root=/Users/dthurston/Library/Application Support/NetBeans -Dnetbeans.dirs=/Applications/NetBeans/Apache NetBeans 11.1.app/Contents/Resources/NetBeans/nb:/Applications/NetBeans/Apache NetBeans 11.1.app/Contents/Resources/NetBeans/ergonomics:/Applications/NetBeans/Apache NetBeans 11.1.app/Contents/Resources/NetBeans/ide:/Applications/NetBeans/Apache NetBeans 11.1.app/Contents/Resources/NetBeans/extide:/Applications/NetBeans/Apache NetBeans 11.1.app/Contents/Resources/NetBeans/java:/Applications/NetBeans/Apache NetBeans 11.1.app/Contents/Resources/NetBeans/apisupport:/Applications/NetBeans/Apache NetBeans 11.1.app/Contents/Resources/NetBeans/webcommon:/Applications/NetBeans/Apache NetBeans 11.1.app/Contents/Resources/NetBeans/websvccommon:/Applications/NetBeans/Apache NetBeans 11.1.app/Contents/Resources/NetBeans/enterprise:/Applications/NetBeans/Apache NetBeans 11.1.app/Contents/Resources/NetBeans/mobility:/Applications/NetBeans/Apache NetBeans 11.1.app/Contents/Resources/NetBeans/profiler:/Applications/NetBeans/Apache NetBeans 11.1.app/Contents/Resources/NetBeans/python:/Applications/NetBeans/Apache NetBeans 11.1.app/Contents/Resources/NetBeans/php:/Applications/NetBeans/Apache NetBeans 11.1.app/Contents/Resources/NetBeans/identity:/Applications/NetBeans/Apache NetBeans 11.1.app/Contents/Resources/NetBeans/harness:/Applications/NetBeans/Apache NetBeans 11.1.app/Contents/Resources/NetBeans/cnd:/Applications/NetBeans/Apache NetBeans 11.1.app/Contents/Resources/NetBeans/cndext:/Applications/NetBeans/Apache NetBeans 11.1.app/Contents/Resources/NetBeans/dlight:/Applications/NetBeans/Apache NetBeans 11.1.app/Contents/Resources/NetBeans/groovy:/Applications/NetBeans/Apache NetBeans 11.1.app/Contents/Resources/NetBeans/extra:/Applications/NetBeans/Apache NetBeans 11.1.app/Contents/Resources/NetBeans/javacard:/Applications/NetBeans/Apache NetBeans 11.1.app/Contents/Resources/NetBeans/javafx: -Dnetbeans.home=/Applications/NetBeans/Apache NetBeans 11.1.app/Contents/Resources/NetBeans/platform -Dnetbeans.importclass=org.netbeans.upgrade.AutoUpgrade -XX:+UseStringDeduplication -Xss2m -Djdk.gtk.version=2.2 -Dapple.laf.useScreenMenuBar=true -Dapple.awt.graphics.UseQuartz=true -Dsun.java2d.noddraw=true -Dsun.java2d.dpiaware=true -Dsun.zip.disableMemoryMapping=true -Dplugin.manager.check.updates=false -Dnetbeans.extbrowser.manual_chrome_plugin_install=yes --add-opens=java.base/java.net=ALL-UNNAMED --add-opens=java.base/java.lang.ref=ALL-UNNAMED --add-opens=java.base/java.lang=ALL-UNNAMED --add-opens=java.base/java.security=ALL-UNNAMED --add-opens=java.base/java.util=ALL-UNNAMED --add-opens=java.desktop/javax.swing.plaf.basic=ALL-UNNAMED --add-opens=java.desktop/javax.swing.text=ALL-UNNAMED --add-opens=java.desktop/javax.swing=ALL-UNNAMED --add-opens=java.desktop/java.awt=ALL-UNNAMED --add-opens=java.desktop/java.awt.event=ALL-UNNAMED --add-opens=java.prefs/java.util.prefs=ALL-UNNAMED --add-opens=jdk.jshell/jdk.jshell=ALL-UNNAMED --add-modules=jdk.jshell --add-exports=java.desktop/sun.awt=ALL-UNNAMED --add-exports=java.desktop/java.awt.peer=ALL-UNNAMED --add-exports=java.desktop/com.sun.beans.editors=ALL-UNNAMED --add-exports=java.desktop/sun.swing=ALL-UNNAMED --add-exports=java.desktop/sun.awt.im=ALL-UNNAMED --add-exports=jdk.internal.jvmstat/sun.jvmstat.monitor=ALL-UNNAMED --add-exports=java.management/sun.management=ALL-UNNAMED --add-exports=java.base/sun.reflect.annotation=ALL-UNNAMED --add-exports=jdk.javadoc/com.sun.tools.javadoc.main=ALL-UNNAMED -XX:+IgnoreUnrecognizedVMOptions -XX:+HeapDumpOnOutOfMemoryError -XX:HeapDumpPath=/Users/dthurston/Library/Application Support/NetBeans/11.1/var/log/heapdump.hprof 
java_command: org.netbeans.Main --cachedir /Users/dthurston/Library/Caches/NetBeans/11.1 --userdir /Users/dthurston/Library/Application Support/NetBeans/11.1 --branding nb
java_class_path (initial): /Applications/NetBeans/Apache NetBeans 11.1.app/Contents/Resources/NetBeans/platform/lib/boot.jar:/Applications/NetBeans/Apache NetBeans 11.1.app/Contents/Resources/NetBeans/platform/lib/org-openide-modules.jar:/Applications/NetBeans/Apache NetBeans 11.1.app/Contents/Resources/NetBeans/platform/lib/org-openide-util-lookup.jar:/Applications/NetBeans/Apache NetBeans 11.1.app/Contents/Resources/NetBeans/platform/lib/org-openide-util-ui.jar:/Applications/NetBeans/Apache NetBeans 11.1.app/Contents/Resources/NetBeans/platform/lib/org-openide-util.jar:/Library/Java/JavaVirtualMachines/jdk1.8.0_131.jdk/Contents/Home/lib/dt.jar:/Library/Java/JavaVirtualMachines/jdk1.8.0_131.jdk/Contents/Home/lib/tools.jar
Launcher Type: SUN_STANDARD

Environment Variables:
PATH=/Library/Frameworks/Python.framework/Versions/3.6/bin:/Users/dthurston/.rbenv/shims:/Library/Frameworks/Python.framework/Versions/2.7/bin:/usr/local/bin:/usr/bin:/bin:/usr/sbin:/sbin:/Library/Frameworks/Mono.framework/Versions/Current/Commands:/Applications/Wireshark.app/Contents/MacOS:/Users/dthurston/Projects
SHELL=/bin/bash

Signal Handlers:
SIGSEGV: [libjvm.dylib+0x5b1eb1], sa_mask[0]=11111111011111110111111111111111, sa_flags=SA_ONSTACK|SA_RESTART|SA_SIGINFO
SIGBUS: [libjvm.dylib+0x5b1eb1], sa_mask[0]=11111111011111110111111111111111, sa_flags=SA_RESTART|SA_SIGINFO
SIGFPE: [libjvm.dylib+0x488988], sa_mask[0]=11111111011111110111111111111111, sa_flags=SA_RESTART|SA_SIGINFO
SIGPIPE: [libjvm.dylib+0x488988], sa_mask[0]=11111111011111110111111111111111, sa_flags=SA_RESTART|SA_SIGINFO
SIGXFSZ: [libjvm.dylib+0x488988], sa_mask[0]=11111111011111110111111111111111, sa_flags=SA_RESTART|SA_SIGINFO
SIGILL: [libjvm.dylib+0x488988], sa_mask[0]=11111111011111110111111111111111, sa_flags=SA_RESTART|SA_SIGINFO
SIGUSR1: SIG_DFL, sa_mask[0]=11011111011111100000000111000110, sa_flags=none
SIGUSR2: [libjvm.dylib+0x4884a6], sa_mask[0]=00000000000000000000000000000000, sa_flags=SA_RESTART|SA_SIGINFO
SIGHUP: [libjvm.dylib+0x486a7d], sa_mask[0]=11111111011111110111111111111111, sa_flags=SA_RESTART|SA_SIGINFO
SIGINT: SIG_IGN, sa_mask[0]=00000000000000000000000000000000, sa_flags=none
SIGTERM: [libjvm.dylib+0x486a7d], sa_mask[0]=11111111011111110111111111111111, sa_flags=SA_RESTART|SA_SIGINFO
SIGQUIT: [libjvm.dylib+0x486a7d], sa_mask[0]=11111111011111110111111111111111, sa_flags=SA_RESTART|SA_SIGINFO


---------------  S Y S T E M  ---------------

OS:Bsduname:Darwin 16.7.0 Darwin Kernel Version 16.7.0: Sun Jun  2 20:26:31 PDT 2019; root:xnu-3789.73.50~1/RELEASE_X86_64 x86_64
rlimit: STACK 8192k, CORE 0k, NPROC 709, NOFILE 10240, AS infinity
load average:2.55 2.43 2.43

CPU:total 4 (initial active 4) (2 cores per cpu, 2 threads per core) family 6 model 61 stepping 4, cmov, cx8, fxsr, mmx, sse, sse2, sse3, ssse3, sse4.1, sse4.2, popcnt, avx, avx2, aes, clmul, erms, rtm, 3dnowpref, lzcnt, ht, tsc, tscinvbit, bmi1, bmi2, adx

Memory: 4k page, physical 8388608k(13344k free)

/proc/meminfo:


vm_info: Java HotSpot(TM) 64-Bit Server VM (25.131-b11) for bsd-amd64 JRE (1.8.0_131-b11), built on Mar 15 2017 01:32:22 by "java_re" with gcc 4.2.1 (Based on Apple Inc. build 5658) (LLVM build 2336.11.00)

time: Tue Feb 11 12:43:51 2020
elapsed time: 49636 seconds (0d 13h 47m 16s)

