#
# A fatal error has been detected by the Java Runtime Environment:
#
#  SIGSEGV (0xb) at pc=0x000000011e2803bf, pid=21973, tid=0x000000000000dd07
#
# JRE version: Java(TM) SE Runtime Environment (8.0_131-b11) (build 1.8.0_131-b11)
# Java VM: Java HotSpot(TM) 64-Bit Server VM (25.131-b11 mixed mode bsd-amd64 compressed oops)
# Problematic frame:
# C  [libawt_lwawt.dylib+0x1c3bf]  OGLSD_SetScratchSurface+0x49
#
# Failed to write core dump. Core dumps have been disabled. To enable core dumping, try "ulimit -c unlimited" before starting Java again
#
# If you would like to submit a bug report, please visit:
#   http://bugreport.java.com/bugreport/crash.jsp
# The crash happened outside the Java Virtual Machine in native code.
# See problematic frame for where to report the bug.
#

---------------  T H R E A D  ---------------

Current thread (0x00007f84648f2800):  JavaThread "Java2D Queue Flusher" daemon [_thread_in_native, id=56583, stack(0x00007000110c7000,0x00007000112c7000)]

siginfo: si_signo: 11 (SIGSEGV), si_code: 1 (SEGV_MAPERR), si_addr: 0x000000000000000d

Registers:
RAX=0x00000000ffffffff, RBX=0x000000000000000d, RCX=0x0000000000000047, RDX=0x000000011e2a1258
RSP=0x00007000112c6810, RBP=0x00007000112c6830, RSI=0x00007f846ce516e0, RDI=0x00007f84648f29f8
R8 =0x00000000e829b23f, R9 =0x0000000000000000, R10=0x0000000108a1b538, R11=0x0000000000000020
R12=0x0000000000000000, R13=0x00000007414d8f28, R14=0x00007f84648f29f8, R15=0x00007f84648f2800
RIP=0x000000011e2803bf, EFLAGS=0x0000000000010202, ERR=0x0000000000000004
  TRAPNO=0x000000000000000e

Top of Stack: (sp=0x00007000112c6810)
0x00007000112c6810:   00007f846ce516e0 0000000000000000
0x00007000112c6820:   00007f84633f3a10 00007f84648f2800
0x00007000112c6830:   00007000112c68b0 000000011e2a0d36
0x00007000112c6840:   0000000000000064 00007f8462d27688
0x00007000112c6850:   00007000112c68b0 0000000102b50094
0x00007000112c6860:   0000000000000005 00007f84648f2800
0x00007000112c6870:   00000007414d8f01 00007f84633f3a20
0x00007000112c6880:   00007000002c6800 00007f84648f29f8
0x00007000112c6890:   0000000000000000 0000000000000000
0x00007000112c68a0:   00007000112c6840 00007f84648f2800
0x00007000112c68b0:   00007000112c6900 0000000108a1b5aa
0x00007000112c68c0:   00000007414d91e0 00007000112c68f0
0x00007000112c68d0:   0000000000000000 0000000000000004
0x00007000112c68e0:   00007f8462cd25e0 00000001030f2dd0
0x00007000112c68f0:   00007000112c6910 0000000000000246
0x00007000112c6900:   00000000e829b23c 000000010989b67c
0x00007000112c6910:   00000007414d91e0 0000000000000000
0x00007000112c6920:   00000007414d8f28 0000000700000000
0x00007000112c6930:   00000007414d8f28 00007000112c69d0
0x00007000112c6940:   0000000000000001 0000000000000000
0x00007000112c6950:   00007000112c69d0 0000000107bc87a7
0x00007000112c6960:   00000007414d8f28 00000007414d8f28
0x00007000112c6970:   0000700000001fa0 000000000000000a
0x00007000112c6980:   00007f84648f2800 0000000000000001
0x00007000112c6990:   0000000107bc871f 0000000104ddd0d8
0x00007000112c69a0:   00007000112c6a68 00007000112c6d00
0x00007000112c69b0:   000000010000000a 0000000104ddd0d8
0x00007000112c69c0:   0000000107bdb120 00007000112c6c70
0x00007000112c69d0:   00007000112c6b80 0000000102aee5b6
0x00007000112c69e0:   0000700000000001 00007f84648f2800
0x00007000112c69f0:   00007f84648f2800 00007000112c6d00
0x00007000112c6a00:   00007f8462d27680 0000000107bdb120 

Instructions: (pc=0x000000011e2803bf)
0x000000011e28039f:   c0 e9 82 00 00 00 48 8b 5e 10 48 85 db 75 0e bf
0x000000011e2803af:   01 00 00 00 48 8d 15 07 7c 03 00 eb d6 49 89 fe
0x000000011e2803bf:   4c 8b 3b 30 c0 e8 c1 a6 02 00 49 8b 3f 49 89 c4
0x000000011e2803cf:   48 8b 35 4a 03 06 00 30 c0 e8 0f a8 02 00 48 85 

Register to memory mapping:

RAX=0x00000000ffffffff is an unknown value
RBX=0x000000000000000d is an unknown value
RCX=0x0000000000000047 is an unknown value
RDX=0x000000011e2a1258: Java_sun_java2d_opengl_OGLRenderQueue_flushBuffer+0xb5c in /Library/Java/JavaVirtualMachines/jdk1.8.0_131.jdk/Contents/Home/jre/lib/libawt_lwawt.dylib at 0x000000011e264000
RSP=0x00007000112c6810 is pointing into the stack for thread: 0x00007f84648f2800
RBP=0x00007000112c6830 is pointing into the stack for thread: 0x00007f84648f2800
RSI=0x00007f846ce516e0 is an unknown value
RDI=0x00007f84648f29f8 is an unknown value
R8 =0x00000000e829b23f is an unknown value
R9 =0x0000000000000000 is an unknown value
R10=0x0000000108a1b538 is at entry_point+56 in (nmethod*)0x0000000108a1b390
R11=0x0000000000000020 is an unknown value
R12=0x0000000000000000 is an unknown value
R13=0x00000007414d8f28 is an oop
sun.java2d.opengl.OGLRenderQueue$QueueFlusher 
 - klass: 'sun/java2d/opengl/OGLRenderQueue$QueueFlusher'
R14=0x00007f84648f29f8 is an unknown value
R15=0x00007f84648f2800 is a thread


Stack: [0x00007000110c7000,0x00007000112c7000],  sp=0x00007000112c6810,  free space=2046k
Native frames: (J=compiled Java code, j=interpreted, Vv=VM code, C=native code)
C  [libawt_lwawt.dylib+0x1c3bf]  OGLSD_SetScratchSurface+0x49
C  [libawt_lwawt.dylib+0x3cd36]  Java_sun_java2d_opengl_OGLRenderQueue_flushBuffer+0x63a
J 7241  sun.java2d.opengl.OGLRenderQueue.flushBuffer(JI)V (0 bytes) @ 0x0000000108a1b5aa [0x0000000108a1b500+0xaa]
J 24435% C2 sun.java2d.opengl.OGLRenderQueue$QueueFlusher.run()V (234 bytes) @ 0x000000010989b67c [0x000000010989b500+0x17c]
v  ~StubRoutines::call_stub
V  [libjvm.dylib+0x2ee5b6]
V  [libjvm.dylib+0x2eed5a]
V  [libjvm.dylib+0x2eef06]
V  [libjvm.dylib+0x34965d]
V  [libjvm.dylib+0x56b87f]
V  [libjvm.dylib+0x56cf6c]
V  [libjvm.dylib+0x48b376]
C  [libsystem_pthread.dylib+0x393b]  _pthread_body+0xb4
C  [libsystem_pthread.dylib+0x3887]  _pthread_body+0x0
C  [libsystem_pthread.dylib+0x308d]  thread_start+0xd
C  0x0000000000000000

Java frames: (J=compiled Java code, j=interpreted, Vv=VM code)
J 7241  sun.java2d.opengl.OGLRenderQueue.flushBuffer(JI)V (0 bytes) @ 0x0000000108a1b538 [0x0000000108a1b500+0x38]
J 24435% C2 sun.java2d.opengl.OGLRenderQueue$QueueFlusher.run()V (234 bytes) @ 0x000000010989b67c [0x000000010989b500+0x17c]
v  ~StubRoutines::call_stub

---------------  P R O C E S S  ---------------

Java Threads: ( => current thread )
  0x00007f84637da000 JavaThread "Refresh-After-WindowActivated" daemon [_thread_in_Java, id=83727, stack(0x0000700010cc1000,0x0000700010ec1000)]
  0x00007f84630c5000 JavaThread "Inactive RequestProcessor thread [Was:Flush UI Logs/org.netbeans.modules.uihandler.UIHandler$2WriteOut]" daemon [_thread_blocked, id=37571, stack(0x0000700010abe000,0x0000700010cbe000)]
  0x00007f846300f000 JavaThread "DestroyJavaVM" [_thread_blocked, id=7171, stack(0x000070000ef7f000,0x000070000f17f000)]
  0x00007f846aea9000 JavaThread "TimerQueue" daemon [_thread_blocked, id=28167, stack(0x0000700013580000,0x0000700013780000)]
  0x00007f846a49f000 JavaThread "Worker-JM" [_thread_blocked, id=80899, stack(0x000070001337d000,0x000070001357d000)]
  0x00007f8464998000 JavaThread "Framework Event Dispatcher" daemon [_thread_blocked, id=80387, stack(0x000070001317a000,0x000070001337a000)]
  0x00007f8463b6e000 JavaThread "Deadlock Detector" [_thread_blocked, id=80139, stack(0x0000700012f77000,0x0000700013177000)]
  0x00007f84642da000 JavaThread "Thread-3" daemon [_thread_blocked, id=76783, stack(0x0000700012d74000,0x0000700012f74000)]
  0x00007f8469361800 JavaThread "File Watcher" daemon [_thread_in_Java, id=76083, stack(0x0000700012b71000,0x0000700012d71000)]
  0x00007f8463e54000 JavaThread "Thread-1" daemon [_thread_in_native, id=74167, stack(0x000070001296e000,0x0000700012b6e000)]
  0x00007f846a894800 JavaThread "Editor Parsing Loop (netbeans-release-428-on-20190716)" daemon [_thread_blocked, id=72475, stack(0x0000700012365000,0x0000700012565000)]
  0x00007f84635ab000 JavaThread "State Data Manager" daemon [_thread_blocked, id=70143, stack(0x0000700011956000,0x0000700011b56000)]
  0x00007f8464914000 JavaThread "Framework Active Thread" [_thread_blocked, id=69407, stack(0x0000700011753000,0x0000700011953000)]
  0x00007f8463418800 JavaThread "AWT-EventQueue-0" [_thread_blocked, id=64259, stack(0x00007000114cd000,0x00007000116cd000)]
  0x00007f8464909000 JavaThread "Java2D Disposer" daemon [_thread_blocked, id=63755, stack(0x00007000112ca000,0x00007000114ca000)]
=>0x00007f84648f2800 JavaThread "Java2D Queue Flusher" daemon [_thread_in_native, id=56583, stack(0x00007000110c7000,0x00007000112c7000)]
  0x00007f846410b000 JavaThread "RequestProcessor queue manager" daemon [_thread_blocked, id=56067, stack(0x0000700010ec4000,0x00007000110c4000)]
  0x00007f84648c8000 JavaThread "AWT-Shutdown" [_thread_blocked, id=30751, stack(0x0000700010732000,0x0000700010932000)]
  0x00007f8463179800 JavaThread "AppKit Thread" daemon [_thread_in_native, id=775, stack(0x00007fff5d4b6000,0x00007fff5dcb6000)]
  0x00007f84639dc000 JavaThread "CLI Requests Server" daemon [_thread_in_native, id=20227, stack(0x00007000104ac000,0x00007000106ac000)]
  0x00007f84630ed800 JavaThread "Active Reference Queue Daemon" daemon [_thread_blocked, id=19715, stack(0x00007000102a9000,0x00007000104a9000)]
  0x00007f846309c800 JavaThread "Service Thread" daemon [_thread_blocked, id=18691, stack(0x000070000ffa3000,0x00007000101a3000)]
  0x00007f8463075000 JavaThread "C1 CompilerThread2" daemon [_thread_blocked, id=18179, stack(0x000070000fea0000,0x000070000ffa0000)]
  0x00007f8463074800 JavaThread "C2 CompilerThread1" daemon [_thread_blocked, id=17667, stack(0x000070000fd9d000,0x000070000fe9d000)]
  0x00007f846303e800 JavaThread "C2 CompilerThread0" daemon [_thread_blocked, id=17155, stack(0x000070000fc9a000,0x000070000fd9a000)]
  0x00007f846306c000 JavaThread "Signal Dispatcher" daemon [_thread_blocked, id=16643, stack(0x000070000fa97000,0x000070000fc97000)]
  0x00007f8463062800 JavaThread "Finalizer" daemon [_thread_blocked, id=12547, stack(0x000070000f894000,0x000070000fa94000)]
  0x00007f8463060000 JavaThread "Reference Handler" daemon [_thread_blocked, id=12035, stack(0x000070000f691000,0x000070000f891000)]

Other Threads:
  0x00007f846305f000 VMThread [stack: 0x000070000f58e000,0x000070000f68e000] [id=11523]
  0x00007f846306b000 WatcherThread [stack: 0x00007000101a6000,0x00007000102a6000] [id=19203]

VM state:not at safepoint (normal execution)

VM Mutex/Monitor currently owned by a thread: None

Heap:
 PSYoungGen      total 138240K, used 28531K [0x0000000795580000, 0x000000079ff80000, 0x00000007c0000000)
  eden space 117760K, 7% used [0x0000000795580000,0x0000000795d95eb8,0x000000079c880000)
  from space 20480K, 98% used [0x000000079ca80000,0x000000079de46ec8,0x000000079de80000)
  to   space 28160K, 0% used [0x000000079e400000,0x000000079e400000,0x000000079ff80000)
 ParOldGen       total 418304K, used 296357K [0x0000000740000000, 0x0000000759880000, 0x0000000795580000)
  object space 418304K, 70% used [0x0000000740000000,0x0000000752169680,0x0000000759880000)
 Metaspace       used 119687K, capacity 137708K, committed 137880K, reserved 1169408K
  class space    used 14030K, capacity 18746K, committed 18864K, reserved 1048576K

Card table byte_map: [0x0000000103b98000,0x0000000103f99000] byte_map_base: 0x0000000100198000

Marking Bits: (ParMarkBitMap*) 0x00000001030f1ea0
 Begin Bits: [0x0000000116bc8000, 0x0000000118bc8000)
 End Bits:   [0x0000000118bc8000, 0x000000011abc8000)

Polling page: 0x0000000101fd5000

CodeCache: size=245760Kb used=109153Kb max_used=110063Kb free=136607Kb
 bounds [0x0000000107bc8000, 0x000000010e818000, 0x0000000116bc8000]
 total_blobs=26523 nmethods=25601 adapters=829
 compilation: enabled

Compilation events (10 events):
Event: 23531.533 Thread 0x00007f8463075000 39232       3       javax.swing.tree.FixedHeightLayoutCache::getVisiblePathsFrom (81 bytes)
Event: 23531.535 Thread 0x00007f8463075000 nmethod 39232 0x0000000108646490 code [0x0000000108646660, 0x0000000108646ca8]
Event: 23531.535 Thread 0x00007f8463075000 39233       3       javax.swing.tree.FixedHeightLayoutCache$VisibleFHTreeStateNodeEnumeration::<init> (40 bytes)
Event: 23531.537 Thread 0x00007f8463075000 nmethod 39233 0x000000010aac3f50 code [0x000000010aac40c0, 0x000000010aac4428]
Event: 26160.549 Thread 0x00007f8463075000 39234       3       org.netbeans.modules.masterfs.filebasedfs.utils.FileChangedManager::isClassLoading (77 bytes)
Event: 26160.569 Thread 0x00007f8463075000 nmethod 39234 0x0000000109954050 code [0x0000000109954260, 0x0000000109954e58]
Event: 26160.817 Thread 0x00007f8463074800 39235       4       org.netbeans.modules.masterfs.filebasedfs.naming.NamingFactory::collectSubnames (177 bytes)
Event: 26160.833 Thread 0x00007f8463075000 39236       3       org.netbeans.modules.masterfs.filebasedfs.fileobjects.FileObjectFactory::refresh (150 bytes)
Event: 26160.836 Thread 0x00007f8463075000 nmethod 39236 0x000000010bc0ce90 code [0x000000010bc0d0e0, 0x000000010bc0de58]
Event: 26160.884 Thread 0x00007f8463074800 nmethod 39235 0x000000010812f950 code [0x000000010812fc40, 0x0000000108131360]

GC Heap History (10 events):
Event: 23236.152 GC heap before
{Heap before GC invocations=154 (full 5):
 PSYoungGen      total 152064K, used 141983K [0x0000000795580000, 0x00000007a0800000, 0x00000007c0000000)
  eden space 128512K, 100% used [0x0000000795580000,0x000000079d300000,0x000000079d300000)
  from space 23552K, 57% used [0x000000079f100000,0x000000079fe27fc0,0x00000007a0800000)
  to   space 27136K, 0% used [0x000000079d300000,0x000000079d300000,0x000000079ed80000)
 ParOldGen       total 418304K, used 296117K [0x0000000740000000, 0x0000000759880000, 0x0000000795580000)
  object space 418304K, 70% used [0x0000000740000000,0x000000075212d620,0x0000000759880000)
 Metaspace       used 119649K, capacity 137702K, committed 137880K, reserved 1169408K
  class space    used 14029K, capacity 18745K, committed 18864K, reserved 1048576K
Event: 23236.172 GC heap after
Heap after GC invocations=154 (full 5):
 PSYoungGen      total 141824K, used 15684K [0x0000000795580000, 0x00000007a0480000, 0x00000007c0000000)
  eden space 125952K, 0% used [0x0000000795580000,0x0000000795580000,0x000000079d080000)
  from space 15872K, 98% used [0x000000079d300000,0x000000079e251220,0x000000079e280000)
  to   space 26624K, 0% used [0x000000079ea80000,0x000000079ea80000,0x00000007a0480000)
 ParOldGen       total 418304K, used 296149K [0x0000000740000000, 0x0000000759880000, 0x0000000795580000)
  object space 418304K, 70% used [0x0000000740000000,0x0000000752135620,0x0000000759880000)
 Metaspace       used 119649K, capacity 137702K, committed 137880K, reserved 1169408K
  class space    used 14029K, capacity 18745K, committed 18864K, reserved 1048576K
}
Event: 23355.199 GC heap before
{Heap before GC invocations=155 (full 5):
 PSYoungGen      total 141824K, used 141636K [0x0000000795580000, 0x00000007a0480000, 0x00000007c0000000)
  eden space 125952K, 100% used [0x0000000795580000,0x000000079d080000,0x000000079d080000)
  from space 15872K, 98% used [0x000000079d300000,0x000000079e251220,0x000000079e280000)
  to   space 26624K, 0% used [0x000000079ea80000,0x000000079ea80000,0x00000007a0480000)
 ParOldGen       total 418304K, used 296149K [0x0000000740000000, 0x0000000759880000, 0x0000000795580000)
  object space 418304K, 70% used [0x0000000740000000,0x0000000752135620,0x0000000759880000)
 Metaspace       used 119649K, capacity 137702K, committed 137880K, reserved 1169408K
  class space    used 14029K, capacity 18745K, committed 18864K, reserved 1048576K
Event: 23355.214 GC heap after
Heap after GC invocations=155 (full 5):
 PSYoungGen      total 147456K, used 16676K [0x0000000795580000, 0x00000007a0180000, 0x00000007c0000000)
  eden space 123904K, 0% used [0x0000000795580000,0x0000000795580000,0x000000079ce80000)
  from space 23552K, 70% used [0x000000079ea80000,0x000000079fac91c8,0x00000007a0180000)
  to   space 26112K, 0% used [0x000000079ce80000,0x000000079ce80000,0x000000079e800000)
 ParOldGen       total 418304K, used 296189K [0x0000000740000000, 0x0000000759880000, 0x0000000795580000)
  object space 418304K, 70% used [0x0000000740000000,0x000000075213f620,0x0000000759880000)
 Metaspace       used 119649K, capacity 137702K, committed 137880K, reserved 1169408K
  class space    used 14029K, capacity 18745K, committed 18864K, reserved 1048576K
}
Event: 23402.454 GC heap before
{Heap before GC invocations=156 (full 5):
 PSYoungGen      total 147456K, used 140580K [0x0000000795580000, 0x00000007a0180000, 0x00000007c0000000)
  eden space 123904K, 100% used [0x0000000795580000,0x000000079ce80000,0x000000079ce80000)
  from space 23552K, 70% used [0x000000079ea80000,0x000000079fac91c8,0x00000007a0180000)
  to   space 26112K, 0% used [0x000000079ce80000,0x000000079ce80000,0x000000079e800000)
 ParOldGen       total 418304K, used 296189K [0x0000000740000000, 0x0000000759880000, 0x0000000795580000)
  object space 418304K, 70% used [0x0000000740000000,0x000000075213f620,0x0000000759880000)
 Metaspace       used 119671K, capacity 137708K, committed 137880K, reserved 1169408K
  class space    used 14030K, capacity 18746K, committed 18864K, reserved 1048576K
Event: 23402.472 GC heap after
Heap after GC invocations=156 (full 5):
 PSYoungGen      total 141312K, used 19192K [0x0000000795580000, 0x00000007a0180000, 0x00000007c0000000)
  eden space 121856K, 0% used [0x0000000795580000,0x0000000795580000,0x000000079cc80000)
  from space 19456K, 98% used [0x000000079ce80000,0x000000079e13e1b8,0x000000079e180000)
  to   space 27136K, 0% used [0x000000079e700000,0x000000079e700000,0x00000007a0180000)
 ParOldGen       total 418304K, used 296229K [0x0000000740000000, 0x0000000759880000, 0x0000000795580000)
  object space 418304K, 70% used [0x0000000740000000,0x0000000752149620,0x0000000759880000)
 Metaspace       used 119671K, capacity 137708K, committed 137880K, reserved 1169408K
  class space    used 14030K, capacity 18746K, committed 18864K, reserved 1048576K
}
Event: 23439.614 GC heap before
{Heap before GC invocations=157 (full 5):
 PSYoungGen      total 141312K, used 141048K [0x0000000795580000, 0x00000007a0180000, 0x00000007c0000000)
  eden space 121856K, 100% used [0x0000000795580000,0x000000079cc80000,0x000000079cc80000)
  from space 19456K, 98% used [0x000000079ce80000,0x000000079e13e1b8,0x000000079e180000)
  to   space 27136K, 0% used [0x000000079e700000,0x000000079e700000,0x00000007a0180000)
 ParOldGen       total 418304K, used 296229K [0x0000000740000000, 0x0000000759880000, 0x0000000795580000)
  object space 418304K, 70% used [0x0000000740000000,0x0000000752149620,0x0000000759880000)
 Metaspace       used 119681K, capacity 137708K, committed 137880K, reserved 1169408K
  class space    used 14030K, capacity 18746K, committed 18864K, reserved 1048576K
Event: 23439.631 GC heap after
Heap after GC invocations=157 (full 5):
 PSYoungGen      total 145920K, used 19910K [0x0000000795580000, 0x00000007a0080000, 0x00000007c0000000)
  eden space 119808K, 0% used [0x0000000795580000,0x0000000795580000,0x000000079ca80000)
  from space 26112K, 76% used [0x000000079e700000,0x000000079fa71a38,0x00000007a0080000)
  to   space 27648K, 0% used [0x000000079ca80000,0x000000079ca80000,0x000000079e580000)
 ParOldGen       total 418304K, used 296285K [0x0000000740000000, 0x0000000759880000, 0x0000000795580000)
  object space 418304K, 70% used [0x0000000740000000,0x0000000752157640,0x0000000759880000)
 Metaspace       used 119681K, capacity 137708K, committed 137880K, reserved 1169408K
  class space    used 14030K, capacity 18746K, committed 18864K, reserved 1048576K
}
Event: 26161.044 GC heap before
{Heap before GC invocations=158 (full 5):
 PSYoungGen      total 145920K, used 139718K [0x0000000795580000, 0x00000007a0080000, 0x00000007c0000000)
  eden space 119808K, 100% used [0x0000000795580000,0x000000079ca80000,0x000000079ca80000)
  from space 26112K, 76% used [0x000000079e700000,0x000000079fa71a38,0x00000007a0080000)
  to   space 27648K, 0% used [0x000000079ca80000,0x000000079ca80000,0x000000079e580000)
 ParOldGen       total 418304K, used 296285K [0x0000000740000000, 0x0000000759880000, 0x0000000795580000)
  object space 418304K, 70% used [0x0000000740000000,0x0000000752157640,0x0000000759880000)
 Metaspace       used 119687K, capacity 137708K, committed 137880K, reserved 1169408K
  class space    used 14030K, capacity 18746K, committed 18864K, reserved 1048576K
Event: 26161.150 GC heap after
Heap after GC invocations=158 (full 5):
 PSYoungGen      total 138240K, used 20251K [0x0000000795580000, 0x000000079ff80000, 0x00000007c0000000)
  eden space 117760K, 0% used [0x0000000795580000,0x0000000795580000,0x000000079c880000)
  from space 20480K, 98% used [0x000000079ca80000,0x000000079de46ec8,0x000000079de80000)
  to   space 28160K, 0% used [0x000000079e400000,0x000000079e400000,0x000000079ff80000)
 ParOldGen       total 418304K, used 296357K [0x0000000740000000, 0x0000000759880000, 0x0000000795580000)
  object space 418304K, 70% used [0x0000000740000000,0x0000000752169680,0x0000000759880000)
 Metaspace       used 119687K, capacity 137708K, committed 137880K, reserved 1169408K
  class space    used 14030K, capacity 18746K, committed 18864K, reserved 1048576K
}

Deoptimization events (10 events):
Event: 23102.718 Thread 0x00007f84644d8000 Uncommon trap: reason=unstable_if action=reinterpret pc=0x0000000108003d34 method=java.util.HashMap.resize()[Ljava/util/HashMap$Node; @ 206
Event: 23104.566 Thread 0x00007f84635ab000 Uncommon trap: reason=unstable_if action=reinterpret pc=0x000000010bd01204 method=org.eclipse.osgi.internal.resolver.BundleDescriptionImpl.unload()V @ 60
Event: 23114.721 Thread 0x00007f8469a7a000 Uncommon trap: reason=unstable_if action=reinterpret pc=0x000000010989465c method=sun.nio.ch.Util$BufferCache.get(I)Ljava/nio/ByteBuffer; @ 25
Event: 23121.765 Thread 0x00007f846a894800 Uncommon trap: reason=unstable_if action=reinterpret pc=0x000000010e058294 method=org.netbeans.modules.java.editor.base.semantic.SemanticHighlighterBase.process(Lorg/netbeans/api/java/source/CompilationInfo;Ljavax/swing/text/Document;Lorg/netbeans/modules
Event: 23151.220 Thread 0x00007f846a894800 Uncommon trap: reason=unstable_if action=reinterpret pc=0x000000010d0b9938 method=java.util.Formatter$Flags.contains(Ljava/util/Formatter$Flags;)Z @ 13
Event: 23151.292 Thread 0x00007f846a894800 Uncommon trap: reason=unstable_if action=reinterpret pc=0x000000010dc35124 method=org.netbeans.modules.masterfs.filebasedfs.fileobjects.FileObjectFactory.issueIfExist(Ljava/io/File;Lorg/netbeans/modules/masterfs/filebasedfs/fileobjects/FileObjectFactory$C
Event: 23176.322 Thread 0x00007f8463418800 Uncommon trap: reason=null_check action=make_not_entrant pc=0x000000010d53d6e4 method=org.netbeans.modules.editor.settings.AttrSet$AttrSetBuilder.equals(Ljava/lang/Object;)Z @ 8
Event: 23176.322 Thread 0x00007f8463418800 Uncommon trap: reason=null_check action=make_not_entrant pc=0x000000010d5d42d4 method=org.netbeans.modules.editor.settings.AttrSet.equals(Ljava/lang/Object;)Z @ 8
Event: 23236.173 Thread 0x00007f8463418800 Uncommon trap: reason=null_check action=make_not_entrant pc=0x000000010baaaf50 method=org.netbeans.modules.editor.settings.AttrSet.equals(Ljava/lang/Object;)Z @ 8
Event: 23236.173 Thread 0x00007f8463418800 Uncommon trap: reason=null_check action=make_not_entrant pc=0x000000010c83e5e0 method=org.netbeans.modules.editor.settings.AttrSet$AttrSetBuilder.equals(Ljava/lang/Object;)Z @ 8

Internal exceptions (10 events):
Event: 23521.600 Thread 0x00007f8469dbe800 Exception <a 'sun/nio/fs/UnixException'> (0x000000079838ad90) thrown at [/Users/java_re/workspace/8-2-build-macosx-x86_64/jdk8u131/8869/hotspot/src/share/vm/prims/jni.cpp, line 709]
Event: 23521.600 Thread 0x00007f8469dbe800 Exception <a 'sun/nio/fs/UnixException'> (0x000000079838ba30) thrown at [/Users/java_re/workspace/8-2-build-macosx-x86_64/jdk8u131/8869/hotspot/src/share/vm/prims/jni.cpp, line 709]
Event: 23527.049 Thread 0x00007f846ad25000 Exception <a 'sun/nio/fs/UnixException'> (0x0000000798cff690) thrown at [/Users/java_re/workspace/8-2-build-macosx-x86_64/jdk8u131/8869/hotspot/src/share/vm/prims/jni.cpp, line 709]
Event: 23527.050 Thread 0x00007f846ad25000 Exception <a 'sun/nio/fs/UnixException'> (0x0000000798d05b60) thrown at [/Users/java_re/workspace/8-2-build-macosx-x86_64/jdk8u131/8869/hotspot/src/share/vm/prims/jni.cpp, line 709]
Event: 23527.051 Thread 0x00007f846ad25000 Exception <a 'sun/nio/fs/UnixException'> (0x0000000798d0e780) thrown at [/Users/java_re/workspace/8-2-build-macosx-x86_64/jdk8u131/8869/hotspot/src/share/vm/prims/jni.cpp, line 709]
Event: 23527.051 Thread 0x00007f846ad25000 Exception <a 'java/io/FileNotFoundException'> (0x0000000798d0f3e8) thrown at [/Users/java_re/workspace/8-2-build-macosx-x86_64/jdk8u131/8869/hotspot/src/share/vm/prims/jni.cpp, line 709]
Event: 23527.051 Thread 0x00007f846ad25000 Exception <a 'java/io/FileNotFoundException'> (0x0000000798d0ffe8) thrown at [/Users/java_re/workspace/8-2-build-macosx-x86_64/jdk8u131/8869/hotspot/src/share/vm/prims/jni.cpp, line 709]
Event: 23527.051 Thread 0x00007f846ad25000 Exception <a 'java/io/FileNotFoundException'> (0x0000000798d10cb0) thrown at [/Users/java_re/workspace/8-2-build-macosx-x86_64/jdk8u131/8869/hotspot/src/share/vm/prims/jni.cpp, line 709]
Event: 23527.051 Thread 0x00007f846ad25000 Exception <a 'java/io/FileNotFoundException'> (0x0000000798d119a0) thrown at [/Users/java_re/workspace/8-2-build-macosx-x86_64/jdk8u131/8869/hotspot/src/share/vm/prims/jni.cpp, line 709]
Event: 23527.051 Thread 0x00007f846ad25000 Exception <a 'java/io/FileNotFoundException'> (0x0000000798d126b8) thrown at [/Users/java_re/workspace/8-2-build-macosx-x86_64/jdk8u131/8869/hotspot/src/share/vm/prims/jni.cpp, line 709]

Events (10 events):
Event: 26161.161 Executing VM operation: RevokeBias
Event: 26161.161 Executing VM operation: RevokeBias done
Event: 26161.161 Executing VM operation: RevokeBias
Event: 26161.162 Executing VM operation: RevokeBias done
Event: 26161.162 Executing VM operation: RevokeBias
Event: 26161.162 Executing VM operation: RevokeBias done
Event: 26161.162 Executing VM operation: RevokeBias
Event: 26161.162 Executing VM operation: RevokeBias done
Event: 26161.162 Executing VM operation: BulkRevokeBias
Event: 26161.164 Executing VM operation: BulkRevokeBias done


Dynamic libraries:
0x000000003cf69000 	/System/Library/Frameworks/Cocoa.framework/Versions/A/Cocoa
0x000000003cf69000 	/System/Library/Frameworks/Security.framework/Versions/A/Security
0x000000003cf69000 	/System/Library/Frameworks/ApplicationServices.framework/Versions/A/ApplicationServices
0x000000003cf69000 	/usr/lib/libz.1.dylib
0x000000003cf69000 	/usr/lib/libSystem.B.dylib
0x000000003cf69000 	/usr/lib/libobjc.A.dylib
0x000000003cf69000 	/System/Library/Frameworks/CoreFoundation.framework/Versions/A/CoreFoundation
0x000000003cf69000 	/System/Library/Frameworks/Foundation.framework/Versions/C/Foundation
0x000000003cf69000 	/System/Library/Frameworks/AppKit.framework/Versions/C/AppKit
0x000000003cf69000 	/System/Library/Frameworks/CoreData.framework/Versions/A/CoreData
0x000000003cf69000 	/System/Library/PrivateFrameworks/RemoteViewServices.framework/Versions/A/RemoteViewServices
0x000000003cf69000 	/System/Library/PrivateFrameworks/UIFoundation.framework/Versions/A/UIFoundation
0x000000003cf69000 	/System/Library/PrivateFrameworks/DFRFoundation.framework/Versions/A/DFRFoundation
0x000000003cf69000 	/usr/lib/libenergytrace.dylib
0x000000003cf69000 	/System/Library/PrivateFrameworks/SkyLight.framework/Versions/A/SkyLight
0x000000003cf69000 	/System/Library/Frameworks/CoreGraphics.framework/Versions/A/CoreGraphics
0x000000003cf69000 	/usr/lib/libScreenReader.dylib
0x000000003cf69000 	/System/Library/Frameworks/Accelerate.framework/Versions/A/Accelerate
0x000000003cf69000 	/System/Library/Frameworks/IOSurface.framework/Versions/A/IOSurface
0x000000003cf69000 	/System/Library/Frameworks/AudioToolbox.framework/Versions/A/AudioToolbox
0x000000003cf69000 	/System/Library/Frameworks/AudioUnit.framework/Versions/A/AudioUnit
0x000000003cf69000 	/System/Library/PrivateFrameworks/DataDetectorsCore.framework/Versions/A/DataDetectorsCore
0x000000003cf69000 	/System/Library/PrivateFrameworks/DesktopServicesPriv.framework/Versions/A/DesktopServicesPriv
0x000000003cf69000 	/System/Library/Frameworks/Carbon.framework/Versions/A/Frameworks/HIToolbox.framework/Versions/A/HIToolbox
0x000000003cf69000 	/usr/lib/libicucore.A.dylib
0x000000003cf69000 	/System/Library/Frameworks/QuartzCore.framework/Versions/A/QuartzCore
0x000000003cf69000 	/System/Library/Frameworks/Carbon.framework/Versions/A/Frameworks/SpeechRecognition.framework/Versions/A/SpeechRecognition
0x000000003cf69000 	/usr/lib/libauto.dylib
0x000000003cf69000 	/usr/lib/libxml2.2.dylib
0x000000003cf69000 	/System/Library/PrivateFrameworks/CoreUI.framework/Versions/A/CoreUI
0x000000003cf69000 	/System/Library/Frameworks/CoreAudio.framework/Versions/A/CoreAudio
0x000000003cf69000 	/System/Library/Frameworks/DiskArbitration.framework/Versions/A/DiskArbitration
0x000000003cf69000 	/usr/lib/liblangid.dylib
0x000000003cf69000 	/System/Library/PrivateFrameworks/MultitouchSupport.framework/Versions/A/MultitouchSupport
0x000000003cf69000 	/System/Library/Frameworks/IOKit.framework/Versions/A/IOKit
0x000000003cf69000 	/usr/lib/libDiagnosticMessagesClient.dylib
0x000000003cf69000 	/System/Library/Frameworks/CoreServices.framework/Versions/A/CoreServices
0x000000003cf69000 	/System/Library/PrivateFrameworks/PerformanceAnalysis.framework/Versions/A/PerformanceAnalysis
0x000000003cf69000 	/System/Library/PrivateFrameworks/GenerationalStorage.framework/Versions/A/GenerationalStorage
0x000000003cf69000 	/System/Library/Frameworks/OpenGL.framework/Versions/A/OpenGL
0x000000003cf69000 	/System/Library/Frameworks/CoreImage.framework/Versions/A/CoreImage
0x000000003cf69000 	/System/Library/Frameworks/CoreText.framework/Versions/A/CoreText
0x000000003cf69000 	/System/Library/Frameworks/ImageIO.framework/Versions/A/ImageIO
0x000000003cf69000 	/System/Library/PrivateFrameworks/Backup.framework/Versions/A/Backup
0x000000003cf69000 	/usr/lib/libarchive.2.dylib
0x000000003cf69000 	/System/Library/Frameworks/CFNetwork.framework/Versions/A/CFNetwork
0x000000003cf69000 	/System/Library/Frameworks/SystemConfiguration.framework/Versions/A/SystemConfiguration
0x000000003cf69000 	/usr/lib/libCRFSuite.dylib
0x000000003cf69000 	/usr/lib/libc++.1.dylib
0x000000003cf69000 	/usr/lib/libc++abi.dylib
0x000000003cf69000 	/usr/lib/system/libcache.dylib
0x000000003cf69000 	/usr/lib/system/libcommonCrypto.dylib
0x000000003cf69000 	/usr/lib/system/libcompiler_rt.dylib
0x000000003cf69000 	/usr/lib/system/libcopyfile.dylib
0x000000003cf69000 	/usr/lib/system/libcorecrypto.dylib
0x000000003cf69000 	/usr/lib/system/libdispatch.dylib
0x000000003cf69000 	/usr/lib/system/libdyld.dylib
0x000000003cf69000 	/usr/lib/system/libkeymgr.dylib
0x000000003cf69000 	/usr/lib/system/liblaunch.dylib
0x000000003cf69000 	/usr/lib/system/libmacho.dylib
0x000000003cf69000 	/usr/lib/system/libquarantine.dylib
0x000000003cf69000 	/usr/lib/system/libremovefile.dylib
0x000000003cf69000 	/usr/lib/system/libsystem_asl.dylib
0x000000003cf69000 	/usr/lib/system/libsystem_blocks.dylib
0x000000003cf69000 	/usr/lib/system/libsystem_c.dylib
0x000000003cf69000 	/usr/lib/system/libsystem_configuration.dylib
0x000000003cf69000 	/usr/lib/system/libsystem_coreservices.dylib
0x000000003cf69000 	/usr/lib/system/libsystem_coretls.dylib
0x000000003cf69000 	/usr/lib/system/libsystem_dnssd.dylib
0x000000003cf69000 	/usr/lib/system/libsystem_info.dylib
0x000000003cf69000 	/usr/lib/system/libsystem_kernel.dylib
0x000000003cf69000 	/usr/lib/system/libsystem_m.dylib
0x000000003cf69000 	/usr/lib/system/libsystem_malloc.dylib
0x000000003cf69000 	/usr/lib/system/libsystem_network.dylib
0x000000003cf69000 	/usr/lib/system/libsystem_networkextension.dylib
0x000000003cf69000 	/usr/lib/system/libsystem_notify.dylib
0x000000003cf69000 	/usr/lib/system/libsystem_platform.dylib
0x000000003cf69000 	/usr/lib/system/libsystem_pthread.dylib
0x000000003cf69000 	/usr/lib/system/libsystem_sandbox.dylib
0x000000003cf69000 	/usr/lib/system/libsystem_secinit.dylib
0x000000003cf69000 	/usr/lib/system/libsystem_symptoms.dylib
0x000000003cf69000 	/usr/lib/system/libsystem_trace.dylib
0x000000003cf69000 	/usr/lib/system/libunwind.dylib
0x000000003cf69000 	/usr/lib/system/libxpc.dylib
0x000000003cf69000 	/usr/lib/libbsm.0.dylib
0x000000003cf69000 	/usr/lib/system/libkxld.dylib
0x000000003cf69000 	/usr/lib/libcoretls.dylib
0x000000003cf69000 	/usr/lib/libcoretls_cfhelpers.dylib
0x000000003cf69000 	/usr/lib/libOpenScriptingUtil.dylib
0x000000003cf69000 	/usr/lib/libpam.2.dylib
0x000000003cf69000 	/usr/lib/libsqlite3.dylib
0x000000003cf69000 	/usr/lib/libxar.1.dylib
0x000000003cf69000 	/usr/lib/libbz2.1.0.dylib
0x000000003cf69000 	/usr/lib/liblzma.5.dylib
0x000000003cf69000 	/usr/lib/libnetwork.dylib
0x000000003cf69000 	/usr/lib/libpcap.A.dylib
0x000000003cf69000 	/System/Library/Frameworks/CoreServices.framework/Versions/A/Frameworks/FSEvents.framework/Versions/A/FSEvents
0x000000003cf69000 	/System/Library/Frameworks/CoreServices.framework/Versions/A/Frameworks/CarbonCore.framework/Versions/A/CarbonCore
0x000000003cf69000 	/System/Library/Frameworks/CoreServices.framework/Versions/A/Frameworks/Metadata.framework/Versions/A/Metadata
0x000000003cf69000 	/System/Library/Frameworks/CoreServices.framework/Versions/A/Frameworks/OSServices.framework/Versions/A/OSServices
0x000000003cf69000 	/System/Library/Frameworks/CoreServices.framework/Versions/A/Frameworks/SearchKit.framework/Versions/A/SearchKit
0x000000003cf69000 	/System/Library/Frameworks/CoreServices.framework/Versions/A/Frameworks/AE.framework/Versions/A/AE
0x000000003cf69000 	/System/Library/Frameworks/CoreServices.framework/Versions/A/Frameworks/LaunchServices.framework/Versions/A/LaunchServices
0x000000003cf69000 	/System/Library/Frameworks/CoreServices.framework/Versions/A/Frameworks/DictionaryServices.framework/Versions/A/DictionaryServices
0x000000003cf69000 	/System/Library/Frameworks/CoreServices.framework/Versions/A/Frameworks/SharedFileList.framework/Versions/A/SharedFileList
0x000000003cf69000 	/System/Library/Frameworks/NetFS.framework/Versions/A/NetFS
0x000000003cf69000 	/System/Library/PrivateFrameworks/NetAuth.framework/Versions/A/NetAuth
0x000000003cf69000 	/System/Library/PrivateFrameworks/login.framework/Versions/A/Frameworks/loginsupport.framework/Versions/A/loginsupport
0x000000003cf69000 	/System/Library/PrivateFrameworks/TCC.framework/Versions/A/TCC
0x000000003cf69000 	/usr/lib/libmecabra.dylib
0x000000003cf69000 	/System/Library/Frameworks/ApplicationServices.framework/Versions/A/Frameworks/ATS.framework/Versions/A/ATS
0x000000003cf69000 	/System/Library/Frameworks/ApplicationServices.framework/Versions/A/Frameworks/ColorSync.framework/Versions/A/ColorSync
0x000000003cf69000 	/System/Library/Frameworks/ApplicationServices.framework/Versions/A/Frameworks/HIServices.framework/Versions/A/HIServices
0x000000003cf69000 	/System/Library/Frameworks/ApplicationServices.framework/Versions/A/Frameworks/LangAnalysis.framework/Versions/A/LangAnalysis
0x000000003cf69000 	/System/Library/Frameworks/ApplicationServices.framework/Versions/A/Frameworks/PrintCore.framework/Versions/A/PrintCore
0x000000003cf69000 	/System/Library/Frameworks/ApplicationServices.framework/Versions/A/Frameworks/QD.framework/Versions/A/QD
0x000000003cf69000 	/System/Library/Frameworks/ApplicationServices.framework/Versions/A/Frameworks/SpeechSynthesis.framework/Versions/A/SpeechSynthesis
0x000000003cf69000 	/System/Library/Frameworks/Accelerate.framework/Versions/A/Frameworks/vImage.framework/Versions/A/vImage
0x000000003cf69000 	/System/Library/Frameworks/Accelerate.framework/Versions/A/Frameworks/vecLib.framework/Versions/A/vecLib
0x000000003cf69000 	/System/Library/Frameworks/Accelerate.framework/Versions/A/Frameworks/vecLib.framework/Versions/A/libvDSP.dylib
0x000000003cf69000 	/System/Library/Frameworks/Accelerate.framework/Versions/A/Frameworks/vecLib.framework/Versions/A/libBNNS.dylib
0x000000003cf69000 	/System/Library/Frameworks/Accelerate.framework/Versions/A/Frameworks/vecLib.framework/Versions/A/libQuadrature.dylib
0x000000003cf69000 	/System/Library/Frameworks/Accelerate.framework/Versions/A/Frameworks/vecLib.framework/Versions/A/libvMisc.dylib
0x000000003cf69000 	/System/Library/Frameworks/Accelerate.framework/Versions/A/Frameworks/vecLib.framework/Versions/A/libLAPACK.dylib
0x000000003cf69000 	/System/Library/Frameworks/Accelerate.framework/Versions/A/Frameworks/vecLib.framework/Versions/A/libBLAS.dylib
0x000000003cf69000 	/System/Library/Frameworks/Accelerate.framework/Versions/A/Frameworks/vecLib.framework/Versions/A/libLinearAlgebra.dylib
0x000000003cf69000 	/System/Library/Frameworks/Accelerate.framework/Versions/A/Frameworks/vecLib.framework/Versions/A/libSparseBLAS.dylib
0x000000003cf69000 	/System/Library/Frameworks/ApplicationServices.framework/Versions/A/Frameworks/ATS.framework/Versions/A/Resources/libFontParser.dylib
0x000000003cf69000 	/System/Library/Frameworks/ApplicationServices.framework/Versions/A/Frameworks/ATS.framework/Versions/A/Resources/libFontRegistry.dylib
0x000000003cf69000 	/System/Library/Frameworks/ImageIO.framework/Versions/A/Resources/libJPEG.dylib
0x000000003cf69000 	/System/Library/Frameworks/ImageIO.framework/Versions/A/Resources/libTIFF.dylib
0x000000003cf69000 	/System/Library/Frameworks/ImageIO.framework/Versions/A/Resources/libPng.dylib
0x000000003cf69000 	/System/Library/Frameworks/ImageIO.framework/Versions/A/Resources/libGIF.dylib
0x000000003cf69000 	/System/Library/Frameworks/ImageIO.framework/Versions/A/Resources/libJP2.dylib
0x000000003cf69000 	/System/Library/Frameworks/ImageIO.framework/Versions/A/Resources/libRadiance.dylib
0x000000003cf69000 	/usr/lib/libcompression.dylib
0x000000003cf69000 	/System/Library/PrivateFrameworks/AppleJPEG.framework/Versions/A/AppleJPEG
0x000000003cf69000 	/usr/lib/libcups.2.dylib
0x000000003cf69000 	/System/Library/Frameworks/Kerberos.framework/Versions/A/Kerberos
0x000000003cf69000 	/System/Library/Frameworks/GSS.framework/Versions/A/GSS
0x000000003cf69000 	/usr/lib/libresolv.9.dylib
0x000000003cf69000 	/usr/lib/libiconv.2.dylib
0x000000003cf69000 	/System/Library/PrivateFrameworks/Heimdal.framework/Versions/A/Heimdal
0x000000003cf69000 	/usr/lib/libheimdal-asn1.dylib
0x000000003cf69000 	/System/Library/Frameworks/OpenDirectory.framework/Versions/A/OpenDirectory
0x000000003cf69000 	/System/Library/PrivateFrameworks/CommonAuth.framework/Versions/A/CommonAuth
0x000000003cf69000 	/System/Library/Frameworks/OpenDirectory.framework/Versions/A/Frameworks/CFOpenDirectory.framework/Versions/A/CFOpenDirectory
0x000000003cf69000 	/System/Library/Frameworks/SecurityFoundation.framework/Versions/A/SecurityFoundation
0x000000003cf69000 	/System/Library/PrivateFrameworks/LanguageModeling.framework/Versions/A/LanguageModeling
0x000000003cf69000 	/usr/lib/libmarisa.dylib
0x000000003cf69000 	/usr/lib/libChineseTokenizer.dylib
0x000000003cf69000 	/usr/lib/libcmph.dylib
0x000000003cf69000 	/System/Library/PrivateFrameworks/CoreEmoji.framework/Versions/A/CoreEmoji
0x000000003cf69000 	/System/Library/Frameworks/ServiceManagement.framework/Versions/A/ServiceManagement
0x000000003cf69000 	/usr/lib/libxslt.1.dylib
0x000000003cf69000 	/System/Library/Frameworks/Carbon.framework/Versions/A/Frameworks/Ink.framework/Versions/A/Ink
0x000000003cf69000 	/System/Library/PrivateFrameworks/TextureIO.framework/Versions/A/TextureIO
0x000000003cf69000 	/System/Library/Frameworks/Metal.framework/Versions/A/Metal
0x000000003cf69000 	/usr/lib/libate.dylib
0x000000003cf69000 	/System/Library/PrivateFrameworks/GPUCompiler.framework/libmetal_timestamp.dylib
0x000000003cf69000 	/System/Library/Frameworks/OpenGL.framework/Versions/A/Libraries/libCoreFSCache.dylib
0x000000003cf69000 	/System/Library/PrivateFrameworks/IOAccelerator.framework/Versions/A/IOAccelerator
0x000000003cf69000 	/System/Library/Frameworks/CoreVideo.framework/Versions/A/CoreVideo
0x000000003cf69000 	/usr/lib/libFosl_dynamic.dylib
0x000000003cf69000 	/System/Library/PrivateFrameworks/MetalPerformanceShaders.framework/Versions/A/MetalPerformanceShaders
0x000000003cf69000 	/System/Library/PrivateFrameworks/FaceCore.framework/Versions/A/FaceCore
0x000000003cf69000 	/System/Library/Frameworks/OpenCL.framework/Versions/A/OpenCL
0x000000003cf69000 	/System/Library/Frameworks/OpenGL.framework/Versions/A/Libraries/libGLU.dylib
0x000000003cf69000 	/System/Library/Frameworks/OpenGL.framework/Versions/A/Libraries/libGFXShared.dylib
0x000000003cf69000 	/System/Library/Frameworks/OpenGL.framework/Versions/A/Libraries/libGL.dylib
0x000000003cf69000 	/System/Library/Frameworks/OpenGL.framework/Versions/A/Libraries/libGLImage.dylib
0x000000003cf69000 	/System/Library/Frameworks/OpenGL.framework/Versions/A/Libraries/libCVMSPluginSupport.dylib
0x000000003cf69000 	/System/Library/Frameworks/OpenGL.framework/Versions/A/Libraries/libCoreVMClient.dylib
0x000000003cf69000 	/System/Library/PrivateFrameworks/CrashReporterSupport.framework/Versions/A/CrashReporterSupport
0x000000003cf69000 	/System/Library/PrivateFrameworks/Sharing.framework/Versions/A/Sharing
0x000000003cf69000 	/System/Library/PrivateFrameworks/IconServices.framework/Versions/A/IconServices
0x000000003cf69000 	/System/Library/PrivateFrameworks/ProtocolBuffer.framework/Versions/A/ProtocolBuffer
0x000000003cf69000 	/System/Library/PrivateFrameworks/Apple80211.framework/Versions/A/Apple80211
0x000000003cf69000 	/System/Library/Frameworks/CoreWLAN.framework/Versions/A/CoreWLAN
0x000000003cf69000 	/System/Library/PrivateFrameworks/CoreUtils.framework/Versions/A/CoreUtils
0x000000003cf69000 	/System/Library/Frameworks/IOBluetooth.framework/Versions/A/IOBluetooth
0x000000003cf69000 	/System/Library/PrivateFrameworks/CoreWiFi.framework/Versions/A/CoreWiFi
0x000000003cf69000 	/System/Library/Frameworks/CoreBluetooth.framework/Versions/A/CoreBluetooth
0x000000003cf69000 	/System/Library/Frameworks/CoreDisplay.framework/Versions/A/CoreDisplay
0x000000003cf69000 	/System/Library/PrivateFrameworks/IOPresentment.framework/Versions/A/IOPresentment
0x000000003cf69000 	/System/Library/PrivateFrameworks/DSExternalDisplay.framework/Versions/A/DSExternalDisplay
0x000000003cf69000 	/System/Library/PrivateFrameworks/DebugSymbols.framework/Versions/A/DebugSymbols
0x000000003cf69000 	/System/Library/PrivateFrameworks/CoreSymbolication.framework/Versions/A/CoreSymbolication
0x000000003cf69000 	/System/Library/PrivateFrameworks/Symbolication.framework/Versions/A/Symbolication
0x000000003cf69000 	/System/Library/PrivateFrameworks/AppleFSCompression.framework/Versions/A/AppleFSCompression
0x000000003cf69000 	/System/Library/PrivateFrameworks/SpeechRecognitionCore.framework/Versions/A/SpeechRecognitionCore
0x000000003cf69000 	/System/Library/PrivateFrameworks/ChunkingLibrary.framework/Versions/A/ChunkingLibrary
0x0000000102800000 	/Library/Java/JavaVirtualMachines/jdk1.8.0_131.jdk/Contents/Home/jre/lib/server/libjvm.dylib
0x000000003cf69000 	/usr/lib/libstdc++.6.dylib
0x0000000101fc7000 	/Library/Java/JavaVirtualMachines/jdk1.8.0_131.jdk/Contents/Home/jre/lib/libverify.dylib
0x00000001037a3000 	/Library/Java/JavaVirtualMachines/jdk1.8.0_131.jdk/Contents/Home/jre/lib/libjava.dylib
0x0000000101fdf000 	/Library/Java/JavaVirtualMachines/jdk1.8.0_131.jdk/Contents/Home/jre/lib/libzip.dylib
0x000000010613b000 	/System/Library/Frameworks/JavaVM.framework/Frameworks/JavaRuntimeSupport.framework/JavaRuntimeSupport
0x0000000101fe9000 	/System/Library/Frameworks/JavaVM.framework/Versions/A/Frameworks/JavaNativeFoundation.framework/Versions/A/JavaNativeFoundation
0x0000000106155000 	/System/Library/Frameworks/JavaVM.framework/Versions/A/JavaVM
0x000000003cf69000 	/System/Library/Frameworks/Carbon.framework/Versions/A/Carbon
0x0000000106162000 	/System/Library/PrivateFrameworks/JavaLaunching.framework/Versions/A/JavaLaunching
0x000000003cf69000 	/System/Library/Frameworks/Carbon.framework/Versions/A/Frameworks/CommonPanels.framework/Versions/A/CommonPanels
0x000000003cf69000 	/System/Library/Frameworks/Carbon.framework/Versions/A/Frameworks/Help.framework/Versions/A/Help
0x000000003cf69000 	/System/Library/Frameworks/Carbon.framework/Versions/A/Frameworks/ImageCapture.framework/Versions/A/ImageCapture
0x000000003cf69000 	/System/Library/Frameworks/Carbon.framework/Versions/A/Frameworks/OpenScripting.framework/Versions/A/OpenScripting
0x000000003cf69000 	/System/Library/Frameworks/Carbon.framework/Versions/A/Frameworks/Print.framework/Versions/A/Print
0x000000003cf69000 	/System/Library/Frameworks/Carbon.framework/Versions/A/Frameworks/SecurityHI.framework/Versions/A/SecurityHI
0x0000000107a75000 	/Library/Java/JavaVirtualMachines/jdk1.8.0_131.jdk/Contents/Home/jre/lib/libnio.dylib
0x0000000107a85000 	/Library/Java/JavaVirtualMachines/jdk1.8.0_131.jdk/Contents/Home/jre/lib/./libnet.dylib
0x000000011e0f0000 	/Library/Java/JavaVirtualMachines/jdk1.8.0_131.jdk/Contents/Home/jre/lib/libawt.dylib
0x000000011e198000 	/Library/Java/JavaVirtualMachines/jdk1.8.0_131.jdk/Contents/Home/jre/lib/./libmlib_image.dylib
0x000000011e264000 	/Library/Java/JavaVirtualMachines/jdk1.8.0_131.jdk/Contents/Home/jre/lib/libawt_lwawt.dylib
0x0000000107b08000 	/Library/Java/JavaVirtualMachines/jdk1.8.0_131.jdk/Contents/Home/jre/lib/./libosxapp.dylib
0x000000003cf69000 	/System/Library/Frameworks/ExceptionHandling.framework/Versions/A/ExceptionHandling
0x000000003cf69000 	/System/Library/PrivateFrameworks/CoreServicesInternal.framework/Versions/A/CoreServicesInternal
0x000000003cf69000 	/System/Library/CoreServices/RawCamera.bundle/Contents/MacOS/RawCamera
0x000000011e893000 	/System/Library/Frameworks/Accelerate.framework/Frameworks/vImage.framework/Versions/A/Libraries/libCGInterfaces.dylib
0x000000003cf69000 	/System/Library/Frameworks/ApplicationServices.framework/Versions/A/Frameworks/ATS.framework/Versions/A/Resources/libTrueTypeScaler.dylib
0x000000011fe62000 	/System/Library/Frameworks/OpenGL.framework/Resources/GLEngine.bundle/GLEngine
0x000000003cf69000 	/System/Library/Frameworks/OpenGL.framework/Versions/A/Libraries/libGLProgrammability.dylib
0x0000000120047000 	/System/Library/Extensions/AppleIntelBDWGraphicsGLDriver.bundle/Contents/MacOS/AppleIntelBDWGraphicsGLDriver
0x000000003cf69000 	/System/Library/PrivateFrameworks/GPUSupport.framework/Versions/A/Libraries/libGPUSupportMercury.dylib
0x00000001207b1000 	/System/Library/Frameworks/OpenGL.framework/Resources//GLRendererFloat.bundle/GLRendererFloat
0x000000003cf69000 	/System/Library/Frameworks/OpenCL.framework/Versions/A/Libraries/libcldcpuengine.dylib
0x000000003cf69000 	/usr/lib/libcrypto.0.9.8.dylib
0x000000003cf69000 	/System/Library/PrivateFrameworks/TrustEvaluationAgent.framework/Versions/A/TrustEvaluationAgent
0x00000001207e5000 	/System/Library/Extensions/AppleIntelBDWGraphicsMTLDriver.bundle/Contents/MacOS/AppleIntelBDWGraphicsMTLDriver
0x000000003cf69000 	/System/Library/PrivateFrameworks/FamilyControls.framework/Versions/A/FamilyControls
0x000000003cf69000 	/System/Library/PrivateFrameworks/CommerceKit.framework/Versions/A/Frameworks/CommerceCore.framework/Versions/A/CommerceCore
0x000000003cf69000 	/System/Library/PrivateFrameworks/SystemAdministration.framework/Versions/A/SystemAdministration
0x000000003cf69000 	/System/Library/PrivateFrameworks/AppContainer.framework/Versions/A/AppContainer
0x000000003cf69000 	/System/Library/PrivateFrameworks/SecCodeWrapper.framework/Versions/A/SecCodeWrapper
0x000000003cf69000 	/System/Library/Frameworks/DirectoryService.framework/Versions/A/DirectoryService
0x000000003cf69000 	/System/Library/PrivateFrameworks/DiskImages.framework/Versions/A/DiskImages
0x000000003cf69000 	/System/Library/PrivateFrameworks/LoginUIKit.framework/Versions/A/Frameworks/LoginUICore.framework/Versions/A/LoginUICore
0x000000003cf69000 	/usr/lib/libCoreStorage.dylib
0x000000003cf69000 	/usr/lib/libcsfde.dylib
0x000000003cf69000 	/usr/lib/libodfde.dylib
0x000000003cf69000 	/System/Library/Frameworks/DiscRecording.framework/Versions/A/DiscRecording
0x000000003cf69000 	/usr/lib/libcurl.4.dylib
0x000000003cf69000 	/System/Library/PrivateFrameworks/MediaKit.framework/Versions/A/MediaKit
0x000000003cf69000 	/System/Library/PrivateFrameworks/ProtectedCloudStorage.framework/Versions/A/ProtectedCloudStorage
0x000000003cf69000 	/System/Library/PrivateFrameworks/EFILogin.framework/Versions/A/EFILogin
0x000000003cf69000 	/usr/lib/libutil.dylib
0x000000003cf69000 	/System/Library/Frameworks/LDAP.framework/Versions/A/LDAP
0x000000003cf69000 	/usr/lib/libsasl2.2.dylib
0x000000003cf69000 	/System/Library/PrivateFrameworks/CoreDaemon.framework/Versions/B/CoreDaemon
0x000000003cf69000 	/System/Library/PrivateFrameworks/AppleSRP.framework/Versions/A/AppleSRP
0x000000003cf69000 	/System/Library/PrivateFrameworks/APFS.framework/Versions/A/APFS
0x000000003cf69000 	/System/Library/PrivateFrameworks/ViewBridge.framework/Versions/A/ViewBridge
0x000000003cf69000 	/System/Library/PrivateFrameworks/XPCService.framework/Versions/A/XPCService
0x000000003cf69000 	/System/Library/PrivateFrameworks/AppSandbox.framework/Versions/A/AppSandbox
0x000000003cf69000 	/usr/lib/libsandbox.1.dylib
0x000000003cf69000 	/usr/lib/libMatch.1.dylib
0x00000001228df000 	/Library/Java/JavaVirtualMachines/jdk1.8.0_131.jdk/Contents/Home/jre/lib/libsplashscreen.dylib
0x0000000122938000 	/Library/Java/JavaVirtualMachines/jdk1.8.0_131.jdk/Contents/Home/jre/lib/libfontmanager.dylib
0x00000001209aa000 	/Library/Java/JavaVirtualMachines/jdk1.8.0_131.jdk/Contents/Home/jre/lib/libosxui.dylib
0x0000000125a2f000 	/Applications/NetBeans/Apache NetBeans 11.1.app/Contents/Resources/NetBeans/platform/modules/lib/libjnidispatch-440.jnilib
0x0000000125f7b000 	/Library/Java/JavaVirtualMachines/jdk1.8.0_131.jdk/Contents/Home/jre/lib/libmanagement.dylib
0x00000001238cf000 	/Library/Java/JavaVirtualMachines/jdk1.8.0_131.jdk/Contents/Home/jre/lib/libdcpr.dylib
0x0000000126082000 	/Library/Java/JavaVirtualMachines/jdk1.8.0_131.jdk/Contents/Home/jre/lib/libjpeg.dylib
0x000000003cf69000 	/System/Library/PrivateFrameworks/CloudDocs.framework/Versions/A/CloudDocs
0x000000003cf69000 	/System/Library/Frameworks/CloudKit.framework/Versions/A/CloudKit
0x000000003cf69000 	/System/Library/PrivateFrameworks/MMCS.framework/Versions/A/MMCS
0x000000003cf69000 	/System/Library/Frameworks/CoreLocation.framework/Versions/A/CoreLocation
0x000000003cf69000 	/System/Library/PrivateFrameworks/AssetCacheServices.framework/Versions/A/AssetCacheServices
0x000000003cf69000 	/System/Library/PrivateFrameworks/GeoServices.framework/Versions/A/GeoServices

VM Arguments:
jvm_args: -Djdk.home=/Library/Java/JavaVirtualMachines/jdk1.8.0_131.jdk/Contents/Home -Dnetbeans.default_userdir_root=/Users/dthurston/Library/Application Support/NetBeans -Dnetbeans.dirs=/Applications/NetBeans/Apache NetBeans 11.1.app/Contents/Resources/NetBeans/nb:/Applications/NetBeans/Apache NetBeans 11.1.app/Contents/Resources/NetBeans/ergonomics:/Applications/NetBeans/Apache NetBeans 11.1.app/Contents/Resources/NetBeans/ide:/Applications/NetBeans/Apache NetBeans 11.1.app/Contents/Resources/NetBeans/extide:/Applications/NetBeans/Apache NetBeans 11.1.app/Contents/Resources/NetBeans/java:/Applications/NetBeans/Apache NetBeans 11.1.app/Contents/Resources/NetBeans/apisupport:/Applications/NetBeans/Apache NetBeans 11.1.app/Contents/Resources/NetBeans/webcommon:/Applications/NetBeans/Apache NetBeans 11.1.app/Contents/Resources/NetBeans/websvccommon:/Applications/NetBeans/Apache NetBeans 11.1.app/Contents/Resources/NetBeans/enterprise:/Applications/NetBeans/Apache NetBeans 11.1.app/Contents/Resources/NetBeans/mobility:/Applications/NetBeans/Apache NetBeans 11.1.app/Contents/Resources/NetBeans/profiler:/Applications/NetBeans/Apache NetBeans 11.1.app/Contents/Resources/NetBeans/python:/Applications/NetBeans/Apache NetBeans 11.1.app/Contents/Resources/NetBeans/php:/Applications/NetBeans/Apache NetBeans 11.1.app/Contents/Resources/NetBeans/identity:/Applications/NetBeans/Apache NetBeans 11.1.app/Contents/Resources/NetBeans/harness:/Applications/NetBeans/Apache NetBeans 11.1.app/Contents/Resources/NetBeans/cnd:/Applications/NetBeans/Apache NetBeans 11.1.app/Contents/Resources/NetBeans/cndext:/Applications/NetBeans/Apache NetBeans 11.1.app/Contents/Resources/NetBeans/dlight:/Applications/NetBeans/Apache NetBeans 11.1.app/Contents/Resources/NetBeans/groovy:/Applications/NetBeans/Apache NetBeans 11.1.app/Contents/Resources/NetBeans/extra:/Applications/NetBeans/Apache NetBeans 11.1.app/Contents/Resources/NetBeans/javacard:/Applications/NetBeans/Apache NetBeans 11.1.app/Contents/Resources/NetBeans/javafx: -Dnetbeans.home=/Applications/NetBeans/Apache NetBeans 11.1.app/Contents/Resources/NetBeans/platform -Dnetbeans.importclass=org.netbeans.upgrade.AutoUpgrade -XX:+UseStringDeduplication -Xss2m -Djdk.gtk.version=2.2 -Dapple.laf.useScreenMenuBar=true -Dapple.awt.graphics.UseQuartz=true -Dsun.java2d.noddraw=true -Dsun.java2d.dpiaware=true -Dsun.zip.disableMemoryMapping=true -Dplugin.manager.check.updates=false -Dnetbeans.extbrowser.manual_chrome_plugin_install=yes --add-opens=java.base/java.net=ALL-UNNAMED --add-opens=java.base/java.lang.ref=ALL-UNNAMED --add-opens=java.base/java.lang=ALL-UNNAMED --add-opens=java.base/java.security=ALL-UNNAMED --add-opens=java.base/java.util=ALL-UNNAMED --add-opens=java.desktop/javax.swing.plaf.basic=ALL-UNNAMED --add-opens=java.desktop/javax.swing.text=ALL-UNNAMED --add-opens=java.desktop/javax.swing=ALL-UNNAMED --add-opens=java.desktop/java.awt=ALL-UNNAMED --add-opens=java.desktop/java.awt.event=ALL-UNNAMED --add-opens=java.prefs/java.util.prefs=ALL-UNNAMED --add-opens=jdk.jshell/jdk.jshell=ALL-UNNAMED --add-modules=jdk.jshell --add-exports=java.desktop/sun.awt=ALL-UNNAMED --add-exports=java.desktop/java.awt.peer=ALL-UNNAMED --add-exports=java.desktop/com.sun.beans.editors=ALL-UNNAMED --add-exports=java.desktop/sun.swing=ALL-UNNAMED --add-exports=java.desktop/sun.awt.im=ALL-UNNAMED --add-exports=jdk.internal.jvmstat/sun.jvmstat.monitor=ALL-UNNAMED --add-exports=java.management/sun.management=ALL-UNNAMED --add-exports=java.base/sun.reflect.annotation=ALL-UNNAMED --add-exports=jdk.javadoc/com.sun.tools.javadoc.main=ALL-UNNAMED -XX:+IgnoreUnrecognizedVMOptions -XX:+HeapDumpOnOutOfMemoryError -XX:HeapDumpPath=/Users/dthurston/Library/Application Support/NetBeans/11.1/var/log/heapdump.hprof 
java_command: org.netbeans.Main --cachedir /Users/dthurston/Library/Caches/NetBeans/11.1 --userdir /Users/dthurston/Library/Application Support/NetBeans/11.1 --branding nb
java_class_path (initial): /Applications/NetBeans/Apache NetBeans 11.1.app/Contents/Resources/NetBeans/platform/lib/boot.jar:/Applications/NetBeans/Apache NetBeans 11.1.app/Contents/Resources/NetBeans/platform/lib/org-openide-modules.jar:/Applications/NetBeans/Apache NetBeans 11.1.app/Contents/Resources/NetBeans/platform/lib/org-openide-util-lookup.jar:/Applications/NetBeans/Apache NetBeans 11.1.app/Contents/Resources/NetBeans/platform/lib/org-openide-util-ui.jar:/Applications/NetBeans/Apache NetBeans 11.1.app/Contents/Resources/NetBeans/platform/lib/org-openide-util.jar:/Library/Java/JavaVirtualMachines/jdk1.8.0_131.jdk/Contents/Home/lib/dt.jar:/Library/Java/JavaVirtualMachines/jdk1.8.0_131.jdk/Contents/Home/lib/tools.jar
Launcher Type: SUN_STANDARD

Environment Variables:
PATH=/Library/Frameworks/Python.framework/Versions/3.6/bin:/Users/dthurston/.rbenv/shims:/Library/Frameworks/Python.framework/Versions/2.7/bin:/usr/local/bin:/usr/bin:/bin:/usr/sbin:/sbin:/Library/Frameworks/Mono.framework/Versions/Current/Commands:/Applications/Wireshark.app/Contents/MacOS:/Users/dthurston/Projects
SHELL=/bin/bash

Signal Handlers:
SIGSEGV: [libjvm.dylib+0x5b1eb1], sa_mask[0]=11111111011111110111111111111111, sa_flags=SA_ONSTACK|SA_RESTART|SA_SIGINFO
SIGBUS: [libjvm.dylib+0x5b1eb1], sa_mask[0]=11111111011111110111111111111111, sa_flags=SA_RESTART|SA_SIGINFO
SIGFPE: [libjvm.dylib+0x488988], sa_mask[0]=11111111011111110111111111111111, sa_flags=SA_RESTART|SA_SIGINFO
SIGPIPE: [libjvm.dylib+0x488988], sa_mask[0]=11111111011111110111111111111111, sa_flags=SA_RESTART|SA_SIGINFO
SIGXFSZ: [libjvm.dylib+0x488988], sa_mask[0]=11111111011111110111111111111111, sa_flags=SA_RESTART|SA_SIGINFO
SIGILL: [libjvm.dylib+0x488988], sa_mask[0]=11111111011111110111111111111111, sa_flags=SA_RESTART|SA_SIGINFO
SIGUSR1: SIG_DFL, sa_mask[0]=11011111011111100000000111000110, sa_flags=none
SIGUSR2: [libjvm.dylib+0x4884a6], sa_mask[0]=00000000000000000000000000000000, sa_flags=SA_RESTART|SA_SIGINFO
SIGHUP: [libjvm.dylib+0x486a7d], sa_mask[0]=11111111011111110111111111111111, sa_flags=SA_RESTART|SA_SIGINFO
SIGINT: SIG_IGN, sa_mask[0]=00000000000000000000000000000000, sa_flags=none
SIGTERM: [libjvm.dylib+0x486a7d], sa_mask[0]=11111111011111110111111111111111, sa_flags=SA_RESTART|SA_SIGINFO
SIGQUIT: [libjvm.dylib+0x486a7d], sa_mask[0]=11111111011111110111111111111111, sa_flags=SA_RESTART|SA_SIGINFO


---------------  S Y S T E M  ---------------

OS:Bsduname:Darwin 16.7.0 Darwin Kernel Version 16.7.0: Sun Jun  2 20:26:31 PDT 2019; root:xnu-3789.73.50~1/RELEASE_X86_64 x86_64
rlimit: STACK 8192k, CORE 0k, NPROC 709, NOFILE 10240, AS infinity
load average:2.22 2.69 3.06

CPU:total 4 (initial active 4) (2 cores per cpu, 2 threads per core) family 6 model 61 stepping 4, cmov, cx8, fxsr, mmx, sse, sse2, sse3, ssse3, sse4.1, sse4.2, popcnt, avx, avx2, aes, clmul, erms, rtm, 3dnowpref, lzcnt, ht, tsc, tscinvbit, bmi1, bmi2, adx

Memory: 4k page, physical 8388608k(67984k free)

/proc/meminfo:


vm_info: Java HotSpot(TM) 64-Bit Server VM (25.131-b11) for bsd-amd64 JRE (1.8.0_131-b11), built on Mar 15 2017 01:32:22 by "java_re" with gcc 4.2.1 (Based on Apple Inc. build 5658) (LLVM build 2336.11.00)

time: Fri Feb 14 11:13:16 2020
elapsed time: 26161 seconds (0d 7h 16m 1s)

