#
# A fatal error has been detected by the Java Runtime Environment:
#
#  SIGSEGV (0xb) at pc=0x000000012a1513bf, pid=63165, tid=0x000000000000e007
#
# JRE version: Java(TM) SE Runtime Environment (8.0_131-b11) (build 1.8.0_131-b11)
# Java VM: Java HotSpot(TM) 64-Bit Server VM (25.131-b11 mixed mode bsd-amd64 compressed oops)
# Problematic frame:
# C  [libawt_lwawt.dylib+0x1c3bf]  OGLSD_SetScratchSurface+0x49
#
# Failed to write core dump. Core dumps have been disabled. To enable core dumping, try "ulimit -c unlimited" before starting Java again
#
# If you would like to submit a bug report, please visit:
#   http://bugreport.java.com/bugreport/crash.jsp
# The crash happened outside the Java Virtual Machine in native code.
# See problematic frame for where to report the bug.
#

---------------  T H R E A D  ---------------

Current thread (0x00007fa370afe800):  JavaThread "Java2D Queue Flusher" daemon [_thread_in_native, id=57351, stack(0x0000700011d84000,0x0000700011f84000)]

siginfo: si_signo: 11 (SIGSEGV), si_code: 1 (SEGV_MAPERR), si_addr: 0x0000000000000003

Registers:
RAX=0x000000012a171d0e, RBX=0x0000000000000003, RCX=0x0000000000000047, RDX=0x000000012a172258
RSP=0x0000700011f83810, RBP=0x0000700011f83830, RSI=0x00007fa379c3d140, RDI=0x00007fa370afe9f8
R8 =0x0000000000000020, R9 =0x0000000000000000, R10=0x0000000110c5a278, R11=0x00000000e82575e3
R12=0x0000000000000000, R13=0x00000007412baf88, R14=0x00007fa370afe9f8, R15=0x00007fa370afe800
RIP=0x000000012a1513bf, EFLAGS=0x0000000000010206, ERR=0x0000000000000004
  TRAPNO=0x000000000000000e

Top of Stack: (sp=0x0000700011f83810)
0x0000700011f83810:   00007fa379c3d140 0000000000000000
0x0000700011f83820:   00007fa371321410 00007fa370afe800
0x0000700011f83830:   0000700011f838b0 000000012a171d36
0x0000700011f83840:   0000000000000064 00007fa36fe8b578
0x0000700011f83850:   0000700011f838b0 000000010f550094
0x0000700011f83860:   0000000000000005 00007fa370afe800
0x0000700011f83870:   00000007412baf01 00007fa371321420
0x0000700011f83880:   0000700000f83800 00007fa370afe9f8
0x0000700011f83890:   0000000000000000 0000000000000000
0x0000700011f838a0:   0000700011f83960 00007fa370afe800
0x0000700011f838b0:   0000700011f83900 0000000110c5a2ea
0x0000700011f838c0:   00000007412baf00 0000700000000000
0x0000700011f838d0:   00007fa379c78f10 0000000000000001
0x0000700011f838e0:   0000000000000010 00000001125534a0
0x0000700011f838f0:   0000700011f83960 0000000000000286
0x0000700011f83900:   00000000e82575e0 0000000113843da8
0x0000700011f83910:   00000007412baf00 00000007412baf88
0x0000700011f83920:   0000000000000000 0000000000000000
0x0000700011f83930:   00000007412baf88 0000700011f839d0
0x0000700011f83940:   0000000000000001 0000000000000000
0x0000700011f83950:   0000700011f839d0 00000001101a37a7
0x0000700011f83960:   00000007412baf88 00000007412baf88
0x0000700011f83970:   0000700000001fa0 000000000000000a
0x0000700011f83980:   00007fa370afe800 0000000000000001
0x0000700011f83990:   00000001101a371f 00000001243be4f0
0x0000700011f839a0:   0000700011f83a68 0000700011f83d00
0x0000700011f839b0:   000000010000000a 00000001243be4f0
0x0000700011f839c0:   00000001101b6120 0000700011f83c70
0x0000700011f839d0:   0000700011f83b80 000000010f4ee5b6
0x0000700011f839e0:   0000700000000001 00007fa370afe800
0x0000700011f839f0:   00007fa370afe800 0000700011f83d00
0x0000700011f83a00:   00007fa36fe8b570 00000001101b6120 

Instructions: (pc=0x000000012a1513bf)
0x000000012a15139f:   c0 e9 82 00 00 00 48 8b 5e 10 48 85 db 75 0e bf
0x000000012a1513af:   01 00 00 00 48 8d 15 07 7c 03 00 eb d6 49 89 fe
0x000000012a1513bf:   4c 8b 3b 30 c0 e8 c1 a6 02 00 49 8b 3f 49 89 c4
0x000000012a1513cf:   48 8b 35 4a 03 06 00 30 c0 e8 0f a8 02 00 48 85 

Register to memory mapping:

RAX=0x000000012a171d0e: Java_sun_java2d_opengl_OGLRenderQueue_flushBuffer+0x612 in /Library/Java/JavaVirtualMachines/jdk1.8.0_131.jdk/Contents/Home/jre/lib/libawt_lwawt.dylib at 0x000000012a135000
RBX=0x0000000000000003 is an unknown value
RCX=0x0000000000000047 is an unknown value
RDX=0x000000012a172258: Java_sun_java2d_opengl_OGLRenderQueue_flushBuffer+0xb5c in /Library/Java/JavaVirtualMachines/jdk1.8.0_131.jdk/Contents/Home/jre/lib/libawt_lwawt.dylib at 0x000000012a135000
RSP=0x0000700011f83810 is pointing into the stack for thread: 0x00007fa370afe800
RBP=0x0000700011f83830 is pointing into the stack for thread: 0x00007fa370afe800
RSI=0x00007fa379c3d140 is an unknown value
RDI=0x00007fa370afe9f8 is an unknown value
R8 =0x0000000000000020 is an unknown value
R9 =0x0000000000000000 is an unknown value
R10=0x0000000110c5a278 is at entry_point+56 in (nmethod*)0x0000000110c5a0d0
R11=0x00000000e82575e3 is an unknown value
R12=0x0000000000000000 is an unknown value
R13=0x00000007412baf88 is an oop
sun.java2d.opengl.OGLRenderQueue$QueueFlusher 
 - klass: 'sun/java2d/opengl/OGLRenderQueue$QueueFlusher'
R14=0x00007fa370afe9f8 is an unknown value
R15=0x00007fa370afe800 is a thread


Stack: [0x0000700011d84000,0x0000700011f84000],  sp=0x0000700011f83810,  free space=2046k
Native frames: (J=compiled Java code, j=interpreted, Vv=VM code, C=native code)
C  [libawt_lwawt.dylib+0x1c3bf]  OGLSD_SetScratchSurface+0x49
C  [libawt_lwawt.dylib+0x3cd36]  Java_sun_java2d_opengl_OGLRenderQueue_flushBuffer+0x63a
J 8412  sun.java2d.opengl.OGLRenderQueue.flushBuffer(JI)V (0 bytes) @ 0x0000000110c5a2ea [0x0000000110c5a240+0xaa]
J 21644% C2 sun.java2d.opengl.OGLRenderQueue$QueueFlusher.run()V (234 bytes) @ 0x0000000113843da8 [0x0000000113843b80+0x228]
v  ~StubRoutines::call_stub
V  [libjvm.dylib+0x2ee5b6]
V  [libjvm.dylib+0x2eed5a]
V  [libjvm.dylib+0x2eef06]
V  [libjvm.dylib+0x34965d]
V  [libjvm.dylib+0x56b87f]
V  [libjvm.dylib+0x56cf6c]
V  [libjvm.dylib+0x48b376]
C  [libsystem_pthread.dylib+0x393b]  _pthread_body+0xb4
C  [libsystem_pthread.dylib+0x3887]  _pthread_body+0x0
C  [libsystem_pthread.dylib+0x308d]  thread_start+0xd
C  0x0000000000000000

Java frames: (J=compiled Java code, j=interpreted, Vv=VM code)
J 8412  sun.java2d.opengl.OGLRenderQueue.flushBuffer(JI)V (0 bytes) @ 0x0000000110c5a278 [0x0000000110c5a240+0x38]
J 21644% C2 sun.java2d.opengl.OGLRenderQueue$QueueFlusher.run()V (234 bytes) @ 0x0000000113843da8 [0x0000000113843b80+0x228]
v  ~StubRoutines::call_stub

---------------  P R O C E S S  ---------------

Java Threads: ( => current thread )
  0x00007fa37900b800 JavaThread "Inactive RequestProcessor thread [Was:org.remikz.netbeans.AutoSaveModified.AutoSaveModified/org.remikz.netbeans.AutoSaveModified.AutoSaveModified]" daemon [_thread_blocked, id=82935, stack(0x000070001177b000,0x000070001197b000)]
  0x00007fa37676e800 JavaThread "Refresh-After-WindowActivated" daemon [_thread_in_native, id=70599, stack(0x000070001197e000,0x0000700011b7e000)]
  0x00007fa37041d000 JavaThread "Editor Parsing Loop (netbeans-release-428-on-20190716)" daemon [_thread_blocked, id=81411, stack(0x0000700014643000,0x0000700014843000)]
  0x00007fa370804000 JavaThread "DestroyJavaVM" [_thread_blocked, id=7171, stack(0x000070000fcbf000,0x000070000febf000)]
  0x00007fa371033000 JavaThread "TimerQueue" daemon [_thread_blocked, id=80135, stack(0x0000700013e37000,0x0000700014037000)]
  0x00007fa370734000 JavaThread "Worker-JM" [_thread_blocked, id=76811, stack(0x0000700013c34000,0x0000700013e34000)]
  0x00007fa370d4c000 JavaThread "Framework Event Dispatcher" daemon [_thread_blocked, id=76435, stack(0x0000700013a31000,0x0000700013c31000)]
  0x00007fa37003a800 JavaThread "Deadlock Detector" [_thread_blocked, id=76011, stack(0x000070001382e000,0x0000700013a2e000)]
  0x00007fa377042800 JavaThread "Thread-3" daemon [_thread_blocked, id=75463, stack(0x000070001362b000,0x000070001382b000)]
  0x00007fa376db3800 JavaThread "File Watcher" daemon [_thread_blocked, id=74775, stack(0x0000700013428000,0x0000700013628000)]
  0x00007fa370048000 JavaThread "Thread-1" daemon [_thread_in_native, id=72739, stack(0x0000700013225000,0x0000700013425000)]
  0x00007fa370423800 JavaThread "State Data Manager" daemon [_thread_blocked, id=68635, stack(0x0000700012613000,0x0000700012813000)]
  0x00007fa37173f000 JavaThread "Framework Active Thread" [_thread_blocked, id=68271, stack(0x0000700012410000,0x0000700012610000)]
  0x00007fa370b98800 JavaThread "AWT-EventQueue-0" [_thread_blocked, id=64003, stack(0x000070001218a000,0x000070001238a000)]
  0x00007fa37132a800 JavaThread "Java2D Disposer" daemon [_thread_blocked, id=63499, stack(0x0000700011f87000,0x0000700012187000)]
=>0x00007fa370afe800 JavaThread "Java2D Queue Flusher" daemon [_thread_in_native, id=57351, stack(0x0000700011d84000,0x0000700011f84000)]
  0x00007fa37130f000 JavaThread "RequestProcessor queue manager" daemon [_thread_blocked, id=55811, stack(0x0000700011b81000,0x0000700011d81000)]
  0x00007fa3700b3800 JavaThread "AWT-Shutdown" [_thread_blocked, id=30751, stack(0x0000700011472000,0x0000700011672000)]
  0x00007fa371272000 JavaThread "AppKit Thread" daemon [_thread_in_native, id=775, stack(0x00007fff512a4000,0x00007fff51aa4000)]
  0x00007fa371218800 JavaThread "CLI Requests Server" daemon [_thread_in_native, id=20227, stack(0x00007000111ec000,0x00007000113ec000)]
  0x00007fa3708f8800 JavaThread "Active Reference Queue Daemon" daemon [_thread_blocked, id=19715, stack(0x0000700010fe9000,0x00007000111e9000)]
  0x00007fa37105b800 JavaThread "Service Thread" daemon [_thread_blocked, id=18691, stack(0x0000700010ce3000,0x0000700010ee3000)]
  0x00007fa371066000 JavaThread "C1 CompilerThread2" daemon [_thread_blocked, id=18179, stack(0x0000700010be0000,0x0000700010ce0000)]
  0x00007fa371065000 JavaThread "C2 CompilerThread1" daemon [_thread_blocked, id=17667, stack(0x0000700010add000,0x0000700010bdd000)]
  0x00007fa37082e000 JavaThread "C2 CompilerThread0" daemon [_thread_blocked, id=17155, stack(0x00007000109da000,0x0000700010ada000)]
  0x00007fa37085b000 JavaThread "Signal Dispatcher" daemon [_thread_blocked, id=16643, stack(0x00007000107d7000,0x00007000109d7000)]
  0x00007fa370857000 JavaThread "Finalizer" daemon [_thread_blocked, id=12547, stack(0x00007000105d4000,0x00007000107d4000)]
  0x00007fa370854000 JavaThread "Reference Handler" daemon [_thread_blocked, id=12035, stack(0x00007000103d1000,0x00007000105d1000)]

Other Threads:
  0x00007fa370851800 VMThread [stack: 0x00007000102ce000,0x00007000103ce000] [id=11523]
  0x00007fa37082d800 WatcherThread [stack: 0x0000700010ee6000,0x0000700010fe6000] [id=19203]

VM state:not at safepoint (normal execution)

VM Mutex/Monitor currently owned by a thread: None

Heap:
 PSYoungGen      total 198144K, used 18660K [0x0000000795580000, 0x00000007a3280000, 0x00000007c0000000)
  eden space 181248K, 3% used [0x0000000795580000,0x0000000795b38030,0x00000007a0680000)
  from space 16896K, 75% used [0x00000007a2200000,0x00000007a2e812f0,0x00000007a3280000)
  to   space 22528K, 0% used [0x00000007a0680000,0x00000007a0680000,0x00000007a1c80000)
 ParOldGen       total 245248K, used 100114K [0x0000000740000000, 0x000000074ef80000, 0x0000000795580000)
  object space 245248K, 40% used [0x0000000740000000,0x00000007461c4868,0x000000074ef80000)
 Metaspace       used 93580K, capacity 107268K, committed 107544K, reserved 1142784K
  class space    used 11362K, capacity 15103K, committed 15136K, reserved 1048576K

Card table byte_map: [0x000000011f1a3000,0x000000011f5a4000] byte_map_base: 0x000000011b7a3000

Marking Bits: (ParMarkBitMap*) 0x000000010faf1ea0
 Begin Bits: [0x000000011f84f000, 0x000000012184f000)
 End Bits:   [0x000000012184f000, 0x000000012384f000)

Polling page: 0x000000010e21c000

CodeCache: size=245760Kb used=55542Kb max_used=55547Kb free=190217Kb
 bounds [0x00000001101a3000, 0x0000000113853000, 0x000000011f1a3000]
 total_blobs=16085 nmethods=15196 adapters=799
 compilation: enabled

Compilation events (10 events):
Event: 34319.894 Thread 0x00007fa37082e000 21643   !   4       org.openide.util.RequestProcessor$Processor::run (512 bytes)
Event: 34319.940 Thread 0x00007fa37082e000 nmethod 21643 0x000000011383ba10 code [0x000000011383bca0, 0x000000011383d328]
Event: 34331.598 Thread 0x00007fa371065000 21644 %s!   4       sun.java2d.opengl.OGLRenderQueue$QueueFlusher::run @ 2 (234 bytes)
Event: 34331.669 Thread 0x00007fa371065000 nmethod 21644% 0x00000001138438d0 code [0x0000000113843b80, 0x0000000113844c38]
Event: 34833.984 Thread 0x00007fa37082e000 21645 % !   4       org.openide.util.RequestProcessor$Processor::run @ 0 (512 bytes)
Event: 34834.030 Thread 0x00007fa37082e000 nmethod 21645% 0x0000000113841250 code [0x0000000113841500, 0x0000000113842bc8]
Event: 35299.300 Thread 0x00007fa371066000 21646  s    3       sun.awt.image.ToolkitImage::addInfo (15 bytes)
Event: 35299.308 Thread 0x00007fa371066000 nmethod 21646 0x0000000110353950 code [0x0000000110353ac0, 0x0000000110353e28]
Event: 35302.235 Thread 0x00007fa371066000 21647   !   3       sun.java2d.opengl.OGLSurfaceData::dispose (68 bytes)
Event: 35302.253 Thread 0x00007fa371066000 nmethod 21647 0x0000000113848c90 code [0x0000000113849160, 0x000000011384c8c8]

GC Heap History (10 events):
Event: 25163.977 GC heap before
{Heap before GC invocations=46 (full 4):
 PSYoungGen      total 224256K, used 224147K [0x0000000795580000, 0x00000007a5180000, 0x00000007c0000000)
  eden space 208896K, 100% used [0x0000000795580000,0x00000007a2180000,0x00000007a2180000)
  from space 15360K, 99% used [0x00000007a2780000,0x00000007a3664d88,0x00000007a3680000)
  to   space 24576K, 0% used [0x00000007a3980000,0x00000007a3980000,0x00000007a5180000)
 ParOldGen       total 245248K, used 99322K [0x0000000740000000, 0x000000074ef80000, 0x0000000795580000)
  object space 245248K, 40% used [0x0000000740000000,0x00000007460fe868,0x000000074ef80000)
 Metaspace       used 93260K, capacity 106738K, committed 107032K, reserved 1140736K
  class space    used 11356K, capacity 15100K, committed 15136K, reserved 1048576K
Event: 25164.093 GC heap after
Heap after GC invocations=46 (full 4):
 PSYoungGen      total 219136K, used 14343K [0x0000000795580000, 0x00000007a4980000, 0x00000007c0000000)
  eden space 202752K, 0% used [0x0000000795580000,0x0000000795580000,0x00000007a1b80000)
  from space 16384K, 87% used [0x00000007a3980000,0x00000007a4781f10,0x00000007a4980000)
  to   space 23552K, 0% used [0x00000007a1b80000,0x00000007a1b80000,0x00000007a3280000)
 ParOldGen       total 245248K, used 99538K [0x0000000740000000, 0x000000074ef80000, 0x0000000795580000)
  object space 245248K, 40% used [0x0000000740000000,0x0000000746134868,0x000000074ef80000)
 Metaspace       used 93260K, capacity 106738K, committed 107032K, reserved 1140736K
  class space    used 11356K, capacity 15100K, committed 15136K, reserved 1048576K
}
Event: 26728.415 GC heap before
{Heap before GC invocations=47 (full 4):
 PSYoungGen      total 219136K, used 217095K [0x0000000795580000, 0x00000007a4980000, 0x00000007c0000000)
  eden space 202752K, 100% used [0x0000000795580000,0x00000007a1b80000,0x00000007a1b80000)
  from space 16384K, 87% used [0x00000007a3980000,0x00000007a4781f10,0x00000007a4980000)
  to   space 23552K, 0% used [0x00000007a1b80000,0x00000007a1b80000,0x00000007a3280000)
 ParOldGen       total 245248K, used 99538K [0x0000000740000000, 0x000000074ef80000, 0x0000000795580000)
  object space 245248K, 40% used [0x0000000740000000,0x0000000746134868,0x000000074ef80000)
 Metaspace       used 93381K, capacity 106994K, committed 107288K, reserved 1140736K
  class space    used 11356K, capacity 15100K, committed 15136K, reserved 1048576K
Event: 26728.563 GC heap after
Heap after GC invocations=47 (full 4):
 PSYoungGen      total 211968K, used 14824K [0x0000000795580000, 0x00000007a4300000, 0x00000007c0000000)
  eden space 197120K, 0% used [0x0000000795580000,0x0000000795580000,0x00000007a1600000)
  from space 14848K, 99% used [0x00000007a1b80000,0x00000007a29fa3d0,0x00000007a2a00000)
  to   space 23040K, 0% used [0x00000007a2c80000,0x00000007a2c80000,0x00000007a4300000)
 ParOldGen       total 245248K, used 99714K [0x0000000740000000, 0x000000074ef80000, 0x0000000795580000)
  object space 245248K, 40% used [0x0000000740000000,0x0000000746160868,0x000000074ef80000)
 Metaspace       used 93381K, capacity 106994K, committed 107288K, reserved 1140736K
  class space    used 11356K, capacity 15100K, committed 15136K, reserved 1048576K
}
Event: 27833.960 GC heap before
{Heap before GC invocations=48 (full 4):
 PSYoungGen      total 211968K, used 211944K [0x0000000795580000, 0x00000007a4300000, 0x00000007c0000000)
  eden space 197120K, 100% used [0x0000000795580000,0x00000007a1600000,0x00000007a1600000)
  from space 14848K, 99% used [0x00000007a1b80000,0x00000007a29fa3d0,0x00000007a2a00000)
  to   space 23040K, 0% used [0x00000007a2c80000,0x00000007a2c80000,0x00000007a4300000)
 ParOldGen       total 245248K, used 99714K [0x0000000740000000, 0x000000074ef80000, 0x0000000795580000)
  object space 245248K, 40% used [0x0000000740000000,0x0000000746160868,0x000000074ef80000)
 Metaspace       used 93466K, capacity 107140K, committed 107288K, reserved 1140736K
  class space    used 11362K, capacity 15103K, committed 15136K, reserved 1048576K
Event: 27834.017 GC heap after
Heap after GC invocations=48 (full 4):
 PSYoungGen      total 209920K, used 8910K [0x0000000795580000, 0x00000007a3e80000, 0x00000007c0000000)
  eden space 191488K, 0% used [0x0000000795580000,0x0000000795580000,0x00000007a1080000)
  from space 18432K, 48% used [0x00000007a2c80000,0x00000007a3533a80,0x00000007a3e80000)
  to   space 23552K, 0% used [0x00000007a1080000,0x00000007a1080000,0x00000007a2780000)
 ParOldGen       total 245248K, used 99922K [0x0000000740000000, 0x000000074ef80000, 0x0000000795580000)
  object space 245248K, 40% used [0x0000000740000000,0x0000000746194868,0x000000074ef80000)
 Metaspace       used 93466K, capacity 107140K, committed 107288K, reserved 1140736K
  class space    used 11362K, capacity 15103K, committed 15136K, reserved 1048576K
}
Event: 27993.242 GC heap before
{Heap before GC invocations=49 (full 4):
 PSYoungGen      total 209920K, used 200398K [0x0000000795580000, 0x00000007a3e80000, 0x00000007c0000000)
  eden space 191488K, 100% used [0x0000000795580000,0x00000007a1080000,0x00000007a1080000)
  from space 18432K, 48% used [0x00000007a2c80000,0x00000007a3533a80,0x00000007a3e80000)
  to   space 23552K, 0% used [0x00000007a1080000,0x00000007a1080000,0x00000007a2780000)
 ParOldGen       total 245248K, used 99922K [0x0000000740000000, 0x000000074ef80000, 0x0000000795580000)
  object space 245248K, 40% used [0x0000000740000000,0x0000000746194868,0x000000074ef80000)
 Metaspace       used 93547K, capacity 107268K, committed 107544K, reserved 1142784K
  class space    used 11362K, capacity 15103K, committed 15136K, reserved 1048576K
Event: 27993.459 GC heap after
Heap after GC invocations=49 (full 4):
 PSYoungGen      total 198144K, used 11431K [0x0000000795580000, 0x00000007a3880000, 0x00000007c0000000)
  eden space 186368K, 0% used [0x0000000795580000,0x0000000795580000,0x00000007a0b80000)
  from space 11776K, 97% used [0x00000007a1080000,0x00000007a1ba9cd8,0x00000007a1c00000)
  to   space 23040K, 0% used [0x00000007a2200000,0x00000007a2200000,0x00000007a3880000)
 ParOldGen       total 245248K, used 100042K [0x0000000740000000, 0x000000074ef80000, 0x0000000795580000)
  object space 245248K, 40% used [0x0000000740000000,0x00000007461b2868,0x000000074ef80000)
 Metaspace       used 93547K, capacity 107268K, committed 107544K, reserved 1142784K
  class space    used 11362K, capacity 15103K, committed 15136K, reserved 1048576K
}
Event: 35301.389 GC heap before
{Heap before GC invocations=50 (full 4):
 PSYoungGen      total 198144K, used 197799K [0x0000000795580000, 0x00000007a3880000, 0x00000007c0000000)
  eden space 186368K, 100% used [0x0000000795580000,0x00000007a0b80000,0x00000007a0b80000)
  from space 11776K, 97% used [0x00000007a1080000,0x00000007a1ba9cd8,0x00000007a1c00000)
  to   space 23040K, 0% used [0x00000007a2200000,0x00000007a2200000,0x00000007a3880000)
 ParOldGen       total 245248K, used 100042K [0x0000000740000000, 0x000000074ef80000, 0x0000000795580000)
  object space 245248K, 40% used [0x0000000740000000,0x00000007461b2868,0x000000074ef80000)
 Metaspace       used 93579K, capacity 107268K, committed 107544K, reserved 1142784K
  class space    used 11362K, capacity 15103K, committed 15136K, reserved 1048576K
Event: 35302.230 GC heap after
Heap after GC invocations=50 (full 4):
 PSYoungGen      total 198144K, used 12804K [0x0000000795580000, 0x00000007a3280000, 0x00000007c0000000)
  eden space 181248K, 0% used [0x0000000795580000,0x0000000795580000,0x00000007a0680000)
  from space 16896K, 75% used [0x00000007a2200000,0x00000007a2e812f0,0x00000007a3280000)
  to   space 22528K, 0% used [0x00000007a0680000,0x00000007a0680000,0x00000007a1c80000)
 ParOldGen       total 245248K, used 100114K [0x0000000740000000, 0x000000074ef80000, 0x0000000795580000)
  object space 245248K, 40% used [0x0000000740000000,0x00000007461c4868,0x000000074ef80000)
 Metaspace       used 93579K, capacity 107268K, committed 107544K, reserved 1142784K
  class space    used 11362K, capacity 15103K, committed 15136K, reserved 1048576K
}

Deoptimization events (10 events):
Event: 29918.817 Thread 0x00007fa370b98800 Uncommon trap: reason=unstable_if action=reinterpret pc=0x000000011251e698 method=sun.font.GlyphList.dispose()V @ 4
Event: 29918.818 Thread 0x00007fa370b98800 Uncommon trap: reason=unstable_if action=reinterpret pc=0x0000000112532c18 method=sun.font.GlyphList.getInstance()Lsun/font/GlyphList; @ 3
Event: 29918.818 Thread 0x00007fa370b98800 Uncommon trap: reason=unstable_if action=reinterpret pc=0x0000000110380324 method=sun.font.GlyphList.ensureCapacity(I)V @ 41
Event: 29918.847 Thread 0x00007fa370b98800 Uncommon trap: reason=unstable_if action=reinterpret pc=0x00000001113249e4 method=sun.font.GlyphList.getInstance()Lsun/font/GlyphList; @ 3
Event: 29918.897 Thread 0x00007fa370b98800 Uncommon trap: reason=unstable_if action=reinterpret pc=0x000000011329575c method=sun.font.GlyphList.getInstance()Lsun/font/GlyphList; @ 3
Event: 29918.899 Thread 0x00007fa370b98800 Uncommon trap: reason=unstable_if action=reinterpret pc=0x00000001132b2f48 method=sun.font.GlyphList.ensureCapacity(I)V @ 41
Event: 29919.094 Thread 0x00007fa370b98800 Uncommon trap: reason=unstable_if action=reinterpret pc=0x00000001128bee74 method=sun.font.GlyphList.getInstance()Lsun/font/GlyphList; @ 3
Event: 29919.382 Thread 0x00007fa370b98800 Uncommon trap: reason=bimorphic action=maybe_recompile pc=0x000000011351a6c0 method=java.awt.Container.getAlignmentX()F @ 27
Event: 29919.382 Thread 0x00007fa370b98800 Uncommon trap: reason=bimorphic action=maybe_recompile pc=0x00000001130bc940 method=java.awt.Container.getAlignmentY()F @ 27
Event: 29943.849 Thread 0x00007fa370afe800 Uncommon trap: reason=unstable_if action=reinterpret pc=0x0000000110c8a700 method=sun.java2d.opengl.OGLRenderQueue$QueueFlusher.run()V @ 34

Internal exceptions (10 events):
Event: 25176.564 Thread 0x00007fa371c79000 Exception <a 'sun/nio/fs/UnixException'> (0x000000079d5473a0) thrown at [/Users/java_re/workspace/8-2-build-macosx-x86_64/jdk8u131/8869/hotspot/src/share/vm/prims/jni.cpp, line 709]
Event: 25177.576 Thread 0x00007fa376868000 Exception <a 'sun/nio/fs/UnixException'> (0x000000079df439f0) thrown at [/Users/java_re/workspace/8-2-build-macosx-x86_64/jdk8u131/8869/hotspot/src/share/vm/prims/jni.cpp, line 709]
Event: 25177.576 Thread 0x00007fa376868000 Exception <a 'sun/nio/fs/UnixException'> (0x000000079df44690) thrown at [/Users/java_re/workspace/8-2-build-macosx-x86_64/jdk8u131/8869/hotspot/src/share/vm/prims/jni.cpp, line 709]
Event: 25178.581 Thread 0x00007fa376868000 Exception <a 'sun/nio/fs/UnixException'> (0x000000079e753c48) thrown at [/Users/java_re/workspace/8-2-build-macosx-x86_64/jdk8u131/8869/hotspot/src/share/vm/prims/jni.cpp, line 709]
Event: 25178.581 Thread 0x00007fa376868000 Exception <a 'sun/nio/fs/UnixException'> (0x000000079e7548e8) thrown at [/Users/java_re/workspace/8-2-build-macosx-x86_64/jdk8u131/8869/hotspot/src/share/vm/prims/jni.cpp, line 709]
Event: 25179.608 Thread 0x00007fa3794fe800 Exception <a 'sun/nio/fs/UnixException'> (0x000000079ed9ba28) thrown at [/Users/java_re/workspace/8-2-build-macosx-x86_64/jdk8u131/8869/hotspot/src/share/vm/prims/jni.cpp, line 709]
Event: 25179.608 Thread 0x00007fa3794fe800 Exception <a 'sun/nio/fs/UnixException'> (0x000000079ed9c6c8) thrown at [/Users/java_re/workspace/8-2-build-macosx-x86_64/jdk8u131/8869/hotspot/src/share/vm/prims/jni.cpp, line 709]
Event: 27822.685 Thread 0x00007fa370b98800 Implicit null exception at 0x00000001131ba67e to 0x00000001131ba7d1
Event: 27837.089 Thread 0x00007fa370b98800 Implicit null exception at 0x0000000112dc5e1e to 0x0000000112dc63f1
Event: 29908.902 Thread 0x00007fa371272000 Implicit null exception at 0x00000001134c51e9 to 0x00000001134c6ae9

Events (10 events):
Event: 35300.604 Executing VM operation: RevokeBias
Event: 35300.609 Executing VM operation: RevokeBias done
Event: 35300.612 Thread 0x00007fa37900b800 Thread added: 0x00007fa37900b800
Event: 35300.613 Executing VM operation: BulkRevokeBias
Event: 35300.623 Executing VM operation: BulkRevokeBias done
Event: 35301.382 Executing VM operation: ParallelGCFailedAllocation
Event: 35302.230 Executing VM operation: ParallelGCFailedAllocation done
Event: 35302.230 Executing VM operation: FindDeadlocks
Event: 35302.230 Executing VM operation: FindDeadlocks done
Event: 35302.262 Thread 0x00007fa371066000 flushing nmethod 0x00000001133d8f50


Dynamic libraries:
0x0000000058ad2000 	/System/Library/Frameworks/Cocoa.framework/Versions/A/Cocoa
0x0000000058ad2000 	/System/Library/Frameworks/Security.framework/Versions/A/Security
0x0000000058ad2000 	/System/Library/Frameworks/ApplicationServices.framework/Versions/A/ApplicationServices
0x0000000058ad2000 	/usr/lib/libz.1.dylib
0x0000000058ad2000 	/usr/lib/libSystem.B.dylib
0x0000000058ad2000 	/usr/lib/libobjc.A.dylib
0x0000000058ad2000 	/System/Library/Frameworks/CoreFoundation.framework/Versions/A/CoreFoundation
0x0000000058ad2000 	/System/Library/Frameworks/Foundation.framework/Versions/C/Foundation
0x0000000058ad2000 	/System/Library/Frameworks/AppKit.framework/Versions/C/AppKit
0x0000000058ad2000 	/System/Library/Frameworks/CoreData.framework/Versions/A/CoreData
0x0000000058ad2000 	/System/Library/PrivateFrameworks/RemoteViewServices.framework/Versions/A/RemoteViewServices
0x0000000058ad2000 	/System/Library/PrivateFrameworks/UIFoundation.framework/Versions/A/UIFoundation
0x0000000058ad2000 	/System/Library/PrivateFrameworks/DFRFoundation.framework/Versions/A/DFRFoundation
0x0000000058ad2000 	/usr/lib/libenergytrace.dylib
0x0000000058ad2000 	/System/Library/PrivateFrameworks/SkyLight.framework/Versions/A/SkyLight
0x0000000058ad2000 	/System/Library/Frameworks/CoreGraphics.framework/Versions/A/CoreGraphics
0x0000000058ad2000 	/usr/lib/libScreenReader.dylib
0x0000000058ad2000 	/System/Library/Frameworks/Accelerate.framework/Versions/A/Accelerate
0x0000000058ad2000 	/System/Library/Frameworks/IOSurface.framework/Versions/A/IOSurface
0x0000000058ad2000 	/System/Library/Frameworks/AudioToolbox.framework/Versions/A/AudioToolbox
0x0000000058ad2000 	/System/Library/Frameworks/AudioUnit.framework/Versions/A/AudioUnit
0x0000000058ad2000 	/System/Library/PrivateFrameworks/DataDetectorsCore.framework/Versions/A/DataDetectorsCore
0x0000000058ad2000 	/System/Library/PrivateFrameworks/DesktopServicesPriv.framework/Versions/A/DesktopServicesPriv
0x0000000058ad2000 	/System/Library/Frameworks/Carbon.framework/Versions/A/Frameworks/HIToolbox.framework/Versions/A/HIToolbox
0x0000000058ad2000 	/usr/lib/libicucore.A.dylib
0x0000000058ad2000 	/System/Library/Frameworks/QuartzCore.framework/Versions/A/QuartzCore
0x0000000058ad2000 	/System/Library/Frameworks/Carbon.framework/Versions/A/Frameworks/SpeechRecognition.framework/Versions/A/SpeechRecognition
0x0000000058ad2000 	/usr/lib/libauto.dylib
0x0000000058ad2000 	/usr/lib/libxml2.2.dylib
0x0000000058ad2000 	/System/Library/PrivateFrameworks/CoreUI.framework/Versions/A/CoreUI
0x0000000058ad2000 	/System/Library/Frameworks/CoreAudio.framework/Versions/A/CoreAudio
0x0000000058ad2000 	/System/Library/Frameworks/DiskArbitration.framework/Versions/A/DiskArbitration
0x0000000058ad2000 	/usr/lib/liblangid.dylib
0x0000000058ad2000 	/System/Library/PrivateFrameworks/MultitouchSupport.framework/Versions/A/MultitouchSupport
0x0000000058ad2000 	/System/Library/Frameworks/IOKit.framework/Versions/A/IOKit
0x0000000058ad2000 	/usr/lib/libDiagnosticMessagesClient.dylib
0x0000000058ad2000 	/System/Library/Frameworks/CoreServices.framework/Versions/A/CoreServices
0x0000000058ad2000 	/System/Library/PrivateFrameworks/PerformanceAnalysis.framework/Versions/A/PerformanceAnalysis
0x0000000058ad2000 	/System/Library/PrivateFrameworks/GenerationalStorage.framework/Versions/A/GenerationalStorage
0x0000000058ad2000 	/System/Library/Frameworks/OpenGL.framework/Versions/A/OpenGL
0x0000000058ad2000 	/System/Library/Frameworks/CoreImage.framework/Versions/A/CoreImage
0x0000000058ad2000 	/System/Library/Frameworks/CoreText.framework/Versions/A/CoreText
0x0000000058ad2000 	/System/Library/Frameworks/ImageIO.framework/Versions/A/ImageIO
0x0000000058ad2000 	/System/Library/PrivateFrameworks/Backup.framework/Versions/A/Backup
0x0000000058ad2000 	/usr/lib/libarchive.2.dylib
0x0000000058ad2000 	/System/Library/Frameworks/CFNetwork.framework/Versions/A/CFNetwork
0x0000000058ad2000 	/System/Library/Frameworks/SystemConfiguration.framework/Versions/A/SystemConfiguration
0x0000000058ad2000 	/usr/lib/libCRFSuite.dylib
0x0000000058ad2000 	/usr/lib/libc++.1.dylib
0x0000000058ad2000 	/usr/lib/libc++abi.dylib
0x0000000058ad2000 	/usr/lib/system/libcache.dylib
0x0000000058ad2000 	/usr/lib/system/libcommonCrypto.dylib
0x0000000058ad2000 	/usr/lib/system/libcompiler_rt.dylib
0x0000000058ad2000 	/usr/lib/system/libcopyfile.dylib
0x0000000058ad2000 	/usr/lib/system/libcorecrypto.dylib
0x0000000058ad2000 	/usr/lib/system/libdispatch.dylib
0x0000000058ad2000 	/usr/lib/system/libdyld.dylib
0x0000000058ad2000 	/usr/lib/system/libkeymgr.dylib
0x0000000058ad2000 	/usr/lib/system/liblaunch.dylib
0x0000000058ad2000 	/usr/lib/system/libmacho.dylib
0x0000000058ad2000 	/usr/lib/system/libquarantine.dylib
0x0000000058ad2000 	/usr/lib/system/libremovefile.dylib
0x0000000058ad2000 	/usr/lib/system/libsystem_asl.dylib
0x0000000058ad2000 	/usr/lib/system/libsystem_blocks.dylib
0x0000000058ad2000 	/usr/lib/system/libsystem_c.dylib
0x0000000058ad2000 	/usr/lib/system/libsystem_configuration.dylib
0x0000000058ad2000 	/usr/lib/system/libsystem_coreservices.dylib
0x0000000058ad2000 	/usr/lib/system/libsystem_coretls.dylib
0x0000000058ad2000 	/usr/lib/system/libsystem_dnssd.dylib
0x0000000058ad2000 	/usr/lib/system/libsystem_info.dylib
0x0000000058ad2000 	/usr/lib/system/libsystem_kernel.dylib
0x0000000058ad2000 	/usr/lib/system/libsystem_m.dylib
0x0000000058ad2000 	/usr/lib/system/libsystem_malloc.dylib
0x0000000058ad2000 	/usr/lib/system/libsystem_network.dylib
0x0000000058ad2000 	/usr/lib/system/libsystem_networkextension.dylib
0x0000000058ad2000 	/usr/lib/system/libsystem_notify.dylib
0x0000000058ad2000 	/usr/lib/system/libsystem_platform.dylib
0x0000000058ad2000 	/usr/lib/system/libsystem_pthread.dylib
0x0000000058ad2000 	/usr/lib/system/libsystem_sandbox.dylib
0x0000000058ad2000 	/usr/lib/system/libsystem_secinit.dylib
0x0000000058ad2000 	/usr/lib/system/libsystem_symptoms.dylib
0x0000000058ad2000 	/usr/lib/system/libsystem_trace.dylib
0x0000000058ad2000 	/usr/lib/system/libunwind.dylib
0x0000000058ad2000 	/usr/lib/system/libxpc.dylib
0x0000000058ad2000 	/usr/lib/libbsm.0.dylib
0x0000000058ad2000 	/usr/lib/system/libkxld.dylib
0x0000000058ad2000 	/usr/lib/libcoretls.dylib
0x0000000058ad2000 	/usr/lib/libcoretls_cfhelpers.dylib
0x0000000058ad2000 	/usr/lib/libOpenScriptingUtil.dylib
0x0000000058ad2000 	/usr/lib/libpam.2.dylib
0x0000000058ad2000 	/usr/lib/libsqlite3.dylib
0x0000000058ad2000 	/usr/lib/libxar.1.dylib
0x0000000058ad2000 	/usr/lib/libbz2.1.0.dylib
0x0000000058ad2000 	/usr/lib/liblzma.5.dylib
0x0000000058ad2000 	/usr/lib/libnetwork.dylib
0x0000000058ad2000 	/usr/lib/libpcap.A.dylib
0x0000000058ad2000 	/System/Library/Frameworks/CoreServices.framework/Versions/A/Frameworks/FSEvents.framework/Versions/A/FSEvents
0x0000000058ad2000 	/System/Library/Frameworks/CoreServices.framework/Versions/A/Frameworks/CarbonCore.framework/Versions/A/CarbonCore
0x0000000058ad2000 	/System/Library/Frameworks/CoreServices.framework/Versions/A/Frameworks/Metadata.framework/Versions/A/Metadata
0x0000000058ad2000 	/System/Library/Frameworks/CoreServices.framework/Versions/A/Frameworks/OSServices.framework/Versions/A/OSServices
0x0000000058ad2000 	/System/Library/Frameworks/CoreServices.framework/Versions/A/Frameworks/SearchKit.framework/Versions/A/SearchKit
0x0000000058ad2000 	/System/Library/Frameworks/CoreServices.framework/Versions/A/Frameworks/AE.framework/Versions/A/AE
0x0000000058ad2000 	/System/Library/Frameworks/CoreServices.framework/Versions/A/Frameworks/LaunchServices.framework/Versions/A/LaunchServices
0x0000000058ad2000 	/System/Library/Frameworks/CoreServices.framework/Versions/A/Frameworks/DictionaryServices.framework/Versions/A/DictionaryServices
0x0000000058ad2000 	/System/Library/Frameworks/CoreServices.framework/Versions/A/Frameworks/SharedFileList.framework/Versions/A/SharedFileList
0x0000000058ad2000 	/System/Library/Frameworks/NetFS.framework/Versions/A/NetFS
0x0000000058ad2000 	/System/Library/PrivateFrameworks/NetAuth.framework/Versions/A/NetAuth
0x0000000058ad2000 	/System/Library/PrivateFrameworks/login.framework/Versions/A/Frameworks/loginsupport.framework/Versions/A/loginsupport
0x0000000058ad2000 	/System/Library/PrivateFrameworks/TCC.framework/Versions/A/TCC
0x0000000058ad2000 	/usr/lib/libmecabra.dylib
0x0000000058ad2000 	/System/Library/Frameworks/ApplicationServices.framework/Versions/A/Frameworks/ATS.framework/Versions/A/ATS
0x0000000058ad2000 	/System/Library/Frameworks/ApplicationServices.framework/Versions/A/Frameworks/ColorSync.framework/Versions/A/ColorSync
0x0000000058ad2000 	/System/Library/Frameworks/ApplicationServices.framework/Versions/A/Frameworks/HIServices.framework/Versions/A/HIServices
0x0000000058ad2000 	/System/Library/Frameworks/ApplicationServices.framework/Versions/A/Frameworks/LangAnalysis.framework/Versions/A/LangAnalysis
0x0000000058ad2000 	/System/Library/Frameworks/ApplicationServices.framework/Versions/A/Frameworks/PrintCore.framework/Versions/A/PrintCore
0x0000000058ad2000 	/System/Library/Frameworks/ApplicationServices.framework/Versions/A/Frameworks/QD.framework/Versions/A/QD
0x0000000058ad2000 	/System/Library/Frameworks/ApplicationServices.framework/Versions/A/Frameworks/SpeechSynthesis.framework/Versions/A/SpeechSynthesis
0x0000000058ad2000 	/System/Library/Frameworks/Accelerate.framework/Versions/A/Frameworks/vImage.framework/Versions/A/vImage
0x0000000058ad2000 	/System/Library/Frameworks/Accelerate.framework/Versions/A/Frameworks/vecLib.framework/Versions/A/vecLib
0x0000000058ad2000 	/System/Library/Frameworks/Accelerate.framework/Versions/A/Frameworks/vecLib.framework/Versions/A/libvDSP.dylib
0x0000000058ad2000 	/System/Library/Frameworks/Accelerate.framework/Versions/A/Frameworks/vecLib.framework/Versions/A/libBNNS.dylib
0x0000000058ad2000 	/System/Library/Frameworks/Accelerate.framework/Versions/A/Frameworks/vecLib.framework/Versions/A/libQuadrature.dylib
0x0000000058ad2000 	/System/Library/Frameworks/Accelerate.framework/Versions/A/Frameworks/vecLib.framework/Versions/A/libvMisc.dylib
0x0000000058ad2000 	/System/Library/Frameworks/Accelerate.framework/Versions/A/Frameworks/vecLib.framework/Versions/A/libLAPACK.dylib
0x0000000058ad2000 	/System/Library/Frameworks/Accelerate.framework/Versions/A/Frameworks/vecLib.framework/Versions/A/libBLAS.dylib
0x0000000058ad2000 	/System/Library/Frameworks/Accelerate.framework/Versions/A/Frameworks/vecLib.framework/Versions/A/libLinearAlgebra.dylib
0x0000000058ad2000 	/System/Library/Frameworks/Accelerate.framework/Versions/A/Frameworks/vecLib.framework/Versions/A/libSparseBLAS.dylib
0x0000000058ad2000 	/System/Library/Frameworks/ApplicationServices.framework/Versions/A/Frameworks/ATS.framework/Versions/A/Resources/libFontParser.dylib
0x0000000058ad2000 	/System/Library/Frameworks/ApplicationServices.framework/Versions/A/Frameworks/ATS.framework/Versions/A/Resources/libFontRegistry.dylib
0x0000000058ad2000 	/System/Library/Frameworks/ImageIO.framework/Versions/A/Resources/libJPEG.dylib
0x0000000058ad2000 	/System/Library/Frameworks/ImageIO.framework/Versions/A/Resources/libTIFF.dylib
0x0000000058ad2000 	/System/Library/Frameworks/ImageIO.framework/Versions/A/Resources/libPng.dylib
0x0000000058ad2000 	/System/Library/Frameworks/ImageIO.framework/Versions/A/Resources/libGIF.dylib
0x0000000058ad2000 	/System/Library/Frameworks/ImageIO.framework/Versions/A/Resources/libJP2.dylib
0x0000000058ad2000 	/System/Library/Frameworks/ImageIO.framework/Versions/A/Resources/libRadiance.dylib
0x0000000058ad2000 	/usr/lib/libcompression.dylib
0x0000000058ad2000 	/System/Library/PrivateFrameworks/AppleJPEG.framework/Versions/A/AppleJPEG
0x0000000058ad2000 	/usr/lib/libcups.2.dylib
0x0000000058ad2000 	/System/Library/Frameworks/Kerberos.framework/Versions/A/Kerberos
0x0000000058ad2000 	/System/Library/Frameworks/GSS.framework/Versions/A/GSS
0x0000000058ad2000 	/usr/lib/libresolv.9.dylib
0x0000000058ad2000 	/usr/lib/libiconv.2.dylib
0x0000000058ad2000 	/System/Library/PrivateFrameworks/Heimdal.framework/Versions/A/Heimdal
0x0000000058ad2000 	/usr/lib/libheimdal-asn1.dylib
0x0000000058ad2000 	/System/Library/Frameworks/OpenDirectory.framework/Versions/A/OpenDirectory
0x0000000058ad2000 	/System/Library/PrivateFrameworks/CommonAuth.framework/Versions/A/CommonAuth
0x0000000058ad2000 	/System/Library/Frameworks/OpenDirectory.framework/Versions/A/Frameworks/CFOpenDirectory.framework/Versions/A/CFOpenDirectory
0x0000000058ad2000 	/System/Library/Frameworks/SecurityFoundation.framework/Versions/A/SecurityFoundation
0x0000000058ad2000 	/System/Library/PrivateFrameworks/LanguageModeling.framework/Versions/A/LanguageModeling
0x0000000058ad2000 	/usr/lib/libmarisa.dylib
0x0000000058ad2000 	/usr/lib/libChineseTokenizer.dylib
0x0000000058ad2000 	/usr/lib/libcmph.dylib
0x0000000058ad2000 	/System/Library/PrivateFrameworks/CoreEmoji.framework/Versions/A/CoreEmoji
0x0000000058ad2000 	/System/Library/Frameworks/ServiceManagement.framework/Versions/A/ServiceManagement
0x0000000058ad2000 	/usr/lib/libxslt.1.dylib
0x0000000058ad2000 	/System/Library/Frameworks/Carbon.framework/Versions/A/Frameworks/Ink.framework/Versions/A/Ink
0x0000000058ad2000 	/System/Library/PrivateFrameworks/TextureIO.framework/Versions/A/TextureIO
0x0000000058ad2000 	/System/Library/Frameworks/Metal.framework/Versions/A/Metal
0x0000000058ad2000 	/usr/lib/libate.dylib
0x0000000058ad2000 	/System/Library/PrivateFrameworks/GPUCompiler.framework/libmetal_timestamp.dylib
0x0000000058ad2000 	/System/Library/Frameworks/OpenGL.framework/Versions/A/Libraries/libCoreFSCache.dylib
0x0000000058ad2000 	/System/Library/PrivateFrameworks/IOAccelerator.framework/Versions/A/IOAccelerator
0x0000000058ad2000 	/System/Library/Frameworks/CoreVideo.framework/Versions/A/CoreVideo
0x0000000058ad2000 	/usr/lib/libFosl_dynamic.dylib
0x0000000058ad2000 	/System/Library/PrivateFrameworks/MetalPerformanceShaders.framework/Versions/A/MetalPerformanceShaders
0x0000000058ad2000 	/System/Library/PrivateFrameworks/FaceCore.framework/Versions/A/FaceCore
0x0000000058ad2000 	/System/Library/Frameworks/OpenCL.framework/Versions/A/OpenCL
0x0000000058ad2000 	/System/Library/Frameworks/OpenGL.framework/Versions/A/Libraries/libGLU.dylib
0x0000000058ad2000 	/System/Library/Frameworks/OpenGL.framework/Versions/A/Libraries/libGFXShared.dylib
0x0000000058ad2000 	/System/Library/Frameworks/OpenGL.framework/Versions/A/Libraries/libGL.dylib
0x0000000058ad2000 	/System/Library/Frameworks/OpenGL.framework/Versions/A/Libraries/libGLImage.dylib
0x0000000058ad2000 	/System/Library/Frameworks/OpenGL.framework/Versions/A/Libraries/libCVMSPluginSupport.dylib
0x0000000058ad2000 	/System/Library/Frameworks/OpenGL.framework/Versions/A/Libraries/libCoreVMClient.dylib
0x0000000058ad2000 	/System/Library/PrivateFrameworks/CrashReporterSupport.framework/Versions/A/CrashReporterSupport
0x0000000058ad2000 	/System/Library/PrivateFrameworks/Sharing.framework/Versions/A/Sharing
0x0000000058ad2000 	/System/Library/PrivateFrameworks/IconServices.framework/Versions/A/IconServices
0x0000000058ad2000 	/System/Library/PrivateFrameworks/ProtocolBuffer.framework/Versions/A/ProtocolBuffer
0x0000000058ad2000 	/System/Library/PrivateFrameworks/Apple80211.framework/Versions/A/Apple80211
0x0000000058ad2000 	/System/Library/Frameworks/CoreWLAN.framework/Versions/A/CoreWLAN
0x0000000058ad2000 	/System/Library/PrivateFrameworks/CoreUtils.framework/Versions/A/CoreUtils
0x0000000058ad2000 	/System/Library/Frameworks/IOBluetooth.framework/Versions/A/IOBluetooth
0x0000000058ad2000 	/System/Library/PrivateFrameworks/CoreWiFi.framework/Versions/A/CoreWiFi
0x0000000058ad2000 	/System/Library/Frameworks/CoreBluetooth.framework/Versions/A/CoreBluetooth
0x0000000058ad2000 	/System/Library/Frameworks/CoreDisplay.framework/Versions/A/CoreDisplay
0x0000000058ad2000 	/System/Library/PrivateFrameworks/IOPresentment.framework/Versions/A/IOPresentment
0x0000000058ad2000 	/System/Library/PrivateFrameworks/DSExternalDisplay.framework/Versions/A/DSExternalDisplay
0x0000000058ad2000 	/System/Library/PrivateFrameworks/DebugSymbols.framework/Versions/A/DebugSymbols
0x0000000058ad2000 	/System/Library/PrivateFrameworks/CoreSymbolication.framework/Versions/A/CoreSymbolication
0x0000000058ad2000 	/System/Library/PrivateFrameworks/Symbolication.framework/Versions/A/Symbolication
0x0000000058ad2000 	/System/Library/PrivateFrameworks/AppleFSCompression.framework/Versions/A/AppleFSCompression
0x0000000058ad2000 	/System/Library/PrivateFrameworks/SpeechRecognitionCore.framework/Versions/A/SpeechRecognitionCore
0x0000000058ad2000 	/System/Library/PrivateFrameworks/ChunkingLibrary.framework/Versions/A/ChunkingLibrary
0x000000010f200000 	/Library/Java/JavaVirtualMachines/jdk1.8.0_131.jdk/Contents/Home/jre/lib/server/libjvm.dylib
0x0000000058ad2000 	/usr/lib/libstdc++.6.dylib
0x000000010e1d9000 	/Library/Java/JavaVirtualMachines/jdk1.8.0_131.jdk/Contents/Home/jre/lib/libverify.dylib
0x000000010e1e7000 	/Library/Java/JavaVirtualMachines/jdk1.8.0_131.jdk/Contents/Home/jre/lib/libjava.dylib
0x000000010e226000 	/Library/Java/JavaVirtualMachines/jdk1.8.0_131.jdk/Contents/Home/jre/lib/libzip.dylib
0x000000010e9a2000 	/System/Library/Frameworks/JavaVM.framework/Frameworks/JavaRuntimeSupport.framework/JavaRuntimeSupport
0x000000010e862000 	/System/Library/Frameworks/JavaVM.framework/Versions/A/Frameworks/JavaNativeFoundation.framework/Versions/A/JavaNativeFoundation
0x000000010e9bc000 	/System/Library/Frameworks/JavaVM.framework/Versions/A/JavaVM
0x0000000058ad2000 	/System/Library/Frameworks/Carbon.framework/Versions/A/Carbon
0x000000010e9c9000 	/System/Library/PrivateFrameworks/JavaLaunching.framework/Versions/A/JavaLaunching
0x0000000058ad2000 	/System/Library/Frameworks/Carbon.framework/Versions/A/Frameworks/CommonPanels.framework/Versions/A/CommonPanels
0x0000000058ad2000 	/System/Library/Frameworks/Carbon.framework/Versions/A/Frameworks/Help.framework/Versions/A/Help
0x0000000058ad2000 	/System/Library/Frameworks/Carbon.framework/Versions/A/Frameworks/ImageCapture.framework/Versions/A/ImageCapture
0x0000000058ad2000 	/System/Library/Frameworks/Carbon.framework/Versions/A/Frameworks/OpenScripting.framework/Versions/A/OpenScripting
0x0000000058ad2000 	/System/Library/Frameworks/Carbon.framework/Versions/A/Frameworks/Print.framework/Versions/A/Print
0x0000000058ad2000 	/System/Library/Frameworks/Carbon.framework/Versions/A/Frameworks/SecurityHI.framework/Versions/A/SecurityHI
0x000000010e9e3000 	/Library/Java/JavaVirtualMachines/jdk1.8.0_131.jdk/Contents/Home/jre/lib/libnio.dylib
0x0000000126d2d000 	/Library/Java/JavaVirtualMachines/jdk1.8.0_131.jdk/Contents/Home/jre/lib/./libnet.dylib
0x0000000129fc1000 	/Library/Java/JavaVirtualMachines/jdk1.8.0_131.jdk/Contents/Home/jre/lib/libawt.dylib
0x000000012a069000 	/Library/Java/JavaVirtualMachines/jdk1.8.0_131.jdk/Contents/Home/jre/lib/./libmlib_image.dylib
0x000000012a135000 	/Library/Java/JavaVirtualMachines/jdk1.8.0_131.jdk/Contents/Home/jre/lib/libawt_lwawt.dylib
0x000000012a1ec000 	/Library/Java/JavaVirtualMachines/jdk1.8.0_131.jdk/Contents/Home/jre/lib/./libosxapp.dylib
0x0000000058ad2000 	/System/Library/Frameworks/ExceptionHandling.framework/Versions/A/ExceptionHandling
0x0000000058ad2000 	/System/Library/PrivateFrameworks/CoreServicesInternal.framework/Versions/A/CoreServicesInternal
0x0000000058ad2000 	/System/Library/CoreServices/RawCamera.bundle/Contents/MacOS/RawCamera
0x000000012a781000 	/System/Library/Frameworks/Accelerate.framework/Frameworks/vImage.framework/Versions/A/Libraries/libCGInterfaces.dylib
0x0000000058ad2000 	/System/Library/Frameworks/ApplicationServices.framework/Versions/A/Frameworks/ATS.framework/Versions/A/Resources/libTrueTypeScaler.dylib
0x000000012bd87000 	/System/Library/Frameworks/OpenGL.framework/Resources/GLEngine.bundle/GLEngine
0x0000000058ad2000 	/System/Library/Frameworks/OpenGL.framework/Versions/A/Libraries/libGLProgrammability.dylib
0x000000012bf6c000 	/System/Library/Extensions/AppleIntelBDWGraphicsGLDriver.bundle/Contents/MacOS/AppleIntelBDWGraphicsGLDriver
0x0000000058ad2000 	/System/Library/PrivateFrameworks/GPUSupport.framework/Versions/A/Libraries/libGPUSupportMercury.dylib
0x000000012c6d6000 	/System/Library/Frameworks/OpenGL.framework/Resources//GLRendererFloat.bundle/GLRendererFloat
0x0000000058ad2000 	/System/Library/Frameworks/OpenCL.framework/Versions/A/Libraries/libcldcpuengine.dylib
0x0000000058ad2000 	/usr/lib/libcrypto.0.9.8.dylib
0x0000000058ad2000 	/System/Library/PrivateFrameworks/TrustEvaluationAgent.framework/Versions/A/TrustEvaluationAgent
0x000000012c70a000 	/System/Library/Extensions/AppleIntelBDWGraphicsMTLDriver.bundle/Contents/MacOS/AppleIntelBDWGraphicsMTLDriver
0x0000000058ad2000 	/System/Library/PrivateFrameworks/FamilyControls.framework/Versions/A/FamilyControls
0x0000000058ad2000 	/System/Library/PrivateFrameworks/CommerceKit.framework/Versions/A/Frameworks/CommerceCore.framework/Versions/A/CommerceCore
0x0000000058ad2000 	/System/Library/PrivateFrameworks/SystemAdministration.framework/Versions/A/SystemAdministration
0x0000000058ad2000 	/System/Library/PrivateFrameworks/AppContainer.framework/Versions/A/AppContainer
0x0000000058ad2000 	/System/Library/PrivateFrameworks/SecCodeWrapper.framework/Versions/A/SecCodeWrapper
0x0000000058ad2000 	/System/Library/Frameworks/DirectoryService.framework/Versions/A/DirectoryService
0x0000000058ad2000 	/System/Library/PrivateFrameworks/DiskImages.framework/Versions/A/DiskImages
0x0000000058ad2000 	/System/Library/PrivateFrameworks/LoginUIKit.framework/Versions/A/Frameworks/LoginUICore.framework/Versions/A/LoginUICore
0x0000000058ad2000 	/usr/lib/libCoreStorage.dylib
0x0000000058ad2000 	/usr/lib/libcsfde.dylib
0x0000000058ad2000 	/usr/lib/libodfde.dylib
0x0000000058ad2000 	/System/Library/Frameworks/DiscRecording.framework/Versions/A/DiscRecording
0x0000000058ad2000 	/usr/lib/libcurl.4.dylib
0x0000000058ad2000 	/System/Library/PrivateFrameworks/MediaKit.framework/Versions/A/MediaKit
0x0000000058ad2000 	/System/Library/PrivateFrameworks/ProtectedCloudStorage.framework/Versions/A/ProtectedCloudStorage
0x0000000058ad2000 	/System/Library/PrivateFrameworks/EFILogin.framework/Versions/A/EFILogin
0x0000000058ad2000 	/usr/lib/libutil.dylib
0x0000000058ad2000 	/System/Library/Frameworks/LDAP.framework/Versions/A/LDAP
0x0000000058ad2000 	/usr/lib/libsasl2.2.dylib
0x0000000058ad2000 	/System/Library/PrivateFrameworks/CoreDaemon.framework/Versions/B/CoreDaemon
0x0000000058ad2000 	/System/Library/PrivateFrameworks/AppleSRP.framework/Versions/A/AppleSRP
0x0000000058ad2000 	/System/Library/PrivateFrameworks/APFS.framework/Versions/A/APFS
0x0000000058ad2000 	/System/Library/PrivateFrameworks/ViewBridge.framework/Versions/A/ViewBridge
0x0000000058ad2000 	/System/Library/PrivateFrameworks/XPCService.framework/Versions/A/XPCService
0x0000000058ad2000 	/System/Library/PrivateFrameworks/AppSandbox.framework/Versions/A/AppSandbox
0x0000000058ad2000 	/usr/lib/libsandbox.1.dylib
0x0000000058ad2000 	/usr/lib/libMatch.1.dylib
0x000000012e7e0000 	/Library/Java/JavaVirtualMachines/jdk1.8.0_131.jdk/Contents/Home/jre/lib/libsplashscreen.dylib
0x000000012e839000 	/Library/Java/JavaVirtualMachines/jdk1.8.0_131.jdk/Contents/Home/jre/lib/libfontmanager.dylib
0x000000012c8ab000 	/Library/Java/JavaVirtualMachines/jdk1.8.0_131.jdk/Contents/Home/jre/lib/libosxui.dylib
0x000000013143b000 	/Applications/NetBeans/Apache NetBeans 11.1.app/Contents/Resources/NetBeans/platform/modules/lib/libjnidispatch-440.jnilib
0x000000012b9a6000 	/Library/Java/JavaVirtualMachines/jdk1.8.0_131.jdk/Contents/Home/jre/lib/libmanagement.dylib
0x000000013064b000 	/Library/Java/JavaVirtualMachines/jdk1.8.0_131.jdk/Contents/Home/jre/lib/libdcpr.dylib
0x000000012bd4b000 	/Library/Java/JavaVirtualMachines/jdk1.8.0_131.jdk/Contents/Home/jre/lib/libjpeg.dylib
0x0000000058ad2000 	/System/Library/PrivateFrameworks/CloudDocs.framework/Versions/A/CloudDocs
0x0000000058ad2000 	/System/Library/Frameworks/CloudKit.framework/Versions/A/CloudKit
0x0000000058ad2000 	/System/Library/PrivateFrameworks/MMCS.framework/Versions/A/MMCS
0x0000000058ad2000 	/System/Library/Frameworks/CoreLocation.framework/Versions/A/CoreLocation
0x0000000058ad2000 	/System/Library/PrivateFrameworks/AssetCacheServices.framework/Versions/A/AssetCacheServices
0x0000000058ad2000 	/System/Library/PrivateFrameworks/GeoServices.framework/Versions/A/GeoServices

VM Arguments:
jvm_args: -Djdk.home=/Library/Java/JavaVirtualMachines/jdk1.8.0_131.jdk/Contents/Home -Dnetbeans.default_userdir_root=/Users/dthurston/Library/Application Support/NetBeans -Dnetbeans.dirs=/Applications/NetBeans/Apache NetBeans 11.1.app/Contents/Resources/NetBeans/nb:/Applications/NetBeans/Apache NetBeans 11.1.app/Contents/Resources/NetBeans/ergonomics:/Applications/NetBeans/Apache NetBeans 11.1.app/Contents/Resources/NetBeans/ide:/Applications/NetBeans/Apache NetBeans 11.1.app/Contents/Resources/NetBeans/extide:/Applications/NetBeans/Apache NetBeans 11.1.app/Contents/Resources/NetBeans/java:/Applications/NetBeans/Apache NetBeans 11.1.app/Contents/Resources/NetBeans/apisupport:/Applications/NetBeans/Apache NetBeans 11.1.app/Contents/Resources/NetBeans/webcommon:/Applications/NetBeans/Apache NetBeans 11.1.app/Contents/Resources/NetBeans/websvccommon:/Applications/NetBeans/Apache NetBeans 11.1.app/Contents/Resources/NetBeans/enterprise:/Applications/NetBeans/Apache NetBeans 11.1.app/Contents/Resources/NetBeans/mobility:/Applications/NetBeans/Apache NetBeans 11.1.app/Contents/Resources/NetBeans/profiler:/Applications/NetBeans/Apache NetBeans 11.1.app/Contents/Resources/NetBeans/python:/Applications/NetBeans/Apache NetBeans 11.1.app/Contents/Resources/NetBeans/php:/Applications/NetBeans/Apache NetBeans 11.1.app/Contents/Resources/NetBeans/identity:/Applications/NetBeans/Apache NetBeans 11.1.app/Contents/Resources/NetBeans/harness:/Applications/NetBeans/Apache NetBeans 11.1.app/Contents/Resources/NetBeans/cnd:/Applications/NetBeans/Apache NetBeans 11.1.app/Contents/Resources/NetBeans/cndext:/Applications/NetBeans/Apache NetBeans 11.1.app/Contents/Resources/NetBeans/dlight:/Applications/NetBeans/Apache NetBeans 11.1.app/Contents/Resources/NetBeans/groovy:/Applications/NetBeans/Apache NetBeans 11.1.app/Contents/Resources/NetBeans/extra:/Applications/NetBeans/Apache NetBeans 11.1.app/Contents/Resources/NetBeans/javacard:/Applications/NetBeans/Apache NetBeans 11.1.app/Contents/Resources/NetBeans/javafx: -Dnetbeans.home=/Applications/NetBeans/Apache NetBeans 11.1.app/Contents/Resources/NetBeans/platform -Dnetbeans.importclass=org.netbeans.upgrade.AutoUpgrade -XX:+UseStringDeduplication -Xss2m -Djdk.gtk.version=2.2 -Dapple.laf.useScreenMenuBar=true -Dapple.awt.graphics.UseQuartz=true -Dsun.java2d.noddraw=true -Dsun.java2d.dpiaware=true -Dsun.zip.disableMemoryMapping=true -Dplugin.manager.check.updates=false -Dnetbeans.extbrowser.manual_chrome_plugin_install=yes --add-opens=java.base/java.net=ALL-UNNAMED --add-opens=java.base/java.lang.ref=ALL-UNNAMED --add-opens=java.base/java.lang=ALL-UNNAMED --add-opens=java.base/java.security=ALL-UNNAMED --add-opens=java.base/java.util=ALL-UNNAMED --add-opens=java.desktop/javax.swing.plaf.basic=ALL-UNNAMED --add-opens=java.desktop/javax.swing.text=ALL-UNNAMED --add-opens=java.desktop/javax.swing=ALL-UNNAMED --add-opens=java.desktop/java.awt=ALL-UNNAMED --add-opens=java.desktop/java.awt.event=ALL-UNNAMED --add-opens=java.prefs/java.util.prefs=ALL-UNNAMED --add-opens=jdk.jshell/jdk.jshell=ALL-UNNAMED --add-modules=jdk.jshell --add-exports=java.desktop/sun.awt=ALL-UNNAMED --add-exports=java.desktop/java.awt.peer=ALL-UNNAMED --add-exports=java.desktop/com.sun.beans.editors=ALL-UNNAMED --add-exports=java.desktop/sun.swing=ALL-UNNAMED --add-exports=java.desktop/sun.awt.im=ALL-UNNAMED --add-exports=jdk.internal.jvmstat/sun.jvmstat.monitor=ALL-UNNAMED --add-exports=java.management/sun.management=ALL-UNNAMED --add-exports=java.base/sun.reflect.annotation=ALL-UNNAMED --add-exports=jdk.javadoc/com.sun.tools.javadoc.main=ALL-UNNAMED -XX:+IgnoreUnrecognizedVMOptions -XX:+HeapDumpOnOutOfMemoryError -XX:HeapDumpPath=/Users/dthurston/Library/Application Support/NetBeans/11.1/var/log/heapdump.hprof 
java_command: org.netbeans.Main --cachedir /Users/dthurston/Library/Caches/NetBeans/11.1 --userdir /Users/dthurston/Library/Application Support/NetBeans/11.1 --branding nb
java_class_path (initial): /Applications/NetBeans/Apache NetBeans 11.1.app/Contents/Resources/NetBeans/platform/lib/boot.jar:/Applications/NetBeans/Apache NetBeans 11.1.app/Contents/Resources/NetBeans/platform/lib/org-openide-modules.jar:/Applications/NetBeans/Apache NetBeans 11.1.app/Contents/Resources/NetBeans/platform/lib/org-openide-util-lookup.jar:/Applications/NetBeans/Apache NetBeans 11.1.app/Contents/Resources/NetBeans/platform/lib/org-openide-util-ui.jar:/Applications/NetBeans/Apache NetBeans 11.1.app/Contents/Resources/NetBeans/platform/lib/org-openide-util.jar:/Library/Java/JavaVirtualMachines/jdk1.8.0_131.jdk/Contents/Home/lib/dt.jar:/Library/Java/JavaVirtualMachines/jdk1.8.0_131.jdk/Contents/Home/lib/tools.jar
Launcher Type: SUN_STANDARD

Environment Variables:
PATH=/Library/Frameworks/Python.framework/Versions/3.6/bin:/Users/dthurston/.rbenv/shims:/Library/Frameworks/Python.framework/Versions/2.7/bin:/usr/local/bin:/usr/bin:/bin:/usr/sbin:/sbin:/Library/Frameworks/Mono.framework/Versions/Current/Commands:/Applications/Wireshark.app/Contents/MacOS:/Users/dthurston/Projects
SHELL=/bin/bash

Signal Handlers:
SIGSEGV: [libjvm.dylib+0x5b1eb1], sa_mask[0]=11111111011111110111111111111111, sa_flags=SA_ONSTACK|SA_RESTART|SA_SIGINFO
SIGBUS: [libjvm.dylib+0x5b1eb1], sa_mask[0]=11111111011111110111111111111111, sa_flags=SA_RESTART|SA_SIGINFO
SIGFPE: [libjvm.dylib+0x488988], sa_mask[0]=11111111011111110111111111111111, sa_flags=SA_RESTART|SA_SIGINFO
SIGPIPE: [libjvm.dylib+0x488988], sa_mask[0]=11111111011111110111111111111111, sa_flags=SA_RESTART|SA_SIGINFO
SIGXFSZ: [libjvm.dylib+0x488988], sa_mask[0]=11111111011111110111111111111111, sa_flags=SA_RESTART|SA_SIGINFO
SIGILL: [libjvm.dylib+0x488988], sa_mask[0]=11111111011111110111111111111111, sa_flags=SA_RESTART|SA_SIGINFO
SIGUSR1: SIG_DFL, sa_mask[0]=11011111011111100000000111000110, sa_flags=none
SIGUSR2: [libjvm.dylib+0x4884a6], sa_mask[0]=00000000000000000000000000000000, sa_flags=SA_RESTART|SA_SIGINFO
SIGHUP: [libjvm.dylib+0x486a7d], sa_mask[0]=11111111011111110111111111111111, sa_flags=SA_RESTART|SA_SIGINFO
SIGINT: SIG_IGN, sa_mask[0]=00000000000000000000000000000000, sa_flags=none
SIGTERM: [libjvm.dylib+0x486a7d], sa_mask[0]=11111111011111110111111111111111, sa_flags=SA_RESTART|SA_SIGINFO
SIGQUIT: [libjvm.dylib+0x486a7d], sa_mask[0]=11111111011111110111111111111111, sa_flags=SA_RESTART|SA_SIGINFO


---------------  S Y S T E M  ---------------

OS:Bsduname:Darwin 16.7.0 Darwin Kernel Version 16.7.0: Sun Jun  2 20:26:31 PDT 2019; root:xnu-3789.73.50~1/RELEASE_X86_64 x86_64
rlimit: STACK 8192k, CORE 0k, NPROC 709, NOFILE 10240, AS infinity
load average:3.75 3.39 3.24

CPU:total 4 (initial active 4) (2 cores per cpu, 2 threads per core) family 6 model 61 stepping 4, cmov, cx8, fxsr, mmx, sse, sse2, sse3, ssse3, sse4.1, sse4.2, popcnt, avx, avx2, aes, clmul, erms, rtm, 3dnowpref, lzcnt, ht, tsc, tscinvbit, bmi1, bmi2, adx

Memory: 4k page, physical 8388608k(16912k free)

/proc/meminfo:


vm_info: Java HotSpot(TM) 64-Bit Server VM (25.131-b11) for bsd-amd64 JRE (1.8.0_131-b11), built on Mar 15 2017 01:32:22 by "java_re" with gcc 4.2.1 (Based on Apple Inc. build 5658) (LLVM build 2336.11.00)

time: Fri Apr  3 14:01:39 2020
elapsed time: 35302 seconds (0d 9h 48m 22s)

