#
# A fatal error has been detected by the Java Runtime Environment:
#
#  SIGSEGV (0xb) at pc=0x00000001254683bf, pid=10641, tid=0x000000000000e307
#
# JRE version: Java(TM) SE Runtime Environment (8.0_131-b11) (build 1.8.0_131-b11)
# Java VM: Java HotSpot(TM) 64-Bit Server VM (25.131-b11 mixed mode bsd-amd64 compressed oops)
# Problematic frame:
# C  [libawt_lwawt.dylib+0x1c3bf]  OGLSD_SetScratchSurface+0x49
#
# Failed to write core dump. Core dumps have been disabled. To enable core dumping, try "ulimit -c unlimited" before starting Java again
#
# If you would like to submit a bug report, please visit:
#   http://bugreport.java.com/bugreport/crash.jsp
# The crash happened outside the Java Virtual Machine in native code.
# See problematic frame for where to report the bug.
#

---------------  T H R E A D  ---------------

Current thread (0x00007f810989f800):  JavaThread "Java2D Queue Flusher" daemon [_thread_in_native, id=58119, stack(0x00007000049d3000,0x0000700004bd3000)]

siginfo: si_signo: 11 (SIGSEGV), si_code: 1 (SEGV_MAPERR), si_addr: 0x0000000000000002

Registers:
RAX=0x00000000ffffffff, RBX=0x0000000000000002, RCX=0x0000000000000047, RDX=0x0000000125489258
RSP=0x0000700004bd2810, RBP=0x0000700004bd2830, RSI=0x00007f81129c02b0, RDI=0x00007f810989f9f8
R8 =0x0000000000000020, R9 =0x0000000000000000, R10=0x0000000110b3feb8, R11=0x00000000f0020acd
R12=0x0000000000000000, R13=0x00000007801056d8, R14=0x00007f810989f9f8, R15=0x00007f810989f800
RIP=0x00000001254683bf, EFLAGS=0x0000000000010202, ERR=0x0000000000000004
  TRAPNO=0x000000000000000e

Top of Stack: (sp=0x0000700004bd2810)
0x0000700004bd2810:   00007f81129c02b0 0000000000000000
0x0000700004bd2820:   00007f81098ebc10 00007f810989f800
0x0000700004bd2830:   0000700004bd28b0 0000000125488d36
0x0000700004bd2840:   0000000000000064 00007f8107e49f88
0x0000700004bd2850:   0000700004bd28b0 000000010bb50094
0x0000700004bd2860:   0000000000000005 00007f810989f800
0x0000700004bd2870:   0000000780105601 00007f81098ebc20
0x0000700004bd2880:   0000700000bd2800 00007f810989f9f8
0x0000700004bd2890:   0000000000000000 0000000000000000
0x0000700004bd28a0:   00000000f0cfb03b 00007f810989f800
0x0000700004bd28b0:   0000700004bd2900 0000000110b3ff2a
0x0000700004bd28c0:   0000000780105650 0000000780709aa8
0x0000700004bd28d0:   0000000129710028 0000000000000000
0x0000700004bd28e0:   0000000000000009 0000000000000000
0x0000700004bd28f0:   0000700004bd2910 0000000000000000
0x0000700004bd2900:   00000000f0020aca 0000000110242c54
0x0000700004bd2910:   0000000780105650 00000007801056d8
0x0000700004bd2920:   0000000000000000 0000000000000000
0x0000700004bd2930:   00000007801056d8 0000700004bd29d0
0x0000700004bd2940:   0000000000000001 0000000000000000
0x0000700004bd2950:   0000700004bd29d0 000000010f7a47a7
0x0000700004bd2960:   00000007801056d8 00000007801056d8
0x0000700004bd2970:   0000700000001fa0 000000000000000a
0x0000700004bd2980:   00007f810989f800 0000000000000001
0x0000700004bd2990:   000000010f7a471f 000000011ef12a08
0x0000700004bd29a0:   0000700004bd2a68 0000700004bd2d00
0x0000700004bd29b0:   000000010000000a 000000011ef12a08
0x0000700004bd29c0:   000000010f7b7120 0000700004bd2c70
0x0000700004bd29d0:   0000700004bd2b80 000000010baee5b6
0x0000700004bd29e0:   0000700000000001 00007f810989f800
0x0000700004bd29f0:   00007f810989f800 0000700004bd2d00
0x0000700004bd2a00:   00007f8107e49f80 000000010f7b7120 

Instructions: (pc=0x00000001254683bf)
0x000000012546839f:   c0 e9 82 00 00 00 48 8b 5e 10 48 85 db 75 0e bf
0x00000001254683af:   01 00 00 00 48 8d 15 07 7c 03 00 eb d6 49 89 fe
0x00000001254683bf:   4c 8b 3b 30 c0 e8 c1 a6 02 00 49 8b 3f 49 89 c4
0x00000001254683cf:   48 8b 35 4a 03 06 00 30 c0 e8 0f a8 02 00 48 85 

Register to memory mapping:

RAX=0x00000000ffffffff is an unknown value
RBX=0x0000000000000002 is an unknown value
RCX=0x0000000000000047 is an unknown value
RDX=0x0000000125489258: Java_sun_java2d_opengl_OGLRenderQueue_flushBuffer+0xb5c in /Library/Java/JavaVirtualMachines/jdk1.8.0_131.jdk/Contents/Home/jre/lib/libawt_lwawt.dylib at 0x000000012544c000
RSP=0x0000700004bd2810 is pointing into the stack for thread: 0x00007f810989f800
RBP=0x0000700004bd2830 is pointing into the stack for thread: 0x00007f810989f800
RSI=0x00007f81129c02b0 is an unknown value
RDI=0x00007f810989f9f8 is an unknown value
R8 =0x0000000000000020 is an unknown value
R9 =0x0000000000000000 is an unknown value
R10=0x0000000110b3feb8 is at entry_point+56 in (nmethod*)0x0000000110b3fd10
R11=0x00000000f0020acd is an unknown value
R12=0x0000000000000000 is an unknown value
R13=0x00000007801056d8 is an oop
sun.java2d.opengl.OGLRenderQueue$QueueFlusher 
 - klass: 'sun/java2d/opengl/OGLRenderQueue$QueueFlusher'
R14=0x00007f810989f9f8 is an unknown value
R15=0x00007f810989f800 is a thread


Stack: [0x00007000049d3000,0x0000700004bd3000],  sp=0x0000700004bd2810,  free space=2046k
Native frames: (J=compiled Java code, j=interpreted, Vv=VM code, C=native code)
C  [libawt_lwawt.dylib+0x1c3bf]  OGLSD_SetScratchSurface+0x49
C  [libawt_lwawt.dylib+0x3cd36]  Java_sun_java2d_opengl_OGLRenderQueue_flushBuffer+0x63a
J 9168  sun.java2d.opengl.OGLRenderQueue.flushBuffer(JI)V (0 bytes) @ 0x0000000110b3ff2a [0x0000000110b3fe80+0xaa]
J 26527% C2 sun.java2d.opengl.OGLRenderQueue$QueueFlusher.run()V (234 bytes) @ 0x0000000110242c54 [0x0000000110242b20+0x134]
v  ~StubRoutines::call_stub
V  [libjvm.dylib+0x2ee5b6]
V  [libjvm.dylib+0x2eed5a]
V  [libjvm.dylib+0x2eef06]
V  [libjvm.dylib+0x34965d]
V  [libjvm.dylib+0x56b87f]
V  [libjvm.dylib+0x56cf6c]
V  [libjvm.dylib+0x48b376]
C  [libsystem_pthread.dylib+0x393b]  _pthread_body+0xb4
C  [libsystem_pthread.dylib+0x3887]  _pthread_body+0x0
C  [libsystem_pthread.dylib+0x308d]  thread_start+0xd
C  0x0000000000000000

Java frames: (J=compiled Java code, j=interpreted, Vv=VM code)
J 9168  sun.java2d.opengl.OGLRenderQueue.flushBuffer(JI)V (0 bytes) @ 0x0000000110b3feb8 [0x0000000110b3fe80+0x38]
J 26527% C2 sun.java2d.opengl.OGLRenderQueue$QueueFlusher.run()V (234 bytes) @ 0x0000000110242c54 [0x0000000110242b20+0x134]
v  ~StubRoutines::call_stub

---------------  P R O C E S S  ---------------

Java Threads: ( => current thread )
  0x00007f81109f6800 JavaThread "Refresh-After-WindowActivated" daemon [_thread_in_Java, id=102011, stack(0x0000700005465000,0x0000700005665000)]
  0x00007f80ff72c800 JavaThread "Inactive RequestProcessor thread [Was:Flush UI Logs/org.netbeans.modules.uihandler.UIHandler$2WriteOut]" daemon [_thread_blocked, id=89751, stack(0x00007000045cd000,0x00007000047cd000)]
  0x00007f81109e7000 JavaThread "Inactive RequestProcessor thread [Was:Flush UI Logs/org.netbeans.modules.uihandler.UIHandler$2WriteOut]" daemon [_thread_blocked, id=95579, stack(0x00007000043ca000,0x00007000045ca000)]
  0x00007f8108012000 JavaThread "DestroyJavaVM" [_thread_blocked, id=6915, stack(0x000070000288b000,0x0000700002a8b000)]
  0x00007f8108f4b000 JavaThread "TimerQueue" daemon [_thread_blocked, id=80395, stack(0x0000700006883000,0x0000700006a83000)]
  0x00007f81081b4800 JavaThread "Worker-JM" [_thread_blocked, id=77131, stack(0x0000700006680000,0x0000700006880000)]
  0x00007f8108297800 JavaThread "Framework Event Dispatcher" daemon [_thread_blocked, id=76595, stack(0x000070000647d000,0x000070000667d000)]
  0x00007f810f646000 JavaThread "Deadlock Detector" [_thread_blocked, id=76083, stack(0x000070000627a000,0x000070000647a000)]
  0x00007f8109c2f000 JavaThread "Thread-3" daemon [_thread_blocked, id=75707, stack(0x0000700006077000,0x0000700006277000)]
  0x00007f8109b1d800 JavaThread "File Watcher" daemon [_thread_blocked, id=75015, stack(0x0000700005e74000,0x0000700006074000)]
  0x00007f810e6f9000 JavaThread "Thread-1" daemon [_thread_in_native, id=72979, stack(0x0000700005c71000,0x0000700005e71000)]
  0x00007f81099f2800 JavaThread "Editor Parsing Loop (201609300101)" daemon [_thread_blocked, id=71443, stack(0x0000700005a6e000,0x0000700005c6e000)]
  0x00007f81099b8800 JavaThread "State Data Manager" daemon [_thread_blocked, id=69567, stack(0x0000700005262000,0x0000700005462000)]
  0x00007f810962d800 JavaThread "Framework Active Thread" [_thread_blocked, id=69107, stack(0x000070000505f000,0x000070000525f000)]
  0x00007f81093f9800 JavaThread "AWT-EventQueue-0" [_thread_blocked, id=64779, stack(0x0000700004dd9000,0x0000700004fd9000)]
  0x00007f8108485000 JavaThread "Java2D Disposer" daemon [_thread_blocked, id=60175, stack(0x0000700004bd6000,0x0000700004dd6000)]
=>0x00007f810989f800 JavaThread "Java2D Queue Flusher" daemon [_thread_in_native, id=58119, stack(0x00007000049d3000,0x0000700004bd3000)]
  0x00007f8108442800 JavaThread "RequestProcessor queue manager" daemon [_thread_blocked, id=56579, stack(0x00007000047d0000,0x00007000049d0000)]
  0x00007f8109867800 JavaThread "AWT-Shutdown" [_thread_blocked, id=30751, stack(0x00007000040c1000,0x00007000042c1000)]
  0x00007f8109888800 JavaThread "AppKit Thread" daemon [_thread_in_native, id=775, stack(0x00007fff545ec000,0x00007fff54dec000)]
  0x00007f8109358000 JavaThread "CLI Requests Server" daemon [_thread_in_native, id=20227, stack(0x0000700003e3b000,0x000070000403b000)]
  0x00007f81080e8000 JavaThread "Active Reference Queue Daemon" daemon [_thread_blocked, id=19715, stack(0x0000700003c38000,0x0000700003e38000)]
  0x00007f81090a2800 JavaThread "Service Thread" daemon [_thread_blocked, id=18691, stack(0x0000700003932000,0x0000700003b32000)]
  0x00007f810802b800 JavaThread "C1 CompilerThread2" daemon [_thread_blocked, id=18179, stack(0x000070000382f000,0x000070000392f000)]
  0x00007f810802b000 JavaThread "C2 CompilerThread1" daemon [_thread_blocked, id=17667, stack(0x000070000372c000,0x000070000382c000)]
  0x00007f8108029000 JavaThread "C2 CompilerThread0" daemon [_thread_blocked, id=17155, stack(0x0000700003629000,0x0000700003729000)]
  0x00007f8108008800 JavaThread "Signal Dispatcher" daemon [_thread_blocked, id=16643, stack(0x0000700003426000,0x0000700003626000)]
  0x00007f810905c800 JavaThread "Finalizer" daemon [_thread_blocked, id=12291, stack(0x00007000031a0000,0x00007000033a0000)]
  0x00007f8109059800 JavaThread "Reference Handler" daemon [_thread_blocked, id=11779, stack(0x0000700002f9d000,0x000070000319d000)]

Other Threads:
  0x00007f8109055000 VMThread [stack: 0x0000700002e9a000,0x0000700002f9a000] [id=11267]
  0x00007f8108022000 WatcherThread [stack: 0x0000700003b35000,0x0000700003c35000] [id=19203]

VM state:not at safepoint (normal execution)

VM Mutex/Monitor currently owned by a thread: None

Heap:
 PSYoungGen      total 154112K, used 23159K [0x00000007aab00000, 0x00000007b5a00000, 0x00000007c0000000)
  eden space 141312K, 7% used [0x00000007aab00000,0x00000007ab59d1e0,0x00000007b3500000)
  from space 12800K, 97% used [0x00000007b3880000,0x00000007b44acc88,0x00000007b4500000)
  to   space 18944K, 0% used [0x00000007b4780000,0x00000007b4780000,0x00000007b5a00000)
 ParOldGen       total 406016K, used 357688K [0x0000000780000000, 0x0000000798c80000, 0x00000007aab00000)
  object space 406016K, 88% used [0x0000000780000000,0x0000000795d4e1d8,0x0000000798c80000)
 Metaspace       used 161054K, capacity 177968K, committed 178176K, reserved 1202176K
  class space    used 20322K, capacity 25258K, committed 25344K, reserved 1048576K

Card table byte_map: [0x000000010cb63000,0x000000010cd64000] byte_map_base: 0x0000000108f63000

Marking Bits: (ParMarkBitMap*) 0x000000010c0f1ea0
 Begin Bits: [0x000000010ceba000, 0x000000010deba000)
 End Bits:   [0x000000010deba000, 0x000000010eeba000)

Polling page: 0x000000010aed4000

CodeCache: size=245760Kb used=150874Kb max_used=152672Kb free=94886Kb
 bounds [0x000000010f7a4000, 0x0000000118fd4000, 0x000000011e7a4000]
 total_blobs=32215 nmethods=31218 adapters=903
 compilation: enabled

Compilation events (10 events):
Event: 225038.674 Thread 0x00007f810802b800 57176       3       org.openide.util.CharSequences$Fixed_8_15::charAt (284 bytes)
Event: 225038.676 Thread 0x00007f810802b800 nmethod 57176 0x0000000110939f50 code [0x000000011093a0c0, 0x000000011093a490]
Event: 225038.718 Thread 0x00007f8108029000 57177       4       java.util.regex.Pattern$Single::isSatisfiedBy (14 bytes)
Event: 225038.721 Thread 0x00007f8108029000 nmethod 57177 0x00000001181cdfd0 code [0x00000001181ce120, 0x00000001181ce198]
Event: 225038.751 Thread 0x00007f810802b000 57178       4       org.openide.util.CharSequences$Fixed_8_15::toString (39 bytes)
Event: 225038.765 Thread 0x00007f810802b000 nmethod 57178 0x000000010fc1ca90 code [0x000000010fc1ce60, 0x000000010fc1d4d8]
Event: 225053.081 Thread 0x00007f810802b800 57179       1       java.util.concurrent.locks.AbstractQueuedSynchronizer::compareAndSetWaitStatus (13 bytes)
Event: 225053.102 Thread 0x00007f810802b800 nmethod 57179 0x00000001109d6010 code [0x00000001109d6160, 0x00000001109d6270]
Event: 225055.006 Thread 0x00007f810802b000 57180       4       javax.swing.tree.DefaultMutableTreeNode::getChildAt (29 bytes)
Event: 225055.031 Thread 0x00007f810802b000 nmethod 57180 0x00000001106ec9d0 code [0x00000001106ecb20, 0x00000001106ece38]

GC Heap History (10 events):
Event: 221392.084 GC heap before
{Heap before GC invocations=6451 (full 12):
 PSYoungGen      total 181248K, used 174853K [0x00000007aab00000, 0x00000007b7080000, 0x00000007c0000000)
  eden space 160256K, 100% used [0x00000007aab00000,0x00000007b4780000,0x00000007b4780000)
  from space 20992K, 69% used [0x00000007b5c00000,0x00000007b6a415c0,0x00000007b7080000)
  to   space 20992K, 0% used [0x00000007b4780000,0x00000007b4780000,0x00000007b5c00000)
 ParOldGen       total 406016K, used 354700K [0x0000000780000000, 0x0000000798c80000, 0x00000007aab00000)
  object space 406016K, 87% used [0x0000000780000000,0x0000000795a631a0,0x0000000798c80000)
 Metaspace       used 161052K, capacity 177968K, committed 178176K, reserved 1202176K
  class space    used 20322K, capacity 25258K, committed 25344K, reserved 1048576K
Event: 221392.112 GC heap after
Heap after GC invocations=6451 (full 12):
 PSYoungGen      total 171520K, used 14878K [0x00000007aab00000, 0x00000007b6c80000, 0x00000007c0000000)
  eden space 156160K, 0% used [0x00000007aab00000,0x00000007aab00000,0x00000007b4380000)
  from space 15360K, 96% used [0x00000007b4780000,0x00000007b5607bf0,0x00000007b5680000)
  to   space 20992K, 0% used [0x00000007b5800000,0x00000007b5800000,0x00000007b6c80000)
 ParOldGen       total 406016K, used 354756K [0x0000000780000000, 0x0000000798c80000, 0x00000007aab00000)
  object space 406016K, 87% used [0x0000000780000000,0x0000000795a711a0,0x0000000798c80000)
 Metaspace       used 161052K, capacity 177968K, committed 178176K, reserved 1202176K
  class space    used 20322K, capacity 25258K, committed 25344K, reserved 1048576K
}
Event: 221437.894 GC heap before
{Heap before GC invocations=6452 (full 12):
 PSYoungGen      total 171520K, used 171038K [0x00000007aab00000, 0x00000007b6c80000, 0x00000007c0000000)
  eden space 156160K, 100% used [0x00000007aab00000,0x00000007b4380000,0x00000007b4380000)
  from space 15360K, 96% used [0x00000007b4780000,0x00000007b5607bf0,0x00000007b5680000)
  to   space 20992K, 0% used [0x00000007b5800000,0x00000007b5800000,0x00000007b6c80000)
 ParOldGen       total 406016K, used 354756K [0x0000000780000000, 0x0000000798c80000, 0x00000007aab00000)
  object space 406016K, 87% used [0x0000000780000000,0x0000000795a711a0,0x0000000798c80000)
 Metaspace       used 161052K, capacity 177968K, committed 178176K, reserved 1202176K
  class space    used 20322K, capacity 25258K, committed 25344K, reserved 1048576K
Event: 221437.966 GC heap after
Heap after GC invocations=6452 (full 12):
 PSYoungGen      total 167936K, used 14191K [0x00000007aab00000, 0x00000007b6780000, 0x00000007c0000000)
  eden space 152064K, 0% used [0x00000007aab00000,0x00000007aab00000,0x00000007b3f80000)
  from space 15872K, 89% used [0x00000007b5800000,0x00000007b65dbf60,0x00000007b6780000)
  to   space 20480K, 0% used [0x00000007b3f80000,0x00000007b3f80000,0x00000007b5380000)
 ParOldGen       total 406016K, used 355944K [0x0000000780000000, 0x0000000798c80000, 0x00000007aab00000)
  object space 406016K, 87% used [0x0000000780000000,0x0000000795b9a1e0,0x0000000798c80000)
 Metaspace       used 161052K, capacity 177968K, committed 178176K, reserved 1202176K
  class space    used 20322K, capacity 25258K, committed 25344K, reserved 1048576K
}
Event: 221482.563 GC heap before
{Heap before GC invocations=6453 (full 12):
 PSYoungGen      total 167936K, used 166255K [0x00000007aab00000, 0x00000007b6780000, 0x00000007c0000000)
  eden space 152064K, 100% used [0x00000007aab00000,0x00000007b3f80000,0x00000007b3f80000)
  from space 15872K, 89% used [0x00000007b5800000,0x00000007b65dbf60,0x00000007b6780000)
  to   space 20480K, 0% used [0x00000007b3f80000,0x00000007b3f80000,0x00000007b5380000)
 ParOldGen       total 406016K, used 355944K [0x0000000780000000, 0x0000000798c80000, 0x00000007aab00000)
  object space 406016K, 87% used [0x0000000780000000,0x0000000795b9a1e0,0x0000000798c80000)
 Metaspace       used 161053K, capacity 177968K, committed 178176K, reserved 1202176K
  class space    used 20322K, capacity 25258K, committed 25344K, reserved 1048576K
Event: 221482.623 GC heap after
Heap after GC invocations=6453 (full 12):
 PSYoungGen      total 162304K, used 13501K [0x00000007aab00000, 0x00000007b6300000, 0x00000007c0000000)
  eden space 148480K, 0% used [0x00000007aab00000,0x00000007aab00000,0x00000007b3c00000)
  from space 13824K, 97% used [0x00000007b3f80000,0x00000007b4caf650,0x00000007b4d00000)
  to   space 19968K, 0% used [0x00000007b4f80000,0x00000007b4f80000,0x00000007b6300000)
 ParOldGen       total 406016K, used 356741K [0x0000000780000000, 0x0000000798c80000, 0x00000007aab00000)
  object space 406016K, 87% used [0x0000000780000000,0x0000000795c61568,0x0000000798c80000)
 Metaspace       used 161053K, capacity 177968K, committed 178176K, reserved 1202176K
  class space    used 20322K, capacity 25258K, committed 25344K, reserved 1048576K
}
Event: 221973.522 GC heap before
{Heap before GC invocations=6454 (full 12):
 PSYoungGen      total 162304K, used 161981K [0x00000007aab00000, 0x00000007b6300000, 0x00000007c0000000)
  eden space 148480K, 100% used [0x00000007aab00000,0x00000007b3c00000,0x00000007b3c00000)
  from space 13824K, 97% used [0x00000007b3f80000,0x00000007b4caf650,0x00000007b4d00000)
  to   space 19968K, 0% used [0x00000007b4f80000,0x00000007b4f80000,0x00000007b6300000)
 ParOldGen       total 406016K, used 356741K [0x0000000780000000, 0x0000000798c80000, 0x00000007aab00000)
  object space 406016K, 87% used [0x0000000780000000,0x0000000795c61568,0x0000000798c80000)
 Metaspace       used 161053K, capacity 177968K, committed 178176K, reserved 1202176K
  class space    used 20322K, capacity 25258K, committed 25344K, reserved 1048576K
Event: 221973.778 GC heap after
Heap after GC invocations=6454 (full 12):
 PSYoungGen      total 160256K, used 12370K [0x00000007aab00000, 0x00000007b5e80000, 0x00000007c0000000)
  eden space 144896K, 0% used [0x00000007aab00000,0x00000007aab00000,0x00000007b3880000)
  from space 15360K, 80% used [0x00000007b4f80000,0x00000007b5b94a38,0x00000007b5e80000)
  to   space 19456K, 0% used [0x00000007b3880000,0x00000007b3880000,0x00000007b4b80000)
 ParOldGen       total 406016K, used 357456K [0x0000000780000000, 0x0000000798c80000, 0x00000007aab00000)
  object space 406016K, 88% used [0x0000000780000000,0x0000000795d141d8,0x0000000798c80000)
 Metaspace       used 161053K, capacity 177968K, committed 178176K, reserved 1202176K
  class space    used 20322K, capacity 25258K, committed 25344K, reserved 1048576K
}
Event: 225059.079 GC heap before
{Heap before GC invocations=6455 (full 12):
 PSYoungGen      total 160256K, used 157266K [0x00000007aab00000, 0x00000007b5e80000, 0x00000007c0000000)
  eden space 144896K, 100% used [0x00000007aab00000,0x00000007b3880000,0x00000007b3880000)
  from space 15360K, 80% used [0x00000007b4f80000,0x00000007b5b94a38,0x00000007b5e80000)
  to   space 19456K, 0% used [0x00000007b3880000,0x00000007b3880000,0x00000007b4b80000)
 ParOldGen       total 406016K, used 357456K [0x0000000780000000, 0x0000000798c80000, 0x00000007aab00000)
  object space 406016K, 88% used [0x0000000780000000,0x0000000795d141d8,0x0000000798c80000)
 Metaspace       used 161054K, capacity 177968K, committed 178176K, reserved 1202176K
  class space    used 20322K, capacity 25258K, committed 25344K, reserved 1048576K
Event: 225059.196 GC heap after
Heap after GC invocations=6455 (full 12):
 PSYoungGen      total 154112K, used 12467K [0x00000007aab00000, 0x00000007b5a00000, 0x00000007c0000000)
  eden space 141312K, 0% used [0x00000007aab00000,0x00000007aab00000,0x00000007b3500000)
  from space 12800K, 97% used [0x00000007b3880000,0x00000007b44acc88,0x00000007b4500000)
  to   space 18944K, 0% used [0x00000007b4780000,0x00000007b4780000,0x00000007b5a00000)
 ParOldGen       total 406016K, used 357688K [0x0000000780000000, 0x0000000798c80000, 0x00000007aab00000)
  object space 406016K, 88% used [0x0000000780000000,0x0000000795d4e1d8,0x0000000798c80000)
 Metaspace       used 161054K, capacity 177968K, committed 178176K, reserved 1202176K
  class space    used 20322K, capacity 25258K, committed 25344K, reserved 1048576K
}

Deoptimization events (10 events):
Event: 221017.705 Thread 0x00007f811007f000 Uncommon trap: reason=bimorphic action=maybe_recompile pc=0x0000000113aa7438 method=org.openide.filesystems.MIMESupport$CachedFileObject.getExt()Ljava/lang/String; @ 12
Event: 221017.706 Thread 0x00007f81136e4000 Uncommon trap: reason=bimorphic action=maybe_recompile pc=0x0000000113aa7438 method=org.openide.filesystems.MIMESupport$CachedFileObject.getExt()Ljava/lang/String; @ 12
Event: 221017.708 Thread 0x00007f811007f000 Uncommon trap: reason=bimorphic action=maybe_recompile pc=0x0000000113aa7438 method=org.openide.filesystems.MIMESupport$CachedFileObject.getExt()Ljava/lang/String; @ 12
Event: 221017.708 Thread 0x00007f811007f000 Uncommon trap: reason=bimorphic action=maybe_recompile pc=0x0000000113aa7438 method=org.openide.filesystems.MIMESupport$CachedFileObject.getExt()Ljava/lang/String; @ 12
Event: 221050.427 Thread 0x00007f811007f000 Uncommon trap: reason=unstable_if action=reinterpret pc=0x000000010ff40ba0 method=org.netbeans.modules.openide.filesystems.declmime.FileElement.resolve(Lorg/openide/filesystems/FileObject;)Ljava/lang/String; @ 35
Event: 221120.404 Thread 0x00007f81109e7000 Uncommon trap: reason=bimorphic action=maybe_recompile pc=0x000000010fa9a600 method=org.openide.filesystems.MIMESupport$CachedFileObject.getInputStream()Ljava/io/InputStream; @ 64
Event: 221171.419 Thread 0x00007f81099f2800 Uncommon trap: reason=unstable_if action=reinterpret pc=0x000000011714428c method=com.oracle.js.parser.ir.IfNode.isTerminal()Z @ 14
Event: 221267.820 Thread 0x00007f81093f9800 Uncommon trap: reason=bimorphic action=maybe_recompile pc=0x00000001114d198c method=org.netbeans.editor.ext.ToolTipSupport.setToolTipVisible(ZZ)V @ 153
Event: 221373.378 Thread 0x00007f81093f9800 Uncommon trap: reason=unstable_if action=reinterpret pc=0x00000001133f63ec method=org.openide.util.lookup.SimpleProxyLookup$ProxyResult.updateLookup(Lorg/openide/util/Lookup$Result;[Lorg/openide/util/Lookup$Result;)Z @ 126
Event: 225038.713 Thread 0x00007f81109e7000 Uncommon trap: reason=unstable_if action=reinterpret pc=0x00000001122cc23c method=org.netbeans.modules.masterfs.filebasedfs.utils.FileChangedManager.waitNowAndRun(Ljava/lang/Runnable;)V @ 11

Internal exceptions (10 events):
Event: 221366.094 Thread 0x00007f810f418000 Exception <a 'sun/nio/fs/UnixException'> (0x00000007b1838198) thrown at [/Users/java_re/workspace/8-2-build-macosx-x86_64/jdk8u131/8869/hotspot/src/share/vm/prims/jni.cpp, line 709]
Event: 221379.079 Thread 0x00007f810f05f800 Exception <a 'sun/nio/fs/UnixException'> (0x00000007afe0b828) thrown at [/Users/java_re/workspace/8-2-build-macosx-x86_64/jdk8u131/8869/hotspot/src/share/vm/prims/jni.cpp, line 709]
Event: 221379.079 Thread 0x00007f810f05f800 Exception <a 'sun/nio/fs/UnixException'> (0x00000007afe0c468) thrown at [/Users/java_re/workspace/8-2-build-macosx-x86_64/jdk8u131/8869/hotspot/src/share/vm/prims/jni.cpp, line 709]
Event: 221383.089 Thread 0x00007f810f418000 Exception <a 'sun/nio/fs/UnixException'> (0x00000007b2165968) thrown at [/Users/java_re/workspace/8-2-build-macosx-x86_64/jdk8u131/8869/hotspot/src/share/vm/prims/jni.cpp, line 709]
Event: 221383.089 Thread 0x00007f810f418000 Exception <a 'sun/nio/fs/UnixException'> (0x00000007b2166608) thrown at [/Users/java_re/workspace/8-2-build-macosx-x86_64/jdk8u131/8869/hotspot/src/share/vm/prims/jni.cpp, line 709]
Event: 221384.093 Thread 0x00007f810f418000 Exception <a 'sun/nio/fs/UnixException'> (0x00000007b21d7f38) thrown at [/Users/java_re/workspace/8-2-build-macosx-x86_64/jdk8u131/8869/hotspot/src/share/vm/prims/jni.cpp, line 709]
Event: 221384.093 Thread 0x00007f810f418000 Exception <a 'sun/nio/fs/UnixException'> (0x00000007b21d8b78) thrown at [/Users/java_re/workspace/8-2-build-macosx-x86_64/jdk8u131/8869/hotspot/src/share/vm/prims/jni.cpp, line 709]
Event: 222062.475 Thread 0x00007f810f418000 Exception <a 'sun/nio/fs/UnixException'> (0x00000007ab62c3d0) thrown at [/Users/java_re/workspace/8-2-build-macosx-x86_64/jdk8u131/8869/hotspot/src/share/vm/prims/jni.cpp, line 709]
Event: 222062.475 Thread 0x00007f810f418000 Exception <a 'sun/nio/fs/UnixException'> (0x00000007ab62d048) thrown at [/Users/java_re/workspace/8-2-build-macosx-x86_64/jdk8u131/8869/hotspot/src/share/vm/prims/jni.cpp, line 709]
Event: 222062.483 Thread 0x00007f810f418000 Exception <a 'java/io/FileNotFoundException'> (0x00000007ab637358) thrown at [/Users/java_re/workspace/8-2-build-macosx-x86_64/jdk8u131/8869/hotspot/src/share/vm/prims/jni.cpp, line 709]

Events (10 events):
Event: 225052.956 Executing VM operation: FindDeadlocks
Event: 225052.956 Executing VM operation: FindDeadlocks done
Event: 225054.961 Executing VM operation: FindDeadlocks
Event: 225054.961 Executing VM operation: FindDeadlocks done
Event: 225056.963 Executing VM operation: FindDeadlocks
Event: 225056.963 Executing VM operation: FindDeadlocks done
Event: 225058.967 Executing VM operation: FindDeadlocks
Event: 225058.967 Executing VM operation: FindDeadlocks done
Event: 225059.077 Executing VM operation: ParallelGCFailedAllocation
Event: 225059.196 Executing VM operation: ParallelGCFailedAllocation done


Dynamic libraries:
0x000000000a5ed000 	/System/Library/Frameworks/Cocoa.framework/Versions/A/Cocoa
0x000000000a5ed000 	/System/Library/Frameworks/Security.framework/Versions/A/Security
0x000000000a5ed000 	/System/Library/Frameworks/ApplicationServices.framework/Versions/A/ApplicationServices
0x000000000a5ed000 	/usr/lib/libz.1.dylib
0x000000000a5ed000 	/usr/lib/libSystem.B.dylib
0x000000000a5ed000 	/usr/lib/libobjc.A.dylib
0x000000000a5ed000 	/System/Library/Frameworks/CoreFoundation.framework/Versions/A/CoreFoundation
0x000000000a5ed000 	/System/Library/Frameworks/Foundation.framework/Versions/C/Foundation
0x000000000a5ed000 	/System/Library/Frameworks/AppKit.framework/Versions/C/AppKit
0x000000000a5ed000 	/System/Library/Frameworks/CoreData.framework/Versions/A/CoreData
0x000000000a5ed000 	/System/Library/PrivateFrameworks/RemoteViewServices.framework/Versions/A/RemoteViewServices
0x000000000a5ed000 	/System/Library/PrivateFrameworks/UIFoundation.framework/Versions/A/UIFoundation
0x000000000a5ed000 	/System/Library/PrivateFrameworks/DFRFoundation.framework/Versions/A/DFRFoundation
0x000000000a5ed000 	/usr/lib/libenergytrace.dylib
0x000000000a5ed000 	/System/Library/PrivateFrameworks/SkyLight.framework/Versions/A/SkyLight
0x000000000a5ed000 	/System/Library/Frameworks/CoreGraphics.framework/Versions/A/CoreGraphics
0x000000000a5ed000 	/usr/lib/libScreenReader.dylib
0x000000000a5ed000 	/System/Library/Frameworks/Accelerate.framework/Versions/A/Accelerate
0x000000000a5ed000 	/System/Library/Frameworks/IOSurface.framework/Versions/A/IOSurface
0x000000000a5ed000 	/System/Library/Frameworks/AudioToolbox.framework/Versions/A/AudioToolbox
0x000000000a5ed000 	/System/Library/Frameworks/AudioUnit.framework/Versions/A/AudioUnit
0x000000000a5ed000 	/System/Library/PrivateFrameworks/DataDetectorsCore.framework/Versions/A/DataDetectorsCore
0x000000000a5ed000 	/System/Library/PrivateFrameworks/DesktopServicesPriv.framework/Versions/A/DesktopServicesPriv
0x000000000a5ed000 	/System/Library/Frameworks/Carbon.framework/Versions/A/Frameworks/HIToolbox.framework/Versions/A/HIToolbox
0x000000000a5ed000 	/usr/lib/libicucore.A.dylib
0x000000000a5ed000 	/System/Library/Frameworks/QuartzCore.framework/Versions/A/QuartzCore
0x000000000a5ed000 	/System/Library/Frameworks/Carbon.framework/Versions/A/Frameworks/SpeechRecognition.framework/Versions/A/SpeechRecognition
0x000000000a5ed000 	/usr/lib/libauto.dylib
0x000000000a5ed000 	/usr/lib/libxml2.2.dylib
0x000000000a5ed000 	/System/Library/PrivateFrameworks/CoreUI.framework/Versions/A/CoreUI
0x000000000a5ed000 	/System/Library/Frameworks/CoreAudio.framework/Versions/A/CoreAudio
0x000000000a5ed000 	/System/Library/Frameworks/DiskArbitration.framework/Versions/A/DiskArbitration
0x000000000a5ed000 	/usr/lib/liblangid.dylib
0x000000000a5ed000 	/System/Library/PrivateFrameworks/MultitouchSupport.framework/Versions/A/MultitouchSupport
0x000000000a5ed000 	/System/Library/Frameworks/IOKit.framework/Versions/A/IOKit
0x000000000a5ed000 	/usr/lib/libDiagnosticMessagesClient.dylib
0x000000000a5ed000 	/System/Library/Frameworks/CoreServices.framework/Versions/A/CoreServices
0x000000000a5ed000 	/System/Library/PrivateFrameworks/PerformanceAnalysis.framework/Versions/A/PerformanceAnalysis
0x000000000a5ed000 	/System/Library/PrivateFrameworks/GenerationalStorage.framework/Versions/A/GenerationalStorage
0x000000000a5ed000 	/System/Library/Frameworks/OpenGL.framework/Versions/A/OpenGL
0x000000000a5ed000 	/System/Library/Frameworks/CoreImage.framework/Versions/A/CoreImage
0x000000000a5ed000 	/System/Library/Frameworks/CoreText.framework/Versions/A/CoreText
0x000000000a5ed000 	/System/Library/Frameworks/ImageIO.framework/Versions/A/ImageIO
0x000000000a5ed000 	/System/Library/PrivateFrameworks/Backup.framework/Versions/A/Backup
0x000000000a5ed000 	/usr/lib/libarchive.2.dylib
0x000000000a5ed000 	/System/Library/Frameworks/CFNetwork.framework/Versions/A/CFNetwork
0x000000000a5ed000 	/System/Library/Frameworks/SystemConfiguration.framework/Versions/A/SystemConfiguration
0x000000000a5ed000 	/usr/lib/libCRFSuite.dylib
0x000000000a5ed000 	/usr/lib/libc++.1.dylib
0x000000000a5ed000 	/usr/lib/libc++abi.dylib
0x000000000a5ed000 	/usr/lib/system/libcache.dylib
0x000000000a5ed000 	/usr/lib/system/libcommonCrypto.dylib
0x000000000a5ed000 	/usr/lib/system/libcompiler_rt.dylib
0x000000000a5ed000 	/usr/lib/system/libcopyfile.dylib
0x000000000a5ed000 	/usr/lib/system/libcorecrypto.dylib
0x000000000a5ed000 	/usr/lib/system/libdispatch.dylib
0x000000000a5ed000 	/usr/lib/system/libdyld.dylib
0x000000000a5ed000 	/usr/lib/system/libkeymgr.dylib
0x000000000a5ed000 	/usr/lib/system/liblaunch.dylib
0x000000000a5ed000 	/usr/lib/system/libmacho.dylib
0x000000000a5ed000 	/usr/lib/system/libquarantine.dylib
0x000000000a5ed000 	/usr/lib/system/libremovefile.dylib
0x000000000a5ed000 	/usr/lib/system/libsystem_asl.dylib
0x000000000a5ed000 	/usr/lib/system/libsystem_blocks.dylib
0x000000000a5ed000 	/usr/lib/system/libsystem_c.dylib
0x000000000a5ed000 	/usr/lib/system/libsystem_configuration.dylib
0x000000000a5ed000 	/usr/lib/system/libsystem_coreservices.dylib
0x000000000a5ed000 	/usr/lib/system/libsystem_coretls.dylib
0x000000000a5ed000 	/usr/lib/system/libsystem_dnssd.dylib
0x000000000a5ed000 	/usr/lib/system/libsystem_info.dylib
0x000000000a5ed000 	/usr/lib/system/libsystem_kernel.dylib
0x000000000a5ed000 	/usr/lib/system/libsystem_m.dylib
0x000000000a5ed000 	/usr/lib/system/libsystem_malloc.dylib
0x000000000a5ed000 	/usr/lib/system/libsystem_network.dylib
0x000000000a5ed000 	/usr/lib/system/libsystem_networkextension.dylib
0x000000000a5ed000 	/usr/lib/system/libsystem_notify.dylib
0x000000000a5ed000 	/usr/lib/system/libsystem_platform.dylib
0x000000000a5ed000 	/usr/lib/system/libsystem_pthread.dylib
0x000000000a5ed000 	/usr/lib/system/libsystem_sandbox.dylib
0x000000000a5ed000 	/usr/lib/system/libsystem_secinit.dylib
0x000000000a5ed000 	/usr/lib/system/libsystem_symptoms.dylib
0x000000000a5ed000 	/usr/lib/system/libsystem_trace.dylib
0x000000000a5ed000 	/usr/lib/system/libunwind.dylib
0x000000000a5ed000 	/usr/lib/system/libxpc.dylib
0x000000000a5ed000 	/usr/lib/libbsm.0.dylib
0x000000000a5ed000 	/usr/lib/system/libkxld.dylib
0x000000000a5ed000 	/usr/lib/libcoretls.dylib
0x000000000a5ed000 	/usr/lib/libcoretls_cfhelpers.dylib
0x000000000a5ed000 	/usr/lib/libOpenScriptingUtil.dylib
0x000000000a5ed000 	/usr/lib/libpam.2.dylib
0x000000000a5ed000 	/usr/lib/libsqlite3.dylib
0x000000000a5ed000 	/usr/lib/libxar.1.dylib
0x000000000a5ed000 	/usr/lib/libbz2.1.0.dylib
0x000000000a5ed000 	/usr/lib/liblzma.5.dylib
0x000000000a5ed000 	/usr/lib/libnetwork.dylib
0x000000000a5ed000 	/usr/lib/libpcap.A.dylib
0x000000000a5ed000 	/System/Library/Frameworks/CoreServices.framework/Versions/A/Frameworks/FSEvents.framework/Versions/A/FSEvents
0x000000000a5ed000 	/System/Library/Frameworks/CoreServices.framework/Versions/A/Frameworks/CarbonCore.framework/Versions/A/CarbonCore
0x000000000a5ed000 	/System/Library/Frameworks/CoreServices.framework/Versions/A/Frameworks/Metadata.framework/Versions/A/Metadata
0x000000000a5ed000 	/System/Library/Frameworks/CoreServices.framework/Versions/A/Frameworks/OSServices.framework/Versions/A/OSServices
0x000000000a5ed000 	/System/Library/Frameworks/CoreServices.framework/Versions/A/Frameworks/SearchKit.framework/Versions/A/SearchKit
0x000000000a5ed000 	/System/Library/Frameworks/CoreServices.framework/Versions/A/Frameworks/AE.framework/Versions/A/AE
0x000000000a5ed000 	/System/Library/Frameworks/CoreServices.framework/Versions/A/Frameworks/LaunchServices.framework/Versions/A/LaunchServices
0x000000000a5ed000 	/System/Library/Frameworks/CoreServices.framework/Versions/A/Frameworks/DictionaryServices.framework/Versions/A/DictionaryServices
0x000000000a5ed000 	/System/Library/Frameworks/CoreServices.framework/Versions/A/Frameworks/SharedFileList.framework/Versions/A/SharedFileList
0x000000000a5ed000 	/System/Library/Frameworks/NetFS.framework/Versions/A/NetFS
0x000000000a5ed000 	/System/Library/PrivateFrameworks/NetAuth.framework/Versions/A/NetAuth
0x000000000a5ed000 	/System/Library/PrivateFrameworks/login.framework/Versions/A/Frameworks/loginsupport.framework/Versions/A/loginsupport
0x000000000a5ed000 	/System/Library/PrivateFrameworks/TCC.framework/Versions/A/TCC
0x000000000a5ed000 	/usr/lib/libmecabra.dylib
0x000000000a5ed000 	/System/Library/Frameworks/ApplicationServices.framework/Versions/A/Frameworks/ATS.framework/Versions/A/ATS
0x000000000a5ed000 	/System/Library/Frameworks/ApplicationServices.framework/Versions/A/Frameworks/ColorSync.framework/Versions/A/ColorSync
0x000000000a5ed000 	/System/Library/Frameworks/ApplicationServices.framework/Versions/A/Frameworks/HIServices.framework/Versions/A/HIServices
0x000000000a5ed000 	/System/Library/Frameworks/ApplicationServices.framework/Versions/A/Frameworks/LangAnalysis.framework/Versions/A/LangAnalysis
0x000000000a5ed000 	/System/Library/Frameworks/ApplicationServices.framework/Versions/A/Frameworks/PrintCore.framework/Versions/A/PrintCore
0x000000000a5ed000 	/System/Library/Frameworks/ApplicationServices.framework/Versions/A/Frameworks/QD.framework/Versions/A/QD
0x000000000a5ed000 	/System/Library/Frameworks/ApplicationServices.framework/Versions/A/Frameworks/SpeechSynthesis.framework/Versions/A/SpeechSynthesis
0x000000000a5ed000 	/System/Library/Frameworks/Accelerate.framework/Versions/A/Frameworks/vImage.framework/Versions/A/vImage
0x000000000a5ed000 	/System/Library/Frameworks/Accelerate.framework/Versions/A/Frameworks/vecLib.framework/Versions/A/vecLib
0x000000000a5ed000 	/System/Library/Frameworks/Accelerate.framework/Versions/A/Frameworks/vecLib.framework/Versions/A/libvDSP.dylib
0x000000000a5ed000 	/System/Library/Frameworks/Accelerate.framework/Versions/A/Frameworks/vecLib.framework/Versions/A/libBNNS.dylib
0x000000000a5ed000 	/System/Library/Frameworks/Accelerate.framework/Versions/A/Frameworks/vecLib.framework/Versions/A/libQuadrature.dylib
0x000000000a5ed000 	/System/Library/Frameworks/Accelerate.framework/Versions/A/Frameworks/vecLib.framework/Versions/A/libvMisc.dylib
0x000000000a5ed000 	/System/Library/Frameworks/Accelerate.framework/Versions/A/Frameworks/vecLib.framework/Versions/A/libLAPACK.dylib
0x000000000a5ed000 	/System/Library/Frameworks/Accelerate.framework/Versions/A/Frameworks/vecLib.framework/Versions/A/libBLAS.dylib
0x000000000a5ed000 	/System/Library/Frameworks/Accelerate.framework/Versions/A/Frameworks/vecLib.framework/Versions/A/libLinearAlgebra.dylib
0x000000000a5ed000 	/System/Library/Frameworks/Accelerate.framework/Versions/A/Frameworks/vecLib.framework/Versions/A/libSparseBLAS.dylib
0x000000000a5ed000 	/System/Library/Frameworks/ApplicationServices.framework/Versions/A/Frameworks/ATS.framework/Versions/A/Resources/libFontParser.dylib
0x000000000a5ed000 	/System/Library/Frameworks/ApplicationServices.framework/Versions/A/Frameworks/ATS.framework/Versions/A/Resources/libFontRegistry.dylib
0x000000000a5ed000 	/System/Library/Frameworks/ImageIO.framework/Versions/A/Resources/libJPEG.dylib
0x000000000a5ed000 	/System/Library/Frameworks/ImageIO.framework/Versions/A/Resources/libTIFF.dylib
0x000000000a5ed000 	/System/Library/Frameworks/ImageIO.framework/Versions/A/Resources/libPng.dylib
0x000000000a5ed000 	/System/Library/Frameworks/ImageIO.framework/Versions/A/Resources/libGIF.dylib
0x000000000a5ed000 	/System/Library/Frameworks/ImageIO.framework/Versions/A/Resources/libJP2.dylib
0x000000000a5ed000 	/System/Library/Frameworks/ImageIO.framework/Versions/A/Resources/libRadiance.dylib
0x000000000a5ed000 	/usr/lib/libcompression.dylib
0x000000000a5ed000 	/System/Library/PrivateFrameworks/AppleJPEG.framework/Versions/A/AppleJPEG
0x000000000a5ed000 	/usr/lib/libcups.2.dylib
0x000000000a5ed000 	/System/Library/Frameworks/Kerberos.framework/Versions/A/Kerberos
0x000000000a5ed000 	/System/Library/Frameworks/GSS.framework/Versions/A/GSS
0x000000000a5ed000 	/usr/lib/libresolv.9.dylib
0x000000000a5ed000 	/usr/lib/libiconv.2.dylib
0x000000000a5ed000 	/System/Library/PrivateFrameworks/Heimdal.framework/Versions/A/Heimdal
0x000000000a5ed000 	/usr/lib/libheimdal-asn1.dylib
0x000000000a5ed000 	/System/Library/Frameworks/OpenDirectory.framework/Versions/A/OpenDirectory
0x000000000a5ed000 	/System/Library/PrivateFrameworks/CommonAuth.framework/Versions/A/CommonAuth
0x000000000a5ed000 	/System/Library/Frameworks/OpenDirectory.framework/Versions/A/Frameworks/CFOpenDirectory.framework/Versions/A/CFOpenDirectory
0x000000000a5ed000 	/System/Library/Frameworks/SecurityFoundation.framework/Versions/A/SecurityFoundation
0x000000000a5ed000 	/System/Library/PrivateFrameworks/LanguageModeling.framework/Versions/A/LanguageModeling
0x000000000a5ed000 	/usr/lib/libmarisa.dylib
0x000000000a5ed000 	/usr/lib/libChineseTokenizer.dylib
0x000000000a5ed000 	/usr/lib/libcmph.dylib
0x000000000a5ed000 	/System/Library/PrivateFrameworks/CoreEmoji.framework/Versions/A/CoreEmoji
0x000000000a5ed000 	/System/Library/Frameworks/ServiceManagement.framework/Versions/A/ServiceManagement
0x000000000a5ed000 	/usr/lib/libxslt.1.dylib
0x000000000a5ed000 	/System/Library/Frameworks/Carbon.framework/Versions/A/Frameworks/Ink.framework/Versions/A/Ink
0x000000000a5ed000 	/System/Library/PrivateFrameworks/TextureIO.framework/Versions/A/TextureIO
0x000000000a5ed000 	/System/Library/Frameworks/Metal.framework/Versions/A/Metal
0x000000000a5ed000 	/usr/lib/libate.dylib
0x000000000a5ed000 	/System/Library/PrivateFrameworks/GPUCompiler.framework/libmetal_timestamp.dylib
0x000000000a5ed000 	/System/Library/Frameworks/OpenGL.framework/Versions/A/Libraries/libCoreFSCache.dylib
0x000000000a5ed000 	/System/Library/PrivateFrameworks/IOAccelerator.framework/Versions/A/IOAccelerator
0x000000000a5ed000 	/System/Library/Frameworks/CoreVideo.framework/Versions/A/CoreVideo
0x000000000a5ed000 	/usr/lib/libFosl_dynamic.dylib
0x000000000a5ed000 	/System/Library/PrivateFrameworks/MetalPerformanceShaders.framework/Versions/A/MetalPerformanceShaders
0x000000000a5ed000 	/System/Library/PrivateFrameworks/FaceCore.framework/Versions/A/FaceCore
0x000000000a5ed000 	/System/Library/Frameworks/OpenCL.framework/Versions/A/OpenCL
0x000000000a5ed000 	/System/Library/Frameworks/OpenGL.framework/Versions/A/Libraries/libGLU.dylib
0x000000000a5ed000 	/System/Library/Frameworks/OpenGL.framework/Versions/A/Libraries/libGFXShared.dylib
0x000000000a5ed000 	/System/Library/Frameworks/OpenGL.framework/Versions/A/Libraries/libGL.dylib
0x000000000a5ed000 	/System/Library/Frameworks/OpenGL.framework/Versions/A/Libraries/libGLImage.dylib
0x000000000a5ed000 	/System/Library/Frameworks/OpenGL.framework/Versions/A/Libraries/libCVMSPluginSupport.dylib
0x000000000a5ed000 	/System/Library/Frameworks/OpenGL.framework/Versions/A/Libraries/libCoreVMClient.dylib
0x000000000a5ed000 	/System/Library/PrivateFrameworks/CrashReporterSupport.framework/Versions/A/CrashReporterSupport
0x000000000a5ed000 	/System/Library/PrivateFrameworks/Sharing.framework/Versions/A/Sharing
0x000000000a5ed000 	/System/Library/PrivateFrameworks/IconServices.framework/Versions/A/IconServices
0x000000000a5ed000 	/System/Library/PrivateFrameworks/ProtocolBuffer.framework/Versions/A/ProtocolBuffer
0x000000000a5ed000 	/System/Library/PrivateFrameworks/Apple80211.framework/Versions/A/Apple80211
0x000000000a5ed000 	/System/Library/Frameworks/CoreWLAN.framework/Versions/A/CoreWLAN
0x000000000a5ed000 	/System/Library/PrivateFrameworks/CoreUtils.framework/Versions/A/CoreUtils
0x000000000a5ed000 	/System/Library/Frameworks/IOBluetooth.framework/Versions/A/IOBluetooth
0x000000000a5ed000 	/System/Library/PrivateFrameworks/CoreWiFi.framework/Versions/A/CoreWiFi
0x000000000a5ed000 	/System/Library/Frameworks/CoreBluetooth.framework/Versions/A/CoreBluetooth
0x000000000a5ed000 	/System/Library/Frameworks/CoreDisplay.framework/Versions/A/CoreDisplay
0x000000000a5ed000 	/System/Library/PrivateFrameworks/IOPresentment.framework/Versions/A/IOPresentment
0x000000000a5ed000 	/System/Library/PrivateFrameworks/DSExternalDisplay.framework/Versions/A/DSExternalDisplay
0x000000000a5ed000 	/System/Library/PrivateFrameworks/DebugSymbols.framework/Versions/A/DebugSymbols
0x000000000a5ed000 	/System/Library/PrivateFrameworks/CoreSymbolication.framework/Versions/A/CoreSymbolication
0x000000000a5ed000 	/System/Library/PrivateFrameworks/Symbolication.framework/Versions/A/Symbolication
0x000000000a5ed000 	/System/Library/PrivateFrameworks/AppleFSCompression.framework/Versions/A/AppleFSCompression
0x000000000a5ed000 	/System/Library/PrivateFrameworks/SpeechRecognitionCore.framework/Versions/A/SpeechRecognitionCore
0x000000000a5ed000 	/System/Library/PrivateFrameworks/ChunkingLibrary.framework/Versions/A/ChunkingLibrary
0x000000010b800000 	/Library/Java/JavaVirtualMachines/jdk1.8.0_131.jdk/Contents/Home/jre/lib/server/libjvm.dylib
0x000000000a5ed000 	/usr/lib/libstdc++.6.dylib
0x000000010ae91000 	/Library/Java/JavaVirtualMachines/jdk1.8.0_131.jdk/Contents/Home/jre/lib/libverify.dylib
0x000000010ae9f000 	/Library/Java/JavaVirtualMachines/jdk1.8.0_131.jdk/Contents/Home/jre/lib/libjava.dylib
0x000000010aede000 	/Library/Java/JavaVirtualMachines/jdk1.8.0_131.jdk/Contents/Home/jre/lib/libzip.dylib
0x000000011fb24000 	/System/Library/Frameworks/JavaVM.framework/Frameworks/JavaRuntimeSupport.framework/JavaRuntimeSupport
0x000000011fb3e000 	/System/Library/Frameworks/JavaVM.framework/Versions/A/Frameworks/JavaNativeFoundation.framework/Versions/A/JavaNativeFoundation
0x000000011fb53000 	/System/Library/Frameworks/JavaVM.framework/Versions/A/JavaVM
0x000000000a5ed000 	/System/Library/Frameworks/Carbon.framework/Versions/A/Carbon
0x000000011fb60000 	/System/Library/PrivateFrameworks/JavaLaunching.framework/Versions/A/JavaLaunching
0x000000000a5ed000 	/System/Library/Frameworks/Carbon.framework/Versions/A/Frameworks/CommonPanels.framework/Versions/A/CommonPanels
0x000000000a5ed000 	/System/Library/Frameworks/Carbon.framework/Versions/A/Frameworks/Help.framework/Versions/A/Help
0x000000000a5ed000 	/System/Library/Frameworks/Carbon.framework/Versions/A/Frameworks/ImageCapture.framework/Versions/A/ImageCapture
0x000000000a5ed000 	/System/Library/Frameworks/Carbon.framework/Versions/A/Frameworks/OpenScripting.framework/Versions/A/OpenScripting
0x000000000a5ed000 	/System/Library/Frameworks/Carbon.framework/Versions/A/Frameworks/Print.framework/Versions/A/Print
0x000000000a5ed000 	/System/Library/Frameworks/Carbon.framework/Versions/A/Frameworks/SecurityHI.framework/Versions/A/SecurityHI
0x0000000121465000 	/Library/Java/JavaVirtualMachines/jdk1.8.0_131.jdk/Contents/Home/jre/lib/libnio.dylib
0x0000000121475000 	/Library/Java/JavaVirtualMachines/jdk1.8.0_131.jdk/Contents/Home/jre/lib/./libnet.dylib
0x00000001252d8000 	/Library/Java/JavaVirtualMachines/jdk1.8.0_131.jdk/Contents/Home/jre/lib/libawt.dylib
0x0000000125380000 	/Library/Java/JavaVirtualMachines/jdk1.8.0_131.jdk/Contents/Home/jre/lib/./libmlib_image.dylib
0x000000012544c000 	/Library/Java/JavaVirtualMachines/jdk1.8.0_131.jdk/Contents/Home/jre/lib/libawt_lwawt.dylib
0x0000000125503000 	/Library/Java/JavaVirtualMachines/jdk1.8.0_131.jdk/Contents/Home/jre/lib/./libosxapp.dylib
0x000000000a5ed000 	/System/Library/Frameworks/ExceptionHandling.framework/Versions/A/ExceptionHandling
0x000000000a5ed000 	/System/Library/PrivateFrameworks/CoreServicesInternal.framework/Versions/A/CoreServicesInternal
0x000000000a5ed000 	/System/Library/CoreServices/RawCamera.bundle/Contents/MacOS/RawCamera
0x000000000a5ed000 	/System/Library/Frameworks/Accelerate.framework/Versions/A/Frameworks/vImage.framework/Versions/A/Libraries/libCGInterfaces.dylib
0x000000000a5ed000 	/System/Library/Frameworks/ApplicationServices.framework/Versions/A/Frameworks/ATS.framework/Versions/A/Resources/libTrueTypeScaler.dylib
0x0000000126e15000 	/System/Library/Frameworks/OpenGL.framework/Resources/GLEngine.bundle/GLEngine
0x000000000a5ed000 	/System/Library/Frameworks/OpenGL.framework/Versions/A/Libraries/libGLProgrammability.dylib
0x0000000126ffa000 	/System/Library/Extensions/AppleIntelBDWGraphicsGLDriver.bundle/Contents/MacOS/AppleIntelBDWGraphicsGLDriver
0x000000000a5ed000 	/System/Library/PrivateFrameworks/GPUSupport.framework/Versions/A/Libraries/libGPUSupportMercury.dylib
0x0000000126464000 	/System/Library/Frameworks/OpenGL.framework/Resources//GLRendererFloat.bundle/GLRendererFloat
0x000000000a5ed000 	/System/Library/Frameworks/OpenCL.framework/Versions/A/Libraries/libcldcpuengine.dylib
0x000000000a5ed000 	/usr/lib/libcrypto.0.9.8.dylib
0x000000000a5ed000 	/System/Library/PrivateFrameworks/TrustEvaluationAgent.framework/Versions/A/TrustEvaluationAgent
0x0000000127764000 	/System/Library/Extensions/AppleIntelBDWGraphicsMTLDriver.bundle/Contents/MacOS/AppleIntelBDWGraphicsMTLDriver
0x000000000a5ed000 	/System/Library/PrivateFrameworks/FamilyControls.framework/Versions/A/FamilyControls
0x000000000a5ed000 	/System/Library/PrivateFrameworks/CommerceKit.framework/Versions/A/Frameworks/CommerceCore.framework/Versions/A/CommerceCore
0x000000000a5ed000 	/System/Library/PrivateFrameworks/SystemAdministration.framework/Versions/A/SystemAdministration
0x000000000a5ed000 	/System/Library/PrivateFrameworks/AppContainer.framework/Versions/A/AppContainer
0x000000000a5ed000 	/System/Library/PrivateFrameworks/SecCodeWrapper.framework/Versions/A/SecCodeWrapper
0x000000000a5ed000 	/System/Library/Frameworks/DirectoryService.framework/Versions/A/DirectoryService
0x000000000a5ed000 	/System/Library/PrivateFrameworks/DiskImages.framework/Versions/A/DiskImages
0x000000000a5ed000 	/System/Library/PrivateFrameworks/LoginUIKit.framework/Versions/A/Frameworks/LoginUICore.framework/Versions/A/LoginUICore
0x000000000a5ed000 	/usr/lib/libCoreStorage.dylib
0x000000000a5ed000 	/usr/lib/libcsfde.dylib
0x000000000a5ed000 	/usr/lib/libodfde.dylib
0x000000000a5ed000 	/System/Library/Frameworks/DiscRecording.framework/Versions/A/DiscRecording
0x000000000a5ed000 	/usr/lib/libcurl.4.dylib
0x000000000a5ed000 	/System/Library/PrivateFrameworks/MediaKit.framework/Versions/A/MediaKit
0x000000000a5ed000 	/System/Library/PrivateFrameworks/ProtectedCloudStorage.framework/Versions/A/ProtectedCloudStorage
0x000000000a5ed000 	/System/Library/PrivateFrameworks/EFILogin.framework/Versions/A/EFILogin
0x000000000a5ed000 	/usr/lib/libutil.dylib
0x000000000a5ed000 	/System/Library/Frameworks/LDAP.framework/Versions/A/LDAP
0x000000000a5ed000 	/usr/lib/libsasl2.2.dylib
0x000000000a5ed000 	/System/Library/PrivateFrameworks/CoreDaemon.framework/Versions/B/CoreDaemon
0x000000000a5ed000 	/System/Library/PrivateFrameworks/AppleSRP.framework/Versions/A/AppleSRP
0x000000000a5ed000 	/System/Library/PrivateFrameworks/APFS.framework/Versions/A/APFS
0x0000000129940000 	/Library/Java/JavaVirtualMachines/jdk1.8.0_131.jdk/Contents/Home/jre/lib/libsplashscreen.dylib
0x0000000129999000 	/Library/Java/JavaVirtualMachines/jdk1.8.0_131.jdk/Contents/Home/jre/lib/libfontmanager.dylib
0x0000000125a69000 	/Library/Java/JavaVirtualMachines/jdk1.8.0_131.jdk/Contents/Home/jre/lib/libosxui.dylib
0x000000000a5ed000 	/System/Library/PrivateFrameworks/ViewBridge.framework/Versions/A/ViewBridge
0x000000000a5ed000 	/System/Library/PrivateFrameworks/XPCService.framework/Versions/A/XPCService
0x000000000a5ed000 	/System/Library/PrivateFrameworks/AppSandbox.framework/Versions/A/AppSandbox
0x000000000a5ed000 	/usr/lib/libsandbox.1.dylib
0x000000000a5ed000 	/usr/lib/libMatch.1.dylib
0x0000000125a49000 	/Applications/NetBeans/NetBeans 8.2.app/Contents/Resources/NetBeans/platform/modules/lib/libjnidispatch-422.jnilib
0x0000000126bfb000 	/Library/Java/JavaVirtualMachines/jdk1.8.0_131.jdk/Contents/Home/jre/lib/libmanagement.dylib
0x0000000126b2d000 	/Library/Java/JavaVirtualMachines/jdk1.8.0_131.jdk/Contents/Home/jre/lib/libdcpr.dylib
0x000000000a5ed000 	/System/Library/PrivateFrameworks/CloudDocs.framework/Versions/A/CloudDocs
0x000000000a5ed000 	/System/Library/Frameworks/CloudKit.framework/Versions/A/CloudKit
0x000000000a5ed000 	/System/Library/PrivateFrameworks/MMCS.framework/Versions/A/MMCS
0x000000000a5ed000 	/System/Library/Frameworks/CoreLocation.framework/Versions/A/CoreLocation
0x000000000a5ed000 	/System/Library/PrivateFrameworks/AssetCacheServices.framework/Versions/A/AssetCacheServices
0x000000000a5ed000 	/System/Library/PrivateFrameworks/GeoServices.framework/Versions/A/GeoServices
0x0000000121743000 	/Users/dthurston/.gradle/native/25/osx-amd64/libnative-platform.dylib
0x00000001221dc000 	/Library/Java/JavaVirtualMachines/jdk1.8.0_131.jdk/Contents/Home/jre/lib/libsunec.dylib
0x000000000a5ed000 	/System/Library/PrivateFrameworks/Shortcut.framework/Versions/A/Shortcut
0x000000000a5ed000 	/System/Library/PrivateFrameworks/HelpData.framework/Versions/A/HelpData

VM Arguments:
jvm_args: -Djdk.home=/Library/Java/JavaVirtualMachines/jdk1.8.0_131.jdk/Contents/Home -Dnetbeans.default_userdir_root=/Users/dthurston/Library/Application Support/NetBeans -Dnetbeans.dirs=/Applications/NetBeans/NetBeans 8.2.app/Contents/Resources/NetBeans/nb:/Applications/NetBeans/NetBeans 8.2.app/Contents/Resources/NetBeans/ergonomics:/Applications/NetBeans/NetBeans 8.2.app/Contents/Resources/NetBeans/ide:/Applications/NetBeans/NetBeans 8.2.app/Contents/Resources/NetBeans/extide:/Applications/NetBeans/NetBeans 8.2.app/Contents/Resources/NetBeans/java:/Applications/NetBeans/NetBeans 8.2.app/Contents/Resources/NetBeans/apisupport:/Applications/NetBeans/NetBeans 8.2.app/Contents/Resources/NetBeans/webcommon:/Applications/NetBeans/NetBeans 8.2.app/Contents/Resources/NetBeans/websvccommon:/Applications/NetBeans/NetBeans 8.2.app/Contents/Resources/NetBeans/enterprise:/Applications/NetBeans/NetBeans 8.2.app/Contents/Resources/NetBeans/mobility:/Applications/NetBeans/NetBeans 8.2.app/Contents/Resources/NetBeans/profiler:/Applications/NetBeans/NetBeans 8.2.app/Contents/Resources/NetBeans/python:/Applications/NetBeans/NetBeans 8.2.app/Contents/Resources/NetBeans/php:/Applications/NetBeans/NetBeans 8.2.app/Contents/Resources/NetBeans/identity:/Applications/NetBeans/NetBeans 8.2.app/Contents/Resources/NetBeans/harness:/Applications/NetBeans/NetBeans 8.2.app/Contents/Resources/NetBeans/cnd:/Applications/NetBeans/NetBeans 8.2.app/Contents/Resources/NetBeans/cndext:/Applications/NetBeans/NetBeans 8.2.app/Contents/Resources/NetBeans/dlight:/Applications/NetBeans/NetBeans 8.2.app/Contents/Resources/NetBeans/groovy:/Applications/NetBeans/NetBeans 8.2.app/Contents/Resources/NetBeans/extra:/Applications/NetBeans/NetBeans 8.2.app/Contents/Resources/NetBeans/javacard:/Applications/NetBeans/NetBeans 8.2.app/Contents/Resources/NetBeans/javafx: -Dnetbeans.home=/Applications/NetBeans/NetBeans 8.2.app/Contents/Resources/NetBeans/platform -Dnetbeans.importclass=org.netbeans.upgrade.AutoUpgrade -Dnetbeans.accept_license_class=org.netbeans.license.AcceptLicense -Xmx1024m -Xss2m -Xms32m -Dapple.laf.useScreenMenuBar=true -Dapple.awt.graphics.UseQuartz=true -Dsun.java2d.noddraw=true -Dsun.java2d.dpiaware=true -Dsun.zip.disableMemoryMapping=true -DaddExports:java.desktop/com.apple.eawt=ALL-UNNAMED -DaddExports:java.desktop/sun.awt=ALL-UNNAMED -DaddExports:java.base/jdk.internal.jrtfs=ALL-UNNAMED -DaddExports:java.desktop/apple.laf=ALL-UNNAMED -DaddExports:java.desktop/java.awt.peer=ALL-UNNAMED -DaddExports:java.desktop/com.sun.beans.editors=ALL-UNNAMED -DaddExports:java.desktop/sun.awt.im=ALL-UNNAMED -DaddExports:java.management/sun.management=ALL-UNNAMED -XX:+HeapDumpOnOutOfMemoryError -XX:HeapDumpPath=/Users/dthurston/Library/Application Support/NetBeans/8.2/var/log/heapdump.hprof 
java_command: org.netbeans.Main --cachedir /Users/dthurston/Library/Caches/NetBeans/8.2 --userdir /Users/dthurston/Library/Application Support/NetBeans/8.2 --branding nb
java_class_path (initial): /Applications/NetBeans/NetBeans 8.2.app/Contents/Resources/NetBeans/platform/lib/boot.jar:/Applications/NetBeans/NetBeans 8.2.app/Contents/Resources/NetBeans/platform/lib/org-openide-modules.jar:/Applications/NetBeans/NetBeans 8.2.app/Contents/Resources/NetBeans/platform/lib/org-openide-util-lookup.jar:/Applications/NetBeans/NetBeans 8.2.app/Contents/Resources/NetBeans/platform/lib/org-openide-util-ui.jar:/Applications/NetBeans/NetBeans 8.2.app/Contents/Resources/NetBeans/platform/lib/org-openide-util.jar:/Applications/NetBeans/NetBeans 8.2.app/Contents/Resources/NetBeans/platform/lib/locale/boot_ja.jar:/Applications/NetBeans/NetBeans 8.2.app/Contents/Resources/NetBeans/platform/lib/locale/boot_pt_BR.jar:/Applications/NetBeans/NetBeans 8.2.app/Contents/Resources/NetBeans/platform/lib/locale/boot_ru.jar:/Applications/NetBeans/NetBeans 8.2.app/Contents/Resources/NetBeans/platform/lib/locale/boot_zh_CN.jar:/Applications/NetBeans/NetBeans 8.2.app/Contents/Resources/NetBeans/platform/lib/locale/org-openide-modules_ja.jar:/Applications/NetBeans/NetBeans 8.2.app/Contents/Resources/NetBeans/platform/lib/locale/org-openide-modules_pt_BR.jar:/Applications/NetBeans/NetBeans 8.2.app/Contents/Resources/NetBeans/platform/lib/locale/org-openide-modules_ru.jar:/Applications/NetBeans/NetBeans 8.2.app/Contents/Resources/NetBeans/platform/lib/locale/org-openide-modules_zh_CN.jar:/Applications/NetBeans/NetBeans 8.2.app/Contents/Resources/NetBeans/platform/lib/locale/org-openide-util-lookup_ja.jar:/Applications/NetBeans/NetBeans 8.2.app/Contents/Resources/NetBeans/platform/lib/locale/org-openide-util-lookup_pt_BR.jar:/Applications/NetBeans/NetBeans 8.2.app/Contents/Resources/NetBeans/platform/lib/locale/org-openide-util-lookup_ru.jar:/Applications/NetBeans/NetBeans 8.2.app/Contents/Resources/NetBeans/platform/lib/locale/org-openide-util-lookup_zh_CN.jar:/Applications/NetBeans/NetBeans 8.2.app/Contents/Resources/NetBeans/platform/lib/locale/org-openide-util-u
Launcher Type: SUN_STANDARD

Environment Variables:
PATH=/Library/Frameworks/Python.framework/Versions/3.6/bin:/Users/dthurston/.rbenv/shims:/Library/Frameworks/Python.framework/Versions/2.7/bin:/usr/local/bin:/usr/bin:/bin:/usr/sbin:/sbin:/Library/Frameworks/Mono.framework/Versions/Current/Commands:/Applications/Wireshark.app/Contents/MacOS:/Users/dthurston/Projects
LD_LIBRARY_PATH=/Library/Java/JavaVirtualMachines/jdk1.8.0_131.jdk/Contents/Home/jre/lib/amd64:/Library/Java/JavaVirtualMachines/jdk1.8.0_131.jdk/Contents/Home/jre/lib/i386:
SHELL=/bin/bash

Signal Handlers:
SIGSEGV: [libjvm.dylib+0x5b1eb1], sa_mask[0]=11111111011111110111111111111111, sa_flags=SA_ONSTACK|SA_RESTART|SA_SIGINFO
SIGBUS: [libjvm.dylib+0x5b1eb1], sa_mask[0]=11111111011111110111111111111111, sa_flags=SA_RESTART|SA_SIGINFO
SIGFPE: [libjvm.dylib+0x488988], sa_mask[0]=11111111011111110111111111111111, sa_flags=SA_RESTART|SA_SIGINFO
SIGPIPE: [libjvm.dylib+0x488988], sa_mask[0]=11111111011111110111111111111111, sa_flags=SA_RESTART|SA_SIGINFO
SIGXFSZ: [libjvm.dylib+0x488988], sa_mask[0]=11111111011111110111111111111111, sa_flags=SA_RESTART|SA_SIGINFO
SIGILL: [libjvm.dylib+0x488988], sa_mask[0]=11111111011111110111111111111111, sa_flags=SA_RESTART|SA_SIGINFO
SIGUSR1: SIG_DFL, sa_mask[0]=11011111011111100000000111000110, sa_flags=none
SIGUSR2: [libjvm.dylib+0x4884a6], sa_mask[0]=00000000000000000000000000000000, sa_flags=SA_RESTART|SA_SIGINFO
SIGHUP: [libjvm.dylib+0x486a7d], sa_mask[0]=11111111011111110111111111111111, sa_flags=SA_RESTART|SA_SIGINFO
SIGINT: SIG_IGN, sa_mask[0]=00000000000000000000000000000000, sa_flags=none
SIGTERM: [libjvm.dylib+0x486a7d], sa_mask[0]=11111111011111110111111111111111, sa_flags=SA_RESTART|SA_SIGINFO
SIGQUIT: [libjvm.dylib+0x486a7d], sa_mask[0]=11111111011111110111111111111111, sa_flags=SA_RESTART|SA_SIGINFO


---------------  S Y S T E M  ---------------

OS:Bsduname:Darwin 16.7.0 Darwin Kernel Version 16.7.0: Wed Apr 24 20:50:53 PDT 2019; root:xnu-3789.73.49~1/RELEASE_X86_64 x86_64
rlimit: STACK 8192k, CORE 0k, NPROC 709, NOFILE 10240, AS infinity
load average:5.69 3.53 2.74

CPU:total 4 (initial active 4) (2 cores per cpu, 2 threads per core) family 6 model 61 stepping 4, cmov, cx8, fxsr, mmx, sse, sse2, sse3, ssse3, sse4.1, sse4.2, popcnt, avx, avx2, aes, clmul, erms, rtm, 3dnowpref, lzcnt, ht, tsc, tscinvbit, bmi1, bmi2, adx

Memory: 4k page, physical 8388608k(107808k free)

/proc/meminfo:


vm_info: Java HotSpot(TM) 64-Bit Server VM (25.131-b11) for bsd-amd64 JRE (1.8.0_131-b11), built on Mar 15 2017 01:32:22 by "java_re" with gcc 4.2.1 (Based on Apple Inc. build 5658) (LLVM build 2336.11.00)

time: Wed May 22 19:08:22 2019
elapsed time: 225059 seconds (2d 14h 30m 59s)

