#
# A fatal error has been detected by the Java Runtime Environment:
#
#  SIGSEGV (0xb) at pc=0x00000001158813bf, pid=59546, tid=0x000000000000de07
#
# JRE version: Java(TM) SE Runtime Environment (8.0_131-b11) (build 1.8.0_131-b11)
# Java VM: Java HotSpot(TM) 64-Bit Server VM (25.131-b11 mixed mode bsd-amd64 compressed oops)
# Problematic frame:
# C  [libawt_lwawt.dylib+0x1c3bf]  OGLSD_SetScratchSurface+0x49
#
# Failed to write core dump. Core dumps have been disabled. To enable core dumping, try "ulimit -c unlimited" before starting Java again
#
# If you would like to submit a bug report, please visit:
#   http://bugreport.java.com/bugreport/crash.jsp
# The crash happened outside the Java Virtual Machine in native code.
# See problematic frame for where to report the bug.
#

---------------  T H R E A D  ---------------

Current thread (0x00007fb5b12f7000):  JavaThread "Java2D Queue Flusher" daemon [_thread_in_native, id=56839, stack(0x0000700011d16000,0x0000700011f16000)]

siginfo: si_signo: 11 (SIGSEGV), si_code: 1 (SEGV_MAPERR), si_addr: 0x0000000000000002

Registers:
RAX=0x00000000ffffffff, RBX=0x0000000000000002, RCX=0x0000000000000047, RDX=0x00000001158a2258
RSP=0x0000700011f157d0, RBP=0x0000700011f157f0, RSI=0x00007fb5bfea93e0, RDI=0x00007fb5b12f71f8
R8 =0x00000000e8290eaf, R9 =0x00000007414875e8, R10=0x0000000117ec3578, R11=0x0000000000000000
R12=0x0000000000000000, R13=0x00000007414875e8, R14=0x00007fb5b12f71f8, R15=0x00007fb5b12f7000
RIP=0x00000001158813bf, EFLAGS=0x0000000000010202, ERR=0x0000000000000004
  TRAPNO=0x000000000000000e

Top of Stack: (sp=0x0000700011f157d0)
0x0000700011f157d0:   00007fb5bfea93e0 0000000000000000
0x0000700011f157e0:   00007fb5b0b17410 00007fb5b12f7000
0x0000700011f157f0:   0000700011f15870 00000001158a1d36
0x0000700011f15800:   0000000000000064 00007fb5b04c03e8
0x0000700011f15810:   0000700011f15870 0000000109550094
0x0000700011f15820:   0000000000000005 00007fb5b12f7000
0x0000700011f15830:   0000000741487501 00007fb5b0b17420
0x0000700011f15840:   0000700000f15800 00007fb5b12f71f8
0x0000700011f15850:   0000000000000000 0000000000000000
0x0000700011f15860:   0000700011f158c8 00007fb5b12f7000
0x0000700011f15870:   0000700011f158c0 0000000117ec35ea
0x0000700011f15880:   0000000741487560 0000700011f158c8
0x0000700011f15890:   000000015b5dcf70 0000000000000000
0x0000700011f158a0:   00000001590cf7a0 0000000000000000
0x0000700011f158b0:   0000700011f158d0 00000007414875e8
0x0000700011f158c0:   00000000e8290eac 000000011dd29e80
0x0000700011f158d0:   0000000000000019 0000000741487560
0x0000700011f158e0:   00000007414875e8 0000000000000000
0x0000700011f158f0:   0000000000000007 00000007414875e8
0x0000700011f15900:   000000c000000019 00000007b876fd90
0x0000700011f15910:   e9acf13500000000 00007fb5a060bc40
0x0000700011f15920:   000000010f77c348 0000000000000000
0x0000700011f15930:   0000000000000003 0000000000000079
0x0000700011f15940:   0000000000000000 0000000000000000
0x0000700011f15950:   0000700011f159d0 0000000116cbb7a7
0x0000700011f15960:   00000007414875e8 0000000741744118
0x0000700011f15970:   0000700000001fa0 000000000000000a
0x0000700011f15980:   00007fb5b12f7000 0000000000000001
0x0000700011f15990:   0000000116cbb71f 000000010f77c348
0x0000700011f159a0:   0000700011f15a68 0000700011f15d00
0x0000700011f159b0:   000000010000000a 000000010f77c348
0x0000700011f159c0:   0000000116cce120 0000700011f15c70 

Instructions: (pc=0x00000001158813bf)
0x000000011588139f:   c0 e9 82 00 00 00 48 8b 5e 10 48 85 db 75 0e bf
0x00000001158813af:   01 00 00 00 48 8d 15 07 7c 03 00 eb d6 49 89 fe
0x00000001158813bf:   4c 8b 3b 30 c0 e8 c1 a6 02 00 49 8b 3f 49 89 c4
0x00000001158813cf:   48 8b 35 4a 03 06 00 30 c0 e8 0f a8 02 00 48 85 

Register to memory mapping:

RAX=0x00000000ffffffff is an unknown value
RBX=0x0000000000000002 is an unknown value
RCX=0x0000000000000047 is an unknown value
RDX=0x00000001158a2258: Java_sun_java2d_opengl_OGLRenderQueue_flushBuffer+0xb5c in /Library/Java/JavaVirtualMachines/jdk1.8.0_131.jdk/Contents/Home/jre/lib/libawt_lwawt.dylib at 0x0000000115865000
RSP=0x0000700011f157d0 is pointing into the stack for thread: 0x00007fb5b12f7000
RBP=0x0000700011f157f0 is pointing into the stack for thread: 0x00007fb5b12f7000
RSI=0x00007fb5bfea93e0 is an unknown value
RDI=0x00007fb5b12f71f8 is an unknown value
R8 =0x00000000e8290eaf is an unknown value
R9 =0x00000007414875e8 is an oop
sun.java2d.opengl.OGLRenderQueue$QueueFlusher 
 - klass: 'sun/java2d/opengl/OGLRenderQueue$QueueFlusher'
R10=0x0000000117ec3578 is at entry_point+56 in (nmethod*)0x0000000117ec33d0
R11=0x0000000000000000 is an unknown value
R12=0x0000000000000000 is an unknown value
R13=0x00000007414875e8 is an oop
sun.java2d.opengl.OGLRenderQueue$QueueFlusher 
 - klass: 'sun/java2d/opengl/OGLRenderQueue$QueueFlusher'
R14=0x00007fb5b12f71f8 is an unknown value
R15=0x00007fb5b12f7000 is a thread


Stack: [0x0000700011d16000,0x0000700011f16000],  sp=0x0000700011f157d0,  free space=2045k
Native frames: (J=compiled Java code, j=interpreted, Vv=VM code, C=native code)
C  [libawt_lwawt.dylib+0x1c3bf]  OGLSD_SetScratchSurface+0x49
C  [libawt_lwawt.dylib+0x3cd36]  Java_sun_java2d_opengl_OGLRenderQueue_flushBuffer+0x63a
J 8085  sun.java2d.opengl.OGLRenderQueue.flushBuffer(JI)V (0 bytes) @ 0x0000000117ec35ea [0x0000000117ec3540+0xaa]
J 57725% C2 sun.java2d.opengl.OGLRenderQueue$QueueFlusher.run()V (234 bytes) @ 0x000000011dd29e80 [0x000000011dd29d20+0x160]
v  ~StubRoutines::call_stub
V  [libjvm.dylib+0x2ee5b6]
V  [libjvm.dylib+0x2eed5a]
V  [libjvm.dylib+0x2eef06]
V  [libjvm.dylib+0x34965d]
V  [libjvm.dylib+0x56b87f]
V  [libjvm.dylib+0x56cf6c]
V  [libjvm.dylib+0x48b376]
C  [libsystem_pthread.dylib+0x393b]  _pthread_body+0xb4
C  [libsystem_pthread.dylib+0x3887]  _pthread_body+0x0
C  [libsystem_pthread.dylib+0x308d]  thread_start+0xd
C  0x0000000000000000

Java frames: (J=compiled Java code, j=interpreted, Vv=VM code)
J 8085  sun.java2d.opengl.OGLRenderQueue.flushBuffer(JI)V (0 bytes) @ 0x0000000117ec3578 [0x0000000117ec3540+0x38]
J 57725% C2 sun.java2d.opengl.OGLRenderQueue$QueueFlusher.run()V (234 bytes) @ 0x000000011dd29e80 [0x000000011dd29d20+0x160]
v  ~StubRoutines::call_stub

---------------  P R O C E S S  ---------------

Java Threads: ( => current thread )
  0x00007fb5b11ce000 JavaThread "Inactive RequestProcessor thread [Was:NbStatusDisplayer/org.netbeans.core.NbStatusDisplayer$MessageImpl]" daemon [_thread_blocked, id=71227, stack(0x00007000129ab000,0x0000700012bab000)]
  0x00007fb5b1ec5000 JavaThread "Inactive RequestProcessor thread [Was:org.netbeans.modules.editor.hints.HintsUI/org.netbeans.modules.editor.hints.HintsUI$4]" daemon [_thread_blocked, id=87555, stack(0x0000700011790000,0x0000700011990000)]
  0x00007fb5b1b0e000 JavaThread "Inactive RequestProcessor thread [Was:Refresh-After-WindowActivated/org.netbeans.core.ui.warmup.MenuWarmUpTask$NbWindowsAdapter]" daemon [_thread_blocked, id=94835, stack(0x0000700012fb4000,0x00007000131b4000)]
  0x00007fb5b9074800 JavaThread "DestroyJavaVM" [_thread_blocked, id=6915, stack(0x000070000fc51000,0x000070000fe51000)]
  0x00007fb5b85ca000 JavaThread "TimerQueue" daemon [_thread_blocked, id=80899, stack(0x00007000141cf000,0x00007000143cf000)]
  0x00007fb5ba0d6000 JavaThread "Worker-JM" [_thread_blocked, id=80131, stack(0x0000700013fcc000,0x00007000141cc000)]
  0x00007fb5b68f9800 JavaThread "Framework Event Dispatcher" daemon [_thread_blocked, id=79619, stack(0x0000700013dc9000,0x0000700013fc9000)]
  0x00007fb5b98fd800 JavaThread "Deadlock Detector" [_thread_blocked, id=79107, stack(0x0000700013bc6000,0x0000700013dc6000)]
  0x00007fb5b8097000 JavaThread "Thread-3" daemon [_thread_blocked, id=78867, stack(0x00007000139c3000,0x0000700013bc3000)]
  0x00007fb5b0e30800 JavaThread "File Watcher" daemon [_thread_blocked, id=75279, stack(0x00007000137c0000,0x00007000139c0000)]
  0x00007fb5b1dc7000 JavaThread "Thread-1" daemon [_thread_in_native, id=73371, stack(0x00007000135bd000,0x00007000137bd000)]
  0x00007fb5b0c01800 JavaThread "Editor Parsing Loop (netbeans-release-428-on-20190716)" daemon [_thread_blocked, id=70663, stack(0x0000700012bae000,0x0000700012dae000)]
  0x00007fb5b13f4800 JavaThread "Pending refresh" daemon [_thread_blocked, id=69795, stack(0x00007000127a8000,0x00007000129a8000)]
  0x00007fb5b0c0d800 JavaThread "State Data Manager" daemon [_thread_blocked, id=69291, stack(0x00007000125a5000,0x00007000127a5000)]
  0x00007fb5b15ba800 JavaThread "Framework Active Thread" [_thread_blocked, id=68707, stack(0x00007000123a2000,0x00007000125a2000)]
  0x00007fb5b19b4000 JavaThread "AWT-EventQueue-0" [_thread_blocked, id=63495, stack(0x000070001211c000,0x000070001231c000)]
  0x00007fb5b1349000 JavaThread "Java2D Disposer" daemon [_thread_blocked, id=62987, stack(0x0000700011f19000,0x0000700012119000)]
=>0x00007fb5b12f7000 JavaThread "Java2D Queue Flusher" daemon [_thread_in_native, id=56839, stack(0x0000700011d16000,0x0000700011f16000)]
  0x00007fb5b12e8000 JavaThread "RequestProcessor queue manager" daemon [_thread_blocked, id=55299, stack(0x0000700011b13000,0x0000700011d13000)]
  0x00007fb5b0a8e000 JavaThread "AWT-Shutdown" [_thread_blocked, id=30495, stack(0x0000700011487000,0x0000700011687000)]
  0x00007fb5b122e800 JavaThread "AppKit Thread" daemon [_thread_in_native, id=775, stack(0x00007fff56c77000,0x00007fff57477000)]
  0x00007fb5b0953000 JavaThread "CLI Requests Server" daemon [_thread_in_native, id=20227, stack(0x0000700011201000,0x0000700011401000)]
  0x00007fb5b110a800 JavaThread "Active Reference Queue Daemon" daemon [_thread_blocked, id=19715, stack(0x0000700010ffe000,0x00007000111fe000)]
  0x00007fb5b081f800 JavaThread "Service Thread" daemon [_thread_blocked, id=18691, stack(0x0000700010cf8000,0x0000700010ef8000)]
  0x00007fb5b2012800 JavaThread "C1 CompilerThread2" daemon [_thread_blocked, id=18179, stack(0x0000700010bf5000,0x0000700010cf5000)]
  0x00007fb5b2012000 JavaThread "C2 CompilerThread1" daemon [_thread_blocked, id=17667, stack(0x0000700010af2000,0x0000700010bf2000)]
  0x00007fb5b081f000 JavaThread "C2 CompilerThread0" daemon [_thread_blocked, id=17155, stack(0x00007000109ef000,0x0000700010aef000)]
  0x00007fb5b104e000 JavaThread "Signal Dispatcher" daemon [_thread_blocked, id=16643, stack(0x00007000107ec000,0x00007000109ec000)]
  0x00007fb5b103b800 JavaThread "Finalizer" daemon [_thread_blocked, id=12291, stack(0x0000700010566000,0x0000700010766000)]
  0x00007fb5b0834800 JavaThread "Reference Handler" daemon [_thread_blocked, id=11779, stack(0x0000700010363000,0x0000700010563000)]

Other Threads:
  0x00007fb5b1039000 VMThread [stack: 0x0000700010260000,0x0000700010360000] [id=11267]
  0x00007fb5b1040000 WatcherThread [stack: 0x0000700010efb000,0x0000700010ffb000] [id=19203]

VM state:not at safepoint (normal execution)

VM Mutex/Monitor currently owned by a thread: None

Heap:
 PSYoungGen      total 619520K, used 40951K [0x0000000795580000, 0x00000007bed00000, 0x00000007c0000000)
  eden space 592896K, 2% used [0x0000000795580000,0x00000007963ab1c8,0x00000007b9880000)
  from space 26624K, 99% used [0x00000007bd300000,0x00000007becd2ac8,0x00000007bed00000)
  to   space 34816K, 0% used [0x00000007ba900000,0x00000007ba900000,0x00000007bcb00000)
 ParOldGen       total 389632K, used 365394K [0x0000000740000000, 0x0000000757c80000, 0x0000000795580000)
  object space 389632K, 93% used [0x0000000740000000,0x00000007564d4ae0,0x0000000757c80000)
 Metaspace       used 154928K, capacity 177804K, committed 178072K, reserved 1202176K
  class space    used 18465K, capacity 24392K, committed 24488K, reserved 1048576K

Card table byte_map: [0x000000010a563000,0x000000010a964000] byte_map_base: 0x0000000106b63000

Marking Bits: (ParMarkBitMap*) 0x0000000109af1ea0
 Begin Bits: [0x000000010ac0f000, 0x000000010cc0f000)
 End Bits:   [0x000000010cc0f000, 0x000000010ec0f000)

Polling page: 0x0000000108849000

CodeCache: size=245760Kb used=157548Kb max_used=157895Kb free=88211Kb
 bounds [0x0000000116cbb000, 0x000000012089b000, 0x0000000125cbb000]
 total_blobs=35807 nmethods=34819 adapters=894
 compilation: enabled

Compilation events (10 events):
Event: 67805.850 Thread 0x00007fb5b2012800 57758   !   3       org.eclipse.osgi.internal.resolver.StateImpl::unloadLazyData (111 bytes)
Event: 67805.868 Thread 0x00007fb5b2012800 nmethod 57758 0x000000011a852650 code [0x000000011a852880, 0x000000011a853bf8]
Event: 68105.852 Thread 0x00007fb5b2012800 57759       3       org.eclipse.osgi.internal.resolver.StateReader::flushLazyObjectCache (86 bytes)
Event: 68105.856 Thread 0x00007fb5b2012800 nmethod 57759 0x0000000118c2ae50 code [0x0000000118c2b060, 0x0000000118c2be38]
Event: 74236.174 Thread 0x00007fb5b2012800 57760       3       org.netbeans.core.windows.WindowManagerImpl::isOpenedEditorTopComponent (67 bytes)
Event: 74236.300 Thread 0x00007fb5b2012800 nmethod 57760 0x0000000118609010 code [0x0000000118609360, 0x000000011860b308]
Event: 74236.331 Thread 0x00007fb5b081f000 57762       4       javax.swing.JEditorPane::getScrollableTracksViewportWidth (66 bytes)
Event: 74236.367 Thread 0x00007fb5b081f000 nmethod 57762 0x00000001181b4b90 code [0x00000001181b4d20, 0x00000001181b4f68]
Event: 74236.406 Thread 0x00007fb5b2012800 57761       3       sun.lwawt.macosx.CPlatformWindow$10::applyProperty (10 bytes)
Event: 74236.410 Thread 0x00007fb5b2012800 nmethod 57761 0x000000011c031f10 code [0x000000011c032080, 0x000000011c032368]

GC Heap History (10 events):
Event: 63415.656 GC heap before
{Heap before GC invocations=243 (full 5):
 PSYoungGen      total 637440K, used 637088K [0x0000000795580000, 0x00000007bf600000, 0x00000007c0000000)
  eden space 614400K, 100% used [0x0000000795580000,0x00000007bad80000,0x00000007bad80000)
  from space 23040K, 98% used [0x00000007bad80000,0x00000007bc3a83c8,0x00000007bc400000)
  to   space 36864K, 0% used [0x00000007bd200000,0x00000007bd200000,0x00000007bf600000)
 ParOldGen       total 389632K, used 363175K [0x0000000740000000, 0x0000000757c80000, 0x0000000795580000)
  object space 389632K, 93% used [0x0000000740000000,0x00000007562a9db0,0x0000000757c80000)
 Metaspace       used 154900K, capacity 177804K, committed 178072K, reserved 1202176K
  class space    used 18465K, capacity 24392K, committed 24488K, reserved 1048576K
Event: 63415.858 GC heap after
Heap after GC invocations=243 (full 5):
 PSYoungGen      total 651776K, used 21177K [0x0000000795580000, 0x00000007bf580000, 0x00000007c0000000)
  eden space 615424K, 0% used [0x0000000795580000,0x0000000795580000,0x00000007bae80000)
  from space 36352K, 58% used [0x00000007bd200000,0x00000007be6ae538,0x00000007bf580000)
  to   space 36352K, 0% used [0x00000007bae80000,0x00000007bae80000,0x00000007bd200000)
 ParOldGen       total 389632K, used 363543K [0x0000000740000000, 0x0000000757c80000, 0x0000000795580000)
  object space 389632K, 93% used [0x0000000740000000,0x0000000756305f70,0x0000000757c80000)
 Metaspace       used 154900K, capacity 177804K, committed 178072K, reserved 1202176K
  class space    used 18465K, capacity 24392K, committed 24488K, reserved 1048576K
}
Event: 63563.358 GC heap before
{Heap before GC invocations=244 (full 5):
 PSYoungGen      total 651776K, used 636601K [0x0000000795580000, 0x00000007bf580000, 0x00000007c0000000)
  eden space 615424K, 100% used [0x0000000795580000,0x00000007bae80000,0x00000007bae80000)
  from space 36352K, 58% used [0x00000007bd200000,0x00000007be6ae538,0x00000007bf580000)
  to   space 36352K, 0% used [0x00000007bae80000,0x00000007bae80000,0x00000007bd200000)
 ParOldGen       total 389632K, used 363543K [0x0000000740000000, 0x0000000757c80000, 0x0000000795580000)
  object space 389632K, 93% used [0x0000000740000000,0x0000000756305f70,0x0000000757c80000)
 Metaspace       used 154902K, capacity 177804K, committed 178072K, reserved 1202176K
  class space    used 18465K, capacity 24392K, committed 24488K, reserved 1048576K
Event: 63563.391 GC heap after
Heap after GC invocations=244 (full 5):
 PSYoungGen      total 651776K, used 21041K [0x0000000795580000, 0x00000007bf580000, 0x00000007c0000000)
  eden space 615424K, 0% used [0x0000000795580000,0x0000000795580000,0x00000007bae80000)
  from space 36352K, 57% used [0x00000007bae80000,0x00000007bc30c570,0x00000007bd200000)
  to   space 35840K, 0% used [0x00000007bd280000,0x00000007bd280000,0x00000007bf580000)
 ParOldGen       total 389632K, used 363855K [0x0000000740000000, 0x0000000757c80000, 0x0000000795580000)
  object space 389632K, 93% used [0x0000000740000000,0x0000000756353f70,0x0000000757c80000)
 Metaspace       used 154902K, capacity 177804K, committed 178072K, reserved 1202176K
  class space    used 18465K, capacity 24392K, committed 24488K, reserved 1048576K
}
Event: 63611.348 GC heap before
{Heap before GC invocations=245 (full 5):
 PSYoungGen      total 651776K, used 636465K [0x0000000795580000, 0x00000007bf580000, 0x00000007c0000000)
  eden space 615424K, 100% used [0x0000000795580000,0x00000007bae80000,0x00000007bae80000)
  from space 36352K, 57% used [0x00000007bae80000,0x00000007bc30c570,0x00000007bd200000)
  to   space 35840K, 0% used [0x00000007bd280000,0x00000007bd280000,0x00000007bf580000)
 ParOldGen       total 389632K, used 363855K [0x0000000740000000, 0x0000000757c80000, 0x0000000795580000)
  object space 389632K, 93% used [0x0000000740000000,0x0000000756353f70,0x0000000757c80000)
 Metaspace       used 154904K, capacity 177804K, committed 178072K, reserved 1202176K
  class space    used 18465K, capacity 24392K, committed 24488K, reserved 1048576K
Event: 63611.382 GC heap after
Heap after GC invocations=245 (full 5):
 PSYoungGen      total 652288K, used 20741K [0x0000000795580000, 0x00000007bf500000, 0x00000007c0000000)
  eden space 616960K, 0% used [0x0000000795580000,0x0000000795580000,0x00000007bb000000)
  from space 35328K, 58% used [0x00000007bd280000,0x00000007be6c16a0,0x00000007bf500000)
  to   space 35328K, 0% used [0x00000007bb000000,0x00000007bb000000,0x00000007bd280000)
 ParOldGen       total 389632K, used 364327K [0x0000000740000000, 0x0000000757c80000, 0x0000000795580000)
  object space 389632K, 93% used [0x0000000740000000,0x00000007563c9f70,0x0000000757c80000)
 Metaspace       used 154904K, capacity 177804K, committed 178072K, reserved 1202176K
  class space    used 18465K, capacity 24392K, committed 24488K, reserved 1048576K
}
Event: 67082.531 GC heap before
{Heap before GC invocations=246 (full 5):
 PSYoungGen      total 652288K, used 637701K [0x0000000795580000, 0x00000007bf500000, 0x00000007c0000000)
  eden space 616960K, 100% used [0x0000000795580000,0x00000007bb000000,0x00000007bb000000)
  from space 35328K, 58% used [0x00000007bd280000,0x00000007be6c16a0,0x00000007bf500000)
  to   space 35328K, 0% used [0x00000007bb000000,0x00000007bb000000,0x00000007bd280000)
 ParOldGen       total 389632K, used 364327K [0x0000000740000000, 0x0000000757c80000, 0x0000000795580000)
  object space 389632K, 93% used [0x0000000740000000,0x00000007563c9f70,0x0000000757c80000)
 Metaspace       used 154924K, capacity 177804K, committed 178072K, reserved 1202176K
  class space    used 18465K, capacity 24392K, committed 24488K, reserved 1048576K
Event: 67082.729 GC heap after
Heap after GC invocations=246 (full 5):
 PSYoungGen      total 652288K, used 21521K [0x0000000795580000, 0x00000007bf500000, 0x00000007c0000000)
  eden space 616960K, 0% used [0x0000000795580000,0x0000000795580000,0x00000007bb000000)
  from space 35328K, 60% used [0x00000007bb000000,0x00000007bc504698,0x00000007bd280000)
  to   space 34816K, 0% used [0x00000007bd300000,0x00000007bd300000,0x00000007bf500000)
 ParOldGen       total 389632K, used 364615K [0x0000000740000000, 0x0000000757c80000, 0x0000000795580000)
  object space 389632K, 93% used [0x0000000740000000,0x0000000756411f70,0x0000000757c80000)
 Metaspace       used 154924K, capacity 177804K, committed 178072K, reserved 1202176K
  class space    used 18465K, capacity 24392K, committed 24488K, reserved 1048576K
}
Event: 74445.633 GC heap before
{Heap before GC invocations=247 (full 5):
 PSYoungGen      total 652288K, used 638481K [0x0000000795580000, 0x00000007bf500000, 0x00000007c0000000)
  eden space 616960K, 100% used [0x0000000795580000,0x00000007bb000000,0x00000007bb000000)
  from space 35328K, 60% used [0x00000007bb000000,0x00000007bc504698,0x00000007bd280000)
  to   space 34816K, 0% used [0x00000007bd300000,0x00000007bd300000,0x00000007bf500000)
 ParOldGen       total 389632K, used 364615K [0x0000000740000000, 0x0000000757c80000, 0x0000000795580000)
  object space 389632K, 93% used [0x0000000740000000,0x0000000756411f70,0x0000000757c80000)
 Metaspace       used 154928K, capacity 177804K, committed 178072K, reserved 1202176K
  class space    used 18465K, capacity 24392K, committed 24488K, reserved 1048576K
Event: 74446.351 GC heap after
Heap after GC invocations=247 (full 5):
 PSYoungGen      total 619520K, used 26442K [0x0000000795580000, 0x00000007bed00000, 0x00000007c0000000)
  eden space 592896K, 0% used [0x0000000795580000,0x0000000795580000,0x00000007b9880000)
  from space 26624K, 99% used [0x00000007bd300000,0x00000007becd2ac8,0x00000007bed00000)
  to   space 34816K, 0% used [0x00000007ba900000,0x00000007ba900000,0x00000007bcb00000)
 ParOldGen       total 389632K, used 365394K [0x0000000740000000, 0x0000000757c80000, 0x0000000795580000)
  object space 389632K, 93% used [0x0000000740000000,0x00000007564d4ae0,0x0000000757c80000)
 Metaspace       used 154928K, capacity 177804K, committed 178072K, reserved 1202176K
  class space    used 18465K, capacity 24392K, committed 24488K, reserved 1048576K
}

Deoptimization events (10 events):
Event: 63238.228 Thread 0x00007fb5b19b4000 Uncommon trap: reason=bimorphic action=maybe_recompile pc=0x00000001194ddb6c method=org.netbeans.modules.editor.lib2.view.ParagraphViewChildren.viewToModelWithAmbiguousWrapLineCaretAdustment(DDLorg/netbeans/modules/editor/lib2/view/ParagraphViewChildren$I
Event: 63238.232 Thread 0x00007fb5b19b4000 Uncommon trap: reason=bimorphic action=maybe_recompile pc=0x00000001194ddb6c method=org.netbeans.modules.editor.lib2.view.ParagraphViewChildren.viewToModelWithAmbiguousWrapLineCaretAdustment(DDLorg/netbeans/modules/editor/lib2/view/ParagraphViewChildren$I
Event: 63238.234 Thread 0x00007fb5b19b4000 Uncommon trap: reason=bimorphic action=maybe_recompile pc=0x00000001194ddb6c method=org.netbeans.modules.editor.lib2.view.ParagraphViewChildren.viewToModelWithAmbiguousWrapLineCaretAdustment(DDLorg/netbeans/modules/editor/lib2/view/ParagraphViewChildren$I
Event: 63238.240 Thread 0x00007fb5b19b4000 Uncommon trap: reason=bimorphic action=maybe_recompile pc=0x000000011b0790a8 method=org.netbeans.modules.editor.lib2.view.ParagraphViewChildren.viewToModelWithAmbiguousWrapLineCaretAdustment(DDLorg/netbeans/modules/editor/lib2/view/ParagraphViewChildren$I
Event: 63577.419 Thread 0x00007fb5b19b4000 Uncommon trap: reason=array_check action=maybe_recompile pc=0x0000000120721d40 method=org.netbeans.api.editor.NavigationHistory$RingBuffer.addEx(Ljava/lang/Object;)I @ 11
Event: 63596.703 Thread 0x00007fb5b19b4000 Uncommon trap: reason=array_check action=maybe_recompile pc=0x0000000120721d40 method=org.netbeans.api.editor.NavigationHistory$RingBuffer.addEx(Ljava/lang/Object;)I @ 11
Event: 63603.038 Thread 0x00007fb5b19b4000 Uncommon trap: reason=array_check action=maybe_recompile pc=0x0000000120721d40 method=org.netbeans.api.editor.NavigationHistory$RingBuffer.addEx(Ljava/lang/Object;)I @ 11
Event: 63605.991 Thread 0x00007fb5b19b4000 Uncommon trap: reason=array_check action=maybe_recompile pc=0x0000000120721d40 method=org.netbeans.api.editor.NavigationHistory$RingBuffer.addEx(Ljava/lang/Object;)I @ 11
Event: 67071.412 Thread 0x00007fb5be568000 Uncommon trap: reason=unstable_if action=reinterpret pc=0x0000000120077c40 method=org.netbeans.modules.editor.lib2.document.ReadWriteUtils.convertToNewlines(Ljava/lang/CharSequence;)Ljava/lang/String; @ 25
Event: 67079.269 Thread 0x00007fb5bc2fa800 Uncommon trap: reason=unstable_if action=reinterpret pc=0x000000011e5436f0 method=org.netbeans.spi.editor.highlighting.support.OffsetsBag.trim(IILjavax/swing/text/AttributeSet;)V @ 107

Internal exceptions (10 events):
Event: 67071.409 Thread 0x00007fb5b9111800 Exception <a 'sun/nio/fs/UnixException'> (0x00000007b8cbb940) thrown at [/Users/java_re/workspace/8-2-build-macosx-x86_64/jdk8u131/8869/hotspot/src/share/vm/prims/jni.cpp, line 709]
Event: 67071.409 Thread 0x00007fb5b9111800 Exception <a 'sun/nio/fs/UnixException'> (0x00000007b8cbc0c0) thrown at [/Users/java_re/workspace/8-2-build-macosx-x86_64/jdk8u131/8869/hotspot/src/share/vm/prims/jni.cpp, line 709]
Event: 67092.374 Thread 0x00007fb5be568000 Exception <a 'sun/nio/fs/UnixException'> (0x0000000795cb86e0) thrown at [/Users/java_re/workspace/8-2-build-macosx-x86_64/jdk8u131/8869/hotspot/src/share/vm/prims/jni.cpp, line 709]
Event: 67092.374 Thread 0x00007fb5be568000 Exception <a 'sun/nio/fs/UnixException'> (0x0000000795cb8de8) thrown at [/Users/java_re/workspace/8-2-build-macosx-x86_64/jdk8u131/8869/hotspot/src/share/vm/prims/jni.cpp, line 709]
Event: 67092.374 Thread 0x00007fb5be568000 Exception <a 'sun/nio/fs/UnixException'> (0x0000000795cb94e0) thrown at [/Users/java_re/workspace/8-2-build-macosx-x86_64/jdk8u131/8869/hotspot/src/share/vm/prims/jni.cpp, line 709]
Event: 67092.374 Thread 0x00007fb5be568000 Exception <a 'sun/nio/fs/UnixException'> (0x0000000795cb9c10) thrown at [/Users/java_re/workspace/8-2-build-macosx-x86_64/jdk8u131/8869/hotspot/src/share/vm/prims/jni.cpp, line 709]
Event: 67092.374 Thread 0x00007fb5be568000 Exception <a 'sun/nio/fs/UnixException'> (0x0000000795cba3c0) thrown at [/Users/java_re/workspace/8-2-build-macosx-x86_64/jdk8u131/8869/hotspot/src/share/vm/prims/jni.cpp, line 709]
Event: 67092.374 Thread 0x00007fb5be568000 Exception <a 'sun/nio/fs/UnixException'> (0x0000000795cbaaf8) thrown at [/Users/java_re/workspace/8-2-build-macosx-x86_64/jdk8u131/8869/hotspot/src/share/vm/prims/jni.cpp, line 709]
Event: 67092.375 Thread 0x00007fb5be568000 Exception <a 'sun/nio/fs/UnixException'> (0x0000000795cbb2d8) thrown at [/Users/java_re/workspace/8-2-build-macosx-x86_64/jdk8u131/8869/hotspot/src/share/vm/prims/jni.cpp, line 709]
Event: 67092.375 Thread 0x00007fb5be568000 Exception <a 'sun/nio/fs/UnixException'> (0x0000000795cbba58) thrown at [/Users/java_re/workspace/8-2-build-macosx-x86_64/jdk8u131/8869/hotspot/src/share/vm/prims/jni.cpp, line 709]

Events (10 events):
Event: 74446.390 Executing VM operation: RevokeBias done
Event: 74446.390 Executing VM operation: BulkRevokeBias
Event: 74446.396 Executing VM operation: BulkRevokeBias done
Event: 74446.399 Executing VM operation: RevokeBias
Event: 74446.402 Executing VM operation: RevokeBias done
Event: 74446.406 Executing VM operation: RevokeBias
Event: 74446.410 Executing VM operation: RevokeBias done
Event: 74446.410 Executing VM operation: RevokeBias
Event: 74446.410 Executing VM operation: RevokeBias done
Event: 74446.412 Thread 0x00007fb5b11ce000 Thread added: 0x00007fb5b11ce000


Dynamic libraries:
0x0000000005986000 	/System/Library/Frameworks/Cocoa.framework/Versions/A/Cocoa
0x0000000005986000 	/System/Library/Frameworks/Security.framework/Versions/A/Security
0x0000000005986000 	/System/Library/Frameworks/ApplicationServices.framework/Versions/A/ApplicationServices
0x0000000005986000 	/usr/lib/libz.1.dylib
0x0000000005986000 	/usr/lib/libSystem.B.dylib
0x0000000005986000 	/usr/lib/libobjc.A.dylib
0x0000000005986000 	/System/Library/Frameworks/CoreFoundation.framework/Versions/A/CoreFoundation
0x0000000005986000 	/System/Library/Frameworks/Foundation.framework/Versions/C/Foundation
0x0000000005986000 	/System/Library/Frameworks/AppKit.framework/Versions/C/AppKit
0x0000000005986000 	/System/Library/Frameworks/CoreData.framework/Versions/A/CoreData
0x0000000005986000 	/System/Library/PrivateFrameworks/RemoteViewServices.framework/Versions/A/RemoteViewServices
0x0000000005986000 	/System/Library/PrivateFrameworks/UIFoundation.framework/Versions/A/UIFoundation
0x0000000005986000 	/System/Library/PrivateFrameworks/DFRFoundation.framework/Versions/A/DFRFoundation
0x0000000005986000 	/usr/lib/libenergytrace.dylib
0x0000000005986000 	/System/Library/PrivateFrameworks/SkyLight.framework/Versions/A/SkyLight
0x0000000005986000 	/System/Library/Frameworks/CoreGraphics.framework/Versions/A/CoreGraphics
0x0000000005986000 	/usr/lib/libScreenReader.dylib
0x0000000005986000 	/System/Library/Frameworks/Accelerate.framework/Versions/A/Accelerate
0x0000000005986000 	/System/Library/Frameworks/IOSurface.framework/Versions/A/IOSurface
0x0000000005986000 	/System/Library/Frameworks/AudioToolbox.framework/Versions/A/AudioToolbox
0x0000000005986000 	/System/Library/Frameworks/AudioUnit.framework/Versions/A/AudioUnit
0x0000000005986000 	/System/Library/PrivateFrameworks/DataDetectorsCore.framework/Versions/A/DataDetectorsCore
0x0000000005986000 	/System/Library/PrivateFrameworks/DesktopServicesPriv.framework/Versions/A/DesktopServicesPriv
0x0000000005986000 	/System/Library/Frameworks/Carbon.framework/Versions/A/Frameworks/HIToolbox.framework/Versions/A/HIToolbox
0x0000000005986000 	/usr/lib/libicucore.A.dylib
0x0000000005986000 	/System/Library/Frameworks/QuartzCore.framework/Versions/A/QuartzCore
0x0000000005986000 	/System/Library/Frameworks/Carbon.framework/Versions/A/Frameworks/SpeechRecognition.framework/Versions/A/SpeechRecognition
0x0000000005986000 	/usr/lib/libauto.dylib
0x0000000005986000 	/usr/lib/libxml2.2.dylib
0x0000000005986000 	/System/Library/PrivateFrameworks/CoreUI.framework/Versions/A/CoreUI
0x0000000005986000 	/System/Library/Frameworks/CoreAudio.framework/Versions/A/CoreAudio
0x0000000005986000 	/System/Library/Frameworks/DiskArbitration.framework/Versions/A/DiskArbitration
0x0000000005986000 	/usr/lib/liblangid.dylib
0x0000000005986000 	/System/Library/PrivateFrameworks/MultitouchSupport.framework/Versions/A/MultitouchSupport
0x0000000005986000 	/System/Library/Frameworks/IOKit.framework/Versions/A/IOKit
0x0000000005986000 	/usr/lib/libDiagnosticMessagesClient.dylib
0x0000000005986000 	/System/Library/Frameworks/CoreServices.framework/Versions/A/CoreServices
0x0000000005986000 	/System/Library/PrivateFrameworks/PerformanceAnalysis.framework/Versions/A/PerformanceAnalysis
0x0000000005986000 	/System/Library/PrivateFrameworks/GenerationalStorage.framework/Versions/A/GenerationalStorage
0x0000000005986000 	/System/Library/Frameworks/OpenGL.framework/Versions/A/OpenGL
0x0000000005986000 	/System/Library/Frameworks/CoreImage.framework/Versions/A/CoreImage
0x0000000005986000 	/System/Library/Frameworks/CoreText.framework/Versions/A/CoreText
0x0000000005986000 	/System/Library/Frameworks/ImageIO.framework/Versions/A/ImageIO
0x0000000005986000 	/System/Library/PrivateFrameworks/Backup.framework/Versions/A/Backup
0x0000000005986000 	/usr/lib/libarchive.2.dylib
0x0000000005986000 	/System/Library/Frameworks/CFNetwork.framework/Versions/A/CFNetwork
0x0000000005986000 	/System/Library/Frameworks/SystemConfiguration.framework/Versions/A/SystemConfiguration
0x0000000005986000 	/usr/lib/libCRFSuite.dylib
0x0000000005986000 	/usr/lib/libc++.1.dylib
0x0000000005986000 	/usr/lib/libc++abi.dylib
0x0000000005986000 	/usr/lib/system/libcache.dylib
0x0000000005986000 	/usr/lib/system/libcommonCrypto.dylib
0x0000000005986000 	/usr/lib/system/libcompiler_rt.dylib
0x0000000005986000 	/usr/lib/system/libcopyfile.dylib
0x0000000005986000 	/usr/lib/system/libcorecrypto.dylib
0x0000000005986000 	/usr/lib/system/libdispatch.dylib
0x0000000005986000 	/usr/lib/system/libdyld.dylib
0x0000000005986000 	/usr/lib/system/libkeymgr.dylib
0x0000000005986000 	/usr/lib/system/liblaunch.dylib
0x0000000005986000 	/usr/lib/system/libmacho.dylib
0x0000000005986000 	/usr/lib/system/libquarantine.dylib
0x0000000005986000 	/usr/lib/system/libremovefile.dylib
0x0000000005986000 	/usr/lib/system/libsystem_asl.dylib
0x0000000005986000 	/usr/lib/system/libsystem_blocks.dylib
0x0000000005986000 	/usr/lib/system/libsystem_c.dylib
0x0000000005986000 	/usr/lib/system/libsystem_configuration.dylib
0x0000000005986000 	/usr/lib/system/libsystem_coreservices.dylib
0x0000000005986000 	/usr/lib/system/libsystem_coretls.dylib
0x0000000005986000 	/usr/lib/system/libsystem_dnssd.dylib
0x0000000005986000 	/usr/lib/system/libsystem_info.dylib
0x0000000005986000 	/usr/lib/system/libsystem_kernel.dylib
0x0000000005986000 	/usr/lib/system/libsystem_m.dylib
0x0000000005986000 	/usr/lib/system/libsystem_malloc.dylib
0x0000000005986000 	/usr/lib/system/libsystem_network.dylib
0x0000000005986000 	/usr/lib/system/libsystem_networkextension.dylib
0x0000000005986000 	/usr/lib/system/libsystem_notify.dylib
0x0000000005986000 	/usr/lib/system/libsystem_platform.dylib
0x0000000005986000 	/usr/lib/system/libsystem_pthread.dylib
0x0000000005986000 	/usr/lib/system/libsystem_sandbox.dylib
0x0000000005986000 	/usr/lib/system/libsystem_secinit.dylib
0x0000000005986000 	/usr/lib/system/libsystem_symptoms.dylib
0x0000000005986000 	/usr/lib/system/libsystem_trace.dylib
0x0000000005986000 	/usr/lib/system/libunwind.dylib
0x0000000005986000 	/usr/lib/system/libxpc.dylib
0x0000000005986000 	/usr/lib/libbsm.0.dylib
0x0000000005986000 	/usr/lib/system/libkxld.dylib
0x0000000005986000 	/usr/lib/libcoretls.dylib
0x0000000005986000 	/usr/lib/libcoretls_cfhelpers.dylib
0x0000000005986000 	/usr/lib/libOpenScriptingUtil.dylib
0x0000000005986000 	/usr/lib/libpam.2.dylib
0x0000000005986000 	/usr/lib/libsqlite3.dylib
0x0000000005986000 	/usr/lib/libxar.1.dylib
0x0000000005986000 	/usr/lib/libbz2.1.0.dylib
0x0000000005986000 	/usr/lib/liblzma.5.dylib
0x0000000005986000 	/usr/lib/libnetwork.dylib
0x0000000005986000 	/usr/lib/libpcap.A.dylib
0x0000000005986000 	/System/Library/Frameworks/CoreServices.framework/Versions/A/Frameworks/FSEvents.framework/Versions/A/FSEvents
0x0000000005986000 	/System/Library/Frameworks/CoreServices.framework/Versions/A/Frameworks/CarbonCore.framework/Versions/A/CarbonCore
0x0000000005986000 	/System/Library/Frameworks/CoreServices.framework/Versions/A/Frameworks/Metadata.framework/Versions/A/Metadata
0x0000000005986000 	/System/Library/Frameworks/CoreServices.framework/Versions/A/Frameworks/OSServices.framework/Versions/A/OSServices
0x0000000005986000 	/System/Library/Frameworks/CoreServices.framework/Versions/A/Frameworks/SearchKit.framework/Versions/A/SearchKit
0x0000000005986000 	/System/Library/Frameworks/CoreServices.framework/Versions/A/Frameworks/AE.framework/Versions/A/AE
0x0000000005986000 	/System/Library/Frameworks/CoreServices.framework/Versions/A/Frameworks/LaunchServices.framework/Versions/A/LaunchServices
0x0000000005986000 	/System/Library/Frameworks/CoreServices.framework/Versions/A/Frameworks/DictionaryServices.framework/Versions/A/DictionaryServices
0x0000000005986000 	/System/Library/Frameworks/CoreServices.framework/Versions/A/Frameworks/SharedFileList.framework/Versions/A/SharedFileList
0x0000000005986000 	/System/Library/Frameworks/NetFS.framework/Versions/A/NetFS
0x0000000005986000 	/System/Library/PrivateFrameworks/NetAuth.framework/Versions/A/NetAuth
0x0000000005986000 	/System/Library/PrivateFrameworks/login.framework/Versions/A/Frameworks/loginsupport.framework/Versions/A/loginsupport
0x0000000005986000 	/System/Library/PrivateFrameworks/TCC.framework/Versions/A/TCC
0x0000000005986000 	/usr/lib/libmecabra.dylib
0x0000000005986000 	/System/Library/Frameworks/ApplicationServices.framework/Versions/A/Frameworks/ATS.framework/Versions/A/ATS
0x0000000005986000 	/System/Library/Frameworks/ApplicationServices.framework/Versions/A/Frameworks/ColorSync.framework/Versions/A/ColorSync
0x0000000005986000 	/System/Library/Frameworks/ApplicationServices.framework/Versions/A/Frameworks/HIServices.framework/Versions/A/HIServices
0x0000000005986000 	/System/Library/Frameworks/ApplicationServices.framework/Versions/A/Frameworks/LangAnalysis.framework/Versions/A/LangAnalysis
0x0000000005986000 	/System/Library/Frameworks/ApplicationServices.framework/Versions/A/Frameworks/PrintCore.framework/Versions/A/PrintCore
0x0000000005986000 	/System/Library/Frameworks/ApplicationServices.framework/Versions/A/Frameworks/QD.framework/Versions/A/QD
0x0000000005986000 	/System/Library/Frameworks/ApplicationServices.framework/Versions/A/Frameworks/SpeechSynthesis.framework/Versions/A/SpeechSynthesis
0x0000000005986000 	/System/Library/Frameworks/Accelerate.framework/Versions/A/Frameworks/vImage.framework/Versions/A/vImage
0x0000000005986000 	/System/Library/Frameworks/Accelerate.framework/Versions/A/Frameworks/vecLib.framework/Versions/A/vecLib
0x0000000005986000 	/System/Library/Frameworks/Accelerate.framework/Versions/A/Frameworks/vecLib.framework/Versions/A/libvDSP.dylib
0x0000000005986000 	/System/Library/Frameworks/Accelerate.framework/Versions/A/Frameworks/vecLib.framework/Versions/A/libBNNS.dylib
0x0000000005986000 	/System/Library/Frameworks/Accelerate.framework/Versions/A/Frameworks/vecLib.framework/Versions/A/libQuadrature.dylib
0x0000000005986000 	/System/Library/Frameworks/Accelerate.framework/Versions/A/Frameworks/vecLib.framework/Versions/A/libvMisc.dylib
0x0000000005986000 	/System/Library/Frameworks/Accelerate.framework/Versions/A/Frameworks/vecLib.framework/Versions/A/libLAPACK.dylib
0x0000000005986000 	/System/Library/Frameworks/Accelerate.framework/Versions/A/Frameworks/vecLib.framework/Versions/A/libBLAS.dylib
0x0000000005986000 	/System/Library/Frameworks/Accelerate.framework/Versions/A/Frameworks/vecLib.framework/Versions/A/libLinearAlgebra.dylib
0x0000000005986000 	/System/Library/Frameworks/Accelerate.framework/Versions/A/Frameworks/vecLib.framework/Versions/A/libSparseBLAS.dylib
0x0000000005986000 	/System/Library/Frameworks/ApplicationServices.framework/Versions/A/Frameworks/ATS.framework/Versions/A/Resources/libFontParser.dylib
0x0000000005986000 	/System/Library/Frameworks/ApplicationServices.framework/Versions/A/Frameworks/ATS.framework/Versions/A/Resources/libFontRegistry.dylib
0x0000000005986000 	/System/Library/Frameworks/ImageIO.framework/Versions/A/Resources/libJPEG.dylib
0x0000000005986000 	/System/Library/Frameworks/ImageIO.framework/Versions/A/Resources/libTIFF.dylib
0x0000000005986000 	/System/Library/Frameworks/ImageIO.framework/Versions/A/Resources/libPng.dylib
0x0000000005986000 	/System/Library/Frameworks/ImageIO.framework/Versions/A/Resources/libGIF.dylib
0x0000000005986000 	/System/Library/Frameworks/ImageIO.framework/Versions/A/Resources/libJP2.dylib
0x0000000005986000 	/System/Library/Frameworks/ImageIO.framework/Versions/A/Resources/libRadiance.dylib
0x0000000005986000 	/usr/lib/libcompression.dylib
0x0000000005986000 	/System/Library/PrivateFrameworks/AppleJPEG.framework/Versions/A/AppleJPEG
0x0000000005986000 	/usr/lib/libcups.2.dylib
0x0000000005986000 	/System/Library/Frameworks/Kerberos.framework/Versions/A/Kerberos
0x0000000005986000 	/System/Library/Frameworks/GSS.framework/Versions/A/GSS
0x0000000005986000 	/usr/lib/libresolv.9.dylib
0x0000000005986000 	/usr/lib/libiconv.2.dylib
0x0000000005986000 	/System/Library/PrivateFrameworks/Heimdal.framework/Versions/A/Heimdal
0x0000000005986000 	/usr/lib/libheimdal-asn1.dylib
0x0000000005986000 	/System/Library/Frameworks/OpenDirectory.framework/Versions/A/OpenDirectory
0x0000000005986000 	/System/Library/PrivateFrameworks/CommonAuth.framework/Versions/A/CommonAuth
0x0000000005986000 	/System/Library/Frameworks/OpenDirectory.framework/Versions/A/Frameworks/CFOpenDirectory.framework/Versions/A/CFOpenDirectory
0x0000000005986000 	/System/Library/Frameworks/SecurityFoundation.framework/Versions/A/SecurityFoundation
0x0000000005986000 	/System/Library/PrivateFrameworks/LanguageModeling.framework/Versions/A/LanguageModeling
0x0000000005986000 	/usr/lib/libmarisa.dylib
0x0000000005986000 	/usr/lib/libChineseTokenizer.dylib
0x0000000005986000 	/usr/lib/libcmph.dylib
0x0000000005986000 	/System/Library/PrivateFrameworks/CoreEmoji.framework/Versions/A/CoreEmoji
0x0000000005986000 	/System/Library/Frameworks/ServiceManagement.framework/Versions/A/ServiceManagement
0x0000000005986000 	/usr/lib/libxslt.1.dylib
0x0000000005986000 	/System/Library/Frameworks/Carbon.framework/Versions/A/Frameworks/Ink.framework/Versions/A/Ink
0x0000000005986000 	/System/Library/PrivateFrameworks/TextureIO.framework/Versions/A/TextureIO
0x0000000005986000 	/System/Library/Frameworks/Metal.framework/Versions/A/Metal
0x0000000005986000 	/usr/lib/libate.dylib
0x0000000005986000 	/System/Library/PrivateFrameworks/GPUCompiler.framework/libmetal_timestamp.dylib
0x0000000005986000 	/System/Library/Frameworks/OpenGL.framework/Versions/A/Libraries/libCoreFSCache.dylib
0x0000000005986000 	/System/Library/PrivateFrameworks/IOAccelerator.framework/Versions/A/IOAccelerator
0x0000000005986000 	/System/Library/Frameworks/CoreVideo.framework/Versions/A/CoreVideo
0x0000000005986000 	/usr/lib/libFosl_dynamic.dylib
0x0000000005986000 	/System/Library/PrivateFrameworks/MetalPerformanceShaders.framework/Versions/A/MetalPerformanceShaders
0x0000000005986000 	/System/Library/PrivateFrameworks/FaceCore.framework/Versions/A/FaceCore
0x0000000005986000 	/System/Library/Frameworks/OpenCL.framework/Versions/A/OpenCL
0x0000000005986000 	/System/Library/Frameworks/OpenGL.framework/Versions/A/Libraries/libGLU.dylib
0x0000000005986000 	/System/Library/Frameworks/OpenGL.framework/Versions/A/Libraries/libGFXShared.dylib
0x0000000005986000 	/System/Library/Frameworks/OpenGL.framework/Versions/A/Libraries/libGL.dylib
0x0000000005986000 	/System/Library/Frameworks/OpenGL.framework/Versions/A/Libraries/libGLImage.dylib
0x0000000005986000 	/System/Library/Frameworks/OpenGL.framework/Versions/A/Libraries/libCVMSPluginSupport.dylib
0x0000000005986000 	/System/Library/Frameworks/OpenGL.framework/Versions/A/Libraries/libCoreVMClient.dylib
0x0000000005986000 	/System/Library/PrivateFrameworks/CrashReporterSupport.framework/Versions/A/CrashReporterSupport
0x0000000005986000 	/System/Library/PrivateFrameworks/Sharing.framework/Versions/A/Sharing
0x0000000005986000 	/System/Library/PrivateFrameworks/IconServices.framework/Versions/A/IconServices
0x0000000005986000 	/System/Library/PrivateFrameworks/ProtocolBuffer.framework/Versions/A/ProtocolBuffer
0x0000000005986000 	/System/Library/PrivateFrameworks/Apple80211.framework/Versions/A/Apple80211
0x0000000005986000 	/System/Library/Frameworks/CoreWLAN.framework/Versions/A/CoreWLAN
0x0000000005986000 	/System/Library/PrivateFrameworks/CoreUtils.framework/Versions/A/CoreUtils
0x0000000005986000 	/System/Library/Frameworks/IOBluetooth.framework/Versions/A/IOBluetooth
0x0000000005986000 	/System/Library/PrivateFrameworks/CoreWiFi.framework/Versions/A/CoreWiFi
0x0000000005986000 	/System/Library/Frameworks/CoreBluetooth.framework/Versions/A/CoreBluetooth
0x0000000005986000 	/System/Library/Frameworks/CoreDisplay.framework/Versions/A/CoreDisplay
0x0000000005986000 	/System/Library/PrivateFrameworks/IOPresentment.framework/Versions/A/IOPresentment
0x0000000005986000 	/System/Library/PrivateFrameworks/DSExternalDisplay.framework/Versions/A/DSExternalDisplay
0x0000000005986000 	/System/Library/PrivateFrameworks/DebugSymbols.framework/Versions/A/DebugSymbols
0x0000000005986000 	/System/Library/PrivateFrameworks/CoreSymbolication.framework/Versions/A/CoreSymbolication
0x0000000005986000 	/System/Library/PrivateFrameworks/Symbolication.framework/Versions/A/Symbolication
0x0000000005986000 	/System/Library/PrivateFrameworks/AppleFSCompression.framework/Versions/A/AppleFSCompression
0x0000000005986000 	/System/Library/PrivateFrameworks/SpeechRecognitionCore.framework/Versions/A/SpeechRecognitionCore
0x0000000005986000 	/System/Library/PrivateFrameworks/ChunkingLibrary.framework/Versions/A/ChunkingLibrary
0x0000000109200000 	/Library/Java/JavaVirtualMachines/jdk1.8.0_131.jdk/Contents/Home/jre/lib/server/libjvm.dylib
0x0000000005986000 	/usr/lib/libstdc++.6.dylib
0x0000000108806000 	/Library/Java/JavaVirtualMachines/jdk1.8.0_131.jdk/Contents/Home/jre/lib/libverify.dylib
0x0000000108814000 	/Library/Java/JavaVirtualMachines/jdk1.8.0_131.jdk/Contents/Home/jre/lib/libjava.dylib
0x0000000108853000 	/Library/Java/JavaVirtualMachines/jdk1.8.0_131.jdk/Contents/Home/jre/lib/libzip.dylib
0x0000000110974000 	/System/Library/Frameworks/JavaVM.framework/Frameworks/JavaRuntimeSupport.framework/JavaRuntimeSupport
0x000000011098e000 	/System/Library/Frameworks/JavaVM.framework/Versions/A/Frameworks/JavaNativeFoundation.framework/Versions/A/JavaNativeFoundation
0x00000001089ef000 	/System/Library/Frameworks/JavaVM.framework/Versions/A/JavaVM
0x0000000005986000 	/System/Library/Frameworks/Carbon.framework/Versions/A/Carbon
0x00000001109a3000 	/System/Library/PrivateFrameworks/JavaLaunching.framework/Versions/A/JavaLaunching
0x0000000005986000 	/System/Library/Frameworks/Carbon.framework/Versions/A/Frameworks/CommonPanels.framework/Versions/A/CommonPanels
0x0000000005986000 	/System/Library/Frameworks/Carbon.framework/Versions/A/Frameworks/Help.framework/Versions/A/Help
0x0000000005986000 	/System/Library/Frameworks/Carbon.framework/Versions/A/Frameworks/ImageCapture.framework/Versions/A/ImageCapture
0x0000000005986000 	/System/Library/Frameworks/Carbon.framework/Versions/A/Frameworks/OpenScripting.framework/Versions/A/OpenScripting
0x0000000005986000 	/System/Library/Frameworks/Carbon.framework/Versions/A/Frameworks/Print.framework/Versions/A/Print
0x0000000005986000 	/System/Library/Frameworks/Carbon.framework/Versions/A/Frameworks/SecurityHI.framework/Versions/A/SecurityHI
0x00000001122b2000 	/Library/Java/JavaVirtualMachines/jdk1.8.0_131.jdk/Contents/Home/jre/lib/libnio.dylib
0x00000001122c2000 	/Library/Java/JavaVirtualMachines/jdk1.8.0_131.jdk/Contents/Home/jre/lib/./libnet.dylib
0x00000001156f1000 	/Library/Java/JavaVirtualMachines/jdk1.8.0_131.jdk/Contents/Home/jre/lib/libawt.dylib
0x0000000115799000 	/Library/Java/JavaVirtualMachines/jdk1.8.0_131.jdk/Contents/Home/jre/lib/./libmlib_image.dylib
0x0000000115865000 	/Library/Java/JavaVirtualMachines/jdk1.8.0_131.jdk/Contents/Home/jre/lib/libawt_lwawt.dylib
0x000000011591c000 	/Library/Java/JavaVirtualMachines/jdk1.8.0_131.jdk/Contents/Home/jre/lib/./libosxapp.dylib
0x0000000005986000 	/System/Library/Frameworks/ExceptionHandling.framework/Versions/A/ExceptionHandling
0x0000000005986000 	/System/Library/PrivateFrameworks/CoreServicesInternal.framework/Versions/A/CoreServicesInternal
0x0000000005986000 	/System/Library/CoreServices/RawCamera.bundle/Contents/MacOS/RawCamera
0x0000000115ec1000 	/System/Library/Frameworks/Accelerate.framework/Frameworks/vImage.framework/Versions/A/Libraries/libCGInterfaces.dylib
0x0000000005986000 	/System/Library/Frameworks/ApplicationServices.framework/Versions/A/Frameworks/ATS.framework/Versions/A/Resources/libTrueTypeScaler.dylib
0x0000000126600000 	/System/Library/Frameworks/OpenGL.framework/Resources/GLEngine.bundle/GLEngine
0x0000000005986000 	/System/Library/Frameworks/OpenGL.framework/Versions/A/Libraries/libGLProgrammability.dylib
0x00000001267e5000 	/System/Library/Extensions/AppleIntelBDWGraphicsGLDriver.bundle/Contents/MacOS/AppleIntelBDWGraphicsGLDriver
0x0000000005986000 	/System/Library/PrivateFrameworks/GPUSupport.framework/Versions/A/Libraries/libGPUSupportMercury.dylib
0x0000000116b49000 	/System/Library/Frameworks/OpenGL.framework/Resources//GLRendererFloat.bundle/GLRendererFloat
0x0000000005986000 	/System/Library/Frameworks/OpenCL.framework/Versions/A/Libraries/libcldcpuengine.dylib
0x0000000005986000 	/usr/lib/libcrypto.0.9.8.dylib
0x0000000005986000 	/System/Library/PrivateFrameworks/TrustEvaluationAgent.framework/Versions/A/TrustEvaluationAgent
0x0000000126f4f000 	/System/Library/Extensions/AppleIntelBDWGraphicsMTLDriver.bundle/Contents/MacOS/AppleIntelBDWGraphicsMTLDriver
0x0000000005986000 	/System/Library/PrivateFrameworks/FamilyControls.framework/Versions/A/FamilyControls
0x0000000005986000 	/System/Library/PrivateFrameworks/CommerceKit.framework/Versions/A/Frameworks/CommerceCore.framework/Versions/A/CommerceCore
0x0000000005986000 	/System/Library/PrivateFrameworks/SystemAdministration.framework/Versions/A/SystemAdministration
0x0000000005986000 	/System/Library/PrivateFrameworks/AppContainer.framework/Versions/A/AppContainer
0x0000000005986000 	/System/Library/PrivateFrameworks/SecCodeWrapper.framework/Versions/A/SecCodeWrapper
0x0000000005986000 	/System/Library/Frameworks/DirectoryService.framework/Versions/A/DirectoryService
0x0000000005986000 	/System/Library/PrivateFrameworks/DiskImages.framework/Versions/A/DiskImages
0x0000000005986000 	/System/Library/PrivateFrameworks/LoginUIKit.framework/Versions/A/Frameworks/LoginUICore.framework/Versions/A/LoginUICore
0x0000000005986000 	/usr/lib/libCoreStorage.dylib
0x0000000005986000 	/usr/lib/libcsfde.dylib
0x0000000005986000 	/usr/lib/libodfde.dylib
0x0000000005986000 	/System/Library/Frameworks/DiscRecording.framework/Versions/A/DiscRecording
0x0000000005986000 	/usr/lib/libcurl.4.dylib
0x0000000005986000 	/System/Library/PrivateFrameworks/MediaKit.framework/Versions/A/MediaKit
0x0000000005986000 	/System/Library/PrivateFrameworks/ProtectedCloudStorage.framework/Versions/A/ProtectedCloudStorage
0x0000000005986000 	/System/Library/PrivateFrameworks/EFILogin.framework/Versions/A/EFILogin
0x0000000005986000 	/usr/lib/libutil.dylib
0x0000000005986000 	/System/Library/Frameworks/LDAP.framework/Versions/A/LDAP
0x0000000005986000 	/usr/lib/libsasl2.2.dylib
0x0000000005986000 	/System/Library/PrivateFrameworks/CoreDaemon.framework/Versions/B/CoreDaemon
0x0000000005986000 	/System/Library/PrivateFrameworks/AppleSRP.framework/Versions/A/AppleSRP
0x0000000005986000 	/System/Library/PrivateFrameworks/APFS.framework/Versions/A/APFS
0x0000000005986000 	/System/Library/PrivateFrameworks/ViewBridge.framework/Versions/A/ViewBridge
0x0000000005986000 	/System/Library/PrivateFrameworks/XPCService.framework/Versions/A/XPCService
0x0000000005986000 	/System/Library/PrivateFrameworks/AppSandbox.framework/Versions/A/AppSandbox
0x0000000005986000 	/usr/lib/libsandbox.1.dylib
0x0000000005986000 	/usr/lib/libMatch.1.dylib
0x0000000128faa000 	/Library/Java/JavaVirtualMachines/jdk1.8.0_131.jdk/Contents/Home/jre/lib/libsplashscreen.dylib
0x0000000129003000 	/Library/Java/JavaVirtualMachines/jdk1.8.0_131.jdk/Contents/Home/jre/lib/libfontmanager.dylib
0x0000000116c25000 	/Library/Java/JavaVirtualMachines/jdk1.8.0_131.jdk/Contents/Home/jre/lib/libosxui.dylib
0x000000012beb0000 	/Applications/NetBeans/Apache NetBeans 11.1.app/Contents/Resources/NetBeans/platform/modules/lib/libjnidispatch-440.jnilib
0x0000000112373000 	/Library/Java/JavaVirtualMachines/jdk1.8.0_131.jdk/Contents/Home/jre/lib/libmanagement.dylib
0x000000012627a000 	/Library/Java/JavaVirtualMachines/jdk1.8.0_131.jdk/Contents/Home/jre/lib/libdcpr.dylib
0x0000000129deb000 	/Library/Java/JavaVirtualMachines/jdk1.8.0_131.jdk/Contents/Home/jre/lib/libjpeg.dylib
0x0000000005986000 	/System/Library/PrivateFrameworks/CloudDocs.framework/Versions/A/CloudDocs
0x0000000005986000 	/System/Library/Frameworks/CloudKit.framework/Versions/A/CloudKit
0x0000000005986000 	/System/Library/PrivateFrameworks/MMCS.framework/Versions/A/MMCS
0x0000000005986000 	/System/Library/Frameworks/CoreLocation.framework/Versions/A/CoreLocation
0x0000000005986000 	/System/Library/PrivateFrameworks/AssetCacheServices.framework/Versions/A/AssetCacheServices
0x0000000005986000 	/System/Library/PrivateFrameworks/GeoServices.framework/Versions/A/GeoServices
0x0000000005986000 	/System/Library/PrivateFrameworks/Shortcut.framework/Versions/A/Shortcut
0x0000000005986000 	/System/Library/PrivateFrameworks/HelpData.framework/Versions/A/HelpData

VM Arguments:
jvm_args: -Djdk.home=/Library/Java/JavaVirtualMachines/jdk1.8.0_131.jdk/Contents/Home -Dnetbeans.default_userdir_root=/Users/dthurston/Library/Application Support/NetBeans -Dnetbeans.dirs=/Applications/NetBeans/Apache NetBeans 11.1.app/Contents/Resources/NetBeans/nb:/Applications/NetBeans/Apache NetBeans 11.1.app/Contents/Resources/NetBeans/ergonomics:/Applications/NetBeans/Apache NetBeans 11.1.app/Contents/Resources/NetBeans/ide:/Applications/NetBeans/Apache NetBeans 11.1.app/Contents/Resources/NetBeans/extide:/Applications/NetBeans/Apache NetBeans 11.1.app/Contents/Resources/NetBeans/java:/Applications/NetBeans/Apache NetBeans 11.1.app/Contents/Resources/NetBeans/apisupport:/Applications/NetBeans/Apache NetBeans 11.1.app/Contents/Resources/NetBeans/webcommon:/Applications/NetBeans/Apache NetBeans 11.1.app/Contents/Resources/NetBeans/websvccommon:/Applications/NetBeans/Apache NetBeans 11.1.app/Contents/Resources/NetBeans/enterprise:/Applications/NetBeans/Apache NetBeans 11.1.app/Contents/Resources/NetBeans/mobility:/Applications/NetBeans/Apache NetBeans 11.1.app/Contents/Resources/NetBeans/profiler:/Applications/NetBeans/Apache NetBeans 11.1.app/Contents/Resources/NetBeans/python:/Applications/NetBeans/Apache NetBeans 11.1.app/Contents/Resources/NetBeans/php:/Applications/NetBeans/Apache NetBeans 11.1.app/Contents/Resources/NetBeans/identity:/Applications/NetBeans/Apache NetBeans 11.1.app/Contents/Resources/NetBeans/harness:/Applications/NetBeans/Apache NetBeans 11.1.app/Contents/Resources/NetBeans/cnd:/Applications/NetBeans/Apache NetBeans 11.1.app/Contents/Resources/NetBeans/cndext:/Applications/NetBeans/Apache NetBeans 11.1.app/Contents/Resources/NetBeans/dlight:/Applications/NetBeans/Apache NetBeans 11.1.app/Contents/Resources/NetBeans/groovy:/Applications/NetBeans/Apache NetBeans 11.1.app/Contents/Resources/NetBeans/extra:/Applications/NetBeans/Apache NetBeans 11.1.app/Contents/Resources/NetBeans/javacard:/Applications/NetBeans/Apache NetBeans 11.1.app/Contents/Resources/NetBeans/javafx: -Dnetbeans.home=/Applications/NetBeans/Apache NetBeans 11.1.app/Contents/Resources/NetBeans/platform -Dnetbeans.importclass=org.netbeans.upgrade.AutoUpgrade -XX:+UseStringDeduplication -Xss2m -Djdk.gtk.version=2.2 -Dapple.laf.useScreenMenuBar=true -Dapple.awt.graphics.UseQuartz=true -Dsun.java2d.noddraw=true -Dsun.java2d.dpiaware=true -Dsun.zip.disableMemoryMapping=true -Dplugin.manager.check.updates=false -Dnetbeans.extbrowser.manual_chrome_plugin_install=yes --add-opens=java.base/java.net=ALL-UNNAMED --add-opens=java.base/java.lang.ref=ALL-UNNAMED --add-opens=java.base/java.lang=ALL-UNNAMED --add-opens=java.base/java.security=ALL-UNNAMED --add-opens=java.base/java.util=ALL-UNNAMED --add-opens=java.desktop/javax.swing.plaf.basic=ALL-UNNAMED --add-opens=java.desktop/javax.swing.text=ALL-UNNAMED --add-opens=java.desktop/javax.swing=ALL-UNNAMED --add-opens=java.desktop/java.awt=ALL-UNNAMED --add-opens=java.desktop/java.awt.event=ALL-UNNAMED --add-opens=java.prefs/java.util.prefs=ALL-UNNAMED --add-opens=jdk.jshell/jdk.jshell=ALL-UNNAMED --add-modules=jdk.jshell --add-exports=java.desktop/sun.awt=ALL-UNNAMED --add-exports=java.desktop/java.awt.peer=ALL-UNNAMED --add-exports=java.desktop/com.sun.beans.editors=ALL-UNNAMED --add-exports=java.desktop/sun.swing=ALL-UNNAMED --add-exports=java.desktop/sun.awt.im=ALL-UNNAMED --add-exports=jdk.internal.jvmstat/sun.jvmstat.monitor=ALL-UNNAMED --add-exports=java.management/sun.management=ALL-UNNAMED --add-exports=java.base/sun.reflect.annotation=ALL-UNNAMED --add-exports=jdk.javadoc/com.sun.tools.javadoc.main=ALL-UNNAMED -XX:+IgnoreUnrecognizedVMOptions -XX:+HeapDumpOnOutOfMemoryError -XX:HeapDumpPath=/Users/dthurston/Library/Application Support/NetBeans/11.1/var/log/heapdump.hprof 
java_command: org.netbeans.Main --cachedir /Users/dthurston/Library/Caches/NetBeans/11.1 --userdir /Users/dthurston/Library/Application Support/NetBeans/11.1 --branding nb
java_class_path (initial): /Applications/NetBeans/Apache NetBeans 11.1.app/Contents/Resources/NetBeans/platform/lib/boot.jar:/Applications/NetBeans/Apache NetBeans 11.1.app/Contents/Resources/NetBeans/platform/lib/org-openide-modules.jar:/Applications/NetBeans/Apache NetBeans 11.1.app/Contents/Resources/NetBeans/platform/lib/org-openide-util-lookup.jar:/Applications/NetBeans/Apache NetBeans 11.1.app/Contents/Resources/NetBeans/platform/lib/org-openide-util-ui.jar:/Applications/NetBeans/Apache NetBeans 11.1.app/Contents/Resources/NetBeans/platform/lib/org-openide-util.jar:/Library/Java/JavaVirtualMachines/jdk1.8.0_131.jdk/Contents/Home/lib/dt.jar:/Library/Java/JavaVirtualMachines/jdk1.8.0_131.jdk/Contents/Home/lib/tools.jar
Launcher Type: SUN_STANDARD

Environment Variables:
PATH=/Library/Frameworks/Python.framework/Versions/3.6/bin:/Users/dthurston/.rbenv/shims:/Library/Frameworks/Python.framework/Versions/2.7/bin:/usr/local/bin:/usr/bin:/bin:/usr/sbin:/sbin:/Library/Frameworks/Mono.framework/Versions/Current/Commands:/Applications/Wireshark.app/Contents/MacOS:/Users/dthurston/Projects
SHELL=/bin/bash

Signal Handlers:
SIGSEGV: [libjvm.dylib+0x5b1eb1], sa_mask[0]=11111111011111110111111111111111, sa_flags=SA_ONSTACK|SA_RESTART|SA_SIGINFO
SIGBUS: [libjvm.dylib+0x5b1eb1], sa_mask[0]=11111111011111110111111111111111, sa_flags=SA_RESTART|SA_SIGINFO
SIGFPE: [libjvm.dylib+0x488988], sa_mask[0]=11111111011111110111111111111111, sa_flags=SA_RESTART|SA_SIGINFO
SIGPIPE: [libjvm.dylib+0x488988], sa_mask[0]=11111111011111110111111111111111, sa_flags=SA_RESTART|SA_SIGINFO
SIGXFSZ: [libjvm.dylib+0x488988], sa_mask[0]=11111111011111110111111111111111, sa_flags=SA_RESTART|SA_SIGINFO
SIGILL: [libjvm.dylib+0x488988], sa_mask[0]=11111111011111110111111111111111, sa_flags=SA_RESTART|SA_SIGINFO
SIGUSR1: SIG_DFL, sa_mask[0]=11011111011111100000000111000110, sa_flags=none
SIGUSR2: [libjvm.dylib+0x4884a6], sa_mask[0]=00000000000000000000000000000000, sa_flags=SA_RESTART|SA_SIGINFO
SIGHUP: [libjvm.dylib+0x486a7d], sa_mask[0]=11111111011111110111111111111111, sa_flags=SA_RESTART|SA_SIGINFO
SIGINT: SIG_IGN, sa_mask[0]=00000000000000000000000000000000, sa_flags=none
SIGTERM: [libjvm.dylib+0x486a7d], sa_mask[0]=11111111011111110111111111111111, sa_flags=SA_RESTART|SA_SIGINFO
SIGQUIT: [libjvm.dylib+0x486a7d], sa_mask[0]=11111111011111110111111111111111, sa_flags=SA_RESTART|SA_SIGINFO


---------------  S Y S T E M  ---------------

OS:Bsduname:Darwin 16.7.0 Darwin Kernel Version 16.7.0: Sun Jun  2 20:26:31 PDT 2019; root:xnu-3789.73.50~1/RELEASE_X86_64 x86_64
rlimit: STACK 8192k, CORE 0k, NPROC 709, NOFILE 10240, AS infinity
load average:2.35 3.01 4.34

CPU:total 4 (initial active 4) (2 cores per cpu, 2 threads per core) family 6 model 61 stepping 4, cmov, cx8, fxsr, mmx, sse, sse2, sse3, ssse3, sse4.1, sse4.2, popcnt, avx, avx2, aes, clmul, erms, rtm, 3dnowpref, lzcnt, ht, tsc, tscinvbit, bmi1, bmi2, adx

Memory: 4k page, physical 8388608k(21264k free)

/proc/meminfo:


vm_info: Java HotSpot(TM) 64-Bit Server VM (25.131-b11) for bsd-amd64 JRE (1.8.0_131-b11), built on Mar 15 2017 01:32:22 by "java_re" with gcc 4.2.1 (Based on Apple Inc. build 5658) (LLVM build 2336.11.00)

time: Mon Feb  3 09:37:10 2020
elapsed time: 74446 seconds (0d 20h 40m 46s)

