#
# A fatal error has been detected by the Java Runtime Environment:
#
#  SIGSEGV (0xb) at pc=0x000000010fbb63bf, pid=58044, tid=0x000000000000ec0b
#
# JRE version: Java(TM) SE Runtime Environment (8.0_131-b11) (build 1.8.0_131-b11)
# Java VM: Java HotSpot(TM) 64-Bit Server VM (25.131-b11 mixed mode bsd-amd64 compressed oops)
# Problematic frame:
# C  [libawt_lwawt.dylib+0x1c3bf]  OGLSD_SetScratchSurface+0x49
#
# Failed to write core dump. Core dumps have been disabled. To enable core dumping, try "ulimit -c unlimited" before starting Java again
#
# If you would like to submit a bug report, please visit:
#   http://bugreport.java.com/bugreport/crash.jsp
# The crash happened outside the Java Virtual Machine in native code.
# See problematic frame for where to report the bug.
#

---------------  T H R E A D  ---------------

Current thread (0x00007fc5e80f8000):  JavaThread "Java2D Queue Flusher" daemon [_thread_in_native, id=60427, stack(0x0000700002dc0000,0x0000700002fc0000)]

siginfo: si_signo: 11 (SIGSEGV), si_code: 1 (SEGV_MAPERR), si_addr: 0x0000000000000002

Registers:
RAX=0x000000010fbd6d0e, RBX=0x0000000000000002, RCX=0x0000000000000047, RDX=0x000000010fbd7258
RSP=0x0000700002fbf810, RBP=0x0000700002fbf830, RSI=0x00007fc5f3881a70, RDI=0x00007fc5e80f81f8
R8 =0x0000000000000020, R9 =0x0000000000000000, R10=0x0000000112f11d38, R11=0x00000000e82d02df
R12=0x0000000000000000, R13=0x0000000741681768, R14=0x00007fc5e80f81f8, R15=0x00007fc5e80f8000
RIP=0x000000010fbb63bf, EFLAGS=0x0000000000010202, ERR=0x0000000000000004
  TRAPNO=0x000000000000000e

Top of Stack: (sp=0x0000700002fbf810)
0x0000700002fbf810:   00007fc5f3881a70 0000000000000000
0x0000700002fbf820:   00007fc5e8a5c210 00007fc5e80f8000
0x0000700002fbf830:   0000700002fbf8b0 000000010fbd6d36
0x0000700002fbf840:   0000000000000064 00007fc5e6f1bfe8
0x0000700002fbf850:   0000700002fbf8b0 0000000106b50094
0x0000700002fbf860:   0000000000000005 00007fc5e80f8000
0x0000700002fbf870:   0000000741681701 00007fc5e8a5c220
0x0000700002fbf880:   0000700000fbf800 00007fc5e80f81f8
0x0000700002fbf890:   0000000000000000 0000000000000000
0x0000700002fbf8a0:   0000700002fbf840 00007fc5e80f8000
0x0000700002fbf8b0:   0000700002fbf900 0000000112f11daa
0x0000700002fbf8c0:   00000007416816e0 0000000100000001
0x0000700002fbf8d0:   00000001263e5028 0000000000000000
0x0000700002fbf8e0:   000000010ce0ef48 0000000000000000
0x0000700002fbf8f0:   0000700002fbf910 0000000000000000
0x0000700002fbf900:   00000000e82d02dc 0000000115eb8c48
0x0000700002fbf910:   00000007416816e0 0000000741681768
0x0000700002fbf920:   0000000000000000 0000000000000000
0x0000700002fbf930:   0000000741681768 0000700002fbf9d0
0x0000700002fbf940:   0000000000000001 0000000000000000
0x0000700002fbf950:   0000700002fbf9d0 000000011295e7a7
0x0000700002fbf960:   0000000741681768 0000000741681768
0x0000700002fbf970:   0000700000001fa0 000000000000000a
0x0000700002fbf980:   00007fc5e80f8000 0000000000000001
0x0000700002fbf990:   000000011295e71f 000000010cd7f778
0x0000700002fbf9a0:   0000700002fbfa68 0000700002fbfd00
0x0000700002fbf9b0:   000000010000000a 000000010cd7f778
0x0000700002fbf9c0:   0000000112971120 0000700002fbfc70
0x0000700002fbf9d0:   0000700002fbfb80 0000000106aee5b6
0x0000700002fbf9e0:   0000700000000001 00007fc5e80f8000
0x0000700002fbf9f0:   00007fc5e80f8000 0000700002fbfd00
0x0000700002fbfa00:   00007fc5e6f1bfe0 0000000112971120 

Instructions: (pc=0x000000010fbb63bf)
0x000000010fbb639f:   c0 e9 82 00 00 00 48 8b 5e 10 48 85 db 75 0e bf
0x000000010fbb63af:   01 00 00 00 48 8d 15 07 7c 03 00 eb d6 49 89 fe
0x000000010fbb63bf:   4c 8b 3b 30 c0 e8 c1 a6 02 00 49 8b 3f 49 89 c4
0x000000010fbb63cf:   48 8b 35 4a 03 06 00 30 c0 e8 0f a8 02 00 48 85 

Register to memory mapping:

RAX=0x000000010fbd6d0e: Java_sun_java2d_opengl_OGLRenderQueue_flushBuffer+0x612 in /Library/Java/JavaVirtualMachines/jdk1.8.0_131.jdk/Contents/Home/jre/lib/libawt_lwawt.dylib at 0x000000010fb9a000
RBX=0x0000000000000002 is an unknown value
RCX=0x0000000000000047 is an unknown value
RDX=0x000000010fbd7258: Java_sun_java2d_opengl_OGLRenderQueue_flushBuffer+0xb5c in /Library/Java/JavaVirtualMachines/jdk1.8.0_131.jdk/Contents/Home/jre/lib/libawt_lwawt.dylib at 0x000000010fb9a000
RSP=0x0000700002fbf810 is pointing into the stack for thread: 0x00007fc5e80f8000
RBP=0x0000700002fbf830 is pointing into the stack for thread: 0x00007fc5e80f8000
RSI=0x00007fc5f3881a70 is an unknown value
RDI=0x00007fc5e80f81f8 is an unknown value
R8 =0x0000000000000020 is an unknown value
R9 =0x0000000000000000 is an unknown value
R10=0x0000000112f11d38 is at entry_point+56 in (nmethod*)0x0000000112f11b90
R11=0x00000000e82d02df is an unknown value
R12=0x0000000000000000 is an unknown value
R13=0x0000000741681768 is an oop
sun.java2d.opengl.OGLRenderQueue$QueueFlusher 
 - klass: 'sun/java2d/opengl/OGLRenderQueue$QueueFlusher'
R14=0x00007fc5e80f81f8 is an unknown value
R15=0x00007fc5e80f8000 is a thread


Stack: [0x0000700002dc0000,0x0000700002fc0000],  sp=0x0000700002fbf810,  free space=2046k
Native frames: (J=compiled Java code, j=interpreted, Vv=VM code, C=native code)
C  [libawt_lwawt.dylib+0x1c3bf]  OGLSD_SetScratchSurface+0x49
C  [libawt_lwawt.dylib+0x3cd36]  Java_sun_java2d_opengl_OGLRenderQueue_flushBuffer+0x63a
J 10853  sun.java2d.opengl.OGLRenderQueue.flushBuffer(JI)V (0 bytes) @ 0x0000000112f11daa [0x0000000112f11d00+0xaa]
J 22452% C2 sun.java2d.opengl.OGLRenderQueue$QueueFlusher.run()V (234 bytes) @ 0x0000000115eb8c48 [0x0000000115eb8a40+0x208]
v  ~StubRoutines::call_stub
V  [libjvm.dylib+0x2ee5b6]
V  [libjvm.dylib+0x2eed5a]
V  [libjvm.dylib+0x2eef06]
V  [libjvm.dylib+0x34965d]
V  [libjvm.dylib+0x56b87f]
V  [libjvm.dylib+0x56cf6c]
V  [libjvm.dylib+0x48b376]
C  [libsystem_pthread.dylib+0x393b]  _pthread_body+0xb4
C  [libsystem_pthread.dylib+0x3887]  _pthread_body+0x0
C  [libsystem_pthread.dylib+0x308d]  thread_start+0xd
C  0x0000000000000000

Java frames: (J=compiled Java code, j=interpreted, Vv=VM code)
J 10853  sun.java2d.opengl.OGLRenderQueue.flushBuffer(JI)V (0 bytes) @ 0x0000000112f11d38 [0x0000000112f11d00+0x38]
J 22452% C2 sun.java2d.opengl.OGLRenderQueue$QueueFlusher.run()V (234 bytes) @ 0x0000000115eb8c48 [0x0000000115eb8a40+0x208]
v  ~StubRoutines::call_stub

---------------  P R O C E S S  ---------------

Java Threads: ( => current thread )
  0x00007fc5e7e4a800 JavaThread "Inactive RequestProcessor thread [Was:Pending refresh/org.netbeans.modules.masterfs.watcher.Watcher$1]" daemon [_thread_blocked, id=81003, stack(0x0000700003a55000,0x0000700003c55000)]
  0x00007fc5e8eb3800 JavaThread "DestroyJavaVM" [_thread_blocked, id=7171, stack(0x0000700000cfb000,0x0000700000efb000)]
  0x00007fc5e72a1000 JavaThread "TimerQueue" daemon [_thread_blocked, id=26891, stack(0x0000700005076000,0x0000700005276000)]
  0x00007fc5ed1ec800 JavaThread "Worker-JM" [_thread_blocked, id=82195, stack(0x0000700004e73000,0x0000700005073000)]
  0x00007fc5ed69f000 JavaThread "Framework Event Dispatcher" daemon [_thread_blocked, id=78711, stack(0x0000700004c70000,0x0000700004e70000)]
  0x00007fc5eec52800 JavaThread "Deadlock Detector" [_thread_blocked, id=78123, stack(0x0000700004a6d000,0x0000700004c6d000)]
  0x00007fc5e7d43000 JavaThread "Thread-3" daemon [_thread_blocked, id=77695, stack(0x000070000486a000,0x0000700004a6a000)]
  0x00007fc5e8033800 JavaThread "File Watcher" daemon [_thread_blocked, id=76555, stack(0x0000700004464000,0x0000700004664000)]
  0x00007fc5ed8c9800 JavaThread "Thread-1" daemon [_thread_in_native, id=74551, stack(0x0000700004261000,0x0000700004461000)]
  0x00007fc5e792c000 JavaThread "State Data Manager" daemon [_thread_blocked, id=71667, stack(0x000070000364f000,0x000070000384f000)]
  0x00007fc5ed23a000 JavaThread "Framework Active Thread" [_thread_blocked, id=71155, stack(0x000070000344c000,0x000070000364c000)]
  0x00007fc5e7434000 JavaThread "AWT-EventQueue-0" [_thread_blocked, id=64011, stack(0x00007000031c6000,0x00007000033c6000)]
  0x00007fc5e8a75000 JavaThread "Java2D Disposer" daemon [_thread_blocked, id=63495, stack(0x0000700002fc3000,0x00007000031c3000)]
=>0x00007fc5e80f8000 JavaThread "Java2D Queue Flusher" daemon [_thread_in_native, id=60427, stack(0x0000700002dc0000,0x0000700002fc0000)]
  0x00007fc5e8112000 JavaThread "RequestProcessor queue manager" daemon [_thread_blocked, id=55615, stack(0x0000700002bbd000,0x0000700002dbd000)]
  0x00007fc5e8a02000 JavaThread "Editor Parsing Loop (netbeans-release-428-on-20190716)" daemon [_thread_blocked, id=47151, stack(0x0000700002734000,0x0000700002934000)]
  0x00007fc5e78e7000 JavaThread "AWT-Shutdown" [_thread_blocked, id=30751, stack(0x00007000024ae000,0x00007000026ae000)]
  0x00007fc5e8068800 JavaThread "AppKit Thread" daemon [_thread_in_native, id=775, stack(0x00007fff5960f000,0x00007fff59e0f000)]
  0x00007fc5e8003000 JavaThread "CLI Requests Server" daemon [_thread_in_native, id=20227, stack(0x0000700002228000,0x0000700002428000)]
  0x00007fc5e8917000 JavaThread "Active Reference Queue Daemon" daemon [_thread_blocked, id=19715, stack(0x0000700002025000,0x0000700002225000)]
  0x00007fc5e7800800 JavaThread "Service Thread" daemon [_thread_blocked, id=18691, stack(0x0000700001d1f000,0x0000700001f1f000)]
  0x00007fc5e888b800 JavaThread "C1 CompilerThread2" daemon [_thread_in_vm, id=18179, stack(0x0000700001c1c000,0x0000700001d1c000)]
  0x00007fc5e8835800 JavaThread "C2 CompilerThread1" daemon [_thread_blocked, id=17667, stack(0x0000700001b19000,0x0000700001c19000)]
  0x00007fc5e7029800 JavaThread "C2 CompilerThread0" daemon [_thread_blocked, id=17155, stack(0x0000700001a16000,0x0000700001b16000)]
  0x00007fc5e8834000 JavaThread "Signal Dispatcher" daemon [_thread_blocked, id=16643, stack(0x0000700001813000,0x0000700001a13000)]
  0x00007fc5e7017000 JavaThread "Finalizer" daemon [_thread_blocked, id=12547, stack(0x0000700001610000,0x0000700001810000)]
  0x00007fc5e885b800 JavaThread "Reference Handler" daemon [_thread_blocked, id=12035, stack(0x000070000140d000,0x000070000160d000)]

Other Threads:
  0x00007fc5e8858800 VMThread [stack: 0x000070000130a000,0x000070000140a000] [id=11523]
  0x00007fc5e88b6800 WatcherThread [stack: 0x0000700001f22000,0x0000700002022000] [id=19203]

VM state:not at safepoint (normal execution)

VM Mutex/Monitor currently owned by a thread:  ([mutex/lock_event])
[0x00007fc5e6c01a40] CodeCache_lock - owner thread: 0x00007fc5e888b800
[0x00007fc5e6c030c0] Compile_lock - owner thread: 0x00007fc5e888b800
[0x00007fc5e6c031c0] MethodCompileQueue_lock - owner thread: 0x00007fc5e888b800

Heap:
 PSYoungGen      total 60416K, used 5287K [0x0000000795580000, 0x0000000799700000, 0x00000007c0000000)
  eden space 54784K, 4% used [0x0000000795580000,0x00000007957e6f70,0x0000000798b00000)
  from space 5632K, 50% used [0x0000000799180000,0x0000000799442ed8,0x0000000799700000)
  to   space 6144K, 0% used [0x0000000798b00000,0x0000000798b00000,0x0000000799100000)
 ParOldGen       total 283648K, used 135565K [0x0000000740000000, 0x0000000751500000, 0x0000000795580000)
  object space 283648K, 47% used [0x0000000740000000,0x0000000748463470,0x0000000751500000)
 Metaspace       used 107547K, capacity 121713K, committed 122024K, reserved 1155072K
  class space    used 12908K, capacity 16765K, committed 16816K, reserved 1048576K

Card table byte_map: [0x0000000107b63000,0x0000000107f64000] byte_map_base: 0x0000000104163000

Marking Bits: (ParMarkBitMap*) 0x00000001070f1ea0
 Begin Bits: [0x000000010820f000, 0x000000010a20f000)
 End Bits:   [0x000000010a20f000, 0x000000010c20f000)

Polling page: 0x0000000105eb1000

CodeCache: size=245760Kb used=67933Kb max_used=67953Kb free=177826Kb
 bounds [0x000000011295e000, 0x0000000116c4e000, 0x000000012195e000]
 total_blobs=18659 nmethods=17753 adapters=814
 compilation: enabled

Compilation events (10 events):
Event: 66374.759 Thread 0x00007fc5e888b800 26036       3       sun.java2d.opengl.CGLLayer$$Lambda$19/1084545579::get$Lambda (9 bytes)
Event: 66374.759 Thread 0x00007fc5e888b800 nmethod 26036 0x0000000113363090 code [0x0000000113363200, 0x0000000113363450]
Event: 66415.670 Thread 0x00007fc5e8835800 26037       4       org.netbeans.modules.masterfs.watcher.NotifierKeyRef::get (8 bytes)
Event: 66415.679 Thread 0x00007fc5e8835800 nmethod 26037 0x0000000115e69990 code [0x0000000115e69ae0, 0x0000000115e69b78]
Event: 66417.406 Thread 0x00007fc5e888b800 26038       3       org.netbeans.modules.git.FilesystemInterceptor::access$3400 (4 bytes)
Event: 66417.407 Thread 0x00007fc5e888b800 nmethod 26038 0x0000000112da2190 code [0x0000000112da22e0, 0x0000000112da2430]
Event: 66417.435 Thread 0x00007fc5e888b800 26039   !   3       org.netbeans.modules.git.FilesystemInterceptor$GitFolderEventsHandler::translateToGitFolder (39 bytes)
Event: 66417.439 Thread 0x00007fc5e888b800 nmethod 26039 0x0000000116bff750 code [0x0000000116bff8e0, 0x0000000116bffde8]
Event: 66606.818 Thread 0x00007fc5e888b800 26040   !   3       org.netbeans.modules.masterfs.watcher.Watcher$Ext::run (290 bytes)
Event: 66606.832 Thread 0x00007fc5e888b800 nmethod 26040 0x0000000116c26450 code [0x0000000116c268a0, 0x0000000116c294c8]

GC Heap History (10 events):
Event: 59189.505 GC heap before
{Heap before GC invocations=156 (full 4):
 PSYoungGen      total 60416K, used 60231K [0x0000000795580000, 0x0000000799b80000, 0x00000007c0000000)
  eden space 57344K, 100% used [0x0000000795580000,0x0000000798d80000,0x0000000798d80000)
  from space 3072K, 93% used [0x0000000798e00000,0x00000007990d1de8,0x0000000799100000)
  to   space 7168K, 0% used [0x0000000799480000,0x0000000799480000,0x0000000799b80000)
 ParOldGen       total 283648K, used 135273K [0x0000000740000000, 0x0000000751500000, 0x0000000795580000)
  object space 283648K, 47% used [0x0000000740000000,0x000000074841a600,0x0000000751500000)
 Metaspace       used 107541K, capacity 121713K, committed 122024K, reserved 1155072K
  class space    used 12908K, capacity 16765K, committed 16816K, reserved 1048576K
Event: 59189.740 GC heap after
Heap after GC invocations=156 (full 4):
 PSYoungGen      total 62464K, used 2919K [0x0000000795580000, 0x0000000799a00000, 0x00000007c0000000)
  eden space 56832K, 0% used [0x0000000795580000,0x0000000795580000,0x0000000798d00000)
  from space 5632K, 51% used [0x0000000799480000,0x0000000799759dc0,0x0000000799a00000)
  to   space 6656K, 0% used [0x0000000798d00000,0x0000000798d00000,0x0000000799380000)
 ParOldGen       total 283648K, used 135289K [0x0000000740000000, 0x0000000751500000, 0x0000000795580000)
  object space 283648K, 47% used [0x0000000740000000,0x000000074841e600,0x0000000751500000)
 Metaspace       used 107541K, capacity 121713K, committed 122024K, reserved 1155072K
  class space    used 12908K, capacity 16765K, committed 16816K, reserved 1048576K
}
Event: 60689.991 GC heap before
{Heap before GC invocations=157 (full 4):
 PSYoungGen      total 62464K, used 59751K [0x0000000795580000, 0x0000000799a00000, 0x00000007c0000000)
  eden space 56832K, 100% used [0x0000000795580000,0x0000000798d00000,0x0000000798d00000)
  from space 5632K, 51% used [0x0000000799480000,0x0000000799759dc0,0x0000000799a00000)
  to   space 6656K, 0% used [0x0000000798d00000,0x0000000798d00000,0x0000000799380000)
 ParOldGen       total 283648K, used 135289K [0x0000000740000000, 0x0000000751500000, 0x0000000795580000)
  object space 283648K, 47% used [0x0000000740000000,0x000000074841e600,0x0000000751500000)
 Metaspace       used 107541K, capacity 121713K, committed 122024K, reserved 1155072K
  class space    used 12908K, capacity 16765K, committed 16816K, reserved 1048576K
Event: 60690.159 GC heap after
Heap after GC invocations=157 (full 4):
 PSYoungGen      total 59392K, used 2983K [0x0000000795580000, 0x0000000799980000, 0x00000007c0000000)
  eden space 56320K, 0% used [0x0000000795580000,0x0000000795580000,0x0000000798c80000)
  from space 3072K, 97% used [0x0000000798d00000,0x0000000798fe9dc0,0x0000000799000000)
  to   space 6656K, 0% used [0x0000000799300000,0x0000000799300000,0x0000000799980000)
 ParOldGen       total 283648K, used 135337K [0x0000000740000000, 0x0000000751500000, 0x0000000795580000)
  object space 283648K, 47% used [0x0000000740000000,0x000000074842a600,0x0000000751500000)
 Metaspace       used 107541K, capacity 121713K, committed 122024K, reserved 1155072K
  class space    used 12908K, capacity 16765K, committed 16816K, reserved 1048576K
}
Event: 62529.106 GC heap before
{Heap before GC invocations=158 (full 4):
 PSYoungGen      total 59392K, used 59303K [0x0000000795580000, 0x0000000799980000, 0x00000007c0000000)
  eden space 56320K, 100% used [0x0000000795580000,0x0000000798c80000,0x0000000798c80000)
  from space 3072K, 97% used [0x0000000798d00000,0x0000000798fe9dc0,0x0000000799000000)
  to   space 6656K, 0% used [0x0000000799300000,0x0000000799300000,0x0000000799980000)
 ParOldGen       total 283648K, used 135337K [0x0000000740000000, 0x0000000751500000, 0x0000000795580000)
  object space 283648K, 47% used [0x0000000740000000,0x000000074842a600,0x0000000751500000)
 Metaspace       used 107541K, capacity 121713K, committed 122024K, reserved 1155072K
  class space    used 12908K, capacity 16765K, committed 16816K, reserved 1048576K
Event: 62529.279 GC heap after
Heap after GC invocations=158 (full 4):
 PSYoungGen      total 60928K, used 2894K [0x0000000795580000, 0x0000000799800000, 0x00000007c0000000)
  eden space 55808K, 0% used [0x0000000795580000,0x0000000795580000,0x0000000798c00000)
  from space 5120K, 56% used [0x0000000799300000,0x00000007995d38e0,0x0000000799800000)
  to   space 6144K, 0% used [0x0000000798c00000,0x0000000798c00000,0x0000000799200000)
 ParOldGen       total 283648K, used 135361K [0x0000000740000000, 0x0000000751500000, 0x0000000795580000)
  object space 283648K, 47% used [0x0000000740000000,0x0000000748430600,0x0000000751500000)
 Metaspace       used 107541K, capacity 121713K, committed 122024K, reserved 1155072K
  class space    used 12908K, capacity 16765K, committed 16816K, reserved 1048576K
}
Event: 64081.961 GC heap before
{Heap before GC invocations=159 (full 4):
 PSYoungGen      total 60928K, used 58702K [0x0000000795580000, 0x0000000799800000, 0x00000007c0000000)
  eden space 55808K, 100% used [0x0000000795580000,0x0000000798c00000,0x0000000798c00000)
  from space 5120K, 56% used [0x0000000799300000,0x00000007995d38e0,0x0000000799800000)
  to   space 6144K, 0% used [0x0000000798c00000,0x0000000798c00000,0x0000000799200000)
 ParOldGen       total 283648K, used 135361K [0x0000000740000000, 0x0000000751500000, 0x0000000795580000)
  object space 283648K, 47% used [0x0000000740000000,0x0000000748430600,0x0000000751500000)
 Metaspace       used 107542K, capacity 121713K, committed 122024K, reserved 1155072K
  class space    used 12908K, capacity 16765K, committed 16816K, reserved 1048576K
Event: 64082.185 GC heap after
Heap after GC invocations=159 (full 4):
 PSYoungGen      total 58368K, used 3067K [0x0000000795580000, 0x0000000799780000, 0x00000007c0000000)
  eden space 55296K, 0% used [0x0000000795580000,0x0000000795580000,0x0000000798b80000)
  from space 3072K, 99% used [0x0000000798c00000,0x0000000798efec58,0x0000000798f00000)
  to   space 6144K, 0% used [0x0000000799180000,0x0000000799180000,0x0000000799780000)
 ParOldGen       total 283648K, used 135377K [0x0000000740000000, 0x0000000751500000, 0x0000000795580000)
  object space 283648K, 47% used [0x0000000740000000,0x0000000748434600,0x0000000751500000)
 Metaspace       used 107542K, capacity 121713K, committed 122024K, reserved 1155072K
  class space    used 12908K, capacity 16765K, committed 16816K, reserved 1048576K
}
Event: 66608.537 GC heap before
{Heap before GC invocations=160 (full 4):
 PSYoungGen      total 58368K, used 58363K [0x0000000795580000, 0x0000000799780000, 0x00000007c0000000)
  eden space 55296K, 100% used [0x0000000795580000,0x0000000798b80000,0x0000000798b80000)
  from space 3072K, 99% used [0x0000000798c00000,0x0000000798efec58,0x0000000798f00000)
  to   space 6144K, 0% used [0x0000000799180000,0x0000000799180000,0x0000000799780000)
 ParOldGen       total 283648K, used 135377K [0x0000000740000000, 0x0000000751500000, 0x0000000795580000)
  object space 283648K, 47% used [0x0000000740000000,0x0000000748434600,0x0000000751500000)
 Metaspace       used 107547K, capacity 121713K, committed 122024K, reserved 1155072K
  class space    used 12908K, capacity 16765K, committed 16816K, reserved 1048576K
Event: 66608.676 GC heap after
Heap after GC invocations=160 (full 4):
 PSYoungGen      total 60416K, used 2827K [0x0000000795580000, 0x0000000799700000, 0x00000007c0000000)
  eden space 54784K, 0% used [0x0000000795580000,0x0000000795580000,0x0000000798b00000)
  from space 5632K, 50% used [0x0000000799180000,0x0000000799442ed8,0x0000000799700000)
  to   space 6144K, 0% used [0x0000000798b00000,0x0000000798b00000,0x0000000799100000)
 ParOldGen       total 283648K, used 135565K [0x0000000740000000, 0x0000000751500000, 0x0000000795580000)
  object space 283648K, 47% used [0x0000000740000000,0x0000000748463470,0x0000000751500000)
 Metaspace       used 107547K, capacity 121713K, committed 122024K, reserved 1155072K
  class space    used 12908K, capacity 16765K, committed 16816K, reserved 1048576K
}

Deoptimization events (10 events):
Event: 63309.331 Thread 0x00007fc5e7434000 Uncommon trap: reason=unstable_if action=reinterpret pc=0x00000001159d0e5c method=sun.font.GlyphList.getInstance()Lsun/font/GlyphList; @ 3
Event: 63309.446 Thread 0x00007fc5e7434000 Uncommon trap: reason=unstable_if action=reinterpret pc=0x0000000115fcd640 method=sun.font.GlyphList.getInstance()Lsun/font/GlyphList; @ 3
Event: 63309.472 Thread 0x00007fc5e7434000 Uncommon trap: reason=unstable_if action=reinterpret pc=0x0000000114b53f34 method=sun.font.GlyphList.ensureCapacity(I)V @ 41
Event: 63310.166 Thread 0x00007fc5e7434000 Uncommon trap: reason=class_check action=maybe_recompile pc=0x0000000114ecd83c method=sun.awt.image.SurfaceManager.getImageScale(Ljava/awt/Image;)I @ 18
Event: 63310.367 Thread 0x00007fc5e7434000 Uncommon trap: reason=unstable_if action=reinterpret pc=0x00000001150e60f0 method=sun.font.GlyphList.getInstance()Lsun/font/GlyphList; @ 3
Event: 63310.375 Thread 0x00007fc5e7434000 Uncommon trap: reason=unstable_if action=reinterpret pc=0x00000001158abbf8 method=sun.font.GlyphList.getInstance()Lsun/font/GlyphList; @ 3
Event: 63605.705 Thread 0x00007fc5e792c000 Uncommon trap: reason=array_check action=maybe_recompile pc=0x00000001168df5bc method=org.eclipse.osgi.framework.util.KeyedHashSet.elements([Ljava/lang/Object;)[Ljava/lang/Object; @ 27
Event: 63905.717 Thread 0x00007fc5e792c000 Uncommon trap: reason=array_check action=maybe_recompile pc=0x00000001168df5bc method=org.eclipse.osgi.framework.util.KeyedHashSet.elements([Ljava/lang/Object;)[Ljava/lang/Object; @ 27
Event: 64205.723 Thread 0x00007fc5e792c000 Uncommon trap: reason=array_check action=maybe_recompile pc=0x00000001168df5bc method=org.eclipse.osgi.framework.util.KeyedHashSet.elements([Ljava/lang/Object;)[Ljava/lang/Object; @ 27
Event: 64505.732 Thread 0x00007fc5e792c000 Uncommon trap: reason=array_check action=maybe_recompile pc=0x00000001159cf280 method=org.eclipse.osgi.framework.util.KeyedHashSet.elements([Ljava/lang/Object;)[Ljava/lang/Object; @ 27

Internal exceptions (10 events):
Event: 45304.336 Thread 0x00007fc5edc0d000 Exception <a 'sun/nio/fs/UnixException'> (0x00000007957b0898) thrown at [/Users/java_re/workspace/8-2-build-macosx-x86_64/jdk8u131/8869/hotspot/src/share/vm/prims/jni.cpp, line 709]
Event: 45309.913 Thread 0x00007fc5edc0d000 Exception <a 'sun/nio/fs/UnixException'> (0x000000079634fb60) thrown at [/Users/java_re/workspace/8-2-build-macosx-x86_64/jdk8u131/8869/hotspot/src/share/vm/prims/jni.cpp, line 709]
Event: 45309.916 Thread 0x00007fc5edc0d000 Exception <a 'sun/nio/fs/UnixException'> (0x0000000796356048) thrown at [/Users/java_re/workspace/8-2-build-macosx-x86_64/jdk8u131/8869/hotspot/src/share/vm/prims/jni.cpp, line 709]
Event: 45309.917 Thread 0x00007fc5edc0d000 Exception <a 'sun/nio/fs/UnixException'> (0x000000079635bc48) thrown at [/Users/java_re/workspace/8-2-build-macosx-x86_64/jdk8u131/8869/hotspot/src/share/vm/prims/jni.cpp, line 709]
Event: 45309.917 Thread 0x00007fc5edc0d000 Exception <a 'java/io/FileNotFoundException'> (0x000000079635f8f0) thrown at [/Users/java_re/workspace/8-2-build-macosx-x86_64/jdk8u131/8869/hotspot/src/share/vm/prims/jni.cpp, line 709]
Event: 45309.917 Thread 0x00007fc5edc0d000 Exception <a 'java/io/FileNotFoundException'> (0x00000007963604f0) thrown at [/Users/java_re/workspace/8-2-build-macosx-x86_64/jdk8u131/8869/hotspot/src/share/vm/prims/jni.cpp, line 709]
Event: 45309.917 Thread 0x00007fc5edc0d000 Exception <a 'java/io/FileNotFoundException'> (0x00000007963611b8) thrown at [/Users/java_re/workspace/8-2-build-macosx-x86_64/jdk8u131/8869/hotspot/src/share/vm/prims/jni.cpp, line 709]
Event: 45309.917 Thread 0x00007fc5edc0d000 Exception <a 'java/io/FileNotFoundException'> (0x0000000796361ea8) thrown at [/Users/java_re/workspace/8-2-build-macosx-x86_64/jdk8u131/8869/hotspot/src/share/vm/prims/jni.cpp, line 709]
Event: 45309.917 Thread 0x00007fc5edc0d000 Exception <a 'java/io/FileNotFoundException'> (0x0000000796362bc0) thrown at [/Users/java_re/workspace/8-2-build-macosx-x86_64/jdk8u131/8869/hotspot/src/share/vm/prims/jni.cpp, line 709]
Event: 54711.107 Thread 0x00007fc5e7e4a800 Implicit null exception at 0x0000000114395ff5 to 0x00000001143970f9

Events (10 events):
Event: 66604.278 Executing VM operation: FindDeadlocks
Event: 66604.278 Executing VM operation: FindDeadlocks done
Event: 66606.280 Executing VM operation: FindDeadlocks
Event: 66606.280 Executing VM operation: FindDeadlocks done
Event: 66606.858 Thread 0x00007fc5e888b800 flushing nmethod 0x0000000114e4ded0
Event: 66606.860 Thread 0x00007fc5e888b800 flushing nmethod 0x0000000114eb9850
Event: 66608.282 Executing VM operation: FindDeadlocks
Event: 66608.282 Executing VM operation: FindDeadlocks done
Event: 66608.537 Executing VM operation: ParallelGCFailedAllocation
Event: 66608.677 Executing VM operation: ParallelGCFailedAllocation done


Dynamic libraries:
0x0000000024c80000 	/System/Library/Frameworks/Cocoa.framework/Versions/A/Cocoa
0x0000000024c80000 	/System/Library/Frameworks/Security.framework/Versions/A/Security
0x0000000024c80000 	/System/Library/Frameworks/ApplicationServices.framework/Versions/A/ApplicationServices
0x0000000024c80000 	/usr/lib/libz.1.dylib
0x0000000024c80000 	/usr/lib/libSystem.B.dylib
0x0000000024c80000 	/usr/lib/libobjc.A.dylib
0x0000000024c80000 	/System/Library/Frameworks/CoreFoundation.framework/Versions/A/CoreFoundation
0x0000000024c80000 	/System/Library/Frameworks/Foundation.framework/Versions/C/Foundation
0x0000000024c80000 	/System/Library/Frameworks/AppKit.framework/Versions/C/AppKit
0x0000000024c80000 	/System/Library/Frameworks/CoreData.framework/Versions/A/CoreData
0x0000000024c80000 	/System/Library/PrivateFrameworks/RemoteViewServices.framework/Versions/A/RemoteViewServices
0x0000000024c80000 	/System/Library/PrivateFrameworks/UIFoundation.framework/Versions/A/UIFoundation
0x0000000024c80000 	/System/Library/PrivateFrameworks/DFRFoundation.framework/Versions/A/DFRFoundation
0x0000000024c80000 	/usr/lib/libenergytrace.dylib
0x0000000024c80000 	/System/Library/PrivateFrameworks/SkyLight.framework/Versions/A/SkyLight
0x0000000024c80000 	/System/Library/Frameworks/CoreGraphics.framework/Versions/A/CoreGraphics
0x0000000024c80000 	/usr/lib/libScreenReader.dylib
0x0000000024c80000 	/System/Library/Frameworks/Accelerate.framework/Versions/A/Accelerate
0x0000000024c80000 	/System/Library/Frameworks/IOSurface.framework/Versions/A/IOSurface
0x0000000024c80000 	/System/Library/Frameworks/AudioToolbox.framework/Versions/A/AudioToolbox
0x0000000024c80000 	/System/Library/Frameworks/AudioUnit.framework/Versions/A/AudioUnit
0x0000000024c80000 	/System/Library/PrivateFrameworks/DataDetectorsCore.framework/Versions/A/DataDetectorsCore
0x0000000024c80000 	/System/Library/PrivateFrameworks/DesktopServicesPriv.framework/Versions/A/DesktopServicesPriv
0x0000000024c80000 	/System/Library/Frameworks/Carbon.framework/Versions/A/Frameworks/HIToolbox.framework/Versions/A/HIToolbox
0x0000000024c80000 	/usr/lib/libicucore.A.dylib
0x0000000024c80000 	/System/Library/Frameworks/QuartzCore.framework/Versions/A/QuartzCore
0x0000000024c80000 	/System/Library/Frameworks/Carbon.framework/Versions/A/Frameworks/SpeechRecognition.framework/Versions/A/SpeechRecognition
0x0000000024c80000 	/usr/lib/libauto.dylib
0x0000000024c80000 	/usr/lib/libxml2.2.dylib
0x0000000024c80000 	/System/Library/PrivateFrameworks/CoreUI.framework/Versions/A/CoreUI
0x0000000024c80000 	/System/Library/Frameworks/CoreAudio.framework/Versions/A/CoreAudio
0x0000000024c80000 	/System/Library/Frameworks/DiskArbitration.framework/Versions/A/DiskArbitration
0x0000000024c80000 	/usr/lib/liblangid.dylib
0x0000000024c80000 	/System/Library/PrivateFrameworks/MultitouchSupport.framework/Versions/A/MultitouchSupport
0x0000000024c80000 	/System/Library/Frameworks/IOKit.framework/Versions/A/IOKit
0x0000000024c80000 	/usr/lib/libDiagnosticMessagesClient.dylib
0x0000000024c80000 	/System/Library/Frameworks/CoreServices.framework/Versions/A/CoreServices
0x0000000024c80000 	/System/Library/PrivateFrameworks/PerformanceAnalysis.framework/Versions/A/PerformanceAnalysis
0x0000000024c80000 	/System/Library/PrivateFrameworks/GenerationalStorage.framework/Versions/A/GenerationalStorage
0x0000000024c80000 	/System/Library/Frameworks/OpenGL.framework/Versions/A/OpenGL
0x0000000024c80000 	/System/Library/Frameworks/CoreImage.framework/Versions/A/CoreImage
0x0000000024c80000 	/System/Library/Frameworks/CoreText.framework/Versions/A/CoreText
0x0000000024c80000 	/System/Library/Frameworks/ImageIO.framework/Versions/A/ImageIO
0x0000000024c80000 	/System/Library/PrivateFrameworks/Backup.framework/Versions/A/Backup
0x0000000024c80000 	/usr/lib/libarchive.2.dylib
0x0000000024c80000 	/System/Library/Frameworks/CFNetwork.framework/Versions/A/CFNetwork
0x0000000024c80000 	/System/Library/Frameworks/SystemConfiguration.framework/Versions/A/SystemConfiguration
0x0000000024c80000 	/usr/lib/libCRFSuite.dylib
0x0000000024c80000 	/usr/lib/libc++.1.dylib
0x0000000024c80000 	/usr/lib/libc++abi.dylib
0x0000000024c80000 	/usr/lib/system/libcache.dylib
0x0000000024c80000 	/usr/lib/system/libcommonCrypto.dylib
0x0000000024c80000 	/usr/lib/system/libcompiler_rt.dylib
0x0000000024c80000 	/usr/lib/system/libcopyfile.dylib
0x0000000024c80000 	/usr/lib/system/libcorecrypto.dylib
0x0000000024c80000 	/usr/lib/system/libdispatch.dylib
0x0000000024c80000 	/usr/lib/system/libdyld.dylib
0x0000000024c80000 	/usr/lib/system/libkeymgr.dylib
0x0000000024c80000 	/usr/lib/system/liblaunch.dylib
0x0000000024c80000 	/usr/lib/system/libmacho.dylib
0x0000000024c80000 	/usr/lib/system/libquarantine.dylib
0x0000000024c80000 	/usr/lib/system/libremovefile.dylib
0x0000000024c80000 	/usr/lib/system/libsystem_asl.dylib
0x0000000024c80000 	/usr/lib/system/libsystem_blocks.dylib
0x0000000024c80000 	/usr/lib/system/libsystem_c.dylib
0x0000000024c80000 	/usr/lib/system/libsystem_configuration.dylib
0x0000000024c80000 	/usr/lib/system/libsystem_coreservices.dylib
0x0000000024c80000 	/usr/lib/system/libsystem_coretls.dylib
0x0000000024c80000 	/usr/lib/system/libsystem_dnssd.dylib
0x0000000024c80000 	/usr/lib/system/libsystem_info.dylib
0x0000000024c80000 	/usr/lib/system/libsystem_kernel.dylib
0x0000000024c80000 	/usr/lib/system/libsystem_m.dylib
0x0000000024c80000 	/usr/lib/system/libsystem_malloc.dylib
0x0000000024c80000 	/usr/lib/system/libsystem_network.dylib
0x0000000024c80000 	/usr/lib/system/libsystem_networkextension.dylib
0x0000000024c80000 	/usr/lib/system/libsystem_notify.dylib
0x0000000024c80000 	/usr/lib/system/libsystem_platform.dylib
0x0000000024c80000 	/usr/lib/system/libsystem_pthread.dylib
0x0000000024c80000 	/usr/lib/system/libsystem_sandbox.dylib
0x0000000024c80000 	/usr/lib/system/libsystem_secinit.dylib
0x0000000024c80000 	/usr/lib/system/libsystem_symptoms.dylib
0x0000000024c80000 	/usr/lib/system/libsystem_trace.dylib
0x0000000024c80000 	/usr/lib/system/libunwind.dylib
0x0000000024c80000 	/usr/lib/system/libxpc.dylib
0x0000000024c80000 	/usr/lib/libbsm.0.dylib
0x0000000024c80000 	/usr/lib/system/libkxld.dylib
0x0000000024c80000 	/usr/lib/libcoretls.dylib
0x0000000024c80000 	/usr/lib/libcoretls_cfhelpers.dylib
0x0000000024c80000 	/usr/lib/libOpenScriptingUtil.dylib
0x0000000024c80000 	/usr/lib/libpam.2.dylib
0x0000000024c80000 	/usr/lib/libsqlite3.dylib
0x0000000024c80000 	/usr/lib/libxar.1.dylib
0x0000000024c80000 	/usr/lib/libbz2.1.0.dylib
0x0000000024c80000 	/usr/lib/liblzma.5.dylib
0x0000000024c80000 	/usr/lib/libnetwork.dylib
0x0000000024c80000 	/usr/lib/libpcap.A.dylib
0x0000000024c80000 	/System/Library/Frameworks/CoreServices.framework/Versions/A/Frameworks/FSEvents.framework/Versions/A/FSEvents
0x0000000024c80000 	/System/Library/Frameworks/CoreServices.framework/Versions/A/Frameworks/CarbonCore.framework/Versions/A/CarbonCore
0x0000000024c80000 	/System/Library/Frameworks/CoreServices.framework/Versions/A/Frameworks/Metadata.framework/Versions/A/Metadata
0x0000000024c80000 	/System/Library/Frameworks/CoreServices.framework/Versions/A/Frameworks/OSServices.framework/Versions/A/OSServices
0x0000000024c80000 	/System/Library/Frameworks/CoreServices.framework/Versions/A/Frameworks/SearchKit.framework/Versions/A/SearchKit
0x0000000024c80000 	/System/Library/Frameworks/CoreServices.framework/Versions/A/Frameworks/AE.framework/Versions/A/AE
0x0000000024c80000 	/System/Library/Frameworks/CoreServices.framework/Versions/A/Frameworks/LaunchServices.framework/Versions/A/LaunchServices
0x0000000024c80000 	/System/Library/Frameworks/CoreServices.framework/Versions/A/Frameworks/DictionaryServices.framework/Versions/A/DictionaryServices
0x0000000024c80000 	/System/Library/Frameworks/CoreServices.framework/Versions/A/Frameworks/SharedFileList.framework/Versions/A/SharedFileList
0x0000000024c80000 	/System/Library/Frameworks/NetFS.framework/Versions/A/NetFS
0x0000000024c80000 	/System/Library/PrivateFrameworks/NetAuth.framework/Versions/A/NetAuth
0x0000000024c80000 	/System/Library/PrivateFrameworks/login.framework/Versions/A/Frameworks/loginsupport.framework/Versions/A/loginsupport
0x0000000024c80000 	/System/Library/PrivateFrameworks/TCC.framework/Versions/A/TCC
0x0000000024c80000 	/usr/lib/libmecabra.dylib
0x0000000024c80000 	/System/Library/Frameworks/ApplicationServices.framework/Versions/A/Frameworks/ATS.framework/Versions/A/ATS
0x0000000024c80000 	/System/Library/Frameworks/ApplicationServices.framework/Versions/A/Frameworks/ColorSync.framework/Versions/A/ColorSync
0x0000000024c80000 	/System/Library/Frameworks/ApplicationServices.framework/Versions/A/Frameworks/HIServices.framework/Versions/A/HIServices
0x0000000024c80000 	/System/Library/Frameworks/ApplicationServices.framework/Versions/A/Frameworks/LangAnalysis.framework/Versions/A/LangAnalysis
0x0000000024c80000 	/System/Library/Frameworks/ApplicationServices.framework/Versions/A/Frameworks/PrintCore.framework/Versions/A/PrintCore
0x0000000024c80000 	/System/Library/Frameworks/ApplicationServices.framework/Versions/A/Frameworks/QD.framework/Versions/A/QD
0x0000000024c80000 	/System/Library/Frameworks/ApplicationServices.framework/Versions/A/Frameworks/SpeechSynthesis.framework/Versions/A/SpeechSynthesis
0x0000000024c80000 	/System/Library/Frameworks/Accelerate.framework/Versions/A/Frameworks/vImage.framework/Versions/A/vImage
0x0000000024c80000 	/System/Library/Frameworks/Accelerate.framework/Versions/A/Frameworks/vecLib.framework/Versions/A/vecLib
0x0000000024c80000 	/System/Library/Frameworks/Accelerate.framework/Versions/A/Frameworks/vecLib.framework/Versions/A/libvDSP.dylib
0x0000000024c80000 	/System/Library/Frameworks/Accelerate.framework/Versions/A/Frameworks/vecLib.framework/Versions/A/libBNNS.dylib
0x0000000024c80000 	/System/Library/Frameworks/Accelerate.framework/Versions/A/Frameworks/vecLib.framework/Versions/A/libQuadrature.dylib
0x0000000024c80000 	/System/Library/Frameworks/Accelerate.framework/Versions/A/Frameworks/vecLib.framework/Versions/A/libvMisc.dylib
0x0000000024c80000 	/System/Library/Frameworks/Accelerate.framework/Versions/A/Frameworks/vecLib.framework/Versions/A/libLAPACK.dylib
0x0000000024c80000 	/System/Library/Frameworks/Accelerate.framework/Versions/A/Frameworks/vecLib.framework/Versions/A/libBLAS.dylib
0x0000000024c80000 	/System/Library/Frameworks/Accelerate.framework/Versions/A/Frameworks/vecLib.framework/Versions/A/libLinearAlgebra.dylib
0x0000000024c80000 	/System/Library/Frameworks/Accelerate.framework/Versions/A/Frameworks/vecLib.framework/Versions/A/libSparseBLAS.dylib
0x0000000024c80000 	/System/Library/Frameworks/ApplicationServices.framework/Versions/A/Frameworks/ATS.framework/Versions/A/Resources/libFontParser.dylib
0x0000000024c80000 	/System/Library/Frameworks/ApplicationServices.framework/Versions/A/Frameworks/ATS.framework/Versions/A/Resources/libFontRegistry.dylib
0x0000000024c80000 	/System/Library/Frameworks/ImageIO.framework/Versions/A/Resources/libJPEG.dylib
0x0000000024c80000 	/System/Library/Frameworks/ImageIO.framework/Versions/A/Resources/libTIFF.dylib
0x0000000024c80000 	/System/Library/Frameworks/ImageIO.framework/Versions/A/Resources/libPng.dylib
0x0000000024c80000 	/System/Library/Frameworks/ImageIO.framework/Versions/A/Resources/libGIF.dylib
0x0000000024c80000 	/System/Library/Frameworks/ImageIO.framework/Versions/A/Resources/libJP2.dylib
0x0000000024c80000 	/System/Library/Frameworks/ImageIO.framework/Versions/A/Resources/libRadiance.dylib
0x0000000024c80000 	/usr/lib/libcompression.dylib
0x0000000024c80000 	/System/Library/PrivateFrameworks/AppleJPEG.framework/Versions/A/AppleJPEG
0x0000000024c80000 	/usr/lib/libcups.2.dylib
0x0000000024c80000 	/System/Library/Frameworks/Kerberos.framework/Versions/A/Kerberos
0x0000000024c80000 	/System/Library/Frameworks/GSS.framework/Versions/A/GSS
0x0000000024c80000 	/usr/lib/libresolv.9.dylib
0x0000000024c80000 	/usr/lib/libiconv.2.dylib
0x0000000024c80000 	/System/Library/PrivateFrameworks/Heimdal.framework/Versions/A/Heimdal
0x0000000024c80000 	/usr/lib/libheimdal-asn1.dylib
0x0000000024c80000 	/System/Library/Frameworks/OpenDirectory.framework/Versions/A/OpenDirectory
0x0000000024c80000 	/System/Library/PrivateFrameworks/CommonAuth.framework/Versions/A/CommonAuth
0x0000000024c80000 	/System/Library/Frameworks/OpenDirectory.framework/Versions/A/Frameworks/CFOpenDirectory.framework/Versions/A/CFOpenDirectory
0x0000000024c80000 	/System/Library/Frameworks/SecurityFoundation.framework/Versions/A/SecurityFoundation
0x0000000024c80000 	/System/Library/PrivateFrameworks/LanguageModeling.framework/Versions/A/LanguageModeling
0x0000000024c80000 	/usr/lib/libmarisa.dylib
0x0000000024c80000 	/usr/lib/libChineseTokenizer.dylib
0x0000000024c80000 	/usr/lib/libcmph.dylib
0x0000000024c80000 	/System/Library/PrivateFrameworks/CoreEmoji.framework/Versions/A/CoreEmoji
0x0000000024c80000 	/System/Library/Frameworks/ServiceManagement.framework/Versions/A/ServiceManagement
0x0000000024c80000 	/usr/lib/libxslt.1.dylib
0x0000000024c80000 	/System/Library/Frameworks/Carbon.framework/Versions/A/Frameworks/Ink.framework/Versions/A/Ink
0x0000000024c80000 	/System/Library/PrivateFrameworks/TextureIO.framework/Versions/A/TextureIO
0x0000000024c80000 	/System/Library/Frameworks/Metal.framework/Versions/A/Metal
0x0000000024c80000 	/usr/lib/libate.dylib
0x0000000024c80000 	/System/Library/PrivateFrameworks/GPUCompiler.framework/libmetal_timestamp.dylib
0x0000000024c80000 	/System/Library/Frameworks/OpenGL.framework/Versions/A/Libraries/libCoreFSCache.dylib
0x0000000024c80000 	/System/Library/PrivateFrameworks/IOAccelerator.framework/Versions/A/IOAccelerator
0x0000000024c80000 	/System/Library/Frameworks/CoreVideo.framework/Versions/A/CoreVideo
0x0000000024c80000 	/usr/lib/libFosl_dynamic.dylib
0x0000000024c80000 	/System/Library/PrivateFrameworks/MetalPerformanceShaders.framework/Versions/A/MetalPerformanceShaders
0x0000000024c80000 	/System/Library/PrivateFrameworks/FaceCore.framework/Versions/A/FaceCore
0x0000000024c80000 	/System/Library/Frameworks/OpenCL.framework/Versions/A/OpenCL
0x0000000024c80000 	/System/Library/Frameworks/OpenGL.framework/Versions/A/Libraries/libGLU.dylib
0x0000000024c80000 	/System/Library/Frameworks/OpenGL.framework/Versions/A/Libraries/libGFXShared.dylib
0x0000000024c80000 	/System/Library/Frameworks/OpenGL.framework/Versions/A/Libraries/libGL.dylib
0x0000000024c80000 	/System/Library/Frameworks/OpenGL.framework/Versions/A/Libraries/libGLImage.dylib
0x0000000024c80000 	/System/Library/Frameworks/OpenGL.framework/Versions/A/Libraries/libCVMSPluginSupport.dylib
0x0000000024c80000 	/System/Library/Frameworks/OpenGL.framework/Versions/A/Libraries/libCoreVMClient.dylib
0x0000000024c80000 	/System/Library/PrivateFrameworks/CrashReporterSupport.framework/Versions/A/CrashReporterSupport
0x0000000024c80000 	/System/Library/PrivateFrameworks/Sharing.framework/Versions/A/Sharing
0x0000000024c80000 	/System/Library/PrivateFrameworks/IconServices.framework/Versions/A/IconServices
0x0000000024c80000 	/System/Library/PrivateFrameworks/ProtocolBuffer.framework/Versions/A/ProtocolBuffer
0x0000000024c80000 	/System/Library/PrivateFrameworks/Apple80211.framework/Versions/A/Apple80211
0x0000000024c80000 	/System/Library/Frameworks/CoreWLAN.framework/Versions/A/CoreWLAN
0x0000000024c80000 	/System/Library/PrivateFrameworks/CoreUtils.framework/Versions/A/CoreUtils
0x0000000024c80000 	/System/Library/Frameworks/IOBluetooth.framework/Versions/A/IOBluetooth
0x0000000024c80000 	/System/Library/PrivateFrameworks/CoreWiFi.framework/Versions/A/CoreWiFi
0x0000000024c80000 	/System/Library/Frameworks/CoreBluetooth.framework/Versions/A/CoreBluetooth
0x0000000024c80000 	/System/Library/Frameworks/CoreDisplay.framework/Versions/A/CoreDisplay
0x0000000024c80000 	/System/Library/PrivateFrameworks/IOPresentment.framework/Versions/A/IOPresentment
0x0000000024c80000 	/System/Library/PrivateFrameworks/DSExternalDisplay.framework/Versions/A/DSExternalDisplay
0x0000000024c80000 	/System/Library/PrivateFrameworks/DebugSymbols.framework/Versions/A/DebugSymbols
0x0000000024c80000 	/System/Library/PrivateFrameworks/CoreSymbolication.framework/Versions/A/CoreSymbolication
0x0000000024c80000 	/System/Library/PrivateFrameworks/Symbolication.framework/Versions/A/Symbolication
0x0000000024c80000 	/System/Library/PrivateFrameworks/AppleFSCompression.framework/Versions/A/AppleFSCompression
0x0000000024c80000 	/System/Library/PrivateFrameworks/SpeechRecognitionCore.framework/Versions/A/SpeechRecognitionCore
0x0000000024c80000 	/System/Library/PrivateFrameworks/ChunkingLibrary.framework/Versions/A/ChunkingLibrary
0x0000000106800000 	/Library/Java/JavaVirtualMachines/jdk1.8.0_131.jdk/Contents/Home/jre/lib/server/libjvm.dylib
0x0000000024c80000 	/usr/lib/libstdc++.6.dylib
0x0000000105e6e000 	/Library/Java/JavaVirtualMachines/jdk1.8.0_131.jdk/Contents/Home/jre/lib/libverify.dylib
0x0000000105e7c000 	/Library/Java/JavaVirtualMachines/jdk1.8.0_131.jdk/Contents/Home/jre/lib/libjava.dylib
0x0000000105ebb000 	/Library/Java/JavaVirtualMachines/jdk1.8.0_131.jdk/Contents/Home/jre/lib/libzip.dylib
0x0000000105fe6000 	/System/Library/Frameworks/JavaVM.framework/Frameworks/JavaRuntimeSupport.framework/JavaRuntimeSupport
0x000000010dfe5000 	/System/Library/Frameworks/JavaVM.framework/Versions/A/Frameworks/JavaNativeFoundation.framework/Versions/A/JavaNativeFoundation
0x000000010dffa000 	/System/Library/Frameworks/JavaVM.framework/Versions/A/JavaVM
0x0000000024c80000 	/System/Library/Frameworks/Carbon.framework/Versions/A/Carbon
0x000000010e007000 	/System/Library/PrivateFrameworks/JavaLaunching.framework/Versions/A/JavaLaunching
0x0000000024c80000 	/System/Library/Frameworks/Carbon.framework/Versions/A/Frameworks/CommonPanels.framework/Versions/A/CommonPanels
0x0000000024c80000 	/System/Library/Frameworks/Carbon.framework/Versions/A/Frameworks/Help.framework/Versions/A/Help
0x0000000024c80000 	/System/Library/Frameworks/Carbon.framework/Versions/A/Frameworks/ImageCapture.framework/Versions/A/ImageCapture
0x0000000024c80000 	/System/Library/Frameworks/Carbon.framework/Versions/A/Frameworks/OpenScripting.framework/Versions/A/OpenScripting
0x0000000024c80000 	/System/Library/Frameworks/Carbon.framework/Versions/A/Frameworks/Print.framework/Versions/A/Print
0x0000000024c80000 	/System/Library/Frameworks/Carbon.framework/Versions/A/Frameworks/SecurityHI.framework/Versions/A/SecurityHI
0x000000010f91a000 	/Library/Java/JavaVirtualMachines/jdk1.8.0_131.jdk/Contents/Home/jre/lib/libnio.dylib
0x000000010f92a000 	/Library/Java/JavaVirtualMachines/jdk1.8.0_131.jdk/Contents/Home/jre/lib/./libnet.dylib
0x000000010fa26000 	/Library/Java/JavaVirtualMachines/jdk1.8.0_131.jdk/Contents/Home/jre/lib/libawt.dylib
0x000000010face000 	/Library/Java/JavaVirtualMachines/jdk1.8.0_131.jdk/Contents/Home/jre/lib/./libmlib_image.dylib
0x000000010fb9a000 	/Library/Java/JavaVirtualMachines/jdk1.8.0_131.jdk/Contents/Home/jre/lib/libawt_lwawt.dylib
0x000000010fc51000 	/Library/Java/JavaVirtualMachines/jdk1.8.0_131.jdk/Contents/Home/jre/lib/./libosxapp.dylib
0x0000000024c80000 	/System/Library/Frameworks/ExceptionHandling.framework/Versions/A/ExceptionHandling
0x0000000024c80000 	/System/Library/PrivateFrameworks/CoreServicesInternal.framework/Versions/A/CoreServicesInternal
0x0000000024c80000 	/System/Library/CoreServices/RawCamera.bundle/Contents/MacOS/RawCamera
0x00000001101ee000 	/System/Library/Frameworks/Accelerate.framework/Frameworks/vImage.framework/Versions/A/Libraries/libCGInterfaces.dylib
0x0000000024c80000 	/System/Library/Frameworks/ApplicationServices.framework/Versions/A/Frameworks/ATS.framework/Versions/A/Resources/libTrueTypeScaler.dylib
0x00000001117e4000 	/System/Library/Frameworks/OpenGL.framework/Resources/GLEngine.bundle/GLEngine
0x0000000024c80000 	/System/Library/Frameworks/OpenGL.framework/Versions/A/Libraries/libGLProgrammability.dylib
0x00000001119c9000 	/System/Library/Extensions/AppleIntelBDWGraphicsGLDriver.bundle/Contents/MacOS/AppleIntelBDWGraphicsGLDriver
0x0000000024c80000 	/System/Library/PrivateFrameworks/GPUSupport.framework/Versions/A/Libraries/libGPUSupportMercury.dylib
0x0000000112133000 	/System/Library/Frameworks/OpenGL.framework/Resources//GLRendererFloat.bundle/GLRendererFloat
0x0000000024c80000 	/System/Library/Frameworks/OpenCL.framework/Versions/A/Libraries/libcldcpuengine.dylib
0x0000000024c80000 	/usr/lib/libcrypto.0.9.8.dylib
0x0000000024c80000 	/System/Library/PrivateFrameworks/TrustEvaluationAgent.framework/Versions/A/TrustEvaluationAgent
0x0000000112167000 	/System/Library/Extensions/AppleIntelBDWGraphicsMTLDriver.bundle/Contents/MacOS/AppleIntelBDWGraphicsMTLDriver
0x0000000024c80000 	/System/Library/PrivateFrameworks/FamilyControls.framework/Versions/A/FamilyControls
0x0000000024c80000 	/System/Library/PrivateFrameworks/CommerceKit.framework/Versions/A/Frameworks/CommerceCore.framework/Versions/A/CommerceCore
0x0000000024c80000 	/System/Library/PrivateFrameworks/SystemAdministration.framework/Versions/A/SystemAdministration
0x0000000024c80000 	/System/Library/PrivateFrameworks/AppContainer.framework/Versions/A/AppContainer
0x0000000024c80000 	/System/Library/PrivateFrameworks/SecCodeWrapper.framework/Versions/A/SecCodeWrapper
0x0000000024c80000 	/System/Library/Frameworks/DirectoryService.framework/Versions/A/DirectoryService
0x0000000024c80000 	/System/Library/PrivateFrameworks/DiskImages.framework/Versions/A/DiskImages
0x0000000024c80000 	/System/Library/PrivateFrameworks/LoginUIKit.framework/Versions/A/Frameworks/LoginUICore.framework/Versions/A/LoginUICore
0x0000000024c80000 	/usr/lib/libCoreStorage.dylib
0x0000000024c80000 	/usr/lib/libcsfde.dylib
0x0000000024c80000 	/usr/lib/libodfde.dylib
0x0000000024c80000 	/System/Library/Frameworks/DiscRecording.framework/Versions/A/DiscRecording
0x0000000024c80000 	/usr/lib/libcurl.4.dylib
0x0000000024c80000 	/System/Library/PrivateFrameworks/MediaKit.framework/Versions/A/MediaKit
0x0000000024c80000 	/System/Library/PrivateFrameworks/ProtectedCloudStorage.framework/Versions/A/ProtectedCloudStorage
0x0000000024c80000 	/System/Library/PrivateFrameworks/EFILogin.framework/Versions/A/EFILogin
0x0000000024c80000 	/usr/lib/libutil.dylib
0x0000000024c80000 	/System/Library/Frameworks/LDAP.framework/Versions/A/LDAP
0x0000000024c80000 	/usr/lib/libsasl2.2.dylib
0x0000000024c80000 	/System/Library/PrivateFrameworks/CoreDaemon.framework/Versions/B/CoreDaemon
0x0000000024c80000 	/System/Library/PrivateFrameworks/AppleSRP.framework/Versions/A/AppleSRP
0x0000000024c80000 	/System/Library/PrivateFrameworks/APFS.framework/Versions/A/APFS
0x0000000024c80000 	/System/Library/PrivateFrameworks/ViewBridge.framework/Versions/A/ViewBridge
0x0000000024c80000 	/System/Library/PrivateFrameworks/XPCService.framework/Versions/A/XPCService
0x0000000024c80000 	/System/Library/PrivateFrameworks/AppSandbox.framework/Versions/A/AppSandbox
0x0000000024c80000 	/usr/lib/libsandbox.1.dylib
0x0000000024c80000 	/usr/lib/libMatch.1.dylib
0x0000000126605000 	/Library/Java/JavaVirtualMachines/jdk1.8.0_131.jdk/Contents/Home/jre/lib/libsplashscreen.dylib
0x000000012665e000 	/Library/Java/JavaVirtualMachines/jdk1.8.0_131.jdk/Contents/Home/jre/lib/libfontmanager.dylib
0x0000000112316000 	/Library/Java/JavaVirtualMachines/jdk1.8.0_131.jdk/Contents/Home/jre/lib/libosxui.dylib
0x000000012a91c000 	/Applications/NetBeans/Apache NetBeans 11.1.app/Contents/Resources/NetBeans/platform/modules/lib/libjnidispatch-440.jnilib
0x0000000129e13000 	/Library/Java/JavaVirtualMachines/jdk1.8.0_131.jdk/Contents/Home/jre/lib/libmanagement.dylib
0x0000000127527000 	/Library/Java/JavaVirtualMachines/jdk1.8.0_131.jdk/Contents/Home/jre/lib/libdcpr.dylib
0x00000001116b1000 	/Library/Java/JavaVirtualMachines/jdk1.8.0_131.jdk/Contents/Home/jre/lib/libjpeg.dylib
0x0000000024c80000 	/System/Library/PrivateFrameworks/CloudDocs.framework/Versions/A/CloudDocs
0x0000000024c80000 	/System/Library/Frameworks/CloudKit.framework/Versions/A/CloudKit
0x0000000024c80000 	/System/Library/PrivateFrameworks/MMCS.framework/Versions/A/MMCS
0x0000000024c80000 	/System/Library/Frameworks/CoreLocation.framework/Versions/A/CoreLocation
0x0000000024c80000 	/System/Library/PrivateFrameworks/AssetCacheServices.framework/Versions/A/AssetCacheServices
0x0000000024c80000 	/System/Library/PrivateFrameworks/GeoServices.framework/Versions/A/GeoServices

VM Arguments:
jvm_args: -Djdk.home=/Library/Java/JavaVirtualMachines/jdk1.8.0_131.jdk/Contents/Home -Dnetbeans.default_userdir_root=/Users/dthurston/Library/Application Support/NetBeans -Dnetbeans.dirs=/Applications/NetBeans/Apache NetBeans 11.1.app/Contents/Resources/NetBeans/nb:/Applications/NetBeans/Apache NetBeans 11.1.app/Contents/Resources/NetBeans/ergonomics:/Applications/NetBeans/Apache NetBeans 11.1.app/Contents/Resources/NetBeans/ide:/Applications/NetBeans/Apache NetBeans 11.1.app/Contents/Resources/NetBeans/extide:/Applications/NetBeans/Apache NetBeans 11.1.app/Contents/Resources/NetBeans/java:/Applications/NetBeans/Apache NetBeans 11.1.app/Contents/Resources/NetBeans/apisupport:/Applications/NetBeans/Apache NetBeans 11.1.app/Contents/Resources/NetBeans/webcommon:/Applications/NetBeans/Apache NetBeans 11.1.app/Contents/Resources/NetBeans/websvccommon:/Applications/NetBeans/Apache NetBeans 11.1.app/Contents/Resources/NetBeans/enterprise:/Applications/NetBeans/Apache NetBeans 11.1.app/Contents/Resources/NetBeans/mobility:/Applications/NetBeans/Apache NetBeans 11.1.app/Contents/Resources/NetBeans/profiler:/Applications/NetBeans/Apache NetBeans 11.1.app/Contents/Resources/NetBeans/python:/Applications/NetBeans/Apache NetBeans 11.1.app/Contents/Resources/NetBeans/php:/Applications/NetBeans/Apache NetBeans 11.1.app/Contents/Resources/NetBeans/identity:/Applications/NetBeans/Apache NetBeans 11.1.app/Contents/Resources/NetBeans/harness:/Applications/NetBeans/Apache NetBeans 11.1.app/Contents/Resources/NetBeans/cnd:/Applications/NetBeans/Apache NetBeans 11.1.app/Contents/Resources/NetBeans/cndext:/Applications/NetBeans/Apache NetBeans 11.1.app/Contents/Resources/NetBeans/dlight:/Applications/NetBeans/Apache NetBeans 11.1.app/Contents/Resources/NetBeans/groovy:/Applications/NetBeans/Apache NetBeans 11.1.app/Contents/Resources/NetBeans/extra:/Applications/NetBeans/Apache NetBeans 11.1.app/Contents/Resources/NetBeans/javacard:/Applications/NetBeans/Apache NetBeans 11.1.app/Contents/Resources/NetBeans/javafx: -Dnetbeans.home=/Applications/NetBeans/Apache NetBeans 11.1.app/Contents/Resources/NetBeans/platform -Dnetbeans.importclass=org.netbeans.upgrade.AutoUpgrade -XX:+UseStringDeduplication -Xss2m -Djdk.gtk.version=2.2 -Dapple.laf.useScreenMenuBar=true -Dapple.awt.graphics.UseQuartz=true -Dsun.java2d.noddraw=true -Dsun.java2d.dpiaware=true -Dsun.zip.disableMemoryMapping=true -Dplugin.manager.check.updates=false -Dnetbeans.extbrowser.manual_chrome_plugin_install=yes --add-opens=java.base/java.net=ALL-UNNAMED --add-opens=java.base/java.lang.ref=ALL-UNNAMED --add-opens=java.base/java.lang=ALL-UNNAMED --add-opens=java.base/java.security=ALL-UNNAMED --add-opens=java.base/java.util=ALL-UNNAMED --add-opens=java.desktop/javax.swing.plaf.basic=ALL-UNNAMED --add-opens=java.desktop/javax.swing.text=ALL-UNNAMED --add-opens=java.desktop/javax.swing=ALL-UNNAMED --add-opens=java.desktop/java.awt=ALL-UNNAMED --add-opens=java.desktop/java.awt.event=ALL-UNNAMED --add-opens=java.prefs/java.util.prefs=ALL-UNNAMED --add-opens=jdk.jshell/jdk.jshell=ALL-UNNAMED --add-modules=jdk.jshell --add-exports=java.desktop/sun.awt=ALL-UNNAMED --add-exports=java.desktop/java.awt.peer=ALL-UNNAMED --add-exports=java.desktop/com.sun.beans.editors=ALL-UNNAMED --add-exports=java.desktop/sun.swing=ALL-UNNAMED --add-exports=java.desktop/sun.awt.im=ALL-UNNAMED --add-exports=jdk.internal.jvmstat/sun.jvmstat.monitor=ALL-UNNAMED --add-exports=java.management/sun.management=ALL-UNNAMED --add-exports=java.base/sun.reflect.annotation=ALL-UNNAMED --add-exports=jdk.javadoc/com.sun.tools.javadoc.main=ALL-UNNAMED -XX:+IgnoreUnrecognizedVMOptions -XX:+HeapDumpOnOutOfMemoryError -XX:HeapDumpPath=/Users/dthurston/Library/Application Support/NetBeans/11.1/var/log/heapdump.hprof 
java_command: org.netbeans.Main --cachedir /Users/dthurston/Library/Caches/NetBeans/11.1 --userdir /Users/dthurston/Library/Application Support/NetBeans/11.1 --branding nb
java_class_path (initial): /Applications/NetBeans/Apache NetBeans 11.1.app/Contents/Resources/NetBeans/platform/lib/boot.jar:/Applications/NetBeans/Apache NetBeans 11.1.app/Contents/Resources/NetBeans/platform/lib/org-openide-modules.jar:/Applications/NetBeans/Apache NetBeans 11.1.app/Contents/Resources/NetBeans/platform/lib/org-openide-util-lookup.jar:/Applications/NetBeans/Apache NetBeans 11.1.app/Contents/Resources/NetBeans/platform/lib/org-openide-util-ui.jar:/Applications/NetBeans/Apache NetBeans 11.1.app/Contents/Resources/NetBeans/platform/lib/org-openide-util.jar:/Library/Java/JavaVirtualMachines/jdk1.8.0_131.jdk/Contents/Home/lib/dt.jar:/Library/Java/JavaVirtualMachines/jdk1.8.0_131.jdk/Contents/Home/lib/tools.jar
Launcher Type: SUN_STANDARD

Environment Variables:
PATH=/Library/Frameworks/Python.framework/Versions/3.6/bin:/Users/dthurston/.rbenv/shims:/Library/Frameworks/Python.framework/Versions/2.7/bin:/usr/local/bin:/usr/bin:/bin:/usr/sbin:/sbin:/Library/Frameworks/Mono.framework/Versions/Current/Commands:/Applications/Wireshark.app/Contents/MacOS:/Users/dthurston/Projects
SHELL=/bin/bash

Signal Handlers:
SIGSEGV: [libjvm.dylib+0x5b1eb1], sa_mask[0]=11111111011111110111111111111111, sa_flags=SA_ONSTACK|SA_RESTART|SA_SIGINFO
SIGBUS: [libjvm.dylib+0x5b1eb1], sa_mask[0]=11111111011111110111111111111111, sa_flags=SA_RESTART|SA_SIGINFO
SIGFPE: [libjvm.dylib+0x488988], sa_mask[0]=11111111011111110111111111111111, sa_flags=SA_RESTART|SA_SIGINFO
SIGPIPE: [libjvm.dylib+0x488988], sa_mask[0]=11111111011111110111111111111111, sa_flags=SA_RESTART|SA_SIGINFO
SIGXFSZ: [libjvm.dylib+0x488988], sa_mask[0]=11111111011111110111111111111111, sa_flags=SA_RESTART|SA_SIGINFO
SIGILL: [libjvm.dylib+0x488988], sa_mask[0]=11111111011111110111111111111111, sa_flags=SA_RESTART|SA_SIGINFO
SIGUSR1: SIG_DFL, sa_mask[0]=11011111011111100000000111000110, sa_flags=none
SIGUSR2: [libjvm.dylib+0x4884a6], sa_mask[0]=00000000000000000000000000000000, sa_flags=SA_RESTART|SA_SIGINFO
SIGHUP: [libjvm.dylib+0x486a7d], sa_mask[0]=11111111011111110111111111111111, sa_flags=SA_RESTART|SA_SIGINFO
SIGINT: SIG_IGN, sa_mask[0]=00000000000000000000000000000000, sa_flags=none
SIGTERM: [libjvm.dylib+0x486a7d], sa_mask[0]=11111111011111110111111111111111, sa_flags=SA_RESTART|SA_SIGINFO
SIGQUIT: [libjvm.dylib+0x486a7d], sa_mask[0]=11111111011111110111111111111111, sa_flags=SA_RESTART|SA_SIGINFO


---------------  S Y S T E M  ---------------

OS:Bsduname:Darwin 16.7.0 Darwin Kernel Version 16.7.0: Sun Jun  2 20:26:31 PDT 2019; root:xnu-3789.73.50~1/RELEASE_X86_64 x86_64
rlimit: STACK 8192k, CORE 0k, NPROC 709, NOFILE 10240, AS infinity
load average:2.32 4.01 3.88

CPU:total 4 (initial active 4) (2 cores per cpu, 2 threads per core) family 6 model 61 stepping 4, cmov, cx8, fxsr, mmx, sse, sse2, sse3, ssse3, sse4.1, sse4.2, popcnt, avx, avx2, aes, clmul, erms, rtm, 3dnowpref, lzcnt, ht, tsc, tscinvbit, bmi1, bmi2, adx

Memory: 4k page, physical 8388608k(46092k free)

/proc/meminfo:


vm_info: Java HotSpot(TM) 64-Bit Server VM (25.131-b11) for bsd-amd64 JRE (1.8.0_131-b11), built on Mar 15 2017 01:32:22 by "java_re" with gcc 4.2.1 (Based on Apple Inc. build 5658) (LLVM build 2336.11.00)

time: Thu Apr 23 13:00:57 2020
elapsed time: 66608 seconds (0d 18h 30m 8s)

