#
# A fatal error has been detected by the Java Runtime Environment:
#
#  SIGSEGV (0xb) at pc=0x00000001131023bf, pid=31741, tid=0x000000000000de07
#
# JRE version: Java(TM) SE Runtime Environment (8.0_131-b11) (build 1.8.0_131-b11)
# Java VM: Java HotSpot(TM) 64-Bit Server VM (25.131-b11 mixed mode bsd-amd64 compressed oops)
# Problematic frame:
# C  [libawt_lwawt.dylib+0x1c3bf]  OGLSD_SetScratchSurface+0x49
#
# Failed to write core dump. Core dumps have been disabled. To enable core dumping, try "ulimit -c unlimited" before starting Java again
#
# If you would like to submit a bug report, please visit:
#   http://bugreport.java.com/bugreport/crash.jsp
# The crash happened outside the Java Virtual Machine in native code.
# See problematic frame for where to report the bug.
#

---------------  T H R E A D  ---------------

Current thread (0x00007fe519a1d000):  JavaThread "Java2D Queue Flusher" daemon [_thread_in_native, id=56839, stack(0x0000700004f88000,0x0000700005188000)]

siginfo: si_signo: 11 (SIGSEGV), si_code: 1 (SEGV_MAPERR), si_addr: 0x0000000000000002

Registers:
RAX=0x0000000113122d0e, RBX=0x0000000000000002, RCX=0x0000000000000047, RDX=0x0000000113123258
RSP=0x0000700005187810, RBP=0x0000700005187830, RSI=0x00007fe52243bec0, RDI=0x00007fe519a1d1f8
R8 =0x0000000000000020, R9 =0x0000000000000000, R10=0x0000000114f011f8, R11=0x00000000e828862d
R12=0x0000000000000000, R13=0x00000007414431d8, R14=0x00007fe519a1d1f8, R15=0x00007fe519a1d000
RIP=0x00000001131023bf, EFLAGS=0x0000000000010202, ERR=0x0000000000000004
  TRAPNO=0x000000000000000e

Top of Stack: (sp=0x0000700005187810)
0x0000700005187810:   00007fe52243bec0 0000000000000000
0x0000700005187820:   00007fe5191fb410 00007fe519a1d000
0x0000700005187830:   00007000051878b0 0000000113122d36
0x0000700005187840:   0000000000000064 00007fe517f05cb8
0x0000700005187850:   00007000051878b0 0000000109f50094
0x0000700005187860:   0000000000000005 00007fe519a1d000
0x0000700005187870:   0000000741443101 00007fe5191fb420
0x0000700005187880:   0000700000187800 00007fe519a1d1f8
0x0000700005187890:   0000000000000000 0000000000000000
0x00007000051878a0:   0000700005187908 00007fe519a1d000
0x00007000051878b0:   0000700005187900 0000000114f0126a
0x00007000051878c0:   0000000741443150 0000700005187908
0x00007000051878d0:   000000015efa3ca0 0000000000000000
0x00007000051878e0:   000000015efa3c30 0000000000000000
0x00007000051878f0:   0000700005187910 0000000000000000
0x0000700005187900:   00000000e828862a 0000000115fce050
0x0000700005187910:   0000000741443150 00000007414431d8
0x0000700005187920:   0000000000000000 0000000000000000
0x0000700005187930:   00000007414431d8 00007000051879d0
0x0000700005187940:   0000000000000001 0000000000000000
0x0000700005187950:   00007000051879d0 0000000113b357a7
0x0000700005187960:   00000007414431d8 00000007414431d8
0x0000700005187970:   0000700000001fa0 000000000000000a
0x0000700005187980:   00007fe519a1d000 0000000000000001
0x0000700005187990:   0000000113b3571f 00000001101b8778
0x00007000051879a0:   0000700005187a68 0000700005187d00
0x00007000051879b0:   000000010000000a 00000001101b8778
0x00007000051879c0:   0000000113b48120 0000700005187c70
0x00007000051879d0:   0000700005187b80 0000000109eee5b6
0x00007000051879e0:   0000700000000001 00007fe519a1d000
0x00007000051879f0:   00007fe519a1d000 0000700005187d00
0x0000700005187a00:   00007fe517f05cb0 0000000113b48120 

Instructions: (pc=0x00000001131023bf)
0x000000011310239f:   c0 e9 82 00 00 00 48 8b 5e 10 48 85 db 75 0e bf
0x00000001131023af:   01 00 00 00 48 8d 15 07 7c 03 00 eb d6 49 89 fe
0x00000001131023bf:   4c 8b 3b 30 c0 e8 c1 a6 02 00 49 8b 3f 49 89 c4
0x00000001131023cf:   48 8b 35 4a 03 06 00 30 c0 e8 0f a8 02 00 48 85 

Register to memory mapping:

RAX=0x0000000113122d0e: Java_sun_java2d_opengl_OGLRenderQueue_flushBuffer+0x612 in /Library/Java/JavaVirtualMachines/jdk1.8.0_131.jdk/Contents/Home/jre/lib/libawt_lwawt.dylib at 0x00000001130e6000
RBX=0x0000000000000002 is an unknown value
RCX=0x0000000000000047 is an unknown value
RDX=0x0000000113123258: Java_sun_java2d_opengl_OGLRenderQueue_flushBuffer+0xb5c in /Library/Java/JavaVirtualMachines/jdk1.8.0_131.jdk/Contents/Home/jre/lib/libawt_lwawt.dylib at 0x00000001130e6000
RSP=0x0000700005187810 is pointing into the stack for thread: 0x00007fe519a1d000
RBP=0x0000700005187830 is pointing into the stack for thread: 0x00007fe519a1d000
RSI=0x00007fe52243bec0 is an unknown value
RDI=0x00007fe519a1d1f8 is an unknown value
R8 =0x0000000000000020 is an unknown value
R9 =0x0000000000000000 is an unknown value
R10=0x0000000114f011f8 is at entry_point+56 in (nmethod*)0x0000000114f01050
R11=0x00000000e828862d is an unknown value
R12=0x0000000000000000 is an unknown value
R13=0x00000007414431d8 is an oop
sun.java2d.opengl.OGLRenderQueue$QueueFlusher 
 - klass: 'sun/java2d/opengl/OGLRenderQueue$QueueFlusher'
R14=0x00007fe519a1d1f8 is an unknown value
R15=0x00007fe519a1d000 is a thread


Stack: [0x0000700004f88000,0x0000700005188000],  sp=0x0000700005187810,  free space=2046k
Native frames: (J=compiled Java code, j=interpreted, Vv=VM code, C=native code)
C  [libawt_lwawt.dylib+0x1c3bf]  OGLSD_SetScratchSurface+0x49
C  [libawt_lwawt.dylib+0x3cd36]  Java_sun_java2d_opengl_OGLRenderQueue_flushBuffer+0x63a
J 8961  sun.java2d.opengl.OGLRenderQueue.flushBuffer(JI)V (0 bytes) @ 0x0000000114f0126a [0x0000000114f011c0+0xaa]
J 15938% C2 sun.java2d.opengl.OGLRenderQueue$QueueFlusher.run()V (234 bytes) @ 0x0000000115fce050 [0x0000000115fcdd80+0x2d0]
v  ~StubRoutines::call_stub
V  [libjvm.dylib+0x2ee5b6]
V  [libjvm.dylib+0x2eed5a]
V  [libjvm.dylib+0x2eef06]
V  [libjvm.dylib+0x34965d]
V  [libjvm.dylib+0x56b87f]
V  [libjvm.dylib+0x56cf6c]
V  [libjvm.dylib+0x48b376]
C  [libsystem_pthread.dylib+0x393b]  _pthread_body+0xb4
C  [libsystem_pthread.dylib+0x3887]  _pthread_body+0x0
C  [libsystem_pthread.dylib+0x308d]  thread_start+0xd
C  0x0000000000000000

Java frames: (J=compiled Java code, j=interpreted, Vv=VM code)
J 8961  sun.java2d.opengl.OGLRenderQueue.flushBuffer(JI)V (0 bytes) @ 0x0000000114f011f8 [0x0000000114f011c0+0x38]
J 15938% C2 sun.java2d.opengl.OGLRenderQueue$QueueFlusher.run()V (234 bytes) @ 0x0000000115fce050 [0x0000000115fcdd80+0x2d0]
v  ~StubRoutines::call_stub

---------------  P R O C E S S  ---------------

Java Threads: ( => current thread )
  0x00007fe51ee27800 JavaThread "Inactive RequestProcessor thread [Was:Data System Nodes/org.openide.loaders.DataNode$NamesUpdater]" daemon [_thread_blocked, id=81947, stack(0x0000700007441000,0x0000700007641000)]
  0x00007fe520c8d000 JavaThread "Inactive RequestProcessor thread [Was:Versioning parallel tasks/org.netbeans.modules.versioning.core.api.VCSFileProxy$2]" daemon [_thread_blocked, id=85759, stack(0x0000700006429000,0x0000700006629000)]
  0x00007fe520f5b800 JavaThread "Inactive RequestProcessor thread [Was:VersioningAnnotator.annotationRefresh/org.netbeans.modules.versioning.core.VersioningAnnotationProvider$Cache$AnnotationRefreshTask]" daemon [_thread_blocked, id=83903, stack(0x0000700006226000,0x0000700006426000)]
  0x00007fe523bbd000 JavaThread "Inactive RequestProcessor thread [Was:org.netbeans.modules.project.ui.actions.ActiveConfigAction/org.netbeans.modules.project.ui.actions.ActiveConfigAction$14]" daemon [_thread_blocked, id=85047, stack(0x0000700005e20000,0x0000700006020000)]
  0x00007fe521301800 JavaThread "Inactive RequestProcessor thread [Was:org.remikz.netbeans.AutoSaveModified.AutoSaveModified/org.remikz.netbeans.AutoSaveModified.AutoSaveModified]" daemon [_thread_blocked, id=69071, stack(0x0000700005a1a000,0x0000700005c1a000)]
  0x00007fe522fe8000 JavaThread "Inactive RequestProcessor thread [Was:org.netbeans.spi.java.project.support.ui.PackageRootNode/org.netbeans.spi.java.project.support.ui.PackageRootNode]" daemon [_thread_blocked, id=88219, stack(0x0000700004a02000,0x0000700004c02000)]
  0x00007fe51ed06000 JavaThread "Inactive RequestProcessor thread [Was:Favorites Nodes/org.netbeans.modules.favorites.FavoritesNode$ProjectFilterNode]" daemon [_thread_blocked, id=84703, stack(0x0000700006023000,0x0000700006223000)]
  0x00007fe521486000 JavaThread "DestroyJavaVM" [_thread_blocked, id=6915, stack(0x0000700002ec3000,0x00007000030c3000)]
  0x00007fe52126c800 JavaThread "TimerQueue" daemon [_thread_blocked, id=80135, stack(0x000070000723e000,0x000070000743e000)]
  0x00007fe52132b000 JavaThread "Worker-JM" [_thread_blocked, id=76995, stack(0x000070000703b000,0x000070000723b000)]
  0x00007fe5202fa000 JavaThread "Framework Event Dispatcher" daemon [_thread_blocked, id=76395, stack(0x0000700006e38000,0x0000700007038000)]
  0x00007fe5201e1800 JavaThread "Deadlock Detector" [_thread_blocked, id=75855, stack(0x0000700006c35000,0x0000700006e35000)]
  0x00007fe520abc800 JavaThread "Thread-3" daemon [_thread_blocked, id=75351, stack(0x0000700006a32000,0x0000700006c32000)]
  0x00007fe52085b800 JavaThread "File Watcher" daemon [_thread_blocked, id=74771, stack(0x000070000682f000,0x0000700006a2f000)]
  0x00007fe518918000 JavaThread "Thread-1" daemon [_thread_in_native, id=72867, stack(0x000070000662c000,0x000070000682c000)]
  0x00007fe518ff7000 JavaThread "Editor Parsing Loop (netbeans-release-428-on-20190716)" daemon [_thread_blocked, id=69123, stack(0x0000700005c1d000,0x0000700005e1d000)]
  0x00007fe518719000 JavaThread "State Data Manager" daemon [_thread_blocked, id=68175, stack(0x0000700005817000,0x0000700005a17000)]
  0x00007fe51ee3a000 JavaThread "Framework Active Thread" [_thread_blocked, id=67655, stack(0x0000700005614000,0x0000700005814000)]
  0x00007fe518b8b800 JavaThread "AWT-EventQueue-0" [_thread_blocked, id=62991, stack(0x000070000538e000,0x000070000558e000)]
  0x00007fe5191dc000 JavaThread "Java2D Disposer" daemon [_thread_blocked, id=63239, stack(0x000070000518b000,0x000070000538b000)]
=>0x00007fe519a1d000 JavaThread "Java2D Queue Flusher" daemon [_thread_in_native, id=56839, stack(0x0000700004f88000,0x0000700005188000)]
  0x00007fe518abf000 JavaThread "RequestProcessor queue manager" daemon [_thread_blocked, id=55299, stack(0x0000700004d85000,0x0000700004f85000)]
  0x00007fe519166000 JavaThread "AWT-Shutdown" [_thread_blocked, id=30495, stack(0x00007000046f9000,0x00007000048f9000)]
  0x00007fe518a25000 JavaThread "AppKit Thread" daemon [_thread_in_native, id=775, stack(0x00007fff560c3000,0x00007fff568c3000)]
  0x00007fe51897d800 JavaThread "CLI Requests Server" daemon [_thread_in_native, id=20227, stack(0x0000700004473000,0x0000700004673000)]
  0x00007fe5188e4800 JavaThread "Active Reference Queue Daemon" daemon [_thread_blocked, id=19715, stack(0x0000700004270000,0x0000700004470000)]
  0x00007fe51906b000 JavaThread "Service Thread" daemon [_thread_blocked, id=18691, stack(0x0000700003f6a000,0x000070000416a000)]
  0x00007fe519803800 JavaThread "C1 CompilerThread2" daemon [_thread_blocked, id=18179, stack(0x0000700003e67000,0x0000700003f67000)]
  0x00007fe519047000 JavaThread "C2 CompilerThread1" daemon [_thread_blocked, id=17667, stack(0x0000700003d64000,0x0000700003e64000)]
  0x00007fe518878000 JavaThread "C2 CompilerThread0" daemon [_thread_blocked, id=17155, stack(0x0000700003c61000,0x0000700003d61000)]
  0x00007fe518877800 JavaThread "Signal Dispatcher" daemon [_thread_blocked, id=16643, stack(0x0000700003a5e000,0x0000700003c5e000)]
  0x00007fe518847000 JavaThread "Finalizer" daemon [_thread_blocked, id=12291, stack(0x00007000037d8000,0x00007000039d8000)]
  0x00007fe518840800 JavaThread "Reference Handler" daemon [_thread_blocked, id=11779, stack(0x00007000035d5000,0x00007000037d5000)]

Other Threads:
  0x00007fe519026800 VMThread [stack: 0x00007000034d2000,0x00007000035d2000] [id=11267]
  0x00007fe51903a800 WatcherThread [stack: 0x000070000416d000,0x000070000426d000] [id=19203]

VM state:not at safepoint (normal execution)

VM Mutex/Monitor currently owned by a thread: None

Heap:
 PSYoungGen      total 360960K, used 20616K [0x0000000795580000, 0x00000007aec00000, 0x00000007c0000000)
  eden space 347648K, 2% used [0x0000000795580000,0x0000000795cbe7c8,0x00000007aa900000)
  from space 13312K, 99% used [0x00000007ab580000,0x00000007ac263958,0x00000007ac280000)
  to   space 34304K, 0% used [0x00000007aca80000,0x00000007aca80000,0x00000007aec00000)
 ParOldGen       total 259072K, used 94708K [0x0000000740000000, 0x000000074fd00000, 0x0000000795580000)
  object space 259072K, 36% used [0x0000000740000000,0x0000000745c7d150,0x000000074fd00000)
 Metaspace       used 91487K, capacity 104962K, committed 105128K, reserved 1138688K
  class space    used 11254K, capacity 14950K, committed 15024K, reserved 1048576K

Card table byte_map: [0x000000010af74000,0x000000010b375000] byte_map_base: 0x0000000107574000

Marking Bits: (ParMarkBitMap*) 0x000000010a4f1ea0
 Begin Bits: [0x000000010b620000, 0x000000010d620000)
 End Bits:   [0x000000010d620000, 0x000000010f620000)

Polling page: 0x00000001093fd000

CodeCache: size=245760Kb used=43505Kb max_used=43530Kb free=202254Kb
 bounds [0x0000000113b35000, 0x0000000116625000, 0x0000000122b35000]
 total_blobs=13819 nmethods=12945 adapters=784
 compilation: enabled

Compilation events (10 events):
Event: 30766.284 Thread 0x00007fe518878000 18546       4       sun.java2d.pipe.PixelToParallelogramConverter::fillRectangle (236 bytes)
Event: 30766.286 Thread 0x00007fe518878000 nmethod 18546 0x0000000115937d10 code [0x0000000115937e60, 0x0000000115937fd8]
Event: 30766.286 Thread 0x00007fe519803800 18547       3       apple.laf.JRSUIConstants$BooleanValue::apply (6 bytes)
Event: 30766.287 Thread 0x00007fe519803800 nmethod 18547 0x00000001162f8010 code [0x00000001162f8180, 0x00000001162f8350]
Event: 30767.255 Thread 0x00007fe519047000 18548       4       javax.swing.plaf.basic.BasicTreeUI::getPathBounds (30 bytes)
Event: 30767.263 Thread 0x00007fe519803800 18550       3       org.netbeans.modules.masterfs.filebasedfs.fileobjects.FileObj::noFolderListeners (18 bytes)
Event: 30767.264 Thread 0x00007fe519803800 nmethod 18550 0x000000011650cb10 code [0x000000011650cd00, 0x000000011650d618]
Event: 30767.265 Thread 0x00007fe518878000 18549       4       java.io.FileInputStream::finalize (22 bytes)
Event: 30767.269 Thread 0x00007fe519047000 nmethod 18548 0x0000000116543490 code [0x0000000116543640, 0x0000000116543ab8]
Event: 30767.288 Thread 0x00007fe518878000 nmethod 18549 0x00000001162fd750 code [0x00000001162fd900, 0x00000001162fe110]

GC Heap History (10 events):
Event: 10767.213 GC heap before
{Heap before GC invocations=27 (full 4):
 PSYoungGen      total 452096K, used 431145K [0x0000000795580000, 0x00000007b4380000, 0x00000007c0000000)
  eden space 417792K, 100% used [0x0000000795580000,0x00000007aed80000,0x00000007aed80000)
  from space 34304K, 38% used [0x00000007b2200000,0x00000007b2f0a498,0x00000007b4380000)
  to   space 44032K, 0% used [0x00000007aed80000,0x00000007aed80000,0x00000007b1880000)
 ParOldGen       total 259072K, used 94668K [0x0000000740000000, 0x000000074fd00000, 0x0000000795580000)
  object space 259072K, 36% used [0x0000000740000000,0x0000000745c73150,0x000000074fd00000)
 Metaspace       used 90361K, capacity 103940K, committed 103976K, reserved 1138688K
  class space    used 11203K, capacity 14892K, committed 14896K, reserved 1048576K
Event: 10767.512 GC heap after
Heap after GC invocations=27 (full 4):
 PSYoungGen      total 417280K, used 14411K [0x0000000795580000, 0x00000007b3080000, 0x00000007c0000000)
  eden space 402432K, 0% used [0x0000000795580000,0x0000000795580000,0x00000007ade80000)
  from space 14848K, 97% used [0x00000007aed80000,0x00000007afb92c48,0x00000007afc00000)
  to   space 41984K, 0% used [0x00000007b0780000,0x00000007b0780000,0x00000007b3080000)
 ParOldGen       total 259072K, used 94676K [0x0000000740000000, 0x000000074fd00000, 0x0000000795580000)
  object space 259072K, 36% used [0x0000000740000000,0x0000000745c75150,0x000000074fd00000)
 Metaspace       used 90361K, capacity 103940K, committed 103976K, reserved 1138688K
  class space    used 11203K, capacity 14892K, committed 14896K, reserved 1048576K
}
Event: 10819.510 GC heap before
{Heap before GC invocations=28 (full 4):
 PSYoungGen      total 417280K, used 416843K [0x0000000795580000, 0x00000007b3080000, 0x00000007c0000000)
  eden space 402432K, 100% used [0x0000000795580000,0x00000007ade80000,0x00000007ade80000)
  from space 14848K, 97% used [0x00000007aed80000,0x00000007afb92c48,0x00000007afc00000)
  to   space 41984K, 0% used [0x00000007b0780000,0x00000007b0780000,0x00000007b3080000)
 ParOldGen       total 259072K, used 94676K [0x0000000740000000, 0x000000074fd00000, 0x0000000795580000)
  object space 259072K, 36% used [0x0000000740000000,0x0000000745c75150,0x000000074fd00000)
 Metaspace       used 90944K, capacity 104444K, committed 104616K, reserved 1138688K
  class space    used 11231K, capacity 14908K, committed 15024K, reserved 1048576K
Event: 10819.584 GC heap after
Heap after GC invocations=28 (full 4):
 PSYoungGen      total 409600K, used 16261K [0x0000000795580000, 0x00000007b1d00000, 0x00000007c0000000)
  eden space 387584K, 0% used [0x0000000795580000,0x0000000795580000,0x00000007ad000000)
  from space 22016K, 73% used [0x00000007b0780000,0x00000007b1761790,0x00000007b1d00000)
  to   space 39424K, 0% used [0x00000007ad000000,0x00000007ad000000,0x00000007af680000)
 ParOldGen       total 259072K, used 94684K [0x0000000740000000, 0x000000074fd00000, 0x0000000795580000)
  object space 259072K, 36% used [0x0000000740000000,0x0000000745c77150,0x000000074fd00000)
 Metaspace       used 90944K, capacity 104444K, committed 104616K, reserved 1138688K
  class space    used 11231K, capacity 14908K, committed 15024K, reserved 1048576K
}
Event: 12060.409 GC heap before
{Heap before GC invocations=29 (full 4):
 PSYoungGen      total 409600K, used 403845K [0x0000000795580000, 0x00000007b1d00000, 0x00000007c0000000)
  eden space 387584K, 100% used [0x0000000795580000,0x00000007ad000000,0x00000007ad000000)
  from space 22016K, 73% used [0x00000007b0780000,0x00000007b1761790,0x00000007b1d00000)
  to   space 39424K, 0% used [0x00000007ad000000,0x00000007ad000000,0x00000007af680000)
 ParOldGen       total 259072K, used 94684K [0x0000000740000000, 0x000000074fd00000, 0x0000000795580000)
  object space 259072K, 36% used [0x0000000740000000,0x0000000745c77150,0x000000074fd00000)
 Metaspace       used 91120K, capacity 104582K, committed 104872K, reserved 1138688K
  class space    used 11233K, capacity 14909K, committed 15024K, reserved 1048576K
Event: 12060.674 GC heap after
Heap after GC invocations=29 (full 4):
 PSYoungGen      total 391680K, used 17522K [0x0000000795580000, 0x00000007b0b80000, 0x00000007c0000000)
  eden space 373760K, 0% used [0x0000000795580000,0x0000000795580000,0x00000007ac280000)
  from space 17920K, 97% used [0x00000007ad000000,0x00000007ae11ca10,0x00000007ae180000)
  to   space 37376K, 0% used [0x00000007ae700000,0x00000007ae700000,0x00000007b0b80000)
 ParOldGen       total 259072K, used 94692K [0x0000000740000000, 0x000000074fd00000, 0x0000000795580000)
  object space 259072K, 36% used [0x0000000740000000,0x0000000745c79150,0x000000074fd00000)
 Metaspace       used 91120K, capacity 104582K, committed 104872K, reserved 1138688K
  class space    used 11233K, capacity 14909K, committed 15024K, reserved 1048576K
}
Event: 20598.397 GC heap before
{Heap before GC invocations=30 (full 4):
 PSYoungGen      total 391680K, used 391282K [0x0000000795580000, 0x00000007b0b80000, 0x00000007c0000000)
  eden space 373760K, 100% used [0x0000000795580000,0x00000007ac280000,0x00000007ac280000)
  from space 17920K, 97% used [0x00000007ad000000,0x00000007ae11ca10,0x00000007ae180000)
  to   space 37376K, 0% used [0x00000007ae700000,0x00000007ae700000,0x00000007b0b80000)
 ParOldGen       total 259072K, used 94692K [0x0000000740000000, 0x000000074fd00000, 0x0000000795580000)
  object space 259072K, 36% used [0x0000000740000000,0x0000000745c79150,0x000000074fd00000)
 Metaspace       used 91394K, capacity 104834K, committed 105128K, reserved 1138688K
  class space    used 11254K, capacity 14950K, committed 15024K, reserved 1048576K
Event: 20599.324 GC heap after
Heap after GC invocations=30 (full 4):
 PSYoungGen      total 380416K, used 16542K [0x0000000795580000, 0x00000007afa80000, 0x00000007c0000000)
  eden space 360448K, 0% used [0x0000000795580000,0x0000000795580000,0x00000007ab580000)
  from space 19968K, 82% used [0x00000007ae700000,0x00000007af727b28,0x00000007afa80000)
  to   space 35328K, 0% used [0x00000007ab580000,0x00000007ab580000,0x00000007ad800000)
 ParOldGen       total 259072K, used 94700K [0x0000000740000000, 0x000000074fd00000, 0x0000000795580000)
  object space 259072K, 36% used [0x0000000740000000,0x0000000745c7b150,0x000000074fd00000)
 Metaspace       used 91394K, capacity 104834K, committed 105128K, reserved 1138688K
  class space    used 11254K, capacity 14950K, committed 15024K, reserved 1048576K
}
Event: 30766.869 GC heap before
{Heap before GC invocations=31 (full 4):
 PSYoungGen      total 380416K, used 376990K [0x0000000795580000, 0x00000007afa80000, 0x00000007c0000000)
  eden space 360448K, 100% used [0x0000000795580000,0x00000007ab580000,0x00000007ab580000)
  from space 19968K, 82% used [0x00000007ae700000,0x00000007af727b28,0x00000007afa80000)
  to   space 35328K, 0% used [0x00000007ab580000,0x00000007ab580000,0x00000007ad800000)
 ParOldGen       total 259072K, used 94700K [0x0000000740000000, 0x000000074fd00000, 0x0000000795580000)
  object space 259072K, 36% used [0x0000000740000000,0x0000000745c7b150,0x000000074fd00000)
 Metaspace       used 91487K, capacity 104962K, committed 105128K, reserved 1138688K
  class space    used 11254K, capacity 14950K, committed 15024K, reserved 1048576K
Event: 30767.254 GC heap after
Heap after GC invocations=31 (full 4):
 PSYoungGen      total 360960K, used 13198K [0x0000000795580000, 0x00000007aec00000, 0x00000007c0000000)
  eden space 347648K, 0% used [0x0000000795580000,0x0000000795580000,0x00000007aa900000)
  from space 13312K, 99% used [0x00000007ab580000,0x00000007ac263958,0x00000007ac280000)
  to   space 34304K, 0% used [0x00000007aca80000,0x00000007aca80000,0x00000007aec00000)
 ParOldGen       total 259072K, used 94708K [0x0000000740000000, 0x000000074fd00000, 0x0000000795580000)
  object space 259072K, 36% used [0x0000000740000000,0x0000000745c7d150,0x000000074fd00000)
 Metaspace       used 91487K, capacity 104962K, committed 105128K, reserved 1138688K
  class space    used 11254K, capacity 14950K, committed 15024K, reserved 1048576K
}

Deoptimization events (10 events):
Event: 12063.208 Thread 0x00007fe520976000 Uncommon trap: reason=bimorphic action=maybe_recompile pc=0x000000011428a02c method=java.nio.charset.CharsetEncoder.onMalformedInput(Ljava/nio/charset/CodingErrorAction;)Ljava/nio/charset/CharsetEncoder; @ 21
Event: 12063.208 Thread 0x00007fe520976000 Uncommon trap: reason=bimorphic action=maybe_recompile pc=0x000000011549266c method=java.nio.charset.CharsetEncoder.onUnmappableCharacter(Ljava/nio/charset/CodingErrorAction;)Ljava/nio/charset/CharsetEncoder; @ 21
Event: 23311.020 Thread 0x00007fe518b8b800 Uncommon trap: reason=unstable_if action=reinterpret pc=0x0000000116260ae8 method=javax.swing.RepaintManager.addDirtyRegion0(Ljava/awt/Container;IIII)V @ 108
Event: 27342.628 Thread 0x00007fe518b8b800 Uncommon trap: reason=unstable_if action=reinterpret pc=0x00000001156c13f8 method=java.text.DigitList.round(IZZ)V @ 90
Event: 30756.731 Thread 0x00007fe518b8b800 Uncommon trap: reason=unstable_if action=reinterpret pc=0x00000001142d4af8 method=java.awt.Component.eventTypeEnabled(I)Z @ 301
Event: 30762.868 Thread 0x00007fe518b8b800 Uncommon trap: reason=array_check action=maybe_recompile pc=0x000000011652ae98 method=javax.swing.ArrayTable.getKeys([Ljava/lang/Object;)[Ljava/lang/Object; @ 58
Event: 30762.869 Thread 0x00007fe518b8b800 Uncommon trap: reason=array_check action=maybe_recompile pc=0x000000011652ae98 method=javax.swing.ArrayTable.getKeys([Ljava/lang/Object;)[Ljava/lang/Object; @ 58
Event: 30763.078 Thread 0x00007fe518b8b800 Uncommon trap: reason=unstable_if action=reinterpret pc=0x00000001147f6cb8 method=org.openide.explorer.view.VisualizerChildren.getVisNodes(Z)Ljava/util/List; @ 1
Event: 30763.087 Thread 0x00007fe51ed06000 Uncommon trap: reason=speculate_class_check action=maybe_recompile pc=0x0000000115fd9018 method=org.openide.util.RequestProcessor.askForWork(Lorg/openide/util/RequestProcessor$Processor;Ljava/lang/String;[Lorg/openide/util/Lookup;)Lorg/openide/util/Reques
Event: 30763.103 Thread 0x00007fe520f5b800 Uncommon trap: reason=speculate_class_check action=maybe_recompile pc=0x0000000115fd9018 method=org.openide.util.RequestProcessor.askForWork(Lorg/openide/util/RequestProcessor$Processor;Ljava/lang/String;[Lorg/openide/util/Lookup;)Lorg/openide/util/Reques

Internal exceptions (10 events):
Event: 30763.209 Thread 0x00007fe51ee27800 Exception <a 'sun/nio/fs/UnixException'> (0x00000007aaf073a0) thrown at [/Users/java_re/workspace/8-2-build-macosx-x86_64/jdk8u131/8869/hotspot/src/share/vm/prims/jni.cpp, line 709]
Event: 30763.209 Thread 0x00007fe51ee27800 Exception <a 'sun/nio/fs/UnixException'> (0x00000007aaf07bd8) thrown at [/Users/java_re/workspace/8-2-build-macosx-x86_64/jdk8u131/8869/hotspot/src/share/vm/prims/jni.cpp, line 709]
Event: 30763.222 Thread 0x00007fe51ee27800 Exception <a 'sun/nio/fs/UnixException'> (0x00000007aaf4dec0) thrown at [/Users/java_re/workspace/8-2-build-macosx-x86_64/jdk8u131/8869/hotspot/src/share/vm/prims/jni.cpp, line 709]
Event: 30763.222 Thread 0x00007fe51ee27800 Exception <a 'sun/nio/fs/UnixException'> (0x00000007aaf4e660) thrown at [/Users/java_re/workspace/8-2-build-macosx-x86_64/jdk8u131/8869/hotspot/src/share/vm/prims/jni.cpp, line 709]
Event: 30763.223 Thread 0x00007fe51ee27800 Exception <a 'sun/nio/fs/UnixException'> (0x00000007aaf4ee00) thrown at [/Users/java_re/workspace/8-2-build-macosx-x86_64/jdk8u131/8869/hotspot/src/share/vm/prims/jni.cpp, line 709]
Event: 30763.223 Thread 0x00007fe51ee27800 Exception <a 'sun/nio/fs/UnixException'> (0x00000007aaf4f630) thrown at [/Users/java_re/workspace/8-2-build-macosx-x86_64/jdk8u131/8869/hotspot/src/share/vm/prims/jni.cpp, line 709]
Event: 30763.223 Thread 0x00007fe51ee27800 Exception <a 'sun/nio/fs/UnixException'> (0x00000007aaf4ff30) thrown at [/Users/java_re/workspace/8-2-build-macosx-x86_64/jdk8u131/8869/hotspot/src/share/vm/prims/jni.cpp, line 709]
Event: 30763.223 Thread 0x00007fe51ee27800 Exception <a 'sun/nio/fs/UnixException'> (0x00000007aaf50780) thrown at [/Users/java_re/workspace/8-2-build-macosx-x86_64/jdk8u131/8869/hotspot/src/share/vm/prims/jni.cpp, line 709]
Event: 30763.223 Thread 0x00007fe51ee27800 Exception <a 'sun/nio/fs/UnixException'> (0x00000007aaf510e0) thrown at [/Users/java_re/workspace/8-2-build-macosx-x86_64/jdk8u131/8869/hotspot/src/share/vm/prims/jni.cpp, line 709]
Event: 30763.223 Thread 0x00007fe51ee27800 Exception <a 'sun/nio/fs/UnixException'> (0x00000007aaf51978) thrown at [/Users/java_re/workspace/8-2-build-macosx-x86_64/jdk8u131/8869/hotspot/src/share/vm/prims/jni.cpp, line 709]

Events (10 events):
Event: 30767.261 Executing VM operation: RevokeBias
Event: 30767.261 Executing VM operation: RevokeBias done
Event: 30767.266 Thread 0x00007fe519803800 flushing nmethod 0x00000001147e4d90
Event: 30767.276 Executing VM operation: RevokeBias
Event: 30767.276 Executing VM operation: RevokeBias done
Event: 30767.277 Executing VM operation: RevokeBias
Event: 30767.277 Executing VM operation: RevokeBias done
Event: 30767.277 Executing VM operation: RevokeBias
Event: 30767.277 Executing VM operation: RevokeBias done
Event: 30767.289 Thread 0x00007fe518878000 flushing nmethod 0x0000000114ace410


Dynamic libraries:
0x0000000024c80000 	/System/Library/Frameworks/Cocoa.framework/Versions/A/Cocoa
0x0000000024c80000 	/System/Library/Frameworks/Security.framework/Versions/A/Security
0x0000000024c80000 	/System/Library/Frameworks/ApplicationServices.framework/Versions/A/ApplicationServices
0x0000000024c80000 	/usr/lib/libz.1.dylib
0x0000000024c80000 	/usr/lib/libSystem.B.dylib
0x0000000024c80000 	/usr/lib/libobjc.A.dylib
0x0000000024c80000 	/System/Library/Frameworks/CoreFoundation.framework/Versions/A/CoreFoundation
0x0000000024c80000 	/System/Library/Frameworks/Foundation.framework/Versions/C/Foundation
0x0000000024c80000 	/System/Library/Frameworks/AppKit.framework/Versions/C/AppKit
0x0000000024c80000 	/System/Library/Frameworks/CoreData.framework/Versions/A/CoreData
0x0000000024c80000 	/System/Library/PrivateFrameworks/RemoteViewServices.framework/Versions/A/RemoteViewServices
0x0000000024c80000 	/System/Library/PrivateFrameworks/UIFoundation.framework/Versions/A/UIFoundation
0x0000000024c80000 	/System/Library/PrivateFrameworks/DFRFoundation.framework/Versions/A/DFRFoundation
0x0000000024c80000 	/usr/lib/libenergytrace.dylib
0x0000000024c80000 	/System/Library/PrivateFrameworks/SkyLight.framework/Versions/A/SkyLight
0x0000000024c80000 	/System/Library/Frameworks/CoreGraphics.framework/Versions/A/CoreGraphics
0x0000000024c80000 	/usr/lib/libScreenReader.dylib
0x0000000024c80000 	/System/Library/Frameworks/Accelerate.framework/Versions/A/Accelerate
0x0000000024c80000 	/System/Library/Frameworks/IOSurface.framework/Versions/A/IOSurface
0x0000000024c80000 	/System/Library/Frameworks/AudioToolbox.framework/Versions/A/AudioToolbox
0x0000000024c80000 	/System/Library/Frameworks/AudioUnit.framework/Versions/A/AudioUnit
0x0000000024c80000 	/System/Library/PrivateFrameworks/DataDetectorsCore.framework/Versions/A/DataDetectorsCore
0x0000000024c80000 	/System/Library/PrivateFrameworks/DesktopServicesPriv.framework/Versions/A/DesktopServicesPriv
0x0000000024c80000 	/System/Library/Frameworks/Carbon.framework/Versions/A/Frameworks/HIToolbox.framework/Versions/A/HIToolbox
0x0000000024c80000 	/usr/lib/libicucore.A.dylib
0x0000000024c80000 	/System/Library/Frameworks/QuartzCore.framework/Versions/A/QuartzCore
0x0000000024c80000 	/System/Library/Frameworks/Carbon.framework/Versions/A/Frameworks/SpeechRecognition.framework/Versions/A/SpeechRecognition
0x0000000024c80000 	/usr/lib/libauto.dylib
0x0000000024c80000 	/usr/lib/libxml2.2.dylib
0x0000000024c80000 	/System/Library/PrivateFrameworks/CoreUI.framework/Versions/A/CoreUI
0x0000000024c80000 	/System/Library/Frameworks/CoreAudio.framework/Versions/A/CoreAudio
0x0000000024c80000 	/System/Library/Frameworks/DiskArbitration.framework/Versions/A/DiskArbitration
0x0000000024c80000 	/usr/lib/liblangid.dylib
0x0000000024c80000 	/System/Library/PrivateFrameworks/MultitouchSupport.framework/Versions/A/MultitouchSupport
0x0000000024c80000 	/System/Library/Frameworks/IOKit.framework/Versions/A/IOKit
0x0000000024c80000 	/usr/lib/libDiagnosticMessagesClient.dylib
0x0000000024c80000 	/System/Library/Frameworks/CoreServices.framework/Versions/A/CoreServices
0x0000000024c80000 	/System/Library/PrivateFrameworks/PerformanceAnalysis.framework/Versions/A/PerformanceAnalysis
0x0000000024c80000 	/System/Library/PrivateFrameworks/GenerationalStorage.framework/Versions/A/GenerationalStorage
0x0000000024c80000 	/System/Library/Frameworks/OpenGL.framework/Versions/A/OpenGL
0x0000000024c80000 	/System/Library/Frameworks/CoreImage.framework/Versions/A/CoreImage
0x0000000024c80000 	/System/Library/Frameworks/CoreText.framework/Versions/A/CoreText
0x0000000024c80000 	/System/Library/Frameworks/ImageIO.framework/Versions/A/ImageIO
0x0000000024c80000 	/System/Library/PrivateFrameworks/Backup.framework/Versions/A/Backup
0x0000000024c80000 	/usr/lib/libarchive.2.dylib
0x0000000024c80000 	/System/Library/Frameworks/CFNetwork.framework/Versions/A/CFNetwork
0x0000000024c80000 	/System/Library/Frameworks/SystemConfiguration.framework/Versions/A/SystemConfiguration
0x0000000024c80000 	/usr/lib/libCRFSuite.dylib
0x0000000024c80000 	/usr/lib/libc++.1.dylib
0x0000000024c80000 	/usr/lib/libc++abi.dylib
0x0000000024c80000 	/usr/lib/system/libcache.dylib
0x0000000024c80000 	/usr/lib/system/libcommonCrypto.dylib
0x0000000024c80000 	/usr/lib/system/libcompiler_rt.dylib
0x0000000024c80000 	/usr/lib/system/libcopyfile.dylib
0x0000000024c80000 	/usr/lib/system/libcorecrypto.dylib
0x0000000024c80000 	/usr/lib/system/libdispatch.dylib
0x0000000024c80000 	/usr/lib/system/libdyld.dylib
0x0000000024c80000 	/usr/lib/system/libkeymgr.dylib
0x0000000024c80000 	/usr/lib/system/liblaunch.dylib
0x0000000024c80000 	/usr/lib/system/libmacho.dylib
0x0000000024c80000 	/usr/lib/system/libquarantine.dylib
0x0000000024c80000 	/usr/lib/system/libremovefile.dylib
0x0000000024c80000 	/usr/lib/system/libsystem_asl.dylib
0x0000000024c80000 	/usr/lib/system/libsystem_blocks.dylib
0x0000000024c80000 	/usr/lib/system/libsystem_c.dylib
0x0000000024c80000 	/usr/lib/system/libsystem_configuration.dylib
0x0000000024c80000 	/usr/lib/system/libsystem_coreservices.dylib
0x0000000024c80000 	/usr/lib/system/libsystem_coretls.dylib
0x0000000024c80000 	/usr/lib/system/libsystem_dnssd.dylib
0x0000000024c80000 	/usr/lib/system/libsystem_info.dylib
0x0000000024c80000 	/usr/lib/system/libsystem_kernel.dylib
0x0000000024c80000 	/usr/lib/system/libsystem_m.dylib
0x0000000024c80000 	/usr/lib/system/libsystem_malloc.dylib
0x0000000024c80000 	/usr/lib/system/libsystem_network.dylib
0x0000000024c80000 	/usr/lib/system/libsystem_networkextension.dylib
0x0000000024c80000 	/usr/lib/system/libsystem_notify.dylib
0x0000000024c80000 	/usr/lib/system/libsystem_platform.dylib
0x0000000024c80000 	/usr/lib/system/libsystem_pthread.dylib
0x0000000024c80000 	/usr/lib/system/libsystem_sandbox.dylib
0x0000000024c80000 	/usr/lib/system/libsystem_secinit.dylib
0x0000000024c80000 	/usr/lib/system/libsystem_symptoms.dylib
0x0000000024c80000 	/usr/lib/system/libsystem_trace.dylib
0x0000000024c80000 	/usr/lib/system/libunwind.dylib
0x0000000024c80000 	/usr/lib/system/libxpc.dylib
0x0000000024c80000 	/usr/lib/libbsm.0.dylib
0x0000000024c80000 	/usr/lib/system/libkxld.dylib
0x0000000024c80000 	/usr/lib/libcoretls.dylib
0x0000000024c80000 	/usr/lib/libcoretls_cfhelpers.dylib
0x0000000024c80000 	/usr/lib/libOpenScriptingUtil.dylib
0x0000000024c80000 	/usr/lib/libpam.2.dylib
0x0000000024c80000 	/usr/lib/libsqlite3.dylib
0x0000000024c80000 	/usr/lib/libxar.1.dylib
0x0000000024c80000 	/usr/lib/libbz2.1.0.dylib
0x0000000024c80000 	/usr/lib/liblzma.5.dylib
0x0000000024c80000 	/usr/lib/libnetwork.dylib
0x0000000024c80000 	/usr/lib/libpcap.A.dylib
0x0000000024c80000 	/System/Library/Frameworks/CoreServices.framework/Versions/A/Frameworks/FSEvents.framework/Versions/A/FSEvents
0x0000000024c80000 	/System/Library/Frameworks/CoreServices.framework/Versions/A/Frameworks/CarbonCore.framework/Versions/A/CarbonCore
0x0000000024c80000 	/System/Library/Frameworks/CoreServices.framework/Versions/A/Frameworks/Metadata.framework/Versions/A/Metadata
0x0000000024c80000 	/System/Library/Frameworks/CoreServices.framework/Versions/A/Frameworks/OSServices.framework/Versions/A/OSServices
0x0000000024c80000 	/System/Library/Frameworks/CoreServices.framework/Versions/A/Frameworks/SearchKit.framework/Versions/A/SearchKit
0x0000000024c80000 	/System/Library/Frameworks/CoreServices.framework/Versions/A/Frameworks/AE.framework/Versions/A/AE
0x0000000024c80000 	/System/Library/Frameworks/CoreServices.framework/Versions/A/Frameworks/LaunchServices.framework/Versions/A/LaunchServices
0x0000000024c80000 	/System/Library/Frameworks/CoreServices.framework/Versions/A/Frameworks/DictionaryServices.framework/Versions/A/DictionaryServices
0x0000000024c80000 	/System/Library/Frameworks/CoreServices.framework/Versions/A/Frameworks/SharedFileList.framework/Versions/A/SharedFileList
0x0000000024c80000 	/System/Library/Frameworks/NetFS.framework/Versions/A/NetFS
0x0000000024c80000 	/System/Library/PrivateFrameworks/NetAuth.framework/Versions/A/NetAuth
0x0000000024c80000 	/System/Library/PrivateFrameworks/login.framework/Versions/A/Frameworks/loginsupport.framework/Versions/A/loginsupport
0x0000000024c80000 	/System/Library/PrivateFrameworks/TCC.framework/Versions/A/TCC
0x0000000024c80000 	/usr/lib/libmecabra.dylib
0x0000000024c80000 	/System/Library/Frameworks/ApplicationServices.framework/Versions/A/Frameworks/ATS.framework/Versions/A/ATS
0x0000000024c80000 	/System/Library/Frameworks/ApplicationServices.framework/Versions/A/Frameworks/ColorSync.framework/Versions/A/ColorSync
0x0000000024c80000 	/System/Library/Frameworks/ApplicationServices.framework/Versions/A/Frameworks/HIServices.framework/Versions/A/HIServices
0x0000000024c80000 	/System/Library/Frameworks/ApplicationServices.framework/Versions/A/Frameworks/LangAnalysis.framework/Versions/A/LangAnalysis
0x0000000024c80000 	/System/Library/Frameworks/ApplicationServices.framework/Versions/A/Frameworks/PrintCore.framework/Versions/A/PrintCore
0x0000000024c80000 	/System/Library/Frameworks/ApplicationServices.framework/Versions/A/Frameworks/QD.framework/Versions/A/QD
0x0000000024c80000 	/System/Library/Frameworks/ApplicationServices.framework/Versions/A/Frameworks/SpeechSynthesis.framework/Versions/A/SpeechSynthesis
0x0000000024c80000 	/System/Library/Frameworks/Accelerate.framework/Versions/A/Frameworks/vImage.framework/Versions/A/vImage
0x0000000024c80000 	/System/Library/Frameworks/Accelerate.framework/Versions/A/Frameworks/vecLib.framework/Versions/A/vecLib
0x0000000024c80000 	/System/Library/Frameworks/Accelerate.framework/Versions/A/Frameworks/vecLib.framework/Versions/A/libvDSP.dylib
0x0000000024c80000 	/System/Library/Frameworks/Accelerate.framework/Versions/A/Frameworks/vecLib.framework/Versions/A/libBNNS.dylib
0x0000000024c80000 	/System/Library/Frameworks/Accelerate.framework/Versions/A/Frameworks/vecLib.framework/Versions/A/libQuadrature.dylib
0x0000000024c80000 	/System/Library/Frameworks/Accelerate.framework/Versions/A/Frameworks/vecLib.framework/Versions/A/libvMisc.dylib
0x0000000024c80000 	/System/Library/Frameworks/Accelerate.framework/Versions/A/Frameworks/vecLib.framework/Versions/A/libLAPACK.dylib
0x0000000024c80000 	/System/Library/Frameworks/Accelerate.framework/Versions/A/Frameworks/vecLib.framework/Versions/A/libBLAS.dylib
0x0000000024c80000 	/System/Library/Frameworks/Accelerate.framework/Versions/A/Frameworks/vecLib.framework/Versions/A/libLinearAlgebra.dylib
0x0000000024c80000 	/System/Library/Frameworks/Accelerate.framework/Versions/A/Frameworks/vecLib.framework/Versions/A/libSparseBLAS.dylib
0x0000000024c80000 	/System/Library/Frameworks/ApplicationServices.framework/Versions/A/Frameworks/ATS.framework/Versions/A/Resources/libFontParser.dylib
0x0000000024c80000 	/System/Library/Frameworks/ApplicationServices.framework/Versions/A/Frameworks/ATS.framework/Versions/A/Resources/libFontRegistry.dylib
0x0000000024c80000 	/System/Library/Frameworks/ImageIO.framework/Versions/A/Resources/libJPEG.dylib
0x0000000024c80000 	/System/Library/Frameworks/ImageIO.framework/Versions/A/Resources/libTIFF.dylib
0x0000000024c80000 	/System/Library/Frameworks/ImageIO.framework/Versions/A/Resources/libPng.dylib
0x0000000024c80000 	/System/Library/Frameworks/ImageIO.framework/Versions/A/Resources/libGIF.dylib
0x0000000024c80000 	/System/Library/Frameworks/ImageIO.framework/Versions/A/Resources/libJP2.dylib
0x0000000024c80000 	/System/Library/Frameworks/ImageIO.framework/Versions/A/Resources/libRadiance.dylib
0x0000000024c80000 	/usr/lib/libcompression.dylib
0x0000000024c80000 	/System/Library/PrivateFrameworks/AppleJPEG.framework/Versions/A/AppleJPEG
0x0000000024c80000 	/usr/lib/libcups.2.dylib
0x0000000024c80000 	/System/Library/Frameworks/Kerberos.framework/Versions/A/Kerberos
0x0000000024c80000 	/System/Library/Frameworks/GSS.framework/Versions/A/GSS
0x0000000024c80000 	/usr/lib/libresolv.9.dylib
0x0000000024c80000 	/usr/lib/libiconv.2.dylib
0x0000000024c80000 	/System/Library/PrivateFrameworks/Heimdal.framework/Versions/A/Heimdal
0x0000000024c80000 	/usr/lib/libheimdal-asn1.dylib
0x0000000024c80000 	/System/Library/Frameworks/OpenDirectory.framework/Versions/A/OpenDirectory
0x0000000024c80000 	/System/Library/PrivateFrameworks/CommonAuth.framework/Versions/A/CommonAuth
0x0000000024c80000 	/System/Library/Frameworks/OpenDirectory.framework/Versions/A/Frameworks/CFOpenDirectory.framework/Versions/A/CFOpenDirectory
0x0000000024c80000 	/System/Library/Frameworks/SecurityFoundation.framework/Versions/A/SecurityFoundation
0x0000000024c80000 	/System/Library/PrivateFrameworks/LanguageModeling.framework/Versions/A/LanguageModeling
0x0000000024c80000 	/usr/lib/libmarisa.dylib
0x0000000024c80000 	/usr/lib/libChineseTokenizer.dylib
0x0000000024c80000 	/usr/lib/libcmph.dylib
0x0000000024c80000 	/System/Library/PrivateFrameworks/CoreEmoji.framework/Versions/A/CoreEmoji
0x0000000024c80000 	/System/Library/Frameworks/ServiceManagement.framework/Versions/A/ServiceManagement
0x0000000024c80000 	/usr/lib/libxslt.1.dylib
0x0000000024c80000 	/System/Library/Frameworks/Carbon.framework/Versions/A/Frameworks/Ink.framework/Versions/A/Ink
0x0000000024c80000 	/System/Library/PrivateFrameworks/TextureIO.framework/Versions/A/TextureIO
0x0000000024c80000 	/System/Library/Frameworks/Metal.framework/Versions/A/Metal
0x0000000024c80000 	/usr/lib/libate.dylib
0x0000000024c80000 	/System/Library/PrivateFrameworks/GPUCompiler.framework/libmetal_timestamp.dylib
0x0000000024c80000 	/System/Library/Frameworks/OpenGL.framework/Versions/A/Libraries/libCoreFSCache.dylib
0x0000000024c80000 	/System/Library/PrivateFrameworks/IOAccelerator.framework/Versions/A/IOAccelerator
0x0000000024c80000 	/System/Library/Frameworks/CoreVideo.framework/Versions/A/CoreVideo
0x0000000024c80000 	/usr/lib/libFosl_dynamic.dylib
0x0000000024c80000 	/System/Library/PrivateFrameworks/MetalPerformanceShaders.framework/Versions/A/MetalPerformanceShaders
0x0000000024c80000 	/System/Library/PrivateFrameworks/FaceCore.framework/Versions/A/FaceCore
0x0000000024c80000 	/System/Library/Frameworks/OpenCL.framework/Versions/A/OpenCL
0x0000000024c80000 	/System/Library/Frameworks/OpenGL.framework/Versions/A/Libraries/libGLU.dylib
0x0000000024c80000 	/System/Library/Frameworks/OpenGL.framework/Versions/A/Libraries/libGFXShared.dylib
0x0000000024c80000 	/System/Library/Frameworks/OpenGL.framework/Versions/A/Libraries/libGL.dylib
0x0000000024c80000 	/System/Library/Frameworks/OpenGL.framework/Versions/A/Libraries/libGLImage.dylib
0x0000000024c80000 	/System/Library/Frameworks/OpenGL.framework/Versions/A/Libraries/libCVMSPluginSupport.dylib
0x0000000024c80000 	/System/Library/Frameworks/OpenGL.framework/Versions/A/Libraries/libCoreVMClient.dylib
0x0000000024c80000 	/System/Library/PrivateFrameworks/CrashReporterSupport.framework/Versions/A/CrashReporterSupport
0x0000000024c80000 	/System/Library/PrivateFrameworks/Sharing.framework/Versions/A/Sharing
0x0000000024c80000 	/System/Library/PrivateFrameworks/IconServices.framework/Versions/A/IconServices
0x0000000024c80000 	/System/Library/PrivateFrameworks/ProtocolBuffer.framework/Versions/A/ProtocolBuffer
0x0000000024c80000 	/System/Library/PrivateFrameworks/Apple80211.framework/Versions/A/Apple80211
0x0000000024c80000 	/System/Library/Frameworks/CoreWLAN.framework/Versions/A/CoreWLAN
0x0000000024c80000 	/System/Library/PrivateFrameworks/CoreUtils.framework/Versions/A/CoreUtils
0x0000000024c80000 	/System/Library/Frameworks/IOBluetooth.framework/Versions/A/IOBluetooth
0x0000000024c80000 	/System/Library/PrivateFrameworks/CoreWiFi.framework/Versions/A/CoreWiFi
0x0000000024c80000 	/System/Library/Frameworks/CoreBluetooth.framework/Versions/A/CoreBluetooth
0x0000000024c80000 	/System/Library/Frameworks/CoreDisplay.framework/Versions/A/CoreDisplay
0x0000000024c80000 	/System/Library/PrivateFrameworks/IOPresentment.framework/Versions/A/IOPresentment
0x0000000024c80000 	/System/Library/PrivateFrameworks/DSExternalDisplay.framework/Versions/A/DSExternalDisplay
0x0000000024c80000 	/System/Library/PrivateFrameworks/DebugSymbols.framework/Versions/A/DebugSymbols
0x0000000024c80000 	/System/Library/PrivateFrameworks/CoreSymbolication.framework/Versions/A/CoreSymbolication
0x0000000024c80000 	/System/Library/PrivateFrameworks/Symbolication.framework/Versions/A/Symbolication
0x0000000024c80000 	/System/Library/PrivateFrameworks/AppleFSCompression.framework/Versions/A/AppleFSCompression
0x0000000024c80000 	/System/Library/PrivateFrameworks/SpeechRecognitionCore.framework/Versions/A/SpeechRecognitionCore
0x0000000024c80000 	/System/Library/PrivateFrameworks/ChunkingLibrary.framework/Versions/A/ChunkingLibrary
0x0000000109c00000 	/Library/Java/JavaVirtualMachines/jdk1.8.0_131.jdk/Contents/Home/jre/lib/server/libjvm.dylib
0x0000000024c80000 	/usr/lib/libstdc++.6.dylib
0x00000001093ba000 	/Library/Java/JavaVirtualMachines/jdk1.8.0_131.jdk/Contents/Home/jre/lib/libverify.dylib
0x00000001093c8000 	/Library/Java/JavaVirtualMachines/jdk1.8.0_131.jdk/Contents/Home/jre/lib/libjava.dylib
0x000000010abab000 	/Library/Java/JavaVirtualMachines/jdk1.8.0_131.jdk/Contents/Home/jre/lib/libzip.dylib
0x0000000111517000 	/System/Library/Frameworks/JavaVM.framework/Frameworks/JavaRuntimeSupport.framework/JavaRuntimeSupport
0x0000000111531000 	/System/Library/Frameworks/JavaVM.framework/Versions/A/Frameworks/JavaNativeFoundation.framework/Versions/A/JavaNativeFoundation
0x0000000111546000 	/System/Library/Frameworks/JavaVM.framework/Versions/A/JavaVM
0x0000000024c80000 	/System/Library/Frameworks/Carbon.framework/Versions/A/Carbon
0x0000000111553000 	/System/Library/PrivateFrameworks/JavaLaunching.framework/Versions/A/JavaLaunching
0x0000000024c80000 	/System/Library/Frameworks/Carbon.framework/Versions/A/Frameworks/CommonPanels.framework/Versions/A/CommonPanels
0x0000000024c80000 	/System/Library/Frameworks/Carbon.framework/Versions/A/Frameworks/Help.framework/Versions/A/Help
0x0000000024c80000 	/System/Library/Frameworks/Carbon.framework/Versions/A/Frameworks/ImageCapture.framework/Versions/A/ImageCapture
0x0000000024c80000 	/System/Library/Frameworks/Carbon.framework/Versions/A/Frameworks/OpenScripting.framework/Versions/A/OpenScripting
0x0000000024c80000 	/System/Library/Frameworks/Carbon.framework/Versions/A/Frameworks/Print.framework/Versions/A/Print
0x0000000024c80000 	/System/Library/Frameworks/Carbon.framework/Versions/A/Frameworks/SecurityHI.framework/Versions/A/SecurityHI
0x0000000112e66000 	/Library/Java/JavaVirtualMachines/jdk1.8.0_131.jdk/Contents/Home/jre/lib/libnio.dylib
0x0000000112e76000 	/Library/Java/JavaVirtualMachines/jdk1.8.0_131.jdk/Contents/Home/jre/lib/./libnet.dylib
0x0000000112f72000 	/Library/Java/JavaVirtualMachines/jdk1.8.0_131.jdk/Contents/Home/jre/lib/libawt.dylib
0x000000011301a000 	/Library/Java/JavaVirtualMachines/jdk1.8.0_131.jdk/Contents/Home/jre/lib/./libmlib_image.dylib
0x00000001130e6000 	/Library/Java/JavaVirtualMachines/jdk1.8.0_131.jdk/Contents/Home/jre/lib/libawt_lwawt.dylib
0x000000011319d000 	/Library/Java/JavaVirtualMachines/jdk1.8.0_131.jdk/Contents/Home/jre/lib/./libosxapp.dylib
0x0000000024c80000 	/System/Library/Frameworks/ExceptionHandling.framework/Versions/A/ExceptionHandling
0x0000000024c80000 	/System/Library/PrivateFrameworks/CoreServicesInternal.framework/Versions/A/CoreServicesInternal
0x0000000024c80000 	/System/Library/CoreServices/RawCamera.bundle/Contents/MacOS/RawCamera
0x000000011373a000 	/System/Library/Frameworks/Accelerate.framework/Frameworks/vImage.framework/Versions/A/Libraries/libCGInterfaces.dylib
0x0000000024c80000 	/System/Library/Frameworks/ApplicationServices.framework/Versions/A/Frameworks/ATS.framework/Versions/A/Resources/libTrueTypeScaler.dylib
0x0000000127062000 	/System/Library/Frameworks/OpenGL.framework/Resources/GLEngine.bundle/GLEngine
0x0000000024c80000 	/System/Library/Frameworks/OpenGL.framework/Versions/A/Libraries/libGLProgrammability.dylib
0x0000000127247000 	/System/Library/Extensions/AppleIntelBDWGraphicsGLDriver.bundle/Contents/MacOS/AppleIntelBDWGraphicsGLDriver
0x0000000024c80000 	/System/Library/PrivateFrameworks/GPUSupport.framework/Versions/A/Libraries/libGPUSupportMercury.dylib
0x00000001279b1000 	/System/Library/Frameworks/OpenGL.framework/Resources//GLRendererFloat.bundle/GLRendererFloat
0x0000000024c80000 	/System/Library/Frameworks/OpenCL.framework/Versions/A/Libraries/libcldcpuengine.dylib
0x0000000024c80000 	/usr/lib/libcrypto.0.9.8.dylib
0x0000000024c80000 	/System/Library/PrivateFrameworks/TrustEvaluationAgent.framework/Versions/A/TrustEvaluationAgent
0x00000001279e5000 	/System/Library/Extensions/AppleIntelBDWGraphicsMTLDriver.bundle/Contents/MacOS/AppleIntelBDWGraphicsMTLDriver
0x0000000024c80000 	/System/Library/PrivateFrameworks/FamilyControls.framework/Versions/A/FamilyControls
0x0000000024c80000 	/System/Library/PrivateFrameworks/CommerceKit.framework/Versions/A/Frameworks/CommerceCore.framework/Versions/A/CommerceCore
0x0000000024c80000 	/System/Library/PrivateFrameworks/SystemAdministration.framework/Versions/A/SystemAdministration
0x0000000024c80000 	/System/Library/PrivateFrameworks/AppContainer.framework/Versions/A/AppContainer
0x0000000024c80000 	/System/Library/PrivateFrameworks/SecCodeWrapper.framework/Versions/A/SecCodeWrapper
0x0000000024c80000 	/System/Library/Frameworks/DirectoryService.framework/Versions/A/DirectoryService
0x0000000024c80000 	/System/Library/PrivateFrameworks/DiskImages.framework/Versions/A/DiskImages
0x0000000024c80000 	/System/Library/PrivateFrameworks/LoginUIKit.framework/Versions/A/Frameworks/LoginUICore.framework/Versions/A/LoginUICore
0x0000000024c80000 	/usr/lib/libCoreStorage.dylib
0x0000000024c80000 	/usr/lib/libcsfde.dylib
0x0000000024c80000 	/usr/lib/libodfde.dylib
0x0000000024c80000 	/System/Library/Frameworks/DiscRecording.framework/Versions/A/DiscRecording
0x0000000024c80000 	/usr/lib/libcurl.4.dylib
0x0000000024c80000 	/System/Library/PrivateFrameworks/MediaKit.framework/Versions/A/MediaKit
0x0000000024c80000 	/System/Library/PrivateFrameworks/ProtectedCloudStorage.framework/Versions/A/ProtectedCloudStorage
0x0000000024c80000 	/System/Library/PrivateFrameworks/EFILogin.framework/Versions/A/EFILogin
0x0000000024c80000 	/usr/lib/libutil.dylib
0x0000000024c80000 	/System/Library/Frameworks/LDAP.framework/Versions/A/LDAP
0x0000000024c80000 	/usr/lib/libsasl2.2.dylib
0x0000000024c80000 	/System/Library/PrivateFrameworks/CoreDaemon.framework/Versions/B/CoreDaemon
0x0000000024c80000 	/System/Library/PrivateFrameworks/AppleSRP.framework/Versions/A/AppleSRP
0x0000000024c80000 	/System/Library/PrivateFrameworks/APFS.framework/Versions/A/APFS
0x0000000024c80000 	/System/Library/PrivateFrameworks/ViewBridge.framework/Versions/A/ViewBridge
0x0000000024c80000 	/System/Library/PrivateFrameworks/XPCService.framework/Versions/A/XPCService
0x0000000024c80000 	/System/Library/PrivateFrameworks/AppSandbox.framework/Versions/A/AppSandbox
0x0000000024c80000 	/usr/lib/libsandbox.1.dylib
0x0000000024c80000 	/usr/lib/libMatch.1.dylib
0x0000000129ad5000 	/Library/Java/JavaVirtualMachines/jdk1.8.0_131.jdk/Contents/Home/jre/lib/libsplashscreen.dylib
0x0000000129b2e000 	/Library/Java/JavaVirtualMachines/jdk1.8.0_131.jdk/Contents/Home/jre/lib/libfontmanager.dylib
0x0000000127ba0000 	/Library/Java/JavaVirtualMachines/jdk1.8.0_131.jdk/Contents/Home/jre/lib/libosxui.dylib
0x000000012ca35000 	/Applications/NetBeans/Apache NetBeans 11.1.app/Contents/Resources/NetBeans/platform/modules/lib/libjnidispatch-440.jnilib
0x000000012d6eb000 	/Library/Java/JavaVirtualMachines/jdk1.8.0_131.jdk/Contents/Home/jre/lib/libmanagement.dylib
0x000000012ba6c000 	/Library/Java/JavaVirtualMachines/jdk1.8.0_131.jdk/Contents/Home/jre/lib/libdcpr.dylib
0x000000012c660000 	/Library/Java/JavaVirtualMachines/jdk1.8.0_131.jdk/Contents/Home/jre/lib/libjpeg.dylib
0x0000000024c80000 	/System/Library/PrivateFrameworks/CloudDocs.framework/Versions/A/CloudDocs
0x0000000024c80000 	/System/Library/Frameworks/CloudKit.framework/Versions/A/CloudKit
0x0000000024c80000 	/System/Library/PrivateFrameworks/MMCS.framework/Versions/A/MMCS
0x0000000024c80000 	/System/Library/Frameworks/CoreLocation.framework/Versions/A/CoreLocation
0x0000000024c80000 	/System/Library/PrivateFrameworks/AssetCacheServices.framework/Versions/A/AssetCacheServices
0x0000000024c80000 	/System/Library/PrivateFrameworks/GeoServices.framework/Versions/A/GeoServices

VM Arguments:
jvm_args: -Djdk.home=/Library/Java/JavaVirtualMachines/jdk1.8.0_131.jdk/Contents/Home -Dnetbeans.default_userdir_root=/Users/dthurston/Library/Application Support/NetBeans -Dnetbeans.dirs=/Applications/NetBeans/Apache NetBeans 11.1.app/Contents/Resources/NetBeans/nb:/Applications/NetBeans/Apache NetBeans 11.1.app/Contents/Resources/NetBeans/ergonomics:/Applications/NetBeans/Apache NetBeans 11.1.app/Contents/Resources/NetBeans/ide:/Applications/NetBeans/Apache NetBeans 11.1.app/Contents/Resources/NetBeans/extide:/Applications/NetBeans/Apache NetBeans 11.1.app/Contents/Resources/NetBeans/java:/Applications/NetBeans/Apache NetBeans 11.1.app/Contents/Resources/NetBeans/apisupport:/Applications/NetBeans/Apache NetBeans 11.1.app/Contents/Resources/NetBeans/webcommon:/Applications/NetBeans/Apache NetBeans 11.1.app/Contents/Resources/NetBeans/websvccommon:/Applications/NetBeans/Apache NetBeans 11.1.app/Contents/Resources/NetBeans/enterprise:/Applications/NetBeans/Apache NetBeans 11.1.app/Contents/Resources/NetBeans/mobility:/Applications/NetBeans/Apache NetBeans 11.1.app/Contents/Resources/NetBeans/profiler:/Applications/NetBeans/Apache NetBeans 11.1.app/Contents/Resources/NetBeans/python:/Applications/NetBeans/Apache NetBeans 11.1.app/Contents/Resources/NetBeans/php:/Applications/NetBeans/Apache NetBeans 11.1.app/Contents/Resources/NetBeans/identity:/Applications/NetBeans/Apache NetBeans 11.1.app/Contents/Resources/NetBeans/harness:/Applications/NetBeans/Apache NetBeans 11.1.app/Contents/Resources/NetBeans/cnd:/Applications/NetBeans/Apache NetBeans 11.1.app/Contents/Resources/NetBeans/cndext:/Applications/NetBeans/Apache NetBeans 11.1.app/Contents/Resources/NetBeans/dlight:/Applications/NetBeans/Apache NetBeans 11.1.app/Contents/Resources/NetBeans/groovy:/Applications/NetBeans/Apache NetBeans 11.1.app/Contents/Resources/NetBeans/extra:/Applications/NetBeans/Apache NetBeans 11.1.app/Contents/Resources/NetBeans/javacard:/Applications/NetBeans/Apache NetBeans 11.1.app/Contents/Resources/NetBeans/javafx: -Dnetbeans.home=/Applications/NetBeans/Apache NetBeans 11.1.app/Contents/Resources/NetBeans/platform -Dnetbeans.importclass=org.netbeans.upgrade.AutoUpgrade -XX:+UseStringDeduplication -Xss2m -Djdk.gtk.version=2.2 -Dapple.laf.useScreenMenuBar=true -Dapple.awt.graphics.UseQuartz=true -Dsun.java2d.noddraw=true -Dsun.java2d.dpiaware=true -Dsun.zip.disableMemoryMapping=true -Dplugin.manager.check.updates=false -Dnetbeans.extbrowser.manual_chrome_plugin_install=yes --add-opens=java.base/java.net=ALL-UNNAMED --add-opens=java.base/java.lang.ref=ALL-UNNAMED --add-opens=java.base/java.lang=ALL-UNNAMED --add-opens=java.base/java.security=ALL-UNNAMED --add-opens=java.base/java.util=ALL-UNNAMED --add-opens=java.desktop/javax.swing.plaf.basic=ALL-UNNAMED --add-opens=java.desktop/javax.swing.text=ALL-UNNAMED --add-opens=java.desktop/javax.swing=ALL-UNNAMED --add-opens=java.desktop/java.awt=ALL-UNNAMED --add-opens=java.desktop/java.awt.event=ALL-UNNAMED --add-opens=java.prefs/java.util.prefs=ALL-UNNAMED --add-opens=jdk.jshell/jdk.jshell=ALL-UNNAMED --add-modules=jdk.jshell --add-exports=java.desktop/sun.awt=ALL-UNNAMED --add-exports=java.desktop/java.awt.peer=ALL-UNNAMED --add-exports=java.desktop/com.sun.beans.editors=ALL-UNNAMED --add-exports=java.desktop/sun.swing=ALL-UNNAMED --add-exports=java.desktop/sun.awt.im=ALL-UNNAMED --add-exports=jdk.internal.jvmstat/sun.jvmstat.monitor=ALL-UNNAMED --add-exports=java.management/sun.management=ALL-UNNAMED --add-exports=java.base/sun.reflect.annotation=ALL-UNNAMED --add-exports=jdk.javadoc/com.sun.tools.javadoc.main=ALL-UNNAMED -XX:+IgnoreUnrecognizedVMOptions -XX:+HeapDumpOnOutOfMemoryError -XX:HeapDumpPath=/Users/dthurston/Library/Application Support/NetBeans/11.1/var/log/heapdump.hprof 
java_command: org.netbeans.Main --cachedir /Users/dthurston/Library/Caches/NetBeans/11.1 --userdir /Users/dthurston/Library/Application Support/NetBeans/11.1 --branding nb
java_class_path (initial): /Applications/NetBeans/Apache NetBeans 11.1.app/Contents/Resources/NetBeans/platform/lib/boot.jar:/Applications/NetBeans/Apache NetBeans 11.1.app/Contents/Resources/NetBeans/platform/lib/org-openide-modules.jar:/Applications/NetBeans/Apache NetBeans 11.1.app/Contents/Resources/NetBeans/platform/lib/org-openide-util-lookup.jar:/Applications/NetBeans/Apache NetBeans 11.1.app/Contents/Resources/NetBeans/platform/lib/org-openide-util-ui.jar:/Applications/NetBeans/Apache NetBeans 11.1.app/Contents/Resources/NetBeans/platform/lib/org-openide-util.jar:/Library/Java/JavaVirtualMachines/jdk1.8.0_131.jdk/Contents/Home/lib/dt.jar:/Library/Java/JavaVirtualMachines/jdk1.8.0_131.jdk/Contents/Home/lib/tools.jar
Launcher Type: SUN_STANDARD

Environment Variables:
PATH=/Library/Frameworks/Python.framework/Versions/3.6/bin:/Users/dthurston/.rbenv/shims:/Library/Frameworks/Python.framework/Versions/2.7/bin:/usr/local/bin:/usr/bin:/bin:/usr/sbin:/sbin:/Library/Frameworks/Mono.framework/Versions/Current/Commands:/Applications/Wireshark.app/Contents/MacOS:/Users/dthurston/Projects
SHELL=/bin/bash

Signal Handlers:
SIGSEGV: [libjvm.dylib+0x5b1eb1], sa_mask[0]=11111111011111110111111111111111, sa_flags=SA_ONSTACK|SA_RESTART|SA_SIGINFO
SIGBUS: [libjvm.dylib+0x5b1eb1], sa_mask[0]=11111111011111110111111111111111, sa_flags=SA_RESTART|SA_SIGINFO
SIGFPE: [libjvm.dylib+0x488988], sa_mask[0]=11111111011111110111111111111111, sa_flags=SA_RESTART|SA_SIGINFO
SIGPIPE: [libjvm.dylib+0x488988], sa_mask[0]=11111111011111110111111111111111, sa_flags=SA_RESTART|SA_SIGINFO
SIGXFSZ: [libjvm.dylib+0x488988], sa_mask[0]=11111111011111110111111111111111, sa_flags=SA_RESTART|SA_SIGINFO
SIGILL: [libjvm.dylib+0x488988], sa_mask[0]=11111111011111110111111111111111, sa_flags=SA_RESTART|SA_SIGINFO
SIGUSR1: SIG_DFL, sa_mask[0]=11011111011111100000000111000110, sa_flags=none
SIGUSR2: [libjvm.dylib+0x4884a6], sa_mask[0]=00000000000000000000000000000000, sa_flags=SA_RESTART|SA_SIGINFO
SIGHUP: [libjvm.dylib+0x486a7d], sa_mask[0]=11111111011111110111111111111111, sa_flags=SA_RESTART|SA_SIGINFO
SIGINT: SIG_IGN, sa_mask[0]=00000000000000000000000000000000, sa_flags=none
SIGTERM: [libjvm.dylib+0x486a7d], sa_mask[0]=11111111011111110111111111111111, sa_flags=SA_RESTART|SA_SIGINFO
SIGQUIT: [libjvm.dylib+0x486a7d], sa_mask[0]=11111111011111110111111111111111, sa_flags=SA_RESTART|SA_SIGINFO


---------------  S Y S T E M  ---------------

OS:Bsduname:Darwin 16.7.0 Darwin Kernel Version 16.7.0: Sun Jun  2 20:26:31 PDT 2019; root:xnu-3789.73.50~1/RELEASE_X86_64 x86_64
rlimit: STACK 8192k, CORE 0k, NPROC 709, NOFILE 10240, AS infinity
load average:3.31 2.74 2.51

CPU:total 4 (initial active 4) (2 cores per cpu, 2 threads per core) family 6 model 61 stepping 4, cmov, cx8, fxsr, mmx, sse, sse2, sse3, ssse3, sse4.1, sse4.2, popcnt, avx, avx2, aes, clmul, erms, rtm, 3dnowpref, lzcnt, ht, tsc, tscinvbit, bmi1, bmi2, adx

Memory: 4k page, physical 8388608k(18336k free)

/proc/meminfo:


vm_info: Java HotSpot(TM) 64-Bit Server VM (25.131-b11) for bsd-amd64 JRE (1.8.0_131-b11), built on Mar 15 2017 01:32:22 by "java_re" with gcc 4.2.1 (Based on Apple Inc. build 5658) (LLVM build 2336.11.00)

time: Tue Apr 21 14:08:06 2020
elapsed time: 30767 seconds (0d 8h 32m 47s)

